                                                                      Page 1
                                                              C:\Users\nhuliyap\AppData\Local\Temp\gh_00005uc1.s
Command Line: C:\GHS\comp_201517\ease850.exe -w -stderr=err/actBNReduce.err -elf -b0 -I../source/_common -I../source/common -I../source/ecuabcanif -I../source/ecuabcantrcv -I../source/ecuabcryif -I../source/ecuabfee -I../source/ecuabmemif -I../source/libautosar -I../source/mcalcan -I../source/mcalcry -I../source/mcaldio -I../source/mcaleep -I../source/mcalfls -I../source/mcalmcu -I../source/projectara -I../source/projectcfg -I../source/projectcompiler -I../source/swcservicebswm -I../source/swcservicecantp -I../source/swcservicecomm -I../source/swcservicecsm -I../source/swcservicedcm -I../source/swcservicedem -I../source/swcservicedet -I../source/swcserviceecum -I../source/swcservicenvm -I../source/swcserviceos -I../source/swcservicepdur -I../source/swcserviceschm -I../source/swcservicestartup -I../source/wrappers/swcservicesecm -I../source/wrappers/vsecprim -I../source/wrappers/vstdlib -Ic:/ghs/comp_201517/ansi -Ic:/ghs/comp_201517/include/v800 -Igendata -IC:\GHS\comp_201517\lib\rh850 -cg_underscore -cpu=rh850g3k -nofpu -no_v850_simd -rh850_fpsimd=none -nomacro -patch_dbo=C:\_ECU2\ECU_Rivian_A1\Target\repo_projects\pFOTA\cL_R2023.09.01\make\obj\actBNReduce.dbo -source=actBNReduce.c -o obj\gh_00005uc1.o -list=lst/actBNReduce.lst C:\Users\nhuliyap\AppData\Local\Temp\gh_00005uc1.s 
Original File: C:\Users\nhuliyap\AppData\Local\Temp\gh_00005uc1.s
Source File: actBNReduce.c
Directory: C:\_ECU2\ECU_Rivian_A1\Target\repo_projects\pFOTA\cL_R2023.09.01\make
Host OS: Windows
EASE: Copyright (C) 1983-2015 Green Hills Software.  All Rights Reserved.
Release: Compiler v2015.1.7
Build Directory: [Directory] BTOWORKER6:c:/build_2015_1_bto/2015-10-21.2100-2015_1_bto/win32-comp-ecom
Revision: [VCInfo] http://toolsvc/branches/release-branch-70-bto/src@544153 (built by build)
Revision Date: Thu Oct 22 07:50:13 2015

Release Date: Thu Oct 22 09:32:32 2015

                           1 --Driver Command: ccrh850 -DBRS_DERIVATIVE_701018 -DBRS_OSC_CLK=16
                           2 --		-DBRS_TIMEBASE_CLOCK=80 -DBRS_EVA_BOARD_
                           3 --		-DBRS_DERIVATIVE_GROUP_F1L -DBRS_OS_USECASE_BRS
                           4 --		-DBRS_PLATFORM_RH850 -DBRS_COMP_GHS
                           5 --		-DBRS_CPU_LOCAL_RAM_SIZE_CORE0=32
                           6 --		-DBRS_CPU_RAM_START_CORE0=0xFEDF8000 -list=lst/actBNReduce.lst
                           7 --		-object_dir=obj -stderr=err/actBNReduce.err -c -cpu=rh850
                           8 --		-sda=all -large_sda -prepare_dispose -pragma_asm_inline -no_callt
                           9 --		-inline_prologue -notda -reserve_r2 -fsoft
                          10 --		--unknown_pragma_warnings -list -g -Ogeneral -shortenum
                          11 --		-registermode=32 -I../source/_common -I../source/common
                          12 --		-I../source/ecuabcanif -I../source/ecuabcantrcv
                          13 --		-I../source/ecuabcryif -I../source/ecuabfee
                          14 --		-I../source/ecuabmemif -I../source/libautosar -I../source/mcalcan
                          15 --		-I../source/mcalcry -I../source/mcaldio -I../source/mcaleep
                          16 --		-I../source/mcalfls -I../source/mcalmcu -I../source/projectara
                          17 --		-I../source/projectcfg -I../source/projectcompiler
                          18 --		-I../source/swcservicebswm -I../source/swcservicecantp
                          19 --		-I../source/swcservicecomm -I../source/swcservicecsm
                          20 --		-I../source/swcservicedcm -I../source/swcservicedem
                          21 --		-I../source/swcservicedet -I../source/swcserviceecum
                          22 --		-I../source/swcservicenvm -I../source/swcserviceos
                          23 --		-I../source/swcservicepdur -I../source/swcserviceschm
                          24 --		-I../source/swcservicestartup -I../source/wrappers/swcservicesecm
                          25 --		-I../source/wrappers/vsecprim -I../source/wrappers/vstdlib
                          26 --		-Ic:/ghs/comp_201517/ansi -Ic:/ghs/comp_201517/include/v800
                          27 --		-Igendata ../source/wrappers/vSecPrim/actBNReduce.c
                          28 --Source File:   ../source/wrappers/vSecPrim/actBNReduce.c
                          29 --Directory:     
                          30 --		C:\_ECU2\ECU_Rivian_A1\Target\repo_projects\pFOTA\cL_R2023.09.01\make
                          31 --Compile Date:  Wed Sep 06 13:35:52 2023
                          32 --Host OS:       Win32
                          33 --Version:       C-RH850 2015.1.7 RELEASE VERSION
                          34 --Release:       Compiler v2015.1.7
                          35 --Revision Date: Thu Oct 22 08:06:12 2015
                          36 --Release Date:  Thu Oct 22 09:34:32 2015
                          37 -- ecom  -g -w -OM
                          38 	.section ".MSR_CODE","ax"
                          39 	.align	2
                          40 ..bof.C.3A.5C_ECU2.5CECU_Rivian_A1.5CTarget.5Crepo_projects.5CpFOTA.5CcL_R2023.2E09.2E01.5Cmake.5Cobj.5CactBNReduce...43.3A.5C_ECU2.5CECU_Rivian_A1.5CTarget.5Crepo_projects.5CpFOTA.5CcL_R2023.2E09.2E01.5Cmake..64F86418..0::
                          41 	.align	2
                          42 ..gh.f.f.1.e.0:
                          43 	.type	..gh.f.f.1.e.0,@object
                          44 	.size	..gh.f.f.1.e.0,0
                          45 	.global	_actBNMulDigit..C.3A.5C_ECU2.5CECU_Rivian_A1.5CTarget.5Crepo_projects.5CpFOTA.5CcL_R2023.2E09.2E01.5Cmake.5Cobj.5CactBNReduce.
                          46 _actBNMulDigit..C.3A.5C_ECU2.5CECU_Rivian_A1.5CTarget.5Crepo_projects.5CpFOTA.5CcL_R2023.2E09.2E01.5Cmake.5Cobj.5CactBNReduce.:
                          47 _actBNMulDigit:
                          48 --	    .bf
                          49 .LDW01:
00000000 008a             50 	mov	0,r17

                                                                      Page 2
                                                              C:\Users\nhuliyap\AppData\Local\Temp\gh_00005uc1.s
00000002 1150             51 	mov	r17,r10
00000004 9515*            52 	br	.L7
                          53 .L6:
                          54 --line79
                          55 ..lin.C.3A.5C_ECU2.5CECU_Rivian_A1.5CTarget.5Crepo_projects.5CpFOTA.5CcL_R2023.2E09.2E01.5Cmake.5Cobj.5CactBNReduce.1::
                          56 .LDWlin1:
00000006 0a58             57 	mov	r10,r11
00000008 c25a             58 	shl	2,r11
0000000a 0bf0             59 	mov	r11,ep
0000000c c6f1             60 	add	r6,ep
0000000e 006d             61 	sld.w	0[ep],r13
00000010 0870             62 	mov	r8,r14
00000012 1180             63 	mov	r17,r16
00000014 ed77227a         64 	mulu	r13,r14,r15
00000018 ce81             65 	add	r14,r16
0000001a e07fa28b         66 	adfl	zero,r15,r17
0000001e c959             67 	add	r9,r11
00000020 6b870100         68 	st.w	r16,0[r11]
00000024 4152             69 	add	1,r10
                          70 .L7:
00000026 e751             71 	cmp	r7,r10
00000028 f1ed*            72 	bl	.L6
                          73 --line82
                          74 ..lin.C.3A.5C_ECU2.5CECU_Rivian_A1.5CTarget.5Crepo_projects.5CpFOTA.5CcL_R2023.2E09.2E01.5Cmake.5Cobj.5CactBNReduce.2::
                          75 .LDWlin2:
0000002a 1150             76 	mov	r17,r10
                          77 --	    .ef
                          78 .LDW11:
0000002c 7f00             79 	jmp	[lp]
                          80 	.type	_actBNMulDigit,@function
                          81 	.size	_actBNMulDigit,.-_actBNMulDigit
                          82 	.type	_actBNMulDigit..C.3A.5C_ECU2.5CECU_Rivian_A1.5CTarget.5Crepo_projects.5CpFOTA.5CcL_R2023.2E09.2E01.5Cmake.5Cobj.5CactBNReduce.,@function
                          83 	.size	_actBNMulDigit..C.3A.5C_ECU2.5CECU_Rivian_A1.5CTarget.5Crepo_projects.5CpFOTA.5CcL_R2023.2E09.2E01.5Cmake.5Cobj.5CactBNReduce.,.-_actBNMulDigit..C.3A.5C_ECU2.5CECU_Rivian_A1.5CTarget.5Crepo_projects.5CpFOTA.5CcL_R2023.2E09.2E01.5Cmake.5Cobj.5CactBNReduce.
                          84 	.align	2
                          85 .LDW21:
                          86 --_i	r10	local
                          87 --_tmp	r16	local
                          88 
                          89 --_a	r6	param
                          90 --_a_length	r7	param
                          91 --_b	r8	param
                          92 --_c	r9	param
                          93 
                          94 	.section ".bss","awb"
                          95 .L48:
                          96 	.type	.L48,@object
                          97 	.size	.L48,0
                          98 	.data
                          99 	.section ".MSR_CODE","ax"
                         100 	.align	2
                         101 	.align	2
                         102 ..gh.f.f.1.e.1:
                         103 	.type	..gh.f.f.1.e.1,@object
                         104 	.size	..gh.f.f.1.e.1,0
                         105 	.global	_actBNNormalize..C.3A.5C_ECU2.5CECU_Rivian_A1.5CTarget.5Crepo_projects.5CpFOTA.5CcL_R2023.2E09.2E01.5Cmake.5Cobj.5CactBNReduce.
                         106 _actBNNormalize..C.3A.5C_ECU2.5CECU_Rivian_A1.5CTarget.5Crepo_projects.5CpFOTA.5CcL_R2023.2E09.2E01.5Cmake.5Cobj.5CactBNReduce.:
                         107 _actBNNormalize:
0000002e 80076160        108 	prepare	{r25,r26,r29,r31},0
00000032 07e8            109 	mov	r7,r29
00000034 08d0            110 	mov	r8,r26
00000036 09c8            111 	mov	r9,r25

                                                                      Page 3
                                                              C:\Users\nhuliyap\AppData\Local\Temp\gh_00005uc1.s
00000038 238f1100        112 	ld.w	16[sp],r17
                         113 --	    .bf
                         114 .LDW31:
0000003c 273f0100        115 	ld.w	0[r7],r7
00000040 0192            116 	mov	1,r18
00000042 f197c240        117 	shl	r17,r18,r8
00000046 0648            118 	mov	r6,r9
                         119 	jarl	_actBNMulDigit,lp
                         119 <EXPANSION BEGIN>
                         119 jarl22 _actBNMulDigit , lp 
00000048 bfffb8ff*       119 <EXPANSION END>
                         120 --line94
                         121 ..lin.C.3A.5C_ECU2.5CECU_Rivian_A1.5CTarget.5Crepo_projects.5CpFOTA.5CcL_R2023.2E09.2E01.5Cmake.5Cobj.5CactBNReduce.3::
                         122 .LDWlin3:
0000004c e051            123 	cmp	zero,r10
0000004e a20d*           124 	be	.L95
                         125 --line95
                         126 ..lin.C.3A.5C_ECU2.5CECU_Rivian_A1.5CTarget.5Crepo_projects.5CpFOTA.5CcL_R2023.2E09.2E01.5Cmake.5Cobj.5CactBNReduce.4::
                         127 .LDWlin4:
00000050 3df70100        128 	ld.w	0[r29],ep
00000054 c2f2            129 	shl	2,ep
00000056 c6f1            130 	add	r6,ep
00000058 0155            131 	sst.w	r10,0[ep]
0000005a 1df0            132 	mov	r29,ep
0000005c 0095            133 	sld.w	0[ep],r18
0000005e 4192            134 	add	1,r18
00000060 0195            135 	sst.w	r18,0[ep]
                         136 .L95:
00000062 1a30            137 	mov	r26,r6
00000064 1938            138 	mov	r25,r7
00000066 1a48            139 	mov	r26,r9
                         140 	jarl	_actBNMulDigit,lp
                         140 <EXPANSION BEGIN>
                         140 jarl22 _actBNMulDigit , lp 
00000068 bfff98ff*       140 <EXPANSION END>
                         141 --	    .ef
                         142 .LDW41:
                         143 --line100
                         144 ..lin.C.3A.5C_ECU2.5CECU_Rivian_A1.5CTarget.5Crepo_projects.5CpFOTA.5CcL_R2023.2E09.2E01.5Cmake.5Cobj.5CactBNReduce.5::
                         145 .LDWlin5:
0000006c 40067f60        146 	dispose	0,{r25,r26,r29,r31},[lp]
                         147 	.type	_actBNNormalize,@function
                         148 	.size	_actBNNormalize,.-_actBNNormalize
                         149 	.type	_actBNNormalize..C.3A.5C_ECU2.5CECU_Rivian_A1.5CTarget.5Crepo_projects.5CpFOTA.5CcL_R2023.2E09.2E01.5Cmake.5Cobj.5CactBNReduce.,@function
                         150 	.size	_actBNNormalize..C.3A.5C_ECU2.5CECU_Rivian_A1.5CTarget.5Crepo_projects.5CpFOTA.5CcL_R2023.2E09.2E01.5Cmake.5Cobj.5CactBNReduce.,.-_actBNNormalize..C.3A.5C_ECU2.5CECU_Rivian_A1.5CTarget.5Crepo_projects.5CpFOTA.5CcL_R2023.2E09.2E01.5Cmake.5Cobj.5CactBNReduce.
                         151 	.align	2
                         152 .LDW51:
                         153 --_tmp	r27	local
                         154 --_carry	r10	local
                         155 
                         156 --_a	r28	param
                         157 --_a_length	r29	param
                         158 --_b	r26	param
                         159 --_b_length	r25	param
                         160 --_shift	r17	param
                         161 
                         162 	.section ".bss","awb"
                         163 .L123:
                         164 	.type	.L123,@object
                         165 	.size	.L123,0
                         166 	.data

                                                                      Page 4
                                                              C:\Users\nhuliyap\AppData\Local\Temp\gh_00005uc1.s
                         167 	.section ".MSR_CODE","ax"
                         168 	.align	2
                         169 	.align	2
                         170 ..gh.f.f.1.e.2:
                         171 	.type	..gh.f.f.1.e.2,@object
                         172 	.size	..gh.f.f.1.e.2,0
                         173 	.global	_actBNReNormalize..C.3A.5C_ECU2.5CECU_Rivian_A1.5CTarget.5Crepo_projects.5CpFOTA.5CcL_R2023.2E09.2E01.5Cmake.5Cobj.5CactBNReduce.
                         174 _actBNReNormalize..C.3A.5C_ECU2.5CECU_Rivian_A1.5CTarget.5Crepo_projects.5CpFOTA.5CcL_R2023.2E09.2E01.5Cmake.5Cobj.5CactBNReduce.:
                         175 _actBNReNormalize:
00000070 80076170        176 	prepare	{r25,r26,r27,r29,r31},0
00000074 07d8            177 	mov	r7,r27
00000076 08d0            178 	mov	r8,r26
                         179 --	    .bf
                         180 .LDW61:
00000078 0092            181 	mov	0,r18
0000007a 0838            182 	mov	r8,r7
0000007c a991            183 	sub	r9,r18
0000007e 0142            184 	mov	1,r8
00000080 f247c2c8        185 	shl	r18,r8,r25
00000084 1940            186 	mov	r25,r8
00000086 0648            187 	mov	r6,r9
                         188 	jarl	_actBNMulDigit,lp
                         188 <EXPANSION BEGIN>
                         188 jarl22 _actBNMulDigit , lp 
00000088 bfff78ff*       188 <EXPANSION END>
0000008c 1ae8            189 	mov	r26,r29
0000008e c2ea            190 	shl	2,r29
00000090 1df0            191 	mov	r29,ep
00000092 c6f1            192 	add	r6,ep
00000094 0155            193 	sst.w	r10,0[ep]
                         194 --line111
                         195 ..lin.C.3A.5C_ECU2.5CECU_Rivian_A1.5CTarget.5Crepo_projects.5CpFOTA.5CcL_R2023.2E09.2E01.5Cmake.5Cobj.5CactBNReduce.6::
                         196 .LDWlin6:
00000096 063e0400        197 	addi	4,r6,r7
0000009a 1a40            198 	mov	r26,r8
                         199 	jarl	_actBNCopy,lp
                         199 <EXPANSION BEGIN>
                         199 jarl22 _actBNCopy , lp 
0000009c 80ff0000*       199 <EXPANSION END>
                         200 --line113
                         201 ..lin.C.3A.5C_ECU2.5CECU_Rivian_A1.5CTarget.5Crepo_projects.5CpFOTA.5CcL_R2023.2E09.2E01.5Cmake.5Cobj.5CactBNReduce.7::
                         202 .LDWlin7:
000000a0 1b30            203 	mov	r27,r6
000000a2 1a38            204 	mov	r26,r7
000000a4 1940            205 	mov	r25,r8
000000a6 1b48            206 	mov	r27,r9
                         207 	jarl	_actBNMulDigit,lp
                         207 <EXPANSION BEGIN>
                         207 jarl22 _actBNMulDigit , lp 
000000a8 bfff58ff*       207 <EXPANSION END>
000000ac 0ac8            208 	mov	r10,r25
                         209 --line115
                         210 ..lin.C.3A.5C_ECU2.5CECU_Rivian_A1.5CTarget.5Crepo_projects.5CpFOTA.5CcL_R2023.2E09.2E01.5Cmake.5Cobj.5CactBNReduce.8::
                         211 .LDWlin8:
000000ae 1b3e0400        212 	addi	4,r27,r7
000000b2 1a46ffff        213 	addi	-1,r26,r8
                         214 	jarl	_actBNCopy,lp
                         214 <EXPANSION BEGIN>
                         214 jarl22 _actBNCopy , lp 
000000b6 80ff0000*       214 <EXPANSION END>
                         215 --line117

                                                                      Page 5
                                                              C:\Users\nhuliyap\AppData\Local\Temp\gh_00005uc1.s
                         216 ..lin.C.3A.5C_ECU2.5CECU_Rivian_A1.5CTarget.5Crepo_projects.5CpFOTA.5CcL_R2023.2E09.2E01.5Cmake.5Cobj.5CactBNReduce.9::
                         217 .LDWlin9:
000000ba dbe9            218 	add	r27,r29
000000bc 7dcffdff        219 	st.w	r25,-4[r29]
                         220 --	    .ef
                         221 .LDW71:
000000c0 40067f70        222 	dispose	0,{r25,r26,r27,r29,r31},[lp]
                         223 	.type	_actBNReNormalize,@function
                         224 	.size	_actBNReNormalize,.-_actBNReNormalize
                         225 	.type	_actBNReNormalize..C.3A.5C_ECU2.5CECU_Rivian_A1.5CTarget.5Crepo_projects.5CpFOTA.5CcL_R2023.2E09.2E01.5Cmake.5Cobj.5CactBNReduce.,@function
                         226 	.size	_actBNReNormalize..C.3A.5C_ECU2.5CECU_Rivian_A1.5CTarget.5Crepo_projects.5CpFOTA.5CcL_R2023.2E09.2E01.5Cmake.5Cobj.5CactBNReduce.,.-_actBNReNormalize..C.3A.5C_ECU2.5CECU_Rivian_A1.5CTarget.5Crepo_projects.5CpFOTA.5CcL_R2023.2E09.2E01.5Cmake.5Cobj.5CactBNReduce.
                         227 	.align	2
                         228 .LDW81:
                         229 --_tmp	r25	local
                         230 
                         231 --_r	r28	param
                         232 --_b	r27	param
                         233 --_b_length	r26	param
                         234 --_shift	r9	param
                         235 
                         236 	.section ".bss","awb"
                         237 .L177:
                         238 	.type	.L177,@object
                         239 	.size	.L177,0
                         240 	.data
                         241 	.section ".MSR_CODE","ax"
                         242 	.align	2
                         243 	.align	2
                         244 ..gh.f.f.1.e.3:
                         245 	.type	..gh.f.f.1.e.3,@object
                         246 	.size	..gh.f.f.1.e.3,0
                         247 	.global	_actBNReduceLengthCheck
                         248 _actBNReduceLengthCheck:
000000c4 8007e170        249 	prepare	{r25,r26,r27,r28,r29,r31},0
000000c8 06d8            250 	mov	r6,r27
000000ca 07e8            251 	mov	r7,r29
000000cc 0890            252 	mov	r8,r18
000000ce 09d0            253 	mov	r9,r26
000000d0 23cf1900        254 	ld.w	24[sp],r25
                         255 --	    .bf
                         256 .LDW91:
000000d4 00e2            257 	mov	0,r28
                         258 .L197:
000000d6 27470100        259 	ld.w	0[r7],r8
000000da 6142            260 	cmp	1,r8
000000dc c315*           261 	bnh	.L201
000000de 0830            262 	mov	r8,r6
000000e0 c232            263 	shl	2,r6
000000e2 db31            264 	add	r27,r6
000000e4 2687fdff        265 	ld.w	-4[r6],r16
000000e8 e081            266 	cmp	zero,r16
000000ea da0d*           267 	bne	.L201
                         268 --line129
                         269 ..lin.C.3A.5C_ECU2.5CECU_Rivian_A1.5CTarget.5Crepo_projects.5CpFOTA.5CcL_R2023.2E09.2E01.5Cmake.5Cobj.5CactBNReduce.10::
                         270 .LDWlin10:
000000ec 088effff        271 	addi	-1,r8,r17
000000f0 678f0100        272 	st.w	r17,0[r7]
000000f4 95f5*           273 	br	.L197
                         274 .L206:
                         275 --line137
                         276 ..lin.C.3A.5C_ECU2.5CECU_Rivian_A1.5CTarget.5Crepo_projects.5CpFOTA.5CcL_R2023.2E09.2E01.5Cmake.5Cobj.5CactBNReduce.11::

                                                                      Page 6
                                                              C:\Users\nhuliyap\AppData\Local\Temp\gh_00005uc1.s
                         277 .LDWlin11:
000000f6 20e6f800        278 	movea	248,zero,r28
000000fa d52d*           279 	br	.L207
                         280 .L203:
                         281 --line133
                         282 ..lin.C.3A.5C_ECU2.5CECU_Rivian_A1.5CTarget.5Crepo_projects.5CpFOTA.5CcL_R2023.2E09.2E01.5Cmake.5Cobj.5CactBNReduce.12::
                         283 .LDWlin12:
000000fc 077effff        284 	addi	-1,r7,r15
00000100 697f0100        285 	st.w	r15,0[r9]
                         286 .L201:
00000104 293f0100        287 	ld.w	0[r9],r7
00000108 613a            288 	cmp	1,r7
0000010a e3f5*           289 	bnh	.L206
0000010c 0798            290 	mov	r7,r19
0000010e c29a            291 	shl	2,r19
00000110 d299            292 	add	r18,r19
00000112 3377fdff        293 	ld.w	-4[r19],r14
00000116 e071            294 	cmp	zero,r14
00000118 a2f5*           295 	be	.L203
                         296 --line141
                         297 ..lin.C.3A.5C_ECU2.5CECU_Rivian_A1.5CTarget.5Crepo_projects.5CpFOTA.5CcL_R2023.2E09.2E01.5Cmake.5Cobj.5CactBNReduce.13::
                         298 .LDWlin13:
0000011a 3d470100        299 	ld.w	0[r29],r8
0000011e e741            300 	cmp	r7,r8
00000120 fa0d*           301 	bne	.L208
                         302 --line142
                         303 ..lin.C.3A.5C_ECU2.5CECU_Rivian_A1.5CTarget.5Crepo_projects.5CpFOTA.5CcL_R2023.2E09.2E01.5Cmake.5Cobj.5CactBNReduce.14::
                         304 .LDWlin14:
00000122 1b30            305 	mov	r27,r6
00000124 1238            306 	mov	r18,r7
                         307 	jarl	_actBNCompare,lp
                         307 <EXPANSION BEGIN>
                         307 jarl22 _actBNCompare , lp 
00000126 80ff0000*       307 <EXPANSION END>
0000012a 0a06f0ff        308 	addi	-16,r10,zero
0000012e 8a0d*           309 	bne	.L208
                         310 --line144
                         311 ..lin.C.3A.5C_ECU2.5CECU_Rivian_A1.5CTarget.5Crepo_projects.5CpFOTA.5CcL_R2023.2E09.2E01.5Cmake.5Cobj.5CactBNReduce.15::
                         312 .LDWlin15:
00000130 3d470100        313 	ld.w	0[r29],r8
00000134 1930            314 	mov	r25,r6
00000136 1b38            315 	mov	r27,r7
                         316 	jarl	_actBNCopy,lp
                         316 <EXPANSION BEGIN>
                         316 jarl22 _actBNCopy , lp 
00000138 80ff0000*       316 <EXPANSION END>
                         317 --line145
                         318 ..lin.C.3A.5C_ECU2.5CECU_Rivian_A1.5CTarget.5Crepo_projects.5CpFOTA.5CcL_R2023.2E09.2E01.5Cmake.5Cobj.5CactBNReduce.16::
                         319 .LDWlin16:
0000013c 02e2            320 	mov	2,r28
                         321 .L208:
0000013e 3d470100        322 	ld.w	0[r29],r8
00000142 3a6f0100        323 	ld.w	0[r26],r13
00000146 ed41            324 	cmp	r13,r8
00000148 e905*           325 	bnl	.L207
                         326 --line149
                         327 ..lin.C.3A.5C_ECU2.5CECU_Rivian_A1.5CTarget.5Crepo_projects.5CpFOTA.5CcL_R2023.2E09.2E01.5Cmake.5Cobj.5CactBNReduce.17::
                         328 .LDWlin17:
0000014a 1930            329 	mov	r25,r6
0000014c 1b38            330 	mov	r27,r7
                         331 	jarl	_actBNCopy,lp

                                                                      Page 7
                                                              C:\Users\nhuliyap\AppData\Local\Temp\gh_00005uc1.s
                         331 <EXPANSION BEGIN>
                         331 jarl22 _actBNCopy , lp 
0000014e 80ff0000*       331 <EXPANSION END>
                         332 --line150
                         333 ..lin.C.3A.5C_ECU2.5CECU_Rivian_A1.5CTarget.5Crepo_projects.5CpFOTA.5CcL_R2023.2E09.2E01.5Cmake.5Cobj.5CactBNReduce.18::
                         334 .LDWlin18:
00000152 02e2            335 	mov	2,r28
                         336 .L207:
00000154 1c50            337 	mov	r28,r10
                         338 --	    .ef
                         339 .LDW02:
00000156 4006ff70        340 	dispose	0,{r25,r26,r27,r28,r29,r31},[lp]
                         341 	.type	_actBNReduceLengthCheck,@function
                         342 	.size	_actBNReduceLengthCheck,.-_actBNReduceLengthCheck
                         343 	.align	2
                         344 .LDW12:
                         345 --_retVal	r28	local
                         346 
                         347 --_a	r27	param
                         348 --_a_length	r29	param
                         349 --_b	r18	param
                         350 --_b_length	r26	param
                         351 --_r	r25	param
                         352 
                         353 	.section ".bss","awb"
                         354 .L341:
                         355 	.type	.L341,@object
                         356 	.size	.L341,0
                         357 	.data
                         358 	.section ".MSR_CODE","ax"
                         359 	.align	2
                         360 	.align	2
                         361 ..gh.f.f.1.e.4:
                         362 	.type	..gh.f.f.1.e.4,@object
                         363 	.size	..gh.f.f.1.e.4,0
                         364 	.global	_actBNReduceInitialize
                         365 _actBNReduceInitialize:
0000015a 8207e130        366 	prepare	{r26,r27,r28,r29,r31},1
0000015e 06d8            367 	mov	r6,r27
00000160 07d0            368 	mov	r7,r26
00000162 08e8            369 	mov	r8,r29
00000164 09e0            370 	mov	r9,r28
00000166 23f71900        371 	ld.w	24[sp],ep
                         372 --	    .bf
                         373 .LDW22:
0000016a 29970100        374 	ld.w	0[r9],r18
0000016e c292            375 	shl	2,r18
00000170 c891            376 	add	r8,r18
00000172 3287fdff        377 	ld.w	-4[r18],r16
00000176 d505*           378 	br	.L478
                         379 .L480:
                         380 --line167
                         381 ..lin.C.3A.5C_ECU2.5CECU_Rivian_A1.5CTarget.5Crepo_projects.5CpFOTA.5CcL_R2023.2E09.2E01.5Cmake.5Cobj.5CactBNReduce.19::
                         382 .LDWlin19:
00000178 116e0100        383 	addi	1,r17,r13
0000017c c182            384 	shl	1,r16
0000017e 016d            385 	sst.w	r13,0[ep]
                         386 .L478:
00000180 008d            387 	sld.w	0[ep],r17
00000182 40660080        388 	movhi	hi(-2147483648),zero,r12
00000186 ec81            389 	cmp	r12,r16

                                                                      Page 8
                                                              C:\Users\nhuliyap\AppData\Local\Temp\gh_00005uc1.s
00000188 e0078203        390 	sbfl	zero,zero,zero
0000018c e1f5*           391 	bl	.L480
                         392 --line170
                         393 ..lin.C.3A.5C_ECU2.5CECU_Rivian_A1.5CTarget.5Crepo_projects.5CpFOTA.5CcL_R2023.2E09.2E01.5Cmake.5Cobj.5CactBNReduce.20::
                         394 .LDWlin20:
0000018e e089            395 	cmp	zero,r17
00000190 f205*           396 	be	.L481
                         397 --line171
                         398 ..lin.C.3A.5C_ECU2.5CECU_Rivian_A1.5CTarget.5Crepo_projects.5CpFOTA.5CcL_R2023.2E09.2E01.5Cmake.5Cobj.5CactBNReduce.21::
                         399 .LDWlin21:
00000192 294f0100        400 	ld.w	0[r9],r9
00000196 638f0100        401 	st.w	r17,0[sp]
                         402 	jarl	_actBNNormalize,lp
                         402 <EXPANSION BEGIN>
                         402 jarl22 _actBNNormalize , lp 
0000019a bfff94fe*       402 <EXPANSION END>
                         403 .L481:
                         404 --line174
                         405 ..lin.C.3A.5C_ECU2.5CECU_Rivian_A1.5CTarget.5Crepo_projects.5CpFOTA.5CcL_R2023.2E09.2E01.5Cmake.5Cobj.5CactBNReduce.22::
                         406 .LDWlin22:
0000019e 3c470100        407 	ld.w	0[r28],r8
000001a2 3a370100        408 	ld.w	0[r26],r6
000001a6 1d38            409 	mov	r29,r7
000001a8 a831            410 	sub	r8,r6
000001aa c232            411 	shl	2,r6
000001ac db31            412 	add	r27,r6
                         413 	jarl	_actBNCompare,lp
                         413 <EXPANSION BEGIN>
                         413 jarl22 _actBNCompare , lp 
000001ae 80ff0000*       413 <EXPANSION END>
000001b2 0a06efff        414 	addi	-17,r10,zero
000001b6 c90d*           415 	bnl	.L476
                         416 --line175
                         417 ..lin.C.3A.5C_ECU2.5CECU_Rivian_A1.5CTarget.5Crepo_projects.5CpFOTA.5CcL_R2023.2E09.2E01.5Cmake.5Cobj.5CactBNReduce.23::
                         418 .LDWlin23:
000001b8 3c4f0100        419 	ld.w	0[r28],r9
000001bc 3a370100        420 	ld.w	0[r26],r6
000001c0 1d38            421 	mov	r29,r7
000001c2 a931            422 	sub	r9,r6
000001c4 c232            423 	shl	2,r6
000001c6 db31            424 	add	r27,r6
000001c8 0640            425 	mov	r6,r8
                         426 	jarl	_actBNSub,lp
                         426 <EXPANSION BEGIN>
                         426 jarl22 _actBNSub , lp 
000001ca 80ff0000*       426 <EXPANSION END>
                         427 .L476:
                         428 --	    .ef
                         429 .LDW32:
                         430 --line177
                         431 ..lin.C.3A.5C_ECU2.5CECU_Rivian_A1.5CTarget.5Crepo_projects.5CpFOTA.5CcL_R2023.2E09.2E01.5Cmake.5Cobj.5CactBNReduce.24::
                         432 .LDWlin24:
000001ce 4206ff30        433 	dispose	1,{r26,r27,r28,r29,r31},[lp]
                         434 	.type	_actBNReduceInitialize,@function
                         435 	.size	_actBNReduceInitialize,.-_actBNReduceInitialize
                         436 	.align	2
                         437 .LDW42:
                         438 --_tmp	r16	local
                         439 
                         440 --_a	r27	param
                         441 --_a_length	r26	param

                                                                      Page 9
                                                              C:\Users\nhuliyap\AppData\Local\Temp\gh_00005uc1.s
                         442 --_b	r29	param
                         443 --_b_length	r28	param
                         444 --_shift	ep	param
                         445 
                         446 	.section ".bss","awb"
                         447 .L543:
                         448 	.type	.L543,@object
                         449 	.size	.L543,0
                         450 	.data
                         451 	.section ".MSR_CODE","ax"
                         452 	.align	2
                         453 	.align	2
                         454 ..gh.f.f.1.e.5:
                         455 	.type	..gh.f.f.1.e.5,@object
                         456 	.size	..gh.f.f.1.e.5,0
                         457 	.global	_actBNReduceComputeQuotientEstimate
                         458 _actBNReduceComputeQuotientEstimate:
000001d2 80076100        459 	prepare	{r29,r31},0
000001d6 23ef0900        460 	ld.w	8[sp],r29
                         461 --	    .bf
                         462 .LDW52:
000001da 08f0            463 	mov	r8,ep
000001dc c2f2            464 	shl	2,ep
000001de c24a            465 	shl	2,r9
000001e0 c6f1            466 	add	r6,ep
000001e2 c749            467 	add	r7,r9
000001e4 006d            468 	sld.w	0[ep],r13
000001e6 2977fdff        469 	ld.w	-4[r9],r14
000001ea 007a            470 	mov	0,r15
000001ec ee69            471 	cmp	r14,r13
000001ee d20d*           472 	be	.L652
                         473 --line193
                         474 ..lin.C.3A.5C_ECU2.5CECU_Rivian_A1.5CTarget.5Crepo_projects.5CpFOTA.5CcL_R2023.2E09.2E01.5Cmake.5Cobj.5CactBNReduce.25::
                         475 .LDWlin25:
000001f0 3e9ffdff        476 	ld.w	-4[ep],r19
000001f4 0e40            477 	mov	r14,r8
000001f6 0f48            478 	mov	r15,r9
000001f8 13360000        479 	addi	0,r19,r6
000001fc e06fa23b        480 	adfl	zero,r13,r7
                         481 	jarl	___gh_udiv64,lp
                         481 <EXPANSION BEGIN>
                         481 jarl22 ___gh_udiv64 , lp 
00000200 80ff0000*       481 <EXPANSION END>
00000204 0a7e0100        482 	addi	1,r10,r15
                         483 .L652:
00000208 7d7f0100        484 	st.w	r15,0[r29]
                         485 --	    .ef
                         486 .LDW62:
                         487 --line195
                         488 ..lin.C.3A.5C_ECU2.5CECU_Rivian_A1.5CTarget.5Crepo_projects.5CpFOTA.5CcL_R2023.2E09.2E01.5Cmake.5Cobj.5CactBNReduce.26::
                         489 .LDWlin26:
0000020c 40067f00        490 	dispose	0,{r29,r31},[lp]
                         491 	.type	_actBNReduceComputeQuotientEstimate,@function
                         492 	.size	_actBNReduceComputeQuotientEstimate,.-_actBNReduceComputeQuotientEstimate
                         493 	.align	2
                         494 .LDW72:
                         495 
                         496 --_a	r6	param
                         497 --_b	r7	param
                         498 --_idx	r8	param
                         499 --_b_length	r9	param

                                                                      Page 10
                                                              C:\Users\nhuliyap\AppData\Local\Temp\gh_00005uc1.s
                         500 --_qDig	r29	param
                         501 
                         502 	.section ".bss","awb"
                         503 .L682:
                         504 	.type	.L682,@object
                         505 	.size	.L682,0
                         506 	.data
                         507 	.section ".MSR_CODE","ax"
                         508 	.align	2
                         509 	.align	2
                         510 ..gh.f.f.1.e.6:
                         511 	.type	..gh.f.f.1.e.6,@object
                         512 	.size	..gh.f.f.1.e.6,0
                         513 	.global	_actBNReduceRefineQuotientEstimate
                         514 _actBNReduceRefineQuotientEstimate:
00000210 8607e170        515 	prepare	{r25,r26,r27,r28,r29,r31},3
00000214 06e0            516 	mov	r6,r28
00000216 07d8            517 	mov	r7,r27
00000218 08d0            518 	mov	r8,r26
0000021a 09c8            519 	mov	r9,r25
0000021c 23ef2500        520 	ld.w	36[sp],r29
                         521 --	    .bf
                         522 .LDW82:
                         523 .L722:
00000220 1df0            524 	mov	r29,ep
00000222 007d            525 	sld.w	0[ep],r15
00000224 1938            526 	mov	r25,r7
00000226 c23a            527 	shl	2,r7
00000228 da39            528 	add	r26,r7
0000022a 5f7a            529 	add	-1,r15
0000022c 017d            530 	sst.w	r15,0[ep]
0000022e 2757f9ff        531 	ld.w	-8[r7],r10
00000232 03f0            532 	mov	sp,ep
00000234 1b30            533 	mov	r27,r6
00000236 0342            534 	mov	3,r8
00000238 ef57225a        535 	mulu	r15,r10,r11
0000023c 0155            536 	sst.w	r10,0[ep]
0000023e 273ffdff        537 	ld.w	-4[r7],r7
00000242 0b80            538 	mov	r11,r16
00000244 ef3f225a        539 	mulu	r15,r7,r11
00000248 c781            540 	add	r7,r16
0000024a e05fa28b        541 	adfl	zero,r11,r17
0000024e c232            542 	shl	2,r6
00000250 dc31            543 	add	r28,r6
00000252 0385            544 	sst.w	r16,4[ep]
00000254 058d            545 	sst.w	r17,8[ep]
00000256 5832            546 	add	-8,r6
00000258 0338            547 	mov	sp,r7
                         548 	jarl	_actBNCompare,lp
                         548 <EXPANSION BEGIN>
                         548 jarl22 _actBNCompare , lp 
0000025a 80ff0000*       548 <EXPANSION END>
0000025e 0a06f0ff        549 	addi	-16,r10,zero
00000262 f2dd*           550 	be	.L722
                         551 --	    .ef
                         552 .LDW92:
                         553 --line218
                         554 ..lin.C.3A.5C_ECU2.5CECU_Rivian_A1.5CTarget.5Crepo_projects.5CpFOTA.5CcL_R2023.2E09.2E01.5Cmake.5Cobj.5CactBNReduce.27::
                         555 .LDWlin27:
00000264 4606ff70        556 	dispose	3,{r25,r26,r27,r28,r29,r31},[lp]
                         557 	.type	_actBNReduceRefineQuotientEstimate,@function

                                                                      Page 11
                                                              C:\Users\nhuliyap\AppData\Local\Temp\gh_00005uc1.s
                         558 	.size	_actBNReduceRefineQuotientEstimate,.-_actBNReduceRefineQuotientEstimate
                         559 	.align	2
                         560 .LDW03:
                         561 --_tmp	r16	local
                         562 --_digits	0[sp]	local
                         563 
                         564 --_a	r28	param
                         565 --_idx	r27	param
                         566 --_b	r26	param
                         567 --_b_length	r25	param
                         568 --_qDig	r29	param
                         569 --_watchdog	none	param
                         570 
                         571 	.section ".bss","awb"
                         572 .L761:
                         573 	.type	.L761,@object
                         574 	.size	.L761,0
                         575 	.data
                         576 	.section ".MSR_CODE","ax"
                         577 	.align	2
                         578 	.align	2
                         579 ..gh.f.f.1.e.7:
                         580 	.type	..gh.f.f.1.e.7,@object
                         581 	.size	..gh.f.f.1.e.7,0
                         582 	.global	_actBNReduceUpdateCurrentProduct
                         583 _actBNReduceUpdateCurrentProduct:
00000268 8007e3f1        584 	prepare	{r23,r24,r25,r26,r27,r28,r29,r31},0,sp
0000026c 06b8            585 	mov	r6,r23
0000026e 07c0            586 	mov	r7,r24
00000270 08d8            587 	mov	r8,r27
00000272 09e0            588 	mov	r9,r28
00000274 10cd            589 	sld.w	32[ep],r25
00000276 12d5            590 	sld.w	36[ep],r26
                         591 --	    .bf
                         592 .LDW13:
00000278 39470100        593 	ld.w	0[r25],r8
0000027c 0730            594 	mov	r7,r6
0000027e 0938            595 	mov	r9,r7
00000280 09e8            596 	mov	r9,r29
00000282 1a48            597 	mov	r26,r9
                         598 	jarl	_actBNMulDigit,lp
                         598 <EXPANSION BEGIN>
                         598 jarl22 _actBNMulDigit , lp 
00000284 bfff7cfd*       598 <EXPANSION END>
                         599 --line230
                         600 ..lin.C.3A.5C_ECU2.5CECU_Rivian_A1.5CTarget.5Crepo_projects.5CpFOTA.5CcL_R2023.2E09.2E01.5Cmake.5Cobj.5CactBNReduce.28::
                         601 .LDWlin28:
00000288 bcd9            602 	sub	r28,r27
0000028a c2ea            603 	shl	2,r29
0000028c c2da            604 	shl	2,r27
0000028e dae9            605 	add	r26,r29
00000290 1b30            606 	mov	r27,r6
00000292 7d570100        607 	st.w	r10,0[r29]
00000296 d731            608 	add	r23,r6
00000298 1a38            609 	mov	r26,r7
0000029a 1c460100        610 	addi	1,r28,r8
                         611 	jarl	_actBNCompare,lp
                         611 <EXPANSION BEGIN>
                         611 jarl22 _actBNCompare , lp 
0000029e 80ff0000*       611 <EXPANSION END>
000002a2 0a06f0ff        612 	addi	-16,r10,zero

                                                                      Page 12
                                                              C:\Users\nhuliyap\AppData\Local\Temp\gh_00005uc1.s
000002a6 da0d*           613 	bne	.L791
                         614 --line231
                         615 ..lin.C.3A.5C_ECU2.5CECU_Rivian_A1.5CTarget.5Crepo_projects.5CpFOTA.5CcL_R2023.2E09.2E01.5Cmake.5Cobj.5CactBNReduce.29::
                         616 .LDWlin29:
000002a8 19f0            617 	mov	r25,ep
000002aa 0095            618 	sld.w	0[ep],r18
000002ac 1830            619 	mov	r24,r6
000002ae 1c38            620 	mov	r28,r7
000002b0 1a48            621 	mov	r26,r9
000002b2 1246ffff        622 	addi	-1,r18,r8
000002b6 0145            623 	sst.w	r8,0[ep]
                         624 	jarl	_actBNMulDigit,lp
                         624 <EXPANSION BEGIN>
                         624 jarl22 _actBNMulDigit , lp 
000002b8 bfff48fd*       624 <EXPANSION END>
000002bc 7d570100        625 	st.w	r10,0[r29]
                         626 .L791:
                         627 --	    .ef
                         628 .LDW23:
                         629 --line235
                         630 ..lin.C.3A.5C_ECU2.5CECU_Rivian_A1.5CTarget.5Crepo_projects.5CpFOTA.5CcL_R2023.2E09.2E01.5Cmake.5Cobj.5CactBNReduce.30::
                         631 .LDWlin30:
000002c0 4006fff1        632 	dispose	0,{r23,r24,r25,r26,r27,r28,r29,r31},[lp]
                         633 	.type	_actBNReduceUpdateCurrentProduct,@function
                         634 	.size	_actBNReduceUpdateCurrentProduct,.-_actBNReduceUpdateCurrentProduct
                         635 	.align	2
                         636 .LDW33:
                         637 
                         638 --_a	r23	param
                         639 --_b	r24	param
                         640 --_idx	r27	param
                         641 --_b_length	r28	param
                         642 --_qDig	r25	param
                         643 --_r	r26	param
                         644 --_watchdog	none	param
                         645 
                         646 	.section ".bss","awb"
                         647 .L826:
                         648 	.type	.L826,@object
                         649 	.size	.L826,0
                         650 	.data
                         651 	.section ".MSR_CODE","ax"
                         652 	.align	2
                         653 	.align	2
                         654 ..gh.f.f.1.e.8:
                         655 	.type	..gh.f.f.1.e.8,@object
                         656 	.size	..gh.f.f.1.e.8,0
                         657 	.global	_actBNReduce
                         658 _actBNReduce:
000002c4 8e07e3f3        659 	prepare	{r22,r23,r24,r25,r26,r27,r28,r29,r31},7,sp
000002c8 06e0            660 	mov	r6,r28
000002ca 08d0            661 	mov	r8,r26
000002cc 20cd            662 	sld.w	64[ep],r25
000002ce 22c5            663 	sld.w	68[ep],r24
                         664 --	    .bf
                         665 .LDW43:
000002d0 073d            666 	sst.w	r7,12[ep]
000002d2 094d            667 	sst.w	r9,16[ep]
000002d4 1830            668 	mov	r24,r6
                         669 	jarl	_actWatchdogTriggerFunction,lp
                         669 <EXPANSION BEGIN>

                                                                      Page 13
                                                              C:\Users\nhuliyap\AppData\Local\Temp\gh_00005uc1.s
                         669 jarl22 _actWatchdogTriggerFunction , lp 
000002d6 80ff0000*       669 <EXPANSION END>
                         670 --line249
                         671 ..lin.C.3A.5C_ECU2.5CECU_Rivian_A1.5CTarget.5Crepo_projects.5CpFOTA.5CcL_R2023.2E09.2E01.5Cmake.5Cobj.5CactBNReduce.31::
                         672 .LDWlin31:
000002da 233f1100        673 	ld.w	16[sp],r7
000002de 1930            674 	mov	r25,r6
000002e0 0042            675 	mov	0,r8
                         676 	jarl	_actBNSet,lp
                         676 <EXPANSION BEGIN>
                         676 jarl22 _actBNSet , lp 
000002e2 80ff0000*       676 <EXPANSION END>
                         677 --line250
                         678 ..lin.C.3A.5C_ECU2.5CECU_Rivian_A1.5CTarget.5Crepo_projects.5CpFOTA.5CcL_R2023.2E09.2E01.5Cmake.5Cobj.5CactBNReduce.32::
                         679 .LDWlin32:
000002e6 1c30            680 	mov	r28,r6
000002e8 1a40            681 	mov	r26,r8
000002ea 63cf0100        682 	st.w	r25,0[sp]
000002ee 233e0c00        683 	movea	12,sp,r7
000002f2 234e1000        684 	movea	16,sp,r9
                         685 	jarl	_actBNReduceLengthCheck,lp
                         685 <EXPANSION BEGIN>
                         685 jarl22 _actBNReduceLengthCheck , lp 
000002f6 bfffcefd*       685 <EXPANSION END>
000002fa 0ad8            686 	mov	r10,r27
                         687 --line252
                         688 ..lin.C.3A.5C_ECU2.5CECU_Rivian_A1.5CTarget.5Crepo_projects.5CpFOTA.5CcL_R2023.2E09.2E01.5Cmake.5Cobj.5CactBNReduce.33::
                         689 .LDWlin33:
000002fc e051            690 	cmp	zero,r10
000002fe ea55*           691 	bne	.L861
                         692 --	    .bs
                         693 .LDW53:
                         694 --line257
                         695 ..lin.C.3A.5C_ECU2.5CECU_Rivian_A1.5CTarget.5Crepo_projects.5CpFOTA.5CcL_R2023.2E09.2E01.5Cmake.5Cobj.5CactBNReduce.34::
                         696 .LDWlin34:
00000300 03f0            697 	mov	sp,ep
00000302 233e1400        698 	movea	20,sp,r7
00000306 013d            699 	sst.w	r7,0[ep]
00000308 0b05            700 	sst.w	zero,20[ep]
0000030a 1c30            701 	mov	r28,r6
0000030c 1a40            702 	mov	r26,r8
0000030e 583a            703 	add	-8,r7
00000310 234e1000        704 	movea	16,sp,r9
                         705 	jarl	_actBNReduceInitialize,lp
                         705 <EXPANSION BEGIN>
                         705 jarl22 _actBNReduceInitialize , lp 
00000314 bfff46fe*       705 <EXPANSION END>
                         706 --line262
                         707 ..lin.C.3A.5C_ECU2.5CECU_Rivian_A1.5CTarget.5Crepo_projects.5CpFOTA.5CcL_R2023.2E09.2E01.5Cmake.5Cobj.5CactBNReduce.35::
                         708 .LDWlin35:
00000318 03f0            709 	mov	sp,ep
0000031a 0845            710 	sld.w	16[ep],r8
0000031c 063d            711 	sld.w	12[ep],r7
0000031e 08b6ffff        712 	addi	-1,r8,r22
00000322 07eeffff        713 	addi	-1,r7,r29
00000326 8535*           714 	br	.L866
                         715 .L865:
                         716 --line265
                         717 ..lin.C.3A.5C_ECU2.5CECU_Rivian_A1.5CTarget.5Crepo_projects.5CpFOTA.5CcL_R2023.2E09.2E01.5Cmake.5Cobj.5CactBNReduce.36::
                         718 .LDWlin36:
00000328 1830            719 	mov	r24,r6

                                                                      Page 14
                                                              C:\Users\nhuliyap\AppData\Local\Temp\gh_00005uc1.s
                         720 	jarl	_actWatchdogTriggerFunction,lp
                         720 <EXPANSION BEGIN>
                         720 jarl22 _actWatchdogTriggerFunction , lp 
0000032a 80ff0000*       720 <EXPANSION END>
                         721 --line267
                         722 ..lin.C.3A.5C_ECU2.5CECU_Rivian_A1.5CTarget.5Crepo_projects.5CpFOTA.5CcL_R2023.2E09.2E01.5Cmake.5Cobj.5CactBNReduce.37::
                         723 .LDWlin37:
0000032e 03f0            724 	mov	sp,ep
00000330 084d            725 	sld.w	16[ep],r9
00000332 23be1800        726 	movea	24,sp,r23
00000336 1c30            727 	mov	r28,r6
00000338 1a38            728 	mov	r26,r7
0000033a 1d40            729 	mov	r29,r8
0000033c 01bd            730 	sst.w	r23,0[ep]
                         731 	jarl	_actBNReduceComputeQuotientEstimate,lp
                         731 <EXPANSION BEGIN>
                         731 jarl22 _actBNReduceComputeQuotientEstimate , lp 
0000033e bfff94fe*       731 <EXPANSION END>
                         732 --line268
                         733 ..lin.C.3A.5C_ECU2.5CECU_Rivian_A1.5CTarget.5Crepo_projects.5CpFOTA.5CcL_R2023.2E09.2E01.5Cmake.5Cobj.5CactBNReduce.38::
                         734 .LDWlin38:
00000342 03f0            735 	mov	sp,ep
00000344 084d            736 	sld.w	16[ep],r9
00000346 1c30            737 	mov	r28,r6
00000348 1d38            738 	mov	r29,r7
0000034a 1a40            739 	mov	r26,r8
0000034c 01bd            740 	sst.w	r23,0[ep]
0000034e 03c5            741 	sst.w	r24,4[ep]
                         742 	jarl	_actBNReduceRefineQuotientEstimate,lp
                         742 <EXPANSION BEGIN>
                         742 jarl22 _actBNReduceRefineQuotientEstimate , lp 
00000350 bfffc0fe*       742 <EXPANSION END>
                         743 --line269
                         744 ..lin.C.3A.5C_ECU2.5CECU_Rivian_A1.5CTarget.5Crepo_projects.5CpFOTA.5CcL_R2023.2E09.2E01.5Cmake.5Cobj.5CactBNReduce.39::
                         745 .LDWlin39:
00000354 03f0            746 	mov	sp,ep
00000356 084d            747 	sld.w	16[ep],r9
00000358 1c30            748 	mov	r28,r6
0000035a 1a38            749 	mov	r26,r7
0000035c 1d40            750 	mov	r29,r8
0000035e 01bd            751 	sst.w	r23,0[ep]
00000360 03cd            752 	sst.w	r25,4[ep]
00000362 05c5            753 	sst.w	r24,8[ep]
                         754 	jarl	_actBNReduceUpdateCurrentProduct,lp
                         754 <EXPANSION BEGIN>
                         754 jarl22 _actBNReduceUpdateCurrentProduct , lp 
00000364 bfff04ff*       754 <EXPANSION END>
                         755 --line270
                         756 ..lin.C.3A.5C_ECU2.5CECU_Rivian_A1.5CTarget.5Crepo_projects.5CpFOTA.5CcL_R2023.2E09.2E01.5Cmake.5Cobj.5CactBNReduce.40::
                         757 .LDWlin40:
00000368 1d90            758 	mov	r29,r18
0000036a b691            759 	sub	r22,r18
0000036c 239f1100        760 	ld.w	16[sp],r19
00000370 c292            761 	shl	2,r18
00000372 dc91            762 	add	r28,r18
00000374 1236fcff        763 	addi	-4,r18,r6
00000378 1938            764 	mov	r25,r7
0000037a 0640            765 	mov	r6,r8
0000037c 134e0100        766 	addi	1,r19,r9
                         767 	jarl	_actBNSub,lp
                         767 <EXPANSION BEGIN>

                                                                      Page 15
                                                              C:\Users\nhuliyap\AppData\Local\Temp\gh_00005uc1.s
                         767 jarl22 _actBNSub , lp 
00000380 80ff0000*       767 <EXPANSION END>
                         768 --line264
                         769 ..lin.C.3A.5C_ECU2.5CECU_Rivian_A1.5CTarget.5Crepo_projects.5CpFOTA.5CcL_R2023.2E09.2E01.5Cmake.5Cobj.5CactBNReduce.41::
                         770 .LDWlin41:
00000384 5fea            771 	add	-1,r29
                         772 .L866:
00000386 f6e9            773 	cmp	r22,r29
00000388 8bd5*           774 	bh	.L865
                         775 --line275
                         776 ..lin.C.3A.5C_ECU2.5CECU_Rivian_A1.5CTarget.5Crepo_projects.5CpFOTA.5CcL_R2023.2E09.2E01.5Cmake.5Cobj.5CactBNReduce.42::
                         777 .LDWlin42:
0000038a 23471100        778 	ld.w	16[sp],r8
0000038e 1930            779 	mov	r25,r6
00000390 1c38            780 	mov	r28,r7
                         781 	jarl	_actBNCopy,lp
                         781 <EXPANSION BEGIN>
                         781 jarl22 _actBNCopy , lp 
00000392 80ff0000*       781 <EXPANSION END>
                         782 --line279
                         783 ..lin.C.3A.5C_ECU2.5CECU_Rivian_A1.5CTarget.5Crepo_projects.5CpFOTA.5CcL_R2023.2E09.2E01.5Cmake.5Cobj.5CactBNReduce.43::
                         784 .LDWlin43:
00000396 234f1500        785 	ld.w	20[sp],r9
0000039a e049            786 	cmp	zero,r9
0000039c f205*           787 	be	.L861
                         788 --line280
                         789 ..lin.C.3A.5C_ECU2.5CECU_Rivian_A1.5CTarget.5Crepo_projects.5CpFOTA.5CcL_R2023.2E09.2E01.5Cmake.5Cobj.5CactBNReduce.44::
                         790 .LDWlin44:
0000039e 23471100        791 	ld.w	16[sp],r8
000003a2 1930            792 	mov	r25,r6
000003a4 1a38            793 	mov	r26,r7
                         794 	jarl	_actBNReNormalize,lp
                         794 <EXPANSION BEGIN>
                         794 jarl22 _actBNReNormalize , lp 
000003a6 bfffcafc*       794 <EXPANSION END>
                         795 .L861:
                         796 --	    .es
                         797 .LDW63:
                         798 --line284
                         799 ..lin.C.3A.5C_ECU2.5CECU_Rivian_A1.5CTarget.5Crepo_projects.5CpFOTA.5CcL_R2023.2E09.2E01.5Cmake.5Cobj.5CactBNReduce.45::
                         800 .LDWlin45:
000003aa 1830            801 	mov	r24,r6
                         802 	jarl	_actWatchdogTriggerFunction,lp
                         802 <EXPANSION BEGIN>
                         802 jarl22 _actWatchdogTriggerFunction , lp 
000003ac 80ff0000*       802 <EXPANSION END>
                         803 --line286
                         804 ..lin.C.3A.5C_ECU2.5CECU_Rivian_A1.5CTarget.5Crepo_projects.5CpFOTA.5CcL_R2023.2E09.2E01.5Cmake.5Cobj.5CactBNReduce.46::
                         805 .LDWlin46:
000003b0 62da            806 	cmp	2,r27
000003b2 e0df0453        807 	cmove	0,r27,r10
                         808 --	    .ef
                         809 .LDW73:
000003b6 4e06fff3        810 	dispose	7,{r22,r23,r24,r25,r26,r27,r28,r29,r31},[lp]
                         811 	.type	_actBNReduce,@function
                         812 	.size	_actBNReduce,.-_actBNReduce
                         813 	.align	2
                         814 .LDW83:
                         815 --_retVal	r27	local
                         816 --_a_len	12[sp]	local
                         817 --_b_len	16[sp]	local

                                                                      Page 16
                                                              C:\Users\nhuliyap\AppData\Local\Temp\gh_00005uc1.s
                         818 --_i	r29	local
                         819 --_t	r22	local
                         820 --_shift	20[sp]	local
                         821 --_qDig	24[sp]	local
                         822 
                         823 --_a	r28	param
                         824 --_a_length	r7	param
                         825 --_b	r26	param
                         826 --_b_length	r9	param
                         827 --_r	r25	param
                         828 --_watchdog	r24	param
                         829 
                         830 	.section ".bss","awb"
                         831 .L958:
                         832 	.type	.L958,@object
                         833 	.size	.L958,0
                         834 	.data
                         835 	.section ".MSR_CODE","ax"
                         836 	.align	2
                         837 
                         838 	.data
                         839 	.ghsnote version,17
                         840 	.ghsnote tools,3
                         841 	.ghsnote options,144
                         842 	.section ".MSR_CODE","ax"
                         843 	.align	2
                         844 ..eof.C.3A.5C_ECU2.5CECU_Rivian_A1.5CTarget.5Crepo_projects.5CpFOTA.5CcL_R2023.2E09.2E01.5Cmake.5Cobj.5CactBNReduce...43.3A.5C_ECU2.5CECU_Rivian_A1.5CTarget.5Crepo_projects.5CpFOTA.5CcL_R2023.2E09.2E01.5Cmake..64F86418..0::
                         845 .rh850_flags REGMODE32,DATA_ALIGN8,GP_FIX,EP_NONFIX,TP_FIX,REG2_RESERVE,G3K,SDA_EXTRA_REGS_0
