                                                                      Page 1
                                                              C:\Users\nhuliyap\AppData\Local\Temp\gh_00001541.s
Command Line: C:\GHS\comp_201517\ease850.exe -w -stderr=err/actBNMontMul.err -elf -b0 -I../source/_common -I../source/common -I../source/ecuabcanif -I../source/ecuabcantrcv -I../source/ecuabcryif -I../source/ecuabfee -I../source/ecuabmemif -I../source/libautosar -I../source/mcalcan -I../source/mcalcry -I../source/mcaldio -I../source/mcaleep -I../source/mcalfls -I../source/mcalmcu -I../source/projectara -I../source/projectcfg -I../source/projectcompiler -I../source/swcservicebswm -I../source/swcservicecantp -I../source/swcservicecomm -I../source/swcservicecsm -I../source/swcservicedcm -I../source/swcservicedem -I../source/swcservicedet -I../source/swcserviceecum -I../source/swcservicenvm -I../source/swcserviceos -I../source/swcservicepdur -I../source/swcserviceschm -I../source/swcservicestartup -I../source/wrappers/swcservicesecm -I../source/wrappers/vsecprim -I../source/wrappers/vstdlib -Ic:/ghs/comp_201517/ansi -Ic:/ghs/comp_201517/include/v800 -Igendata -IC:\GHS\comp_201517\lib\rh850 -cg_underscore -cpu=rh850g3k -nofpu -no_v850_simd -rh850_fpsimd=none -nomacro -patch_dbo=C:\_ECU2\ECU_Rivian_A1\Target\repo_projects\pFOTA\cL_R2023.09.01\make\obj\actBNMontMul.dbo -source=actBNMontMul.c -o obj\gh_00001541.o -list=lst/actBNMontMul.lst C:\Users\nhuliyap\AppData\Local\Temp\gh_00001541.s 
Original File: C:\Users\nhuliyap\AppData\Local\Temp\gh_00001541.s
Source File: actBNMontMul.c
Directory: C:\_ECU2\ECU_Rivian_A1\Target\repo_projects\pFOTA\cL_R2023.09.01\make
Host OS: Windows
EASE: Copyright (C) 1983-2015 Green Hills Software.  All Rights Reserved.
Release: Compiler v2015.1.7
Build Directory: [Directory] BTOWORKER6:c:/build_2015_1_bto/2015-10-21.2100-2015_1_bto/win32-comp-ecom
Revision: [VCInfo] http://toolsvc/branches/release-branch-70-bto/src@544153 (built by build)
Revision Date: Thu Oct 22 07:50:13 2015

Release Date: Thu Oct 22 09:32:32 2015

                           1 --Driver Command: ccrh850 -DBRS_DERIVATIVE_701018 -DBRS_OSC_CLK=16
                           2 --		-DBRS_TIMEBASE_CLOCK=80 -DBRS_EVA_BOARD_
                           3 --		-DBRS_DERIVATIVE_GROUP_F1L -DBRS_OS_USECASE_BRS
                           4 --		-DBRS_PLATFORM_RH850 -DBRS_COMP_GHS
                           5 --		-DBRS_CPU_LOCAL_RAM_SIZE_CORE0=32
                           6 --		-DBRS_CPU_RAM_START_CORE0=0xFEDF8000 -list=lst/actBNMontMul.lst
                           7 --		-object_dir=obj -stderr=err/actBNMontMul.err -c -cpu=rh850
                           8 --		-sda=all -large_sda -prepare_dispose -pragma_asm_inline -no_callt
                           9 --		-inline_prologue -notda -reserve_r2 -fsoft
                          10 --		--unknown_pragma_warnings -list -g -Ogeneral -shortenum
                          11 --		-registermode=32 -I../source/_common -I../source/common
                          12 --		-I../source/ecuabcanif -I../source/ecuabcantrcv
                          13 --		-I../source/ecuabcryif -I../source/ecuabfee
                          14 --		-I../source/ecuabmemif -I../source/libautosar -I../source/mcalcan
                          15 --		-I../source/mcalcry -I../source/mcaldio -I../source/mcaleep
                          16 --		-I../source/mcalfls -I../source/mcalmcu -I../source/projectara
                          17 --		-I../source/projectcfg -I../source/projectcompiler
                          18 --		-I../source/swcservicebswm -I../source/swcservicecantp
                          19 --		-I../source/swcservicecomm -I../source/swcservicecsm
                          20 --		-I../source/swcservicedcm -I../source/swcservicedem
                          21 --		-I../source/swcservicedet -I../source/swcserviceecum
                          22 --		-I../source/swcservicenvm -I../source/swcserviceos
                          23 --		-I../source/swcservicepdur -I../source/swcserviceschm
                          24 --		-I../source/swcservicestartup -I../source/wrappers/swcservicesecm
                          25 --		-I../source/wrappers/vsecprim -I../source/wrappers/vstdlib
                          26 --		-Ic:/ghs/comp_201517/ansi -Ic:/ghs/comp_201517/include/v800
                          27 --		-Igendata ../source/wrappers/vSecPrim/actBNMontMul.c
                          28 --Source File:   ../source/wrappers/vSecPrim/actBNMontMul.c
                          29 --Directory:     
                          30 --		C:\_ECU2\ECU_Rivian_A1\Target\repo_projects\pFOTA\cL_R2023.09.01\make
                          31 --Compile Date:  Wed Sep 06 13:35:49 2023
                          32 --Host OS:       Win32
                          33 --Version:       C-RH850 2015.1.7 RELEASE VERSION
                          34 --Release:       Compiler v2015.1.7
                          35 --Revision Date: Thu Oct 22 08:06:12 2015
                          36 --Release Date:  Thu Oct 22 09:34:32 2015
                          37 -- ecom  -g -w -OM
                          38 	.section ".MSR_CODE","ax"
                          39 	.align	2
                          40 ..bof.C.3A.5C_ECU2.5CECU_Rivian_A1.5CTarget.5Crepo_projects.5CpFOTA.5CcL_R2023.2E09.2E01.5Cmake.5Cobj.5CactBNMontMul...43.3A.5C_ECU2.5CECU_Rivian_A1.5CTarget.5Crepo_projects.5CpFOTA.5CcL_R2023.2E09.2E01.5Cmake..64F86415..0::
                          41 	.align	2
                          42 ..gh.f.f.1.e.0:
                          43 	.type	..gh.f.f.1.e.0,@object
                          44 	.size	..gh.f.f.1.e.0,0
                          45 	.global	_actBNMontMul
                          46 _actBNMontMul:
00000000 8007e1f7         47 	prepare	{r21,r22,r23,r24,r25,r26,r27,r28,r29,r31},0
00000004 06a8             48 	mov	r6,r21
00000006 07b8             49 	mov	r7,r23
00000008 08e0             50 	mov	r8,r28

                                                                      Page 2
                                                              C:\Users\nhuliyap\AppData\Local\Temp\gh_00001541.s
0000000a 09f0             51 	mov	r9,ep
0000000c 23c72900         52 	ld.w	40[sp],r24
                          53 --	    .bf
                          54 .LDW01:
00000010 00d5             55 	sld.w	0[ep],r26
00000012 02dd             56 	sld.w	4[ep],r27
00000014 08b5             57 	sld.w	16[ep],r22
00000016 1830             58 	mov	r24,r6
                          59 	jarl	_actWatchdogTriggerFunction,lp
                          59 <EXPANSION BEGIN>
                          59 jarl22 _actWatchdogTriggerFunction , lp 
00000018 80ff0000*        59 <EXPANSION END>
                          60 --line28
                          61 ..lin.C.3A.5C_ECU2.5CECU_Rivian_A1.5CTarget.5Crepo_projects.5CpFOTA.5CcL_R2023.2E09.2E01.5Cmake.5Cobj.5CactBNMontMul.1::
                          62 .LDWlin1:
0000001c 1c30             63 	mov	r28,r6
0000001e 1b3e0100         64 	addi	1,r27,r7
00000022 0042             65 	mov	0,r8
                          66 	jarl	_actBNSet,lp
                          66 <EXPANSION BEGIN>
                          66 jarl22 _actBNSet , lp 
00000024 80ff0000*        66 <EXPANSION END>
                          67 --line30
                          68 ..lin.C.3A.5C_ECU2.5CECU_Rivian_A1.5CTarget.5Crepo_projects.5CpFOTA.5CcL_R2023.2E09.2E01.5Cmake.5Cobj.5CactBNMontMul.2::
                          69 .LDWlin2:
00000028 00ca             70 	mov	0,r25
0000002a b555*            71 	br	.L7
                          72 .L6:
                          73 --line31
                          74 ..lin.C.3A.5C_ECU2.5CECU_Rivian_A1.5CTarget.5Crepo_projects.5CpFOTA.5CcL_R2023.2E09.2E01.5Cmake.5Cobj.5CactBNMontMul.3::
                          75 .LDWlin3:
0000002c 19f0             76 	mov	r25,ep
0000002e c2f2             77 	shl	2,ep
00000030 d5f1             78 	add	r21,ep
00000032 00ed             79 	sld.w	0[ep],r29
00000034 375f0100         80 	ld.w	0[r23],r11
00000038 1cf0             81 	mov	r28,ep
0000003a 0085             82 	sld.w	0[ep],r16
0000003c 1d60             83 	mov	r29,r12
0000003e eb67226a         84 	mulu	r11,r12,r13
00000042 01fa             85 	mov	1,lp
00000044 cc81             86 	add	r12,r16
00000046 1008             87 	mov	r16,r1
00000048 0185             88 	sst.w	r16,0[ep]
0000004a f60f2202         89 	mulu	r22,r1,zero
0000004e 3a4f0100         90 	ld.w	0[r26],r9
00000052 e06fa28b         91 	adfl	zero,r13,r17
00000056 0150             92 	mov	r1,r10
00000058 e957225a         93 	mulu	r9,r10,r11
0000005c ca81             94 	add	r10,r16
0000005e e05fa27b         95 	adfl	zero,r11,r15
00000062 b525*            96 	br	.L11
                          97 .L10:
                          98 --line42
                          99 ..lin.C.3A.5C_ECU2.5CECU_Rivian_A1.5CTarget.5Crepo_projects.5CpFOTA.5CcL_R2023.2E09.2E01.5Cmake.5Cobj.5CactBNMontMul.4::
                         100 .LDWlin4:
00000064 1f68            101 	mov	lp,r13
00000066 c26a            102 	shl	2,r13
00000068 0d48            103 	mov	r13,r9
0000006a d749            104 	add	r23,r9
0000006c 299f0100        105 	ld.w	0[r9],r19

                                                                      Page 3
                                                              C:\Users\nhuliyap\AppData\Local\Temp\gh_00001541.s
00000070 0df0            106 	mov	r13,ep
00000072 dcf1            107 	add	r28,ep
00000074 1d40            108 	mov	r29,r8
00000076 f347224a        109 	mulu	r19,r8,r9
0000007a 0095            110 	sld.w	0[ep],r18
0000007c 1160            111 	mov	r17,r12
0000007e 0150            112 	mov	r1,r10
00000080 c891            113 	add	r8,r18
00000082 e04fa27b        114 	adfl	zero,r9,r15
00000086 d261            115 	add	r18,r12
00000088 e07fa28b        116 	adfl	zero,r15,r17
0000008c da69            117 	add	r26,r13
0000008e 2d4f0100        118 	ld.w	0[r13],r9
00000092 e957225a        119 	mulu	r9,r10,r11
00000096 ca61            120 	add	r10,r12
00000098 e05fa26b        121 	adfl	zero,r11,r13
0000009c cc31            122 	add	r12,r6
0000009e e06fa27b        123 	adfl	zero,r13,r15
000000a2 7e37fdff        124 	st.w	r6,-4[ep]
000000a6 41fa            125 	add	1,lp
                         126 .L11:
000000a8 0f30            127 	mov	r15,r6
000000aa fbf9            128 	cmp	r27,lp
000000ac c1dd*           129 	bl	.L10
                         130 --line51
                         131 ..lin.C.3A.5C_ECU2.5CECU_Rivian_A1.5CTarget.5Crepo_projects.5CpFOTA.5CcL_R2023.2E09.2E01.5Cmake.5Cobj.5CactBNMontMul.5::
                         132 .LDWlin5:
000000ae 1bf0            133 	mov	r27,ep
000000b0 c2f2            134 	shl	2,ep
000000b2 dcf1            135 	add	r28,ep
000000b4 009d            136 	sld.w	0[ep],r19
000000b6 d389            137 	add	r19,r17
000000b8 e007a27b        138 	adfl	zero,zero,r15
000000bc d131            139 	add	r17,r6
000000be e07fa28b        140 	adfl	zero,r15,r17
000000c2 7e37fdff        141 	st.w	r6,-4[ep]
000000c6 018d            142 	sst.w	r17,0[ep]
000000c8 1830            143 	mov	r24,r6
                         144 	jarl	_actWatchdogTriggerFunction,lp
                         144 <EXPANSION BEGIN>
                         144 jarl22 _actWatchdogTriggerFunction , lp 
000000ca 80ff0000*       144 <EXPANSION END>
                         145 --line30
                         146 ..lin.C.3A.5C_ECU2.5CECU_Rivian_A1.5CTarget.5Crepo_projects.5CpFOTA.5CcL_R2023.2E09.2E01.5Cmake.5Cobj.5CactBNMontMul.6::
                         147 .LDWlin6:
000000ce 41ca            148 	add	1,r25
                         149 .L7:
000000d0 fbc9            150 	cmp	r27,r25
000000d2 d1ad*           151 	bl	.L6
                         152 --line58
                         153 ..lin.C.3A.5C_ECU2.5CECU_Rivian_A1.5CTarget.5Crepo_projects.5CpFOTA.5CcL_R2023.2E09.2E01.5Cmake.5Cobj.5CactBNMontMul.7::
                         154 .LDWlin7:
000000d4 1be8            155 	mov	r27,r29
000000d6 c2ea            156 	shl	2,r29
000000d8 dce9            157 	add	r28,r29
000000da 3d8f0100        158 	ld.w	0[r29],r17
000000de 1c30            159 	mov	r28,r6
000000e0 1a38            160 	mov	r26,r7
000000e2 618a            161 	cmp	1,r17
000000e4 8a0d*           162 	bne	.L12
                         163 --line59

                                                                      Page 4
                                                              C:\Users\nhuliyap\AppData\Local\Temp\gh_00001541.s
                         164 ..lin.C.3A.5C_ECU2.5CECU_Rivian_A1.5CTarget.5Crepo_projects.5CpFOTA.5CcL_R2023.2E09.2E01.5Cmake.5Cobj.5CactBNMontMul.8::
                         165 .LDWlin8:
000000e6 1c40            166 	mov	r28,r8
000000e8 1b48            167 	mov	r27,r9
                         168 	jarl	_actBNSub,lp
                         168 <EXPANSION BEGIN>
                         168 jarl22 _actBNSub , lp 
000000ea 80ff0000*       168 <EXPANSION END>
                         169 --line60
                         170 ..lin.C.3A.5C_ECU2.5CECU_Rivian_A1.5CTarget.5Crepo_projects.5CpFOTA.5CcL_R2023.2E09.2E01.5Cmake.5Cobj.5CactBNMontMul.9::
                         171 .LDWlin9:
000000ee 7d070100        172 	st.w	zero,0[r29]
000000f2 8515*           173 	br	.L14
                         174 .L12:
                         175 --line63
                         176 ..lin.C.3A.5C_ECU2.5CECU_Rivian_A1.5CTarget.5Crepo_projects.5CpFOTA.5CcL_R2023.2E09.2E01.5Cmake.5Cobj.5CactBNMontMul.10::
                         177 .LDWlin10:
000000f4 1b40            178 	mov	r27,r8
                         179 	jarl	_actBNCompare,lp
                         179 <EXPANSION BEGIN>
                         179 jarl22 _actBNCompare , lp 
000000f6 80ff0000*       179 <EXPANSION END>
000000fa 0a06efff        180 	addi	-17,r10,zero
000000fe a90d*           181 	bnl	.L14
                         182 --line64
                         183 ..lin.C.3A.5C_ECU2.5CECU_Rivian_A1.5CTarget.5Crepo_projects.5CpFOTA.5CcL_R2023.2E09.2E01.5Cmake.5Cobj.5CactBNMontMul.11::
                         184 .LDWlin11:
00000100 1830            185 	mov	r24,r6
                         186 	jarl	_actWatchdogTriggerFunction,lp
                         186 <EXPANSION BEGIN>
                         186 jarl22 _actWatchdogTriggerFunction , lp 
00000102 80ff0000*       186 <EXPANSION END>
                         187 --line65
                         188 ..lin.C.3A.5C_ECU2.5CECU_Rivian_A1.5CTarget.5Crepo_projects.5CpFOTA.5CcL_R2023.2E09.2E01.5Cmake.5Cobj.5CactBNMontMul.12::
                         189 .LDWlin12:
00000106 1c30            190 	mov	r28,r6
00000108 1a38            191 	mov	r26,r7
0000010a 1c40            192 	mov	r28,r8
0000010c 1b48            193 	mov	r27,r9
                         194 	jarl	_actBNSub,lp
                         194 <EXPANSION BEGIN>
                         194 jarl22 _actBNSub , lp 
0000010e 80ff0000*       194 <EXPANSION END>
                         195 .L14:
                         196 --line69
                         197 ..lin.C.3A.5C_ECU2.5CECU_Rivian_A1.5CTarget.5Crepo_projects.5CpFOTA.5CcL_R2023.2E09.2E01.5Cmake.5Cobj.5CactBNMontMul.13::
                         198 .LDWlin13:
00000112 1830            199 	mov	r24,r6
                         200 	jarl	_actWatchdogTriggerFunction,lp
                         200 <EXPANSION BEGIN>
                         200 jarl22 _actWatchdogTriggerFunction , lp 
00000114 80ff0000*       200 <EXPANSION END>
                         201 --	    .ef
                         202 .LDW11:
                         203 --line70
                         204 ..lin.C.3A.5C_ECU2.5CECU_Rivian_A1.5CTarget.5Crepo_projects.5CpFOTA.5CcL_R2023.2E09.2E01.5Cmake.5Cobj.5CactBNMontMul.14::
                         205 .LDWlin14:
00000118 4006fff7        206 	dispose	0,{r21,r22,r23,r24,r25,r26,r27,r28,r29,r31},[lp]
                         207 	.type	_actBNMontMul,@function
                         208 	.size	_actBNMontMul,.-_actBNMontMul
                         209 	.align	2

                                                                      Page 5
                                                              C:\Users\nhuliyap\AppData\Local\Temp\gh_00001541.s
                         210 .LDW21:
                         211 --_m	r26	local
                         212 --_n	r27	local
                         213 --_m_bar	r22	local
                         214 --_u_i	r1	local
                         215 --_x_i	r29	local
                         216 --_tmp1	r16	local
                         217 --_tmp2	r14	local
                         218 --_i	r25	local
                         219 --_j	lp	local
                         220 
                         221 --_x	r21	param
                         222 --_y	r23	param
                         223 --_A	r28	param
                         224 --_Ring	ep	param
                         225 --_watchdog	r24	param
                         226 
                         227 	.section ".bss","awb"
                         228 .L83:
                         229 	.type	.L83,@object
                         230 	.size	.L83,0
                         231 	.data
                         232 	.section ".MSR_CODE","ax"
                         233 	.align	2
                         234 	.align	2
                         235 ..gh.f.f.1.e.1:
                         236 	.type	..gh.f.f.1.e.1,@object
                         237 	.size	..gh.f.f.1.e.1,0
                         238 	.global	_actBNMontMulCopy
                         239 _actBNMontMulCopy:
0000011c 8207e310        240 	prepare	{r27,r28,r29,r31},1,sp
00000120 06e8            241 	mov	r6,r29
00000122 08e0            242 	mov	r8,r28
00000124 09d8            243 	mov	r9,r27
00000126 0a9d            244 	sld.w	20[ep],r19
                         245 --	    .bf
                         246 .LDW31:
00000128 019d            247 	sst.w	r19,0[ep]
                         248 	jarl	_actBNMontMul,lp
                         248 <EXPANSION BEGIN>
                         248 jarl22 _actBNMontMul , lp 
0000012a bfffd6fe*       248 <EXPANSION END>
                         249 --line80
                         250 ..lin.C.3A.5C_ECU2.5CECU_Rivian_A1.5CTarget.5Crepo_projects.5CpFOTA.5CcL_R2023.2E09.2E01.5Cmake.5Cobj.5CactBNMontMul.15::
                         251 .LDWlin15:
0000012e 008a            252 	mov	0,r17
00000130 a50d*           253 	br	.L196
                         254 .L195:
                         255 --line81
                         256 ..lin.C.3A.5C_ECU2.5CECU_Rivian_A1.5CTarget.5Crepo_projects.5CpFOTA.5CcL_R2023.2E09.2E01.5Cmake.5Cobj.5CactBNMontMul.16::
                         257 .LDWlin16:
00000132 1190            258 	mov	r17,r18
00000134 c292            259 	shl	2,r18
00000136 12f0            260 	mov	r18,ep
00000138 dc91            261 	add	r28,r18
0000013a 32970100        262 	ld.w	0[r18],r18
0000013e ddf1            263 	add	r29,ep
00000140 418a            264 	add	1,r17
00000142 0195            265 	sst.w	r18,0[ep]
                         266 .L196:
00000144 3b870500        267 	ld.w	4[r27],r16

                                                                      Page 6
                                                              C:\Users\nhuliyap\AppData\Local\Temp\gh_00001541.s
00000148 f089            268 	cmp	r16,r17
0000014a c1f5*           269 	bl	.L195
                         270 --	    .ef
                         271 .LDW41:
                         272 --line83
                         273 ..lin.C.3A.5C_ECU2.5CECU_Rivian_A1.5CTarget.5Crepo_projects.5CpFOTA.5CcL_R2023.2E09.2E01.5Cmake.5Cobj.5CactBNMontMul.17::
                         274 .LDWlin17:
0000014c 4206ff10        275 	dispose	1,{r27,r28,r29,r31},[lp]
                         276 	.type	_actBNMontMulCopy,@function
                         277 	.size	_actBNMontMulCopy,.-_actBNMontMulCopy
                         278 	.align	2
                         279 .LDW51:
                         280 --_i	r17	local
                         281 
                         282 --_x	r29	param
                         283 --_y	r7	param
                         284 --_A	r28	param
                         285 --_Ring	r27	param
                         286 --_watchdog	r19	param
                         287 
                         288 	.section ".bss","awb"
                         289 .L235:
                         290 	.type	.L235,@object
                         291 	.size	.L235,0
                         292 	.data
                         293 	.section ".MSR_CODE","ax"
                         294 	.align	2
                         295 
                         296 	.data
                         297 	.ghsnote version,17
                         298 	.ghsnote tools,3
                         299 	.ghsnote options,144
                         300 	.section ".MSR_CODE","ax"
                         301 	.align	2
                         302 ..eof.C.3A.5C_ECU2.5CECU_Rivian_A1.5CTarget.5Crepo_projects.5CpFOTA.5CcL_R2023.2E09.2E01.5Cmake.5Cobj.5CactBNMontMul...43.3A.5C_ECU2.5CECU_Rivian_A1.5CTarget.5Crepo_projects.5CpFOTA.5CcL_R2023.2E09.2E01.5Cmake..64F86415..0::
                         303 .rh850_flags REGMODE32,DATA_ALIGN8,GP_FIX,EP_NONFIX,TP_FIX,REG2_RESERVE,G3K,SDA_EXTRA_REGS_0
