                                                                      Page 1
                                                              C:\Users\nhuliyap\AppData\Local\Temp\gh_00008m41.s
Command Line: C:\GHS\comp_201517\ease850.exe -w -stderr=err/actBNSub.err -elf -b0 -I../source/_common -I../source/common -I../source/ecuabcanif -I../source/ecuabcantrcv -I../source/ecuabcryif -I../source/ecuabfee -I../source/ecuabmemif -I../source/libautosar -I../source/mcalcan -I../source/mcalcry -I../source/mcaldio -I../source/mcaleep -I../source/mcalfls -I../source/mcalmcu -I../source/projectara -I../source/projectcfg -I../source/projectcompiler -I../source/swcservicebswm -I../source/swcservicecantp -I../source/swcservicecomm -I../source/swcservicecsm -I../source/swcservicedcm -I../source/swcservicedem -I../source/swcservicedet -I../source/swcserviceecum -I../source/swcservicenvm -I../source/swcserviceos -I../source/swcservicepdur -I../source/swcserviceschm -I../source/swcservicestartup -I../source/wrappers/swcservicesecm -I../source/wrappers/vsecprim -I../source/wrappers/vstdlib -Ic:/ghs/comp_201517/ansi -Ic:/ghs/comp_201517/include/v800 -Igendata -IC:\GHS\comp_201517\lib\rh850 -cg_underscore -cpu=rh850g3k -nofpu -no_v850_simd -rh850_fpsimd=none -nomacro -patch_dbo=C:\_ECU2\ECU_Rivian_A1\Target\repo_projects\pFOTA\cL_R2023.09.01\make\obj\actBNSub.dbo -source=actBNSub.c -o obj\gh_00008m41.o -list=lst/actBNSub.lst C:\Users\nhuliyap\AppData\Local\Temp\gh_00008m41.s 
Original File: C:\Users\nhuliyap\AppData\Local\Temp\gh_00008m41.s
Source File: actBNSub.c
Directory: C:\_ECU2\ECU_Rivian_A1\Target\repo_projects\pFOTA\cL_R2023.09.01\make
Host OS: Windows
EASE: Copyright (C) 1983-2015 Green Hills Software.  All Rights Reserved.
Release: Compiler v2015.1.7
Build Directory: [Directory] BTOWORKER6:c:/build_2015_1_bto/2015-10-21.2100-2015_1_bto/win32-comp-ecom
Revision: [VCInfo] http://toolsvc/branches/release-branch-70-bto/src@544153 (built by build)
Revision Date: Thu Oct 22 07:50:13 2015

Release Date: Thu Oct 22 09:32:32 2015

                           1 --Driver Command: ccrh850 -DBRS_DERIVATIVE_701018 -DBRS_OSC_CLK=16
                           2 --		-DBRS_TIMEBASE_CLOCK=80 -DBRS_EVA_BOARD_
                           3 --		-DBRS_DERIVATIVE_GROUP_F1L -DBRS_OS_USECASE_BRS
                           4 --		-DBRS_PLATFORM_RH850 -DBRS_COMP_GHS
                           5 --		-DBRS_CPU_LOCAL_RAM_SIZE_CORE0=32
                           6 --		-DBRS_CPU_RAM_START_CORE0=0xFEDF8000 -list=lst/actBNSub.lst
                           7 --		-object_dir=obj -stderr=err/actBNSub.err -c -cpu=rh850 -sda=all
                           8 --		-large_sda -prepare_dispose -pragma_asm_inline -no_callt
                           9 --		-inline_prologue -notda -reserve_r2 -fsoft
                          10 --		--unknown_pragma_warnings -list -g -Ogeneral -shortenum
                          11 --		-registermode=32 -I../source/_common -I../source/common
                          12 --		-I../source/ecuabcanif -I../source/ecuabcantrcv
                          13 --		-I../source/ecuabcryif -I../source/ecuabfee
                          14 --		-I../source/ecuabmemif -I../source/libautosar -I../source/mcalcan
                          15 --		-I../source/mcalcry -I../source/mcaldio -I../source/mcaleep
                          16 --		-I../source/mcalfls -I../source/mcalmcu -I../source/projectara
                          17 --		-I../source/projectcfg -I../source/projectcompiler
                          18 --		-I../source/swcservicebswm -I../source/swcservicecantp
                          19 --		-I../source/swcservicecomm -I../source/swcservicecsm
                          20 --		-I../source/swcservicedcm -I../source/swcservicedem
                          21 --		-I../source/swcservicedet -I../source/swcserviceecum
                          22 --		-I../source/swcservicenvm -I../source/swcserviceos
                          23 --		-I../source/swcservicepdur -I../source/swcserviceschm
                          24 --		-I../source/swcservicestartup -I../source/wrappers/swcservicesecm
                          25 --		-I../source/wrappers/vsecprim -I../source/wrappers/vstdlib
                          26 --		-Ic:/ghs/comp_201517/ansi -Ic:/ghs/comp_201517/include/v800
                          27 --		-Igendata ../source/wrappers/vSecPrim/actBNSub.c
                          28 --Source File:   ../source/wrappers/vSecPrim/actBNSub.c
                          29 --Directory:     
                          30 --		C:\_ECU2\ECU_Rivian_A1\Target\repo_projects\pFOTA\cL_R2023.09.01\make
                          31 --Compile Date:  Wed Sep 06 13:35:54 2023
                          32 --Host OS:       Win32
                          33 --Version:       C-RH850 2015.1.7 RELEASE VERSION
                          34 --Release:       Compiler v2015.1.7
                          35 --Revision Date: Thu Oct 22 08:06:12 2015
                          36 --Release Date:  Thu Oct 22 09:34:32 2015
                          37 -- ecom  -g -w -OM
                          38 	.section ".MSR_CODE","ax"
                          39 	.align	2
                          40 ..bof.C.3A.5C_ECU2.5CECU_Rivian_A1.5CTarget.5Crepo_projects.5CpFOTA.5CcL_R2023.2E09.2E01.5Cmake.5Cobj.5CactBNSub...43.3A.5C_ECU2.5CECU_Rivian_A1.5CTarget.5Crepo_projects.5CpFOTA.5CcL_R2023.2E09.2E01.5Cmake..64F8641A..0::
                          41 	.align	2
                          42 ..gh.f.f.1.e.0:
                          43 	.type	..gh.f.f.1.e.0,@object
                          44 	.size	..gh.f.f.1.e.0,0
                          45 	.global	_actBNSub
                          46 _actBNSub:
                          47 --	    .bf
                          48 .LDW01:
00000000 018a             49 	mov	1,r17
00000002 0092             50 	mov	0,r18

                                                                      Page 2
                                                              C:\Users\nhuliyap\AppData\Local\Temp\gh_00008m41.s
00000004 851d*            51 	br	.L7
                          52 .L6:
                          53 --line22
                          54 ..lin.C.3A.5C_ECU2.5CECU_Rivian_A1.5CTarget.5Crepo_projects.5CpFOTA.5CcL_R2023.2E09.2E01.5Cmake.5Cobj.5CactBNSub.1::
                          55 .LDWlin1:
00000006 1298             56 	mov	r18,r19
00000008 c29a             57 	shl	2,r19
0000000a 13f0             58 	mov	r19,ep
0000000c c6f1             59 	add	r6,ep
0000000e 006d             60 	sld.w	0[ep],r13
00000010 13f0             61 	mov	r19,ep
00000012 c7f1             62 	add	r7,ep
00000014 0065             63 	sld.w	0[ep],r12
00000016 015a             64 	mov	1,r11
00000018 1180             65 	mov	r17,r16
0000001a ac69             66 	sub	r12,r13
0000001c e05f827b         67 	sbfl	zero,r11,r15
00000020 cd81             68 	add	r13,r16
00000022 e07fa26b         69 	adfl	zero,r15,r13
00000026 ab81             70 	sub	r11,r16
00000028 e06f828b         71 	sbfl	zero,r13,r17
0000002c c899             72 	add	r8,r19
0000002e 73870100         73 	st.w	r16,0[r19]
00000032 4192             74 	add	1,r18
                          75 .L7:
00000034 e991             76 	cmp	r9,r18
00000036 81ed*            77 	bl	.L6
                          78 --	    .ef
                          79 .LDW11:
                          80 --line25
                          81 ..lin.C.3A.5C_ECU2.5CECU_Rivian_A1.5CTarget.5Crepo_projects.5CpFOTA.5CcL_R2023.2E09.2E01.5Cmake.5Cobj.5CactBNSub.2::
                          82 .LDWlin2:
00000038 7f00             83 	jmp	[lp]
                          84 	.type	_actBNSub,@function
                          85 	.size	_actBNSub,.-_actBNSub
                          86 	.align	2
                          87 .LDW21:
                          88 --_i	r18	local
                          89 --_tmp	r16	local
                          90 
                          91 --_a	r1	param
                          92 --_b	r29	param
                          93 --_c	r28	param
                          94 --_length	r27	param
                          95 
                          96 	.section ".bss","awb"
                          97 .L43:
                          98 	.type	.L43,@object
                          99 	.size	.L43,0
                         100 	.data
                         101 	.section ".MSR_CODE","ax"
                         102 	.align	2
                         103 	.align	2
                         104 ..gh.f.f.1.e.1:
                         105 	.type	..gh.f.f.1.e.1,@object
                         106 	.size	..gh.f.f.1.e.1,0
                         107 	.global	_actBNSubDigit
                         108 _actBNSubDigit:
                         109 --	    .bf
                         110 .LDW31:
0000003a 0780            111 	mov	r7,r16

                                                                      Page 3
                                                              C:\Users\nhuliyap\AppData\Local\Temp\gh_00008m41.s
0000003c 0052            112 	mov	0,r10
0000003e 8515*           113 	br	.L90
                         114 .L89:
                         115 --line37
                         116 ..lin.C.3A.5C_ECU2.5CECU_Rivian_A1.5CTarget.5Crepo_projects.5CpFOTA.5CcL_R2023.2E09.2E01.5Cmake.5Cobj.5CactBNSub.3::
                         117 .LDWlin3:
00000040 0a58            118 	mov	r10,r11
00000042 c25a            119 	shl	2,r11
00000044 0bf0            120 	mov	r11,ep
00000046 c6f1            121 	add	r6,ep
00000048 0095            122 	sld.w	0[ep],r18
0000004a b091            123 	sub	r16,r18
0000004c e007826b        124 	sbfl	zero,zero,r13
00000050 c859            125 	add	r8,r11
00000052 e069            126 	cmp	zero,r13
00000054 ea870000        127 	setfne	r16
00000058 6b970100        128 	st.w	r18,0[r11]
0000005c 4152            129 	add	1,r10
                         130 .L90:
0000005e e081            131 	cmp	zero,r16
00000060 b205*           132 	be	.L85
00000062 e951            133 	cmp	r9,r10
00000064 e1ed*           134 	bl	.L89
                         135 .L85:
                         136 --	    .ef
                         137 .LDW41:
                         138 --line47
                         139 ..lin.C.3A.5C_ECU2.5CECU_Rivian_A1.5CTarget.5Crepo_projects.5CpFOTA.5CcL_R2023.2E09.2E01.5Cmake.5Cobj.5CactBNSub.4::
                         140 .LDWlin4:
00000066 7f00            141 	jmp	[lp]
                         142 	.type	_actBNSubDigit,@function
                         143 	.size	_actBNSubDigit,.-_actBNSubDigit
                         144 	.align	2
                         145 .LDW51:
                         146 --_i	r10	local
                         147 --_tmp	r12	local
                         148 --_carry	r16	local
                         149 
                         150 --_a	r6	param
                         151 --_b	r7	param
                         152 --_c	r8	param
                         153 --_length	r19	param
                         154 
                         155 	.section ".bss","awb"
                         156 .L144:
                         157 	.type	.L144,@object
                         158 	.size	.L144,0
                         159 	.data
                         160 	.section ".MSR_CODE","ax"
                         161 	.align	2
                         162 
                         163 	.data
                         164 	.ghsnote version,17
                         165 	.ghsnote tools,3
                         166 	.ghsnote options,144
                         167 	.section ".MSR_CODE","ax"
                         168 	.align	2
                         169 ..eof.C.3A.5C_ECU2.5CECU_Rivian_A1.5CTarget.5Crepo_projects.5CpFOTA.5CcL_R2023.2E09.2E01.5Cmake.5Cobj.5CactBNSub...43.3A.5C_ECU2.5CECU_Rivian_A1.5CTarget.5Crepo_projects.5CpFOTA.5CcL_R2023.2E09.2E01.5Cmake..64F8641A..0::
                         170 .rh850_flags REGMODE32,DATA_ALIGN8,GP_FIX,EP_NONFIX,TP_FIX,REG2_RESERVE,G3K,SDA_EXTRA_REGS_0
