                                                                      Page 1
                                                              C:\Users\nhuliyap\AppData\Local\Temp\gh_00002do1.s
Command Line: C:\GHS\comp_201517\ease850.exe -w -stderr=err/actBNModSub.err -elf -b0 -I../source/_common -I../source/common -I../source/ecuabcanif -I../source/ecuabcantrcv -I../source/ecuabcryif -I../source/ecuabfee -I../source/ecuabmemif -I../source/libautosar -I../source/mcalcan -I../source/mcalcry -I../source/mcaldio -I../source/mcaleep -I../source/mcalfls -I../source/mcalmcu -I../source/projectara -I../source/projectcfg -I../source/projectcompiler -I../source/swcservicebswm -I../source/swcservicecantp -I../source/swcservicecomm -I../source/swcservicecsm -I../source/swcservicedcm -I../source/swcservicedem -I../source/swcservicedet -I../source/swcserviceecum -I../source/swcservicenvm -I../source/swcserviceos -I../source/swcservicepdur -I../source/swcserviceschm -I../source/swcservicestartup -I../source/wrappers/swcservicesecm -I../source/wrappers/vsecprim -I../source/wrappers/vstdlib -Ic:/ghs/comp_201517/ansi -Ic:/ghs/comp_201517/include/v800 -Igendata -IC:\GHS\comp_201517\lib\rh850 -cg_underscore -cpu=rh850g3k -nofpu -no_v850_simd -rh850_fpsimd=none -nomacro -patch_dbo=C:\_ECU2\ECU_Rivian_A1\Target\repo_projects\pFOTA\cL_R2023.09.01\make\obj\actBNModSub.dbo -source=actBNModSub.c -o obj\gh_00002do1.o -list=lst/actBNModSub.lst C:\Users\nhuliyap\AppData\Local\Temp\gh_00002do1.s 
Original File: C:\Users\nhuliyap\AppData\Local\Temp\gh_00002do1.s
Source File: actBNModSub.c
Directory: C:\_ECU2\ECU_Rivian_A1\Target\repo_projects\pFOTA\cL_R2023.09.01\make
Host OS: Windows
EASE: Copyright (C) 1983-2015 Green Hills Software.  All Rights Reserved.
Release: Compiler v2015.1.7
Build Directory: [Directory] BTOWORKER6:c:/build_2015_1_bto/2015-10-21.2100-2015_1_bto/win32-comp-ecom
Revision: [VCInfo] http://toolsvc/branches/release-branch-70-bto/src@544153 (built by build)
Revision Date: Thu Oct 22 07:50:13 2015

Release Date: Thu Oct 22 09:32:32 2015

                           1 --Driver Command: ccrh850 -DBRS_DERIVATIVE_701018 -DBRS_OSC_CLK=16
                           2 --		-DBRS_TIMEBASE_CLOCK=80 -DBRS_EVA_BOARD_
                           3 --		-DBRS_DERIVATIVE_GROUP_F1L -DBRS_OS_USECASE_BRS
                           4 --		-DBRS_PLATFORM_RH850 -DBRS_COMP_GHS
                           5 --		-DBRS_CPU_LOCAL_RAM_SIZE_CORE0=32
                           6 --		-DBRS_CPU_RAM_START_CORE0=0xFEDF8000 -list=lst/actBNModSub.lst
                           7 --		-object_dir=obj -stderr=err/actBNModSub.err -c -cpu=rh850
                           8 --		-sda=all -large_sda -prepare_dispose -pragma_asm_inline -no_callt
                           9 --		-inline_prologue -notda -reserve_r2 -fsoft
                          10 --		--unknown_pragma_warnings -list -g -Ogeneral -shortenum
                          11 --		-registermode=32 -I../source/_common -I../source/common
                          12 --		-I../source/ecuabcanif -I../source/ecuabcantrcv
                          13 --		-I../source/ecuabcryif -I../source/ecuabfee
                          14 --		-I../source/ecuabmemif -I../source/libautosar -I../source/mcalcan
                          15 --		-I../source/mcalcry -I../source/mcaldio -I../source/mcaleep
                          16 --		-I../source/mcalfls -I../source/mcalmcu -I../source/projectara
                          17 --		-I../source/projectcfg -I../source/projectcompiler
                          18 --		-I../source/swcservicebswm -I../source/swcservicecantp
                          19 --		-I../source/swcservicecomm -I../source/swcservicecsm
                          20 --		-I../source/swcservicedcm -I../source/swcservicedem
                          21 --		-I../source/swcservicedet -I../source/swcserviceecum
                          22 --		-I../source/swcservicenvm -I../source/swcserviceos
                          23 --		-I../source/swcservicepdur -I../source/swcserviceschm
                          24 --		-I../source/swcservicestartup -I../source/wrappers/swcservicesecm
                          25 --		-I../source/wrappers/vsecprim -I../source/wrappers/vstdlib
                          26 --		-Ic:/ghs/comp_201517/ansi -Ic:/ghs/comp_201517/include/v800
                          27 --		-Igendata ../source/wrappers/vSecPrim/actBNModSub.c
                          28 --Source File:   ../source/wrappers/vSecPrim/actBNModSub.c
                          29 --Directory:     
                          30 --		C:\_ECU2\ECU_Rivian_A1\Target\repo_projects\pFOTA\cL_R2023.09.01\make
                          31 --Compile Date:  Wed Sep 06 13:35:47 2023
                          32 --Host OS:       Win32
                          33 --Version:       C-RH850 2015.1.7 RELEASE VERSION
                          34 --Release:       Compiler v2015.1.7
                          35 --Revision Date: Thu Oct 22 08:06:12 2015
                          36 --Release Date:  Thu Oct 22 09:34:32 2015
                          37 -- ecom  -g -w -OM
                          38 	.section ".MSR_CODE","ax"
                          39 	.align	2
                          40 ..bof.C.3A.5C_ECU2.5CECU_Rivian_A1.5CTarget.5Crepo_projects.5CpFOTA.5CcL_R2023.2E09.2E01.5Cmake.5Cobj.5CactBNModSub...43.3A.5C_ECU2.5CECU_Rivian_A1.5CTarget.5Crepo_projects.5CpFOTA.5CcL_R2023.2E09.2E01.5Cmake..64F86414..0::
                          41 	.align	2
                          42 ..gh.f.f.1.e.0:
                          43 	.type	..gh.f.f.1.e.0,@object
                          44 	.size	..gh.f.f.1.e.0,0
                          45 	.global	_actBNModSub
                          46 _actBNModSub:
00000000 8007e170         47 	prepare	{r25,r26,r27,r28,r29,r31},0
00000004 06d8             48 	mov	r6,r27
00000006 07d0             49 	mov	r7,r26
00000008 08e0             50 	mov	r8,r28

                                                                      Page 2
                                                              C:\Users\nhuliyap\AppData\Local\Temp\gh_00002do1.s
0000000a 09c8             51 	mov	r9,r25
0000000c 23371900         52 	ld.w	24[sp],r6
                          53 --	    .bf
                          54 .LDW01:
00000010 29ef0500         55 	ld.w	4[r9],r29
                          56 	jarl	_actWatchdogTriggerFunction,lp
                          56 <EXPANSION BEGIN>
                          56 jarl22 _actWatchdogTriggerFunction , lp 
00000014 80ff0000*        56 <EXPANSION END>
                          57 --line24
                          58 ..lin.C.3A.5C_ECU2.5CECU_Rivian_A1.5CTarget.5Crepo_projects.5CpFOTA.5CcL_R2023.2E09.2E01.5Cmake.5Cobj.5CactBNModSub.1::
                          59 .LDWlin1:
00000018 1b30             60 	mov	r27,r6
0000001a 1a38             61 	mov	r26,r7
0000001c 1d40             62 	mov	r29,r8
                          63 	jarl	_actBNCompare,lp
                          63 <EXPANSION BEGIN>
                          63 jarl22 _actBNCompare , lp 
0000001e 80ff0000*        63 <EXPANSION END>
00000022 0a06f0ff         64 	addi	-16,r10,zero
00000026 ba0d*            65 	bne	.L4
                          66 --line25
                          67 ..lin.C.3A.5C_ECU2.5CECU_Rivian_A1.5CTarget.5Crepo_projects.5CpFOTA.5CcL_R2023.2E09.2E01.5Cmake.5Cobj.5CactBNModSub.2::
                          68 .LDWlin2:
00000028 1a30             69 	mov	r26,r6
0000002a 1b38             70 	mov	r27,r7
0000002c 1c40             71 	mov	r28,r8
0000002e 1d48             72 	mov	r29,r9
                          73 	jarl	_actBNSub,lp
                          73 <EXPANSION BEGIN>
                          73 jarl22 _actBNSub , lp 
00000030 80ff0000*        73 <EXPANSION END>
                          74 --line26
                          75 ..lin.C.3A.5C_ECU2.5CECU_Rivian_A1.5CTarget.5Crepo_projects.5CpFOTA.5CcL_R2023.2E09.2E01.5Cmake.5Cobj.5CactBNModSub.3::
                          76 .LDWlin3:
00000034 39df0100         77 	ld.w	0[r25],r27
00000038 1c38             78 	mov	r28,r7
0000003a a505*            79 	br	.L28
                          80 .L4:
0000003c 1a38             81 	mov	r26,r7
                          82 .L28:
                          83 --line29
                          84 ..lin.C.3A.5C_ECU2.5CECU_Rivian_A1.5CTarget.5Crepo_projects.5CpFOTA.5CcL_R2023.2E09.2E01.5Cmake.5Cobj.5CactBNModSub.4::
                          85 .LDWlin4:
0000003e 1b30             86 	mov	r27,r6
00000040 1c40             87 	mov	r28,r8
00000042 1d48             88 	mov	r29,r9
                          89 	jarl	_actBNSub,lp
                          89 <EXPANSION BEGIN>
                          89 jarl22 _actBNSub , lp 
00000044 80ff0000*        89 <EXPANSION END>
                          90 --	    .ef
                          91 .LDW11:
                          92 --line31
                          93 ..lin.C.3A.5C_ECU2.5CECU_Rivian_A1.5CTarget.5Crepo_projects.5CpFOTA.5CcL_R2023.2E09.2E01.5Cmake.5Cobj.5CactBNModSub.5::
                          94 .LDWlin5:
00000048 4006ff70         95 	dispose	0,{r25,r26,r27,r28,r29,r31},[lp]
                          96 	.type	_actBNModSub,@function
                          97 	.size	_actBNModSub,.-_actBNModSub
                          98 	.align	2
                          99 .LDW21:

                                                                      Page 3
                                                              C:\Users\nhuliyap\AppData\Local\Temp\gh_00002do1.s
                         100 --_length	r29	local
                         101 
                         102 --_a	r27	param
                         103 --_b	r26	param
                         104 --_c	r28	param
                         105 --_Ring	r25	param
                         106 --_watchdog	r19	param
                         107 
                         108 	.section ".bss","awb"
                         109 .L59:
                         110 	.type	.L59,@object
                         111 	.size	.L59,0
                         112 	.data
                         113 	.section ".MSR_CODE","ax"
                         114 	.align	2
                         115 
                         116 	.data
                         117 	.ghsnote version,17
                         118 	.ghsnote tools,3
                         119 	.ghsnote options,144
                         120 	.section ".MSR_CODE","ax"
                         121 	.align	2
                         122 ..eof.C.3A.5C_ECU2.5CECU_Rivian_A1.5CTarget.5Crepo_projects.5CpFOTA.5CcL_R2023.2E09.2E01.5Cmake.5Cobj.5CactBNModSub...43.3A.5C_ECU2.5CECU_Rivian_A1.5CTarget.5Crepo_projects.5CpFOTA.5CcL_R2023.2E09.2E01.5Cmake..64F86414..0::
                         123 .rh850_flags REGMODE32,DATA_ALIGN8,GP_FIX,EP_NONFIX,TP_FIX,REG2_RESERVE,G3K,SDA_EXTRA_REGS_0
