                                                                      Page 1
                                                              C:\Users\nhuliyap\AppData\Local\Temp\gh_000063k1.s
Command Line: C:\GHS\comp_201517\ease850.exe -w -stderr=err/actBNAdd.err -elf -b0 -I../source/_common -I../source/common -I../source/ecuabcanif -I../source/ecuabcantrcv -I../source/ecuabcryif -I../source/ecuabfee -I../source/ecuabmemif -I../source/libautosar -I../source/mcalcan -I../source/mcalcry -I../source/mcaldio -I../source/mcaleep -I../source/mcalfls -I../source/mcalmcu -I../source/projectara -I../source/projectcfg -I../source/projectcompiler -I../source/swcservicebswm -I../source/swcservicecantp -I../source/swcservicecomm -I../source/swcservicecsm -I../source/swcservicedcm -I../source/swcservicedem -I../source/swcservicedet -I../source/swcserviceecum -I../source/swcservicenvm -I../source/swcserviceos -I../source/swcservicepdur -I../source/swcserviceschm -I../source/swcservicestartup -I../source/wrappers/swcservicesecm -I../source/wrappers/vsecprim -I../source/wrappers/vstdlib -Ic:/ghs/comp_201517/ansi -Ic:/ghs/comp_201517/include/v800 -Igendata -IC:\GHS\comp_201517\lib\rh850 -cg_underscore -cpu=rh850g3k -nofpu -no_v850_simd -rh850_fpsimd=none -nomacro -patch_dbo=C:\_ECU2\ECU_Rivian_A1\Target\repo_projects\pFOTA\cL_R2023.09.01\make\obj\actBNAdd.dbo -source=actBNAdd.c -o obj\gh_000063k1.o -list=lst/actBNAdd.lst C:\Users\nhuliyap\AppData\Local\Temp\gh_000063k1.s 
Original File: C:\Users\nhuliyap\AppData\Local\Temp\gh_000063k1.s
Source File: actBNAdd.c
Directory: C:\_ECU2\ECU_Rivian_A1\Target\repo_projects\pFOTA\cL_R2023.09.01\make
Host OS: Windows
EASE: Copyright (C) 1983-2015 Green Hills Software.  All Rights Reserved.
Release: Compiler v2015.1.7
Build Directory: [Directory] BTOWORKER6:c:/build_2015_1_bto/2015-10-21.2100-2015_1_bto/win32-comp-ecom
Revision: [VCInfo] http://toolsvc/branches/release-branch-70-bto/src@544153 (built by build)
Revision Date: Thu Oct 22 07:50:13 2015

Release Date: Thu Oct 22 09:32:32 2015

                           1 --Driver Command: ccrh850 -DBRS_DERIVATIVE_701018 -DBRS_OSC_CLK=16
                           2 --		-DBRS_TIMEBASE_CLOCK=80 -DBRS_EVA_BOARD_
                           3 --		-DBRS_DERIVATIVE_GROUP_F1L -DBRS_OS_USECASE_BRS
                           4 --		-DBRS_PLATFORM_RH850 -DBRS_COMP_GHS
                           5 --		-DBRS_CPU_LOCAL_RAM_SIZE_CORE0=32
                           6 --		-DBRS_CPU_RAM_START_CORE0=0xFEDF8000 -list=lst/actBNAdd.lst
                           7 --		-object_dir=obj -stderr=err/actBNAdd.err -c -cpu=rh850 -sda=all
                           8 --		-large_sda -prepare_dispose -pragma_asm_inline -no_callt
                           9 --		-inline_prologue -notda -reserve_r2 -fsoft
                          10 --		--unknown_pragma_warnings -list -g -Ogeneral -shortenum
                          11 --		-registermode=32 -I../source/_common -I../source/common
                          12 --		-I../source/ecuabcanif -I../source/ecuabcantrcv
                          13 --		-I../source/ecuabcryif -I../source/ecuabfee
                          14 --		-I../source/ecuabmemif -I../source/libautosar -I../source/mcalcan
                          15 --		-I../source/mcalcry -I../source/mcaldio -I../source/mcaleep
                          16 --		-I../source/mcalfls -I../source/mcalmcu -I../source/projectara
                          17 --		-I../source/projectcfg -I../source/projectcompiler
                          18 --		-I../source/swcservicebswm -I../source/swcservicecantp
                          19 --		-I../source/swcservicecomm -I../source/swcservicecsm
                          20 --		-I../source/swcservicedcm -I../source/swcservicedem
                          21 --		-I../source/swcservicedet -I../source/swcserviceecum
                          22 --		-I../source/swcservicenvm -I../source/swcserviceos
                          23 --		-I../source/swcservicepdur -I../source/swcserviceschm
                          24 --		-I../source/swcservicestartup -I../source/wrappers/swcservicesecm
                          25 --		-I../source/wrappers/vsecprim -I../source/wrappers/vstdlib
                          26 --		-Ic:/ghs/comp_201517/ansi -Ic:/ghs/comp_201517/include/v800
                          27 --		-Igendata ../source/wrappers/vSecPrim/actBNAdd.c
                          28 --Source File:   ../source/wrappers/vSecPrim/actBNAdd.c
                          29 --Directory:     
                          30 --		C:\_ECU2\ECU_Rivian_A1\Target\repo_projects\pFOTA\cL_R2023.09.01\make
                          31 --Compile Date:  Wed Sep 06 13:35:39 2023
                          32 --Host OS:       Win32
                          33 --Version:       C-RH850 2015.1.7 RELEASE VERSION
                          34 --Release:       Compiler v2015.1.7
                          35 --Revision Date: Thu Oct 22 08:06:12 2015
                          36 --Release Date:  Thu Oct 22 09:34:32 2015
                          37 -- ecom  -g -w -OM
                          38 	.section ".MSR_CODE","ax"
                          39 	.align	2
                          40 ..bof.C.3A.5C_ECU2.5CECU_Rivian_A1.5CTarget.5Crepo_projects.5CpFOTA.5CcL_R2023.2E09.2E01.5Cmake.5Cobj.5CactBNAdd...43.3A.5C_ECU2.5CECU_Rivian_A1.5CTarget.5Crepo_projects.5CpFOTA.5CcL_R2023.2E09.2E01.5Cmake..64F8640B..0::
                          41 	.align	2
                          42 ..gh.f.f.1.e.0:
                          43 	.type	..gh.f.f.1.e.0,@object
                          44 	.size	..gh.f.f.1.e.0,0
                          45 	.global	_actBNAdd
                          46 _actBNAdd:
00000000 0698             47 	mov	r6,r19
00000002 0790             48 	mov	r7,r18
                          49 --	    .bf
                          50 .LDW01:

                                                                      Page 2
                                                              C:\Users\nhuliyap\AppData\Local\Temp\gh_000063k1.s
00000004 008a             51 	mov	0,r17
00000006 1130             52 	mov	r17,r6
00000008 b515*            53 	br	.L7
                          54 .L6:
                          55 --line22
                          56 ..lin.C.3A.5C_ECU2.5CECU_Rivian_A1.5CTarget.5Crepo_projects.5CpFOTA.5CcL_R2023.2E09.2E01.5Cmake.5Cobj.5CactBNAdd.1::
                          57 .LDWlin1:
0000000a 0638             58 	mov	r6,r7
0000000c c23a             59 	shl	2,r7
0000000e 07f0             60 	mov	r7,ep
00000010 d3f1             61 	add	r19,ep
00000012 007d             62 	sld.w	0[ep],r15
00000014 07f0             63 	mov	r7,ep
00000016 d2f1             64 	add	r18,ep
00000018 0075             65 	sld.w	0[ep],r14
0000001a cf71             66 	add	r15,r14
0000001c e007a27b         67 	adfl	zero,zero,r15
00000020 ce51             68 	add	r14,r10
00000022 e07fa28b         69 	adfl	zero,r15,r17
00000026 c839             70 	add	r8,r7
00000028 67570100         71 	st.w	r10,0[r7]
0000002c 4132             72 	add	1,r6
                          73 .L7:
0000002e 1150             74 	mov	r17,r10
00000030 e931             75 	cmp	r9,r6
00000032 c1ed*            76 	bl	.L6
                          77 --line26
                          78 ..lin.C.3A.5C_ECU2.5CECU_Rivian_A1.5CTarget.5Crepo_projects.5CpFOTA.5CcL_R2023.2E09.2E01.5Cmake.5Cobj.5CactBNAdd.2::
                          79 .LDWlin2:
00000034 8a00             80 	zxb	r10
                          81 --	    .ef
                          82 .LDW11:
00000036 7f00             83 	jmp	[lp]
                          84 	.type	_actBNAdd,@function
                          85 	.size	_actBNAdd,.-_actBNAdd
                          86 	.align	2
                          87 .LDW21:
                          88 --_i	r6	local
                          89 --_tmp	r16	local
                          90 
                          91 --_a	r19	param
                          92 --_b	r18	param
                          93 --_c	r1	param
                          94 --_length	r29	param
                          95 
                          96 	.section ".bss","awb"
                          97 .L54:
                          98 	.type	.L54,@object
                          99 	.size	.L54,0
                         100 	.data
                         101 	.section ".MSR_CODE","ax"
                         102 	.align	2
                         103 
                         104 	.data
                         105 	.ghsnote version,17
                         106 	.ghsnote tools,3
                         107 	.ghsnote options,144
                         108 	.section ".MSR_CODE","ax"
                         109 	.align	2
                         110 ..eof.C.3A.5C_ECU2.5CECU_Rivian_A1.5CTarget.5Crepo_projects.5CpFOTA.5CcL_R2023.2E09.2E01.5Cmake.5Cobj.5CactBNAdd...43.3A.5C_ECU2.5CECU_Rivian_A1.5CTarget.5Crepo_projects.5CpFOTA.5CcL_R2023.2E09.2E01.5Cmake..64F8640B..0::
                         111 .rh850_flags REGMODE32,DATA_ALIGN8,GP_FIX,EP_NONFIX,TP_FIX,REG2_RESERVE,G3K,SDA_EXTRA_REGS_0

                                                                      Page 3
                                                              C:\Users\nhuliyap\AppData\Local\Temp\gh_000063k1.s
