                                                                      Page 1
                                                              C:\Users\nhuliyap\AppData\Local\Temp\gh_00002ck1.s
Command Line: C:\GHS\comp_201517\ease850.exe -w -stderr=err/actExternRandom.err -elf -b0 -I../source/_common -I../source/common -I../source/ecuabcanif -I../source/ecuabcantrcv -I../source/ecuabcryif -I../source/ecuabfee -I../source/ecuabmemif -I../source/libautosar -I../source/mcalcan -I../source/mcalcry -I../source/mcaldio -I../source/mcaleep -I../source/mcalfls -I../source/mcalmcu -I../source/projectara -I../source/projectcfg -I../source/projectcompiler -I../source/swcservicebswm -I../source/swcservicecantp -I../source/swcservicecomm -I../source/swcservicecsm -I../source/swcservicedcm -I../source/swcservicedem -I../source/swcservicedet -I../source/swcserviceecum -I../source/swcservicenvm -I../source/swcserviceos -I../source/swcservicepdur -I../source/swcserviceschm -I../source/swcservicestartup -I../source/wrappers/swcservicesecm -I../source/wrappers/vsecprim -I../source/wrappers/vstdlib -Ic:/ghs/comp_201517/ansi -Ic:/ghs/comp_201517/include/v800 -Igendata -IC:\GHS\comp_201517\lib\rh850 -cg_underscore -cpu=rh850g3k -nofpu -no_v850_simd -rh850_fpsimd=none -nomacro -patch_dbo=C:\_ECU2\ECU_Rivian_A1\Target\repo_projects\pFOTA\cL_R2023.09.01\make\obj\actExternRandom.dbo -source=actExternRandom.c -o obj\gh_00002ck1.o -list=lst/actExternRandom.lst C:\Users\nhuliyap\AppData\Local\Temp\gh_00002ck1.s 
Original File: C:\Users\nhuliyap\AppData\Local\Temp\gh_00002ck1.s
Source File: actExternRandom.c
Directory: C:\_ECU2\ECU_Rivian_A1\Target\repo_projects\pFOTA\cL_R2023.09.01\make
Host OS: Windows
EASE: Copyright (C) 1983-2015 Green Hills Software.  All Rights Reserved.
Release: Compiler v2015.1.7
Build Directory: [Directory] BTOWORKER6:c:/build_2015_1_bto/2015-10-21.2100-2015_1_bto/win32-comp-ecom
Revision: [VCInfo] http://toolsvc/branches/release-branch-70-bto/src@544153 (built by build)
Revision Date: Thu Oct 22 07:50:13 2015

Release Date: Thu Oct 22 09:32:32 2015

                           1 --Driver Command: ccrh850 -DBRS_DERIVATIVE_701018 -DBRS_OSC_CLK=16
                           2 --		-DBRS_TIMEBASE_CLOCK=80 -DBRS_EVA_BOARD_
                           3 --		-DBRS_DERIVATIVE_GROUP_F1L -DBRS_OS_USECASE_BRS
                           4 --		-DBRS_PLATFORM_RH850 -DBRS_COMP_GHS
                           5 --		-DBRS_CPU_LOCAL_RAM_SIZE_CORE0=32
                           6 --		-DBRS_CPU_RAM_START_CORE0=0xFEDF8000
                           7 --		-list=lst/actExternRandom.lst -object_dir=obj
                           8 --		-stderr=err/actExternRandom.err -c -cpu=rh850 -sda=all -large_sda
                           9 --		-prepare_dispose -pragma_asm_inline -no_callt -inline_prologue
                          10 --		-notda -reserve_r2 -fsoft --unknown_pragma_warnings -list -g
                          11 --		-Ogeneral -shortenum -registermode=32 -I../source/_common
                          12 --		-I../source/common -I../source/ecuabcanif
                          13 --		-I../source/ecuabcantrcv -I../source/ecuabcryif
                          14 --		-I../source/ecuabfee -I../source/ecuabmemif
                          15 --		-I../source/libautosar -I../source/mcalcan -I../source/mcalcry
                          16 --		-I../source/mcaldio -I../source/mcaleep -I../source/mcalfls
                          17 --		-I../source/mcalmcu -I../source/projectara -I../source/projectcfg
                          18 --		-I../source/projectcompiler -I../source/swcservicebswm
                          19 --		-I../source/swcservicecantp -I../source/swcservicecomm
                          20 --		-I../source/swcservicecsm -I../source/swcservicedcm
                          21 --		-I../source/swcservicedem -I../source/swcservicedet
                          22 --		-I../source/swcserviceecum -I../source/swcservicenvm
                          23 --		-I../source/swcserviceos -I../source/swcservicepdur
                          24 --		-I../source/swcserviceschm -I../source/swcservicestartup
                          25 --		-I../source/wrappers/swcservicesecm -I../source/wrappers/vsecprim
                          26 --		-I../source/wrappers/vstdlib -Ic:/ghs/comp_201517/ansi
                          27 --		-Ic:/ghs/comp_201517/include/v800 -Igendata
                          28 --		../source/wrappers/vSecPrim/actExternRandom.c
                          29 --Source File:   ../source/wrappers/vSecPrim/actExternRandom.c
                          30 --Directory:     
                          31 --		C:\_ECU2\ECU_Rivian_A1\Target\repo_projects\pFOTA\cL_R2023.09.01\make
                          32 --Compile Date:  Wed Sep 06 13:36:12 2023
                          33 --Host OS:       Win32
                          34 --Version:       C-RH850 2015.1.7 RELEASE VERSION
                          35 --Release:       Compiler v2015.1.7
                          36 --Revision Date: Thu Oct 22 08:06:12 2015
                          37 --Release Date:  Thu Oct 22 09:34:32 2015
                          38 -- ecom  -g -w -OM
                          39 
                          40 	.data
                          41 	.ghsnote version,17
                          42 	.ghsnote tools,3
                          43 	.ghsnote options,144
                          44 	.text
                          45 ..bof.C.3A.5C_ECU2.5CECU_Rivian_A1.5CTarget.5Crepo_projects.5CpFOTA.5CcL_R2023.2E09.2E01.5Cmake.5Cobj.5CactExternRandom...43.3A.5C_ECU2.5CECU_Rivian_A1.5CTarget.5Crepo_projects.5CpFOTA.5CcL_R2023.2E09.2E01.5Cmake..64F8642C..0::
                          46 ..eof.C.3A.5C_ECU2.5CECU_Rivian_A1.5CTarget.5Crepo_projects.5CpFOTA.5CcL_R2023.2E09.2E01.5Cmake.5Cobj.5CactExternRandom...43.3A.5C_ECU2.5CECU_Rivian_A1.5CTarget.5Crepo_projects.5CpFOTA.5CcL_R2023.2E09.2E01.5Cmake..64F8642C..0::
                          47 .rh850_flags REGMODE32,DATA_ALIGN8,GP_FIX,EP_NONFIX,TP_FIX,REG2_RESERVE,G3K,SDA_EXTRA_REGS_0
