                                                                      Page 1
                                                              C:\Users\nhuliyap\AppData\Local\Temp\gh_000011k1.s
Command Line: C:\GHS\comp_201517\ease850.exe -w -stderr=err/actHashMAC.err -elf -b0 -I../source/_common -I../source/common -I../source/ecuabcanif -I../source/ecuabcantrcv -I../source/ecuabcryif -I../source/ecuabfee -I../source/ecuabmemif -I../source/libautosar -I../source/mcalcan -I../source/mcalcry -I../source/mcaldio -I../source/mcaleep -I../source/mcalfls -I../source/mcalmcu -I../source/projectara -I../source/projectcfg -I../source/projectcompiler -I../source/swcservicebswm -I../source/swcservicecantp -I../source/swcservicecomm -I../source/swcservicecsm -I../source/swcservicedcm -I../source/swcservicedem -I../source/swcservicedet -I../source/swcserviceecum -I../source/swcservicenvm -I../source/swcserviceos -I../source/swcservicepdur -I../source/swcserviceschm -I../source/swcservicestartup -I../source/wrappers/swcservicesecm -I../source/wrappers/vsecprim -I../source/wrappers/vstdlib -Ic:/ghs/comp_201517/ansi -Ic:/ghs/comp_201517/include/v800 -Igendata -IC:\GHS\comp_201517\lib\rh850 -cg_underscore -cpu=rh850g3k -nofpu -no_v850_simd -rh850_fpsimd=none -nomacro -patch_dbo=C:\_ECU2\ECU_Rivian_A1\Target\repo_projects\pFOTA\cL_R2023.09.01\make\obj\actHashMAC.dbo -source=actHashMAC.c -o obj\gh_000011k1.o -list=lst/actHashMAC.lst C:\Users\nhuliyap\AppData\Local\Temp\gh_000011k1.s 
Original File: C:\Users\nhuliyap\AppData\Local\Temp\gh_000011k1.s
Source File: actHashMAC.c
Directory: C:\_ECU2\ECU_Rivian_A1\Target\repo_projects\pFOTA\cL_R2023.09.01\make
Host OS: Windows
EASE: Copyright (C) 1983-2015 Green Hills Software.  All Rights Reserved.
Release: Compiler v2015.1.7
Build Directory: [Directory] BTOWORKER6:c:/build_2015_1_bto/2015-10-21.2100-2015_1_bto/win32-comp-ecom
Revision: [VCInfo] http://toolsvc/branches/release-branch-70-bto/src@544153 (built by build)
Revision Date: Thu Oct 22 07:50:13 2015

Release Date: Thu Oct 22 09:32:32 2015

                           1 --Driver Command: ccrh850 -DBRS_DERIVATIVE_701018 -DBRS_OSC_CLK=16
                           2 --		-DBRS_TIMEBASE_CLOCK=80 -DBRS_EVA_BOARD_
                           3 --		-DBRS_DERIVATIVE_GROUP_F1L -DBRS_OS_USECASE_BRS
                           4 --		-DBRS_PLATFORM_RH850 -DBRS_COMP_GHS
                           5 --		-DBRS_CPU_LOCAL_RAM_SIZE_CORE0=32
                           6 --		-DBRS_CPU_RAM_START_CORE0=0xFEDF8000 -list=lst/actHashMAC.lst
                           7 --		-object_dir=obj -stderr=err/actHashMAC.err -c -cpu=rh850 -sda=all
                           8 --		-large_sda -prepare_dispose -pragma_asm_inline -no_callt
                           9 --		-inline_prologue -notda -reserve_r2 -fsoft
                          10 --		--unknown_pragma_warnings -list -g -Ogeneral -shortenum
                          11 --		-registermode=32 -I../source/_common -I../source/common
                          12 --		-I../source/ecuabcanif -I../source/ecuabcantrcv
                          13 --		-I../source/ecuabcryif -I../source/ecuabfee
                          14 --		-I../source/ecuabmemif -I../source/libautosar -I../source/mcalcan
                          15 --		-I../source/mcalcry -I../source/mcaldio -I../source/mcaleep
                          16 --		-I../source/mcalfls -I../source/mcalmcu -I../source/projectara
                          17 --		-I../source/projectcfg -I../source/projectcompiler
                          18 --		-I../source/swcservicebswm -I../source/swcservicecantp
                          19 --		-I../source/swcservicecomm -I../source/swcservicecsm
                          20 --		-I../source/swcservicedcm -I../source/swcservicedem
                          21 --		-I../source/swcservicedet -I../source/swcserviceecum
                          22 --		-I../source/swcservicenvm -I../source/swcserviceos
                          23 --		-I../source/swcservicepdur -I../source/swcserviceschm
                          24 --		-I../source/swcservicestartup -I../source/wrappers/swcservicesecm
                          25 --		-I../source/wrappers/vsecprim -I../source/wrappers/vstdlib
                          26 --		-Ic:/ghs/comp_201517/ansi -Ic:/ghs/comp_201517/include/v800
                          27 --		-Igendata ../source/wrappers/vSecPrim/actHashMAC.c
                          28 --Source File:   ../source/wrappers/vSecPrim/actHashMAC.c
                          29 --Directory:     
                          30 --		C:\_ECU2\ECU_Rivian_A1\Target\repo_projects\pFOTA\cL_R2023.09.01\make
                          31 --Compile Date:  Wed Sep 06 13:36:21 2023
                          32 --Host OS:       Win32
                          33 --Version:       C-RH850 2015.1.7 RELEASE VERSION
                          34 --Release:       Compiler v2015.1.7
                          35 --Revision Date: Thu Oct 22 08:06:12 2015
                          36 --Release Date:  Thu Oct 22 09:34:32 2015
                          37 -- ecom  -g -w -OM
                          38 	.section ".MSR_CODE","ax"
                          39 	.align	2
                          40 ..bof.C.3A.5C_ECU2.5CECU_Rivian_A1.5CTarget.5Crepo_projects.5CpFOTA.5CcL_R2023.2E09.2E01.5Cmake.5Cobj.5CactHashMAC...43.3A.5C_ECU2.5CECU_Rivian_A1.5CTarget.5Crepo_projects.5CpFOTA.5CcL_R2023.2E09.2E01.5Cmake..64F86435..0::
                          41 	.align	2
                          42 ..gh.f.f.1.e.0:
                          43 	.type	..gh.f.f.1.e.0,@object
                          44 	.size	..gh.f.f.1.e.0,0
                          45 	.global	_actHashMACInit
                          46 _actHashMACInit:
00000000 8007e1f0         47 	prepare	{r24,r25,r26,r27,r28,r29,r31},0
                          48 --	    .bf
                          49 .LDW01:
00000004 e041             50 	cmp	zero,r8

                                                                      Page 2
                                                              C:\Users\nhuliyap\AppData\Local\Temp\gh_000011k1.s
00000006 ca05*            51 	bne	.L4
                          52 --line23
                          53 ..lin.C.3A.5C_ECU2.5CECU_Rivian_A1.5CTarget.5Crepo_projects.5CpFOTA.5CcL_R2023.2E09.2E01.5Cmake.5Cobj.5CactHashMAC.1::
                          54 .LDWlin1:
00000008 20cef800         55 	movea	248,zero,r25
0000000c f545*            56 	br	.L10
                          57 .L4:
0000000e 06de2000         58 	addi	32,r6,r27
00000012 06e8             59 	mov	r6,r29
00000014 07c0             60 	mov	r7,r24
00000016 08e0             61 	mov	r8,r28
00000018 09d0             62 	mov	r9,r26
0000001a 00ca             63 	mov	0,r25
                          64 --line25
                          65 ..lin.C.3A.5C_ECU2.5CECU_Rivian_A1.5CTarget.5Crepo_projects.5CpFOTA.5CcL_R2023.2E09.2E01.5Cmake.5Cobj.5CactHashMAC.2::
                          66 .LDWlin2:
0000001c 0806bfff         67 	addi	-65,r8,zero
00000020 e105*            68 	bl	.L7
                          69 --line26
                          70 ..lin.C.3A.5C_ECU2.5CECU_Rivian_A1.5CTarget.5Crepo_projects.5CpFOTA.5CcL_R2023.2E09.2E01.5Cmake.5Cobj.5CactHashMAC.3::
                          71 .LDWlin3:
00000022 06366000         72 	addi	96,r6,r6
                          73 	jarl	_VStdLib_MemCpy,lp
                          73 <EXPANSION BEGIN>
                          73 jarl22 _VStdLib_MemCpy , lp 
00000026 80ff0000*        73 <EXPANSION END>
                          74 --line27
                          75 ..lin.C.3A.5C_ECU2.5CECU_Rivian_A1.5CTarget.5Crepo_projects.5CpFOTA.5CcL_R2023.2E09.2E01.5Cmake.5Cobj.5CactHashMAC.4::
                          76 .LDWlin4:
0000002a 9515*            77 	br	.L54
                          78 .L7:
                          79 --line30
                          80 ..lin.C.3A.5C_ECU2.5CECU_Rivian_A1.5CTarget.5Crepo_projects.5CpFOTA.5CcL_R2023.2E09.2E01.5Cmake.5Cobj.5CactHashMAC.5::
                          81 .LDWlin5:
                          82 	jarl	_actSHAInit,lp
                          82 <EXPANSION BEGIN>
                          82 jarl22 _actSHAInit , lp 
0000002c 80ff0000*        82 <EXPANSION END>
                          83 --line31
                          84 ..lin.C.3A.5C_ECU2.5CECU_Rivian_A1.5CTarget.5Crepo_projects.5CpFOTA.5CcL_R2023.2E09.2E01.5Cmake.5Cobj.5CactHashMAC.6::
                          85 .LDWlin6:
00000030 1d30             86 	mov	r29,r6
00000032 1838             87 	mov	r24,r7
00000034 1c40             88 	mov	r28,r8
00000036 1a48             89 	mov	r26,r9
                          90 	jarl	_actSHAUpdate,lp
                          90 <EXPANSION BEGIN>
                          90 jarl22 _actSHAUpdate , lp 
00000038 80ff0000*        90 <EXPANSION END>
                          91 --line32
                          92 ..lin.C.3A.5C_ECU2.5CECU_Rivian_A1.5CTarget.5Crepo_projects.5CpFOTA.5CcL_R2023.2E09.2E01.5Cmake.5Cobj.5CactHashMAC.7::
                          93 .LDWlin7:
0000003c 1d30             94 	mov	r29,r6
0000003e 1d3e6000         95 	addi	96,r29,r7
00000042 1a40             96 	mov	r26,r8
                          97 	jarl	_actSHAFinalize,lp
                          97 <EXPANSION BEGIN>
                          97 jarl22 _actSHAFinalize , lp 
00000044 80ff0000*        97 <EXPANSION END>
                          98 --line33
                          99 ..lin.C.3A.5C_ECU2.5CECU_Rivian_A1.5CTarget.5Crepo_projects.5CpFOTA.5CcL_R2023.2E09.2E01.5Cmake.5Cobj.5CactHashMAC.8::

                                                                      Page 3
                                                              C:\Users\nhuliyap\AppData\Local\Temp\gh_000011k1.s
                         100 .LDWlin8:
00000048 20e61400        101 	movea	20,zero,r28
                         102 .L54:
0000004c 7de7a100        103 	st.w	r28,160[r29]
00000050 1b30            104 	mov	r27,r6
00000052 1d3e6000        105 	addi	96,r29,r7
00000056 1c40            106 	mov	r28,r8
                         107 	jarl	_VStdLib_MemCpy,lp
                         107 <EXPANSION BEGIN>
                         107 jarl22 _VStdLib_MemCpy , lp 
00000058 80ff0000*       107 <EXPANSION END>
                         108 --line38
                         109 ..lin.C.3A.5C_ECU2.5CECU_Rivian_A1.5CTarget.5Crepo_projects.5CpFOTA.5CcL_R2023.2E09.2E01.5Cmake.5Cobj.5CactHashMAC.9::
                         110 .LDWlin9:
0000005c 3de7a100        111 	ld.w	160[r29],r28
00000060 20464000        112 	movea	64,zero,r8
00000064 1938            113 	mov	r25,r7
00000066 1c30            114 	mov	r28,r6
00000068 db31            115 	add	r27,r6
0000006a bc41            116 	sub	r28,r8
                         117 	jarl	_VStdLib_MemSet,lp
                         117 <EXPANSION BEGIN>
                         117 jarl22 _VStdLib_MemSet , lp 
0000006c 80ff0000*       117 <EXPANSION END>
                         118 --line39
                         119 ..lin.C.3A.5C_ECU2.5CECU_Rivian_A1.5CTarget.5Crepo_projects.5CpFOTA.5CcL_R2023.2E09.2E01.5Cmake.5Cobj.5CactHashMAC.10::
                         120 .LDWlin10:
00000070 1990            121 	mov	r25,r18
                         122 .L14:
00000072 12f0            123 	mov	r18,ep
00000074 dbf1            124 	add	r27,ep
00000076 6088            125 	sld.bu	0[ep],r17
00000078 4192            126 	add	1,r18
0000007a b18e3600        127 	xori	54,r17,r17
0000007e 808b            128 	sst.b	r17,0[ep]
00000080 1206c0ff        129 	addi	-64,r18,zero
00000084 f9f5*           130 	bnl	.L14
                         131 --line43
                         132 ..lin.C.3A.5C_ECU2.5CECU_Rivian_A1.5CTarget.5Crepo_projects.5CpFOTA.5CcL_R2023.2E09.2E01.5Cmake.5Cobj.5CactHashMAC.11::
                         133 .LDWlin11:
00000086 1d30            134 	mov	r29,r6
                         135 	jarl	_actSHAInit,lp
                         135 <EXPANSION BEGIN>
                         135 jarl22 _actSHAInit , lp 
00000088 80ff0000*       135 <EXPANSION END>
                         136 --line44
                         137 ..lin.C.3A.5C_ECU2.5CECU_Rivian_A1.5CTarget.5Crepo_projects.5CpFOTA.5CcL_R2023.2E09.2E01.5Cmake.5Cobj.5CactHashMAC.12::
                         138 .LDWlin12:
0000008c 1d30            139 	mov	r29,r6
0000008e 1b38            140 	mov	r27,r7
00000090 1a48            141 	mov	r26,r9
00000092 20464000        142 	movea	64,zero,r8
                         143 	jarl	_actSHAUpdate,lp
                         143 <EXPANSION BEGIN>
                         143 jarl22 _actSHAUpdate , lp 
00000096 80ff0000*       143 <EXPANSION END>
                         144 .L10:
                         145 --line47
                         146 ..lin.C.3A.5C_ECU2.5CECU_Rivian_A1.5CTarget.5Crepo_projects.5CpFOTA.5CcL_R2023.2E09.2E01.5Cmake.5Cobj.5CactHashMAC.13::
                         147 .LDWlin13:
0000009a 1950            148 	mov	r25,r10

                                                                      Page 4
                                                              C:\Users\nhuliyap\AppData\Local\Temp\gh_000011k1.s
                         149 --	    .ef
                         150 .LDW11:
0000009c 4006fff0        151 	dispose	0,{r24,r25,r26,r27,r28,r29,r31},[lp]
                         152 	.type	_actHashMACInit,@function
                         153 	.size	_actHashMACInit,.-_actHashMACInit
                         154 	.align	2
                         155 .LDW21:
                         156 --_sha	r29	local
                         157 --_tmp_block	r27	local
                         158 --_retVal	r25	local
                         159 --_i	r18	local
                         160 
                         161 --_info	r29	param
                         162 --_key	r24	param
                         163 --_key_length	r28	param
                         164 --_watchdog	r26	param
                         165 
                         166 	.section ".bss","awb"
                         167 .L115:
                         168 	.type	.L115,@object
                         169 	.size	.L115,0
                         170 	.data
                         171 	.section ".MSR_CODE","ax"
                         172 	.align	2
                         173 	.align	2
                         174 ..gh.f.f.1.e.1:
                         175 	.type	..gh.f.f.1.e.1,@object
                         176 	.size	..gh.f.f.1.e.1,0
                         177 	.global	_actHashMACUpdate
                         178 _actHashMACUpdate:
                         179 --	    .bf
                         180 .LDW31:
000000a0 80070000*       181 	jr	_actSHAUpdate
                         182 --	    .ef
                         183 .LDW41:
                         184 	.type	_actHashMACUpdate,@function
                         185 	.size	_actHashMACUpdate,.-_actHashMACUpdate
                         186 	.align	2
                         187 .LDW51:
                         188 
                         189 --_info	r6	param
                         190 --_dataIN	r7	param
                         191 --_length	r8	param
                         192 --_watchdog	r9	param
                         193 
                         194 	.section ".bss","awb"
                         195 .L241:
                         196 	.type	.L241,@object
                         197 	.size	.L241,0
                         198 	.data
                         199 	.section ".MSR_CODE","ax"
                         200 	.align	2
                         201 	.align	2
                         202 ..gh.f.f.1.e.2:
                         203 	.type	..gh.f.f.1.e.2,@object
                         204 	.size	..gh.f.f.1.e.2,0
                         205 	.global	_actHashMACFinalize
                         206 _actHashMACFinalize:
000000a4 8007e130        207 	prepare	{r26,r27,r28,r29,r31},0
000000a8 06e8            208 	mov	r6,r29
000000aa 07d0            209 	mov	r7,r26

                                                                      Page 5
                                                              C:\Users\nhuliyap\AppData\Local\Temp\gh_000011k1.s
000000ac 08d8            210 	mov	r8,r27
                         211 --	    .bf
                         212 .LDW61:
000000ae 06e62000        213 	addi	32,r6,r28
                         214 	jarl	_actSHAFinalize,lp
                         214 <EXPANSION BEGIN>
                         214 jarl22 _actSHAFinalize , lp 
000000b2 80ff0000*       214 <EXPANSION END>
                         215 --line66
                         216 ..lin.C.3A.5C_ECU2.5CECU_Rivian_A1.5CTarget.5Crepo_projects.5CpFOTA.5CcL_R2023.2E09.2E01.5Cmake.5Cobj.5CactHashMAC.14::
                         217 .LDWlin14:
000000b6 3d47a100        218 	ld.w	160[r29],r8
000000ba 1c30            219 	mov	r28,r6
000000bc 1d3e6000        220 	addi	96,r29,r7
                         221 	jarl	_VStdLib_MemCpy,lp
                         221 <EXPANSION BEGIN>
                         221 jarl22 _VStdLib_MemCpy , lp 
000000c0 80ff0000*       221 <EXPANSION END>
                         222 --line67
                         223 ..lin.C.3A.5C_ECU2.5CECU_Rivian_A1.5CTarget.5Crepo_projects.5CpFOTA.5CcL_R2023.2E09.2E01.5Cmake.5Cobj.5CactHashMAC.15::
                         224 .LDWlin15:
000000c4 3d87a100        225 	ld.w	160[r29],r16
000000c8 20464000        226 	movea	64,zero,r8
000000cc 003a            227 	mov	0,r7
000000ce 1030            228 	mov	r16,r6
000000d0 dc31            229 	add	r28,r6
000000d2 b041            230 	sub	r16,r8
                         231 	jarl	_VStdLib_MemSet,lp
                         231 <EXPANSION BEGIN>
                         231 jarl22 _VStdLib_MemSet , lp 
000000d4 80ff0000*       231 <EXPANSION END>
                         232 --line68
                         233 ..lin.C.3A.5C_ECU2.5CECU_Rivian_A1.5CTarget.5Crepo_projects.5CpFOTA.5CcL_R2023.2E09.2E01.5Cmake.5Cobj.5CactHashMAC.16::
                         234 .LDWlin16:
000000d8 0092            235 	mov	0,r18
                         236 .L264:
000000da 12f0            237 	mov	r18,ep
000000dc dcf1            238 	add	r28,ep
000000de 6088            239 	sld.bu	0[ep],r17
000000e0 4192            240 	add	1,r18
000000e2 b18e5c00        241 	xori	92,r17,r17
000000e6 808b            242 	sst.b	r17,0[ep]
000000e8 1206c0ff        243 	addi	-64,r18,zero
000000ec f9f5*           244 	bnl	.L264
                         245 --line72
                         246 ..lin.C.3A.5C_ECU2.5CECU_Rivian_A1.5CTarget.5Crepo_projects.5CpFOTA.5CcL_R2023.2E09.2E01.5Cmake.5Cobj.5CactHashMAC.17::
                         247 .LDWlin17:
000000ee 1d30            248 	mov	r29,r6
                         249 	jarl	_actSHAInit,lp
                         249 <EXPANSION BEGIN>
                         249 jarl22 _actSHAInit , lp 
000000f0 80ff0000*       249 <EXPANSION END>
                         250 --line73
                         251 ..lin.C.3A.5C_ECU2.5CECU_Rivian_A1.5CTarget.5Crepo_projects.5CpFOTA.5CcL_R2023.2E09.2E01.5Cmake.5Cobj.5CactHashMAC.18::
                         252 .LDWlin18:
000000f4 1d30            253 	mov	r29,r6
000000f6 1c38            254 	mov	r28,r7
000000f8 1b48            255 	mov	r27,r9
000000fa 20464000        256 	movea	64,zero,r8
                         257 	jarl	_actSHAUpdate,lp
                         257 <EXPANSION BEGIN>

                                                                      Page 6
                                                              C:\Users\nhuliyap\AppData\Local\Temp\gh_000011k1.s
                         257 jarl22 _actSHAUpdate , lp 
000000fe 80ff0000*       257 <EXPANSION END>
                         258 --line74
                         259 ..lin.C.3A.5C_ECU2.5CECU_Rivian_A1.5CTarget.5Crepo_projects.5CpFOTA.5CcL_R2023.2E09.2E01.5Cmake.5Cobj.5CactHashMAC.19::
                         260 .LDWlin19:
00000102 1d30            261 	mov	r29,r6
00000104 1a38            262 	mov	r26,r7
00000106 1b48            263 	mov	r27,r9
00000108 20461400        264 	movea	20,zero,r8
                         265 	jarl	_actSHAUpdate,lp
                         265 <EXPANSION BEGIN>
                         265 jarl22 _actSHAUpdate , lp 
0000010c 80ff0000*       265 <EXPANSION END>
                         266 --line75
                         267 ..lin.C.3A.5C_ECU2.5CECU_Rivian_A1.5CTarget.5Crepo_projects.5CpFOTA.5CcL_R2023.2E09.2E01.5Cmake.5Cobj.5CactHashMAC.20::
                         268 .LDWlin20:
00000110 1d30            269 	mov	r29,r6
00000112 1a38            270 	mov	r26,r7
00000114 1b40            271 	mov	r27,r8
                         272 	jarl	_actSHAFinalize,lp
                         272 <EXPANSION BEGIN>
                         272 jarl22 _actSHAFinalize , lp 
00000116 80ff0000*       272 <EXPANSION END>
                         273 --line77
                         274 ..lin.C.3A.5C_ECU2.5CECU_Rivian_A1.5CTarget.5Crepo_projects.5CpFOTA.5CcL_R2023.2E09.2E01.5Cmake.5Cobj.5CactHashMAC.21::
                         275 .LDWlin21:
0000011a 0052            276 	mov	0,r10
                         277 --	    .ef
                         278 .LDW71:
0000011c 4006ff30        279 	dispose	0,{r26,r27,r28,r29,r31},[lp]
                         280 	.type	_actHashMACFinalize,@function
                         281 	.size	_actHashMACFinalize,.-_actHashMACFinalize
                         282 	.align	2
                         283 .LDW81:
                         284 --_sha	r29	local
                         285 --_tmp_block	r28	local
                         286 --_i	r18	local
                         287 
                         288 --_info	r29	param
                         289 --_hash	r26	param
                         290 --_watchdog	r27	param
                         291 
                         292 	.section ".bss","awb"
                         293 .L299:
                         294 	.type	.L299,@object
                         295 	.size	.L299,0
                         296 	.data
                         297 	.section ".MSR_CODE","ax"
                         298 	.align	2
                         299 
                         300 	.data
                         301 	.ghsnote version,17
                         302 	.ghsnote tools,3
                         303 	.ghsnote options,144
                         304 	.section ".MSR_CODE","ax"
                         305 	.align	2
                         306 ..eof.C.3A.5C_ECU2.5CECU_Rivian_A1.5CTarget.5Crepo_projects.5CpFOTA.5CcL_R2023.2E09.2E01.5Cmake.5Cobj.5CactHashMAC...43.3A.5C_ECU2.5CECU_Rivian_A1.5CTarget.5Crepo_projects.5CpFOTA.5CcL_R2023.2E09.2E01.5Cmake..64F86435..0::
                         307 .rh850_flags REGMODE32,DATA_ALIGN8,GP_FIX,EP_NONFIX,TP_FIX,REG2_RESERVE,G3K,SDA_EXTRA_REGS_0
