                                                                      Page 1
                                                              C:\Users\nhuliyap\AppData\Local\Temp\gh_000047g1.s
Command Line: C:\GHS\comp_201517\ease850.exe -w -stderr=err/actIRSAPrivate.err -elf -b0 -I../source/_common -I../source/common -I../source/ecuabcanif -I../source/ecuabcantrcv -I../source/ecuabcryif -I../source/ecuabfee -I../source/ecuabmemif -I../source/libautosar -I../source/mcalcan -I../source/mcalcry -I../source/mcaldio -I../source/mcaleep -I../source/mcalfls -I../source/mcalmcu -I../source/projectara -I../source/projectcfg -I../source/projectcompiler -I../source/swcservicebswm -I../source/swcservicecantp -I../source/swcservicecomm -I../source/swcservicecsm -I../source/swcservicedcm -I../source/swcservicedem -I../source/swcservicedet -I../source/swcserviceecum -I../source/swcservicenvm -I../source/swcserviceos -I../source/swcservicepdur -I../source/swcserviceschm -I../source/swcservicestartup -I../source/wrappers/swcservicesecm -I../source/wrappers/vsecprim -I../source/wrappers/vstdlib -Ic:/ghs/comp_201517/ansi -Ic:/ghs/comp_201517/include/v800 -Igendata -IC:\GHS\comp_201517\lib\rh850 -cg_underscore -cpu=rh850g3k -nofpu -no_v850_simd -rh850_fpsimd=none -nomacro -patch_dbo=C:\_ECU2\ECU_Rivian_A1\Target\repo_projects\pFOTA\cL_R2023.09.01\make\obj\actIRSAPrivate.dbo -source=actIRSAPrivate.c -o obj\gh_000047g1.o -list=lst/actIRSAPrivate.lst C:\Users\nhuliyap\AppData\Local\Temp\gh_000047g1.s 
Original File: C:\Users\nhuliyap\AppData\Local\Temp\gh_000047g1.s
Source File: actIRSAPrivate.c
Directory: C:\_ECU2\ECU_Rivian_A1\Target\repo_projects\pFOTA\cL_R2023.09.01\make
Host OS: Windows
EASE: Copyright (C) 1983-2015 Green Hills Software.  All Rights Reserved.
Release: Compiler v2015.1.7
Build Directory: [Directory] BTOWORKER6:c:/build_2015_1_bto/2015-10-21.2100-2015_1_bto/win32-comp-ecom
Revision: [VCInfo] http://toolsvc/branches/release-branch-70-bto/src@544153 (built by build)
Revision Date: Thu Oct 22 07:50:13 2015

Release Date: Thu Oct 22 09:32:32 2015

                           1 --Driver Command: ccrh850 -DBRS_DERIVATIVE_701018 -DBRS_OSC_CLK=16
                           2 --		-DBRS_TIMEBASE_CLOCK=80 -DBRS_EVA_BOARD_
                           3 --		-DBRS_DERIVATIVE_GROUP_F1L -DBRS_OS_USECASE_BRS
                           4 --		-DBRS_PLATFORM_RH850 -DBRS_COMP_GHS
                           5 --		-DBRS_CPU_LOCAL_RAM_SIZE_CORE0=32
                           6 --		-DBRS_CPU_RAM_START_CORE0=0xFEDF8000 -list=lst/actIRSAPrivate.lst
                           7 --		-object_dir=obj -stderr=err/actIRSAPrivate.err -c -cpu=rh850
                           8 --		-sda=all -large_sda -prepare_dispose -pragma_asm_inline -no_callt
                           9 --		-inline_prologue -notda -reserve_r2 -fsoft
                          10 --		--unknown_pragma_warnings -list -g -Ogeneral -shortenum
                          11 --		-registermode=32 -I../source/_common -I../source/common
                          12 --		-I../source/ecuabcanif -I../source/ecuabcantrcv
                          13 --		-I../source/ecuabcryif -I../source/ecuabfee
                          14 --		-I../source/ecuabmemif -I../source/libautosar -I../source/mcalcan
                          15 --		-I../source/mcalcry -I../source/mcaldio -I../source/mcaleep
                          16 --		-I../source/mcalfls -I../source/mcalmcu -I../source/projectara
                          17 --		-I../source/projectcfg -I../source/projectcompiler
                          18 --		-I../source/swcservicebswm -I../source/swcservicecantp
                          19 --		-I../source/swcservicecomm -I../source/swcservicecsm
                          20 --		-I../source/swcservicedcm -I../source/swcservicedem
                          21 --		-I../source/swcservicedet -I../source/swcserviceecum
                          22 --		-I../source/swcservicenvm -I../source/swcserviceos
                          23 --		-I../source/swcservicepdur -I../source/swcserviceschm
                          24 --		-I../source/swcservicestartup -I../source/wrappers/swcservicesecm
                          25 --		-I../source/wrappers/vsecprim -I../source/wrappers/vstdlib
                          26 --		-Ic:/ghs/comp_201517/ansi -Ic:/ghs/comp_201517/include/v800
                          27 --		-Igendata ../source/wrappers/vSecPrim/actIRSAPrivate.c
                          28 --Source File:   ../source/wrappers/vSecPrim/actIRSAPrivate.c
                          29 --Directory:     
                          30 --		C:\_ECU2\ECU_Rivian_A1\Target\repo_projects\pFOTA\cL_R2023.09.01\make
                          31 --Compile Date:  Wed Sep 06 13:36:38 2023
                          32 --Host OS:       Win32
                          33 --Version:       C-RH850 2015.1.7 RELEASE VERSION
                          34 --Release:       Compiler v2015.1.7
                          35 --Revision Date: Thu Oct 22 08:06:12 2015
                          36 --Release Date:  Thu Oct 22 09:34:32 2015
                          37 -- ecom  -g -w -OM
                          38 	.section ".MSR_CODE","ax"
                          39 	.align	2
                          40 ..bof.C.3A.5C_ECU2.5CECU_Rivian_A1.5CTarget.5Crepo_projects.5CpFOTA.5CcL_R2023.2E09.2E01.5Cmake.5Cobj.5CactIRSAPrivate...43.3A.5C_ECU2.5CECU_Rivian_A1.5CTarget.5Crepo_projects.5CpFOTA.5CcL_R2023.2E09.2E01.5Cmake..64F86446..0::
                          41 	.align	2
                          42 ..gh.f.f.1.e.0:
                          43 	.type	..gh.f.f.1.e.0,@object
                          44 	.size	..gh.f.f.1.e.0,0
                          45 	.global	_actRSAInitPrivateKeyOperation
                          46 _actRSAInitPrivateKeyOperation:
00000000 86072300         47 	prepare	{r31},3,sp
00000004 089d             48 	sld.w	16[ep],r19
00000006 0a95             49 	sld.w	20[ep],r18
                          50 --	    .bf

                                                                      Page 2
                                                              C:\Users\nhuliyap\AppData\Local\Temp\gh_000047g1.s
                          51 .LDW01:
00000008 019d             52 	sst.w	r19,0[ep]
0000000a 0305             53 	sst.w	zero,4[ep]
0000000c 0595             54 	sst.w	r18,8[ep]
                          55 	jarl	_actRSAInitExponentiation,lp
                          55 <EXPANSION BEGIN>
                          55 jarl22 _actRSAInitExponentiation , lp 
0000000e 80ff0000*        55 <EXPANSION END>
                          56 --	    .ef
                          57 .LDW11:
                          58 --line21
                          59 ..lin.C.3A.5C_ECU2.5CECU_Rivian_A1.5CTarget.5Crepo_projects.5CpFOTA.5CcL_R2023.2E09.2E01.5Cmake.5Cobj.5CactIRSAPrivate.1::
                          60 .LDWlin1:
00000012 46063f00         61 	dispose	3,{r31},[lp]
                          62 	.type	_actRSAInitPrivateKeyOperation,@function
                          63 	.size	_actRSAInitPrivateKeyOperation,.-_actRSAInitPrivateKeyOperation
                          64 	.align	2
                          65 .LDW21:
                          66 
                          67 --_modulus	r6	param
                          68 --_modulus_len	r7	param
                          69 --_private_exponent	r8	param
                          70 --_private_exponent_len	r9	param
                          71 --_wkspBuf	r19	param
                          72 --_watchdog	r18	param
                          73 
                          74 	.section ".bss","awb"
                          75 .L33:
                          76 	.type	.L33,@object
                          77 	.size	.L33,0
                          78 	.data
                          79 	.section ".MSR_CODE","ax"
                          80 	.align	2
                          81 	.align	2
                          82 ..gh.f.f.1.e.1:
                          83 	.type	..gh.f.f.1.e.1,@object
                          84 	.size	..gh.f.f.1.e.1,0
                          85 	.global	_actRSAPrivateKeyOperation
                          86 _actRSAPrivateKeyOperation:
00000016 84072300         87 	prepare	{r31},2,sp
0000001a 069d             88 	sld.w	12[ep],r19
0000001c 0895             89 	sld.w	16[ep],r18
                          90 --	    .bf
                          91 .LDW31:
0000001e 019d             92 	sst.w	r19,0[ep]
00000020 0395             93 	sst.w	r18,4[ep]
                          94 	jarl	_actRSAExponentiation,lp
                          94 <EXPANSION BEGIN>
                          94 jarl22 _actRSAExponentiation , lp 
00000022 80ff0000*        94 <EXPANSION END>
                          95 --	    .ef
                          96 .LDW41:
                          97 --line32
                          98 ..lin.C.3A.5C_ECU2.5CECU_Rivian_A1.5CTarget.5Crepo_projects.5CpFOTA.5CcL_R2023.2E09.2E01.5Cmake.5Cobj.5CactIRSAPrivate.2::
                          99 .LDWlin2:
00000026 44063f00        100 	dispose	2,{r31},[lp]
                         101 	.type	_actRSAPrivateKeyOperation,@function
                         102 	.size	_actRSAPrivateKeyOperation,.-_actRSAPrivateKeyOperation
                         103 	.align	2
                         104 .LDW51:
                         105 

                                                                      Page 3
                                                              C:\Users\nhuliyap\AppData\Local\Temp\gh_000047g1.s
                         106 --_cipher	r6	param
                         107 --_cipher_len	r7	param
                         108 --_message	r8	param
                         109 --_message_len	r9	param
                         110 --_wkspBuf	r19	param
                         111 --_watchdog	r18	param
                         112 
                         113 	.section ".bss","awb"
                         114 .L81:
                         115 	.type	.L81,@object
                         116 	.size	.L81,0
                         117 	.data
                         118 	.section ".MSR_CODE","ax"
                         119 	.align	2
                         120 	.align	2
                         121 ..gh.f.f.1.e.2:
                         122 	.type	..gh.f.f.1.e.2,@object
                         123 	.size	..gh.f.f.1.e.2,0
                         124 	.global	_actRSAPrivateKeyGetBitLength
                         125 _actRSAPrivateKeyGetBitLength:
0000002a 06f0            126 	mov	r6,ep
                         127 --	    .bf
                         128 .LDW61:
0000002c 0035            129 	sld.w	0[ep],r6
0000002e 023d            130 	sld.w	4[ep],r7
00000030 80070000*       131 	jr	_actBNGetBitLength
                         132 --	    .ef
                         133 .LDW71:
                         134 	.type	_actRSAPrivateKeyGetBitLength,@function
                         135 	.size	_actRSAPrivateKeyGetBitLength,.-_actRSAPrivateKeyGetBitLength
                         136 	.align	2
                         137 .LDW81:
                         138 
                         139 --_n_ring	ep	param
                         140 
                         141 	.section ".bss","awb"
                         142 .L129:
                         143 	.type	.L129,@object
                         144 	.size	.L129,0
                         145 	.data
                         146 	.section ".MSR_CODE","ax"
                         147 	.align	2
                         148 
                         149 	.data
                         150 	.ghsnote version,17
                         151 	.ghsnote tools,3
                         152 	.ghsnote options,144
                         153 	.section ".MSR_CODE","ax"
                         154 	.align	2
                         155 ..eof.C.3A.5C_ECU2.5CECU_Rivian_A1.5CTarget.5Crepo_projects.5CpFOTA.5CcL_R2023.2E09.2E01.5Cmake.5Cobj.5CactIRSAPrivate...43.3A.5C_ECU2.5CECU_Rivian_A1.5CTarget.5Crepo_projects.5CpFOTA.5CcL_R2023.2E09.2E01.5Cmake..64F86446..0::
                         156 .rh850_flags REGMODE32,DATA_ALIGN8,GP_FIX,EP_NONFIX,TP_FIX,REG2_RESERVE,G3K,SDA_EXTRA_REGS_0
