                                                                      Page 1
                                                              C:\Users\nhuliyap\AppData\Local\Temp\gh_00006p81.s
Command Line: C:\GHS\comp_201517\ease850.exe -w -stderr=err/CfgEcuabCryIf.err -elf -b0 -I../source/_common -I../source/common -I../source/ecuabcanif -I../source/ecuabcantrcv -I../source/ecuabcryif -I../source/ecuabfee -I../source/ecuabmemif -I../source/libautosar -I../source/mcalcan -I../source/mcalcry -I../source/mcaldio -I../source/mcaleep -I../source/mcalfls -I../source/mcalmcu -I../source/projectara -I../source/projectcfg -I../source/projectcompiler -I../source/swcservicebswm -I../source/swcservicecantp -I../source/swcservicecomm -I../source/swcservicecsm -I../source/swcservicedcm -I../source/swcservicedem -I../source/swcservicedet -I../source/swcserviceecum -I../source/swcservicenvm -I../source/swcserviceos -I../source/swcservicepdur -I../source/swcserviceschm -I../source/swcservicestartup -I../source/wrappers/swcservicesecm -I../source/wrappers/vsecprim -I../source/wrappers/vstdlib -Ic:/ghs/comp_201517/ansi -Ic:/ghs/comp_201517/include/v800 -Igendata -IC:\GHS\comp_201517\lib\rh850 -cg_underscore -cpu=rh850g3k -nofpu -no_v850_simd -rh850_fpsimd=none -nomacro -patch_dbo=C:\_ECU2\ECU_Rivian_A1\Target\repo_projects\pFOTA\cL_R2023.09.01\make\obj\CfgEcuabCryIf.dbo -source=CfgEcuabCryIf.c -o obj\gh_00006p81.o -list=lst/CfgEcuabCryIf.lst C:\Users\nhuliyap\AppData\Local\Temp\gh_00006p81.s 
Original File: C:\Users\nhuliyap\AppData\Local\Temp\gh_00006p81.s
Source File: CfgEcuabCryIf.c
Directory: C:\_ECU2\ECU_Rivian_A1\Target\repo_projects\pFOTA\cL_R2023.09.01\make
Host OS: Windows
EASE: Copyright (C) 1983-2015 Green Hills Software.  All Rights Reserved.
Release: Compiler v2015.1.7
Build Directory: [Directory] BTOWORKER6:c:/build_2015_1_bto/2015-10-21.2100-2015_1_bto/win32-comp-ecom
Revision: [VCInfo] http://toolsvc/branches/release-branch-70-bto/src@544153 (built by build)
Revision Date: Thu Oct 22 07:50:13 2015

Release Date: Thu Oct 22 09:32:32 2015

                           1 --Driver Command: ccrh850 -DBRS_DERIVATIVE_701018 -DBRS_OSC_CLK=16
                           2 --		-DBRS_TIMEBASE_CLOCK=80 -DBRS_EVA_BOARD_
                           3 --		-DBRS_DERIVATIVE_GROUP_F1L -DBRS_OS_USECASE_BRS
                           4 --		-DBRS_PLATFORM_RH850 -DBRS_COMP_GHS
                           5 --		-DBRS_CPU_LOCAL_RAM_SIZE_CORE0=32
                           6 --		-DBRS_CPU_RAM_START_CORE0=0xFEDF8000 -list=lst/CfgEcuabCryIf.lst
                           7 --		-object_dir=obj -stderr=err/CfgEcuabCryIf.err -c -cpu=rh850
                           8 --		-sda=all -large_sda -prepare_dispose -pragma_asm_inline -no_callt
                           9 --		-inline_prologue -notda -reserve_r2 -fsoft
                          10 --		--unknown_pragma_warnings -list -g -Ogeneral -shortenum
                          11 --		-registermode=32 -I../source/_common -I../source/common
                          12 --		-I../source/ecuabcanif -I../source/ecuabcantrcv
                          13 --		-I../source/ecuabcryif -I../source/ecuabfee
                          14 --		-I../source/ecuabmemif -I../source/libautosar -I../source/mcalcan
                          15 --		-I../source/mcalcry -I../source/mcaldio -I../source/mcaleep
                          16 --		-I../source/mcalfls -I../source/mcalmcu -I../source/projectara
                          17 --		-I../source/projectcfg -I../source/projectcompiler
                          18 --		-I../source/swcservicebswm -I../source/swcservicecantp
                          19 --		-I../source/swcservicecomm -I../source/swcservicecsm
                          20 --		-I../source/swcservicedcm -I../source/swcservicedem
                          21 --		-I../source/swcservicedet -I../source/swcserviceecum
                          22 --		-I../source/swcservicenvm -I../source/swcserviceos
                          23 --		-I../source/swcservicepdur -I../source/swcserviceschm
                          24 --		-I../source/swcservicestartup -I../source/wrappers/swcservicesecm
                          25 --		-I../source/wrappers/vsecprim -I../source/wrappers/vstdlib
                          26 --		-Ic:/ghs/comp_201517/ansi -Ic:/ghs/comp_201517/include/v800
                          27 --		-Igendata ../source/ProjectCfg/CfgEcuabCryIf.c
                          28 --Source File:   ../source/ProjectCfg/CfgEcuabCryIf.c
                          29 --Directory:     
                          30 --		C:\_ECU2\ECU_Rivian_A1\Target\repo_projects\pFOTA\cL_R2023.09.01\make
                          31 --Compile Date:  Wed Sep 06 13:32:01 2023
                          32 --Host OS:       Win32
                          33 --Version:       C-RH850 2015.1.7 RELEASE VERSION
                          34 --Release:       Compiler v2015.1.7
                          35 --Revision Date: Thu Oct 22 08:06:12 2015
                          36 --Release Date:  Thu Oct 22 09:34:32 2015
                          37 -- ecom  -g -w -OM
                          38 
                          39 	.section ".rosdata","a"
                          40 	.align	4
                          41 	.global	_CryIf_Channel
00000000 00000000         42 _CryIf_Channel:	.space	4
00000004 00               43 	.space	1
00000005 00               44 	.space	1
00000006 0000             45 	.space	2
00000008 01000000         46 	.byte	1,0,0,0
0000000c 00               47 	.space	1
0000000d 01               48 	.byte	1
0000000e 0000             49 	.space	2
                          50 	.type	_CryIf_Channel,@object

                                                                      Page 2
                                                              C:\Users\nhuliyap\AppData\Local\Temp\gh_00006p81.s
                          51 	.size	_CryIf_Channel,16
                          52 	.global	_CryIf_Key
00000010 00000000         53 _CryIf_Key:	.space	4
00000014 00               54 	.space	1
00000015 000000           55 	.space	3
00000018 01000000         56 	.byte	1,0,0,0
0000001c 00               57 	.space	1
0000001d 000000           58 	.space	3
00000020 02000000         59 	.byte	2,0,0,0
00000024 00               60 	.space	1
00000025 000000           61 	.space	3
00000028 03000000         62 	.byte	3,0,0,0
0000002c 00               63 	.space	1
0000002d 000000           64 	.space	3
00000030 04000000         65 	.byte	4,0,0,0
00000034 00               66 	.space	1
00000035 000000           67 	.space	3
00000038 05000000         68 	.byte	5,0,0,0
0000003c 00               69 	.space	1
0000003d 000000           70 	.space	3
00000040 06000000         71 	.byte	6,0,0,0
00000044 00               72 	.space	1
00000045 000000           73 	.space	3
                          74 	.type	_CryIf_Key,@object
                          75 	.size	_CryIf_Key,56
                          76 	.global	_CryIf_CryptoFunctions
00000048 01               77 _CryIf_CryptoFunctions:	.byte	1
00000049 000000           78 	.space	3
0000004c 00000000*        79 	.word	_McalCry_CancelJob
00000050 00000000*        80 	.word	_McalCry_CertificateParse
00000054 00000000*        81 	.word	_McalCry_CertificateVerify
00000058 00000000*        82 	.word	_McalCry_KeyCopy
0000005c 00000000*        83 	.word	_McalCry_KeyDerive
00000060 00000000*        84 	.word	_McalCry_KeyElementCopy
00000064 00000000*        85 	.word	_McalCry_KeyElementCopyPartial
00000068 00000000*        86 	.word	_McalCry_KeyElementGet
0000006c 00000000*        87 	.word	_McalCry_KeyElementIdsGet
00000070 00000000*        88 	.word	_McalCry_KeyElementSet
00000074 00000000*        89 	.word	_McalCry_KeyExchangeCalcPubVal
00000078 00000000*        90 	.word	_McalCry_KeyExchangeCalcSecret
0000007c 00000000*        91 	.word	_McalCry_KeyGenerate
00000080 00000000*        92 	.word	_McalCry_KeyValidSet
00000084 00000000*        93 	.word	_McalCry_ProcessJob
00000088 00000000*        94 	.word	_McalCry_RandomSeed
                          95 	.type	_CryIf_CryptoFunctions,@object
                          96 	.size	_CryIf_CryptoFunctions,68
                          97 	.data
                          98 	.ghsnote version,17
                          99 	.ghsnote tools,3
                         100 	.ghsnote options,144
                         101 	.text
                         102 ..bof.C.3A.5C_ECU2.5CECU_Rivian_A1.5CTarget.5Crepo_projects.5CpFOTA.5CcL_R2023.2E09.2E01.5Cmake.5Cobj.5CCfgEcuabCryIf...43.3A.5C_ECU2.5CECU_Rivian_A1.5CTarget.5Crepo_projects.5CpFOTA.5CcL_R2023.2E09.2E01.5Cmake..64F86332..0::
                         103 ..eof.C.3A.5C_ECU2.5CECU_Rivian_A1.5CTarget.5Crepo_projects.5CpFOTA.5CcL_R2023.2E09.2E01.5Cmake.5Cobj.5CCfgEcuabCryIf...43.3A.5C_ECU2.5CECU_Rivian_A1.5CTarget.5Crepo_projects.5CpFOTA.5CcL_R2023.2E09.2E01.5Cmake..64F86332..0::
                         104 .rh850_flags REGMODE32,DATA_ALIGN8,GP_FIX,EP_NONFIX,TP_FIX,REG2_RESERVE,G3K,SDA_EXTRA_REGS_0
