                                                                      Page 1
                                                              C:\Users\nhuliyap\AppData\Local\Temp\gh_00000so1.s
Command Line: C:\GHS\comp_201517\ease850.exe -w -stderr=err/CfgMcalCry.err -elf -b0 -I../source/_common -I../source/common -I../source/ecuabcanif -I../source/ecuabcantrcv -I../source/ecuabcryif -I../source/ecuabfee -I../source/ecuabmemif -I../source/libautosar -I../source/mcalcan -I../source/mcalcry -I../source/mcaldio -I../source/mcaleep -I../source/mcalfls -I../source/mcalmcu -I../source/projectara -I../source/projectcfg -I../source/projectcompiler -I../source/swcservicebswm -I../source/swcservicecantp -I../source/swcservicecomm -I../source/swcservicecsm -I../source/swcservicedcm -I../source/swcservicedem -I../source/swcservicedet -I../source/swcserviceecum -I../source/swcservicenvm -I../source/swcserviceos -I../source/swcservicepdur -I../source/swcserviceschm -I../source/swcservicestartup -I../source/wrappers/swcservicesecm -I../source/wrappers/vsecprim -I../source/wrappers/vstdlib -Ic:/ghs/comp_201517/ansi -Ic:/ghs/comp_201517/include/v800 -Igendata -IC:\GHS\comp_201517\lib\rh850 -cg_underscore -cpu=rh850g3k -nofpu -no_v850_simd -rh850_fpsimd=none -nomacro -patch_dbo=C:\_ECU2\ECU_Rivian_A1\Target\repo_projects\pFOTA\cL_R2023.09.01\make\obj\CfgMcalCry.dbo -source=CfgMcalCry.c -o obj\gh_00000so1.o -list=lst/CfgMcalCry.lst C:\Users\nhuliyap\AppData\Local\Temp\gh_00000so1.s 
Original File: C:\Users\nhuliyap\AppData\Local\Temp\gh_00000so1.s
Source File: CfgMcalCry.c
Directory: C:\_ECU2\ECU_Rivian_A1\Target\repo_projects\pFOTA\cL_R2023.09.01\make
Host OS: Windows
EASE: Copyright (C) 1983-2015 Green Hills Software.  All Rights Reserved.
Release: Compiler v2015.1.7
Build Directory: [Directory] BTOWORKER6:c:/build_2015_1_bto/2015-10-21.2100-2015_1_bto/win32-comp-ecom
Revision: [VCInfo] http://toolsvc/branches/release-branch-70-bto/src@544153 (built by build)
Revision Date: Thu Oct 22 07:50:13 2015

Release Date: Thu Oct 22 09:32:32 2015

                           1 --Driver Command: ccrh850 -DBRS_DERIVATIVE_701018 -DBRS_OSC_CLK=16
                           2 --		-DBRS_TIMEBASE_CLOCK=80 -DBRS_EVA_BOARD_
                           3 --		-DBRS_DERIVATIVE_GROUP_F1L -DBRS_OS_USECASE_BRS
                           4 --		-DBRS_PLATFORM_RH850 -DBRS_COMP_GHS
                           5 --		-DBRS_CPU_LOCAL_RAM_SIZE_CORE0=32
                           6 --		-DBRS_CPU_RAM_START_CORE0=0xFEDF8000 -list=lst/CfgMcalCry.lst
                           7 --		-object_dir=obj -stderr=err/CfgMcalCry.err -c -cpu=rh850 -sda=all
                           8 --		-large_sda -prepare_dispose -pragma_asm_inline -no_callt
                           9 --		-inline_prologue -notda -reserve_r2 -fsoft
                          10 --		--unknown_pragma_warnings -list -g -Ogeneral -shortenum
                          11 --		-registermode=32 -I../source/_common -I../source/common
                          12 --		-I../source/ecuabcanif -I../source/ecuabcantrcv
                          13 --		-I../source/ecuabcryif -I../source/ecuabfee
                          14 --		-I../source/ecuabmemif -I../source/libautosar -I../source/mcalcan
                          15 --		-I../source/mcalcry -I../source/mcaldio -I../source/mcaleep
                          16 --		-I../source/mcalfls -I../source/mcalmcu -I../source/projectara
                          17 --		-I../source/projectcfg -I../source/projectcompiler
                          18 --		-I../source/swcservicebswm -I../source/swcservicecantp
                          19 --		-I../source/swcservicecomm -I../source/swcservicecsm
                          20 --		-I../source/swcservicedcm -I../source/swcservicedem
                          21 --		-I../source/swcservicedet -I../source/swcserviceecum
                          22 --		-I../source/swcservicenvm -I../source/swcserviceos
                          23 --		-I../source/swcservicepdur -I../source/swcserviceschm
                          24 --		-I../source/swcservicestartup -I../source/wrappers/swcservicesecm
                          25 --		-I../source/wrappers/vsecprim -I../source/wrappers/vstdlib
                          26 --		-Ic:/ghs/comp_201517/ansi -Ic:/ghs/comp_201517/include/v800
                          27 --		-Igendata ../source/ProjectCfg/CfgMcalCry.c
                          28 --Source File:   ../source/ProjectCfg/CfgMcalCry.c
                          29 --Directory:     
                          30 --		C:\_ECU2\ECU_Rivian_A1\Target\repo_projects\pFOTA\cL_R2023.09.01\make
                          31 --Compile Date:  Wed Sep 06 13:32:06 2023
                          32 --Host OS:       Win32
                          33 --Version:       C-RH850 2015.1.7 RELEASE VERSION
                          34 --Release:       Compiler v2015.1.7
                          35 --Revision Date: Thu Oct 22 08:06:12 2015
                          36 --Release Date:  Thu Oct 22 09:34:32 2015
                          37 -- ecom  -g -w -OM
                          38 
                          39 	.section ".rosdata","a"
                          40 	.align	4
                          41 	.global	_McalCry_AesDecrypt
00000000 00000000*        42 _McalCry_AesDecrypt:	.word	sdaoff23(_McalCry_UnionWS_McalCry_Aes)
                          43 	.type	_McalCry_AesDecrypt,@object
                          44 	.size	_McalCry_AesDecrypt,4
                          45 	.global	_McalCry_HmacSha1Verify
00000004 00000000*        46 _McalCry_HmacSha1Verify:	.word	sdaoff23(_McalCry_UnionWS_McalCry)
                          47 	.type	_McalCry_HmacSha1Verify,@object
                          48 	.size	_McalCry_HmacSha1Verify,4
                          49 	.global	_McalCry_RsaPkcs1Verify
00000008 00000000*        50 _McalCry_RsaPkcs1Verify:	.word	sdaoff23(_McalCry_UnionWS_McalCry)

                                                                      Page 2
                                                              C:\Users\nhuliyap\AppData\Local\Temp\gh_00000so1.s
                          51 	.type	_McalCry_RsaPkcs1Verify,@object
                          52 	.size	_McalCry_RsaPkcs1Verify,4
                          53 	.global	_McalCry_RsaPssVerify
0000000c 00000000*        54 _McalCry_RsaPssVerify:	.word	sdaoff23(_McalCry_UnionWS_McalCry)
                          55 	.type	_McalCry_RsaPssVerify,@object
                          56 	.size	_McalCry_RsaPssVerify,4
                          57 	.global	_McalCry_SHA512
00000010 00000000*        58 _McalCry_SHA512:	.word	sdaoff23(_McalCry_UnionWS_McalCry)
                          59 	.type	_McalCry_SHA512,@object
                          60 	.size	_McalCry_SHA512,4
                          61 	.global	_McalCry_ObjectInfoInd
00000014 00               62 _McalCry_ObjectInfoInd:	.space	1
00000015 01010101         63 	.byte	1,1,1,1
00000019 000000           64 	.space	3
                          65 	.type	_McalCry_ObjectInfoInd,@object
                          66 	.size	_McalCry_ObjectInfoInd,8
                          67 	.global	_McalCry_ObjectInfo
0000001c 40010000         68 _McalCry_ObjectInfo:	.byte	64,1,0,0
00000020 00               69 	.space	1
00000021 ff               70 	.byte	255
00000022 00               71 	.space	1
00000023 ffff             72 	.byte	255,255
00000025 ff               73 	.byte	255
00000026 0000             74 	.space	2
00000028 00000000*        75 	.word	sdaoff23(_McalCry_UnionWS_McalCry_Aes)
0000002c d8080000         76 	.byte	216,8,0,0
00000030 ff               77 	.byte	255
00000031 00               78 	.space	1
00000032 01               79 	.byte	1
00000033 00               80 	.space	1
00000034 00               81 	.space	1
00000035 00               82 	.space	1
00000036 0000             83 	.space	2
00000038 00000000*        84 	.word	sdaoff23(_McalCry_UnionWS_McalCry)
                          85 	.type	_McalCry_ObjectInfo,@object
                          86 	.size	_McalCry_ObjectInfo,32
                          87 	.global	_McalCry_PrimitiveFct
0000003c 01               88 _McalCry_PrimitiveFct:	.byte	1
0000003d 00               89 	.space	1
0000003e 0000             90 	.space	2
00000040 00000000*        91 	.word	_McalCry_Dispatch_AesDecrypt
00000044 0201             92 	.byte	2,1
00000046 0000             93 	.space	2
00000048 00000000*        94 	.word	_McalCry_Dispatch_SHA512
0000004c 0302             95 	.byte	3,2
0000004e 0000             96 	.space	2
00000050 00000000*        97 	.word	_McalCry_Dispatch_HmacSha1Verify
00000054 0403             98 	.byte	4,3
00000056 0000             99 	.space	2
00000058 00000000*       100 	.word	_McalCry_Dispatch_RsaPkcs1Verify
0000005c 0504            101 	.byte	5,4
0000005e 0000            102 	.space	2
00000060 00000000*       103 	.word	_McalCry_Dispatch_RsaPssVerify
                         104 	.type	_McalCry_PrimitiveFct,@object
                         105 	.size	_McalCry_PrimitiveFct,40
                         106 	.global	_McalCry_PrimitiveServiceInfo
00000064 0a09            107 _McalCry_PrimitiveServiceInfo:	.byte	10,9
00000066 ffff            108 	.byte	255,255
00000068 0b0a            109 	.byte	11,10
0000006a ffff            110 	.byte	255,255
0000006c 09              111 	.byte	9

                                                                      Page 3
                                                              C:\Users\nhuliyap\AppData\Local\Temp\gh_00000so1.s
0000006d 00              112 	.space	1
0000006e ffff            113 	.byte	255,255
00000070 ffff            114 	.byte	255,255
00000072 ffff            115 	.byte	255,255
00000074 0e0b            116 	.byte	14,11
00000076 ffff            117 	.byte	255,255
00000078 ffff            118 	.byte	255,255
0000007a ffff            119 	.byte	255,255
0000007c ffff            120 	.byte	255,255
0000007e ffff            121 	.byte	255,255
00000080 ffff            122 	.byte	255,255
00000082 ffff            123 	.byte	255,255
00000084 ffff            124 	.byte	255,255
00000086 ffff            125 	.byte	255,255
00000088 ffff            126 	.byte	255,255
0000008a ffff            127 	.byte	255,255
                         128 	.type	_McalCry_PrimitiveServiceInfo,@object
                         129 	.size	_McalCry_PrimitiveServiceInfo,40
                         130 	.global	_McalCry_Key
0000008c 02              131 _McalCry_Key:	.byte	2
0000008d 00              132 	.space	1
0000008e 0302            133 	.byte	3,2
00000090 0403            134 	.byte	4,3
00000092 0604            135 	.byte	6,4
00000094 0806            136 	.byte	8,6
00000096 0a08            137 	.byte	10,8
00000098 0b0a            138 	.byte	11,10
0000009a 0000            139 	.space	2
                         140 	.type	_McalCry_Key,@object
                         141 	.size	_McalCry_Key,16
                         142 	.global	_McalCry_KeyElementInfo
0000009c 1000            143 _McalCry_KeyElementInfo:	.byte	16,0
0000009e 01              144 	.byte	1
0000009f 00              145 	.space	1
000000a0 00              146 	.space	1
000000a1 00              147 	.space	1
000000a2 1000            148 	.byte	16,0
000000a4 05              149 	.byte	5
000000a5 00              150 	.space	1
000000a6 00              151 	.space	1
000000a7 00              152 	.space	1
000000a8 1000            153 	.byte	16,0
000000aa 01              154 	.byte	1
000000ab 00              155 	.space	1
000000ac 00              156 	.space	1
000000ad 00              157 	.space	1
000000ae 2000            158 	.byte	32,0
000000b0 01              159 	.byte	1
000000b1 00              160 	.space	1
000000b2 00              161 	.space	1
000000b3 00              162 	.space	1
000000b4 8000            163 	.byte	128,0
000000b6 a0              164 	.byte	160
000000b7 00              165 	.space	1
000000b8 00              166 	.space	1
000000b9 00              167 	.space	1
000000ba 0400            168 	.byte	4,0
000000bc a1              169 	.byte	161
000000bd 00              170 	.space	1
000000be 00              171 	.space	1
000000bf 00              172 	.space	1

                                                                      Page 4
                                                              C:\Users\nhuliyap\AppData\Local\Temp\gh_00000so1.s
000000c0 0001            173 	.byte	0,1
000000c2 a0              174 	.byte	160
000000c3 00              175 	.space	1
000000c4 00              176 	.space	1
000000c5 00              177 	.space	1
000000c6 0400            178 	.byte	4,0
000000c8 a1              179 	.byte	161
000000c9 00              180 	.space	1
000000ca 00              181 	.space	1
000000cb 00              182 	.space	1
000000cc 8001            183 	.byte	128,1
000000ce a0              184 	.byte	160
000000cf 00              185 	.space	1
000000d0 00              186 	.space	1
000000d1 00              187 	.space	1
000000d2 0400            188 	.byte	4,0
000000d4 a1              189 	.byte	161
000000d5 00              190 	.space	1
000000d6 00              191 	.space	1
000000d7 00              192 	.space	1
000000d8 1400            193 	.byte	20,0
000000da 01              194 	.byte	1
000000db 00              195 	.space	1
000000dc 00              196 	.space	1
000000dd 00              197 	.space	1
000000de 0000            198 	.space	2
                         199 	.type	_McalCry_KeyElementInfo,@object
                         200 	.size	_McalCry_KeyElementInfo,68
                         201 	.global	_McalCry_KeyElements
000000e0 14000400        202 _McalCry_KeyElements:	.byte	20,0,4,0
000000e4 01              203 	.byte	1
000000e5 00              204 	.space	1
000000e6 28001800        205 	.byte	40,0,24,0
000000ea 05              206 	.byte	5
000000eb 00              207 	.space	1
000000ec 3c002c00        208 	.byte	60,0,44,0
000000f0 01              209 	.byte	1
000000f1 00              210 	.space	1
000000f2 60004000        211 	.byte	96,0,64,0
000000f6 01              212 	.byte	1
000000f7 00              213 	.space	1
000000f8 e4006400        214 	.byte	228,0,100,0
000000fc a0              215 	.byte	160
000000fd 00              216 	.space	1
000000fe ec00e800        217 	.byte	236,0,232,0
00000102 a1              218 	.byte	161
00000103 00              219 	.space	1
00000104 f001f000        220 	.byte	240,1,240,0
00000108 a0              221 	.byte	160
00000109 00              222 	.space	1
0000010a f801f401        223 	.byte	248,1,244,1
0000010e a1              224 	.byte	161
0000010f 00              225 	.space	1
00000110 7c03fc01        226 	.byte	124,3,252,1
00000114 a0              227 	.byte	160
00000115 00              228 	.space	1
00000116 84038003        229 	.byte	132,3,128,3
0000011a a1              230 	.byte	161
0000011b 00              231 	.space	1
0000011c 9c038803        232 	.byte	156,3,136,3
00000120 01              233 	.byte	1

                                                                      Page 5
                                                              C:\Users\nhuliyap\AppData\Local\Temp\gh_00000so1.s
00000121 00              234 	.space	1
00000122 0000            235 	.space	2
                         236 	.type	_McalCry_KeyElements,@object
                         237 	.size	_McalCry_KeyElements,68
                         238 	.global	_McalCry_PrimitiveInfo
00000124 00011404        239 _McalCry_PrimitiveInfo:	.byte	0,1,20,4
00000128 00              240 	.space	1
00000129 00              241 	.space	1
0000012a 0000            242 	.space	2
0000012c 85011404        243 	.byte	133,1,20,4
00000130 00              244 	.space	1
00000131 00              245 	.space	1
00000132 0000            246 	.space	2
00000134 23011404        247 	.byte	35,1,20,4
00000138 00              248 	.space	1
00000139 00              249 	.space	1
0000013a 0000            250 	.space	2
0000013c 00021404        251 	.byte	0,2,20,4
00000140 00              252 	.space	1
00000141 00              253 	.space	1
00000142 0000            254 	.space	2
00000144 85021404        255 	.byte	133,2,20,4
00000148 00              256 	.space	1
00000149 00              257 	.space	1
0000014a 0000            258 	.space	2
0000014c 23021404        259 	.byte	35,2,20,4
00000150 00              260 	.space	1
00000151 00              261 	.space	1
00000152 0000            262 	.space	2
00000154 00051404        263 	.byte	0,5,20,4
00000158 00              264 	.space	1
00000159 00              265 	.space	1
0000015a 0000            266 	.space	2
0000015c 85051404        267 	.byte	133,5,20,4
00000160 00              268 	.space	1
00000161 00              269 	.space	1
00000162 0000            270 	.space	2
00000164 23051404        271 	.byte	35,5,20,4
00000168 00              272 	.space	1
00000169 00              273 	.space	1
0000016a 0000            274 	.space	2
0000016c 00000500        275 	.byte	0,0,5,0
00000170 00              276 	.space	1
00000171 01              277 	.byte	1
00000172 0000            278 	.space	2
00000174 000f0102        279 	.byte	0,15,1,2
00000178 00              280 	.space	1
00000179 02              281 	.byte	2
0000017a 0000            282 	.space	2
0000017c 010b1608        283 	.byte	1,11,22,8
00000180 00              284 	.space	1
00000181 03              285 	.byte	3
00000182 0000            286 	.space	2
00000184 030b1608        287 	.byte	3,11,22,8
00000188 00              288 	.space	1
00000189 03              289 	.byte	3
0000018a 0000            290 	.space	2
0000018c 030a1608        291 	.byte	3,10,22,8
00000190 00              292 	.space	1
00000191 04              293 	.byte	4
00000192 0000            294 	.space	2

                                                                      Page 6
                                                              C:\Users\nhuliyap\AppData\Local\Temp\gh_00000so1.s
                         295 	.type	_McalCry_PrimitiveInfo,@object
                         296 	.size	_McalCry_PrimitiveInfo,112
                         297 	.data
                         298 	.sbss	_McalCry_BufferLength,8,4
                         299 	.type	_McalCry_BufferLength,@object
                         300 	.size	_McalCry_BufferLength,8
                         301 	.sbss	_McalCry_Lock,8,4
                         302 	.type	_McalCry_Lock,@object
                         303 	.size	_McalCry_Lock,8
                         304 	.sbss	_McalCry_Queue,8,4
                         305 	.type	_McalCry_Queue,@object
                         306 	.size	_McalCry_Queue,8
                         307 	.sbss	_McalCry_UnionWS_McalCry,2264,8
                         308 	.type	_McalCry_UnionWS_McalCry,@object
                         309 	.size	_McalCry_UnionWS_McalCry,2264
                         310 	.sbss	_McalCry_UnionWS_McalCry_Aes,320,4
                         311 	.type	_McalCry_UnionWS_McalCry_Aes,@object
                         312 	.size	_McalCry_UnionWS_McalCry_Aes,320
                         313 	.sbss	_McalCry_WrittenLength,8,4
                         314 	.type	_McalCry_WrittenLength,@object
                         315 	.size	_McalCry_WrittenLength,8
                         316 	.sbss	_McalCry_KeyStorage,924,1
                         317 	.type	_McalCry_KeyStorage,@object
                         318 	.size	_McalCry_KeyStorage,924
                         319 	.sbss	_McalCry_DriverObjectState,2,1
                         320 	.type	_McalCry_DriverObjectState,@object
                         321 	.size	_McalCry_DriverObjectState,2
                         322 	.sbss	_McalCry_KeyLock,7,1
                         323 	.type	_McalCry_KeyLock,@object
                         324 	.size	_McalCry_KeyLock,7
                         325 	.ghsnote version,17
                         326 	.ghsnote tools,3
                         327 	.ghsnote options,144
                         328 	.text
                         329 ..bof.C.3A.5C_ECU2.5CECU_Rivian_A1.5CTarget.5Crepo_projects.5CpFOTA.5CcL_R2023.2E09.2E01.5Cmake.5Cobj.5CCfgMcalCry...43.3A.5C_ECU2.5CECU_Rivian_A1.5CTarget.5Crepo_projects.5CpFOTA.5CcL_R2023.2E09.2E01.5Cmake..64F86336..0::
                         330 ..eof.C.3A.5C_ECU2.5CECU_Rivian_A1.5CTarget.5Crepo_projects.5CpFOTA.5CcL_R2023.2E09.2E01.5Cmake.5Cobj.5CCfgMcalCry...43.3A.5C_ECU2.5CECU_Rivian_A1.5CTarget.5Crepo_projects.5CpFOTA.5CcL_R2023.2E09.2E01.5Cmake..64F86336..0::
                         331 .rh850_flags REGMODE32,DATA_ALIGN8,GP_FIX,EP_NONFIX,TP_FIX,REG2_RESERVE,G3K,SDA_EXTRA_REGS_0
