                                                                      Page 1
                                                              C:\Users\nhuliyap\AppData\Local\Temp\gh_0000das1.s
Command Line: C:\GHS\comp_201517\ease850.exe -w -stderr=err/CfgSwcServiceCanTp.err -elf -b0 -I../source/_common -I../source/common -I../source/ecuabcanif -I../source/ecuabcantrcv -I../source/ecuabcryif -I../source/ecuabfee -I../source/ecuabmemif -I../source/libautosar -I../source/mcalcan -I../source/mcalcry -I../source/mcaldio -I../source/mcaleep -I../source/mcalfls -I../source/mcalmcu -I../source/projectara -I../source/projectcfg -I../source/projectcompiler -I../source/swcservicebswm -I../source/swcservicecantp -I../source/swcservicecomm -I../source/swcservicecsm -I../source/swcservicedcm -I../source/swcservicedem -I../source/swcservicedet -I../source/swcserviceecum -I../source/swcservicenvm -I../source/swcserviceos -I../source/swcservicepdur -I../source/swcserviceschm -I../source/swcservicestartup -I../source/wrappers/swcservicesecm -I../source/wrappers/vsecprim -I../source/wrappers/vstdlib -Ic:/ghs/comp_201517/ansi -Ic:/ghs/comp_201517/include/v800 -Igendata -IC:\GHS\comp_201517\lib\rh850 -cg_underscore -cpu=rh850g3k -nofpu -no_v850_simd -rh850_fpsimd=none -nomacro -patch_dbo=C:\_ECU2\ECU_Rivian_A1\Target\repo_projects\pFOTA\cL_R2023.09.01\make\obj\CfgSwcServiceCanTp.dbo -source=CfgSwcServiceCanTp.c -o obj\gh_0000das1.o -list=lst/CfgSwcServiceCanTp.lst C:\Users\nhuliyap\AppData\Local\Temp\gh_0000das1.s 
Original File: C:\Users\nhuliyap\AppData\Local\Temp\gh_0000das1.s
Source File: CfgSwcServiceCanTp.c
Directory: C:\_ECU2\ECU_Rivian_A1\Target\repo_projects\pFOTA\cL_R2023.09.01\make
Host OS: Windows
EASE: Copyright (C) 1983-2015 Green Hills Software.  All Rights Reserved.
Release: Compiler v2015.1.7
Build Directory: [Directory] BTOWORKER6:c:/build_2015_1_bto/2015-10-21.2100-2015_1_bto/win32-comp-ecom
Revision: [VCInfo] http://toolsvc/branches/release-branch-70-bto/src@544153 (built by build)
Revision Date: Thu Oct 22 07:50:13 2015

Release Date: Thu Oct 22 09:32:32 2015

                           1 --Driver Command: ccrh850 -DBRS_DERIVATIVE_701018 -DBRS_OSC_CLK=16
                           2 --		-DBRS_TIMEBASE_CLOCK=80 -DBRS_EVA_BOARD_
                           3 --		-DBRS_DERIVATIVE_GROUP_F1L -DBRS_OS_USECASE_BRS
                           4 --		-DBRS_PLATFORM_RH850 -DBRS_COMP_GHS
                           5 --		-DBRS_CPU_LOCAL_RAM_SIZE_CORE0=32
                           6 --		-DBRS_CPU_RAM_START_CORE0=0xFEDF8000
                           7 --		-list=lst/CfgSwcServiceCanTp.lst -object_dir=obj
                           8 --		-stderr=err/CfgSwcServiceCanTp.err -c -cpu=rh850 -sda=all
                           9 --		-large_sda -prepare_dispose -pragma_asm_inline -no_callt
                          10 --		-inline_prologue -notda -reserve_r2 -fsoft
                          11 --		--unknown_pragma_warnings -list -g -Ogeneral -shortenum
                          12 --		-registermode=32 -I../source/_common -I../source/common
                          13 --		-I../source/ecuabcanif -I../source/ecuabcantrcv
                          14 --		-I../source/ecuabcryif -I../source/ecuabfee
                          15 --		-I../source/ecuabmemif -I../source/libautosar -I../source/mcalcan
                          16 --		-I../source/mcalcry -I../source/mcaldio -I../source/mcaleep
                          17 --		-I../source/mcalfls -I../source/mcalmcu -I../source/projectara
                          18 --		-I../source/projectcfg -I../source/projectcompiler
                          19 --		-I../source/swcservicebswm -I../source/swcservicecantp
                          20 --		-I../source/swcservicecomm -I../source/swcservicecsm
                          21 --		-I../source/swcservicedcm -I../source/swcservicedem
                          22 --		-I../source/swcservicedet -I../source/swcserviceecum
                          23 --		-I../source/swcservicenvm -I../source/swcserviceos
                          24 --		-I../source/swcservicepdur -I../source/swcserviceschm
                          25 --		-I../source/swcservicestartup -I../source/wrappers/swcservicesecm
                          26 --		-I../source/wrappers/vsecprim -I../source/wrappers/vstdlib
                          27 --		-Ic:/ghs/comp_201517/ansi -Ic:/ghs/comp_201517/include/v800
                          28 --		-Igendata ../source/ProjectCfg/CfgSwcServiceCanTp.c
                          29 --Source File:   ../source/ProjectCfg/CfgSwcServiceCanTp.c
                          30 --Directory:     
                          31 --		C:\_ECU2\ECU_Rivian_A1\Target\repo_projects\pFOTA\cL_R2023.09.01\make
                          32 --Compile Date:  Wed Sep 06 13:32:07 2023
                          33 --Host OS:       Win32
                          34 --Version:       C-RH850 2015.1.7 RELEASE VERSION
                          35 --Release:       Compiler v2015.1.7
                          36 --Revision Date: Thu Oct 22 08:06:12 2015
                          37 --Release Date:  Thu Oct 22 09:34:32 2015
                          38 -- ecom  -g -w -OM
                          39 
                          40 	.section ".rosdata","a"
                          41 	.align	4
                          42 	.global	_CanTp_RxPduMap
00000000 01               43 _CanTp_RxPduMap:	.byte	1
00000001 00               44 	.space	1
00000002 01               45 	.byte	1
00000003 00               46 	.space	1
00000004 0201ffff         47 	.byte	2,1,255,255
                          48 	.type	_CanTp_RxPduMap,@object
                          49 	.size	_CanTp_RxPduMap,8
                          50 	.global	_CanTp_RxSduCfgInd

                                                                      Page 2
                                                              C:\Users\nhuliyap\AppData\Local\Temp\gh_0000das1.s
00000008 01               51 _CanTp_RxSduCfgInd:	.byte	1
00000009 00               52 	.space	1
                          53 	.type	_CanTp_RxSduCfgInd,@object
                          54 	.size	_CanTp_RxSduCfgInd,2
                          55 	.global	_CanTp_RxSduSnv2Hdl
0000000a 00               56 _CanTp_RxSduSnv2Hdl:	.space	1
0000000b 01               57 	.byte	1
                          58 	.type	_CanTp_RxSduSnv2Hdl,@object
                          59 	.size	_CanTp_RxSduSnv2Hdl,2
                          60 	.global	_CanTp_RxSduCfg
0000000c ff               61 _CanTp_RxSduCfg:	.byte	255
0000000d 00               62 	.space	1
0000000e 01ff080b         63 	.byte	1,255,8,11
00000012 0b01             64 	.byte	11,1
00000014 ff               65 	.byte	255
00000015 00               66 	.space	1
00000016 01               67 	.byte	1
00000017 00               68 	.space	1
00000018 00               69 	.space	1
00000019 00               70 	.space	1
0000001a 1565             71 	.byte	21,101
0000001c 00               72 	.space	1
0000001d 00               73 	.space	1
0000001e 0000             74 	.space	2
                          75 	.type	_CanTp_RxSduCfg,@object
                          76 	.size	_CanTp_RxSduCfg,20
                          77 	.data
                          78 	.sbss	_CanTp_RxState,56,2
                          79 	.type	_CanTp_RxState,@object
                          80 	.size	_CanTp_RxState,56
                          81 	.sbss	_CanTp_CalcBS,2,1
                          82 	.type	_CanTp_CalcBS,@object
                          83 	.size	_CanTp_CalcBS,2
                          84 	.sbss	_CanTp_TxSemaphores,2,1
                          85 	.type	_CanTp_TxSemaphores,@object
                          86 	.size	_CanTp_TxSemaphores,2
                          87 	.sbss	_CanTp_TxState,26,2
                          88 	.type	_CanTp_TxState,@object
                          89 	.size	_CanTp_TxState,26
                          90 	.ghsnote version,17
                          91 	.ghsnote tools,3
                          92 	.ghsnote options,144
                          93 	.text
                          94 ..bof.C.3A.5C_ECU2.5CECU_Rivian_A1.5CTarget.5Crepo_projects.5CpFOTA.5CcL_R2023.2E09.2E01.5Cmake.5Cobj.5CCfgSwcServiceCanTp...43.3A.5C_ECU2.5CECU_Rivian_A1.5CTarget.5Crepo_projects.5CpFOTA.5CcL_R2023.2E09.2E01.5Cmake..64F86337..0::
                          95 ..eof.C.3A.5C_ECU2.5CECU_Rivian_A1.5CTarget.5Crepo_projects.5CpFOTA.5CcL_R2023.2E09.2E01.5Cmake.5Cobj.5CCfgSwcServiceCanTp...43.3A.5C_ECU2.5CECU_Rivian_A1.5CTarget.5Crepo_projects.5CpFOTA.5CcL_R2023.2E09.2E01.5Cmake..64F86337..0::
                          96 .rh850_flags REGMODE32,DATA_ALIGN8,GP_FIX,EP_NONFIX,TP_FIX,REG2_RESERVE,G3K,SDA_EXTRA_REGS_0
