                                                                      Page 1
                                                              C:\Users\nhuliyap\AppData\Local\Temp\gh_0000cr41.s
Command Line: C:\GHS\comp_201517\ease850.exe -w -stderr=err/CfgSwcServiceCsm.err -elf -b0 -I../source/_common -I../source/common -I../source/ecuabcanif -I../source/ecuabcantrcv -I../source/ecuabcryif -I../source/ecuabfee -I../source/ecuabmemif -I../source/libautosar -I../source/mcalcan -I../source/mcalcry -I../source/mcaldio -I../source/mcaleep -I../source/mcalfls -I../source/mcalmcu -I../source/projectara -I../source/projectcfg -I../source/projectcompiler -I../source/swcservicebswm -I../source/swcservicecantp -I../source/swcservicecomm -I../source/swcservicecsm -I../source/swcservicedcm -I../source/swcservicedem -I../source/swcservicedet -I../source/swcserviceecum -I../source/swcservicenvm -I../source/swcserviceos -I../source/swcservicepdur -I../source/swcserviceschm -I../source/swcservicestartup -I../source/wrappers/swcservicesecm -I../source/wrappers/vsecprim -I../source/wrappers/vstdlib -Ic:/ghs/comp_201517/ansi -Ic:/ghs/comp_201517/include/v800 -Igendata -IC:\GHS\comp_201517\lib\rh850 -cg_underscore -cpu=rh850g3k -nofpu -no_v850_simd -rh850_fpsimd=none -nomacro -patch_dbo=C:\_ECU2\ECU_Rivian_A1\Target\repo_projects\pFOTA\cL_R2023.09.01\make\obj\CfgSwcServiceCsm.dbo -source=CfgSwcServiceCsm.c -o obj\gh_0000cr41.o -list=lst/CfgSwcServiceCsm.lst C:\Users\nhuliyap\AppData\Local\Temp\gh_0000cr41.s 
Original File: C:\Users\nhuliyap\AppData\Local\Temp\gh_0000cr41.s
Source File: CfgSwcServiceCsm.c
Directory: C:\_ECU2\ECU_Rivian_A1\Target\repo_projects\pFOTA\cL_R2023.09.01\make
Host OS: Windows
EASE: Copyright (C) 1983-2015 Green Hills Software.  All Rights Reserved.
Release: Compiler v2015.1.7
Build Directory: [Directory] BTOWORKER6:c:/build_2015_1_bto/2015-10-21.2100-2015_1_bto/win32-comp-ecom
Revision: [VCInfo] http://toolsvc/branches/release-branch-70-bto/src@544153 (built by build)
Revision Date: Thu Oct 22 07:50:13 2015

Release Date: Thu Oct 22 09:32:32 2015

                           1 --Driver Command: ccrh850 -DBRS_DERIVATIVE_701018 -DBRS_OSC_CLK=16
                           2 --		-DBRS_TIMEBASE_CLOCK=80 -DBRS_EVA_BOARD_
                           3 --		-DBRS_DERIVATIVE_GROUP_F1L -DBRS_OS_USECASE_BRS
                           4 --		-DBRS_PLATFORM_RH850 -DBRS_COMP_GHS
                           5 --		-DBRS_CPU_LOCAL_RAM_SIZE_CORE0=32
                           6 --		-DBRS_CPU_RAM_START_CORE0=0xFEDF8000
                           7 --		-list=lst/CfgSwcServiceCsm.lst -object_dir=obj
                           8 --		-stderr=err/CfgSwcServiceCsm.err -c -cpu=rh850 -sda=all
                           9 --		-large_sda -prepare_dispose -pragma_asm_inline -no_callt
                          10 --		-inline_prologue -notda -reserve_r2 -fsoft
                          11 --		--unknown_pragma_warnings -list -g -Ogeneral -shortenum
                          12 --		-registermode=32 -I../source/_common -I../source/common
                          13 --		-I../source/ecuabcanif -I../source/ecuabcantrcv
                          14 --		-I../source/ecuabcryif -I../source/ecuabfee
                          15 --		-I../source/ecuabmemif -I../source/libautosar -I../source/mcalcan
                          16 --		-I../source/mcalcry -I../source/mcaldio -I../source/mcaleep
                          17 --		-I../source/mcalfls -I../source/mcalmcu -I../source/projectara
                          18 --		-I../source/projectcfg -I../source/projectcompiler
                          19 --		-I../source/swcservicebswm -I../source/swcservicecantp
                          20 --		-I../source/swcservicecomm -I../source/swcservicecsm
                          21 --		-I../source/swcservicedcm -I../source/swcservicedem
                          22 --		-I../source/swcservicedet -I../source/swcserviceecum
                          23 --		-I../source/swcservicenvm -I../source/swcserviceos
                          24 --		-I../source/swcservicepdur -I../source/swcserviceschm
                          25 --		-I../source/swcservicestartup -I../source/wrappers/swcservicesecm
                          26 --		-I../source/wrappers/vsecprim -I../source/wrappers/vstdlib
                          27 --		-Ic:/ghs/comp_201517/ansi -Ic:/ghs/comp_201517/include/v800
                          28 --		-Igendata ../source/ProjectCfg/CfgSwcServiceCsm.c
                          29 --Source File:   ../source/ProjectCfg/CfgSwcServiceCsm.c
                          30 --Directory:     
                          31 --		C:\_ECU2\ECU_Rivian_A1\Target\repo_projects\pFOTA\cL_R2023.09.01\make
                          32 --Compile Date:  Wed Sep 06 13:32:08 2023
                          33 --Host OS:       Win32
                          34 --Version:       C-RH850 2015.1.7 RELEASE VERSION
                          35 --Release:       Compiler v2015.1.7
                          36 --Revision Date: Thu Oct 22 08:06:12 2015
                          37 --Release Date:  Thu Oct 22 09:34:32 2015
                          38 -- ecom  -g -w -OM
                          39 
                          40 	.section ".rosdata","a"
                          41 	.align	4
                          42 	.global	_Csm_JobInfo
00000000 00000000         43 _Csm_JobInfo:	.space	4
00000004 00000000         44 	.space	4
00000008 01000000         45 	.byte	1,0,0,0
0000000c 00000000         46 	.space	4
00000010 02000000         47 	.byte	2,0,0,0
00000014 00000000         48 	.space	4
00000018 03000000         49 	.byte	3,0,0,0
0000001c 00000000         50 	.space	4

                                                                      Page 2
                                                              C:\Users\nhuliyap\AppData\Local\Temp\gh_0000cr41.s
00000020 04000000         51 	.byte	4,0,0,0
00000024 00000000         52 	.space	4
                          53 	.type	_Csm_JobInfo,@object
                          54 	.size	_Csm_JobInfo,40
                          55 	.global	_Csm_QueueInfo
00000028 00000000         56 _Csm_QueueInfo:	.space	4
0000002c 0107             57 	.byte	1,7
0000002e 02               58 	.byte	2
0000002f 00               59 	.space	1
00000030 01000000         60 	.byte	1,0,0,0
00000034 00               61 	.space	1
00000035 0701             62 	.byte	7,1
00000037 00               63 	.space	1
                          64 	.type	_Csm_QueueInfo,@object
                          65 	.size	_Csm_QueueInfo,16
                          66 	.global	_Csm_Key
00000038 00000000         67 _Csm_Key:	.space	4
0000003c 06000000         68 	.byte	6,0,0,0
00000040 01000000         69 	.byte	1,0,0,0
00000044 02000000         70 	.byte	2,0,0,0
00000048 03000000         71 	.byte	3,0,0,0
0000004c 04000000         72 	.byte	4,0,0,0
00000050 05000000         73 	.byte	5,0,0,0
                          74 	.type	_Csm_Key,@object
                          75 	.size	_Csm_Key,28
                          76 	.global	_Csm_JobTable
00000054 00               77 _Csm_JobTable:	.space	1
00000055 00               78 	.space	1
00000056 00               79 	.space	1
00000057 01               80 	.byte	1
00000058 00               81 	.space	1
00000059 01               82 	.byte	1
0000005a 06               83 	.byte	6
0000005b 00               84 	.space	1
0000005c 01               85 	.byte	1
0000005d 05               86 	.byte	5
0000005e 00               87 	.space	1
0000005f 01               88 	.byte	1
00000060 02               89 	.byte	2
00000061 00               90 	.space	1
00000062 01               91 	.byte	1
00000063 00               92 	.space	1
                          93 	.type	_Csm_JobTable,@object
                          94 	.size	_Csm_JobTable,16
                          95 	.global	_Csm_JobPrimitiveInfo
00000064 00000000         96 _Csm_JobPrimitiveInfo:	.space	4
00000068 00000000*        97 	.word	rosdaoff23(_Csm_PrimitiveInfo)
0000006c ff000000         98 	.byte	255,0,0,0
00000070 00000000         99 	.space	4
00000074 01              100 	.byte	1
00000075 00              101 	.space	1
00000076 0000            102 	.space	2
00000078 00000000        103 	.space	4
0000007c 00000000*       104 	.word	rosdaoff23(_Csm_PrimitiveInfo+80)
00000080 ff000000        105 	.byte	255,0,0,0
00000084 06000000        106 	.byte	6,0,0,0
00000088 01              107 	.byte	1
00000089 00              108 	.space	1
0000008a 0000            109 	.space	2
0000008c 00000000        110 	.space	4
00000090 00000000*       111 	.word	rosdaoff23(_Csm_PrimitiveInfo+40)

                                                                      Page 3
                                                              C:\Users\nhuliyap\AppData\Local\Temp\gh_0000cr41.s
00000094 ff000000        112 	.byte	255,0,0,0
00000098 05000000        113 	.byte	5,0,0,0
0000009c 01              114 	.byte	1
0000009d 00              115 	.space	1
0000009e 0000            116 	.space	2
000000a0 00000000        117 	.space	4
000000a4 00000000*       118 	.word	rosdaoff23(_Csm_PrimitiveInfo+60)
000000a8 ff000000        119 	.byte	255,0,0,0
000000ac 04000000        120 	.byte	4,0,0,0
000000b0 01              121 	.byte	1
000000b1 00              122 	.space	1
000000b2 0000            123 	.space	2
000000b4 00000000        124 	.space	4
000000b8 00000000*       125 	.word	rosdaoff23(_Csm_PrimitiveInfo+20)
000000bc ff000000        126 	.byte	255,0,0,0
000000c0 01000000        127 	.byte	1,0,0,0
000000c4 01              128 	.byte	1
000000c5 00              129 	.space	1
000000c6 0000            130 	.space	2
                         131 	.type	_Csm_JobPrimitiveInfo,@object
                         132 	.size	_Csm_JobPrimitiveInfo,100
                         133 	.global	_Csm_PrimitiveInfo
000000c8 00000000        134 _Csm_PrimitiveInfo:	.space	4
000000cc 04              135 	.byte	4
000000cd 000000          136 	.space	3
000000d0 14              137 	.byte	20
000000d1 000000          138 	.space	3
000000d4 10000000        139 	.byte	16,0,0,0
000000d8 0285            140 	.byte	2,133
000000da 0000            141 	.space	2
000000dc 00000000        142 	.space	4
000000e0 02              143 	.byte	2
000000e1 000000          144 	.space	3
000000e4 01              145 	.byte	1
000000e5 000000          146 	.space	3
000000e8 10000000        147 	.byte	16,0,0,0
000000ec 0f              148 	.byte	15
000000ed 00              149 	.space	1
000000ee 0000            150 	.space	2
000000f0 00000000        151 	.space	4
000000f4 08              152 	.byte	8
000000f5 000000          153 	.space	3
000000f8 16              154 	.byte	22
000000f9 000000          155 	.space	3
000000fc 20000000        156 	.byte	32,0,0,0
00000100 0a03            157 	.byte	10,3
00000102 0000            158 	.space	2
00000104 00000000        159 	.space	4
00000108 08              160 	.byte	8
00000109 000000          161 	.space	3
0000010c 16              162 	.byte	22
0000010d 000000          163 	.space	3
00000110 20000000        164 	.byte	32,0,0,0
00000114 0b01            165 	.byte	11,1
00000116 0000            166 	.space	2
00000118 40000000        167 	.byte	64,0,0,0
0000011c 00              168 	.space	1
0000011d 000000          169 	.space	3
00000120 05              170 	.byte	5
00000121 000000          171 	.space	3
00000124 00000000        172 	.space	4

                                                                      Page 4
                                                              C:\Users\nhuliyap\AppData\Local\Temp\gh_0000cr41.s
00000128 00              173 	.space	1
00000129 00              174 	.space	1
0000012a 0000            175 	.space	2
                         176 	.type	_Csm_PrimitiveInfo,@object
                         177 	.size	_Csm_PrimitiveInfo,100
                         178 	.data
                         179 	.sbss	_Csm_Job,280,4
                         180 	.type	_Csm_Job,@object
                         181 	.size	_Csm_Job,280
                         182 	.sbss	_Csm_Queue,8,4
                         183 	.type	_Csm_Queue,@object
                         184 	.size	_Csm_Queue,8
                         185 	.sbss	_Csm_QueueState,8,2
                         186 	.type	_Csm_QueueState,@object
                         187 	.size	_Csm_QueueState,8
                         188 	.sbss	_Csm_JobState,5,1
                         189 	.type	_Csm_JobState,@object
                         190 	.size	_Csm_JobState,5
                         191 	.sbss	_Csm_JobToObjMap,5,1
                         192 	.type	_Csm_JobToObjMap,@object
                         193 	.size	_Csm_JobToObjMap,5
                         194 	.ghsnote version,17
                         195 	.ghsnote tools,3
                         196 	.ghsnote options,144
                         197 	.text
                         198 ..bof.C.3A.5C_ECU2.5CECU_Rivian_A1.5CTarget.5Crepo_projects.5CpFOTA.5CcL_R2023.2E09.2E01.5Cmake.5Cobj.5CCfgSwcServiceCsm...43.3A.5C_ECU2.5CECU_Rivian_A1.5CTarget.5Crepo_projects.5CpFOTA.5CcL_R2023.2E09.2E01.5Cmake..64F86338..0::
                         199 ..eof.C.3A.5C_ECU2.5CECU_Rivian_A1.5CTarget.5Crepo_projects.5CpFOTA.5CcL_R2023.2E09.2E01.5Cmake.5Cobj.5CCfgSwcServiceCsm...43.3A.5C_ECU2.5CECU_Rivian_A1.5CTarget.5Crepo_projects.5CpFOTA.5CcL_R2023.2E09.2E01.5Cmake..64F86338..0::
                         200 .rh850_flags REGMODE32,DATA_ALIGN8,GP_FIX,EP_NONFIX,TP_FIX,REG2_RESERVE,G3K,SDA_EXTRA_REGS_0
