                                                                      Page 1
                                                              C:\Users\nhuliyap\AppData\Local\Temp\gh_00006ck1.s
Command Line: C:\GHS\comp_201517\ease850.exe -w -stderr=err/EcuabFee_Layer2_DatasetEraser.err -elf -b0 -I../source/_common -I../source/common -I../source/ecuabcanif -I../source/ecuabcantrcv -I../source/ecuabcryif -I../source/ecuabfee -I../source/ecuabmemif -I../source/libautosar -I../source/mcalcan -I../source/mcalcry -I../source/mcaldio -I../source/mcaleep -I../source/mcalfls -I../source/mcalmcu -I../source/projectara -I../source/projectcfg -I../source/projectcompiler -I../source/swcservicebswm -I../source/swcservicecantp -I../source/swcservicecomm -I../source/swcservicecsm -I../source/swcservicedcm -I../source/swcservicedem -I../source/swcservicedet -I../source/swcserviceecum -I../source/swcservicenvm -I../source/swcserviceos -I../source/swcservicepdur -I../source/swcserviceschm -I../source/swcservicestartup -I../source/wrappers/swcservicesecm -I../source/wrappers/vsecprim -I../source/wrappers/vstdlib -Ic:/ghs/comp_201517/ansi -Ic:/ghs/comp_201517/include/v800 -Igendata -IC:\GHS\comp_201517\lib\rh850 -cg_underscore -cpu=rh850g3k -nofpu -no_v850_simd -rh850_fpsimd=none -nomacro -patch_dbo=C:\_ECU2\ECU_Rivian_A1\Target\repo_projects\pFOTA\cL_R2023.09.01\make\obj\EcuabFee_Layer2_DatasetEraser.dbo -source=EcuabFee_Layer2_DatasetEraser.c -o obj\gh_00006ck1.o -list=lst/EcuabFee_Layer2_DatasetEraser.lst C:\Users\nhuliyap\AppData\Local\Temp\gh_00006ck1.s 
Original File: C:\Users\nhuliyap\AppData\Local\Temp\gh_00006ck1.s
Source File: EcuabFee_Layer2_DatasetEraser.c
Directory: C:\_ECU2\ECU_Rivian_A1\Target\repo_projects\pFOTA\cL_R2023.09.01\make
Host OS: Windows
EASE: Copyright (C) 1983-2015 Green Hills Software.  All Rights Reserved.
Release: Compiler v2015.1.7
Build Directory: [Directory] BTOWORKER6:c:/build_2015_1_bto/2015-10-21.2100-2015_1_bto/win32-comp-ecom
Revision: [VCInfo] http://toolsvc/branches/release-branch-70-bto/src@544153 (built by build)
Revision Date: Thu Oct 22 07:50:13 2015

Release Date: Thu Oct 22 09:32:32 2015

                           1 --Driver Command: ccrh850 -DBRS_DERIVATIVE_701018 -DBRS_OSC_CLK=16
                           2 --		-DBRS_TIMEBASE_CLOCK=80 -DBRS_EVA_BOARD_
                           3 --		-DBRS_DERIVATIVE_GROUP_F1L -DBRS_OS_USECASE_BRS
                           4 --		-DBRS_PLATFORM_RH850 -DBRS_COMP_GHS
                           5 --		-DBRS_CPU_LOCAL_RAM_SIZE_CORE0=32
                           6 --		-DBRS_CPU_RAM_START_CORE0=0xFEDF8000
                           7 --		-list=lst/EcuabFee_Layer2_DatasetEraser.lst -object_dir=obj
                           8 --		-stderr=err/EcuabFee_Layer2_DatasetEraser.err -c -cpu=rh850
                           9 --		-sda=all -large_sda -prepare_dispose -pragma_asm_inline -no_callt
                          10 --		-inline_prologue -notda -reserve_r2 -fsoft
                          11 --		--unknown_pragma_warnings -list -g -Ogeneral -shortenum
                          12 --		-registermode=32 -I../source/_common -I../source/common
                          13 --		-I../source/ecuabcanif -I../source/ecuabcantrcv
                          14 --		-I../source/ecuabcryif -I../source/ecuabfee
                          15 --		-I../source/ecuabmemif -I../source/libautosar -I../source/mcalcan
                          16 --		-I../source/mcalcry -I../source/mcaldio -I../source/mcaleep
                          17 --		-I../source/mcalfls -I../source/mcalmcu -I../source/projectara
                          18 --		-I../source/projectcfg -I../source/projectcompiler
                          19 --		-I../source/swcservicebswm -I../source/swcservicecantp
                          20 --		-I../source/swcservicecomm -I../source/swcservicecsm
                          21 --		-I../source/swcservicedcm -I../source/swcservicedem
                          22 --		-I../source/swcservicedet -I../source/swcserviceecum
                          23 --		-I../source/swcservicenvm -I../source/swcserviceos
                          24 --		-I../source/swcservicepdur -I../source/swcserviceschm
                          25 --		-I../source/swcservicestartup -I../source/wrappers/swcservicesecm
                          26 --		-I../source/wrappers/vsecprim -I../source/wrappers/vstdlib
                          27 --		-Ic:/ghs/comp_201517/ansi -Ic:/ghs/comp_201517/include/v800
                          28 --		-Igendata ../source/EcuabFee/EcuabFee_Layer2_DatasetEraser.c
                          29 --Source File:   ../source/EcuabFee/EcuabFee_Layer2_DatasetEraser.c
                          30 --Directory:     
                          31 --		C:\_ECU2\ECU_Rivian_A1\Target\repo_projects\pFOTA\cL_R2023.09.01\make
                          32 --Compile Date:  Wed Sep 06 13:34:16 2023
                          33 --Host OS:       Win32
                          34 --Version:       C-RH850 2015.1.7 RELEASE VERSION
                          35 --Release:       Compiler v2015.1.7
                          36 --Revision Date: Thu Oct 22 08:06:12 2015
                          37 --Release Date:  Thu Oct 22 09:34:32 2015
                          38 -- ecom  -g -w -OM
                          39 	.text
                          40 ..bof.C.3A.5C_ECU2.5CECU_Rivian_A1.5CTarget.5Crepo_projects.5CpFOTA.5CcL_R2023.2E09.2E01.5Cmake.5Cobj.5CEcuabFee_Layer2_DatasetEraser...43.3A.5C_ECU2.5CECU_Rivian_A1.5CTarget.5Crepo_projects.5CpFOTA.5CcL_R2023.2E09.2E01.5Cmake..64F863B8..0::
                          41 	.align	2
                          42 ..gh.f.f.1.e.0:
                          43 	.type	..gh.f.f.1.e.0,@object
                          44 	.size	..gh.f.f.1.e.0,0
                          45 	.global	_EcuabFee_De_EraseLastSector..C.3A.5C_ECU2.5CECU_Rivian_A1.5CTarget.5Crepo_projects.5CpFOTA.5CcL_R2023.2E09.2E01.5Cmake.5Cobj.5CEcuabFee_Layer2_DatasetEraser.
                          46 _EcuabFee_De_EraseLastSector..C.3A.5C_ECU2.5CECU_Rivian_A1.5CTarget.5Crepo_projects.5CpFOTA.5CcL_R2023.2E09.2E01.5Cmake.5Cobj.5CEcuabFee_Layer2_DatasetEraser.:
                          47 _EcuabFee_De_EraseLastSector:
00000000 80072100         48 	prepare	{r31},0
                          49 --	    .bf
                          50 .LDW01:

                                                                      Page 2
                                                              C:\Users\nhuliyap\AppData\Local\Temp\gh_00006ck1.s
00000004 a40707300000*    51 	ld.hu	sdaoff23(_EcuabFee_De_SectorIndex)[gp],r6
                          52 	jarl	_EcuabFee_Dh_EraseSector,lp
                          52 <EXPANSION BEGIN>
                          52 jarl22 _EcuabFee_Dh_EraseSector , lp 
0000000a 80ff0000*        52 <EXPANSION END>
0000000e e051             53 	cmp	zero,r10
00000010 fa05*            54 	bne	.L4
                          55 --line74
                          56 ..lin.C.3A.5C_ECU2.5CECU_Rivian_A1.5CTarget.5Crepo_projects.5CpFOTA.5CcL_R2023.2E09.2E01.5Cmake.5Cobj.5CEcuabFee_Layer2_DatasetEraser.1::
                          57 .LDWlin1:
00000012 034a             58 	mov	3,r9
00000014 84070d480000*    59 	st.b	r9,sdaoff23(_EcuabFee_De_ComponentParameter+2)[gp]
0000001a 40063f00         60 	dispose	0,{r31},[lp]
                          61 .L4:
                          62 --line77
                          63 ..lin.C.3A.5C_ECU2.5CECU_Rivian_A1.5CTarget.5Crepo_projects.5CpFOTA.5CcL_R2023.2E09.2E01.5Cmake.5Cobj.5CEcuabFee_Layer2_DatasetEraser.2::
                          64 .LDWlin2:
0000001e 0132             65 	mov	1,r6
                          66 	jarl	_EcuabFee_De_FinishJob,lp
                          66 <EXPANSION BEGIN>
                          66 jarl22 _EcuabFee_De_FinishJob , lp 
00000020 80ff1801*        66 <EXPANSION END>
                          67 --	    .ef
                          68 .LDW11:
                          69 --line79
                          70 ..lin.C.3A.5C_ECU2.5CECU_Rivian_A1.5CTarget.5Crepo_projects.5CpFOTA.5CcL_R2023.2E09.2E01.5Cmake.5Cobj.5CEcuabFee_Layer2_DatasetEraser.3::
                          71 .LDWlin3:
00000024 40063f00         72 	dispose	0,{r31},[lp]
                          73 	.type	_EcuabFee_De_EraseLastSector,@function
                          74 	.size	_EcuabFee_De_EraseLastSector,.-_EcuabFee_De_EraseLastSector
                          75 	.type	_EcuabFee_De_EraseLastSector..C.3A.5C_ECU2.5CECU_Rivian_A1.5CTarget.5Crepo_projects.5CpFOTA.5CcL_R2023.2E09.2E01.5Cmake.5Cobj.5CEcuabFee_Layer2_DatasetEraser.,@function
                          76 	.size	_EcuabFee_De_EraseLastSector..C.3A.5C_ECU2.5CECU_Rivian_A1.5CTarget.5Crepo_projects.5CpFOTA.5CcL_R2023.2E09.2E01.5Cmake.5Cobj.5CEcuabFee_Layer2_DatasetEraser.,.-_EcuabFee_De_EraseLastSector..C.3A.5C_ECU2.5CECU_Rivian_A1.5CTarget.5Crepo_projects.5CpFOTA.5CcL_R2023.2E09.2E01.5Cmake.5Cobj.5CEcuabFee_Layer2_DatasetEraser.
                          77 	.align	2
                          78 .LDW21:
                          79 
                          80 	.section ".bss","awb"
                          81 .L43:
                          82 	.type	.L43,@object
                          83 	.size	.L43,0
                          84 	.section ".sbss","awb"
                          85 	.align	2
                          86 	.global	_EcuabFee_De_SectorIndex..C.3A.5C_ECU2.5CECU_Rivian_A1.5CTarget.5Crepo_projects.5CpFOTA.5CcL_R2023.2E09.2E01.5Cmake.5Cobj.5CEcuabFee_Layer2_DatasetEraser.
                          87 _EcuabFee_De_SectorIndex..C.3A.5C_ECU2.5CECU_Rivian_A1.5CTarget.5Crepo_projects.5CpFOTA.5CcL_R2023.2E09.2E01.5Cmake.5Cobj.5CEcuabFee_Layer2_DatasetEraser.:
00000000 0000             88 _EcuabFee_De_SectorIndex:	.space	2
                          89 	.type	_EcuabFee_De_SectorIndex..C.3A.5C_ECU2.5CECU_Rivian_A1.5CTarget.5Crepo_projects.5CpFOTA.5CcL_R2023.2E09.2E01.5Cmake.5Cobj.5CEcuabFee_Layer2_DatasetEraser.,@object
                          90 	.size	_EcuabFee_De_SectorIndex..C.3A.5C_ECU2.5CECU_Rivian_A1.5CTarget.5Crepo_projects.5CpFOTA.5CcL_R2023.2E09.2E01.5Cmake.5Cobj.5CEcuabFee_Layer2_DatasetEraser.,2
                          91 	.type	_EcuabFee_De_SectorIndex,@object
                          92 	.size	_EcuabFee_De_SectorIndex,2
                          93 	.global	_EcuabFee_De_InstanceFinderResult..C.3A.5C_ECU2.5CECU_Rivian_A1.5CTarget.5Crepo_projects.5CpFOTA.5CcL_R2023.2E09.2E01.5Cmake.5Cobj.5CEcuabFee_Layer2_DatasetEraser.
                          94 _EcuabFee_De_InstanceFinderResult..C.3A.5C_ECU2.5CECU_Rivian_A1.5CTarget.5Crepo_projects.5CpFOTA.5CcL_R2023.2E09.2E01.5Cmake.5Cobj.5CEcuabFee_Layer2_DatasetEraser.:
00000002 00               95 _EcuabFee_De_InstanceFinderResult:	.space	1
                          96 	.type	_EcuabFee_De_InstanceFinderResult..C.3A.5C_ECU2.5CECU_Rivian_A1.5CTarget.5Crepo_projects.5CpFOTA.5CcL_R2023.2E09.2E01.5Cmake.5Cobj.5CEcuabFee_Layer2_DatasetEraser.,@object
                          97 	.size	_EcuabFee_De_InstanceFinderResult..C.3A.5C_ECU2.5CECU_Rivian_A1.5CTarget.5Crepo_projects.5CpFOTA.5CcL_R2023.2E09.2E01.5Cmake.5Cobj.5CEcuabFee_Layer2_DatasetEraser.,1
                          98 	.type	_EcuabFee_De_InstanceFinderResult,@object
                          99 	.size	_EcuabFee_De_InstanceFinderResult,1
                         100 	.section ".sdata","aw"
                         101 	.global	_EcuabFee_De_ComponentParameter..C.3A.5C_ECU2.5CECU_Rivian_A1.5CTarget.5Crepo_projects.5CpFOTA.5CcL_R2023.2E09.2E01.5Cmake.5Cobj.5CEcuabFee_Layer2_DatasetEraser.
                         102 _EcuabFee_De_ComponentParameter..C.3A.5C_ECU2.5CECU_Rivian_A1.5CTarget.5Crepo_projects.5CpFOTA.5CcL_R2023.2E09.2E01.5Cmake.5Cobj.5CEcuabFee_Layer2_DatasetEraser.:
00000000 01              103 _EcuabFee_De_ComponentParameter:	.byte	1
00000001 00              104 	.space	1
00000002 00              105 	.space	1

                                                                      Page 3
                                                              C:\Users\nhuliyap\AppData\Local\Temp\gh_00006ck1.s
                         106 	.type	_EcuabFee_De_ComponentParameter..C.3A.5C_ECU2.5CECU_Rivian_A1.5CTarget.5Crepo_projects.5CpFOTA.5CcL_R2023.2E09.2E01.5Cmake.5Cobj.5CEcuabFee_Layer2_DatasetEraser.,@object
                         107 	.size	_EcuabFee_De_ComponentParameter..C.3A.5C_ECU2.5CECU_Rivian_A1.5CTarget.5Crepo_projects.5CpFOTA.5CcL_R2023.2E09.2E01.5Cmake.5Cobj.5CEcuabFee_Layer2_DatasetEraser.,3
                         108 	.type	_EcuabFee_De_ComponentParameter,@object
                         109 	.size	_EcuabFee_De_ComponentParameter,3
                         110 	.data
                         111 	.text
                         112 	.align	2
                         113 	.align	2
                         114 ..gh.f.f.1.e.1:
                         115 	.type	..gh.f.f.1.e.1,@object
                         116 	.size	..gh.f.f.1.e.1,0
                         117 	.global	_EcuabFee_De_ProcessStateIdle..C.3A.5C_ECU2.5CECU_Rivian_A1.5CTarget.5Crepo_projects.5CpFOTA.5CcL_R2023.2E09.2E01.5Cmake.5Cobj.5CEcuabFee_Layer2_DatasetEraser.
                         118 _EcuabFee_De_ProcessStateIdle..C.3A.5C_ECU2.5CECU_Rivian_A1.5CTarget.5Crepo_projects.5CpFOTA.5CcL_R2023.2E09.2E01.5Cmake.5Cobj.5CEcuabFee_Layer2_DatasetEraser.:
                         119 _EcuabFee_De_ProcessStateIdle:
00000028 80072100        120 	prepare	{r31},0
                         121 --	    .bf
                         122 .LDW31:
0000002c 840705900000*   123 	ld.b	sdaoff23(_EcuabFee_De_InstanceFinderResult)[gp],r18
00000032 e091            124 	cmp	zero,r18
00000034 b205*           125 	be	.L88
00000036 6792            126 	cmp	7,r18
00000038 9a15*           127 	bne	.L87
                         128 .L88:
                         129 --line85
                         130 ..lin.C.3A.5C_ECU2.5CECU_Rivian_A1.5CTarget.5Crepo_projects.5CpFOTA.5CcL_R2023.2E09.2E01.5Cmake.5Cobj.5CEcuabFee_Layer2_DatasetEraser.4::
                         131 .LDWlin4:
0000003a 0032            132 	mov	0,r6
                         133 	jarl	_EcuabFee_Dh_WriteErasePattern,lp
                         133 <EXPANSION BEGIN>
                         133 jarl22 _EcuabFee_Dh_WriteErasePattern , lp 
0000003c 80ff0000*       133 <EXPANSION END>
00000040 e051            134 	cmp	zero,r10
00000042 fa05*           135 	bne	.L90
                         136 --line86
                         137 ..lin.C.3A.5C_ECU2.5CECU_Rivian_A1.5CTarget.5Crepo_projects.5CpFOTA.5CcL_R2023.2E09.2E01.5Cmake.5Cobj.5CEcuabFee_Layer2_DatasetEraser.5::
                         138 .LDWlin5:
00000044 024a            139 	mov	2,r9
00000046 84070d480000*   140 	st.b	r9,sdaoff23(_EcuabFee_De_ComponentParameter+2)[gp]
0000004c 40063f00        141 	dispose	0,{r31},[lp]
                         142 .L90:
                         143 --line89
                         144 ..lin.C.3A.5C_ECU2.5CECU_Rivian_A1.5CTarget.5Crepo_projects.5CpFOTA.5CcL_R2023.2E09.2E01.5Cmake.5Cobj.5CEcuabFee_Layer2_DatasetEraser.6::
                         145 .LDWlin6:
00000050 0132            146 	mov	1,r6
                         147 	jarl	_EcuabFee_De_FinishJob,lp
                         147 <EXPANSION BEGIN>
                         147 jarl22 _EcuabFee_De_FinishJob , lp 
00000052 80ffe600*       147 <EXPANSION END>
00000056 40063f00        148 	dispose	0,{r31},[lp]
                         149 .L87:
                         150 --line94
                         151 ..lin.C.3A.5C_ECU2.5CECU_Rivian_A1.5CTarget.5Crepo_projects.5CpFOTA.5CcL_R2023.2E09.2E01.5Cmake.5Cobj.5CEcuabFee_Layer2_DatasetEraser.7::
                         152 .LDWlin7:
                         153 	jarl	_EcuabFee_De_EraseLastSector,lp
                         153 <EXPANSION BEGIN>
                         153 jarl22 _EcuabFee_De_EraseLastSector , lp 
0000005a bfffa6ff*       153 <EXPANSION END>
                         154 --	    .ef
                         155 .LDW41:
                         156 --line96
                         157 ..lin.C.3A.5C_ECU2.5CECU_Rivian_A1.5CTarget.5Crepo_projects.5CpFOTA.5CcL_R2023.2E09.2E01.5Cmake.5Cobj.5CEcuabFee_Layer2_DatasetEraser.8::

                                                                      Page 4
                                                              C:\Users\nhuliyap\AppData\Local\Temp\gh_00006ck1.s
                         158 .LDWlin8:
0000005e 40063f00        159 	dispose	0,{r31},[lp]
                         160 	.type	_EcuabFee_De_ProcessStateIdle,@function
                         161 	.size	_EcuabFee_De_ProcessStateIdle,.-_EcuabFee_De_ProcessStateIdle
                         162 	.type	_EcuabFee_De_ProcessStateIdle..C.3A.5C_ECU2.5CECU_Rivian_A1.5CTarget.5Crepo_projects.5CpFOTA.5CcL_R2023.2E09.2E01.5Cmake.5Cobj.5CEcuabFee_Layer2_DatasetEraser.,@function
                         163 	.size	_EcuabFee_De_ProcessStateIdle..C.3A.5C_ECU2.5CECU_Rivian_A1.5CTarget.5Crepo_projects.5CpFOTA.5CcL_R2023.2E09.2E01.5Cmake.5Cobj.5CEcuabFee_Layer2_DatasetEraser.,.-_EcuabFee_De_ProcessStateIdle..C.3A.5C_ECU2.5CECU_Rivian_A1.5CTarget.5Crepo_projects.5CpFOTA.5CcL_R2023.2E09.2E01.5Cmake.5Cobj.5CEcuabFee_Layer2_DatasetEraser.
                         164 	.align	2
                         165 .LDW51:
                         166 
                         167 	.section ".bss","awb"
                         168 .L138:
                         169 	.type	.L138,@object
                         170 	.size	.L138,0
                         171 	.data
                         172 	.text
                         173 	.align	2
                         174 	.align	2
                         175 ..gh.f.f.1.e.2:
                         176 	.type	..gh.f.f.1.e.2,@object
                         177 	.size	..gh.f.f.1.e.2,0
                         178 	.global	_EcuabFee_De_ProcessStateWriteErasePattern1..C.3A.5C_ECU2.5CECU_Rivian_A1.5CTarget.5Crepo_projects.5CpFOTA.5CcL_R2023.2E09.2E01.5Cmake.5Cobj.5CEcuabFee_Layer2_DatasetEraser.
                         179 _EcuabFee_De_ProcessStateWriteErasePattern1..C.3A.5C_ECU2.5CECU_Rivian_A1.5CTarget.5Crepo_projects.5CpFOTA.5CcL_R2023.2E09.2E01.5Cmake.5Cobj.5CEcuabFee_Layer2_DatasetEraser.:
                         180 _EcuabFee_De_ProcessStateWriteErasePattern1:
00000062 80072100        181 	prepare	{r31},0
                         182 --	    .bf
                         183 .LDW61:
                         184 	jarl	_EcuabFee_Fls_GetJobResult,lp
                         184 <EXPANSION BEGIN>
                         184 jarl22 _EcuabFee_Fls_GetJobResult , lp 
00000066 80ff0000*       184 <EXPANSION END>
0000006a e051            185 	cmp	zero,r10
0000006c da05*           186 	bne	.L209
                         187 --line100
                         188 ..lin.C.3A.5C_ECU2.5CECU_Rivian_A1.5CTarget.5Crepo_projects.5CpFOTA.5CcL_R2023.2E09.2E01.5Cmake.5Cobj.5CEcuabFee_Layer2_DatasetEraser.9::
                         189 .LDWlin9:
                         190 	jarl	_EcuabFee_De_EraseLastSector,lp
                         190 <EXPANSION BEGIN>
                         190 jarl22 _EcuabFee_De_EraseLastSector , lp 
0000006e bfff92ff*       190 <EXPANSION END>
00000072 40063f00        191 	dispose	0,{r31},[lp]
                         192 .L209:
                         193 --line103
                         194 ..lin.C.3A.5C_ECU2.5CECU_Rivian_A1.5CTarget.5Crepo_projects.5CpFOTA.5CcL_R2023.2E09.2E01.5Cmake.5Cobj.5CEcuabFee_Layer2_DatasetEraser.10::
                         195 .LDWlin10:
                         196 	jarl	_EcuabFee_Fls_GetJobResult,lp
                         196 <EXPANSION BEGIN>
                         196 jarl22 _EcuabFee_Fls_GetJobResult , lp 
00000076 80ff0000*       196 <EXPANSION END>
0000007a 0a30            197 	mov	r10,r6
                         198 	jarl	_EcuabFee_De_FinishJob,lp
                         198 <EXPANSION BEGIN>
                         198 jarl22 _EcuabFee_De_FinishJob , lp 
0000007c 80ffbc00*       198 <EXPANSION END>
                         199 --	    .ef
                         200 .LDW71:
                         201 --line105
                         202 ..lin.C.3A.5C_ECU2.5CECU_Rivian_A1.5CTarget.5Crepo_projects.5CpFOTA.5CcL_R2023.2E09.2E01.5Cmake.5Cobj.5CEcuabFee_Layer2_DatasetEraser.11::
                         203 .LDWlin11:
00000080 40063f00        204 	dispose	0,{r31},[lp]
                         205 	.type	_EcuabFee_De_ProcessStateWriteErasePattern1,@function
                         206 	.size	_EcuabFee_De_ProcessStateWriteErasePattern1,.-_EcuabFee_De_ProcessStateWriteErasePattern1

                                                                      Page 5
                                                              C:\Users\nhuliyap\AppData\Local\Temp\gh_00006ck1.s
                         207 	.type	_EcuabFee_De_ProcessStateWriteErasePattern1..C.3A.5C_ECU2.5CECU_Rivian_A1.5CTarget.5Crepo_projects.5CpFOTA.5CcL_R2023.2E09.2E01.5Cmake.5Cobj.5CEcuabFee_Layer2_DatasetEraser.,@function
                         208 	.size	_EcuabFee_De_ProcessStateWriteErasePattern1..C.3A.5C_ECU2.5CECU_Rivian_A1.5CTarget.5Crepo_projects.5CpFOTA.5CcL_R2023.2E09.2E01.5Cmake.5Cobj.5CEcuabFee_Layer2_DatasetEraser.,.-_EcuabFee_De_ProcessStateWriteErasePattern1..C.3A.5C_ECU2.5CECU_Rivian_A1.5CTarget.5Crepo_projects.5CpFOTA.5CcL_R2023.2E09.2E01.5Cmake.5Cobj.5CEcuabFee_Layer2_DatasetEraser.
                         209 	.align	2
                         210 .LDW81:
                         211 
                         212 	.section ".bss","awb"
                         213 .L251:
                         214 	.type	.L251,@object
                         215 	.size	.L251,0
                         216 	.data
                         217 	.text
                         218 	.align	2
                         219 	.align	2
                         220 ..gh.f.f.1.e.3:
                         221 	.type	..gh.f.f.1.e.3,@object
                         222 	.size	..gh.f.f.1.e.3,0
                         223 	.global	_EcuabFee_De_ProcessStateEraseSector..C.3A.5C_ECU2.5CECU_Rivian_A1.5CTarget.5Crepo_projects.5CpFOTA.5CcL_R2023.2E09.2E01.5Cmake.5Cobj.5CEcuabFee_Layer2_DatasetEraser.
                         224 _EcuabFee_De_ProcessStateEraseSector..C.3A.5C_ECU2.5CECU_Rivian_A1.5CTarget.5Crepo_projects.5CpFOTA.5CcL_R2023.2E09.2E01.5Cmake.5Cobj.5CEcuabFee_Layer2_DatasetEraser.:
                         225 _EcuabFee_De_ProcessStateEraseSector:
00000084 80072100        226 	prepare	{r31},0
                         227 --	    .bf
                         228 .LDW91:
                         229 	jarl	_EcuabFee_Fls_GetJobResult,lp
                         229 <EXPANSION BEGIN>
                         229 jarl22 _EcuabFee_Fls_GetJobResult , lp 
00000088 80ff0000*       229 <EXPANSION END>
0000008c e051            230 	cmp	zero,r10
0000008e ea1d*           231 	bne	.L295
                         232 --line109
                         233 ..lin.C.3A.5C_ECU2.5CECU_Rivian_A1.5CTarget.5Crepo_projects.5CpFOTA.5CcL_R2023.2E09.2E01.5Cmake.5Cobj.5CEcuabFee_Layer2_DatasetEraser.12::
                         234 .LDWlin12:
00000090 3e0600000000*   235 	mov	sdaoff23(_EcuabFee_De_SectorIndex),ep
00000096 0094            236 	sld.h	0[ep],r18
00000098 5f92            237 	add	-1,r18
0000009a 8094            238 	sst.h	r18,0[ep]
0000009c f200            239 	sxh	r18
0000009e e091            240 	cmp	zero,r18
000000a0 d605*           241 	blt	.L297
                         242 --line112
                         243 ..lin.C.3A.5C_ECU2.5CECU_Rivian_A1.5CTarget.5Crepo_projects.5CpFOTA.5CcL_R2023.2E09.2E01.5Cmake.5Cobj.5CEcuabFee_Layer2_DatasetEraser.13::
                         244 .LDWlin13:
                         245 	jarl	_EcuabFee_De_EraseLastSector,lp
                         245 <EXPANSION BEGIN>
                         245 jarl22 _EcuabFee_De_EraseLastSector , lp 
000000a2 bfff5eff*       245 <EXPANSION END>
000000a6 40063f00        246 	dispose	0,{r31},[lp]
                         247 .L297:
                         248 --line115
                         249 ..lin.C.3A.5C_ECU2.5CECU_Rivian_A1.5CTarget.5Crepo_projects.5CpFOTA.5CcL_R2023.2E09.2E01.5Cmake.5Cobj.5CEcuabFee_Layer2_DatasetEraser.14::
                         250 .LDWlin14:
000000aa 0132            251 	mov	1,r6
                         252 	jarl	_EcuabFee_Dh_WriteErasePattern,lp
                         252 <EXPANSION BEGIN>
                         252 jarl22 _EcuabFee_Dh_WriteErasePattern , lp 
000000ac 80ff0000*       252 <EXPANSION END>
000000b0 e051            253 	cmp	zero,r10
000000b2 fa05*           254 	bne	.L300
                         255 --line117
                         256 ..lin.C.3A.5C_ECU2.5CECU_Rivian_A1.5CTarget.5Crepo_projects.5CpFOTA.5CcL_R2023.2E09.2E01.5Cmake.5Cobj.5CEcuabFee_Layer2_DatasetEraser.15::
                         257 .LDWlin15:
000000b4 044a            258 	mov	4,r9

                                                                      Page 6
                                                              C:\Users\nhuliyap\AppData\Local\Temp\gh_00006ck1.s
000000b6 84070d480000*   259 	st.b	r9,sdaoff23(_EcuabFee_De_ComponentParameter+2)[gp]
000000bc 40063f00        260 	dispose	0,{r31},[lp]
                         261 .L300:
                         262 --line121
                         263 ..lin.C.3A.5C_ECU2.5CECU_Rivian_A1.5CTarget.5Crepo_projects.5CpFOTA.5CcL_R2023.2E09.2E01.5Cmake.5Cobj.5CEcuabFee_Layer2_DatasetEraser.16::
                         264 .LDWlin16:
000000c0 0132            265 	mov	1,r6
                         266 	jarl	_EcuabFee_De_FinishJob,lp
                         266 <EXPANSION BEGIN>
                         266 jarl22 _EcuabFee_De_FinishJob , lp 
000000c2 80ff7600*       266 <EXPANSION END>
000000c6 40063f00        267 	dispose	0,{r31},[lp]
                         268 .L295:
                         269 --line126
                         270 ..lin.C.3A.5C_ECU2.5CECU_Rivian_A1.5CTarget.5Crepo_projects.5CpFOTA.5CcL_R2023.2E09.2E01.5Cmake.5Cobj.5CEcuabFee_Layer2_DatasetEraser.17::
                         271 .LDWlin17:
                         272 	jarl	_EcuabFee_Fls_GetJobResult,lp
                         272 <EXPANSION BEGIN>
                         272 jarl22 _EcuabFee_Fls_GetJobResult , lp 
000000ca 80ff0000*       272 <EXPANSION END>
000000ce 0a30            273 	mov	r10,r6
                         274 	jarl	_EcuabFee_De_FinishJob,lp
                         274 <EXPANSION BEGIN>
                         274 jarl22 _EcuabFee_De_FinishJob , lp 
000000d0 80ff6800*       274 <EXPANSION END>
                         275 --	    .ef
                         276 .LDW02:
                         277 --line128
                         278 ..lin.C.3A.5C_ECU2.5CECU_Rivian_A1.5CTarget.5Crepo_projects.5CpFOTA.5CcL_R2023.2E09.2E01.5Cmake.5Cobj.5CEcuabFee_Layer2_DatasetEraser.18::
                         279 .LDWlin18:
000000d4 40063f00        280 	dispose	0,{r31},[lp]
                         281 	.type	_EcuabFee_De_ProcessStateEraseSector,@function
                         282 	.size	_EcuabFee_De_ProcessStateEraseSector,.-_EcuabFee_De_ProcessStateEraseSector
                         283 	.type	_EcuabFee_De_ProcessStateEraseSector..C.3A.5C_ECU2.5CECU_Rivian_A1.5CTarget.5Crepo_projects.5CpFOTA.5CcL_R2023.2E09.2E01.5Cmake.5Cobj.5CEcuabFee_Layer2_DatasetEraser.,@function
                         284 	.size	_EcuabFee_De_ProcessStateEraseSector..C.3A.5C_ECU2.5CECU_Rivian_A1.5CTarget.5Crepo_projects.5CpFOTA.5CcL_R2023.2E09.2E01.5Cmake.5Cobj.5CEcuabFee_Layer2_DatasetEraser.,.-_EcuabFee_De_ProcessStateEraseSector..C.3A.5C_ECU2.5CECU_Rivian_A1.5CTarget.5Crepo_projects.5CpFOTA.5CcL_R2023.2E09.2E01.5Cmake.5Cobj.5CEcuabFee_Layer2_DatasetEraser.
                         285 	.align	2
                         286 .LDW12:
                         287 
                         288 	.section ".bss","awb"
                         289 .L360:
                         290 	.type	.L360,@object
                         291 	.size	.L360,0
                         292 	.data
                         293 	.text
                         294 	.align	2
                         295 	.align	2
                         296 ..gh.f.f.1.e.4:
                         297 	.type	..gh.f.f.1.e.4,@object
                         298 	.size	..gh.f.f.1.e.4,0
                         299 	.global	_EcuabFee_De_ProcessStateMachine..C.3A.5C_ECU2.5CECU_Rivian_A1.5CTarget.5Crepo_projects.5CpFOTA.5CcL_R2023.2E09.2E01.5Cmake.5Cobj.5CEcuabFee_Layer2_DatasetEraser.
                         300 _EcuabFee_De_ProcessStateMachine..C.3A.5C_ECU2.5CECU_Rivian_A1.5CTarget.5Crepo_projects.5CpFOTA.5CcL_R2023.2E09.2E01.5Cmake.5Cobj.5CEcuabFee_Layer2_DatasetEraser.:
                         301 _EcuabFee_De_ProcessStateMachine:
000000d8 80072100        302 	prepare	{r31},0
                         303 --	    .bf
                         304 .LDW22:
000000dc 840705900000*   305 	ld.b	sdaoff23(_EcuabFee_De_ComponentParameter+2)[gp],r18
000000e2 6192            306 	cmp	1,r18
000000e4 e10d*           307 	bl	.L446
000000e6 a215*           308 	be	.L442
000000e8 6392            309 	cmp	3,r18
000000ea c115*           310 	bl	.L443

                                                                      Page 7
                                                              C:\Users\nhuliyap\AppData\Local\Temp\gh_00006ck1.s
000000ec f215*           311 	be	.L444
000000ee 6492            312 	cmp	4,r18
000000f0 8a0d*           313 	bne	.L446
                         314 --line145
                         315 ..lin.C.3A.5C_ECU2.5CECU_Rivian_A1.5CTarget.5Crepo_projects.5CpFOTA.5CcL_R2023.2E09.2E01.5Cmake.5Cobj.5CEcuabFee_Layer2_DatasetEraser.19::
                         316 .LDWlin19:
                         317 	jarl	_EcuabFee_Fls_GetJobResult,lp
                         317 <EXPANSION BEGIN>
                         317 jarl22 _EcuabFee_Fls_GetJobResult , lp 
000000f2 80ff0000*       317 <EXPANSION END>
000000f6 0a30            318 	mov	r10,r6
                         319 	jarl	_EcuabFee_De_FinishJob,lp
                         319 <EXPANSION BEGIN>
                         319 jarl22 _EcuabFee_De_FinishJob , lp 
000000f8 80ff4000*       319 <EXPANSION END>
                         320 --line146
                         321 ..lin.C.3A.5C_ECU2.5CECU_Rivian_A1.5CTarget.5Crepo_projects.5CpFOTA.5CcL_R2023.2E09.2E01.5Cmake.5Cobj.5CEcuabFee_Layer2_DatasetEraser.20::
                         322 .LDWlin20:
000000fc 40063f00        323 	dispose	0,{r31},[lp]
                         324 .L446:
                         325 --line149
                         326 ..lin.C.3A.5C_ECU2.5CECU_Rivian_A1.5CTarget.5Crepo_projects.5CpFOTA.5CcL_R2023.2E09.2E01.5Cmake.5Cobj.5CEcuabFee_Layer2_DatasetEraser.21::
                         327 .LDWlin21:
00000100 0132            328 	mov	1,r6
                         329 	jarl	_EcuabFee_De_FinishJob,lp
                         329 <EXPANSION BEGIN>
                         329 jarl22 _EcuabFee_De_FinishJob , lp 
00000102 80ff3600*       329 <EXPANSION END>
                         330 --line150
                         331 ..lin.C.3A.5C_ECU2.5CECU_Rivian_A1.5CTarget.5Crepo_projects.5CpFOTA.5CcL_R2023.2E09.2E01.5Cmake.5Cobj.5CEcuabFee_Layer2_DatasetEraser.22::
                         332 .LDWlin22:
00000106 40063f00        333 	dispose	0,{r31},[lp]
                         334 .L442:
                         335 --line133
                         336 ..lin.C.3A.5C_ECU2.5CECU_Rivian_A1.5CTarget.5Crepo_projects.5CpFOTA.5CcL_R2023.2E09.2E01.5Cmake.5Cobj.5CEcuabFee_Layer2_DatasetEraser.23::
                         337 .LDWlin23:
                         338 	jarl	_EcuabFee_De_ProcessStateIdle,lp
                         338 <EXPANSION BEGIN>
                         338 jarl22 _EcuabFee_De_ProcessStateIdle , lp 
0000010a bfff1eff*       338 <EXPANSION END>
                         339 --line134
                         340 ..lin.C.3A.5C_ECU2.5CECU_Rivian_A1.5CTarget.5Crepo_projects.5CpFOTA.5CcL_R2023.2E09.2E01.5Cmake.5Cobj.5CEcuabFee_Layer2_DatasetEraser.24::
                         341 .LDWlin24:
0000010e 40063f00        342 	dispose	0,{r31},[lp]
                         343 .L443:
                         344 --line137
                         345 ..lin.C.3A.5C_ECU2.5CECU_Rivian_A1.5CTarget.5Crepo_projects.5CpFOTA.5CcL_R2023.2E09.2E01.5Cmake.5Cobj.5CEcuabFee_Layer2_DatasetEraser.25::
                         346 .LDWlin25:
                         347 	jarl	_EcuabFee_De_ProcessStateWriteErasePattern1,lp
                         347 <EXPANSION BEGIN>
                         347 jarl22 _EcuabFee_De_ProcessStateWriteErasePattern1 , lp 
00000112 bfff50ff*       347 <EXPANSION END>
                         348 --line138
                         349 ..lin.C.3A.5C_ECU2.5CECU_Rivian_A1.5CTarget.5Crepo_projects.5CpFOTA.5CcL_R2023.2E09.2E01.5Cmake.5Cobj.5CEcuabFee_Layer2_DatasetEraser.26::
                         350 .LDWlin26:
00000116 40063f00        351 	dispose	0,{r31},[lp]
                         352 .L444:
                         353 --line141
                         354 ..lin.C.3A.5C_ECU2.5CECU_Rivian_A1.5CTarget.5Crepo_projects.5CpFOTA.5CcL_R2023.2E09.2E01.5Cmake.5Cobj.5CEcuabFee_Layer2_DatasetEraser.27::
                         355 .LDWlin27:
                         356 	jarl	_EcuabFee_De_ProcessStateEraseSector,lp

                                                                      Page 8
                                                              C:\Users\nhuliyap\AppData\Local\Temp\gh_00006ck1.s
                         356 <EXPANSION BEGIN>
                         356 jarl22 _EcuabFee_De_ProcessStateEraseSector , lp 
0000011a bfff6aff*       356 <EXPANSION END>
                         357 --	    .ef
                         358 .LDW32:
                         359 --line152
                         360 ..lin.C.3A.5C_ECU2.5CECU_Rivian_A1.5CTarget.5Crepo_projects.5CpFOTA.5CcL_R2023.2E09.2E01.5Cmake.5Cobj.5CEcuabFee_Layer2_DatasetEraser.28::
                         361 .LDWlin28:
0000011e 40063f00        362 	dispose	0,{r31},[lp]
                         363 	.type	_EcuabFee_De_ProcessStateMachine,@function
                         364 	.size	_EcuabFee_De_ProcessStateMachine,.-_EcuabFee_De_ProcessStateMachine
                         365 	.type	_EcuabFee_De_ProcessStateMachine..C.3A.5C_ECU2.5CECU_Rivian_A1.5CTarget.5Crepo_projects.5CpFOTA.5CcL_R2023.2E09.2E01.5Cmake.5Cobj.5CEcuabFee_Layer2_DatasetEraser.,@function
                         366 	.size	_EcuabFee_De_ProcessStateMachine..C.3A.5C_ECU2.5CECU_Rivian_A1.5CTarget.5Crepo_projects.5CpFOTA.5CcL_R2023.2E09.2E01.5Cmake.5Cobj.5CEcuabFee_Layer2_DatasetEraser.,.-_EcuabFee_De_ProcessStateMachine..C.3A.5C_ECU2.5CECU_Rivian_A1.5CTarget.5Crepo_projects.5CpFOTA.5CcL_R2023.2E09.2E01.5Cmake.5Cobj.5CEcuabFee_Layer2_DatasetEraser.
                         367 	.align	2
                         368 .LDW42:
                         369 
                         370 	.section ".bss","awb"
                         371 .L490:
                         372 	.type	.L490,@object
                         373 	.size	.L490,0
                         374 	.data
                         375 	.text
                         376 	.align	2
                         377 	.align	2
                         378 ..gh.f.f.1.e.5:
                         379 	.type	..gh.f.f.1.e.5,@object
                         380 	.size	..gh.f.f.1.e.5,0
                         381 	.global	_EcuabFee_De_Execute
                         382 _EcuabFee_De_Execute:
                         383 --	    .bf
                         384 .LDW52:
00000122 840705900000*   385 	ld.b	sdaoff23(_EcuabFee_De_ComponentParameter+1)[gp],r18
00000128 6292            386 	cmp	2,r18
0000012a ba05*           387 	bne	.L588
0000012c bf07acff*       388 	jr	_EcuabFee_De_ProcessStateMachine
                         389 .L588:
                         390 --	    .ef
                         391 .LDW62:
                         392 --line197
                         393 ..lin.C.3A.5C_ECU2.5CECU_Rivian_A1.5CTarget.5Crepo_projects.5CpFOTA.5CcL_R2023.2E09.2E01.5Cmake.5Cobj.5CEcuabFee_Layer2_DatasetEraser.29::
                         394 .LDWlin29:
00000130 7f00            395 	jmp	[lp]
                         396 	.type	_EcuabFee_De_Execute,@function
                         397 	.size	_EcuabFee_De_Execute,.-_EcuabFee_De_Execute
                         398 	.align	2
                         399 .LDW72:
                         400 
                         401 	.section ".bss","awb"
                         402 .L614:
                         403 	.type	.L614,@object
                         404 	.size	.L614,0
                         405 	.data
                         406 	.text
                         407 	.align	2
                         408 	.align	2
                         409 ..gh.f.f.1.e.6:
                         410 	.type	..gh.f.f.1.e.6,@object
                         411 	.size	..gh.f.f.1.e.6,0
                         412 	.global	_EcuabFee_De_Cancel
                         413 _EcuabFee_De_Cancel:
                         414 --	    .bf

                                                                      Page 9
                                                              C:\Users\nhuliyap\AppData\Local\Temp\gh_00006ck1.s
                         415 .LDW82:
00000132 0332            416 	mov	3,r6
00000134 80070400*       417 	jr	_EcuabFee_De_FinishJob
                         418 --	    .ef
                         419 .LDW92:
                         420 	.type	_EcuabFee_De_Cancel,@function
                         421 	.size	_EcuabFee_De_Cancel,.-_EcuabFee_De_Cancel
                         422 	.align	2
                         423 .LDW03:
                         424 
                         425 	.section ".bss","awb"
                         426 .L673:
                         427 	.type	.L673,@object
                         428 	.size	.L673,0
                         429 	.data
                         430 	.text
                         431 	.align	2
                         432 	.align	2
                         433 ..gh.f.f.1.e.7:
                         434 	.type	..gh.f.f.1.e.7,@object
                         435 	.size	..gh.f.f.1.e.7,0
                         436 	.global	_EcuabFee_De_FinishJob..C.3A.5C_ECU2.5CECU_Rivian_A1.5CTarget.5Crepo_projects.5CpFOTA.5CcL_R2023.2E09.2E01.5Cmake.5Cobj.5CEcuabFee_Layer2_DatasetEraser.
                         437 _EcuabFee_De_FinishJob..C.3A.5C_ECU2.5CECU_Rivian_A1.5CTarget.5Crepo_projects.5CpFOTA.5CcL_R2023.2E09.2E01.5Cmake.5Cobj.5CEcuabFee_Layer2_DatasetEraser.:
                         438 _EcuabFee_De_FinishJob:
00000138 80076100        439 	prepare	{r29,r31},0
0000013c 06e8            440 	mov	r6,r29
                         441 --	    .bf
                         442 .LDW13:
0000013e 260600000000*   443 	mov	_EcuabFee_De_Execute,r6
00000144 270600000000*   444 	mov	_EcuabFee_De_Cancel,r7
0000014a 0142            445 	mov	1,r8
                         446 	jarl	_EcuabFee_Tm_RemoveTask,lp
                         446 <EXPANSION BEGIN>
                         446 jarl22 _EcuabFee_Tm_RemoveTask , lp 
0000014c 80ff0000*       446 <EXPANSION END>
                         447 --line67
                         448 ..lin.C.3A.5C_ECU2.5CECU_Rivian_A1.5CTarget.5Crepo_projects.5CpFOTA.5CcL_R2023.2E09.2E01.5Cmake.5Cobj.5CEcuabFee_Layer2_DatasetEraser.30::
                         449 .LDWlin30:
00000150 3e0600000000*   450 	mov	sdaoff23(_EcuabFee_De_ComponentParameter),ep
00000156 0192            451 	mov	1,r18
00000158 80eb            452 	sst.b	r29,0[ep]
0000015a 8193            453 	sst.b	r18,1[ep]
0000015c 8293            454 	sst.b	r18,2[ep]
                         455 --	    .ef
                         456 .LDW23:
0000015e 40067f00        457 	dispose	0,{r29,r31},[lp]
                         458 	.type	_EcuabFee_De_FinishJob,@function
                         459 	.size	_EcuabFee_De_FinishJob,.-_EcuabFee_De_FinishJob
                         460 	.type	_EcuabFee_De_FinishJob..C.3A.5C_ECU2.5CECU_Rivian_A1.5CTarget.5Crepo_projects.5CpFOTA.5CcL_R2023.2E09.2E01.5Cmake.5Cobj.5CEcuabFee_Layer2_DatasetEraser.,@function
                         461 	.size	_EcuabFee_De_FinishJob..C.3A.5C_ECU2.5CECU_Rivian_A1.5CTarget.5Crepo_projects.5CpFOTA.5CcL_R2023.2E09.2E01.5Cmake.5Cobj.5CEcuabFee_Layer2_DatasetEraser.,.-_EcuabFee_De_FinishJob..C.3A.5C_ECU2.5CECU_Rivian_A1.5CTarget.5Crepo_projects.5CpFOTA.5CcL_R2023.2E09.2E01.5Cmake.5Cobj.5CEcuabFee_Layer2_DatasetEraser.
                         462 	.align	2
                         463 .LDW33:
                         464 
                         465 --_JobResult	r29	param
                         466 
                         467 	.section ".bss","awb"
                         468 .L721:
                         469 	.type	.L721,@object
                         470 	.size	.L721,0
                         471 	.data
                         472 	.text

                                                                      Page 10
                                                              C:\Users\nhuliyap\AppData\Local\Temp\gh_00006ck1.s
                         473 	.align	2
                         474 	.align	2
                         475 ..gh.f.f.1.e.8:
                         476 	.type	..gh.f.f.1.e.8,@object
                         477 	.size	..gh.f.f.1.e.8,0
                         478 	.global	_EcuabFee_De_Init
                         479 _EcuabFee_De_Init:
                         480 --	    .bf
                         481 .LDW43:
00000162 0192            482 	mov	1,r18
00000164 3e0600000000*   483 	mov	sdaoff23(_EcuabFee_De_ComponentParameter),ep
0000016a 8193            484 	sst.b	r18,1[ep]
0000016c 8003            485 	sst.b	zero,0[ep]
0000016e 84070d000000*   486 	st.b	zero,sdaoff23(_EcuabFee_De_InstanceFinderResult)[gp]
00000174 a4070d000000*   487 	st.h	zero,sdaoff23(_EcuabFee_De_SectorIndex)[gp]
0000017a 8293            488 	sst.b	r18,2[ep]
                         489 --	    .ef
                         490 .LDW53:
0000017c 7f00            491 	jmp	[lp]
                         492 	.type	_EcuabFee_De_Init,@function
                         493 	.size	_EcuabFee_De_Init,.-_EcuabFee_De_Init
                         494 	.align	2
                         495 .LDW63:
                         496 
                         497 	.section ".bss","awb"
                         498 .L769:
                         499 	.type	.L769,@object
                         500 	.size	.L769,0
                         501 	.data
                         502 	.text
                         503 	.align	2
                         504 	.align	2
                         505 ..gh.f.f.1.e.9:
                         506 	.type	..gh.f.f.1.e.9,@object
                         507 	.size	..gh.f.f.1.e.9,0
                         508 	.global	_EcuabFee_De_GetStatus
                         509 _EcuabFee_De_GetStatus:
                         510 --	    .bf
                         511 .LDW73:
0000017e 840705500000*   512 	ld.b	sdaoff23(_EcuabFee_De_ComponentParameter+1)[gp],r10
                         513 --	    .ef
                         514 .LDW83:
00000184 7f00            515 	jmp	[lp]
                         516 	.type	_EcuabFee_De_GetStatus,@function
                         517 	.size	_EcuabFee_De_GetStatus,.-_EcuabFee_De_GetStatus
                         518 	.align	2
                         519 .LDW93:
                         520 
                         521 	.section ".bss","awb"
                         522 .L817:
                         523 	.type	.L817,@object
                         524 	.size	.L817,0
                         525 	.data
                         526 	.text
                         527 	.align	2
                         528 	.align	2
                         529 ..gh.f.f.1.e.10:
                         530 	.type	..gh.f.f.1.e.10,@object
                         531 	.size	..gh.f.f.1.e.10,0
                         532 	.global	_EcuabFee_De_GetJobResult
                         533 _EcuabFee_De_GetJobResult:

                                                                      Page 11
                                                              C:\Users\nhuliyap\AppData\Local\Temp\gh_00006ck1.s
                         534 --	    .bf
                         535 .LDW04:
00000186 840705500000*   536 	ld.b	sdaoff23(_EcuabFee_De_ComponentParameter)[gp],r10
                         537 --	    .ef
                         538 .LDW14:
0000018c 7f00            539 	jmp	[lp]
                         540 	.type	_EcuabFee_De_GetJobResult,@function
                         541 	.size	_EcuabFee_De_GetJobResult,.-_EcuabFee_De_GetJobResult
                         542 	.align	2
                         543 .LDW24:
                         544 
                         545 	.section ".bss","awb"
                         546 .L865:
                         547 	.type	.L865,@object
                         548 	.size	.L865,0
                         549 	.data
                         550 	.text
                         551 	.align	2
                         552 	.align	2
                         553 ..gh.f.f.1.e.11:
                         554 	.type	..gh.f.f.1.e.11,@object
                         555 	.size	..gh.f.f.1.e.11,0
                         556 	.global	_EcuabFee_De_StartJob
                         557 _EcuabFee_De_StartJob:
0000018e 8007e100        558 	prepare	{r28,r29,r31},0
                         559 --	    .bf
                         560 .LDW34:
00000192 840705880000*   561 	ld.b	sdaoff23(_EcuabFee_De_ComponentParameter+2)[gp],r17
00000198 618a            562 	cmp	1,r17
0000019a da1d*           563 	bne	.L885
0000019c 06e0            564 	mov	r6,r28
                         565 --line176
                         566 ..lin.C.3A.5C_ECU2.5CECU_Rivian_A1.5CTarget.5Crepo_projects.5CpFOTA.5CcL_R2023.2E09.2E01.5Cmake.5Cobj.5CEcuabFee_Layer2_DatasetEraser.31::
                         567 .LDWlin31:
0000019e 260600000000*   568 	mov	_EcuabFee_De_Execute,r6
000001a4 270600000000*   569 	mov	_EcuabFee_De_Cancel,r7
000001aa 1140            570 	mov	r17,r8
                         571 	jarl	_EcuabFee_Tm_AddTask,lp
                         571 <EXPANSION BEGIN>
                         571 jarl22 _EcuabFee_Tm_AddTask , lp 
000001ac 80ff0000*       571 <EXPANSION END>
000001b0 0ae8            572 	mov	r10,r29
                         573 --line178
                         574 ..lin.C.3A.5C_ECU2.5CECU_Rivian_A1.5CTarget.5Crepo_projects.5CpFOTA.5CcL_R2023.2E09.2E01.5Cmake.5Cobj.5CEcuabFee_Layer2_DatasetEraser.32::
                         575 .LDWlin32:
000001b2 e051            576 	cmp	zero,r10
000001b4 9a15*           577 	bne	.L889
                         578 --line179
                         579 ..lin.C.3A.5C_ECU2.5CECU_Rivian_A1.5CTarget.5Crepo_projects.5CpFOTA.5CcL_R2023.2E09.2E01.5Cmake.5Cobj.5CEcuabFee_Layer2_DatasetEraser.33::
                         580 .LDWlin33:
000001b6 0292            581 	mov	2,r18
000001b8 3e0600000000*   582 	mov	sdaoff23(_EcuabFee_De_ComponentParameter),ep
000001be 8193            583 	sst.b	r18,1[ep]
000001c0 8093            584 	sst.b	r18,0[ep]
000001c2 84070de00000*   585 	st.b	r28,sdaoff23(_EcuabFee_De_InstanceFinderResult)[gp]
                         586 	jarl	_EcuabFee_Dh_GetLastSectorIndex,lp
                         586 <EXPANSION BEGIN>
                         586 jarl22 _EcuabFee_Dh_GetLastSectorIndex , lp 
000001c8 80ff0000*       586 <EXPANSION END>
000001cc a4070d500000*   587 	st.h	r10,sdaoff23(_EcuabFee_De_SectorIndex)[gp]
000001d2 a505*           588 	br	.L889

                                                                      Page 12
                                                              C:\Users\nhuliyap\AppData\Local\Temp\gh_00006ck1.s
                         589 .L885:
                         590 --line188
                         591 ..lin.C.3A.5C_ECU2.5CECU_Rivian_A1.5CTarget.5Crepo_projects.5CpFOTA.5CcL_R2023.2E09.2E01.5Cmake.5Cobj.5CEcuabFee_Layer2_DatasetEraser.34::
                         592 .LDWlin34:
000001d4 01ea            593 	mov	1,r29
                         594 .L889:
000001d6 1d50            595 	mov	r29,r10
                         596 --	    .ef
                         597 .LDW44:
000001d8 4006ff00        598 	dispose	0,{r28,r29,r31},[lp]
                         599 	.type	_EcuabFee_De_StartJob,@function
                         600 	.size	_EcuabFee_De_StartJob,.-_EcuabFee_De_StartJob
                         601 	.align	2
                         602 .LDW54:
                         603 --_retVal	r29	local
                         604 
                         605 --_InstanceFinderResult	r28	param
                         606 
                         607 	.section ".bss","awb"
                         608 .L940:
                         609 	.type	.L940,@object
                         610 	.size	.L940,0
                         611 	.data
                         612 	.text
                         613 	.align	2
                         614 --_EcuabFee_De_ComponentParameter	sdaoff23(_EcuabFee_De_ComponentParameter)	static
                         615 --_EcuabFee_De_InstanceFinderResult	sdaoff23(_EcuabFee_De_InstanceFinderResult)	static
                         616 --_EcuabFee_De_SectorIndex	sdaoff23(_EcuabFee_De_SectorIndex)	static
                         617 
                         618 	.data
                         619 	.ghsnote version,17
                         620 	.ghsnote tools,3
                         621 	.ghsnote options,144
                         622 	.text
                         623 	.align	2
                         624 ..eof.C.3A.5C_ECU2.5CECU_Rivian_A1.5CTarget.5Crepo_projects.5CpFOTA.5CcL_R2023.2E09.2E01.5Cmake.5Cobj.5CEcuabFee_Layer2_DatasetEraser...43.3A.5C_ECU2.5CECU_Rivian_A1.5CTarget.5Crepo_projects.5CpFOTA.5CcL_R2023.2E09.2E01.5Cmake..64F863B8..0::
                         625 .rh850_flags REGMODE32,DATA_ALIGN8,GP_FIX,EP_NONFIX,TP_FIX,REG2_RESERVE,G3K,SDA_EXTRA_REGS_0
