                                                                      Page 1
                                                              C:\Users\nhuliyap\AppData\Local\Temp\gh_000081c1.s
Command Line: C:\GHS\comp_201517\ease850.exe -w -stderr=err/EcuabFee_FlsCoordinator.err -elf -b0 -I../source/_common -I../source/common -I../source/ecuabcanif -I../source/ecuabcantrcv -I../source/ecuabcryif -I../source/ecuabfee -I../source/ecuabmemif -I../source/libautosar -I../source/mcalcan -I../source/mcalcry -I../source/mcaldio -I../source/mcaleep -I../source/mcalfls -I../source/mcalmcu -I../source/projectara -I../source/projectcfg -I../source/projectcompiler -I../source/swcservicebswm -I../source/swcservicecantp -I../source/swcservicecomm -I../source/swcservicecsm -I../source/swcservicedcm -I../source/swcservicedem -I../source/swcservicedet -I../source/swcserviceecum -I../source/swcservicenvm -I../source/swcserviceos -I../source/swcservicepdur -I../source/swcserviceschm -I../source/swcservicestartup -I../source/wrappers/swcservicesecm -I../source/wrappers/vsecprim -I../source/wrappers/vstdlib -Ic:/ghs/comp_201517/ansi -Ic:/ghs/comp_201517/include/v800 -Igendata -IC:\GHS\comp_201517\lib\rh850 -cg_underscore -cpu=rh850g3k -nofpu -no_v850_simd -rh850_fpsimd=none -nomacro -patch_dbo=C:\_ECU2\ECU_Rivian_A1\Target\repo_projects\pFOTA\cL_R2023.09.01\make\obj\EcuabFee_FlsCoordinator.dbo -source=EcuabFee_FlsCoordinator.c -o obj\gh_000081c1.o -list=lst/EcuabFee_FlsCoordinator.lst C:\Users\nhuliyap\AppData\Local\Temp\gh_000081c1.s 
Original File: C:\Users\nhuliyap\AppData\Local\Temp\gh_000081c1.s
Source File: EcuabFee_FlsCoordinator.c
Directory: C:\_ECU2\ECU_Rivian_A1\Target\repo_projects\pFOTA\cL_R2023.09.01\make
Host OS: Windows
EASE: Copyright (C) 1983-2015 Green Hills Software.  All Rights Reserved.
Release: Compiler v2015.1.7
Build Directory: [Directory] BTOWORKER6:c:/build_2015_1_bto/2015-10-21.2100-2015_1_bto/win32-comp-ecom
Revision: [VCInfo] http://toolsvc/branches/release-branch-70-bto/src@544153 (built by build)
Revision Date: Thu Oct 22 07:50:13 2015

Release Date: Thu Oct 22 09:32:32 2015

                           1 --Driver Command: ccrh850 -DBRS_DERIVATIVE_701018 -DBRS_OSC_CLK=16
                           2 --		-DBRS_TIMEBASE_CLOCK=80 -DBRS_EVA_BOARD_
                           3 --		-DBRS_DERIVATIVE_GROUP_F1L -DBRS_OS_USECASE_BRS
                           4 --		-DBRS_PLATFORM_RH850 -DBRS_COMP_GHS
                           5 --		-DBRS_CPU_LOCAL_RAM_SIZE_CORE0=32
                           6 --		-DBRS_CPU_RAM_START_CORE0=0xFEDF8000
                           7 --		-list=lst/EcuabFee_FlsCoordinator.lst -object_dir=obj
                           8 --		-stderr=err/EcuabFee_FlsCoordinator.err -c -cpu=rh850 -sda=all
                           9 --		-large_sda -prepare_dispose -pragma_asm_inline -no_callt
                          10 --		-inline_prologue -notda -reserve_r2 -fsoft
                          11 --		--unknown_pragma_warnings -list -g -Ogeneral -shortenum
                          12 --		-registermode=32 -I../source/_common -I../source/common
                          13 --		-I../source/ecuabcanif -I../source/ecuabcantrcv
                          14 --		-I../source/ecuabcryif -I../source/ecuabfee
                          15 --		-I../source/ecuabmemif -I../source/libautosar -I../source/mcalcan
                          16 --		-I../source/mcalcry -I../source/mcaldio -I../source/mcaleep
                          17 --		-I../source/mcalfls -I../source/mcalmcu -I../source/projectara
                          18 --		-I../source/projectcfg -I../source/projectcompiler
                          19 --		-I../source/swcservicebswm -I../source/swcservicecantp
                          20 --		-I../source/swcservicecomm -I../source/swcservicecsm
                          21 --		-I../source/swcservicedcm -I../source/swcservicedem
                          22 --		-I../source/swcservicedet -I../source/swcserviceecum
                          23 --		-I../source/swcservicenvm -I../source/swcserviceos
                          24 --		-I../source/swcservicepdur -I../source/swcserviceschm
                          25 --		-I../source/swcservicestartup -I../source/wrappers/swcservicesecm
                          26 --		-I../source/wrappers/vsecprim -I../source/wrappers/vstdlib
                          27 --		-Ic:/ghs/comp_201517/ansi -Ic:/ghs/comp_201517/include/v800
                          28 --		-Igendata ../source/EcuabFee/EcuabFee_FlsCoordinator.c
                          29 --Source File:   ../source/EcuabFee/EcuabFee_FlsCoordinator.c
                          30 --Directory:     
                          31 --		C:\_ECU2\ECU_Rivian_A1\Target\repo_projects\pFOTA\cL_R2023.09.01\make
                          32 --Compile Date:  Wed Sep 06 13:34:12 2023
                          33 --Host OS:       Win32
                          34 --Version:       C-RH850 2015.1.7 RELEASE VERSION
                          35 --Release:       Compiler v2015.1.7
                          36 --Revision Date: Thu Oct 22 08:06:12 2015
                          37 --Release Date:  Thu Oct 22 09:34:32 2015
                          38 -- ecom  -g -w -OM
                          39 	.text
                          40 ..bof.C.3A.5C_ECU2.5CECU_Rivian_A1.5CTarget.5Crepo_projects.5CpFOTA.5CcL_R2023.2E09.2E01.5Cmake.5Cobj.5CEcuabFee_FlsCoordinator...43.3A.5C_ECU2.5CECU_Rivian_A1.5CTarget.5Crepo_projects.5CpFOTA.5CcL_R2023.2E09.2E01.5Cmake..64F863B4..0::
                          41 	.align	2
                          42 ..gh.f.f.1.e.0:
                          43 	.type	..gh.f.f.1.e.0,@object
                          44 	.size	..gh.f.f.1.e.0,0
                          45 	.global	_EcuabFee_Fls_GetJobResultFromFlash..C.3A.5C_ECU2.5CECU_Rivian_A1.5CTarget.5Crepo_projects.5CpFOTA.5CcL_R2023.2E09.2E01.5Cmake.5Cobj.5CEcuabFee_FlsCoordinator.
                          46 _EcuabFee_Fls_GetJobResultFromFlash..C.3A.5C_ECU2.5CECU_Rivian_A1.5CTarget.5Crepo_projects.5CpFOTA.5CcL_R2023.2E09.2E01.5Cmake.5Cobj.5CEcuabFee_FlsCoordinator.:
                          47 _EcuabFee_Fls_GetJobResultFromFlash:
00000000 80076100         48 	prepare	{r29,r31},0
                          49 --	    .bf
                          50 .LDW01:

                                                                      Page 2
                                                              C:\Users\nhuliyap\AppData\Local\Temp\gh_000081c1.s
                          51 	jarl	_EcuabFee_Ph_GetFlsApiPtr,lp
                          51 <EXPANSION BEGIN>
                          51 jarl22 _EcuabFee_Ph_GetFlsApiPtr , lp 
00000004 80ff0000*        51 <EXPANSION END>
00000008 2aef1900         52 	ld.w	24[r10],r29
0000000c fdc760f9         53 	jarl	[r29],lp
                          54 --	    .ef
                          55 .LDW11:
                          56 --line36
                          57 ..lin.C.3A.5C_ECU2.5CECU_Rivian_A1.5CTarget.5Crepo_projects.5CpFOTA.5CcL_R2023.2E09.2E01.5Cmake.5Cobj.5CEcuabFee_FlsCoordinator.1::
                          58 .LDWlin1:
00000010 40067f00         59 	dispose	0,{r29,r31},[lp]
                          60 	.type	_EcuabFee_Fls_GetJobResultFromFlash,@function
                          61 	.size	_EcuabFee_Fls_GetJobResultFromFlash,.-_EcuabFee_Fls_GetJobResultFromFlash
                          62 	.type	_EcuabFee_Fls_GetJobResultFromFlash..C.3A.5C_ECU2.5CECU_Rivian_A1.5CTarget.5Crepo_projects.5CpFOTA.5CcL_R2023.2E09.2E01.5Cmake.5Cobj.5CEcuabFee_FlsCoordinator.,@function
                          63 	.size	_EcuabFee_Fls_GetJobResultFromFlash..C.3A.5C_ECU2.5CECU_Rivian_A1.5CTarget.5Crepo_projects.5CpFOTA.5CcL_R2023.2E09.2E01.5Cmake.5Cobj.5CEcuabFee_FlsCoordinator.,.-_EcuabFee_Fls_GetJobResultFromFlash..C.3A.5C_ECU2.5CECU_Rivian_A1.5CTarget.5Crepo_projects.5CpFOTA.5CcL_R2023.2E09.2E01.5Cmake.5Cobj.5CEcuabFee_FlsCoordinator.
                          64 	.align	2
                          65 .LDW21:
                          66 
                          67 	.section ".bss","awb"
                          68 .L33:
                          69 	.type	.L33,@object
                          70 	.size	.L33,0
                          71 	.data
                          72 	.text
                          73 	.align	2
                          74 	.align	2
                          75 ..gh.f.f.1.e.1:
                          76 	.type	..gh.f.f.1.e.1,@object
                          77 	.size	..gh.f.f.1.e.1,0
                          78 	.global	_EcuabFee_Fls_SetResultPending..C.3A.5C_ECU2.5CECU_Rivian_A1.5CTarget.5Crepo_projects.5CpFOTA.5CcL_R2023.2E09.2E01.5Cmake.5Cobj.5CEcuabFee_FlsCoordinator.
                          79 _EcuabFee_Fls_SetResultPending..C.3A.5C_ECU2.5CECU_Rivian_A1.5CTarget.5Crepo_projects.5CpFOTA.5CcL_R2023.2E09.2E01.5Cmake.5Cobj.5CEcuabFee_FlsCoordinator.:
                          80 _EcuabFee_Fls_SetResultPending:
                          81 --	    .bf
                          82 .LDW31:
                          83 --	    .ef
                          84 .LDW41:
00000014 7f00             85 	jmp	[lp]
                          86 	.type	_EcuabFee_Fls_SetResultPending,@function
                          87 	.size	_EcuabFee_Fls_SetResultPending,.-_EcuabFee_Fls_SetResultPending
                          88 	.type	_EcuabFee_Fls_SetResultPending..C.3A.5C_ECU2.5CECU_Rivian_A1.5CTarget.5Crepo_projects.5CpFOTA.5CcL_R2023.2E09.2E01.5Cmake.5Cobj.5CEcuabFee_FlsCoordinator.,@function
                          89 	.size	_EcuabFee_Fls_SetResultPending..C.3A.5C_ECU2.5CECU_Rivian_A1.5CTarget.5Crepo_projects.5CpFOTA.5CcL_R2023.2E09.2E01.5Cmake.5Cobj.5CEcuabFee_FlsCoordinator.,.-_EcuabFee_Fls_SetResultPending..C.3A.5C_ECU2.5CECU_Rivian_A1.5CTarget.5Crepo_projects.5CpFOTA.5CcL_R2023.2E09.2E01.5Cmake.5Cobj.5CEcuabFee_FlsCoordinator.
                          90 	.align	2
                          91 .LDW51:
                          92 
                          93 	.section ".bss","awb"
                          94 .L80:
                          95 	.type	.L80,@object
                          96 	.size	.L80,0
                          97 	.data
                          98 	.text
                          99 	.align	2
                         100 	.align	2
                         101 ..gh.f.f.1.e.2:
                         102 	.type	..gh.f.f.1.e.2,@object
                         103 	.size	..gh.f.f.1.e.2,0
                         104 	.global	_EcuabFee_Fls_Read
                         105 _EcuabFee_Fls_Read:
00000016 8007e110        106 	prepare	{r27,r28,r29,r31},0
0000001a 08d8            107 	mov	r8,r27
0000001c 06e8            108 	mov	r6,r29

                                                                      Page 3
                                                              C:\Users\nhuliyap\AppData\Local\Temp\gh_000081c1.s
0000001e 07e0            109 	mov	r7,r28
00000020 db00            110 	zxh	r27
                         111 --	    .bf
                         112 .LDW61:
                         113 	jarl	_EcuabFee_Ph_GetFlsApiPtr,lp
                         113 <EXPANSION BEGIN>
                         113 jarl22 _EcuabFee_Ph_GetFlsApiPtr , lp 
00000022 80ff0000*       113 <EXPANSION END>
00000026 1d30            114 	mov	r29,r6
00000028 2aef0100        115 	ld.w	0[r10],r29
0000002c 1c38            116 	mov	r28,r7
0000002e 1b40            117 	mov	r27,r8
00000030 fdc760f9        118 	jarl	[r29],lp
                         119 --	    .ef
                         120 .LDW71:
                         121 --line53
                         122 ..lin.C.3A.5C_ECU2.5CECU_Rivian_A1.5CTarget.5Crepo_projects.5CpFOTA.5CcL_R2023.2E09.2E01.5Cmake.5Cobj.5CEcuabFee_FlsCoordinator.2::
                         123 .LDWlin2:
00000034 4006ff10        124 	dispose	0,{r27,r28,r29,r31},[lp]
                         125 	.type	_EcuabFee_Fls_Read,@function
                         126 	.size	_EcuabFee_Fls_Read,.-_EcuabFee_Fls_Read
                         127 	.align	2
                         128 .LDW81:
                         129 
                         130 --_Address	r29	param
                         131 --_BufferPtr	r28	param
                         132 --_Length	r27	param
                         133 
                         134 	.section ".bss","awb"
                         135 .L116:
                         136 	.type	.L116,@object
                         137 	.size	.L116,0
                         138 	.data
                         139 	.text
                         140 	.align	2
                         141 	.align	2
                         142 ..gh.f.f.1.e.3:
                         143 	.type	..gh.f.f.1.e.3,@object
                         144 	.size	..gh.f.f.1.e.3,0
                         145 	.global	_EcuabFee_Fls_Write
                         146 _EcuabFee_Fls_Write:
00000038 8007e110        147 	prepare	{r27,r28,r29,r31},0
0000003c 08d8            148 	mov	r8,r27
0000003e 06e8            149 	mov	r6,r29
00000040 07e0            150 	mov	r7,r28
00000042 db00            151 	zxh	r27
                         152 --	    .bf
                         153 .LDW91:
                         154 	jarl	_EcuabFee_Ph_GetFlsApiPtr,lp
                         154 <EXPANSION BEGIN>
                         154 jarl22 _EcuabFee_Ph_GetFlsApiPtr , lp 
00000044 80ff0000*       154 <EXPANSION END>
00000048 1d30            155 	mov	r29,r6
0000004a 2aef0500        156 	ld.w	4[r10],r29
0000004e 1c38            157 	mov	r28,r7
00000050 1b40            158 	mov	r27,r8
00000052 fdc760f9        159 	jarl	[r29],lp
                         160 --	    .ef
                         161 .LDW02:
                         162 --line59
                         163 ..lin.C.3A.5C_ECU2.5CECU_Rivian_A1.5CTarget.5Crepo_projects.5CpFOTA.5CcL_R2023.2E09.2E01.5Cmake.5Cobj.5CEcuabFee_FlsCoordinator.3::

                                                                      Page 4
                                                              C:\Users\nhuliyap\AppData\Local\Temp\gh_000081c1.s
                         164 .LDWlin3:
00000056 4006ff10        165 	dispose	0,{r27,r28,r29,r31},[lp]
                         166 	.type	_EcuabFee_Fls_Write,@function
                         167 	.size	_EcuabFee_Fls_Write,.-_EcuabFee_Fls_Write
                         168 	.align	2
                         169 .LDW12:
                         170 
                         171 --_Address	r29	param
                         172 --_BufferPtr	r28	param
                         173 --_Length	r27	param
                         174 
                         175 	.section ".bss","awb"
                         176 .L164:
                         177 	.type	.L164,@object
                         178 	.size	.L164,0
                         179 	.data
                         180 	.text
                         181 	.align	2
                         182 	.align	2
                         183 ..gh.f.f.1.e.4:
                         184 	.type	..gh.f.f.1.e.4,@object
                         185 	.size	..gh.f.f.1.e.4,0
                         186 	.global	_EcuabFee_Fls_Compare
                         187 _EcuabFee_Fls_Compare:
0000005a 8007e110        188 	prepare	{r27,r28,r29,r31},0
0000005e 08d8            189 	mov	r8,r27
00000060 06e8            190 	mov	r6,r29
00000062 07e0            191 	mov	r7,r28
00000064 db00            192 	zxh	r27
                         193 --	    .bf
                         194 .LDW22:
                         195 	jarl	_EcuabFee_Ph_GetFlsApiPtr,lp
                         195 <EXPANSION BEGIN>
                         195 jarl22 _EcuabFee_Ph_GetFlsApiPtr , lp 
00000066 80ff0000*       195 <EXPANSION END>
0000006a 1d30            196 	mov	r29,r6
0000006c 2aef0900        197 	ld.w	8[r10],r29
00000070 1c38            198 	mov	r28,r7
00000072 1b40            199 	mov	r27,r8
00000074 fdc760f9        200 	jarl	[r29],lp
                         201 --	    .ef
                         202 .LDW32:
                         203 --line65
                         204 ..lin.C.3A.5C_ECU2.5CECU_Rivian_A1.5CTarget.5Crepo_projects.5CpFOTA.5CcL_R2023.2E09.2E01.5Cmake.5Cobj.5CEcuabFee_FlsCoordinator.4::
                         205 .LDWlin4:
00000078 4006ff10        206 	dispose	0,{r27,r28,r29,r31},[lp]
                         207 	.type	_EcuabFee_Fls_Compare,@function
                         208 	.size	_EcuabFee_Fls_Compare,.-_EcuabFee_Fls_Compare
                         209 	.align	2
                         210 .LDW42:
                         211 
                         212 --_Address	r29	param
                         213 --_BufferPtr	r28	param
                         214 --_Length	r27	param
                         215 
                         216 	.section ".bss","awb"
                         217 .L212:
                         218 	.type	.L212,@object
                         219 	.size	.L212,0
                         220 	.data
                         221 	.text

                                                                      Page 5
                                                              C:\Users\nhuliyap\AppData\Local\Temp\gh_000081c1.s
                         222 	.align	2
                         223 	.align	2
                         224 ..gh.f.f.1.e.5:
                         225 	.type	..gh.f.f.1.e.5,@object
                         226 	.size	..gh.f.f.1.e.5,0
                         227 	.global	_EcuabFee_Fls_Erase
                         228 _EcuabFee_Fls_Erase:
0000007c 8007e100        229 	prepare	{r28,r29,r31},0
00000080 07e0            230 	mov	r7,r28
00000082 06e8            231 	mov	r6,r29
00000084 dc00            232 	zxh	r28
                         233 --	    .bf
                         234 .LDW52:
                         235 	jarl	_EcuabFee_Ph_GetFlsApiPtr,lp
                         235 <EXPANSION BEGIN>
                         235 jarl22 _EcuabFee_Ph_GetFlsApiPtr , lp 
00000086 80ff0000*       235 <EXPANSION END>
0000008a 1d30            236 	mov	r29,r6
0000008c 2aef0d00        237 	ld.w	12[r10],r29
00000090 1c38            238 	mov	r28,r7
00000092 fdc760f9        239 	jarl	[r29],lp
                         240 --	    .ef
                         241 .LDW62:
                         242 --line70
                         243 ..lin.C.3A.5C_ECU2.5CECU_Rivian_A1.5CTarget.5Crepo_projects.5CpFOTA.5CcL_R2023.2E09.2E01.5Cmake.5Cobj.5CEcuabFee_FlsCoordinator.5::
                         244 .LDWlin5:
00000096 4006ff00        245 	dispose	0,{r28,r29,r31},[lp]
                         246 	.type	_EcuabFee_Fls_Erase,@function
                         247 	.size	_EcuabFee_Fls_Erase,.-_EcuabFee_Fls_Erase
                         248 	.align	2
                         249 .LDW72:
                         250 
                         251 --_Address	r29	param
                         252 --_Length	r28	param
                         253 
                         254 	.section ".bss","awb"
                         255 .L260:
                         256 	.type	.L260,@object
                         257 	.size	.L260,0
                         258 	.data
                         259 	.text
                         260 	.align	2
                         261 	.align	2
                         262 ..gh.f.f.1.e.6:
                         263 	.type	..gh.f.f.1.e.6,@object
                         264 	.size	..gh.f.f.1.e.6,0
                         265 	.global	_EcuabFee_Fls_BlankCheck
                         266 _EcuabFee_Fls_BlankCheck:
0000009a 8007e100        267 	prepare	{r28,r29,r31},0
0000009e 07e0            268 	mov	r7,r28
000000a0 06e8            269 	mov	r6,r29
000000a2 dc00            270 	zxh	r28
                         271 --	    .bf
                         272 .LDW82:
                         273 	jarl	_EcuabFee_Ph_GetFlsApiPtr,lp
                         273 <EXPANSION BEGIN>
                         273 jarl22 _EcuabFee_Ph_GetFlsApiPtr , lp 
000000a4 80ff0000*       273 <EXPANSION END>
000000a8 1d30            274 	mov	r29,r6
000000aa 2aef1100        275 	ld.w	16[r10],r29
000000ae 1c38            276 	mov	r28,r7

                                                                      Page 6
                                                              C:\Users\nhuliyap\AppData\Local\Temp\gh_000081c1.s
000000b0 fdc760f9        277 	jarl	[r29],lp
                         278 --	    .ef
                         279 .LDW92:
                         280 --line75
                         281 ..lin.C.3A.5C_ECU2.5CECU_Rivian_A1.5CTarget.5Crepo_projects.5CpFOTA.5CcL_R2023.2E09.2E01.5Cmake.5Cobj.5CEcuabFee_FlsCoordinator.6::
                         282 .LDWlin6:
000000b4 4006ff00        283 	dispose	0,{r28,r29,r31},[lp]
                         284 	.type	_EcuabFee_Fls_BlankCheck,@function
                         285 	.size	_EcuabFee_Fls_BlankCheck,.-_EcuabFee_Fls_BlankCheck
                         286 	.align	2
                         287 .LDW03:
                         288 
                         289 --_Address	r29	param
                         290 --_Length	r28	param
                         291 
                         292 	.section ".bss","awb"
                         293 .L308:
                         294 	.type	.L308,@object
                         295 	.size	.L308,0
                         296 	.data
                         297 	.text
                         298 	.align	2
                         299 	.align	2
                         300 ..gh.f.f.1.e.7:
                         301 	.type	..gh.f.f.1.e.7,@object
                         302 	.size	..gh.f.f.1.e.7,0
                         303 	.global	_EcuabFee_Fls_GetJobResult
                         304 _EcuabFee_Fls_GetJobResult:
                         305 --	    .bf
                         306 .LDW13:
000000b8 bf0748ff*       307 	jr	_EcuabFee_Fls_GetJobResultFromFlash
                         308 --	    .ef
                         309 .LDW23:
                         310 	.type	_EcuabFee_Fls_GetJobResult,@function
                         311 	.size	_EcuabFee_Fls_GetJobResult,.-_EcuabFee_Fls_GetJobResult
                         312 	.align	2
                         313 .LDW33:
                         314 
                         315 	.section ".bss","awb"
                         316 .L353:
                         317 	.type	.L353,@object
                         318 	.size	.L353,0
                         319 	.data
                         320 	.text
                         321 	.align	2
                         322 	.align	2
                         323 ..gh.f.f.1.e.8:
                         324 	.type	..gh.f.f.1.e.8,@object
                         325 	.size	..gh.f.f.1.e.8,0
                         326 	.global	_EcuabFee_Fls_GetStatus
                         327 _EcuabFee_Fls_GetStatus:
000000bc 80076100        328 	prepare	{r29,r31},0
                         329 --	    .bf
                         330 .LDW43:
                         331 	jarl	_EcuabFee_Ph_GetFlsApiPtr,lp
                         331 <EXPANSION BEGIN>
                         331 jarl22 _EcuabFee_Ph_GetFlsApiPtr , lp 
000000c0 80ff0000*       331 <EXPANSION END>
000000c4 2aef1500        332 	ld.w	20[r10],r29
000000c8 fdc760f9        333 	jarl	[r29],lp
                         334 --	    .ef

                                                                      Page 7
                                                              C:\Users\nhuliyap\AppData\Local\Temp\gh_000081c1.s
                         335 .LDW53:
                         336 --line99
                         337 ..lin.C.3A.5C_ECU2.5CECU_Rivian_A1.5CTarget.5Crepo_projects.5CpFOTA.5CcL_R2023.2E09.2E01.5Cmake.5Cobj.5CEcuabFee_FlsCoordinator.7::
                         338 .LDWlin7:
000000cc 40067f00        339 	dispose	0,{r29,r31},[lp]
                         340 	.type	_EcuabFee_Fls_GetStatus,@function
                         341 	.size	_EcuabFee_Fls_GetStatus,.-_EcuabFee_Fls_GetStatus
                         342 	.align	2
                         343 .LDW63:
                         344 
                         345 	.section ".bss","awb"
                         346 .L401:
                         347 	.type	.L401,@object
                         348 	.size	.L401,0
                         349 	.data
                         350 	.text
                         351 	.align	2
                         352 
                         353 	.data
                         354 	.ghsnote version,17
                         355 	.ghsnote tools,3
                         356 	.ghsnote options,144
                         357 	.text
                         358 	.align	2
                         359 ..eof.C.3A.5C_ECU2.5CECU_Rivian_A1.5CTarget.5Crepo_projects.5CpFOTA.5CcL_R2023.2E09.2E01.5Cmake.5Cobj.5CEcuabFee_FlsCoordinator...43.3A.5C_ECU2.5CECU_Rivian_A1.5CTarget.5Crepo_projects.5CpFOTA.5CcL_R2023.2E09.2E01.5Cmake..64F863B4..0::
                         360 .rh850_flags REGMODE32,DATA_ALIGN8,GP_FIX,EP_NONFIX,TP_FIX,REG2_RESERVE,G3K,SDA_EXTRA_REGS_0
