                                                                      Page 1
                                                              C:\Users\nhuliyap\AppData\Local\Temp\gh_000036c1.s
Command Line: C:\GHS\comp_201517\ease850.exe -w -stderr=err/ESLib_Init.err -elf -b0 -I../source/_common -I../source/common -I../source/ecuabcanif -I../source/ecuabcantrcv -I../source/ecuabcryif -I../source/ecuabfee -I../source/ecuabmemif -I../source/libautosar -I../source/mcalcan -I../source/mcalcry -I../source/mcaldio -I../source/mcaleep -I../source/mcalfls -I../source/mcalmcu -I../source/projectara -I../source/projectcfg -I../source/projectcompiler -I../source/swcservicebswm -I../source/swcservicecantp -I../source/swcservicecomm -I../source/swcservicecsm -I../source/swcservicedcm -I../source/swcservicedem -I../source/swcservicedet -I../source/swcserviceecum -I../source/swcservicenvm -I../source/swcserviceos -I../source/swcservicepdur -I../source/swcserviceschm -I../source/swcservicestartup -I../source/wrappers/swcservicesecm -I../source/wrappers/vsecprim -I../source/wrappers/vstdlib -Ic:/ghs/comp_201517/ansi -Ic:/ghs/comp_201517/include/v800 -Igendata -IC:\GHS\comp_201517\lib\rh850 -cg_underscore -cpu=rh850g3k -nofpu -no_v850_simd -rh850_fpsimd=none -nomacro -patch_dbo=C:\_ECU2\ECU_Rivian_A1\Target\repo_projects\pFOTA\cL_R2023.09.01\make\obj\ESLib_Init.dbo -source=ESLib_Init.c -o obj\gh_000036c1.o -list=lst/ESLib_Init.lst C:\Users\nhuliyap\AppData\Local\Temp\gh_000036c1.s 
Original File: C:\Users\nhuliyap\AppData\Local\Temp\gh_000036c1.s
Source File: ESLib_Init.c
Directory: C:\_ECU2\ECU_Rivian_A1\Target\repo_projects\pFOTA\cL_R2023.09.01\make
Host OS: Windows
EASE: Copyright (C) 1983-2015 Green Hills Software.  All Rights Reserved.
Release: Compiler v2015.1.7
Build Directory: [Directory] BTOWORKER6:c:/build_2015_1_bto/2015-10-21.2100-2015_1_bto/win32-comp-ecom
Revision: [VCInfo] http://toolsvc/branches/release-branch-70-bto/src@544153 (built by build)
Revision Date: Thu Oct 22 07:50:13 2015

Release Date: Thu Oct 22 09:32:32 2015

                           1 --Driver Command: ccrh850 -DBRS_DERIVATIVE_701018 -DBRS_OSC_CLK=16
                           2 --		-DBRS_TIMEBASE_CLOCK=80 -DBRS_EVA_BOARD_
                           3 --		-DBRS_DERIVATIVE_GROUP_F1L -DBRS_OS_USECASE_BRS
                           4 --		-DBRS_PLATFORM_RH850 -DBRS_COMP_GHS
                           5 --		-DBRS_CPU_LOCAL_RAM_SIZE_CORE0=32
                           6 --		-DBRS_CPU_RAM_START_CORE0=0xFEDF8000 -list=lst/ESLib_Init.lst
                           7 --		-object_dir=obj -stderr=err/ESLib_Init.err -c -cpu=rh850 -sda=all
                           8 --		-large_sda -prepare_dispose -pragma_asm_inline -no_callt
                           9 --		-inline_prologue -notda -reserve_r2 -fsoft
                          10 --		--unknown_pragma_warnings -list -g -Ogeneral -shortenum
                          11 --		-registermode=32 -I../source/_common -I../source/common
                          12 --		-I../source/ecuabcanif -I../source/ecuabcantrcv
                          13 --		-I../source/ecuabcryif -I../source/ecuabfee
                          14 --		-I../source/ecuabmemif -I../source/libautosar -I../source/mcalcan
                          15 --		-I../source/mcalcry -I../source/mcaldio -I../source/mcaleep
                          16 --		-I../source/mcalfls -I../source/mcalmcu -I../source/projectara
                          17 --		-I../source/projectcfg -I../source/projectcompiler
                          18 --		-I../source/swcservicebswm -I../source/swcservicecantp
                          19 --		-I../source/swcservicecomm -I../source/swcservicecsm
                          20 --		-I../source/swcservicedcm -I../source/swcservicedem
                          21 --		-I../source/swcservicedet -I../source/swcserviceecum
                          22 --		-I../source/swcservicenvm -I../source/swcserviceos
                          23 --		-I../source/swcservicepdur -I../source/swcserviceschm
                          24 --		-I../source/swcservicestartup -I../source/wrappers/swcservicesecm
                          25 --		-I../source/wrappers/vsecprim -I../source/wrappers/vstdlib
                          26 --		-Ic:/ghs/comp_201517/ansi -Ic:/ghs/comp_201517/include/v800
                          27 --		-Igendata ../source/wrappers/vSecPrim/ESLib_Init.c
                          28 --Source File:   ../source/wrappers/vSecPrim/ESLib_Init.c
                          29 --Directory:     
                          30 --		C:\_ECU2\ECU_Rivian_A1\Target\repo_projects\pFOTA\cL_R2023.09.01\make
                          31 --Compile Date:  Wed Sep 06 13:32:54 2023
                          32 --Host OS:       Win32
                          33 --Version:       C-RH850 2015.1.7 RELEASE VERSION
                          34 --Release:       Compiler v2015.1.7
                          35 --Revision Date: Thu Oct 22 08:06:12 2015
                          36 --Release Date:  Thu Oct 22 09:34:32 2015
                          37 -- ecom  -g -w -OM
                          38 	.section ".MSR_CODE","ax"
                          39 	.align	2
                          40 ..bof.C.3A.5C_ECU2.5CECU_Rivian_A1.5CTarget.5Crepo_projects.5CpFOTA.5CcL_R2023.2E09.2E01.5Cmake.5Cobj.5CESLib_Init...43.3A.5C_ECU2.5CECU_Rivian_A1.5CTarget.5Crepo_projects.5CpFOTA.5CcL_R2023.2E09.2E01.5Cmake..64F86366..0::
                          41 	.align	2
                          42 ..gh.f.f.1.e.0:
                          43 	.type	..gh.f.f.1.e.0,@object
                          44 	.size	..gh.f.f.1.e.0,0
                          45 	.global	_esl_initESCryptoLib
                          46 _esl_initESCryptoLib:
                          47 --	    .bf
                          48 .LDW01:
00000000 0052             49 	mov	0,r10
                          50 --	    .ef

                                                                      Page 2
                                                              C:\Users\nhuliyap\AppData\Local\Temp\gh_000036c1.s
                          51 .LDW11:
00000002 7f00             52 	jmp	[lp]
                          53 	.type	_esl_initESCryptoLib,@function
                          54 	.size	_esl_initESCryptoLib,.-_esl_initESCryptoLib
                          55 	.align	2
                          56 .LDW21:
                          57 
                          58 	.section ".bss","awb"
                          59 .L33:
                          60 	.type	.L33,@object
                          61 	.size	.L33,0
                          62 	.data
                          63 	.section ".MSR_CODE","ax"
                          64 	.align	2
                          65 	.align	2
                          66 ..gh.f.f.1.e.1:
                          67 	.type	..gh.f.f.1.e.1,@object
                          68 	.size	..gh.f.f.1.e.1,0
                          69 	.global	_esl_initWorkSpaceHeader
                          70 _esl_initWorkSpaceHeader:
                          71 --	    .bf
                          72 .LDW31:
00000004 e031             73 	cmp	zero,r6
00000006 ca05*            74 	bne	.L53
                          75 --line22
                          76 ..lin.C.3A.5C_ECU2.5CECU_Rivian_A1.5CTarget.5Crepo_projects.5CpFOTA.5CcL_R2023.2E09.2E01.5Cmake.5Cobj.5CESLib_Init.1::
                          77 .LDWlin1:
00000008 20560320         78 	movea	8195,zero,r10
0000000c 7f00             79 	jmp	[lp]
                          80 .L53:
0000000e 06f0             81 	mov	r6,ep
                          82 --line25
                          83 ..lin.C.3A.5C_ECU2.5CECU_Rivian_A1.5CTarget.5Crepo_projects.5CpFOTA.5CcL_R2023.2E09.2E01.5Cmake.5Cobj.5CESLib_Init.2::
                          84 .LDWlin2:
00000010 013d             85 	sst.w	r7,0[ep]
00000012 203e7f00         86 	movea	127,zero,r7
00000016 823c             87 	sst.h	r7,4[ep]
00000018 0545             88 	sst.w	r8,8[ep]
0000001a 0705             89 	sst.w	zero,12[ep]
0000001c 0052             90 	mov	0,r10
                          91 --	    .ef
                          92 .LDW41:
0000001e 7f00             93 	jmp	[lp]
                          94 	.type	_esl_initWorkSpaceHeader,@function
                          95 	.size	_esl_initWorkSpaceHeader,.-_esl_initWorkSpaceHeader
                          96 	.align	2
                          97 .LDW51:
                          98 --_retVal	r10	local
                          99 
                         100 --_workSpaceHeader	ep	param
                         101 --_workSpaceSize	r7	param
                         102 --_watchdog	r8	param
                         103 
                         104 	.section ".bss","awb"
                         105 .L102:
                         106 	.type	.L102,@object
                         107 	.size	.L102,0
                         108 	.data
                         109 	.section ".MSR_CODE","ax"
                         110 	.align	2
                         111 

                                                                      Page 3
                                                              C:\Users\nhuliyap\AppData\Local\Temp\gh_000036c1.s
                         112 	.data
                         113 	.ghsnote version,17
                         114 	.ghsnote tools,3
                         115 	.ghsnote options,144
                         116 	.section ".MSR_CODE","ax"
                         117 	.align	2
                         118 ..eof.C.3A.5C_ECU2.5CECU_Rivian_A1.5CTarget.5Crepo_projects.5CpFOTA.5CcL_R2023.2E09.2E01.5Cmake.5Cobj.5CESLib_Init...43.3A.5C_ECU2.5CECU_Rivian_A1.5CTarget.5Crepo_projects.5CpFOTA.5CcL_R2023.2E09.2E01.5Cmake..64F86366..0::
                         119 .rh850_flags REGMODE32,DATA_ALIGN8,GP_FIX,EP_NONFIX,TP_FIX,REG2_RESERVE,G3K,SDA_EXTRA_REGS_0
