                                                                      Page 1
                                                              C:\Users\nhuliyap\AppData\Local\Temp\gh_0000dt41.s
Command Line: C:\GHS\comp_201517\ease850.exe -w -stderr=err/ESLib_RSA_V15_EM.err -elf -b0 -I../source/_common -I../source/common -I../source/ecuabcanif -I../source/ecuabcantrcv -I../source/ecuabcryif -I../source/ecuabfee -I../source/ecuabmemif -I../source/libautosar -I../source/mcalcan -I../source/mcalcry -I../source/mcaldio -I../source/mcaleep -I../source/mcalfls -I../source/mcalmcu -I../source/projectara -I../source/projectcfg -I../source/projectcompiler -I../source/swcservicebswm -I../source/swcservicecantp -I../source/swcservicecomm -I../source/swcservicecsm -I../source/swcservicedcm -I../source/swcservicedem -I../source/swcservicedet -I../source/swcserviceecum -I../source/swcservicenvm -I../source/swcserviceos -I../source/swcservicepdur -I../source/swcserviceschm -I../source/swcservicestartup -I../source/wrappers/swcservicesecm -I../source/wrappers/vsecprim -I../source/wrappers/vstdlib -Ic:/ghs/comp_201517/ansi -Ic:/ghs/comp_201517/include/v800 -Igendata -IC:\GHS\comp_201517\lib\rh850 -cg_underscore -cpu=rh850g3k -nofpu -no_v850_simd -rh850_fpsimd=none -nomacro -patch_dbo=C:\_ECU2\ECU_Rivian_A1\Target\repo_projects\pFOTA\cL_R2023.09.01\make\obj\ESLib_RSA_V15_EM.dbo -source=ESLib_RSA_V15_EM.c -o obj\gh_0000dt41.o -list=lst/ESLib_RSA_V15_EM.lst C:\Users\nhuliyap\AppData\Local\Temp\gh_0000dt41.s 
Original File: C:\Users\nhuliyap\AppData\Local\Temp\gh_0000dt41.s
Source File: ESLib_RSA_V15_EM.c
Directory: C:\_ECU2\ECU_Rivian_A1\Target\repo_projects\pFOTA\cL_R2023.09.01\make
Host OS: Windows
EASE: Copyright (C) 1983-2015 Green Hills Software.  All Rights Reserved.
Release: Compiler v2015.1.7
Build Directory: [Directory] BTOWORKER6:c:/build_2015_1_bto/2015-10-21.2100-2015_1_bto/win32-comp-ecom
Revision: [VCInfo] http://toolsvc/branches/release-branch-70-bto/src@544153 (built by build)
Revision Date: Thu Oct 22 07:50:13 2015

Release Date: Thu Oct 22 09:32:32 2015

                           1 --Driver Command: ccrh850 -DBRS_DERIVATIVE_701018 -DBRS_OSC_CLK=16
                           2 --		-DBRS_TIMEBASE_CLOCK=80 -DBRS_EVA_BOARD_
                           3 --		-DBRS_DERIVATIVE_GROUP_F1L -DBRS_OS_USECASE_BRS
                           4 --		-DBRS_PLATFORM_RH850 -DBRS_COMP_GHS
                           5 --		-DBRS_CPU_LOCAL_RAM_SIZE_CORE0=32
                           6 --		-DBRS_CPU_RAM_START_CORE0=0xFEDF8000
                           7 --		-list=lst/ESLib_RSA_V15_EM.lst -object_dir=obj
                           8 --		-stderr=err/ESLib_RSA_V15_EM.err -c -cpu=rh850 -sda=all
                           9 --		-large_sda -prepare_dispose -pragma_asm_inline -no_callt
                          10 --		-inline_prologue -notda -reserve_r2 -fsoft
                          11 --		--unknown_pragma_warnings -list -g -Ogeneral -shortenum
                          12 --		-registermode=32 -I../source/_common -I../source/common
                          13 --		-I../source/ecuabcanif -I../source/ecuabcantrcv
                          14 --		-I../source/ecuabcryif -I../source/ecuabfee
                          15 --		-I../source/ecuabmemif -I../source/libautosar -I../source/mcalcan
                          16 --		-I../source/mcalcry -I../source/mcaldio -I../source/mcaleep
                          17 --		-I../source/mcalfls -I../source/mcalmcu -I../source/projectara
                          18 --		-I../source/projectcfg -I../source/projectcompiler
                          19 --		-I../source/swcservicebswm -I../source/swcservicecantp
                          20 --		-I../source/swcservicecomm -I../source/swcservicecsm
                          21 --		-I../source/swcservicedcm -I../source/swcservicedem
                          22 --		-I../source/swcservicedet -I../source/swcserviceecum
                          23 --		-I../source/swcservicenvm -I../source/swcserviceos
                          24 --		-I../source/swcservicepdur -I../source/swcserviceschm
                          25 --		-I../source/swcservicestartup -I../source/wrappers/swcservicesecm
                          26 --		-I../source/wrappers/vsecprim -I../source/wrappers/vstdlib
                          27 --		-Ic:/ghs/comp_201517/ansi -Ic:/ghs/comp_201517/include/v800
                          28 --		-Igendata ../source/wrappers/vSecPrim/ESLib_RSA_V15_EM.c
                          29 --Source File:   ../source/wrappers/vSecPrim/ESLib_RSA_V15_EM.c
                          30 --Directory:     
                          31 --		C:\_ECU2\ECU_Rivian_A1\Target\repo_projects\pFOTA\cL_R2023.09.01\make
                          32 --Compile Date:  Wed Sep 06 13:33:25 2023
                          33 --Host OS:       Win32
                          34 --Version:       C-RH850 2015.1.7 RELEASE VERSION
                          35 --Release:       Compiler v2015.1.7
                          36 --Revision Date: Thu Oct 22 08:06:12 2015
                          37 --Release Date:  Thu Oct 22 09:34:32 2015
                          38 -- ecom  -g -w -OM
                          39 	.section ".MSR_CODE","ax"
                          40 	.align	2
                          41 ..bof.C.3A.5C_ECU2.5CECU_Rivian_A1.5CTarget.5Crepo_projects.5CpFOTA.5CcL_R2023.2E09.2E01.5Cmake.5Cobj.5CESLib_RSA_V15_EM...43.3A.5C_ECU2.5CECU_Rivian_A1.5CTarget.5Crepo_projects.5CpFOTA.5CcL_R2023.2E09.2E01.5Cmake..64F86385..0::
                          42 	.align	2
                          43 ..gh.f.f.1.e.0:
                          44 	.type	..gh.f.f.1.e.0,@object
                          45 	.size	..gh.f.f.1.e.0,0
                          46 	.global	_esl_verifyPaddingRSAEM_V15
                          47 _esl_verifyPaddingRSAEM_V15:
00000000 8800             48 	zxb	r8
                          49 --	    .bf
                          50 .LDW01:

                                                                      Page 2
                                                              C:\Users\nhuliyap\AppData\Local\Temp\gh_0000dt41.s
00000002 0052             51 	mov	0,r10
00000004 e031             52 	cmp	zero,r6
00000006 f205*            53 	be	.L10
00000008 e039             54 	cmp	zero,r7
0000000a d205*            55 	be	.L10
                          56 --line37
                          57 ..lin.C.3A.5C_ECU2.5CECU_Rivian_A1.5CTarget.5Crepo_projects.5CpFOTA.5CcL_R2023.2E09.2E01.5Cmake.5Cobj.5CESLib_RSA_V15_EM.1::
                          58 .LDWlin1:
0000000c 279f0100         59 	ld.w	0[r7],r19
00000010 6b9a             60 	cmp	11,r19
00000012 c905*            61 	bnl	.L9
                          62 .L10:
                          63 --line41
                          64 ..lin.C.3A.5C_ECU2.5CECU_Rivian_A1.5CTarget.5Crepo_projects.5CpFOTA.5CcL_R2023.2E09.2E01.5Cmake.5Cobj.5CESLib_RSA_V15_EM.2::
                          65 .LDWlin2:
00000014 20560320         66 	movea	8195,zero,r10
00000018 7f00             67 	jmp	[lp]
                          68 .L9:
                          69 --line44
                          70 ..lin.C.3A.5C_ECU2.5CECU_Rivian_A1.5CTarget.5Crepo_projects.5CpFOTA.5CcL_R2023.2E09.2E01.5Cmake.5Cobj.5CESLib_RSA_V15_EM.3::
                          71 .LDWlin3:
0000001a 865f0100         72 	ld.bu	0[r6],r11
0000001e e059             73 	cmp	zero,r11
00000020 da05*            74 	bne	.L13
00000022 a64f0100         75 	ld.bu	1[r6],r9
00000026 e941             76 	cmp	r9,r8
00000028 b205*            77 	be	.L12
                          78 .L13:
                          79 --line46
                          80 ..lin.C.3A.5C_ECU2.5CECU_Rivian_A1.5CTarget.5Crepo_projects.5CpFOTA.5CcL_R2023.2E09.2E01.5Cmake.5Cobj.5CESLib_RSA_V15_EM.4::
                          81 .LDWlin4:
0000002a 2046ff00         82 	movea	255,zero,r8
                          83 .L12:
0000002e 0a78             84 	mov	r10,r15
00000030 6142             85 	cmp	1,r8
00000032 d10d*            86 	bl	.L17
00000034 9215*            87 	be	.L20
00000036 0a88             88 	mov	r10,r17
00000038 207eff00         89 	movea	255,zero,r15
0000003c 0a70             90 	mov	r10,r14
0000003e 6242             91 	cmp	2,r8
00000040 8215*            92 	be	.L22
                          93 --line82
                          94 ..lin.C.3A.5C_ECU2.5CECU_Rivian_A1.5CTarget.5Crepo_projects.5CpFOTA.5CcL_R2023.2E09.2E01.5Cmake.5Cobj.5CESLib_RSA_V15_EM.5::
                          95 .LDWlin5:
00000042 0f80             96 	mov	r15,r16
00000044 0a78             97 	mov	r10,r15
00000046 20561e20         98 	movea	8222,zero,r10
0000004a c50d*            99 	br	.L18
                         100 .L17:
                         101 --line53
                         102 ..lin.C.3A.5C_ECU2.5CECU_Rivian_A1.5CTarget.5Crepo_projects.5CpFOTA.5CcL_R2023.2E09.2E01.5Cmake.5Cobj.5CESLib_RSA_V15_EM.6::
                         103 .LDWlin6:
0000004c 208eff00        104 	movea	255,zero,r17
00000050 0a80            105 	mov	r10,r16
00000052 1170            106 	mov	r17,r14
00000054 f505*           107 	br	.L18
                         108 .L20:
                         109 --line62
                         110 ..lin.C.3A.5C_ECU2.5CECU_Rivian_A1.5CTarget.5Crepo_projects.5CpFOTA.5CcL_R2023.2E09.2E01.5Cmake.5Cobj.5CESLib_RSA_V15_EM.7::
                         111 .LDWlin7:

                                                                      Page 3
                                                              C:\Users\nhuliyap\AppData\Local\Temp\gh_0000dt41.s
00000056 208eff00        112 	movea	255,zero,r17
0000005a 1180            113 	mov	r17,r16
0000005c 1170            114 	mov	r17,r14
0000005e a505*           115 	br	.L18
                         116 .L22:
                         117 --line72
                         118 ..lin.C.3A.5C_ECU2.5CECU_Rivian_A1.5CTarget.5Crepo_projects.5CpFOTA.5CcL_R2023.2E09.2E01.5Cmake.5Cobj.5CESLib_RSA_V15_EM.8::
                         119 .LDWlin8:
00000060 0a80            120 	mov	r10,r16
                         121 .L18:
00000062 0192            122 	mov	1,r18
00000064 024a            123 	mov	2,r9
                         124 .L28:
00000066 09f0            125 	mov	r9,ep
00000068 c6f1            126 	add	r6,ep
0000006a 6008            127 	sld.bu	0[ep],r1
0000006c 1168            128 	mov	r17,r13
0000006e 125e0100        129 	addi	1,r18,r11
00000072 0f60            130 	mov	r15,r12
00000074 4169            131 	and	r1,r13
00000076 f069            132 	cmp	r16,r13
00000078 ea6f0000        133 	setfne	r13
0000007c 4161            134 	and	r1,r12
0000007e ee61            135 	cmp	r14,r12
00000080 e2670000        136 	setfe	r12
00000084 e959            137 	cmp	r9,r11
00000086 f25f340b        138 	cmovne	r18,r11,r1
0000008a 0d61            139 	or	r13,r12
0000008c f20f3493        140 	cmovne	r18,r1,r18
00000090 414a            141 	add	1,r9
00000092 f349            142 	cmp	r19,r9
00000094 91ed*           143 	bl	.L28
                         144 --line130
                         145 ..lin.C.3A.5C_ECU2.5CECU_Rivian_A1.5CTarget.5Crepo_projects.5CpFOTA.5CcL_R2023.2E09.2E01.5Cmake.5Cobj.5CESLib_RSA_V15_EM.9::
                         146 .LDWlin9:
00000096 e041            147 	cmp	zero,r8
00000098 e205*           148 	be	.L41
0000009a 1346ffff        149 	addi	-1,r19,r8
0000009e e891            150 	cmp	r8,r18
000000a0 a905*           151 	bnl	.L41
                         152 --line132
                         153 ..lin.C.3A.5C_ECU2.5CECU_Rivian_A1.5CTarget.5Crepo_projects.5CpFOTA.5CcL_R2023.2E09.2E01.5Cmake.5Cobj.5CESLib_RSA_V15_EM.10::
                         154 .LDWlin10:
000000a2 4192            155 	add	1,r18
                         156 .L41:
000000a4 6a92            157 	cmp	10,r18
000000a6 e105*           158 	bl	.L45
000000a8 12f0            159 	mov	r18,ep
000000aa c6f1            160 	add	r6,ep
000000ac 6030            161 	sld.bu	0[ep],r6
000000ae e031            162 	cmp	zero,r6
000000b0 c205*           163 	be	.L44
                         164 .L45:
                         165 --line137
                         166 ..lin.C.3A.5C_ECU2.5CECU_Rivian_A1.5CTarget.5Crepo_projects.5CpFOTA.5CcL_R2023.2E09.2E01.5Cmake.5Cobj.5CESLib_RSA_V15_EM.11::
                         167 .LDWlin11:
000000b2 20561e20        168 	movea	8222,zero,r10
000000b6 7f00            169 	jmp	[lp]
                         170 .L44:
                         171 --line140
                         172 ..lin.C.3A.5C_ECU2.5CECU_Rivian_A1.5CTarget.5Crepo_projects.5CpFOTA.5CcL_R2023.2E09.2E01.5Cmake.5Cobj.5CESLib_RSA_V15_EM.12::

                                                                      Page 4
                                                              C:\Users\nhuliyap\AppData\Local\Temp\gh_0000dt41.s
                         173 .LDWlin12:
000000b8 e051            174 	cmp	zero,r10
000000ba ea05*           175 	bne	.L2
                         176 --line142
                         177 ..lin.C.3A.5C_ECU2.5CECU_Rivian_A1.5CTarget.5Crepo_projects.5CpFOTA.5CcL_R2023.2E09.2E01.5Cmake.5Cobj.5CESLib_RSA_V15_EM.13::
                         178 .LDWlin13:
000000bc 129e0100        179 	addi	1,r18,r19
000000c0 679f0100        180 	st.w	r19,0[r7]
000000c4 7f00            181 	jmp	[lp]
                         182 .L2:
                         183 --	    .ef
                         184 .LDW11:
                         185 --line147
                         186 ..lin.C.3A.5C_ECU2.5CECU_Rivian_A1.5CTarget.5Crepo_projects.5CpFOTA.5CcL_R2023.2E09.2E01.5Cmake.5Cobj.5CESLib_RSA_V15_EM.14::
                         187 .LDWlin14:
000000c6 7f00            188 	jmp	[lp]
                         189 	.type	_esl_verifyPaddingRSAEM_V15,@function
                         190 	.size	_esl_verifyPaddingRSAEM_V15,.-_esl_verifyPaddingRSAEM_V15
                         191 	.align	2
                         192 .LDW21:
                         193 --_returnValue	r10	local
                         194 --_length	r19	local
                         195 --_index	r9	local
                         196 --_offset	r18	local
                         197 --_newOffset	r11	local
                         198 --_oldOffset	r18	local
                         199 --_allowedMask	r17	local
                         200 --_allowedValue	r16	local
                         201 --_allowedResult	r13	local
                         202 --_deniedMask	r15	local
                         203 --_deniedValue	r14	local
                         204 --_deniedResult	r12	local
                         205 --_localBlockType	r8	local
                         206 
                         207 --_message	r6	param
                         208 --_paddingLength	r7	param
                         209 --_blockType	r8	param
                         210 
                         211 	.section ".bss","awb"
                         212 .L344:
                         213 	.type	.L344,@object
                         214 	.size	.L344,0
                         215 	.data
                         216 	.section ".MSR_CODE","ax"
                         217 	.align	2
                         218 
                         219 	.data
                         220 	.ghsnote version,17
                         221 	.ghsnote tools,3
                         222 	.ghsnote options,144
                         223 	.section ".MSR_CODE","ax"
                         224 	.align	2
                         225 ..eof.C.3A.5C_ECU2.5CECU_Rivian_A1.5CTarget.5Crepo_projects.5CpFOTA.5CcL_R2023.2E09.2E01.5Cmake.5Cobj.5CESLib_RSA_V15_EM...43.3A.5C_ECU2.5CECU_Rivian_A1.5CTarget.5Crepo_projects.5CpFOTA.5CcL_R2023.2E09.2E01.5Cmake..64F86385..0::
                         226 .rh850_flags REGMODE32,DATA_ALIGN8,GP_FIX,EP_NONFIX,TP_FIX,REG2_RESERVE,G3K,SDA_EXTRA_REGS_0
