                                                                      Page 1
                                                              C:\Users\nhuliyap\AppData\Local\Temp\gh_0000cng1.s
Command Line: C:\GHS\comp_201517\ease850.exe -w -stderr=err/ESLib_HashMACSHA1.err -elf -b0 -I../source/_common -I../source/common -I../source/ecuabcanif -I../source/ecuabcantrcv -I../source/ecuabcryif -I../source/ecuabfee -I../source/ecuabmemif -I../source/libautosar -I../source/mcalcan -I../source/mcalcry -I../source/mcaldio -I../source/mcaleep -I../source/mcalfls -I../source/mcalmcu -I../source/projectara -I../source/projectcfg -I../source/projectcompiler -I../source/swcservicebswm -I../source/swcservicecantp -I../source/swcservicecomm -I../source/swcservicecsm -I../source/swcservicedcm -I../source/swcservicedem -I../source/swcservicedet -I../source/swcserviceecum -I../source/swcservicenvm -I../source/swcserviceos -I../source/swcservicepdur -I../source/swcserviceschm -I../source/swcservicestartup -I../source/wrappers/swcservicesecm -I../source/wrappers/vsecprim -I../source/wrappers/vstdlib -Ic:/ghs/comp_201517/ansi -Ic:/ghs/comp_201517/include/v800 -Igendata -IC:\GHS\comp_201517\lib\rh850 -cg_underscore -cpu=rh850g3k -nofpu -no_v850_simd -rh850_fpsimd=none -nomacro -patch_dbo=C:\_ECU2\ECU_Rivian_A1\Target\repo_projects\pFOTA\cL_R2023.09.01\make\obj\ESLib_HashMACSHA1.dbo -source=ESLib_HashMACSHA1.c -o obj\gh_0000cng1.o -list=lst/ESLib_HashMACSHA1.lst C:\Users\nhuliyap\AppData\Local\Temp\gh_0000cng1.s 
Original File: C:\Users\nhuliyap\AppData\Local\Temp\gh_0000cng1.s
Source File: ESLib_HashMACSHA1.c
Directory: C:\_ECU2\ECU_Rivian_A1\Target\repo_projects\pFOTA\cL_R2023.09.01\make
Host OS: Windows
EASE: Copyright (C) 1983-2015 Green Hills Software.  All Rights Reserved.
Release: Compiler v2015.1.7
Build Directory: [Directory] BTOWORKER6:c:/build_2015_1_bto/2015-10-21.2100-2015_1_bto/win32-comp-ecom
Revision: [VCInfo] http://toolsvc/branches/release-branch-70-bto/src@544153 (built by build)
Revision Date: Thu Oct 22 07:50:13 2015

Release Date: Thu Oct 22 09:32:32 2015

                           1 --Driver Command: ccrh850 -DBRS_DERIVATIVE_701018 -DBRS_OSC_CLK=16
                           2 --		-DBRS_TIMEBASE_CLOCK=80 -DBRS_EVA_BOARD_
                           3 --		-DBRS_DERIVATIVE_GROUP_F1L -DBRS_OS_USECASE_BRS
                           4 --		-DBRS_PLATFORM_RH850 -DBRS_COMP_GHS
                           5 --		-DBRS_CPU_LOCAL_RAM_SIZE_CORE0=32
                           6 --		-DBRS_CPU_RAM_START_CORE0=0xFEDF8000
                           7 --		-list=lst/ESLib_HashMACSHA1.lst -object_dir=obj
                           8 --		-stderr=err/ESLib_HashMACSHA1.err -c -cpu=rh850 -sda=all
                           9 --		-large_sda -prepare_dispose -pragma_asm_inline -no_callt
                          10 --		-inline_prologue -notda -reserve_r2 -fsoft
                          11 --		--unknown_pragma_warnings -list -g -Ogeneral -shortenum
                          12 --		-registermode=32 -I../source/_common -I../source/common
                          13 --		-I../source/ecuabcanif -I../source/ecuabcantrcv
                          14 --		-I../source/ecuabcryif -I../source/ecuabfee
                          15 --		-I../source/ecuabmemif -I../source/libautosar -I../source/mcalcan
                          16 --		-I../source/mcalcry -I../source/mcaldio -I../source/mcaleep
                          17 --		-I../source/mcalfls -I../source/mcalmcu -I../source/projectara
                          18 --		-I../source/projectcfg -I../source/projectcompiler
                          19 --		-I../source/swcservicebswm -I../source/swcservicecantp
                          20 --		-I../source/swcservicecomm -I../source/swcservicecsm
                          21 --		-I../source/swcservicedcm -I../source/swcservicedem
                          22 --		-I../source/swcservicedet -I../source/swcserviceecum
                          23 --		-I../source/swcservicenvm -I../source/swcserviceos
                          24 --		-I../source/swcservicepdur -I../source/swcserviceschm
                          25 --		-I../source/swcservicestartup -I../source/wrappers/swcservicesecm
                          26 --		-I../source/wrappers/vsecprim -I../source/wrappers/vstdlib
                          27 --		-Ic:/ghs/comp_201517/ansi -Ic:/ghs/comp_201517/include/v800
                          28 --		-Igendata ../source/wrappers/vSecPrim/ESLib_HashMACSHA1.c
                          29 --Source File:   ../source/wrappers/vSecPrim/ESLib_HashMACSHA1.c
                          30 --Directory:     
                          31 --		C:\_ECU2\ECU_Rivian_A1\Target\repo_projects\pFOTA\cL_R2023.09.01\make
                          32 --Compile Date:  Wed Sep 06 13:32:46 2023
                          33 --Host OS:       Win32
                          34 --Version:       C-RH850 2015.1.7 RELEASE VERSION
                          35 --Release:       Compiler v2015.1.7
                          36 --Revision Date: Thu Oct 22 08:06:12 2015
                          37 --Release Date:  Thu Oct 22 09:34:32 2015
                          38 -- ecom  -g -w -OM
                          39 	.section ".MSR_CODE","ax"
                          40 	.align	2
                          41 ..bof.C.3A.5C_ECU2.5CECU_Rivian_A1.5CTarget.5Crepo_projects.5CpFOTA.5CcL_R2023.2E09.2E01.5Cmake.5Cobj.5CESLib_HashMACSHA1...43.3A.5C_ECU2.5CECU_Rivian_A1.5CTarget.5Crepo_projects.5CpFOTA.5CcL_R2023.2E09.2E01.5Cmake..64F8635E..0::
                          42 	.align	2
                          43 ..gh.f.f.1.e.0:
                          44 	.type	..gh.f.f.1.e.0,@object
                          45 	.size	..gh.f.f.1.e.0,0
                          46 	.global	_esl_initHashMACSHA1
                          47 _esl_initHashMACSHA1:
00000000 8007e130         48 	prepare	{r26,r27,r28,r29,r31},0
00000004 06e8             49 	mov	r6,r29
00000006 07d8             50 	mov	r7,r27

                                                                      Page 2
                                                              C:\Users\nhuliyap\AppData\Local\Temp\gh_0000cng1.s
00000008 08d0             51 	mov	r8,r26
                          52 --	    .bf
                          53 .LDW01:
0000000a e031             54 	cmp	zero,r6
0000000c b205*            55 	be	.L5
0000000e e041             56 	cmp	zero,r8
00000010 ca05*            57 	bne	.L4
                          58 .L5:
                          59 --line19
                          60 ..lin.C.3A.5C_ECU2.5CECU_Rivian_A1.5CTarget.5Crepo_projects.5CpFOTA.5CcL_R2023.2E09.2E01.5Cmake.5Cobj.5CESLib_HashMACSHA1.1::
                          61 .LDWlin1:
00000012 20e60320         62 	movea	8195,zero,r28
00000016 f51d*            63 	br	.L7
                          64 .L4:
                          65 --line22
                          66 ..lin.C.3A.5C_ECU2.5CECU_Rivian_A1.5CTarget.5Crepo_projects.5CpFOTA.5CcL_R2023.2E09.2E01.5Cmake.5Cobj.5CESLib_HashMACSHA1.2::
                          67 .LDWlin2:
00000018 203ea400         68 	movea	164,zero,r7
                          69 	jarl	_esl_CheckWorkSpaceHeader,lp
                          69 <EXPANSION BEGIN>
                          69 jarl22 _esl_CheckWorkSpaceHeader , lp 
0000001c 80ff0000*        69 <EXPANSION END>
00000020 0ae0             70 	mov	r10,r28
00000022 e051             71 	cmp	zero,r10
00000024 8a1d*            72 	bne	.L7
                          73 --line25
                          74 ..lin.C.3A.5C_ECU2.5CECU_Rivian_A1.5CTarget.5Crepo_projects.5CpFOTA.5CcL_R2023.2E09.2E01.5Cmake.5Cobj.5CESLib_HashMACSHA1.3::
                          75 .LDWlin3:
00000026 e0d9             76 	cmp	zero,r27
00000028 ca05*            77 	bne	.L11
                          78 --line26
                          79 ..lin.C.3A.5C_ECU2.5CECU_Rivian_A1.5CTarget.5Crepo_projects.5CpFOTA.5CcL_R2023.2E09.2E01.5Cmake.5Cobj.5CESLib_HashMACSHA1.4::
                          80 .LDWlin4:
0000002a 20e60e20         81 	movea	8206,zero,r28
0000002e b515*            82 	br	.L7
                          83 .L11:
                          84 --line29
                          85 ..lin.C.3A.5C_ECU2.5CECU_Rivian_A1.5CTarget.5Crepo_projects.5CpFOTA.5CcL_R2023.2E09.2E01.5Cmake.5Cobj.5CESLib_HashMACSHA1.5::
                          86 .LDWlin5:
00000030 3d4f0900         87 	ld.w	8[r29],r9
00000034 1d361000         88 	addi	16,r29,r6
00000038 1a38             89 	mov	r26,r7
0000003a 1b40             90 	mov	r27,r8
                          91 	jarl	_actHashMACInit,lp
                          91 <EXPANSION BEGIN>
                          91 jarl22 _actHashMACInit , lp 
0000003c 80ff0000*        91 <EXPANSION END>
00000040 e051             92 	cmp	zero,r10
00000042 fa05*            93 	bne	.L14
                          94 --line30
                          95 ..lin.C.3A.5C_ECU2.5CECU_Rivian_A1.5CTarget.5Crepo_projects.5CpFOTA.5CcL_R2023.2E09.2E01.5Cmake.5Cobj.5CESLib_HashMACSHA1.6::
                          96 .LDWlin6:
00000044 1d30             97 	mov	r29,r6
00000046 203e0003         98 	movea	768,zero,r7
                          99 	jarl	_esl_SetWorkspaceStatus,lp
                          99 <EXPANSION BEGIN>
                          99 jarl22 _esl_SetWorkspaceStatus , lp 
0000004a 80ff0000*        99 <EXPANSION END>
0000004e b505*           100 	br	.L7
                         101 .L14:
                         102 --line33

                                                                      Page 3
                                                              C:\Users\nhuliyap\AppData\Local\Temp\gh_0000cng1.s
                         103 ..lin.C.3A.5C_ECU2.5CECU_Rivian_A1.5CTarget.5Crepo_projects.5CpFOTA.5CcL_R2023.2E09.2E01.5Cmake.5Cobj.5CESLib_HashMACSHA1.7::
                         104 .LDWlin7:
00000050 20e60020        105 	movea	8192,zero,r28
                         106 .L7:
00000054 1c50            107 	mov	r28,r10
                         108 --	    .ef
                         109 .LDW11:
00000056 4006ff30        110 	dispose	0,{r26,r27,r28,r29,r31},[lp]
                         111 	.type	_esl_initHashMACSHA1,@function
                         112 	.size	_esl_initHashMACSHA1,.-_esl_initHashMACSHA1
                         113 	.align	2
                         114 .LDW21:
                         115 --_retVal	r28	local
                         116 
                         117 --_workSpace	r29	param
                         118 --_keyLength	r27	param
                         119 --_key	r26	param
                         120 
                         121 	.section ".bss","awb"
                         122 .L90:
                         123 	.type	.L90,@object
                         124 	.size	.L90,0
                         125 	.data
                         126 	.section ".MSR_CODE","ax"
                         127 	.align	2
                         128 	.align	2
                         129 ..gh.f.f.1.e.1:
                         130 	.type	..gh.f.f.1.e.1,@object
                         131 	.size	..gh.f.f.1.e.1,0
                         132 	.global	_esl_updateHashMACSHA1
                         133 _esl_updateHashMACSHA1:
0000005a 8007e130        134 	prepare	{r26,r27,r28,r29,r31},0
0000005e 06e8            135 	mov	r6,r29
00000060 07d0            136 	mov	r7,r26
00000062 08d8            137 	mov	r8,r27
                         138 --	    .bf
                         139 .LDW31:
00000064 e031            140 	cmp	zero,r6
00000066 b205*           141 	be	.L192
00000068 e041            142 	cmp	zero,r8
0000006a ca05*           143 	bne	.L191
                         144 .L192:
                         145 --line44
                         146 ..lin.C.3A.5C_ECU2.5CECU_Rivian_A1.5CTarget.5Crepo_projects.5CpFOTA.5CcL_R2023.2E09.2E01.5Cmake.5Cobj.5CESLib_HashMACSHA1.8::
                         147 .LDWlin8:
0000006c 20e60320        148 	movea	8195,zero,r28
00000070 f515*           149 	br	.L194
                         150 .L191:
                         151 --line47
                         152 ..lin.C.3A.5C_ECU2.5CECU_Rivian_A1.5CTarget.5Crepo_projects.5CpFOTA.5CcL_R2023.2E09.2E01.5Cmake.5Cobj.5CESLib_HashMACSHA1.9::
                         153 .LDWlin9:
00000072 203ea400        154 	movea	164,zero,r7
00000076 20460003        155 	movea	768,zero,r8
                         156 	jarl	_esl_CheckWorkSpaceHeaderAndState,lp
                         156 <EXPANSION BEGIN>
                         156 jarl22 _esl_CheckWorkSpaceHeaderAndState , lp 
0000007a 80ff0000*       156 <EXPANSION END>
0000007e 0ae0            157 	mov	r10,r28
00000080 e051            158 	cmp	zero,r10
00000082 ea0d*           159 	bne	.L194
                         160 --line50

                                                                      Page 4
                                                              C:\Users\nhuliyap\AppData\Local\Temp\gh_0000cng1.s
                         161 ..lin.C.3A.5C_ECU2.5CECU_Rivian_A1.5CTarget.5Crepo_projects.5CpFOTA.5CcL_R2023.2E09.2E01.5Cmake.5Cobj.5CESLib_HashMACSHA1.10::
                         162 .LDWlin10:
00000084 3d4f0900        163 	ld.w	8[r29],r9
00000088 1d361000        164 	addi	16,r29,r6
0000008c 1b38            165 	mov	r27,r7
0000008e 1a40            166 	mov	r26,r8
                         167 	jarl	_actHashMACUpdate,lp
                         167 <EXPANSION BEGIN>
                         167 jarl22 _actHashMACUpdate , lp 
00000090 80ff0000*       167 <EXPANSION END>
00000094 0a0608ff        168 	addi	-248,r10,zero
00000098 ba05*           169 	bne	.L194
                         170 --line51
                         171 ..lin.C.3A.5C_ECU2.5CECU_Rivian_A1.5CTarget.5Crepo_projects.5CpFOTA.5CcL_R2023.2E09.2E01.5Cmake.5Cobj.5CESLib_HashMACSHA1.11::
                         172 .LDWlin11:
0000009a 20e60d20        173 	movea	8205,zero,r28
                         174 .L194:
0000009e 1c50            175 	mov	r28,r10
                         176 --	    .ef
                         177 .LDW41:
000000a0 4006ff30        178 	dispose	0,{r26,r27,r28,r29,r31},[lp]
                         179 	.type	_esl_updateHashMACSHA1,@function
                         180 	.size	_esl_updateHashMACSHA1,.-_esl_updateHashMACSHA1
                         181 	.align	2
                         182 .LDW51:
                         183 --_retVal	r28	local
                         184 
                         185 --_workSpace	r29	param
                         186 --_inputLength	r26	param
                         187 --_input	r27	param
                         188 
                         189 	.section ".bss","awb"
                         190 .L264:
                         191 	.type	.L264,@object
                         192 	.size	.L264,0
                         193 	.data
                         194 	.section ".MSR_CODE","ax"
                         195 	.align	2
                         196 	.align	2
                         197 ..gh.f.f.1.e.2:
                         198 	.type	..gh.f.f.1.e.2,@object
                         199 	.size	..gh.f.f.1.e.2,0
                         200 	.global	_esl_finalizeHashMACSHA1
                         201 _esl_finalizeHashMACSHA1:
000000a4 8007e110        202 	prepare	{r27,r28,r29,r31},0
000000a8 06e8            203 	mov	r6,r29
000000aa 07d8            204 	mov	r7,r27
                         205 --	    .bf
                         206 .LDW61:
000000ac e031            207 	cmp	zero,r6
000000ae b205*           208 	be	.L339
000000b0 e039            209 	cmp	zero,r7
000000b2 ca05*           210 	bne	.L338
                         211 .L339:
                         212 --line62
                         213 ..lin.C.3A.5C_ECU2.5CECU_Rivian_A1.5CTarget.5Crepo_projects.5CpFOTA.5CcL_R2023.2E09.2E01.5Cmake.5Cobj.5CESLib_HashMACSHA1.12::
                         214 .LDWlin12:
000000b4 20e60320        215 	movea	8195,zero,r28
000000b8 a51d*           216 	br	.L341
                         217 .L338:
                         218 --line65

                                                                      Page 5
                                                              C:\Users\nhuliyap\AppData\Local\Temp\gh_0000cng1.s
                         219 ..lin.C.3A.5C_ECU2.5CECU_Rivian_A1.5CTarget.5Crepo_projects.5CpFOTA.5CcL_R2023.2E09.2E01.5Cmake.5Cobj.5CESLib_HashMACSHA1.13::
                         220 .LDWlin13:
000000ba 203ea400        221 	movea	164,zero,r7
000000be 20460003        222 	movea	768,zero,r8
                         223 	jarl	_esl_CheckWorkSpaceHeaderAndState,lp
                         223 <EXPANSION BEGIN>
                         223 jarl22 _esl_CheckWorkSpaceHeaderAndState , lp 
000000c2 80ff0000*       223 <EXPANSION END>
000000c6 0ae0            224 	mov	r10,r28
000000c8 e051            225 	cmp	zero,r10
000000ca 9a15*           226 	bne	.L341
                         227 --line68
                         228 ..lin.C.3A.5C_ECU2.5CECU_Rivian_A1.5CTarget.5Crepo_projects.5CpFOTA.5CcL_R2023.2E09.2E01.5Cmake.5Cobj.5CESLib_HashMACSHA1.14::
                         229 .LDWlin14:
000000cc 3d470900        230 	ld.w	8[r29],r8
000000d0 1d361000        231 	addi	16,r29,r6
000000d4 1b38            232 	mov	r27,r7
                         233 	jarl	_actHashMACFinalize,lp
                         233 <EXPANSION BEGIN>
                         233 jarl22 _actHashMACFinalize , lp 
000000d6 80ff0000*       233 <EXPANSION END>
000000da e051            234 	cmp	zero,r10
000000dc b205*           235 	be	.L345
                         236 --line69
                         237 ..lin.C.3A.5C_ECU2.5CECU_Rivian_A1.5CTarget.5Crepo_projects.5CpFOTA.5CcL_R2023.2E09.2E01.5Cmake.5Cobj.5CESLib_HashMACSHA1.15::
                         238 .LDWlin15:
000000de 20e60020        239 	movea	8192,zero,r28
                         240 .L345:
000000e2 1d30            241 	mov	r29,r6
000000e4 1d3e1000        242 	addi	16,r29,r7
                         243 	jarl	_esl_ResetAndClearWorkspace,lp
                         243 <EXPANSION BEGIN>
                         243 jarl22 _esl_ResetAndClearWorkspace , lp 
000000e8 80ff0000*       243 <EXPANSION END>
                         244 .L341:
                         245 --line75
                         246 ..lin.C.3A.5C_ECU2.5CECU_Rivian_A1.5CTarget.5Crepo_projects.5CpFOTA.5CcL_R2023.2E09.2E01.5Cmake.5Cobj.5CESLib_HashMACSHA1.16::
                         247 .LDWlin16:
000000ec 1c50            248 	mov	r28,r10
                         249 --	    .ef
                         250 .LDW71:
000000ee 4006ff10        251 	dispose	0,{r27,r28,r29,r31},[lp]
                         252 	.type	_esl_finalizeHashMACSHA1,@function
                         253 	.size	_esl_finalizeHashMACSHA1,.-_esl_finalizeHashMACSHA1
                         254 	.align	2
                         255 .LDW81:
                         256 --_retVal	r28	local
                         257 
                         258 --_workSpace	r29	param
                         259 --_messageHashMAC	r27	param
                         260 
                         261 	.section ".bss","awb"
                         262 .L414:
                         263 	.type	.L414,@object
                         264 	.size	.L414,0
                         265 	.data
                         266 	.section ".MSR_CODE","ax"
                         267 	.align	2
                         268 	.align	2
                         269 ..gh.f.f.1.e.3:
                         270 	.type	..gh.f.f.1.e.3,@object

                                                                      Page 6
                                                              C:\Users\nhuliyap\AppData\Local\Temp\gh_0000cng1.s
                         271 	.size	..gh.f.f.1.e.3,0
                         272 	.global	_esl_verifyHashMACSHA1
                         273 _esl_verifyHashMACSHA1:
000000f2 8a07e110        274 	prepare	{r27,r28,r29,r31},5
000000f6 06e0            275 	mov	r6,r28
000000f8 07d8            276 	mov	r7,r27
                         277 --	    .bf
                         278 .LDW91:
000000fa 0330            279 	mov	sp,r6
000000fc 003a            280 	mov	0,r7
000000fe 20461400        281 	movea	20,zero,r8
                         282 	jarl	_VStdLib_MemSet,lp
                         282 <EXPANSION BEGIN>
                         282 jarl22 _VStdLib_MemSet , lp 
00000102 80ff0000*       282 <EXPANSION END>
                         283 --line84
                         284 ..lin.C.3A.5C_ECU2.5CECU_Rivian_A1.5CTarget.5Crepo_projects.5CpFOTA.5CcL_R2023.2E09.2E01.5Cmake.5Cobj.5CESLib_HashMACSHA1.17::
                         285 .LDWlin17:
00000106 e0e1            286 	cmp	zero,r28
00000108 b205*           287 	be	.L498
0000010a e0d9            288 	cmp	zero,r27
0000010c ca05*           289 	bne	.L497
                         290 .L498:
                         291 --line85
                         292 ..lin.C.3A.5C_ECU2.5CECU_Rivian_A1.5CTarget.5Crepo_projects.5CpFOTA.5CcL_R2023.2E09.2E01.5Cmake.5Cobj.5CESLib_HashMACSHA1.18::
                         293 .LDWlin18:
0000010e 20ee0320        294 	movea	8195,zero,r29
00000112 e51d*           295 	br	.L500
                         296 .L497:
                         297 --line88
                         298 ..lin.C.3A.5C_ECU2.5CECU_Rivian_A1.5CTarget.5Crepo_projects.5CpFOTA.5CcL_R2023.2E09.2E01.5Cmake.5Cobj.5CESLib_HashMACSHA1.19::
                         299 .LDWlin19:
00000114 1c30            300 	mov	r28,r6
00000116 203ea400        301 	movea	164,zero,r7
0000011a 20460003        302 	movea	768,zero,r8
                         303 	jarl	_esl_CheckWorkSpaceHeaderAndState,lp
                         303 <EXPANSION BEGIN>
                         303 jarl22 _esl_CheckWorkSpaceHeaderAndState , lp 
0000011e 80ff0000*       303 <EXPANSION END>
00000122 0ae8            304 	mov	r10,r29
00000124 e051            305 	cmp	zero,r10
00000126 ca15*           306 	bne	.L500
                         307 --line91
                         308 ..lin.C.3A.5C_ECU2.5CECU_Rivian_A1.5CTarget.5Crepo_projects.5CpFOTA.5CcL_R2023.2E09.2E01.5Cmake.5Cobj.5CESLib_HashMACSHA1.20::
                         309 .LDWlin20:
00000128 1c30            310 	mov	r28,r6
0000012a 0338            311 	mov	sp,r7
                         312 	jarl	_esl_finalizeHashMACSHA1,lp
                         312 <EXPANSION BEGIN>
                         312 jarl22 _esl_finalizeHashMACSHA1 , lp 
0000012c bfff78ff*       312 <EXPANSION END>
00000130 e051            313 	cmp	zero,r10
00000132 ca0d*           314 	bne	.L504
                         315 --line92
                         316 ..lin.C.3A.5C_ECU2.5CECU_Rivian_A1.5CTarget.5Crepo_projects.5CpFOTA.5CcL_R2023.2E09.2E01.5Cmake.5Cobj.5CESLib_HashMACSHA1.21::
                         317 .LDWlin21:
00000134 0330            318 	mov	sp,r6
00000136 1b38            319 	mov	r27,r7
00000138 20461400        320 	movea	20,zero,r8
                         321 	jarl	_actMemcmp,lp
                         321 <EXPANSION BEGIN>

                                                                      Page 7
                                                              C:\Users\nhuliyap\AppData\Local\Temp\gh_0000cng1.s
                         321 jarl22 _actMemcmp , lp 
0000013c 80ff0000*       321 <EXPANSION END>
00000140 6152            322 	cmp	1,r10
00000142 e205*           323 	be	.L500
                         324 --line94
                         325 ..lin.C.3A.5C_ECU2.5CECU_Rivian_A1.5CTarget.5Crepo_projects.5CpFOTA.5CcL_R2023.2E09.2E01.5Cmake.5Cobj.5CESLib_HashMACSHA1.22::
                         326 .LDWlin22:
00000144 20ee0f20        327 	movea	8207,zero,r29
00000148 b505*           328 	br	.L500
                         329 .L504:
                         330 --line98
                         331 ..lin.C.3A.5C_ECU2.5CECU_Rivian_A1.5CTarget.5Crepo_projects.5CpFOTA.5CcL_R2023.2E09.2E01.5Cmake.5Cobj.5CESLib_HashMACSHA1.23::
                         332 .LDWlin23:
0000014a 20ee0020        333 	movea	8192,zero,r29
                         334 .L500:
0000014e 1d50            335 	mov	r29,r10
                         336 --	    .ef
                         337 .LDW02:
00000150 4a06ff10        338 	dispose	5,{r27,r28,r29,r31},[lp]
                         339 	.type	_esl_verifyHashMACSHA1,@function
                         340 	.size	_esl_verifyHashMACSHA1,.-_esl_verifyHashMACSHA1
                         341 	.align	2
                         342 .LDW12:
                         343 --_tmpMAC	0[sp]	local
                         344 --_retVal	r29	local
                         345 
                         346 --_workSpace	r28	param
                         347 --_messageHashMAC	r27	param
                         348 
                         349 	.section ".bss","awb"
                         350 .L580:
                         351 	.type	.L580,@object
                         352 	.size	.L580,0
                         353 	.data
                         354 	.section ".MSR_CODE","ax"
                         355 	.align	2
                         356 
                         357 	.data
                         358 	.ghsnote version,17
                         359 	.ghsnote tools,3
                         360 	.ghsnote options,144
                         361 	.section ".MSR_CODE","ax"
                         362 	.align	2
                         363 ..eof.C.3A.5C_ECU2.5CECU_Rivian_A1.5CTarget.5Crepo_projects.5CpFOTA.5CcL_R2023.2E09.2E01.5Cmake.5Cobj.5CESLib_HashMACSHA1...43.3A.5C_ECU2.5CECU_Rivian_A1.5CTarget.5Crepo_projects.5CpFOTA.5CcL_R2023.2E09.2E01.5Cmake..64F8635E..0::
                         364 .rh850_flags REGMODE32,DATA_ALIGN8,GP_FIX,EP_NONFIX,TP_FIX,REG2_RESERVE,G3K,SDA_EXTRA_REGS_0
