                                                                      Page 1
                                                              C:\Users\nhuliyap\AppData\Local\Temp\gh_00002q81.s
Command Line: C:\GHS\comp_201517\ease850.exe -w -stderr=err/ESLib_RSA_V15_SigCRT_SHA256.err -elf -b0 -I../source/_common -I../source/common -I../source/ecuabcanif -I../source/ecuabcantrcv -I../source/ecuabcryif -I../source/ecuabfee -I../source/ecuabmemif -I../source/libautosar -I../source/mcalcan -I../source/mcalcry -I../source/mcaldio -I../source/mcaleep -I../source/mcalfls -I../source/mcalmcu -I../source/projectara -I../source/projectcfg -I../source/projectcompiler -I../source/swcservicebswm -I../source/swcservicecantp -I../source/swcservicecomm -I../source/swcservicecsm -I../source/swcservicedcm -I../source/swcservicedem -I../source/swcservicedet -I../source/swcserviceecum -I../source/swcservicenvm -I../source/swcserviceos -I../source/swcservicepdur -I../source/swcserviceschm -I../source/swcservicestartup -I../source/wrappers/swcservicesecm -I../source/wrappers/vsecprim -I../source/wrappers/vstdlib -Ic:/ghs/comp_201517/ansi -Ic:/ghs/comp_201517/include/v800 -Igendata -IC:\GHS\comp_201517\lib\rh850 -cg_underscore -cpu=rh850g3k -nofpu -no_v850_simd -rh850_fpsimd=none -nomacro -patch_dbo=C:\_ECU2\ECU_Rivian_A1\Target\repo_projects\pFOTA\cL_R2023.09.01\make\obj\ESLib_RSA_V15_SigCRT_SHA256.dbo -source=ESLib_RSA_V15_SigCRT_SHA256.c -o obj\gh_00002q81.o -list=lst/ESLib_RSA_V15_SigCRT_SHA256.lst C:\Users\nhuliyap\AppData\Local\Temp\gh_00002q81.s 
Original File: C:\Users\nhuliyap\AppData\Local\Temp\gh_00002q81.s
Source File: ESLib_RSA_V15_SigCRT_SHA256.c
Directory: C:\_ECU2\ECU_Rivian_A1\Target\repo_projects\pFOTA\cL_R2023.09.01\make
Host OS: Windows
EASE: Copyright (C) 1983-2015 Green Hills Software.  All Rights Reserved.
Release: Compiler v2015.1.7
Build Directory: [Directory] BTOWORKER6:c:/build_2015_1_bto/2015-10-21.2100-2015_1_bto/win32-comp-ecom
Revision: [VCInfo] http://toolsvc/branches/release-branch-70-bto/src@544153 (built by build)
Revision Date: Thu Oct 22 07:50:13 2015

Release Date: Thu Oct 22 09:32:32 2015

                           1 --Driver Command: ccrh850 -DBRS_DERIVATIVE_701018 -DBRS_OSC_CLK=16
                           2 --		-DBRS_TIMEBASE_CLOCK=80 -DBRS_EVA_BOARD_
                           3 --		-DBRS_DERIVATIVE_GROUP_F1L -DBRS_OS_USECASE_BRS
                           4 --		-DBRS_PLATFORM_RH850 -DBRS_COMP_GHS
                           5 --		-DBRS_CPU_LOCAL_RAM_SIZE_CORE0=32
                           6 --		-DBRS_CPU_RAM_START_CORE0=0xFEDF8000
                           7 --		-list=lst/ESLib_RSA_V15_SigCRT_SHA256.lst -object_dir=obj
                           8 --		-stderr=err/ESLib_RSA_V15_SigCRT_SHA256.err -c -cpu=rh850
                           9 --		-sda=all -large_sda -prepare_dispose -pragma_asm_inline -no_callt
                          10 --		-inline_prologue -notda -reserve_r2 -fsoft
                          11 --		--unknown_pragma_warnings -list -g -Ogeneral -shortenum
                          12 --		-registermode=32 -I../source/_common -I../source/common
                          13 --		-I../source/ecuabcanif -I../source/ecuabcantrcv
                          14 --		-I../source/ecuabcryif -I../source/ecuabfee
                          15 --		-I../source/ecuabmemif -I../source/libautosar -I../source/mcalcan
                          16 --		-I../source/mcalcry -I../source/mcaldio -I../source/mcaleep
                          17 --		-I../source/mcalfls -I../source/mcalmcu -I../source/projectara
                          18 --		-I../source/projectcfg -I../source/projectcompiler
                          19 --		-I../source/swcservicebswm -I../source/swcservicecantp
                          20 --		-I../source/swcservicecomm -I../source/swcservicecsm
                          21 --		-I../source/swcservicedcm -I../source/swcservicedem
                          22 --		-I../source/swcservicedet -I../source/swcserviceecum
                          23 --		-I../source/swcservicenvm -I../source/swcserviceos
                          24 --		-I../source/swcservicepdur -I../source/swcserviceschm
                          25 --		-I../source/swcservicestartup -I../source/wrappers/swcservicesecm
                          26 --		-I../source/wrappers/vsecprim -I../source/wrappers/vstdlib
                          27 --		-Ic:/ghs/comp_201517/ansi -Ic:/ghs/comp_201517/include/v800
                          28 --		-Igendata
                          29 --		../source/wrappers/vSecPrim/ESLib_RSA_V15_SigCRT_SHA256.c
                          30 --Source File:   ../source/wrappers/vSecPrim/ESLib_RSA_V15_SigCRT_SHA256.c
                          31 --Directory:     
                          32 --		C:\_ECU2\ECU_Rivian_A1\Target\repo_projects\pFOTA\cL_R2023.09.01\make
                          33 --Compile Date:  Wed Sep 06 13:33:30 2023
                          34 --Host OS:       Win32
                          35 --Version:       C-RH850 2015.1.7 RELEASE VERSION
                          36 --Release:       Compiler v2015.1.7
                          37 --Revision Date: Thu Oct 22 08:06:12 2015
                          38 --Release Date:  Thu Oct 22 09:34:32 2015
                          39 -- ecom  -g -w -OM
                          40 	.section ".MSR_CODE","ax"
                          41 	.align	2
                          42 ..bof.C.3A.5C_ECU2.5CECU_Rivian_A1.5CTarget.5Crepo_projects.5CpFOTA.5CcL_R2023.2E09.2E01.5Cmake.5Cobj.5CESLib_RSA_V15_SigCRT_SHA256...43.3A.5C_ECU2.5CECU_Rivian_A1.5CTarget.5Crepo_projects.5CpFOTA.5CcL_R2023.2E09.2E01.5Cmake..64F8638A..0::
                          43 	.align	2
                          44 ..gh.f.f.1.e.0:
                          45 	.type	..gh.f.f.1.e.0,@object
                          46 	.size	..gh.f.f.1.e.0,0
                          47 	.global	_esl_initSignRSACRTSHA256_V15
                          48 _esl_initSignRSACRTSHA256_V15:
00000000 8e07e3ff         49 	prepare	{r20,r21,r22,r23,r24,r25,r26,r27,r28,r29,r31},7,sp
00000004 24c5             50 	sld.w	72[ep],r24

                                                                      Page 2
                                                              C:\Users\nhuliyap\AppData\Local\Temp\gh_00002q81.s
00000006 26bd             51 	sld.w	76[ep],r23
00000008 28b5             52 	sld.w	80[ep],r22
0000000a 2aad             53 	sld.w	84[ep],r21
0000000c 2ca5             54 	sld.w	88[ep],r20
                          55 --	    .bf
                          56 .LDW01:
0000000e e031             57 	cmp	zero,r6
00000010 ca05*            58 	bne	.L4
                          59 --line41
                          60 ..lin.C.3A.5C_ECU2.5CECU_Rivian_A1.5CTarget.5Crepo_projects.5CpFOTA.5CcL_R2023.2E09.2E01.5Cmake.5Cobj.5CESLib_RSA_V15_SigCRT_SHA256.1::
                          61 .LDWlin1:
00000012 20e60320         62 	movea	8195,zero,r28
00000016 e545*            63 	br	.L6
                          64 .L4:
                          65 --line46
                          66 ..lin.C.3A.5C_ECU2.5CECU_Rivian_A1.5CTarget.5Crepo_projects.5CpFOTA.5CcL_R2023.2E09.2E01.5Cmake.5Cobj.5CESLib_RSA_V15_SigCRT_SHA256.2::
                          67 .LDWlin2:
00000018 26970100         68 	ld.w	0[r6],r18
0000001c 06e8             69 	mov	r6,r29
0000001e 07e0             70 	mov	r7,r28
00000020 08c8             71 	mov	r8,r25
00000022 09d0             72 	mov	r9,r26
00000024 1206e8f3         73 	addi	-3096,r18,zero
00000028 c105*            74 	bl	.L7
                          75 --line47
                          76 ..lin.C.3A.5C_ECU2.5CECU_Rivian_A1.5CTarget.5Crepo_projects.5CpFOTA.5CcL_R2023.2E09.2E01.5Cmake.5Cobj.5CESLib_RSA_V15_SigCRT_SHA256.3::
                          77 .LDWlin3:
0000002a 20e60220         78 	movea	8194,zero,r28
0000002e a53d*            79 	br	.L6
                          80 .L7:
00000030 09d8             81 	mov	r9,r27
00000032 c7d9             82 	add	r7,r27
                          83 --line50
                          84 ..lin.C.3A.5C_ECU2.5CECU_Rivian_A1.5CTarget.5Crepo_projects.5CpFOTA.5CcL_R2023.2E09.2E01.5Cmake.5Cobj.5CESLib_RSA_V15_SigCRT_SHA256.4::
                          85 .LDWlin4:
00000034 1b06c2ff         86 	addi	-62,r27,zero
00000038 c105*            87 	bl	.L10
                          88 --line52
                          89 ..lin.C.3A.5C_ECU2.5CECU_Rivian_A1.5CTarget.5Crepo_projects.5CpFOTA.5CcL_R2023.2E09.2E01.5Cmake.5Cobj.5CESLib_RSA_V15_SigCRT_SHA256.5::
                          90 .LDWlin5:
0000003a 20e61920         91 	movea	8217,zero,r28
0000003e a535*            92 	br	.L6
                          93 .L10:
                          94 --line57
                          95 ..lin.C.3A.5C_ECU2.5CECU_Rivian_A1.5CTarget.5Crepo_projects.5CpFOTA.5CcL_R2023.2E09.2E01.5Cmake.5Cobj.5CESLib_RSA_V15_SigCRT_SHA256.6::
                          96 .LDWlin6:
00000040 26870900         97 	ld.w	8[r6],r16
00000044 208e7000         98 	movea	112,zero,r17
00000048 668f1101         99 	st.w	r17,272[r6]
0000004c 66871901        100 	st.w	r16,280[r6]
00000050 06362001        101 	addi	288,r6,r6
                         102 	jarl	_actSHA256Init,lp
                         102 <EXPANSION BEGIN>
                         102 jarl22 _actSHA256Init , lp 
00000054 80ff0000*       102 <EXPANSION END>
                         103 --line60
                         104 ..lin.C.3A.5C_ECU2.5CECU_Rivian_A1.5CTarget.5Crepo_projects.5CpFOTA.5CcL_R2023.2E09.2E01.5Cmake.5Cobj.5CESLib_RSA_V15_SigCRT_SHA256.7::
                         105 .LDWlin7:
00000058 3d770900        106 	ld.w	8[r29],r14
0000005c 03f0            107 	mov	sp,ep
0000005e 3065            108 	sld.w	96[ep],r12

                                                                      Page 3
                                                              C:\Users\nhuliyap\AppData\Local\Temp\gh_00002q81.s
00000060 2e6d            109 	sld.w	92[ep],r13
00000062 207e840a        110 	movea	2692,zero,r15
00000066 7d7f9101        111 	st.w	r15,400[r29]
0000006a 7d779901        112 	st.w	r14,408[r29]
0000006e 1d369001        113 	addi	400,r29,r6
00000072 1c38            114 	mov	r28,r7
00000074 1940            115 	mov	r25,r8
00000076 1a48            116 	mov	r26,r9
00000078 1470            117 	mov	r20,r14
0000007a 1578            118 	mov	r21,r15
0000007c 1680            119 	mov	r22,r16
0000007e 1788            120 	mov	r23,r17
00000080 1890            121 	mov	r24,r18
00000082 031e1c00        122 	addi	28,sp,sp
00000086 ec476091        123 	pushsp	r12-r18
                         124 	jarl	_esl_initSignRSACRT_prim,lp
                         124 <EXPANSION BEGIN>
                         124 jarl22 _esl_initSignRSACRT_prim , lp 
0000008a 80ff0000*       124 <EXPANSION END>
0000008e 0ae0            125 	mov	r10,r28
                         126 --line67
                         127 ..lin.C.3A.5C_ECU2.5CECU_Rivian_A1.5CTarget.5Crepo_projects.5CpFOTA.5CcL_R2023.2E09.2E01.5Cmake.5Cobj.5CESLib_RSA_V15_SigCRT_SHA256.8::
                         128 .LDWlin8:
00000090 e051            129 	cmp	zero,r10
00000092 8a0d*           130 	bne	.L6
                         131 --line68
                         132 ..lin.C.3A.5C_ECU2.5CECU_Rivian_A1.5CTarget.5Crepo_projects.5CpFOTA.5CcL_R2023.2E09.2E01.5Cmake.5Cobj.5CESLib_RSA_V15_SigCRT_SHA256.9::
                         133 .LDWlin9:
00000094 1d30            134 	mov	r29,r6
00000096 203e0007        135 	movea	1792,zero,r7
                         136 	jarl	_esl_SetWorkspaceStatus,lp
                         136 <EXPANSION BEGIN>
                         136 jarl22 _esl_SetWorkspaceStatus , lp 
0000009a 80ff0000*       136 <EXPANSION END>
                         137 --line70
                         138 ..lin.C.3A.5C_ECU2.5CECU_Rivian_A1.5CTarget.5Crepo_projects.5CpFOTA.5CcL_R2023.2E09.2E01.5Cmake.5Cobj.5CESLib_RSA_V15_SigCRT_SHA256.10::
                         139 .LDWlin10:
0000009e 7ddf250c        140 	st.w	r27,3108[r29]
                         141 .L6:
000000a2 1c50            142 	mov	r28,r10
                         143 --	    .ef
                         144 .LDW11:
000000a4 4e06ffff        145 	dispose	7,{r20,r21,r22,r23,r24,r25,r26,r27,r28,r29,r31},[lp]
                         146 	.type	_esl_initSignRSACRTSHA256_V15,@function
                         147 	.size	_esl_initSignRSACRTSHA256_V15,.-_esl_initSignRSACRTSHA256_V15
                         148 	.align	2
                         149 .LDW21:
                         150 --_returnValue	r28	local
                         151 --_keyPairModuleSize	r27	local
                         152 
                         153 --_workSpace	r29	param
                         154 --_keyPairPrimePSize	r28	param
                         155 --_keyPairPrimeP	r25	param
                         156 --_keyPairPrimeQSize	r26	param
                         157 --_keyPairPrimeQ	r24	param
                         158 --_privateKeyExponentDPSize	r23	param
                         159 --_privateKeyExponentDP	r22	param
                         160 --_privateKeyExponentDQSize	r21	param
                         161 --_privateKeyExponentDQ	r20	param
                         162 --_privateKeyInverseQISize	92[sp]	param
                         163 --_privateKeyInverseQI	96[sp]	param

                                                                      Page 4
                                                              C:\Users\nhuliyap\AppData\Local\Temp\gh_00002q81.s
                         164 
                         165 	.section ".bss","awb"
                         166 .L102:
                         167 	.type	.L102,@object
                         168 	.size	.L102,0
                         169 	.data
                         170 	.section ".MSR_CODE","ax"
                         171 	.align	2
                         172 	.align	2
                         173 ..gh.f.f.1.e.1:
                         174 	.type	..gh.f.f.1.e.1,@object
                         175 	.size	..gh.f.f.1.e.1,0
                         176 	.global	_esl_updateSignRSACRTSHA256_V15
                         177 _esl_updateSignRSACRTSHA256_V15:
000000a8 80076100        178 	prepare	{r29,r31},0
                         179 --	    .bf
                         180 .LDW31:
000000ac e031            181 	cmp	zero,r6
000000ae ca05*           182 	bne	.L197
                         183 --line80
                         184 ..lin.C.3A.5C_ECU2.5CECU_Rivian_A1.5CTarget.5Crepo_projects.5CpFOTA.5CcL_R2023.2E09.2E01.5Cmake.5Cobj.5CESLib_RSA_V15_SigCRT_SHA256.11::
                         185 .LDWlin11:
000000b0 20ee0320        186 	movea	8195,zero,r29
000000b4 b51d*           187 	br	.L199
                         188 .L197:
000000b6 06f0            189 	mov	r6,ep
                         190 --line83
                         191 ..lin.C.3A.5C_ECU2.5CECU_Rivian_A1.5CTarget.5Crepo_projects.5CpFOTA.5CcL_R2023.2E09.2E01.5Cmake.5Cobj.5CESLib_RSA_V15_SigCRT_SHA256.12::
                         192 .LDWlin12:
000000b8 7290            193 	sld.hu	4[ep],r18
000000ba 0798            194 	mov	r7,r19
000000bc 00ea            195 	mov	0,r29
000000be d28e801f        196 	andi	8064,r18,r17
000000c2 110600f9        197 	addi	-1792,r17,zero
000000c6 ba05*           198 	bne	.L204
                         199 --line86
                         200 ..lin.C.3A.5C_ECU2.5CECU_Rivian_A1.5CTarget.5Crepo_projects.5CpFOTA.5CcL_R2023.2E09.2E01.5Cmake.5Cobj.5CESLib_RSA_V15_SigCRT_SHA256.13::
                         201 .LDWlin13:
000000c8 8f92            202 	shr	15,r18
000000ca c105*           203 	bl	.L203
                         204 .L204:
                         205 --line87
                         206 ..lin.C.3A.5C_ECU2.5CECU_Rivian_A1.5CTarget.5Crepo_projects.5CpFOTA.5CcL_R2023.2E09.2E01.5Cmake.5Cobj.5CESLib_RSA_V15_SigCRT_SHA256.14::
                         207 .LDWlin14:
000000cc 20ee0120        208 	movea	8193,zero,r29
000000d0 d50d*           209 	br	.L199
                         210 .L203:
                         211 --line90
                         212 ..lin.C.3A.5C_ECU2.5CECU_Rivian_A1.5CTarget.5Crepo_projects.5CpFOTA.5CcL_R2023.2E09.2E01.5Cmake.5Cobj.5CESLib_RSA_V15_SigCRT_SHA256.15::
                         213 .LDWlin15:
000000d2 3e4f1901        214 	ld.w	280[ep],r9
000000d6 0838            215 	mov	r8,r7
000000d8 06362001        216 	addi	288,r6,r6
000000dc 1340            217 	mov	r19,r8
                         218 	jarl	_actSHA256Update,lp
                         218 <EXPANSION BEGIN>
                         218 jarl22 _actSHA256Update , lp 
000000de 80ff0000*       218 <EXPANSION END>
000000e2 e051            219 	cmp	zero,r10
000000e4 b205*           220 	be	.L199
                         221 --line92

                                                                      Page 5
                                                              C:\Users\nhuliyap\AppData\Local\Temp\gh_00002q81.s
                         222 ..lin.C.3A.5C_ECU2.5CECU_Rivian_A1.5CTarget.5Crepo_projects.5CpFOTA.5CcL_R2023.2E09.2E01.5Cmake.5Cobj.5CESLib_RSA_V15_SigCRT_SHA256.16::
                         223 .LDWlin16:
000000e6 20ee2c20        224 	movea	8236,zero,r29
                         225 .L199:
000000ea 1d50            226 	mov	r29,r10
                         227 --	    .ef
                         228 .LDW41:
000000ec 40067f00        229 	dispose	0,{r29,r31},[lp]
                         230 	.type	_esl_updateSignRSACRTSHA256_V15,@function
                         231 	.size	_esl_updateSignRSACRTSHA256_V15,.-_esl_updateSignRSACRTSHA256_V15
                         232 	.align	2
                         233 .LDW51:
                         234 --_returnValue	r29	local
                         235 
                         236 --_workSpace	ep	param
                         237 --_inputSize	r19	param
                         238 --_input	r8	param
                         239 
                         240 	.section ".bss","awb"
                         241 .L282:
                         242 	.type	.L282,@object
                         243 	.size	.L282,0
                         244 	.data
                         245 	.section ".MSR_CODE","ax"
                         246 	.align	2
                         247 	.align	2
                         248 	.align	2
                         249 ..gh.f.f.1.e.2:
                         250 	.type	..gh.f.f.1.e.2,@object
                         251 	.size	..gh.f.f.1.e.2,0
                         252 	.global	_esl_finalizeSignRSACRTSHA256_V15
                         253 _esl_finalizeSignRSACRTSHA256_V15:
000000f0 8207e1f0        254 	prepare	{r24,r25,r26,r27,r28,r29,r31},1
000000f4 06e8            255 	mov	r6,r29
000000f6 07c8            256 	mov	r7,r25
000000f8 08c0            257 	mov	r8,r24
                         258 --	    .bf
                         259 .LDW61:
000000fa e031            260 	cmp	zero,r6
000000fc b215*           261 	be	.L375
                         262 --line113
                         263 ..lin.C.3A.5C_ECU2.5CECU_Rivian_A1.5CTarget.5Crepo_projects.5CpFOTA.5CcL_R2023.2E09.2E01.5Cmake.5Cobj.5CESLib_RSA_V15_SigCRT_SHA256.17::
                         264 .LDWlin17:
000000fe e64f0500        265 	ld.hu	4[r6],r9
00000102 26df0d0c        266 	ld.w	3084[r6],r27
00000106 c946801f        267 	andi	8064,r9,r8
0000010a 080600f9        268 	addi	-1792,r8,zero
0000010e ba05*           269 	bne	.L372
                         270 --line116
                         271 ..lin.C.3A.5C_ECU2.5CECU_Rivian_A1.5CTarget.5Crepo_projects.5CpFOTA.5CcL_R2023.2E09.2E01.5Cmake.5Cobj.5CESLib_RSA_V15_SigCRT_SHA256.18::
                         272 .LDWlin18:
00000110 8f4a            273 	shr	15,r9
00000112 d105*           274 	bl	.L371
                         275 .L372:
                         276 --line117
                         277 ..lin.C.3A.5C_ECU2.5CECU_Rivian_A1.5CTarget.5Crepo_projects.5CpFOTA.5CcL_R2023.2E09.2E01.5Cmake.5Cobj.5CESLib_RSA_V15_SigCRT_SHA256.19::
                         278 .LDWlin19:
00000114 20560120        279 	movea	8193,zero,r10
00000118 4206fff0        280 	dispose	1,{r24,r25,r26,r27,r28,r29,r31},[lp]
                         281 .L371:
                         282 --line119

                                                                      Page 6
                                                              C:\Users\nhuliyap\AppData\Local\Temp\gh_00002q81.s
                         283 ..lin.C.3A.5C_ECU2.5CECU_Rivian_A1.5CTarget.5Crepo_projects.5CpFOTA.5CcL_R2023.2E09.2E01.5Cmake.5Cobj.5CESLib_RSA_V15_SigCRT_SHA256.20::
                         284 .LDWlin20:
0000011c 1b06c2ff        285 	addi	-62,r27,zero
00000120 d105*           286 	bl	.L374
                         287 .L375:
                         288 --line120
                         289 ..lin.C.3A.5C_ECU2.5CECU_Rivian_A1.5CTarget.5Crepo_projects.5CpFOTA.5CcL_R2023.2E09.2E01.5Cmake.5Cobj.5CESLib_RSA_V15_SigCRT_SHA256.21::
                         290 .LDWlin21:
00000122 20560320        291 	movea	8195,zero,r10
00000126 4206fff0        292 	dispose	1,{r24,r25,r26,r27,r28,r29,r31},[lp]
                         293 .L374:
                         294 --line123
                         295 ..lin.C.3A.5C_ECU2.5CECU_Rivian_A1.5CTarget.5Crepo_projects.5CpFOTA.5CcL_R2023.2E09.2E01.5Cmake.5Cobj.5CESLib_RSA_V15_SigCRT_SHA256.22::
                         296 .LDWlin22:
0000012a 06d61000        297 	addi	16,r6,r26
0000012e 46071000        298 	st.b	zero,16[r6]
00000132 0132            299 	mov	1,r6
00000134 5d371100        300 	st.b	r6,17[r29]
00000138 1be6caff        301 	addi	-54,r27,r28
0000013c 1d361200        302 	addi	18,r29,r6
00000140 1c40            303 	mov	r28,r8
00000142 203eff00        304 	movea	255,zero,r7
                         305 	jarl	_VStdLib_MemSet,lp
                         305 <EXPANSION BEGIN>
                         305 jarl22 _VStdLib_MemSet , lp 
00000146 80ff0000*       305 <EXPANSION END>
                         306 --line131
                         307 ..lin.C.3A.5C_ECU2.5CECU_Rivian_A1.5CTarget.5Crepo_projects.5CpFOTA.5CcL_R2023.2E09.2E01.5Cmake.5Cobj.5CESLib_RSA_V15_SigCRT_SHA256.23::
                         308 .LDWlin23:
0000014a 42e2            309 	add	2,r28
0000014c 1cf0            310 	mov	r28,ep
0000014e 41e2            311 	add	1,r28
00000150 ddf1            312 	add	r29,ep
00000152 1c30            313 	mov	r28,r6
00000154 9003            314 	sst.b	zero,16[ep]
00000156 da31            315 	add	r26,r6
00000158 270600000000*   316 	mov	rosdaoff23(_eslt_SIGN_RSA_CRT_SHA256_V15_ASN1_DIGESTINFO),r7
0000015e 20461300        317 	movea	19,zero,r8
                         318 	jarl	_VStdLib_MemCpy,lp
                         318 <EXPANSION BEGIN>
                         318 jarl22 _VStdLib_MemCpy , lp 
00000162 80ff0000*       318 <EXPANSION END>
                         319 --line136
                         320 ..lin.C.3A.5C_ECU2.5CECU_Rivian_A1.5CTarget.5Crepo_projects.5CpFOTA.5CcL_R2023.2E09.2E01.5Cmake.5Cobj.5CESLib_RSA_V15_SigCRT_SHA256.24::
                         321 .LDWlin24:
00000166 3d471901        322 	ld.w	280[r29],r8
0000016a 1c3e1300        323 	addi	19,r28,r7
0000016e 1d362001        324 	addi	288,r29,r6
00000172 da39            325 	add	r26,r7
                         326 	jarl	_actSHA256Finalize,lp
                         326 <EXPANSION BEGIN>
                         326 jarl22 _actSHA256Finalize , lp 
00000174 80ff0000*       326 <EXPANSION END>
                         327 --line138
                         328 ..lin.C.3A.5C_ECU2.5CECU_Rivian_A1.5CTarget.5Crepo_projects.5CpFOTA.5CcL_R2023.2E09.2E01.5Cmake.5Cobj.5CESLib_RSA_V15_SigCRT_SHA256.25::
                         329 .LDWlin25:
00000178 1d369001        330 	addi	400,r29,r6
0000017c 1b38            331 	mov	r27,r7
0000017e 1a40            332 	mov	r26,r8
00000180 1948            333 	mov	r25,r9
00000182 63c70100        334 	st.w	r24,0[sp]

                                                                      Page 7
                                                              C:\Users\nhuliyap\AppData\Local\Temp\gh_00002q81.s
                         335 	jarl	_esl_signRSACRT_prim,lp
                         335 <EXPANSION BEGIN>
                         335 jarl22 _esl_signRSACRT_prim , lp 
00000186 80ff0000*       335 <EXPANSION END>
                         336 --	    .ef
                         337 .LDW71:
                         338 --line141
                         339 ..lin.C.3A.5C_ECU2.5CECU_Rivian_A1.5CTarget.5Crepo_projects.5CpFOTA.5CcL_R2023.2E09.2E01.5Cmake.5Cobj.5CESLib_RSA_V15_SigCRT_SHA256.26::
                         340 .LDWlin26:
0000018a 4206fff0        341 	dispose	1,{r24,r25,r26,r27,r28,r29,r31},[lp]
                         342 	.type	_esl_finalizeSignRSACRTSHA256_V15,@function
                         343 	.size	_esl_finalizeSignRSACRTSHA256_V15,.-_esl_finalizeSignRSACRTSHA256_V15
                         344 	.align	2
                         345 .LDW81:
                         346 --_returnValue	r10	local
                         347 --_keyPairModuleSize	r27	local
                         348 --_i	r28	local
                         349 --_padBytesNeeded	r28	local
                         350 --_messageBuf	r26	local
                         351 
                         352 --_workSpace	r29	param
                         353 --_signatureSize	r25	param
                         354 --_signature	r24	param
                         355 
                         356 	.section ".bss","awb"
                         357 .L460:
                         358 	.type	.L460,@object
                         359 	.size	.L460,0
                         360 	.section ".rosdata","a"
                         361 	.align	4
                         362 	.global	_eslt_SIGN_RSA_CRT_SHA256_V15_ASN1_DIGESTINFO..C.3A.5C_ECU2.5CECU_Rivian_A1.5CTarget.5Crepo_projects.5CpFOTA.5CcL_R2023.2E09.2E01.5Cmake.5Cobj.5CESLib_RSA_V15_SigCRT_SHA256.
                         363 _eslt_SIGN_RSA_CRT_SHA256_V15_ASN1_DIGESTINFO..C.3A.5C_ECU2.5CECU_Rivian_A1.5CTarget.5Crepo_projects.5CpFOTA.5CcL_R2023.2E09.2E01.5Cmake.5Cobj.5CESLib_RSA_V15_SigCRT_SHA256.:
00000000 3031300d        364 _eslt_SIGN_RSA_CRT_SHA256_V15_ASN1_DIGESTINFO:	.byte	48,49,48,13
00000004 06096086        365 	.byte	6,9,96,134
00000008 48016503        366 	.byte	72,1,101,3
0000000c 04020105        367 	.byte	4,2,1,5
00000010 00              368 	.space	1
00000011 0420            369 	.byte	4,32
00000013 00              370 	.space	1
                         371 	.type	_eslt_SIGN_RSA_CRT_SHA256_V15_ASN1_DIGESTINFO..C.3A.5C_ECU2.5CECU_Rivian_A1.5CTarget.5Crepo_projects.5CpFOTA.5CcL_R2023.2E09.2E01.5Cmake.5Cobj.5CESLib_RSA_V15_SigCRT_SHA256.,@object
                         372 	.size	_eslt_SIGN_RSA_CRT_SHA256_V15_ASN1_DIGESTINFO..C.3A.5C_ECU2.5CECU_Rivian_A1.5CTarget.5Crepo_projects.5CpFOTA.5CcL_R2023.2E09.2E01.5Cmake.5Cobj.5CESLib_RSA_V15_SigCRT_SHA256.,20
                         373 	.type	_eslt_SIGN_RSA_CRT_SHA256_V15_ASN1_DIGESTINFO,@object
                         374 	.size	_eslt_SIGN_RSA_CRT_SHA256_V15_ASN1_DIGESTINFO,20
                         375 	.data
                         376 	.section ".MSR_CODE","ax"
                         377 	.align	2
                         378 --_eslt_SIGN_RSA_CRT_SHA256_V15_ASN1_DIGESTINFO	rosdaoff23(_eslt_SIGN_RSA_CRT_SHA256_V15_ASN1_DIGESTINFO)	static
                         379 
                         380 	.data
                         381 	.ghsnote version,17
                         382 	.ghsnote tools,3
                         383 	.ghsnote options,144
                         384 	.section ".MSR_CODE","ax"
                         385 	.align	2
                         386 ..eof.C.3A.5C_ECU2.5CECU_Rivian_A1.5CTarget.5Crepo_projects.5CpFOTA.5CcL_R2023.2E09.2E01.5Cmake.5Cobj.5CESLib_RSA_V15_SigCRT_SHA256...43.3A.5C_ECU2.5CECU_Rivian_A1.5CTarget.5Crepo_projects.5CpFOTA.5CcL_R2023.2E09.2E01.5Cmake..64F8638A..0::
                         387 .rh850_flags REGMODE32,DATA_ALIGN8,GP_FIX,EP_NONFIX,TP_FIX,REG2_RESERVE,G3K,SDA_EXTRA_REGS_0
