                                                                      Page 1
                                                              C:\Users\nhuliyap\AppData\Local\Temp\gh_000092g1.s
Command Line: C:\GHS\comp_201517\ease850.exe -w -stderr=err/fbl_wd.err -elf -b0 -I../source/_common -I../source/common -I../source/ecuabcanif -I../source/ecuabcantrcv -I../source/ecuabcryif -I../source/ecuabfee -I../source/ecuabmemif -I../source/libautosar -I../source/mcalcan -I../source/mcalcry -I../source/mcaldio -I../source/mcaleep -I../source/mcalfls -I../source/mcalmcu -I../source/projectara -I../source/projectcfg -I../source/projectcompiler -I../source/swcservicebswm -I../source/swcservicecantp -I../source/swcservicecomm -I../source/swcservicecsm -I../source/swcservicedcm -I../source/swcservicedem -I../source/swcservicedet -I../source/swcserviceecum -I../source/swcservicenvm -I../source/swcserviceos -I../source/swcservicepdur -I../source/swcserviceschm -I../source/swcservicestartup -I../source/wrappers/swcservicesecm -I../source/wrappers/vsecprim -I../source/wrappers/vstdlib -Ic:/ghs/comp_201517/ansi -Ic:/ghs/comp_201517/include/v800 -Igendata -IC:\GHS\comp_201517\lib\rh850 -cg_underscore -cpu=rh850g3k -nofpu -no_v850_simd -rh850_fpsimd=none -nomacro -patch_dbo=C:\_ECU2\ECU_Rivian_A1\Target\repo_projects\pFOTA\cL_R2023.09.01\make\obj\fbl_wd.dbo -source=fbl_wd.c -o obj\gh_000092g1.o -list=lst/fbl_wd.lst C:\Users\nhuliyap\AppData\Local\Temp\gh_000092g1.s 
Original File: C:\Users\nhuliyap\AppData\Local\Temp\gh_000092g1.s
Source File: fbl_wd.c
Directory: C:\_ECU2\ECU_Rivian_A1\Target\repo_projects\pFOTA\cL_R2023.09.01\make
Host OS: Windows
EASE: Copyright (C) 1983-2015 Green Hills Software.  All Rights Reserved.
Release: Compiler v2015.1.7
Build Directory: [Directory] BTOWORKER6:c:/build_2015_1_bto/2015-10-21.2100-2015_1_bto/win32-comp-ecom
Revision: [VCInfo] http://toolsvc/branches/release-branch-70-bto/src@544153 (built by build)
Revision Date: Thu Oct 22 07:50:13 2015

Release Date: Thu Oct 22 09:32:32 2015

                           1 --Driver Command: ccrh850 -DBRS_DERIVATIVE_701018 -DBRS_OSC_CLK=16
                           2 --		-DBRS_TIMEBASE_CLOCK=80 -DBRS_EVA_BOARD_
                           3 --		-DBRS_DERIVATIVE_GROUP_F1L -DBRS_OS_USECASE_BRS
                           4 --		-DBRS_PLATFORM_RH850 -DBRS_COMP_GHS
                           5 --		-DBRS_CPU_LOCAL_RAM_SIZE_CORE0=32
                           6 --		-DBRS_CPU_RAM_START_CORE0=0xFEDF8000 -list=lst/fbl_wd.lst
                           7 --		-object_dir=obj -stderr=err/fbl_wd.err -c -cpu=rh850 -sda=all
                           8 --		-large_sda -prepare_dispose -pragma_asm_inline -no_callt
                           9 --		-inline_prologue -notda -reserve_r2 -fsoft
                          10 --		--unknown_pragma_warnings -list -g -Ogeneral -shortenum
                          11 --		-registermode=32 -I../source/_common -I../source/common
                          12 --		-I../source/ecuabcanif -I../source/ecuabcantrcv
                          13 --		-I../source/ecuabcryif -I../source/ecuabfee
                          14 --		-I../source/ecuabmemif -I../source/libautosar -I../source/mcalcan
                          15 --		-I../source/mcalcry -I../source/mcaldio -I../source/mcaleep
                          16 --		-I../source/mcalfls -I../source/mcalmcu -I../source/projectara
                          17 --		-I../source/projectcfg -I../source/projectcompiler
                          18 --		-I../source/swcservicebswm -I../source/swcservicecantp
                          19 --		-I../source/swcservicecomm -I../source/swcservicecsm
                          20 --		-I../source/swcservicedcm -I../source/swcservicedem
                          21 --		-I../source/swcservicedet -I../source/swcserviceecum
                          22 --		-I../source/swcservicenvm -I../source/swcserviceos
                          23 --		-I../source/swcservicepdur -I../source/swcserviceschm
                          24 --		-I../source/swcservicestartup -I../source/wrappers/swcservicesecm
                          25 --		-I../source/wrappers/vsecprim -I../source/wrappers/vstdlib
                          26 --		-Ic:/ghs/comp_201517/ansi -Ic:/ghs/comp_201517/include/v800
                          27 --		-Igendata ../source/SwcServiceStartUp/fbl_wd.c
                          28 --Source File:   ../source/SwcServiceStartUp/fbl_wd.c
                          29 --Directory:     
                          30 --		C:\_ECU2\ECU_Rivian_A1\Target\repo_projects\pFOTA\cL_R2023.09.01\make
                          31 --Compile Date:  Wed Sep 06 13:37:38 2023
                          32 --Host OS:       Win32
                          33 --Version:       C-RH850 2015.1.7 RELEASE VERSION
                          34 --Release:       Compiler v2015.1.7
                          35 --Revision Date: Thu Oct 22 08:06:12 2015
                          36 --Release Date:  Thu Oct 22 09:34:32 2015
                          37 -- ecom  -g -w -OM
                          38 	.text
                          39 ..bof.C.3A.5C_ECU2.5CECU_Rivian_A1.5CTarget.5Crepo_projects.5CpFOTA.5CcL_R2023.2E09.2E01.5Cmake.5Cobj.5Cfbl_wd...43.3A.5C_ECU2.5CECU_Rivian_A1.5CTarget.5Crepo_projects.5CpFOTA.5CcL_R2023.2E09.2E01.5Cmake..64F86482..0::
                          40 	.align	2
                          41 ..gh.f.f.1.e.0:
                          42 	.type	..gh.f.f.1.e.0,@object
                          43 	.size	..gh.f.f.1.e.0,0
                          44 	.global	_FblInitWatchdog
                          45 _FblInitWatchdog:
                          46 --	    .bf
                          47 .LDW01:
00000000 0192             48 	mov	1,r18
00000002 a4070d000000*    49 	st.h	zero,sdaoff23(_P2Timer)[gp]
00000008 84070d900000*    50 	st.b	r18,sdaoff23(_WDInitFlag)[gp]

                                                                      Page 2
                                                              C:\Users\nhuliyap\AppData\Local\Temp\gh_000092g1.s
0000000e 80070000*        51 	jr	_ApplFblWDInit
                          52 --	    .ef
                          53 .LDW11:
                          54 	.type	_FblInitWatchdog,@function
                          55 	.size	_FblInitWatchdog,.-_FblInitWatchdog
                          56 	.align	2
                          57 .LDW21:
                          58 
                          59 	.section ".bss","awb"
                          60 .L33:
                          61 	.type	.L33,@object
                          62 	.size	.L33,0
                          63 	.data
                          64 	.text
                          65 	.section ".RAMCODE","ax"
                          66 	.align	2
                          67 ..bof.C.3A.5C_ECU2.5CECU_Rivian_A1.5CTarget.5Crepo_projects.5CpFOTA.5CcL_R2023.2E09.2E01.5Cmake.5Cobj.5Cfbl_wd...43.3A.5C_ECU2.5CECU_Rivian_A1.5CTarget.5Crepo_projects.5CpFOTA.5CcL_R2023.2E09.2E01.5Cmake..64F86482..1::
                          68 	.align	2
                          69 ..gh.f.f.1.e.1:
                          70 	.type	..gh.f.f.1.e.1,@object
                          71 	.size	..gh.f.f.1.e.1,0
                          72 	.global	_FblLookForWatchdog
                          73 _FblLookForWatchdog:
00000000 80076100         74 	prepare	{r29,r31},0
                          75 --	    .bf
                          76 .LDW31:
00000004 a40705700000*    77 	ld.bu	sdaoff23(_WDInitFlag)[gp],r14
0000000a 00ea             78 	mov	0,r29
0000000c 6172             79 	cmp	1,r14
0000000e ca3d*            80 	bne	.L71
                          81 --line64
                          82 ..lin.C.3A.5C_ECU2.5CECU_Rivian_A1.5CTarget.5Crepo_projects.5CpFOTA.5CcL_R2023.2E09.2E01.5Cmake.5Cobj.5Cfbl_wd.1::
                          83 .LDWlin1:
00000010 e0870190         84 	ld.hu	lo(4294938624)[zero],r16
00000014 8c82             85 	shr	12,r16
00000016 8182             86 	shr	1,r16
00000018 f935*            87 	bnl	.L71
                          88 --line66
                          89 ..lin.C.3A.5C_ECU2.5CECU_Rivian_A1.5CTarget.5Crepo_projects.5CpFOTA.5CcL_R2023.2E09.2E01.5Cmake.5Cobj.5Cfbl_wd.2::
                          90 .LDWlin2:
0000001a 20f60090         91 	movea	-28672,zero,ep
0000001e 7078             92 	sld.hu	0[ep],r15
00000020 a40707900000*    93 	ld.hu	sdaoff23(_P2Timer)[gp],r18
00000026 02ea             94 	mov	2,r29
00000028 cf7effef         95 	andi	61439,r15,r15
0000002c 807c             96 	sst.h	r15,0[ep]
0000002e e091             97 	cmp	zero,r18
00000030 e215*            98 	be	.L58
                          99 --line71
                         100 ..lin.C.3A.5C_ECU2.5CECU_Rivian_A1.5CTarget.5Crepo_projects.5CpFOTA.5CcL_R2023.2E09.2E01.5Cmake.5Cobj.5Cfbl_wd.3::
                         101 .LDWlin3:
00000032 5f92            102 	add	-1,r18
00000034 d200            103 	zxh	r18
00000036 a4070d900000*   104 	st.h	r18,sdaoff23(_P2Timer)[gp]
0000003c 12063cf6        105 	addi	-2500,r18,zero
00000040 e10d*           106 	bl	.L58
                         107 --line74
                         108 ..lin.C.3A.5C_ECU2.5CECU_Rivian_A1.5CTarget.5Crepo_projects.5CpFOTA.5CcL_R2023.2E09.2E01.5Cmake.5Cobj.5Cfbl_wd.4::
                         109 .LDWlin4:
00000042 2b0600000000*   110 	mov	sdaoff23(_fblDiagStates+1),r11
00000048 cbc70000        111 	tst1	0,0[r11]

                                                                      Page 3
                                                              C:\Users\nhuliyap\AppData\Local\Temp\gh_000092g1.s
0000004c 820d*           112 	be	.L58
                         113 --line74
                         114 ..lin.C.3A.5C_ECU2.5CECU_Rivian_A1.5CTarget.5Crepo_projects.5CpFOTA.5CcL_R2023.2E09.2E01.5Cmake.5Cobj.5Cfbl_wd.5::
                         115 .LDWlin5:
                         116 	jarl	_FblCwRetransmitRP,lp
                         116 <EXPANSION BEGIN>
                         116 jarl22 _FblCwRetransmitRP , lp 
0000004e 80ff0000*       116 <EXPANSION END>
00000052 20668813        117 	movea	5000,zero,r12
00000056 a4070d600000*   118 	st.h	r12,sdaoff23(_P2Timer)[gp]
                         119 .L58:
                         120 --line79
                         121 ..lin.C.3A.5C_ECU2.5CECU_Rivian_A1.5CTarget.5Crepo_projects.5CpFOTA.5CcL_R2023.2E09.2E01.5Cmake.5Cobj.5Cfbl_wd.6::
                         122 .LDWlin6:
0000005c a40705880000*   123 	ld.bu	sdaoff23(_WDTimer)[gp],r17
00000062 e089            124 	cmp	zero,r17
00000064 f20d*           125 	be	.L69
                         126 --line81
                         127 ..lin.C.3A.5C_ECU2.5CECU_Rivian_A1.5CTarget.5Crepo_projects.5CpFOTA.5CcL_R2023.2E09.2E01.5Cmake.5Cobj.5Cfbl_wd.7::
                         128 .LDWlin7:
00000066 5f8a            129 	add	-1,r17
00000068 9100            130 	zxb	r17
0000006a 84070d880000*   131 	st.b	r17,sdaoff23(_WDTimer)[gp]
00000070 e089            132 	cmp	zero,r17
00000072 8a0d*           133 	bne	.L69
                         134 --line84
                         135 ..lin.C.3A.5C_ECU2.5CECU_Rivian_A1.5CTarget.5Crepo_projects.5CpFOTA.5CcL_R2023.2E09.2E01.5Cmake.5Cobj.5Cfbl_wd.8::
                         136 .LDWlin8:
                         137 	jarl	_ApplFblWDTrigger,lp
                         137 <EXPANSION BEGIN>
                         137 jarl22 _ApplFblWDTrigger , lp 
00000074 80ff0000*       137 <EXPANSION END>
                         138 --line85
                         139 ..lin.C.3A.5C_ECU2.5CECU_Rivian_A1.5CTarget.5Crepo_projects.5CpFOTA.5CcL_R2023.2E09.2E01.5Cmake.5Cobj.5Cfbl_wd.9::
                         140 .LDWlin9:
00000078 015a            141 	mov	1,r11
0000007a 84070d580000*   142 	st.b	r11,sdaoff23(_WDTimer)[gp]
00000080 03ea            143 	mov	3,r29
                         144 .L69:
                         145 	jarl	_FblCwTimerTask,lp
                         145 <EXPANSION BEGIN>
                         145 jarl22 _FblCwTimerTask , lp 
00000082 80ff0000*       145 <EXPANSION END>
                         146 .L71:
                         147 --line104
                         148 ..lin.C.3A.5C_ECU2.5CECU_Rivian_A1.5CTarget.5Crepo_projects.5CpFOTA.5CcL_R2023.2E09.2E01.5Cmake.5Cobj.5Cfbl_wd.10::
                         149 .LDWlin10:
                         150 	jarl	_FblCwStateTask,lp
                         150 <EXPANSION BEGIN>
                         150 jarl22 _FblCwStateTask , lp 
00000086 80ff0000*       150 <EXPANSION END>
                         151 --line112
                         152 ..lin.C.3A.5C_ECU2.5CECU_Rivian_A1.5CTarget.5Crepo_projects.5CpFOTA.5CcL_R2023.2E09.2E01.5Cmake.5Cobj.5Cfbl_wd.11::
                         153 .LDWlin11:
0000008a 1d50            154 	mov	r29,r10
                         155 --	    .ef
                         156 .LDW41:
0000008c 40067f00        157 	dispose	0,{r29,r31},[lp]
                         158 	.type	_FblLookForWatchdog,@function
                         159 	.size	_FblLookForWatchdog,.-_FblLookForWatchdog
                         160 	.align	2

                                                                      Page 4
                                                              C:\Users\nhuliyap\AppData\Local\Temp\gh_000092g1.s
                         161 .LDW51:
                         162 --_retValue	r29	local
                         163 
                         164 	.section ".bss","awb"
                         165 .L180:
                         166 	.type	.L180,@object
                         167 	.size	.L180,0
                         168 	.data
                         169 	.section ".RAMCODE","ax"
                         170 	.align	2
                         171 	.align	2
                         172 ..gh.f.f.1.e.2:
                         173 	.type	..gh.f.f.1.e.2,@object
                         174 	.size	..gh.f.f.1.e.2,0
                         175 	.global	_FblLookForWatchdogVoid
                         176 _FblLookForWatchdogVoid:
                         177 --	    .bf
                         178 .LDW61:
00000090 bf0770ff*       179 	jr	_FblLookForWatchdog
                         180 --	    .ef
                         181 .LDW71:
                         182 	.type	_FblLookForWatchdogVoid,@function
                         183 	.size	_FblLookForWatchdogVoid,.-_FblLookForWatchdogVoid
                         184 	.align	2
                         185 .LDW81:
                         186 
                         187 	.section ".bss","awb"
                         188 .L321:
                         189 	.type	.L321,@object
                         190 	.size	.L321,0
                         191 	.data
                         192 	.section ".RAMCODE","ax"
                         193 	.align	2
                         194 --_fblDiagStates	sdaoff23(_fblDiagStates)	import
                         195 
                         196 	.data
                         197 	.sbss	_P2Timer,2,2
                         198 	.type	_P2Timer,@object
                         199 	.size	_P2Timer,2
                         200 	.sbss	_WDInitFlag,1,1
                         201 	.type	_WDInitFlag,@object
                         202 	.size	_WDInitFlag,1
                         203 	.sbss	_WDTimer,1,1
                         204 	.type	_WDTimer,@object
                         205 	.size	_WDTimer,1
                         206 	.ghsnote version,17
                         207 	.ghsnote tools,3
                         208 	.ghsnote options,144
                         209 	.text
                         210 	.align	2
                         211 	.section ".RAMCODE","ax"
                         212 	.align	2
                         213 	.text
                         214 ..eof.C.3A.5C_ECU2.5CECU_Rivian_A1.5CTarget.5Crepo_projects.5CpFOTA.5CcL_R2023.2E09.2E01.5Cmake.5Cobj.5Cfbl_wd...43.3A.5C_ECU2.5CECU_Rivian_A1.5CTarget.5Crepo_projects.5CpFOTA.5CcL_R2023.2E09.2E01.5Cmake..64F86482..0::
                         215 	.section ".RAMCODE","ax"
                         216 ..eof.C.3A.5C_ECU2.5CECU_Rivian_A1.5CTarget.5Crepo_projects.5CpFOTA.5CcL_R2023.2E09.2E01.5Cmake.5Cobj.5Cfbl_wd...43.3A.5C_ECU2.5CECU_Rivian_A1.5CTarget.5Crepo_projects.5CpFOTA.5CcL_R2023.2E09.2E01.5Cmake..64F86482..1::
                         217 .rh850_flags REGMODE32,DATA_ALIGN8,GP_FIX,EP_NONFIX,TP_FIX,REG2_RESERVE,G3K,SDA_EXTRA_REGS_0
