                                                                      Page 1
                                                              C:\Users\nhuliyap\AppData\Local\Temp\gh_000088o1.s
Command Line: C:\GHS\comp_201517\ease850.exe -w -stderr=err/fbl_hw.err -elf -b0 -I../source/_common -I../source/common -I../source/ecuabcanif -I../source/ecuabcantrcv -I../source/ecuabcryif -I../source/ecuabfee -I../source/ecuabmemif -I../source/libautosar -I../source/mcalcan -I../source/mcalcry -I../source/mcaldio -I../source/mcaleep -I../source/mcalfls -I../source/mcalmcu -I../source/projectara -I../source/projectcfg -I../source/projectcompiler -I../source/swcservicebswm -I../source/swcservicecantp -I../source/swcservicecomm -I../source/swcservicecsm -I../source/swcservicedcm -I../source/swcservicedem -I../source/swcservicedet -I../source/swcserviceecum -I../source/swcservicenvm -I../source/swcserviceos -I../source/swcservicepdur -I../source/swcserviceschm -I../source/swcservicestartup -I../source/wrappers/swcservicesecm -I../source/wrappers/vsecprim -I../source/wrappers/vstdlib -Ic:/ghs/comp_201517/ansi -Ic:/ghs/comp_201517/include/v800 -Igendata -IC:\GHS\comp_201517\lib\rh850 -cg_underscore -cpu=rh850g3k -nofpu -no_v850_simd -rh850_fpsimd=none -nomacro -patch_dbo=C:\_ECU2\ECU_Rivian_A1\Target\repo_projects\pFOTA\cL_R2023.09.01\make\obj\fbl_hw.dbo -source=fbl_hw.c -o obj\gh_000088o1.o -list=lst/fbl_hw.lst C:\Users\nhuliyap\AppData\Local\Temp\gh_000088o1.s 
Original File: C:\Users\nhuliyap\AppData\Local\Temp\gh_000088o1.s
Source File: fbl_hw.c
Directory: C:\_ECU2\ECU_Rivian_A1\Target\repo_projects\pFOTA\cL_R2023.09.01\make
Host OS: Windows
EASE: Copyright (C) 1983-2015 Green Hills Software.  All Rights Reserved.
Release: Compiler v2015.1.7
Build Directory: [Directory] BTOWORKER6:c:/build_2015_1_bto/2015-10-21.2100-2015_1_bto/win32-comp-ecom
Revision: [VCInfo] http://toolsvc/branches/release-branch-70-bto/src@544153 (built by build)
Revision Date: Thu Oct 22 07:50:13 2015

Release Date: Thu Oct 22 09:32:32 2015

                           1 --Driver Command: ccrh850 -DBRS_DERIVATIVE_701018 -DBRS_OSC_CLK=16
                           2 --		-DBRS_TIMEBASE_CLOCK=80 -DBRS_EVA_BOARD_
                           3 --		-DBRS_DERIVATIVE_GROUP_F1L -DBRS_OS_USECASE_BRS
                           4 --		-DBRS_PLATFORM_RH850 -DBRS_COMP_GHS
                           5 --		-DBRS_CPU_LOCAL_RAM_SIZE_CORE0=32
                           6 --		-DBRS_CPU_RAM_START_CORE0=0xFEDF8000 -list=lst/fbl_hw.lst
                           7 --		-object_dir=obj -stderr=err/fbl_hw.err -c -cpu=rh850 -sda=all
                           8 --		-large_sda -prepare_dispose -pragma_asm_inline -no_callt
                           9 --		-inline_prologue -notda -reserve_r2 -fsoft
                          10 --		--unknown_pragma_warnings -list -g -Ogeneral -shortenum
                          11 --		-registermode=32 -I../source/_common -I../source/common
                          12 --		-I../source/ecuabcanif -I../source/ecuabcantrcv
                          13 --		-I../source/ecuabcryif -I../source/ecuabfee
                          14 --		-I../source/ecuabmemif -I../source/libautosar -I../source/mcalcan
                          15 --		-I../source/mcalcry -I../source/mcaldio -I../source/mcaleep
                          16 --		-I../source/mcalfls -I../source/mcalmcu -I../source/projectara
                          17 --		-I../source/projectcfg -I../source/projectcompiler
                          18 --		-I../source/swcservicebswm -I../source/swcservicecantp
                          19 --		-I../source/swcservicecomm -I../source/swcservicecsm
                          20 --		-I../source/swcservicedcm -I../source/swcservicedem
                          21 --		-I../source/swcservicedet -I../source/swcserviceecum
                          22 --		-I../source/swcservicenvm -I../source/swcserviceos
                          23 --		-I../source/swcservicepdur -I../source/swcserviceschm
                          24 --		-I../source/swcservicestartup -I../source/wrappers/swcservicesecm
                          25 --		-I../source/wrappers/vsecprim -I../source/wrappers/vstdlib
                          26 --		-Ic:/ghs/comp_201517/ansi -Ic:/ghs/comp_201517/include/v800
                          27 --		-Igendata ../source/SwcServiceStartUp/fbl_hw.c
                          28 --Source File:   ../source/SwcServiceStartUp/fbl_hw.c
                          29 --Directory:     
                          30 --		C:\_ECU2\ECU_Rivian_A1\Target\repo_projects\pFOTA\cL_R2023.09.01\make
                          31 --Compile Date:  Wed Sep 06 13:37:28 2023
                          32 --Host OS:       Win32
                          33 --Version:       C-RH850 2015.1.7 RELEASE VERSION
                          34 --Release:       Compiler v2015.1.7
                          35 --Revision Date: Thu Oct 22 08:06:12 2015
                          36 --Release Date:  Thu Oct 22 09:34:32 2015
                          37 -- ecom  -g -w -OM
                          38 	.text
                          39 ..bof.C.3A.5C_ECU2.5CECU_Rivian_A1.5CTarget.5Crepo_projects.5CpFOTA.5CcL_R2023.2E09.2E01.5Cmake.5Cobj.5Cfbl_hw...43.3A.5C_ECU2.5CECU_Rivian_A1.5CTarget.5Crepo_projects.5CpFOTA.5CcL_R2023.2E09.2E01.5Cmake..64F86479..0::
                          40 	.align	2
                          41 ..gh.f.f.1.e.0:
                          42 	.type	..gh.f.f.1.e.0,@object
                          43 	.size	..gh.f.f.1.e.0,0
                          44 	.global	_FblTimerInit
                          45 _FblTimerInit:
                          46 --	    .bf
                          47 .LDW01:
00000000 0792             48 	mov	7,r18
00000002 3e06c801e2ff     49 	mov	-1965624,ep
00000008 8094             50 	sst.h	r18,0[ep]

                                                                      Page 2
                                                              C:\Users\nhuliyap\AppData\Local\Temp\gh_000088o1.s
0000000a 20860108         51 	movea	2049,zero,r16
0000000e 9c84             52 	sst.h	r16,56[ep]
00000010 207e0630         53 	movea	12294,zero,r15
00000014 9e7c             54 	sst.h	r15,60[ep]
00000016 20760040         55 	movea	16384,zero,r14
0000001a a074             56 	sst.h	r14,64[ep]
0000001c 1ef6f8fe         57 	addi	-264,ep,ep
00000020 8003             58 	sst.b	zero,0[ep]
00000022 8403             59 	sst.b	zero,4[ep]
00000024 8803             60 	sst.b	zero,8[ep]
00000026 036a             61 	mov	3,r13
00000028 1ef68001         62 	addi	384,ep,ep
0000002c 906c             63 	sst.h	r13,32[ep]
0000002e 9404             64 	sst.h	zero,40[ep]
00000030 9604             65 	sst.h	zero,44[ep]
00000032 9204             66 	sst.h	zero,36[ep]
00000034 206600ff         67 	movea	-256,zero,r12
00000038 8064             68 	sst.h	r12,0[ep]
0000003a 205e3f9c         69 	movea	-25537,zero,r11
0000003e 40f6e2ff         70 	movhi	65506,zero,ep
00000042 805c             71 	sst.h	r11,0[ep]
00000044 1f8a             72 	mov	-1,r17
00000046 828c             73 	sst.h	r17,4[ep]
00000048 848c             74 	sst.h	r17,8[ep]
0000004a a0074d9403c4     75 	st.h	r18,4293001668[zero]
                          76 --	    .ef
                          77 .LDW11:
00000050 7f00             78 	jmp	[lp]
                          79 	.type	_FblTimerInit,@function
                          80 	.size	_FblTimerInit,.-_FblTimerInit
                          81 	.align	2
                          82 .LDW21:
                          83 
                          84 	.section ".bss","awb"
                          85 .L33:
                          86 	.type	.L33,@object
                          87 	.size	.L33,0
                          88 	.data
                          89 	.text
                          90 	.align	2
                          91 	.align	2
                          92 ..gh.f.f.1.e.1:
                          93 	.type	..gh.f.f.1.e.1,@object
                          94 	.size	..gh.f.f.1.e.1,0
                          95 	.global	_FblGetTimerValue
                          96 _FblGetTimerValue:
                          97 --	    .bf
                          98 .LDW31:
00000052 a007875001c4     99 	ld.hu	4293001352[zero],r10
                         100 --	    .ef
                         101 .LDW41:
00000058 7f00            102 	jmp	[lp]
                         103 	.type	_FblGetTimerValue,@function
                         104 	.size	_FblGetTimerValue,.-_FblGetTimerValue
                         105 	.align	2
                         106 .LDW51:
                         107 
                         108 	.section ".bss","awb"
                         109 .L84:
                         110 	.type	.L84,@object
                         111 	.size	.L84,0

                                                                      Page 3
                                                              C:\Users\nhuliyap\AppData\Local\Temp\gh_000088o1.s
                         112 	.data
                         113 	.text
                         114 	.align	2
                         115 	.align	2
                         116 ..gh.f.f.1.e.2:
                         117 	.type	..gh.f.f.1.e.2,@object
                         118 	.size	..gh.f.f.1.e.2,0
                         119 	.global	_FblReadByte
                         120 _FblReadByte:
0000005a 06f0            121 	mov	r6,ep
                         122 --	    .bf
                         123 .LDW61:
0000005c 6050            124 	sld.bu	0[ep],r10
                         125 --	    .ef
                         126 .LDW71:
0000005e 7f00            127 	jmp	[lp]
                         128 	.type	_FblReadByte,@function
                         129 	.size	_FblReadByte,.-_FblReadByte
                         130 	.align	2
                         131 .LDW81:
                         132 
                         133 --_address	ep	param
                         134 
                         135 	.section ".bss","awb"
                         136 .L132:
                         137 	.type	.L132,@object
                         138 	.size	.L132,0
                         139 	.data
                         140 	.text
                         141 	.align	2
                         142 	.align	2
                         143 ..gh.f.f.1.e.3:
                         144 	.type	..gh.f.f.1.e.3,@object
                         145 	.size	..gh.f.f.1.e.3,0
                         146 	.global	_ownmemcpy
                         147 _ownmemcpy:
00000060 8007e130        148 	prepare	{r26,r27,r28,r29,r31},0
00000064 06e0            149 	mov	r6,r28
00000066 08d0            150 	mov	r8,r26
                         151 --	    .bf
                         152 .LDW91:
00000068 07d8            153 	mov	r7,r27
                         154 	jarl	_FblLookForWatchdog,lp
                         154 <EXPANSION BEGIN>
                         154 jarl22 _FblLookForWatchdog , lp 
0000006a 80ff0000*       154 <EXPANSION END>
                         155 --line93
                         156 ..lin.C.3A.5C_ECU2.5CECU_Rivian_A1.5CTarget.5Crepo_projects.5CpFOTA.5CcL_R2023.2E09.2E01.5Cmake.5Cobj.5Cfbl_hw.1::
                         157 .LDWlin1:
0000006e 00ea            158 	mov	0,r29
00000070 e50d*           159 	br	.L155
                         160 .L154:
                         161 --line94
                         162 ..lin.C.3A.5C_ECU2.5CECU_Rivian_A1.5CTarget.5Crepo_projects.5CpFOTA.5CcL_R2023.2E09.2E01.5Cmake.5Cobj.5Cfbl_hw.2::
                         163 .LDWlin2:
00000072 dd060f00        164 	andi	15,r29,zero
00000076 ba05*           165 	bne	.L156
                         166 --line96
                         167 ..lin.C.3A.5C_ECU2.5CECU_Rivian_A1.5CTarget.5Crepo_projects.5CpFOTA.5CcL_R2023.2E09.2E01.5Cmake.5Cobj.5Cfbl_hw.3::
                         168 .LDWlin3:
                         169 	jarl	_FblLookForWatchdog,lp

                                                                      Page 4
                                                              C:\Users\nhuliyap\AppData\Local\Temp\gh_000088o1.s
                         169 <EXPANSION BEGIN>
                         169 jarl22 _FblLookForWatchdog , lp 
00000078 80ff0000*       169 <EXPANSION END>
                         170 .L156:
                         171 --line100
                         172 ..lin.C.3A.5C_ECU2.5CECU_Rivian_A1.5CTarget.5Crepo_projects.5CpFOTA.5CcL_R2023.2E09.2E01.5Cmake.5Cobj.5Cfbl_hw.4::
                         173 .LDWlin4:
0000007c 1d90            174 	mov	r29,r18
0000007e db91            175 	add	r27,r18
00000080 929f0100        176 	ld.bu	0[r18],r19
00000084 1df0            177 	mov	r29,ep
00000086 dcf1            178 	add	r28,ep
00000088 41ea            179 	add	1,r29
0000008a 809b            180 	sst.b	r19,0[ep]
                         181 .L155:
0000008c fae9            182 	cmp	r26,r29
0000008e a1f5*           183 	bl	.L154
                         184 --line104
                         185 ..lin.C.3A.5C_ECU2.5CECU_Rivian_A1.5CTarget.5Crepo_projects.5CpFOTA.5CcL_R2023.2E09.2E01.5Cmake.5Cobj.5Cfbl_hw.5::
                         186 .LDWlin5:
00000090 1c50            187 	mov	r28,r10
                         188 --	    .ef
                         189 .LDW02:
00000092 4006ff30        190 	dispose	0,{r26,r27,r28,r29,r31},[lp]
                         191 	.type	_ownmemcpy,@function
                         192 	.size	_ownmemcpy,.-_ownmemcpy
                         193 	.align	2
                         194 .LDW12:
                         195 --_i	r29	local
                         196 --_sd	r28	local
                         197 --_ss	r27	local
                         198 
                         199 --_dest	r28	param
                         200 --_source	r7	param
                         201 --_size	r26	param
                         202 
                         203 	.section ".bss","awb"
                         204 .L202:
                         205 	.type	.L202,@object
                         206 	.size	.L202,0
                         207 	.data
                         208 	.text
                         209 	.align	2
                         210 	.align	2
                         211 ..gh.f.f.1.e.4:
                         212 	.type	..gh.f.f.1.e.4,@object
                         213 	.size	..gh.f.f.1.e.4,0
                         214 	.global	_FblReadBlock
                         215 _FblReadBlock:
00000096 80076100        216 	prepare	{r29,r31},0
0000009a 0698            217 	mov	r6,r19
0000009c 08e8            218 	mov	r8,r29
                         219 --	    .bf
                         220 .LDW22:
0000009e 0730            221 	mov	r7,r6
000000a0 1338            222 	mov	r19,r7
                         223 	jarl	_ownmemcpy,lp
                         223 <EXPANSION BEGIN>
                         223 jarl22 _ownmemcpy , lp 
000000a2 bfffbeff*       223 <EXPANSION END>
                         224 --line77

                                                                      Page 5
                                                              C:\Users\nhuliyap\AppData\Local\Temp\gh_000088o1.s
                         225 ..lin.C.3A.5C_ECU2.5CECU_Rivian_A1.5CTarget.5Crepo_projects.5CpFOTA.5CcL_R2023.2E09.2E01.5Cmake.5Cobj.5Cfbl_hw.6::
                         226 .LDWlin6:
000000a6 1d50            227 	mov	r29,r10
                         228 --	    .ef
                         229 .LDW32:
000000a8 40067f00        230 	dispose	0,{r29,r31},[lp]
                         231 	.type	_FblReadBlock,@function
                         232 	.size	_FblReadBlock,.-_FblReadBlock
                         233 	.align	2
                         234 .LDW42:
                         235 
                         236 --_address	r19	param
                         237 --_buffer	r7	param
                         238 --_length	r29	param
                         239 
                         240 	.section ".bss","awb"
                         241 .L289:
                         242 	.type	.L289,@object
                         243 	.size	.L289,0
                         244 	.data
                         245 	.text
                         246 	.align	2
                         247 
                         248 	.data
                         249 	.ghsnote version,17
                         250 	.ghsnote tools,3
                         251 	.ghsnote options,144
                         252 	.text
                         253 	.align	2
                         254 ..eof.C.3A.5C_ECU2.5CECU_Rivian_A1.5CTarget.5Crepo_projects.5CpFOTA.5CcL_R2023.2E09.2E01.5Cmake.5Cobj.5Cfbl_hw...43.3A.5C_ECU2.5CECU_Rivian_A1.5CTarget.5Crepo_projects.5CpFOTA.5CcL_R2023.2E09.2E01.5Cmake..64F86479..0::
                         255 .rh850_flags REGMODE32,DATA_ALIGN8,GP_FIX,EP_NONFIX,TP_FIX,REG2_RESERVE,G3K,SDA_EXTRA_REGS_0
