                                                                      Page 1
                                                              C:\Users\nhuliyap\AppData\Local\Temp\gh_00006781.s
Command Line: C:\GHS\comp_201517\ease850.exe -w -stderr=err/fbl_main.err -elf -b0 -I../source/_common -I../source/common -I../source/ecuabcanif -I../source/ecuabcantrcv -I../source/ecuabcryif -I../source/ecuabfee -I../source/ecuabmemif -I../source/libautosar -I../source/mcalcan -I../source/mcalcry -I../source/mcaldio -I../source/mcaleep -I../source/mcalfls -I../source/mcalmcu -I../source/projectara -I../source/projectcfg -I../source/projectcompiler -I../source/swcservicebswm -I../source/swcservicecantp -I../source/swcservicecomm -I../source/swcservicecsm -I../source/swcservicedcm -I../source/swcservicedem -I../source/swcservicedet -I../source/swcserviceecum -I../source/swcservicenvm -I../source/swcserviceos -I../source/swcservicepdur -I../source/swcserviceschm -I../source/swcservicestartup -I../source/wrappers/swcservicesecm -I../source/wrappers/vsecprim -I../source/wrappers/vstdlib -Ic:/ghs/comp_201517/ansi -Ic:/ghs/comp_201517/include/v800 -Igendata -IC:\GHS\comp_201517\lib\rh850 -cg_underscore -cpu=rh850g3k -nofpu -no_v850_simd -rh850_fpsimd=none -nomacro -patch_dbo=C:\_ECU2\ECU_Rivian_A1\Target\repo_projects\pFOTA\cL_R2023.09.01\make\obj\fbl_main.dbo -source=fbl_main.c -o obj\gh_00006781.o -list=lst/fbl_main.lst C:\Users\nhuliyap\AppData\Local\Temp\gh_00006781.s 
Original File: C:\Users\nhuliyap\AppData\Local\Temp\gh_00006781.s
Source File: fbl_main.c
Directory: C:\_ECU2\ECU_Rivian_A1\Target\repo_projects\pFOTA\cL_R2023.09.01\make
Host OS: Windows
EASE: Copyright (C) 1983-2015 Green Hills Software.  All Rights Reserved.
Release: Compiler v2015.1.7
Build Directory: [Directory] BTOWORKER6:c:/build_2015_1_bto/2015-10-21.2100-2015_1_bto/win32-comp-ecom
Revision: [VCInfo] http://toolsvc/branches/release-branch-70-bto/src@544153 (built by build)
Revision Date: Thu Oct 22 07:50:13 2015

Release Date: Thu Oct 22 09:32:32 2015

                           1 --Driver Command: ccrh850 -DBRS_DERIVATIVE_701018 -DBRS_OSC_CLK=16
                           2 --		-DBRS_TIMEBASE_CLOCK=80 -DBRS_EVA_BOARD_
                           3 --		-DBRS_DERIVATIVE_GROUP_F1L -DBRS_OS_USECASE_BRS
                           4 --		-DBRS_PLATFORM_RH850 -DBRS_COMP_GHS
                           5 --		-DBRS_CPU_LOCAL_RAM_SIZE_CORE0=32
                           6 --		-DBRS_CPU_RAM_START_CORE0=0xFEDF8000 -list=lst/fbl_main.lst
                           7 --		-object_dir=obj -stderr=err/fbl_main.err -c -cpu=rh850 -sda=all
                           8 --		-large_sda -prepare_dispose -pragma_asm_inline -no_callt
                           9 --		-inline_prologue -notda -reserve_r2 -fsoft
                          10 --		--unknown_pragma_warnings -list -g -Ogeneral -shortenum
                          11 --		-registermode=32 -I../source/_common -I../source/common
                          12 --		-I../source/ecuabcanif -I../source/ecuabcantrcv
                          13 --		-I../source/ecuabcryif -I../source/ecuabfee
                          14 --		-I../source/ecuabmemif -I../source/libautosar -I../source/mcalcan
                          15 --		-I../source/mcalcry -I../source/mcaldio -I../source/mcaleep
                          16 --		-I../source/mcalfls -I../source/mcalmcu -I../source/projectara
                          17 --		-I../source/projectcfg -I../source/projectcompiler
                          18 --		-I../source/swcservicebswm -I../source/swcservicecantp
                          19 --		-I../source/swcservicecomm -I../source/swcservicecsm
                          20 --		-I../source/swcservicedcm -I../source/swcservicedem
                          21 --		-I../source/swcservicedet -I../source/swcserviceecum
                          22 --		-I../source/swcservicenvm -I../source/swcserviceos
                          23 --		-I../source/swcservicepdur -I../source/swcserviceschm
                          24 --		-I../source/swcservicestartup -I../source/wrappers/swcservicesecm
                          25 --		-I../source/wrappers/vsecprim -I../source/wrappers/vstdlib
                          26 --		-Ic:/ghs/comp_201517/ansi -Ic:/ghs/comp_201517/include/v800
                          27 --		-Igendata ../source/SwcServiceStartUp/fbl_main.c
                          28 --Source File:   ../source/SwcServiceStartUp/fbl_main.c
                          29 --Directory:     
                          30 --		C:\_ECU2\ECU_Rivian_A1\Target\repo_projects\pFOTA\cL_R2023.09.01\make
                          31 --Compile Date:  Wed Sep 06 13:37:31 2023
                          32 --Host OS:       Win32
                          33 --Version:       C-RH850 2015.1.7 RELEASE VERSION
                          34 --Release:       Compiler v2015.1.7
                          35 --Revision Date: Thu Oct 22 08:06:12 2015
                          36 --Release Date:  Thu Oct 22 09:34:32 2015
                          37 -- ecom  -g -w -OM
                          38 	.text
                          39 ..bof.C.3A.5C_ECU2.5CECU_Rivian_A1.5CTarget.5Crepo_projects.5CpFOTA.5CcL_R2023.2E09.2E01.5Cmake.5Cobj.5Cfbl_main...43.3A.5C_ECU2.5CECU_Rivian_A1.5CTarget.5Crepo_projects.5CpFOTA.5CcL_R2023.2E09.2E01.5Cmake..64F8647B..0::
                          40 	.align	2
                          41 ..gh.f.f.1.e.0:
                          42 	.type	..gh.f.f.1.e.0,@object
                          43 	.size	..gh.f.f.1.e.0,0
                          44 	.global	_FblCheckProgrammingRequest..C.3A.5C_ECU2.5CECU_Rivian_A1.5CTarget.5Crepo_projects.5CpFOTA.5CcL_R2023.2E09.2E01.5Cmake.5Cobj.5Cfbl_main.
                          45 _FblCheckProgrammingRequest..C.3A.5C_ECU2.5CECU_Rivian_A1.5CTarget.5Crepo_projects.5CpFOTA.5CcL_R2023.2E09.2E01.5Cmake.5Cobj.5Cfbl_main.:
                          46 _FblCheckProgrammingRequest:
00000000 80072100         47 	prepare	{r31},0
                          48 --	    .bf
                          49 .LDW01:
                          50 	jarl	_ApplFblExtProgRequest,lp

                                                                      Page 2
                                                              C:\Users\nhuliyap\AppData\Local\Temp\gh_00006781.s
                          50 <EXPANSION BEGIN>
                          50 jarl22 _ApplFblExtProgRequest , lp 
00000004 80ff0000*        50 <EXPANSION END>
00000008 2b0600000000*    51 	mov	sdaoff23(_fblMainStates),r11
0000000e 6152             52 	cmp	1,r10
00000010 910d*            53 	bl	.L6
00000012 c20d*            54 	be	.L9
00000014 0a06f0ff         55 	addi	-16,r10,zero
00000018 d20d*            56 	be	.L11
                          57 --line118
                          58 ..lin.C.3A.5C_ECU2.5CECU_Rivian_A1.5CTarget.5Crepo_projects.5CpFOTA.5CcL_R2023.2E09.2E01.5Cmake.5Cobj.5Cfbl_main.1::
                          59 .LDWlin1:
0000001a cb070000         60 	set1	0,0[r11]
0000001e 40063f00         61 	dispose	0,{r31},[lp]
                          62 .L6:
                          63 --line92
                          64 ..lin.C.3A.5C_ECU2.5CECU_Rivian_A1.5CTarget.5Crepo_projects.5CpFOTA.5CcL_R2023.2E09.2E01.5Cmake.5Cobj.5Cfbl_main.2::
                          65 .LDWlin2:
00000022 cb0f0000         66 	set1	1,0[r11]
00000026 40063f00         67 	dispose	0,{r31},[lp]
                          68 .L9:
                          69 --line97
                          70 ..lin.C.3A.5C_ECU2.5CECU_Rivian_A1.5CTarget.5Crepo_projects.5CpFOTA.5CcL_R2023.2E09.2E01.5Cmake.5Cobj.5Cfbl_main.3::
                          71 .LDWlin3:
0000002a cb170000         72 	set1	2,0[r11]
0000002e 40063f00         73 	dispose	0,{r31},[lp]
                          74 .L11:
                          75 --line103
                          76 ..lin.C.3A.5C_ECU2.5CECU_Rivian_A1.5CTarget.5Crepo_projects.5CpFOTA.5CcL_R2023.2E09.2E01.5Cmake.5Cobj.5Cfbl_main.4::
                          77 .LDWlin4:
00000032 204e3300         78 	movea	51,zero,r9
00000036 cb270000         79 	set1	4,0[r11]
0000003a a4070d480000*    80 	st.h	r9,sdaoff23(_startMessageDelay)[gp]
                          81 --	    .ef
                          82 .LDW11:
00000040 40063f00         83 	dispose	0,{r31},[lp]
                          84 	.type	_FblCheckProgrammingRequest,@function
                          85 	.size	_FblCheckProgrammingRequest,.-_FblCheckProgrammingRequest
                          86 	.type	_FblCheckProgrammingRequest..C.3A.5C_ECU2.5CECU_Rivian_A1.5CTarget.5Crepo_projects.5CpFOTA.5CcL_R2023.2E09.2E01.5Cmake.5Cobj.5Cfbl_main.,@function
                          87 	.size	_FblCheckProgrammingRequest..C.3A.5C_ECU2.5CECU_Rivian_A1.5CTarget.5Crepo_projects.5CpFOTA.5CcL_R2023.2E09.2E01.5Cmake.5Cobj.5Cfbl_main.,.-_FblCheckProgrammingRequest..C.3A.5C_ECU2.5CECU_Rivian_A1.5CTarget.5Crepo_projects.5CpFOTA.5CcL_R2023.2E09.2E01.5Cmake.5Cobj.5Cfbl_main.
                          88 	.align	2
                          89 .LDW21:
                          90 
                          91 	.section ".bss","awb"
                          92 .L53:
                          93 	.type	.L53,@object
                          94 	.size	.L53,0
                          95 	.section ".sbss","awb"
                          96 	.align	2
                          97 	.global	_startMessageDelay..C.3A.5C_ECU2.5CECU_Rivian_A1.5CTarget.5Crepo_projects.5CpFOTA.5CcL_R2023.2E09.2E01.5Cmake.5Cobj.5Cfbl_main.
                          98 _startMessageDelay..C.3A.5C_ECU2.5CECU_Rivian_A1.5CTarget.5Crepo_projects.5CpFOTA.5CcL_R2023.2E09.2E01.5Cmake.5Cobj.5Cfbl_main.:
00000000 0000             99 _startMessageDelay:	.space	2
                         100 	.type	_startMessageDelay..C.3A.5C_ECU2.5CECU_Rivian_A1.5CTarget.5Crepo_projects.5CpFOTA.5CcL_R2023.2E09.2E01.5Cmake.5Cobj.5Cfbl_main.,@object
                         101 	.size	_startMessageDelay..C.3A.5C_ECU2.5CECU_Rivian_A1.5CTarget.5Crepo_projects.5CpFOTA.5CcL_R2023.2E09.2E01.5Cmake.5Cobj.5Cfbl_main.,2
                         102 	.type	_startMessageDelay,@object
                         103 	.size	_startMessageDelay,2
                         104 	.data
                         105 	.text
                         106 	.align	2
                         107 	.align	2
                         108 ..gh.f.f.1.e.1:

                                                                      Page 3
                                                              C:\Users\nhuliyap\AppData\Local\Temp\gh_00006781.s
                         109 	.type	..gh.f.f.1.e.1,@object
                         110 	.size	..gh.f.f.1.e.1,0
                         111 	.global	_FblPostProcessStartMsg..C.3A.5C_ECU2.5CECU_Rivian_A1.5CTarget.5Crepo_projects.5CpFOTA.5CcL_R2023.2E09.2E01.5Cmake.5Cobj.5Cfbl_main.
                         112 _FblPostProcessStartMsg..C.3A.5C_ECU2.5CECU_Rivian_A1.5CTarget.5Crepo_projects.5CpFOTA.5CcL_R2023.2E09.2E01.5Cmake.5Cobj.5Cfbl_main.:
                         113 _FblPostProcessStartMsg:
00000044 80076100        114 	prepare	{r29,r31},0
                         115 --	    .bf
                         116 .LDW31:
00000048 6132            117 	cmp	1,r6
0000004a 810d*           118 	bl	.L131
0000004c e20d*           119 	be	.L134
                         120 --line144
                         121 ..lin.C.3A.5C_ECU2.5CECU_Rivian_A1.5CTarget.5Crepo_projects.5CpFOTA.5CcL_R2023.2E09.2E01.5Cmake.5Cobj.5Cfbl_main.5::
                         122 .LDWlin5:
0000004e 20365000        123 	movea	80,zero,r6
                         124 	jarl	_ApplFblFatalError,lp
                         124 <EXPANSION BEGIN>
                         124 jarl22 _ApplFblFatalError , lp 
00000052 80ff0000*       124 <EXPANSION END>
00000056 40067f00        125 	dispose	0,{r29,r31},[lp]
                         126 .L131:
                         127 --line129
                         128 ..lin.C.3A.5C_ECU2.5CECU_Rivian_A1.5CTarget.5Crepo_projects.5CpFOTA.5CcL_R2023.2E09.2E01.5Cmake.5Cobj.5Cfbl_main.6::
                         129 .LDWlin6:
0000005a 2b0600000000*   130 	mov	sdaoff23(_fblMainStates),r11
00000060 cb2f0000        131 	set1	5,0[r11]
00000064 40067f00        132 	dispose	0,{r29,r31},[lp]
                         133 .L134:
                         134 --line137
                         135 ..lin.C.3A.5C_ECU2.5CECU_Rivian_A1.5CTarget.5Crepo_projects.5CpFOTA.5CcL_R2023.2E09.2E01.5Cmake.5Cobj.5Cfbl_main.7::
                         136 .LDWlin7:
00000068 20ef1103        137 	ld.w	lo(784)[zero],r29
0000006c fdc760f9        138 	jarl	[r29],lp
                         139 --	    .ef
                         140 .LDW41:
                         141 --line149
                         142 ..lin.C.3A.5C_ECU2.5CECU_Rivian_A1.5CTarget.5Crepo_projects.5CpFOTA.5CcL_R2023.2E09.2E01.5Cmake.5Cobj.5Cfbl_main.8::
                         143 .LDWlin8:
00000070 40067f00        144 	dispose	0,{r29,r31},[lp]
                         145 	.type	_FblPostProcessStartMsg,@function
                         146 	.size	_FblPostProcessStartMsg,.-_FblPostProcessStartMsg
                         147 	.type	_FblPostProcessStartMsg..C.3A.5C_ECU2.5CECU_Rivian_A1.5CTarget.5Crepo_projects.5CpFOTA.5CcL_R2023.2E09.2E01.5Cmake.5Cobj.5Cfbl_main.,@function
                         148 	.size	_FblPostProcessStartMsg..C.3A.5C_ECU2.5CECU_Rivian_A1.5CTarget.5Crepo_projects.5CpFOTA.5CcL_R2023.2E09.2E01.5Cmake.5Cobj.5Cfbl_main.,.-_FblPostProcessStartMsg..C.3A.5C_ECU2.5CECU_Rivian_A1.5CTarget.5Crepo_projects.5CpFOTA.5CcL_R2023.2E09.2E01.5Cmake.5Cobj.5Cfbl_main.
                         149 	.align	2
                         150 .LDW51:
                         151 
                         152 --_startMsgResult	r6	param
                         153 
                         154 	.section ".bss","awb"
                         155 .L176:
                         156 	.type	.L176,@object
                         157 	.size	.L176,0
                         158 	.data
                         159 	.text
                         160 	.align	2
                         161 	.align	2
                         162 ..gh.f.f.1.e.2:
                         163 	.type	..gh.f.f.1.e.2,@object
                         164 	.size	..gh.f.f.1.e.2,0
                         165 	.global	_FblInitPowerOn..C.3A.5C_ECU2.5CECU_Rivian_A1.5CTarget.5Crepo_projects.5CpFOTA.5CcL_R2023.2E09.2E01.5Cmake.5Cobj.5Cfbl_main.
                         166 _FblInitPowerOn..C.3A.5C_ECU2.5CECU_Rivian_A1.5CTarget.5Crepo_projects.5CpFOTA.5CcL_R2023.2E09.2E01.5Cmake.5Cobj.5Cfbl_main.:

                                                                      Page 4
                                                              C:\Users\nhuliyap\AppData\Local\Temp\gh_00006781.s
                         167 _FblInitPowerOn:
00000074 80072100        168 	prepare	{r31},0
                         169 --	    .bf
                         170 .LDW61:
                         171 ..gh.beginasm.3:
                         172 	.type	..gh.beginasm.3,@object
                         173 	.size	..gh.beginasm.3,0
00000078 e0076001        174   di
                         175 
                         176 ..gh.endasm.4:
                         177 	.type	..gh.endasm.4,@object
                         178 	.size	..gh.endasm.4,0
                         179 --line156
                         180 ..lin.C.3A.5C_ECU2.5CECU_Rivian_A1.5CTarget.5Crepo_projects.5CpFOTA.5CcL_R2023.2E09.2E01.5Cmake.5Cobj.5Cfbl_main.9::
                         181 .LDWlin9:
0000007c 320600000000*   182 	mov	_FblHeader,r18
00000082 1206a0fc        183 	addi	-864,r18,zero
00000086 d205*           184 	be	.L237
                         185 --line156
                         186 ..lin.C.3A.5C_ECU2.5CECU_Rivian_A1.5CTarget.5Crepo_projects.5CpFOTA.5CcL_R2023.2E09.2E01.5Cmake.5Cobj.5Cfbl_main.10::
                         187 .LDWlin10:
00000088 20365000        188 	movea	80,zero,r6
                         189 	jarl	_ApplFblFatalError,lp
                         189 <EXPANSION BEGIN>
                         189 jarl22 _ApplFblFatalError , lp 
0000008c 80ff0000*       189 <EXPANSION END>
                         190 .L237:
                         191 --line159
                         192 ..lin.C.3A.5C_ECU2.5CECU_Rivian_A1.5CTarget.5Crepo_projects.5CpFOTA.5CcL_R2023.2E09.2E01.5Cmake.5Cobj.5Cfbl_main.11::
                         193 .LDWlin11:
00000090 84070f000000*   194 	st.w	zero,sdaoff23(_fblMainStates)[gp]
00000096 a4070d000000*   195 	st.h	zero,sdaoff23(_startMessageDelay)[gp]
0000009c 84070d000000*   196 	st.b	zero,sdaoff23(_WDInitFlag)[gp]
                         197 	jarl	_FblCw_InitMemory,lp
                         197 <EXPANSION BEGIN>
                         197 jarl22 _FblCw_InitMemory , lp 
000000a2 80ff0000*       197 <EXPANSION END>
                         198 --line173
                         199 ..lin.C.3A.5C_ECU2.5CECU_Rivian_A1.5CTarget.5Crepo_projects.5CpFOTA.5CcL_R2023.2E09.2E01.5Cmake.5Cobj.5Cfbl_main.12::
                         200 .LDWlin12:
                         201 	jarl	_FblDiagInitPowerOn,lp
                         201 <EXPANSION BEGIN>
                         201 jarl22 _FblDiagInitPowerOn , lp 
000000a6 80ff0000*       201 <EXPANSION END>
                         202 --line174
                         203 ..lin.C.3A.5C_ECU2.5CECU_Rivian_A1.5CTarget.5Crepo_projects.5CpFOTA.5CcL_R2023.2E09.2E01.5Cmake.5Cobj.5Cfbl_main.13::
                         204 .LDWlin13:
                         205 	jarl	_MemDriver_InitPowerOn,lp
                         205 <EXPANSION BEGIN>
                         205 jarl22 _MemDriver_InitPowerOn , lp 
000000aa 80ff0000*       205 <EXPANSION END>
                         206 --line175
                         207 ..lin.C.3A.5C_ECU2.5CECU_Rivian_A1.5CTarget.5Crepo_projects.5CpFOTA.5CcL_R2023.2E09.2E01.5Cmake.5Cobj.5Cfbl_main.14::
                         208 .LDWlin14:
                         209 	jarl	_FblLbtInitPowerOn,lp
                         209 <EXPANSION BEGIN>
                         209 jarl22 _FblLbtInitPowerOn , lp 
000000ae 80ff0000*       209 <EXPANSION END>
                         210 --line178
                         211 ..lin.C.3A.5C_ECU2.5CECU_Rivian_A1.5CTarget.5Crepo_projects.5CpFOTA.5CcL_R2023.2E09.2E01.5Cmake.5Cobj.5Cfbl_main.15::
                         212 .LDWlin15:

                                                                      Page 5
                                                              C:\Users\nhuliyap\AppData\Local\Temp\gh_00006781.s
000000b2 0032            213 	mov	0,r6
                         214 	jarl	_SecM_InitPowerOn,lp
                         214 <EXPANSION BEGIN>
                         214 jarl22 _SecM_InitPowerOn , lp 
000000b4 80ff0000*       214 <EXPANSION END>
                         215 --	    .ef
                         216 .LDW71:
                         217 --line181
                         218 ..lin.C.3A.5C_ECU2.5CECU_Rivian_A1.5CTarget.5Crepo_projects.5CpFOTA.5CcL_R2023.2E09.2E01.5Cmake.5Cobj.5Cfbl_main.16::
                         219 .LDWlin16:
000000b8 40063f00        220 	dispose	0,{r31},[lp]
                         221 	.type	_FblInitPowerOn,@function
                         222 	.size	_FblInitPowerOn,.-_FblInitPowerOn
                         223 	.type	_FblInitPowerOn..C.3A.5C_ECU2.5CECU_Rivian_A1.5CTarget.5Crepo_projects.5CpFOTA.5CcL_R2023.2E09.2E01.5Cmake.5Cobj.5Cfbl_main.,@function
                         224 	.size	_FblInitPowerOn..C.3A.5C_ECU2.5CECU_Rivian_A1.5CTarget.5Crepo_projects.5CpFOTA.5CcL_R2023.2E09.2E01.5Cmake.5Cobj.5Cfbl_main.,.-_FblInitPowerOn..C.3A.5C_ECU2.5CECU_Rivian_A1.5CTarget.5Crepo_projects.5CpFOTA.5CcL_R2023.2E09.2E01.5Cmake.5Cobj.5Cfbl_main.
                         225 	.align	2
                         226 .LDW81:
                         227 
                         228 	.section ".bss","awb"
                         229 .L294:
                         230 	.type	.L294,@object
                         231 	.size	.L294,0
                         232 	.data
                         233 	.text
                         234 	.align	2
                         235 	.align	2
                         236 ..gh.f.f.1.e.5:
                         237 	.type	..gh.f.f.1.e.5,@object
                         238 	.size	..gh.f.f.1.e.5,0
                         239 	.global	_FblInit..C.3A.5C_ECU2.5CECU_Rivian_A1.5CTarget.5Crepo_projects.5CpFOTA.5CcL_R2023.2E09.2E01.5Cmake.5Cobj.5Cfbl_main.
                         240 _FblInit..C.3A.5C_ECU2.5CECU_Rivian_A1.5CTarget.5Crepo_projects.5CpFOTA.5CcL_R2023.2E09.2E01.5Cmake.5Cobj.5Cfbl_main.:
                         241 _FblInit:
000000bc 80076100        242 	prepare	{r29,r31},0
000000c0 8600            243 	zxb	r6
                         244 --	    .bf
                         245 .LDW91:
000000c2 06e8            246 	mov	r6,r29
                         247 	jarl	_ApplFblStartup,lp
                         247 <EXPANSION BEGIN>
                         247 jarl22 _ApplFblStartup , lp 
000000c4 80ff0000*       247 <EXPANSION END>
                         248 --line186
                         249 ..lin.C.3A.5C_ECU2.5CECU_Rivian_A1.5CTarget.5Crepo_projects.5CpFOTA.5CcL_R2023.2E09.2E01.5Cmake.5Cobj.5Cfbl_main.17::
                         250 .LDWlin17:
000000c8 61ea            251 	cmp	1,r29
000000ca 810d*           252 	bl	.L346
000000cc d215*           253 	be	.L338
000000ce 63ea            254 	cmp	3,r29
000000d0 a10d*           255 	bl	.L340
000000d2 ca05*           256 	bne	.L346
                         257 --line223
                         258 ..lin.C.3A.5C_ECU2.5CECU_Rivian_A1.5CTarget.5Crepo_projects.5CpFOTA.5CcL_R2023.2E09.2E01.5Cmake.5Cobj.5Cfbl_main.18::
                         259 .LDWlin18:
                         260 	jarl	_FblDiagPostInit,lp
                         260 <EXPANSION BEGIN>
                         260 jarl22 _FblDiagPostInit , lp 
000000d4 80ff0000*       260 <EXPANSION END>
                         261 --line232
                         262 ..lin.C.3A.5C_ECU2.5CECU_Rivian_A1.5CTarget.5Crepo_projects.5CpFOTA.5CcL_R2023.2E09.2E01.5Cmake.5Cobj.5Cfbl_main.19::
                         263 .LDWlin19:
000000d8 f50d*           264 	br	.L338

                                                                      Page 6
                                                              C:\Users\nhuliyap\AppData\Local\Temp\gh_00006781.s
                         265 .L346:
                         266 --line237
                         267 ..lin.C.3A.5C_ECU2.5CECU_Rivian_A1.5CTarget.5Crepo_projects.5CpFOTA.5CcL_R2023.2E09.2E01.5Cmake.5Cobj.5Cfbl_main.20::
                         268 .LDWlin20:
000000da 20365000        269 	movea	80,zero,r6
                         270 	jarl	_ApplFblFatalError,lp
                         270 <EXPANSION BEGIN>
                         270 jarl22 _ApplFblFatalError , lp 
000000de 80ff0000*       270 <EXPANSION END>
000000e2 a50d*           271 	br	.L338
                         272 .L340:
                         273 --line204
                         274 ..lin.C.3A.5C_ECU2.5CECU_Rivian_A1.5CTarget.5Crepo_projects.5CpFOTA.5CcL_R2023.2E09.2E01.5Cmake.5Cobj.5Cfbl_main.21::
                         275 .LDWlin21:
                         276 	jarl	_FblInitWatchdog,lp
                         276 <EXPANSION BEGIN>
                         276 jarl22 _FblInitWatchdog , lp 
000000e4 80ff0000*       276 <EXPANSION END>
                         277 --line208
                         278 ..lin.C.3A.5C_ECU2.5CECU_Rivian_A1.5CTarget.5Crepo_projects.5CpFOTA.5CcL_R2023.2E09.2E01.5Cmake.5Cobj.5Cfbl_main.22::
                         279 .LDWlin22:
                         280 	jarl	_FblTimerInit,lp
                         280 <EXPANSION BEGIN>
                         280 jarl22 _FblTimerInit , lp 
000000e8 80ff0000*       280 <EXPANSION END>
                         281 --line212
                         282 ..lin.C.3A.5C_ECU2.5CECU_Rivian_A1.5CTarget.5Crepo_projects.5CpFOTA.5CcL_R2023.2E09.2E01.5Cmake.5Cobj.5Cfbl_main.23::
                         283 .LDWlin23:
000000ec 0032            284 	mov	0,r6
                         285 	jarl	_FblCw_Init,lp
                         285 <EXPANSION BEGIN>
                         285 jarl22 _FblCw_Init , lp 
000000ee 80ff0000*       285 <EXPANSION END>
                         286 --line217
                         287 ..lin.C.3A.5C_ECU2.5CECU_Rivian_A1.5CTarget.5Crepo_projects.5CpFOTA.5CcL_R2023.2E09.2E01.5Cmake.5Cobj.5Cfbl_main.24::
                         288 .LDWlin24:
                         289 	jarl	_FblDiagInit,lp
                         289 <EXPANSION BEGIN>
                         289 jarl22 _FblDiagInit , lp 
000000f2 80ff0000*       289 <EXPANSION END>
                         290 .L338:
                         291 --line242
                         292 ..lin.C.3A.5C_ECU2.5CECU_Rivian_A1.5CTarget.5Crepo_projects.5CpFOTA.5CcL_R2023.2E09.2E01.5Cmake.5Cobj.5Cfbl_main.25::
                         293 .LDWlin25:
000000f6 9d368000        294 	ori	128,r29,r6
                         295 	jarl	_ApplFblStartup,lp
                         295 <EXPANSION BEGIN>
                         295 jarl22 _ApplFblStartup , lp 
000000fa 80ff0000*       295 <EXPANSION END>
                         296 --	    .ef
                         297 .LDW02:
                         298 --line243
                         299 ..lin.C.3A.5C_ECU2.5CECU_Rivian_A1.5CTarget.5Crepo_projects.5CpFOTA.5CcL_R2023.2E09.2E01.5Cmake.5Cobj.5Cfbl_main.26::
                         300 .LDWlin26:
000000fe 40067f00        301 	dispose	0,{r29,r31},[lp]
                         302 	.type	_FblInit,@function
                         303 	.size	_FblInit,.-_FblInit
                         304 	.type	_FblInit..C.3A.5C_ECU2.5CECU_Rivian_A1.5CTarget.5Crepo_projects.5CpFOTA.5CcL_R2023.2E09.2E01.5Cmake.5Cobj.5Cfbl_main.,@function
                         305 	.size	_FblInit..C.3A.5C_ECU2.5CECU_Rivian_A1.5CTarget.5Crepo_projects.5CpFOTA.5CcL_R2023.2E09.2E01.5Cmake.5Cobj.5Cfbl_main.,.-_FblInit..C.3A.5C_ECU2.5CECU_Rivian_A1.5CTarget.5Crepo_projects.5CpFOTA.5CcL_R2023.2E09.2E01.5Cmake.5Cobj.5Cfbl_main.
                         306 	.align	2
                         307 .LDW12:

                                                                      Page 7
                                                              C:\Users\nhuliyap\AppData\Local\Temp\gh_00006781.s
                         308 
                         309 --_initposition	r29	param
                         310 
                         311 	.section ".bss","awb"
                         312 .L396:
                         313 	.type	.L396,@object
                         314 	.size	.L396,0
                         315 	.data
                         316 	.text
                         317 	.align	2
                         318 	.align	2
                         319 ..gh.f.f.1.e.6:
                         320 	.type	..gh.f.f.1.e.6,@object
                         321 	.size	..gh.f.f.1.e.6,0
                         322 	.global	_FblDeinit..C.3A.5C_ECU2.5CECU_Rivian_A1.5CTarget.5Crepo_projects.5CpFOTA.5CcL_R2023.2E09.2E01.5Cmake.5Cobj.5Cfbl_main.
                         323 _FblDeinit..C.3A.5C_ECU2.5CECU_Rivian_A1.5CTarget.5Crepo_projects.5CpFOTA.5CcL_R2023.2E09.2E01.5Cmake.5Cobj.5Cfbl_main.:
                         324 _FblDeinit:
00000102 80072100        325 	prepare	{r31},0
                         326 --	    .bf
                         327 .LDW22:
                         328 	jarl	_FblCw_Deinit,lp
                         328 <EXPANSION BEGIN>
                         328 jarl22 _FblCw_Deinit , lp 
00000106 80ff0000*       328 <EXPANSION END>
                         329 --line253
                         330 ..lin.C.3A.5C_ECU2.5CECU_Rivian_A1.5CTarget.5Crepo_projects.5CpFOTA.5CcL_R2023.2E09.2E01.5Cmake.5Cobj.5Cfbl_main.27::
                         331 .LDWlin27:
                         332 	jarl	_ApplFblWDLong,lp
                         332 <EXPANSION BEGIN>
                         332 jarl22 _ApplFblWDLong , lp 
0000010a 80ff0000*       332 <EXPANSION END>
                         333 --line256
                         334 ..lin.C.3A.5C_ECU2.5CECU_Rivian_A1.5CTarget.5Crepo_projects.5CpFOTA.5CcL_R2023.2E09.2E01.5Cmake.5Cobj.5Cfbl_main.28::
                         335 .LDWlin28:
0000010e 3e06c801e2ff    336 	mov	-1965624,ep
00000114 7090            337 	sld.hu	0[ep],r18
00000116 92960700        338 	ori	7,r18,r18
0000011a 8094            339 	sst.h	r18,0[ep]
                         340 --	    .ef
                         341 .LDW32:
0000011c 40063f00        342 	dispose	0,{r31},[lp]
                         343 	.type	_FblDeinit,@function
                         344 	.size	_FblDeinit,.-_FblDeinit
                         345 	.type	_FblDeinit..C.3A.5C_ECU2.5CECU_Rivian_A1.5CTarget.5Crepo_projects.5CpFOTA.5CcL_R2023.2E09.2E01.5Cmake.5Cobj.5Cfbl_main.,@function
                         346 	.size	_FblDeinit..C.3A.5C_ECU2.5CECU_Rivian_A1.5CTarget.5Crepo_projects.5CpFOTA.5CcL_R2023.2E09.2E01.5Cmake.5Cobj.5Cfbl_main.,.-_FblDeinit..C.3A.5C_ECU2.5CECU_Rivian_A1.5CTarget.5Crepo_projects.5CpFOTA.5CcL_R2023.2E09.2E01.5Cmake.5Cobj.5Cfbl_main.
                         347 	.align	2
                         348 .LDW42:
                         349 
                         350 	.section ".bss","awb"
                         351 .L497:
                         352 	.type	.L497,@object
                         353 	.size	.L497,0
                         354 	.data
                         355 	.text
                         356 	.align	2
                         357 	.align	2
                         358 ..gh.f.f.1.e.7:
                         359 	.type	..gh.f.f.1.e.7,@object
                         360 	.size	..gh.f.f.1.e.7,0
                         361 	.global	_FblRepeatCheckForStartMsg..C.3A.5C_ECU2.5CECU_Rivian_A1.5CTarget.5Crepo_projects.5CpFOTA.5CcL_R2023.2E09.2E01.5Cmake.5Cobj.5Cfbl_main.
                         362 _FblRepeatCheckForStartMsg..C.3A.5C_ECU2.5CECU_Rivian_A1.5CTarget.5Crepo_projects.5CpFOTA.5CcL_R2023.2E09.2E01.5Cmake.5Cobj.5Cfbl_main.:

                                                                      Page 8
                                                              C:\Users\nhuliyap\AppData\Local\Temp\gh_00006781.s
                         363 _FblRepeatCheckForStartMsg:
00000120 80072100        364 	prepare	{r31},0
                         365 --	    .bf
                         366 .LDW52:
00000124 2b0600000000*   367 	mov	sdaoff23(_fblCwStateStartMsg),r11
0000012a cb070000        368 	set1	0,0[r11]
0000012e c535*           369 	br	.L517
                         370 .L519:
                         371 --line263
                         372 ..lin.C.3A.5C_ECU2.5CECU_Rivian_A1.5CTarget.5Crepo_projects.5CpFOTA.5CcL_R2023.2E09.2E01.5Cmake.5Cobj.5Cfbl_main.29::
                         373 .LDWlin29:
                         374 	jarl	_FblLookForWatchdog,lp
                         374 <EXPANSION BEGIN>
                         374 jarl22 _FblLookForWatchdog , lp 
00000130 80ff0000*       374 <EXPANSION END>
00000134 8252            375 	shr	2,r10
00000136 c925*           376 	bnl	.L520
                         377 --line264
                         378 ..lin.C.3A.5C_ECU2.5CECU_Rivian_A1.5CTarget.5Crepo_projects.5CpFOTA.5CcL_R2023.2E09.2E01.5Cmake.5Cobj.5Cfbl_main.30::
                         379 .LDWlin30:
00000138 3e0600000000*   380 	mov	sdaoff23(_startMessageDelay),ep
0000013e 7090            381 	sld.hu	0[ep],r18
00000140 5f92            382 	add	-1,r18
00000142 8094            383 	sst.h	r18,0[ep]
00000144 d092            384 	shl	16,r18
00000146 ca1d*           385 	bne	.L520
                         386 --line266
                         387 ..lin.C.3A.5C_ECU2.5CECU_Rivian_A1.5CTarget.5Crepo_projects.5CpFOTA.5CcL_R2023.2E09.2E01.5Cmake.5Cobj.5Cfbl_main.31::
                         388 .LDWlin31:
                         389 	jarl	_SUPPLIER1_GetFaultFlag,lp
                         389 <EXPANSION BEGIN>
                         389 jarl22 _SUPPLIER1_GetFaultFlag , lp 
00000148 80ff0000*       389 <EXPANSION END>
0000014c e051            390 	cmp	zero,r10
0000014e 8a1d*           391 	bne	.L520
                         392 --line267
                         393 ..lin.C.3A.5C_ECU2.5CECU_Rivian_A1.5CTarget.5Crepo_projects.5CpFOTA.5CcL_R2023.2E09.2E01.5Cmake.5Cobj.5Cfbl_main.32::
                         394 .LDWlin32:
                         395 	jarl	_SUPPLIER1_CustomerSpecificValidityChecks,lp
                         395 <EXPANSION BEGIN>
                         395 jarl22 _SUPPLIER1_CustomerSpecificValidityChecks , lp 
00000150 80ff0000*       395 <EXPANSION END>
00000154 e051            396 	cmp	zero,r10
00000156 ca0d*           397 	bne	.L526
                         398 --line268
                         399 ..lin.C.3A.5C_ECU2.5CECU_Rivian_A1.5CTarget.5Crepo_projects.5CpFOTA.5CcL_R2023.2E09.2E01.5Cmake.5Cobj.5Cfbl_main.33::
                         400 .LDWlin33:
00000158 2b0600000000*   401 	mov	sdaoff23(_fblCwStateStartMsg),r11
0000015e 204ed007        402 	movea	2000,zero,r9
00000162 cb0f0000        403 	set1	1,0[r11]
00000166 a4070d480000*   404 	st.h	r9,sdaoff23(_testerPresentTimeout)[gp]
0000016c 950d*           405 	br	.L520
                         406 .L526:
                         407 --line272
                         408 ..lin.C.3A.5C_ECU2.5CECU_Rivian_A1.5CTarget.5Crepo_projects.5CpFOTA.5CcL_R2023.2E09.2E01.5Cmake.5Cobj.5Cfbl_main.34::
                         409 .LDWlin34:
0000016e 2b0600000000*   410 	mov	sdaoff23(_fblMainStates),r11
00000174 cba70000        411 	clr1	4,0[r11]
00000178 0132            412 	mov	1,r6
                         413 	jarl	_FblPostProcessStartMsg,lp
                         413 <EXPANSION BEGIN>

                                                                      Page 9
                                                              C:\Users\nhuliyap\AppData\Local\Temp\gh_00006781.s
                         413 jarl22 _FblPostProcessStartMsg , lp 
0000017a bfffcafe*       413 <EXPANSION END>
                         414 .L520:
                         415 --line278
                         416 ..lin.C.3A.5C_ECU2.5CECU_Rivian_A1.5CTarget.5Crepo_projects.5CpFOTA.5CcL_R2023.2E09.2E01.5Cmake.5Cobj.5Cfbl_main.35::
                         417 .LDWlin35:
                         418 	jarl	_FblCwCheckStartMessage,lp
                         418 <EXPANSION BEGIN>
                         418 jarl22 _FblCwCheckStartMessage , lp 
0000017e 80ff0000*       418 <EXPANSION END>
00000182 e051            419 	cmp	zero,r10
00000184 9a0d*           420 	bne	.L517
                         421 --line279
                         422 ..lin.C.3A.5C_ECU2.5CECU_Rivian_A1.5CTarget.5Crepo_projects.5CpFOTA.5CcL_R2023.2E09.2E01.5Cmake.5Cobj.5Cfbl_main.36::
                         423 .LDWlin36:
00000186 2b0600000000*   424 	mov	sdaoff23(_fblMainStates),r11
0000018c cba70000        425 	clr1	4,0[r11]
00000190 0a30            426 	mov	r10,r6
                         427 	jarl	_FblPostProcessStartMsg,lp
                         427 <EXPANSION BEGIN>
                         427 jarl22 _FblPostProcessStartMsg , lp 
00000192 bfffb2fe*       427 <EXPANSION END>
                         428 .L517:
                         429 --line262
                         430 ..lin.C.3A.5C_ECU2.5CECU_Rivian_A1.5CTarget.5Crepo_projects.5CpFOTA.5CcL_R2023.2E09.2E01.5Cmake.5Cobj.5Cfbl_main.37::
                         431 .LDWlin37:
00000196 2b0600000000*   432 	mov	sdaoff23(_fblMainStates),r11
0000019c cbe70000        433 	tst1	4,0[r11]
000001a0 8acd*           434 	bne	.L519
                         435 --line283
                         436 ..lin.C.3A.5C_ECU2.5CECU_Rivian_A1.5CTarget.5Crepo_projects.5CpFOTA.5CcL_R2023.2E09.2E01.5Cmake.5Cobj.5Cfbl_main.38::
                         437 .LDWlin38:
000001a2 2b0600000000*   438 	mov	sdaoff23(_fblCwStateStartMsg),r11
000001a8 cb870000        439 	clr1	0,0[r11]
                         440 --	    .ef
                         441 .LDW62:
000001ac 40063f00        442 	dispose	0,{r31},[lp]
                         443 	.type	_FblRepeatCheckForStartMsg,@function
                         444 	.size	_FblRepeatCheckForStartMsg,.-_FblRepeatCheckForStartMsg
                         445 	.type	_FblRepeatCheckForStartMsg..C.3A.5C_ECU2.5CECU_Rivian_A1.5CTarget.5Crepo_projects.5CpFOTA.5CcL_R2023.2E09.2E01.5Cmake.5Cobj.5Cfbl_main.,@function
                         446 	.size	_FblRepeatCheckForStartMsg..C.3A.5C_ECU2.5CECU_Rivian_A1.5CTarget.5Crepo_projects.5CpFOTA.5CcL_R2023.2E09.2E01.5Cmake.5Cobj.5Cfbl_main.,.-_FblRepeatCheckForStartMsg..C.3A.5C_ECU2.5CECU_Rivian_A1.5CTarget.5Crepo_projects.5CpFOTA.5CcL_R2023.2E09.2E01.5Cmake.5Cobj.5Cfbl_main.
                         447 	.align	2
                         448 .LDW72:
                         449 
                         450 	.section ".bss","awb"
                         451 .L624:
                         452 	.type	.L624,@object
                         453 	.size	.L624,0
                         454 	.data
                         455 	.text
                         456 	.align	2
                         457 	.align	2
                         458 ..gh.f.f.1.e.8:
                         459 	.type	..gh.f.f.1.e.8,@object
                         460 	.size	..gh.f.f.1.e.8,0
                         461 	.global	_FblRepeat..C.3A.5C_ECU2.5CECU_Rivian_A1.5CTarget.5Crepo_projects.5CpFOTA.5CcL_R2023.2E09.2E01.5Cmake.5Cobj.5Cfbl_main.
                         462 _FblRepeat..C.3A.5C_ECU2.5CECU_Rivian_A1.5CTarget.5Crepo_projects.5CpFOTA.5CcL_R2023.2E09.2E01.5Cmake.5Cobj.5Cfbl_main.:
                         463 _FblRepeat:
000001b0 80072100        464 	prepare	{r31},0
                         465 --	    .bf
                         466 .LDW82:

                                                                      Page 10
                                                              C:\Users\nhuliyap\AppData\Local\Temp\gh_00006781.s
000001b4 f50d*           467 	br	.L734
                         468 .L736:
                         469 --line289
                         470 ..lin.C.3A.5C_ECU2.5CECU_Rivian_A1.5CTarget.5Crepo_projects.5CpFOTA.5CcL_R2023.2E09.2E01.5Cmake.5Cobj.5Cfbl_main.39::
                         471 .LDWlin39:
                         472 	jarl	_FblLookForWatchdog,lp
                         472 <EXPANSION BEGIN>
                         472 jarl22 _FblLookForWatchdog , lp 
000001b6 80ff0000*       472 <EXPANSION END>
000001ba 8252            473 	shr	2,r10
000001bc d905*           474 	bnl	.L737
                         475 --line290
                         476 ..lin.C.3A.5C_ECU2.5CECU_Rivian_A1.5CTarget.5Crepo_projects.5CpFOTA.5CcL_R2023.2E09.2E01.5Cmake.5Cobj.5Cfbl_main.40::
                         477 .LDWlin40:
                         478 	jarl	_FblDiagTimerTask,lp
                         478 <EXPANSION BEGIN>
                         478 jarl22 _FblDiagTimerTask , lp 
000001be 80ff0000*       478 <EXPANSION END>
                         479 --line292
                         480 ..lin.C.3A.5C_ECU2.5CECU_Rivian_A1.5CTarget.5Crepo_projects.5CpFOTA.5CcL_R2023.2E09.2E01.5Cmake.5Cobj.5Cfbl_main.41::
                         481 .LDWlin41:
                         482 	jarl	_ApplFblTask,lp
                         482 <EXPANSION BEGIN>
                         482 jarl22 _ApplFblTask , lp 
000001c2 80ff0000*       482 <EXPANSION END>
                         483 .L737:
                         484 --line295
                         485 ..lin.C.3A.5C_ECU2.5CECU_Rivian_A1.5CTarget.5Crepo_projects.5CpFOTA.5CcL_R2023.2E09.2E01.5Cmake.5Cobj.5Cfbl_main.42::
                         486 .LDWlin42:
                         487 	jarl	_FblDiagStateTask,lp
                         487 <EXPANSION BEGIN>
                         487 jarl22 _FblDiagStateTask , lp 
000001c6 80ff0000*       487 <EXPANSION END>
                         488 --line296
                         489 ..lin.C.3A.5C_ECU2.5CECU_Rivian_A1.5CTarget.5Crepo_projects.5CpFOTA.5CcL_R2023.2E09.2E01.5Cmake.5Cobj.5Cfbl_main.43::
                         490 .LDWlin43:
                         491 	jarl	_FblCwIdleTask,lp
                         491 <EXPANSION BEGIN>
                         491 jarl22 _FblCwIdleTask , lp 
000001ca 80ff0000*       491 <EXPANSION END>
                         492 --line298
                         493 ..lin.C.3A.5C_ECU2.5CECU_Rivian_A1.5CTarget.5Crepo_projects.5CpFOTA.5CcL_R2023.2E09.2E01.5Cmake.5Cobj.5Cfbl_main.44::
                         494 .LDWlin44:
                         495 	jarl	_ApplFblStateTask,lp
                         495 <EXPANSION BEGIN>
                         495 jarl22 _ApplFblStateTask , lp 
000001ce 80ff0000*       495 <EXPANSION END>
                         496 .L734:
                         497 --line288
                         498 ..lin.C.3A.5C_ECU2.5CECU_Rivian_A1.5CTarget.5Crepo_projects.5CpFOTA.5CcL_R2023.2E09.2E01.5Cmake.5Cobj.5Cfbl_main.45::
                         499 .LDWlin45:
000001d2 2b0600000000*   500 	mov	sdaoff23(_fblMainStates),r11
000001d8 cbf70000        501 	tst1	6,0[r11]
000001dc d2ed*           502 	be	.L736
                         503 --	    .ef
                         504 .LDW92:
                         505 --line301
                         506 ..lin.C.3A.5C_ECU2.5CECU_Rivian_A1.5CTarget.5Crepo_projects.5CpFOTA.5CcL_R2023.2E09.2E01.5Cmake.5Cobj.5Cfbl_main.46::
                         507 .LDWlin46:
000001de 40063f00        508 	dispose	0,{r31},[lp]
                         509 	.type	_FblRepeat,@function

                                                                      Page 11
                                                              C:\Users\nhuliyap\AppData\Local\Temp\gh_00006781.s
                         510 	.size	_FblRepeat,.-_FblRepeat
                         511 	.type	_FblRepeat..C.3A.5C_ECU2.5CECU_Rivian_A1.5CTarget.5Crepo_projects.5CpFOTA.5CcL_R2023.2E09.2E01.5Cmake.5Cobj.5Cfbl_main.,@function
                         512 	.size	_FblRepeat..C.3A.5C_ECU2.5CECU_Rivian_A1.5CTarget.5Crepo_projects.5CpFOTA.5CcL_R2023.2E09.2E01.5Cmake.5Cobj.5Cfbl_main.,.-_FblRepeat..C.3A.5C_ECU2.5CECU_Rivian_A1.5CTarget.5Crepo_projects.5CpFOTA.5CcL_R2023.2E09.2E01.5Cmake.5Cobj.5Cfbl_main.
                         513 	.align	2
                         514 .LDW03:
                         515 
                         516 	.section ".bss","awb"
                         517 .L792:
                         518 	.type	.L792,@object
                         519 	.size	.L792,0
                         520 	.data
                         521 	.text
                         522 	.align	2
                         523 	.align	2
                         524 ..gh.f.f.1.e.9:
                         525 	.type	..gh.f.f.1.e.9,@object
                         526 	.size	..gh.f.f.1.e.9,0
                         527 	.global	_fblmain
                         528 _fblmain:
000001e2 80072100        529 	prepare	{r31},0
                         530 --	    .bf
                         531 .LDW13:
                         532 	jarl	_FblInitPowerOn,lp
                         532 <EXPANSION BEGIN>
                         532 jarl22 _FblInitPowerOn , lp 
000001e6 bfff8efe*       532 <EXPANSION END>
                         533 --line311
                         534 ..lin.C.3A.5C_ECU2.5CECU_Rivian_A1.5CTarget.5Crepo_projects.5CpFOTA.5CcL_R2023.2E09.2E01.5Cmake.5Cobj.5Cfbl_main.47::
                         535 .LDWlin47:
000001ea 0132            536 	mov	1,r6
                         537 	jarl	_FblInit,lp
                         537 <EXPANSION BEGIN>
                         537 jarl22 _FblInit , lp 
000001ec bfffd0fe*       537 <EXPANSION END>
                         538 --line312
                         539 ..lin.C.3A.5C_ECU2.5CECU_Rivian_A1.5CTarget.5Crepo_projects.5CpFOTA.5CcL_R2023.2E09.2E01.5Cmake.5Cobj.5Cfbl_main.48::
                         540 .LDWlin48:
                         541 	jarl	_FblCheckProgrammingRequest,lp
                         541 <EXPANSION BEGIN>
                         541 jarl22 _FblCheckProgrammingRequest , lp 
000001f0 bfff10fe*       541 <EXPANSION END>
                         542 --line313
                         543 ..lin.C.3A.5C_ECU2.5CECU_Rivian_A1.5CTarget.5Crepo_projects.5CpFOTA.5CcL_R2023.2E09.2E01.5Cmake.5Cobj.5Cfbl_main.49::
                         544 .LDWlin49:
000001f4 0232            545 	mov	2,r6
                         546 	jarl	_FblInit,lp
                         546 <EXPANSION BEGIN>
                         546 jarl22 _FblInit , lp 
000001f6 bfffc6fe*       546 <EXPANSION END>
                         547 --line316
                         548 ..lin.C.3A.5C_ECU2.5CECU_Rivian_A1.5CTarget.5Crepo_projects.5CpFOTA.5CcL_R2023.2E09.2E01.5Cmake.5Cobj.5Cfbl_main.50::
                         549 .LDWlin50:
                         550 	jarl	_FblRepeatCheckForStartMsg,lp
                         550 <EXPANSION BEGIN>
                         550 jarl22 _FblRepeatCheckForStartMsg , lp 
000001fa bfff26ff*       550 <EXPANSION END>
                         551 --line319
                         552 ..lin.C.3A.5C_ECU2.5CECU_Rivian_A1.5CTarget.5Crepo_projects.5CpFOTA.5CcL_R2023.2E09.2E01.5Cmake.5Cobj.5Cfbl_main.51::
                         553 .LDWlin51:
000001fe 0332            554 	mov	3,r6
                         555 	jarl	_FblInit,lp

                                                                      Page 12
                                                              C:\Users\nhuliyap\AppData\Local\Temp\gh_00006781.s
                         555 <EXPANSION BEGIN>
                         555 jarl22 _FblInit , lp 
00000200 bfffbcfe*       555 <EXPANSION END>
                         556 --line320
                         557 ..lin.C.3A.5C_ECU2.5CECU_Rivian_A1.5CTarget.5Crepo_projects.5CpFOTA.5CcL_R2023.2E09.2E01.5Cmake.5Cobj.5Cfbl_main.52::
                         558 .LDWlin52:
                         559 	jarl	_FblRepeat,lp
                         559 <EXPANSION BEGIN>
                         559 jarl22 _FblRepeat , lp 
00000204 bfffacff*       559 <EXPANSION END>
                         560 --line321
                         561 ..lin.C.3A.5C_ECU2.5CECU_Rivian_A1.5CTarget.5Crepo_projects.5CpFOTA.5CcL_R2023.2E09.2E01.5Cmake.5Cobj.5Cfbl_main.53::
                         562 .LDWlin53:
                         563 	jarl	_FblDeinit,lp
                         563 <EXPANSION BEGIN>
                         563 jarl22 _FblDeinit , lp 
00000208 bffffafe*       563 <EXPANSION END>
                         564 --line322
                         565 ..lin.C.3A.5C_ECU2.5CECU_Rivian_A1.5CTarget.5Crepo_projects.5CpFOTA.5CcL_R2023.2E09.2E01.5Cmake.5Cobj.5Cfbl_main.54::
                         566 .LDWlin54:
                         567 	jarl	_ApplFblReset,lp
                         567 <EXPANSION BEGIN>
                         567 jarl22 _ApplFblReset , lp 
0000020c 80ff0000*       567 <EXPANSION END>
                         568 --line324
                         569 ..lin.C.3A.5C_ECU2.5CECU_Rivian_A1.5CTarget.5Crepo_projects.5CpFOTA.5CcL_R2023.2E09.2E01.5Cmake.5Cobj.5Cfbl_main.55::
                         570 .LDWlin55:
00000210 0052            571 	mov	0,r10
                         572 --	    .ef
                         573 .LDW23:
00000212 40063f00        574 	dispose	0,{r31},[lp]
                         575 	.type	_fblmain,@function
                         576 	.size	_fblmain,.-_fblmain
                         577 	.align	2
                         578 .LDW33:
                         579 
                         580 	.section ".bss","awb"
                         581 .L881:
                         582 	.type	.L881,@object
                         583 	.size	.L881,0
                         584 	.data
                         585 	.text
                         586 	.align	2
                         587 --_FblLogicalBlockTable	rosdaoff23(_FblLogicalBlockTable)	import
                         588 --_WDInitFlag	sdaoff23(_WDInitFlag)	import
                         589 --_fblCwStateStartMsg	sdaoff23(_fblCwStateStartMsg)	import
                         590 --_testerPresentTimeout	sdaoff23(_testerPresentTimeout)	import
                         591 --_FblBmHdrHeader	_FblBmHdrHeader	import
                         592 --_startMessageDelay	sdaoff23(_startMessageDelay)	static
                         593 
                         594 	.section ".FBLHEADER","a"
                         595 	.align	4
                         596 	.global	_FblHeader
00000000 18294658        597 _FblHeader:	.byte	24,41,70,88
00000004 00000000*       598 	.word	rosdaoff23(_FblLogicalBlockTable)
00000008 2c000000        599 	.byte	44,0,0,0
0000000c 00000000        600 	.space	4
00000010 00000200        601 	.byte	0,0,2,0
00000014 00000000*       602 	.word	_FblBmHdrHeader
                         603 	.type	_FblHeader,@object
                         604 	.size	_FblHeader,24

                                                                      Page 13
                                                              C:\Users\nhuliyap\AppData\Local\Temp\gh_00006781.s
                         605 	.data
                         606 	.sbss	_fblMainStates,4,4
                         607 	.type	_fblMainStates,@object
                         608 	.size	_fblMainStates,4
                         609 	.ghsnote version,17
                         610 	.ghsnote tools,8195
                         611 	.ghsnote options,144
                         612 	.text
                         613 	.align	2
                         614 ..eof.C.3A.5C_ECU2.5CECU_Rivian_A1.5CTarget.5Crepo_projects.5CpFOTA.5CcL_R2023.2E09.2E01.5Cmake.5Cobj.5Cfbl_main...43.3A.5C_ECU2.5CECU_Rivian_A1.5CTarget.5Crepo_projects.5CpFOTA.5CcL_R2023.2E09.2E01.5Cmake..64F8647B..0::
                         615 .rh850_flags REGMODE32,DATA_ALIGN8,GP_FIX,EP_NONFIX,TP_FIX,REG2_RESERVE,G3K,SDA_EXTRA_REGS_0
