                                                                      Page 1
                                                              C:\Users\nhuliyap\AppData\Local\Temp\gh_0000buk1.s
Command Line: C:\GHS\comp_201517\ease850.exe -w -stderr=err/Fbl_Fbt.err -elf -b0 -I../source/_common -I../source/common -I../source/ecuabcanif -I../source/ecuabcantrcv -I../source/ecuabcryif -I../source/ecuabfee -I../source/ecuabmemif -I../source/libautosar -I../source/mcalcan -I../source/mcalcry -I../source/mcaldio -I../source/mcaleep -I../source/mcalfls -I../source/mcalmcu -I../source/projectara -I../source/projectcfg -I../source/projectcompiler -I../source/swcservicebswm -I../source/swcservicecantp -I../source/swcservicecomm -I../source/swcservicecsm -I../source/swcservicedcm -I../source/swcservicedem -I../source/swcservicedet -I../source/swcserviceecum -I../source/swcservicenvm -I../source/swcserviceos -I../source/swcservicepdur -I../source/swcserviceschm -I../source/swcservicestartup -I../source/wrappers/swcservicesecm -I../source/wrappers/vsecprim -I../source/wrappers/vstdlib -Ic:/ghs/comp_201517/ansi -Ic:/ghs/comp_201517/include/v800 -Igendata -IC:\GHS\comp_201517\lib\rh850 -cg_underscore -cpu=rh850g3k -nofpu -no_v850_simd -rh850_fpsimd=none -nomacro -patch_dbo=C:\_ECU2\ECU_Rivian_A1\Target\repo_projects\pFOTA\cL_R2023.09.01\make\obj\Fbl_Fbt.dbo -source=Fbl_Fbt.c -o obj\gh_0000buk1.o -list=lst/Fbl_Fbt.lst C:\Users\nhuliyap\AppData\Local\Temp\gh_0000buk1.s 
Original File: C:\Users\nhuliyap\AppData\Local\Temp\gh_0000buk1.s
Source File: Fbl_Fbt.c
Directory: C:\_ECU2\ECU_Rivian_A1\Target\repo_projects\pFOTA\cL_R2023.09.01\make
Host OS: Windows
EASE: Copyright (C) 1983-2015 Green Hills Software.  All Rights Reserved.
Release: Compiler v2015.1.7
Build Directory: [Directory] BTOWORKER6:c:/build_2015_1_bto/2015-10-21.2100-2015_1_bto/win32-comp-ecom
Revision: [VCInfo] http://toolsvc/branches/release-branch-70-bto/src@544153 (built by build)
Revision Date: Thu Oct 22 07:50:13 2015

Release Date: Thu Oct 22 09:32:32 2015

                           1 --Driver Command: ccrh850 -DBRS_DERIVATIVE_701018 -DBRS_OSC_CLK=16
                           2 --		-DBRS_TIMEBASE_CLOCK=80 -DBRS_EVA_BOARD_
                           3 --		-DBRS_DERIVATIVE_GROUP_F1L -DBRS_OS_USECASE_BRS
                           4 --		-DBRS_PLATFORM_RH850 -DBRS_COMP_GHS
                           5 --		-DBRS_CPU_LOCAL_RAM_SIZE_CORE0=32
                           6 --		-DBRS_CPU_RAM_START_CORE0=0xFEDF8000 -list=lst/Fbl_Fbt.lst
                           7 --		-object_dir=obj -stderr=err/Fbl_Fbt.err -c -cpu=rh850 -sda=all
                           8 --		-large_sda -prepare_dispose -pragma_asm_inline -no_callt
                           9 --		-inline_prologue -notda -reserve_r2 -fsoft
                          10 --		--unknown_pragma_warnings -list -g -Ogeneral -shortenum
                          11 --		-registermode=32 -I../source/_common -I../source/common
                          12 --		-I../source/ecuabcanif -I../source/ecuabcantrcv
                          13 --		-I../source/ecuabcryif -I../source/ecuabfee
                          14 --		-I../source/ecuabmemif -I../source/libautosar -I../source/mcalcan
                          15 --		-I../source/mcalcry -I../source/mcaldio -I../source/mcaleep
                          16 --		-I../source/mcalfls -I../source/mcalmcu -I../source/projectara
                          17 --		-I../source/projectcfg -I../source/projectcompiler
                          18 --		-I../source/swcservicebswm -I../source/swcservicecantp
                          19 --		-I../source/swcservicecomm -I../source/swcservicecsm
                          20 --		-I../source/swcservicedcm -I../source/swcservicedem
                          21 --		-I../source/swcservicedet -I../source/swcserviceecum
                          22 --		-I../source/swcservicenvm -I../source/swcserviceos
                          23 --		-I../source/swcservicepdur -I../source/swcserviceschm
                          24 --		-I../source/swcservicestartup -I../source/wrappers/swcservicesecm
                          25 --		-I../source/wrappers/vsecprim -I../source/wrappers/vstdlib
                          26 --		-Ic:/ghs/comp_201517/ansi -Ic:/ghs/comp_201517/include/v800
                          27 --		-Igendata ../source/ProjectCfg/Fbl_Fbt.c
                          28 --Source File:   ../source/ProjectCfg/Fbl_Fbt.c
                          29 --Directory:     
                          30 --		C:\_ECU2\ECU_Rivian_A1\Target\repo_projects\pFOTA\cL_R2023.09.01\make
                          31 --Compile Date:  Wed Sep 06 13:34:29 2023
                          32 --Host OS:       Win32
                          33 --Version:       C-RH850 2015.1.7 RELEASE VERSION
                          34 --Release:       Compiler v2015.1.7
                          35 --Revision Date: Thu Oct 22 08:06:12 2015
                          36 --Release Date:  Thu Oct 22 09:34:32 2015
                          37 -- ecom  -g -w -OM
                          38 
                          39 	.section ".rosdata","a"
                          40 	.align	4
                          41 	.global	_kNrOfFlashBlock
00000000 1c               42 _kNrOfFlashBlock:	.byte	28
                          43 	.type	_kNrOfFlashBlock,@object
                          44 	.size	_kNrOfFlashBlock,1
00000001 000000           45 	.space	3
                          46 	.global	_FlashBlock
00000004 00000000         47 _FlashBlock:	.space	4
00000008 ff1f0000         48 	.byte	255,31,0,0
0000000c 00200000         49 	.byte	0,32,0,0
00000010 ff3f0000         50 	.byte	255,63,0,0

                                                                      Page 2
                                                              C:\Users\nhuliyap\AppData\Local\Temp\gh_0000buk1.s
00000014 00400000         51 	.byte	0,64,0,0
00000018 ff5f0000         52 	.byte	255,95,0,0
0000001c 00600000         53 	.byte	0,96,0,0
00000020 ff7f0000         54 	.byte	255,127,0,0
00000024 00800000         55 	.byte	0,128,0,0
00000028 ff9f0000         56 	.byte	255,159,0,0
0000002c 00a00000         57 	.byte	0,160,0,0
00000030 ffbf0000         58 	.byte	255,191,0,0
00000034 00c00000         59 	.byte	0,192,0,0
00000038 ffdf0000         60 	.byte	255,223,0,0
0000003c 00e00000         61 	.byte	0,224,0,0
00000040 ffff0000         62 	.byte	255,255,0,0
00000044 00000100         63 	.byte	0,0,1,0
00000048 ff7f0100         64 	.byte	255,127,1,0
0000004c 00800100         65 	.byte	0,128,1,0
00000050 ffff0100         66 	.byte	255,255,1,0
00000054 00000200         67 	.byte	0,0,2,0
00000058 ff7f0200         68 	.byte	255,127,2,0
0000005c 00800200         69 	.byte	0,128,2,0
00000060 ffff0200         70 	.byte	255,255,2,0
00000064 00000300         71 	.byte	0,0,3,0
00000068 ff7f0300         72 	.byte	255,127,3,0
0000006c 00800300         73 	.byte	0,128,3,0
00000070 ffff0300         74 	.byte	255,255,3,0
00000074 00000400         75 	.byte	0,0,4,0
00000078 ff7f0400         76 	.byte	255,127,4,0
0000007c 00800400         77 	.byte	0,128,4,0
00000080 ffff0400         78 	.byte	255,255,4,0
00000084 00000500         79 	.byte	0,0,5,0
00000088 ffff0500         80 	.byte	255,255,5,0
0000008c 00000600         81 	.byte	0,0,6,0
00000090 ffff0600         82 	.byte	255,255,6,0
00000094 00000700         83 	.byte	0,0,7,0
00000098 ff7f0700         84 	.byte	255,127,7,0
0000009c 00800700         85 	.byte	0,128,7,0
000000a0 ffef0700         86 	.byte	255,239,7,0
000000a4 00f00700         87 	.byte	0,240,7,0
000000a8 ffff0700         88 	.byte	255,255,7,0
000000ac 00000800         89 	.byte	0,0,8,0
000000b0 ffff0800         90 	.byte	255,255,8,0
000000b4 00000900         91 	.byte	0,0,9,0
000000b8 ffff0900         92 	.byte	255,255,9,0
000000bc 00000c00         93 	.byte	0,0,12,0
000000c0 ffff0c00         94 	.byte	255,255,12,0
000000c4 00000d00         95 	.byte	0,0,13,0
000000c8 ffff0d00         96 	.byte	255,255,13,0
000000cc 00000e00         97 	.byte	0,0,14,0
000000d0 ffff0e00         98 	.byte	255,255,14,0
000000d4 00000f00         99 	.byte	0,0,15,0
000000d8 ffff0f00        100 	.byte	255,255,15,0
000000dc 00000001        101 	.byte	0,0,0,1
000000e0 ff7f0001        102 	.byte	255,127,0,1
                         103 	.type	_FlashBlock,@object
                         104 	.size	_FlashBlock,224
                         105 	.data
                         106 	.ghsnote version,17
                         107 	.ghsnote tools,3
                         108 	.ghsnote options,144
                         109 	.text
                         110 ..bof.C.3A.5C_ECU2.5CECU_Rivian_A1.5CTarget.5Crepo_projects.5CpFOTA.5CcL_R2023.2E09.2E01.5Cmake.5Cobj.5CFbl_Fbt...43.3A.5C_ECU2.5CECU_Rivian_A1.5CTarget.5Crepo_projects.5CpFOTA.5CcL_R2023.2E09.2E01.5Cmake..64F863C5..0::
                         111 ..eof.C.3A.5C_ECU2.5CECU_Rivian_A1.5CTarget.5Crepo_projects.5CpFOTA.5CcL_R2023.2E09.2E01.5Cmake.5Cobj.5CFbl_Fbt...43.3A.5C_ECU2.5CECU_Rivian_A1.5CTarget.5Crepo_projects.5CpFOTA.5CcL_R2023.2E09.2E01.5Cmake..64F863C5..0::

                                                                      Page 3
                                                              C:\Users\nhuliyap\AppData\Local\Temp\gh_0000buk1.s
                         112 .rh850_flags REGMODE32,DATA_ALIGN8,GP_FIX,EP_NONFIX,TP_FIX,REG2_RESERVE,G3K,SDA_EXTRA_REGS_0
