                                                                      Page 1
                                                              C:\Users\nhuliyap\AppData\Local\Temp\gh_0000dmg1.s
Command Line: C:\GHS\comp_201517\ease850.exe -w -stderr=err/fbl_flio.err -elf -b0 -I../source/_common -I../source/common -I../source/ecuabcanif -I../source/ecuabcantrcv -I../source/ecuabcryif -I../source/ecuabfee -I../source/ecuabmemif -I../source/libautosar -I../source/mcalcan -I../source/mcalcry -I../source/mcaldio -I../source/mcaleep -I../source/mcalfls -I../source/mcalmcu -I../source/projectara -I../source/projectcfg -I../source/projectcompiler -I../source/swcservicebswm -I../source/swcservicecantp -I../source/swcservicecomm -I../source/swcservicecsm -I../source/swcservicedcm -I../source/swcservicedem -I../source/swcservicedet -I../source/swcserviceecum -I../source/swcservicenvm -I../source/swcserviceos -I../source/swcservicepdur -I../source/swcserviceschm -I../source/swcservicestartup -I../source/wrappers/swcservicesecm -I../source/wrappers/vsecprim -I../source/wrappers/vstdlib -Ic:/ghs/comp_201517/ansi -Ic:/ghs/comp_201517/include/v800 -Igendata -IC:\GHS\comp_201517\lib\rh850 -cg_underscore -cpu=rh850g3k -nofpu -no_v850_simd -rh850_fpsimd=none -nomacro -patch_dbo=C:\_ECU2\ECU_Rivian_A1\Target\repo_projects\pFOTA\cL_R2023.09.01\make\obj\fbl_flio.dbo -source=fbl_flio.c -o obj\gh_0000dmg1.o -list=lst/fbl_flio.lst C:\Users\nhuliyap\AppData\Local\Temp\gh_0000dmg1.s 
Original File: C:\Users\nhuliyap\AppData\Local\Temp\gh_0000dmg1.s
Source File: fbl_flio.c
Directory: C:\_ECU2\ECU_Rivian_A1\Target\repo_projects\pFOTA\cL_R2023.09.01\make
Host OS: Windows
EASE: Copyright (C) 1983-2015 Green Hills Software.  All Rights Reserved.
Release: Compiler v2015.1.7
Build Directory: [Directory] BTOWORKER6:c:/build_2015_1_bto/2015-10-21.2100-2015_1_bto/win32-comp-ecom
Revision: [VCInfo] http://toolsvc/branches/release-branch-70-bto/src@544153 (built by build)
Revision Date: Thu Oct 22 07:50:13 2015

Release Date: Thu Oct 22 09:32:32 2015

                           1 --Driver Command: ccrh850 -DBRS_DERIVATIVE_701018 -DBRS_OSC_CLK=16
                           2 --		-DBRS_TIMEBASE_CLOCK=80 -DBRS_EVA_BOARD_
                           3 --		-DBRS_DERIVATIVE_GROUP_F1L -DBRS_OS_USECASE_BRS
                           4 --		-DBRS_PLATFORM_RH850 -DBRS_COMP_GHS
                           5 --		-DBRS_CPU_LOCAL_RAM_SIZE_CORE0=32
                           6 --		-DBRS_CPU_RAM_START_CORE0=0xFEDF8000 -list=lst/fbl_flio.lst
                           7 --		-object_dir=obj -stderr=err/fbl_flio.err -c -cpu=rh850 -sda=all
                           8 --		-large_sda -prepare_dispose -pragma_asm_inline -no_callt
                           9 --		-inline_prologue -notda -reserve_r2 -fsoft
                          10 --		--unknown_pragma_warnings -list -g -Ogeneral -shortenum
                          11 --		-registermode=32 -I../source/_common -I../source/common
                          12 --		-I../source/ecuabcanif -I../source/ecuabcantrcv
                          13 --		-I../source/ecuabcryif -I../source/ecuabfee
                          14 --		-I../source/ecuabmemif -I../source/libautosar -I../source/mcalcan
                          15 --		-I../source/mcalcry -I../source/mcaldio -I../source/mcaleep
                          16 --		-I../source/mcalfls -I../source/mcalmcu -I../source/projectara
                          17 --		-I../source/projectcfg -I../source/projectcompiler
                          18 --		-I../source/swcservicebswm -I../source/swcservicecantp
                          19 --		-I../source/swcservicecomm -I../source/swcservicecsm
                          20 --		-I../source/swcservicedcm -I../source/swcservicedem
                          21 --		-I../source/swcservicedet -I../source/swcserviceecum
                          22 --		-I../source/swcservicenvm -I../source/swcserviceos
                          23 --		-I../source/swcservicepdur -I../source/swcserviceschm
                          24 --		-I../source/swcservicestartup -I../source/wrappers/swcservicesecm
                          25 --		-I../source/wrappers/vsecprim -I../source/wrappers/vstdlib
                          26 --		-Ic:/ghs/comp_201517/ansi -Ic:/ghs/comp_201517/include/v800
                          27 --		-Igendata ../source/SwcServiceStartUp/fbl_flio.c
                          28 --Source File:   ../source/SwcServiceStartUp/fbl_flio.c
                          29 --Directory:     
                          30 --		C:\_ECU2\ECU_Rivian_A1\Target\repo_projects\pFOTA\cL_R2023.09.01\make
                          31 --Compile Date:  Wed Sep 06 13:37:26 2023
                          32 --Host OS:       Win32
                          33 --Version:       C-RH850 2015.1.7 RELEASE VERSION
                          34 --Release:       Compiler v2015.1.7
                          35 --Revision Date: Thu Oct 22 08:06:12 2015
                          36 --Release Date:  Thu Oct 22 09:34:32 2015
                          37 -- ecom  -g -w -OM
                          38 	.text
                          39 ..bof.C.3A.5C_ECU2.5CECU_Rivian_A1.5CTarget.5Crepo_projects.5CpFOTA.5CcL_R2023.2E09.2E01.5Cmake.5Cobj.5Cfbl_flio...43.3A.5C_ECU2.5CECU_Rivian_A1.5CTarget.5Crepo_projects.5CpFOTA.5CcL_R2023.2E09.2E01.5Cmake..64F86476..0::
                          40 	.align	2
                          41 ..gh.f.f.1.e.0:
                          42 	.type	..gh.f.f.1.e.0,@object
                          43 	.size	..gh.f.f.1.e.0,0
                          44 	.global	_FlashDriver_InitSync
                          45 _FlashDriver_InitSync:
00000000 80077b000000*    46 	prepare	{r29,r31},0,_flashCode
00000006 0000*
                          47 --	    .bf
                          48 .LDW01:
00000008 6388             49 	sld.bu	3[ep],r17

                                                                      Page 2
                                                              C:\Users\nhuliyap\AppData\Local\Temp\gh_0000dmg1.s
0000000a 11067aff         50 	addi	-134,r17,zero
0000000e aa0d*            51 	bne	.L5
00000010 6280             52 	sld.bu	2[ep],r16
00000012 e081             53 	cmp	zero,r16
00000014 fa05*            54 	bne	.L5
00000016 6078             55 	sld.bu	0[ep],r15
00000018 0952             56 	mov	9,r10
0000001a 627a             57 	cmp	2,r15
0000001c e205*            58 	be	.L4
                          59 --	    .ef
                          60 .LDW11:
                          61 --line40
                          62 ..lin.C.3A.5C_ECU2.5CECU_Rivian_A1.5CTarget.5Crepo_projects.5CpFOTA.5CcL_R2023.2E09.2E01.5Cmake.5Cobj.5Cfbl_flio.1::
                          63 .LDWlin1:
0000001e 40067f00         64 	dispose	0,{r29,r31},[lp]
                          65 .L5:
                          66 --line49
                          67 ..lin.C.3A.5C_ECU2.5CECU_Rivian_A1.5CTarget.5Crepo_projects.5CpFOTA.5CcL_R2023.2E09.2E01.5Cmake.5Cobj.5Cfbl_flio.2::
                          68 .LDWlin2:
00000022 0952             69 	mov	9,r10
00000024 40067f00         70 	dispose	0,{r29,r31},[lp]
                          71 .L4:
                          72 --line52
                          73 ..lin.C.3A.5C_ECU2.5CECU_Rivian_A1.5CTarget.5Crepo_projects.5CpFOTA.5CcL_R2023.2E09.2E01.5Cmake.5Cobj.5Cfbl_flio.3::
                          74 .LDWlin3:
00000028 1e30             75 	mov	ep,r6
0000002a 2e0600000000*    76 	mov	_FblLookForWatchdog,r14
00000030 3e0600000000*    77 	mov	sdaoff23(_flashParam),ep
00000036 016a             78 	mov	1,r13
00000038 1f92             79 	mov	-1,r18
0000003a 205e5000         80 	movea	80,zero,r11
0000003e 0b75             81 	sst.w	r14,20[ep]
00000040 8303             82 	sst.b	zero,3[ep]
00000042 8304             83 	sst.h	zero,6[ep]
00000044 8204             84 	sst.h	zero,4[ep]
00000046 826b             85 	sst.b	r13,2[ep]
00000048 8153             86 	sst.b	r10,1[ep]
0000004a 8003             87 	sst.b	zero,0[ep]
0000004c 1395             88 	sst.w	r18,36[ep]
0000004e 1595             89 	sst.w	r18,40[ep]
00000050 1795             90 	sst.w	r18,44[ep]
00000052 1995             91 	sst.w	r18,48[ep]
00000054 9a5c             92 	sst.h	r11,52[ep]
00000056 06f0             93 	mov	r6,ep
00000058 02ed             94 	sld.w	4[ep],r29
0000005a 260600000000*    95 	mov	sdaoff23(_flashParam),r6
00000060 fdc760f9         96 	jarl	[r29],lp
                          97 --line70
                          98 ..lin.C.3A.5C_ECU2.5CECU_Rivian_A1.5CTarget.5Crepo_projects.5CpFOTA.5CcL_R2023.2E09.2E01.5Cmake.5Cobj.5Cfbl_flio.4::
                          99 .LDWlin4:
00000064 a40707500000*   100 	ld.hu	sdaoff23(_flashParam+4)[gp],r10
0000006a 40067f00        101 	dispose	0,{r29,r31},[lp]
                         102 	.type	_FlashDriver_InitSync,@function
                         103 	.size	_FlashDriver_InitSync,.-_FlashDriver_InitSync
                         104 	.align	2
                         105 .LDW21:
                         106 
                         107 --_address	none	param
                         108 
                         109 	.data
                         110 .L60:

                                                                      Page 3
                                                              C:\Users\nhuliyap\AppData\Local\Temp\gh_0000dmg1.s
                         111 	.type	.L60,@object
                         112 	.size	.L60,0
                         113 	.section ".sbss","awb"
                         114 	.align	4
                         115 	.global	_flashParam..C.3A.5C_ECU2.5CECU_Rivian_A1.5CTarget.5Crepo_projects.5CpFOTA.5CcL_R2023.2E09.2E01.5Cmake.5Cobj.5Cfbl_flio.
                         116 _flashParam..C.3A.5C_ECU2.5CECU_Rivian_A1.5CTarget.5Crepo_projects.5CpFOTA.5CcL_R2023.2E09.2E01.5Cmake.5Cobj.5Cfbl_flio.:
00000000 000000000000    117 _flashParam:	.space	56
00000006 000000000000 
0000000c 000000000000 
00000012 000000000000 
00000018 000000000000 
0000001e 000000000000 
00000024 000000000000 
0000002a 000000000000 
00000030 000000000000 
00000036 0000 
                         118 	.type	_flashParam..C.3A.5C_ECU2.5CECU_Rivian_A1.5CTarget.5Crepo_projects.5CpFOTA.5CcL_R2023.2E09.2E01.5Cmake.5Cobj.5Cfbl_flio.,@object
                         119 	.size	_flashParam..C.3A.5C_ECU2.5CECU_Rivian_A1.5CTarget.5Crepo_projects.5CpFOTA.5CcL_R2023.2E09.2E01.5Cmake.5Cobj.5Cfbl_flio.,56
                         120 	.type	_flashParam,@object
                         121 	.size	_flashParam,56
                         122 	.data
                         123 	.text
                         124 	.align	2
                         125 	.align	2
                         126 ..gh.f.f.1.e.1:
                         127 	.type	..gh.f.f.1.e.1,@object
                         128 	.size	..gh.f.f.1.e.1,0
                         129 	.global	_FlashDriver_DeinitSync
                         130 _FlashDriver_DeinitSync:
0000006e 8007e100        131 	prepare	{r28,r29,r31},0
                         132 --	    .bf
                         133 .LDW31:
00000072 3c0600000000*   134 	mov	_flashCode,r28
00000078 3cef0900        135 	ld.w	8[r28],r29
0000007c 260600000000*   136 	mov	sdaoff23(_flashParam),r6
00000082 fdc760f9        137 	jarl	[r29],lp
                         138 --line81
                         139 ..lin.C.3A.5C_ECU2.5CECU_Rivian_A1.5CTarget.5Crepo_projects.5CpFOTA.5CcL_R2023.2E09.2E01.5Cmake.5Cobj.5Cfbl_flio.5::
                         140 .LDWlin5:
00000086 00ea            141 	mov	0,r29
                         142 .L125:
00000088 1df0            143 	mov	r29,ep
0000008a dcf1            144 	add	r28,ep
0000008c 1d90            145 	mov	r29,r18
0000008e 8003            146 	sst.b	zero,0[ep]
00000090 d892            147 	shl	24,r18
00000092 ba05*           148 	bne	.L126
                         149 --line86
                         150 ..lin.C.3A.5C_ECU2.5CECU_Rivian_A1.5CTarget.5Crepo_projects.5CpFOTA.5CcL_R2023.2E09.2E01.5Cmake.5Cobj.5Cfbl_flio.6::
                         151 .LDWlin6:
                         152 	jarl	_FblLookForWatchdog,lp
                         152 <EXPANSION BEGIN>
                         152 jarl22 _FblLookForWatchdog , lp 
00000094 80ff0000*       152 <EXPANSION END>
                         153 .L126:
                         154 --line81
                         155 ..lin.C.3A.5C_ECU2.5CECU_Rivian_A1.5CTarget.5Crepo_projects.5CpFOTA.5CcL_R2023.2E09.2E01.5Cmake.5Cobj.5Cfbl_flio.7::
                         156 .LDWlin7:
00000098 41ea            157 	add	1,r29
0000009a 1d0601d8        158 	addi	-10239,r29,zero
0000009e d9f5*           159 	bnl	.L125

                                                                      Page 4
                                                              C:\Users\nhuliyap\AppData\Local\Temp\gh_0000dmg1.s
                         160 --line90
                         161 ..lin.C.3A.5C_ECU2.5CECU_Rivian_A1.5CTarget.5Crepo_projects.5CpFOTA.5CcL_R2023.2E09.2E01.5Cmake.5Cobj.5Cfbl_flio.8::
                         162 .LDWlin8:
000000a0 a40707500000*   163 	ld.hu	sdaoff23(_flashParam+4)[gp],r10
                         164 --	    .ef
                         165 .LDW41:
000000a6 4006ff00        166 	dispose	0,{r28,r29,r31},[lp]
                         167 	.type	_FlashDriver_DeinitSync,@function
                         168 	.size	_FlashDriver_DeinitSync,.-_FlashDriver_DeinitSync
                         169 	.align	2
                         170 .LDW51:
                         171 --_i	r29	local
                         172 
                         173 --_address	none	param
                         174 
                         175 	.section ".bss","awb"
                         176 .L172:
                         177 	.type	.L172,@object
                         178 	.size	.L172,0
                         179 	.data
                         180 	.text
                         181 	.align	2
                         182 	.align	2
                         183 ..gh.f.f.1.e.2:
                         184 	.type	..gh.f.f.1.e.2,@object
                         185 	.size	..gh.f.f.1.e.2,0
                         186 	.global	_FlashDriver_RWriteSync
                         187 _FlashDriver_RWriteSync:
000000aa 80076100        188 	prepare	{r29,r31},0
                         189 --	    .bf
                         190 .LDW61:
000000ae 0898            191 	mov	r8,r19
000000b0 d89a            192 	shl	24,r19
000000b2 d205*           193 	be	.L228
                         194 --line97
                         195 ..lin.C.3A.5C_ECU2.5CECU_Rivian_A1.5CTarget.5Crepo_projects.5CpFOTA.5CcL_R2023.2E09.2E01.5Cmake.5Cobj.5Cfbl_flio.9::
                         196 .LDWlin9:
000000b4 20566400        197 	movea	100,zero,r10
000000b8 40067f00        198 	dispose	0,{r29,r31},[lp]
                         199 .L228:
                         200 --line99
                         201 ..lin.C.3A.5C_ECU2.5CECU_Rivian_A1.5CTarget.5Crepo_projects.5CpFOTA.5CcL_R2023.2E09.2E01.5Cmake.5Cobj.5Cfbl_flio.10::
                         202 .LDWlin10:
000000bc c756ff00        203 	andi	255,r7,r10
000000c0 d205*           204 	be	.L231
                         205 --line100
                         206 ..lin.C.3A.5C_ECU2.5CECU_Rivian_A1.5CTarget.5Crepo_projects.5CpFOTA.5CcL_R2023.2E09.2E01.5Cmake.5Cobj.5Cfbl_flio.11::
                         207 .LDWlin11:
000000c2 20566500        208 	movea	101,zero,r10
000000c6 40067f00        209 	dispose	0,{r29,r31},[lp]
                         210 .L231:
                         211 --line106
                         212 ..lin.C.3A.5C_ECU2.5CECU_Rivian_A1.5CTarget.5Crepo_projects.5CpFOTA.5CcL_R2023.2E09.2E01.5Cmake.5Cobj.5Cfbl_flio.12::
                         213 .LDWlin12:
000000ca e039            214 	cmp	zero,r7
000000cc b215*           215 	be	.L226
                         216 --line111
                         217 ..lin.C.3A.5C_ECU2.5CECU_Rivian_A1.5CTarget.5Crepo_projects.5CpFOTA.5CcL_R2023.2E09.2E01.5Cmake.5Cobj.5Cfbl_flio.13::
                         218 .LDWlin13:
000000ce 40ee0000*       219 	movhi	hi(_flashCode+16),zero,r29
000000d2 3def0100*       220 	ld.w	lo(_flashCode+16)[r29],r29

                                                                      Page 5
                                                              C:\Users\nhuliyap\AppData\Local\Temp\gh_0000dmg1.s
000000d6 3e0600000000*   221 	mov	sdaoff23(_flashParam),ep
000000dc 0935            222 	sst.w	r6,16[ep]
000000de 0545            223 	sst.w	r8,8[ep]
000000e0 073d            224 	sst.w	r7,12[ep]
000000e2 1e30            225 	mov	ep,r6
000000e4 fdc760f9        226 	jarl	[r29],lp
                         227 --line112
                         228 ..lin.C.3A.5C_ECU2.5CECU_Rivian_A1.5CTarget.5Crepo_projects.5CpFOTA.5CcL_R2023.2E09.2E01.5Cmake.5Cobj.5Cfbl_flio.14::
                         229 .LDWlin14:
000000e8 a40707500000*   230 	ld.hu	sdaoff23(_flashParam+4)[gp],r10
000000ee 40067f00        231 	dispose	0,{r29,r31},[lp]
                         232 .L226:
                         233 --	    .ef
                         234 .LDW71:
                         235 --line116
                         236 ..lin.C.3A.5C_ECU2.5CECU_Rivian_A1.5CTarget.5Crepo_projects.5CpFOTA.5CcL_R2023.2E09.2E01.5Cmake.5Cobj.5Cfbl_flio.15::
                         237 .LDWlin15:
000000f2 40067f00        238 	dispose	0,{r29,r31},[lp]
                         239 	.type	_FlashDriver_RWriteSync,@function
                         240 	.size	_FlashDriver_RWriteSync,.-_FlashDriver_RWriteSync
                         241 	.align	2
                         242 .LDW81:
                         243 --_retVal	r10	local
                         244 
                         245 --_writeBuffer	r6	param
                         246 --_writeLength	r7	param
                         247 --_writeAddress	r8	param
                         248 
                         249 	.section ".bss","awb"
                         250 .L604:
                         251 	.type	.L604,@object
                         252 	.size	.L604,0
                         253 	.data
                         254 	.text
                         255 	.align	2
                         256 	.align	2
                         257 ..gh.f.f.1.e.3:
                         258 	.type	..gh.f.f.1.e.3,@object
                         259 	.size	..gh.f.f.1.e.3,0
                         260 	.global	_FlashDriver_REraseSync
                         261 _FlashDriver_REraseSync:
000000f6 80077b000000*   262 	prepare	{r29,r31},0,sdaoff23(_flashParam)
000000fc 0000*
                         263 --	    .bf
                         264 .LDW91:
000000fe 40ee0000*       265 	movhi	hi(_flashCode+12),zero,r29
00000102 3def0100*       266 	ld.w	lo(_flashCode+12)[r29],r29
00000106 0735            267 	sst.w	r6,12[ep]
00000108 053d            268 	sst.w	r7,8[ep]
0000010a 1e30            269 	mov	ep,r6
0000010c fdc760f9        270 	jarl	[r29],lp
                         271 --line130
                         272 ..lin.C.3A.5C_ECU2.5CECU_Rivian_A1.5CTarget.5Crepo_projects.5CpFOTA.5CcL_R2023.2E09.2E01.5Cmake.5Cobj.5Cfbl_flio.16::
                         273 .LDWlin16:
00000110 a40707500000*   274 	ld.hu	sdaoff23(_flashParam+4)[gp],r10
                         275 --	    .ef
                         276 .LDW02:
00000116 40067f00        277 	dispose	0,{r29,r31},[lp]
                         278 	.type	_FlashDriver_REraseSync,@function
                         279 	.size	_FlashDriver_REraseSync,.-_FlashDriver_REraseSync
                         280 	.align	2

                                                                      Page 6
                                                              C:\Users\nhuliyap\AppData\Local\Temp\gh_0000dmg1.s
                         281 .LDW12:
                         282 
                         283 --_eraseLength	r6	param
                         284 --_eraseAddress	r7	param
                         285 
                         286 	.section ".bss","awb"
                         287 .L708:
                         288 	.type	.L708,@object
                         289 	.size	.L708,0
                         290 	.data
                         291 	.text
                         292 	.align	2
                         293 	.align	2
                         294 ..gh.f.f.1.e.4:
                         295 	.type	..gh.f.f.1.e.4,@object
                         296 	.size	..gh.f.f.1.e.4,0
                         297 	.global	_FlashDriver_RReadSync
                         298 _FlashDriver_RReadSync:
0000011a 80072100        299 	prepare	{r31},0
0000011e 0798            300 	mov	r7,r19
                         301 --	    .bf
                         302 .LDW22:
00000120 0838            303 	mov	r8,r7
00000122 1340            304 	mov	r19,r8
                         305 	jarl	_ownmemcpy,lp
                         305 <EXPANSION BEGIN>
                         305 jarl22 _ownmemcpy , lp 
00000124 80ff0000*       305 <EXPANSION END>
                         306 --line189
                         307 ..lin.C.3A.5C_ECU2.5CECU_Rivian_A1.5CTarget.5Crepo_projects.5CpFOTA.5CcL_R2023.2E09.2E01.5Cmake.5Cobj.5Cfbl_flio.17::
                         308 .LDWlin17:
00000128 0052            309 	mov	0,r10
                         310 --	    .ef
                         311 .LDW32:
0000012a 40063f00        312 	dispose	0,{r31},[lp]
                         313 	.type	_FlashDriver_RReadSync,@function
                         314 	.size	_FlashDriver_RReadSync,.-_FlashDriver_RReadSync
                         315 	.align	2
                         316 .LDW42:
                         317 
                         318 --_readBuffer	r6	param
                         319 --_readLength	r19	param
                         320 --_readAddress	r8	param
                         321 
                         322 	.section ".bss","awb"
                         323 .L753:
                         324 	.type	.L753,@object
                         325 	.size	.L753,0
                         326 	.data
                         327 	.text
                         328 	.align	2
                         329 	.align	2
                         330 ..gh.f.f.1.e.5:
                         331 	.type	..gh.f.f.1.e.5,@object
                         332 	.size	..gh.f.f.1.e.5,0
                         333 	.global	_FlashDriver_GetVersionOfDriver
                         334 _FlashDriver_GetVersionOfDriver:
                         335 --	    .bf
                         336 .LDW52:
0000012e 3e0600000000*   337 	mov	_flashCode,ep
00000134 6380            338 	sld.bu	3[ep],r16

                                                                      Page 7
                                                              C:\Users\nhuliyap\AppData\Local\Temp\gh_0000dmg1.s
00000136 10067aff        339 	addi	-134,r16,zero
0000013a fa05*           340 	bne	.L774
0000013c 6278            341 	sld.bu	2[ep],r15
0000013e e079            342 	cmp	zero,r15
00000140 ca05*           343 	bne	.L774
00000142 6070            344 	sld.bu	0[ep],r14
00000144 6272            345 	cmp	2,r14
00000146 d205*           346 	be	.L773
                         347 .L774:
                         348 --line199
                         349 ..lin.C.3A.5C_ECU2.5CECU_Rivian_A1.5CTarget.5Crepo_projects.5CpFOTA.5CcL_R2023.2E09.2E01.5Cmake.5Cobj.5Cfbl_flio.18::
                         350 .LDWlin18:
00000148 2a0600090100    351 	mov	67840,r10
0000014e 7f00            352 	jmp	[lp]
                         353 .L773:
                         354 --line204
                         355 ..lin.C.3A.5C_ECU2.5CECU_Rivian_A1.5CTarget.5Crepo_projects.5CpFOTA.5CcL_R2023.2E09.2E01.5Cmake.5Cobj.5Cfbl_flio.19::
                         356 .LDWlin19:
00000150 3e0600000000*   357 	mov	sdaoff23(_flashParam),ep
00000156 6288            358 	sld.bu	2[ep],r17
00000158 6190            359 	sld.bu	1[ep],r18
0000015a 6050            360 	sld.bu	0[ep],r10
0000015c d08a            361 	shl	16,r17
0000015e c892            362 	shl	8,r18
00000160 1191            363 	or	r17,r18
00000162 1251            364 	or	r18,r10
                         365 --	    .ef
                         366 .LDW62:
00000164 7f00            367 	jmp	[lp]
                         368 	.type	_FlashDriver_GetVersionOfDriver,@function
                         369 	.size	_FlashDriver_GetVersionOfDriver,.-_FlashDriver_GetVersionOfDriver
                         370 	.align	2
                         371 .LDW72:
                         372 
                         373 	.section ".bss","awb"
                         374 .L821:
                         375 	.type	.L821,@object
                         376 	.size	.L821,0
                         377 	.data
                         378 	.text
                         379 	.align	2
                         380 --_flashParam	sdaoff23(_flashParam)	static
                         381 
                         382 	.data
                         383 	.section ".FLASHDRV","awb"
                         384 	.align	4
                         385 	.align	4
                         386 	.global	_flashCode
00000000 000000000000    387 _flashCode:	.space	10240
00000006 000000000000 
0000000c 000000000000 
00000012 000000000000 
00000018 000000000000 
0000001e 000000000000 
00000024 000000000000 
0000002a 000000000000 
00000030 000000000000 
00000036 000000000000 
0000003c 000000000000 
00000042 000000000000 
00000048 000000000000 

                                                                      Page 8
                                                              C:\Users\nhuliyap\AppData\Local\Temp\gh_0000dmg1.s
0000004e 000000000000 
00000054 000000000000 
0000005a 000000000000 
00000060 000000000000 
00000066 000000000000 
0000006c 000000000000 
00000072 000000000000 
00000078 000000000000 
0000007e 000000000000 
00000084 000000000000 
0000008a 000000000000 
00000090 000000000000 
00000096 000000000000 
0000009c 000000000000 
000000a2 000000000000 
000000a8 000000000000 
000000ae 000000000000 
000000b4 000000000000 
000000ba 000000000000 
000000c0 000000000000 
000000c6 000000000000 
000000cc 000000000000 
000000d2 000000000000 
000000d8 000000000000 
000000de 000000000000 
000000e4 000000000000 
000000ea 000000000000 
000000f0 000000000000 
000000f6 000000000000 
000000fc 00000000 
                         388 	.type	_flashCode,@object
                         389 	.size	_flashCode,10240
                         390 	.data
                         391 	.ghsnote version,17
                         392 	.ghsnote tools,3
                         393 	.ghsnote options,144
                         394 	.text
                         395 	.align	2
                         396 ..eof.C.3A.5C_ECU2.5CECU_Rivian_A1.5CTarget.5Crepo_projects.5CpFOTA.5CcL_R2023.2E09.2E01.5Cmake.5Cobj.5Cfbl_flio...43.3A.5C_ECU2.5CECU_Rivian_A1.5CTarget.5Crepo_projects.5CpFOTA.5CcL_R2023.2E09.2E01.5Cmake..64F86476..0::
                         397 .rh850_flags REGMODE32,DATA_ALIGN8,GP_FIX,EP_NONFIX,TP_FIX,REG2_RESERVE,G3K,SDA_EXTRA_REGS_0
