                                                                      Page 1
                                                              C:\Users\nhuliyap\AppData\Local\Temp\gh_00007m01.s
Command Line: C:\GHS\comp_201517\ease850.exe -w -stderr=err/fbl_fsm.err -elf -b0 -I../source/_common -I../source/common -I../source/ecuabcanif -I../source/ecuabcantrcv -I../source/ecuabcryif -I../source/ecuabfee -I../source/ecuabmemif -I../source/libautosar -I../source/mcalcan -I../source/mcalcry -I../source/mcaldio -I../source/mcaleep -I../source/mcalfls -I../source/mcalmcu -I../source/projectara -I../source/projectcfg -I../source/projectcompiler -I../source/swcservicebswm -I../source/swcservicecantp -I../source/swcservicecomm -I../source/swcservicecsm -I../source/swcservicedcm -I../source/swcservicedem -I../source/swcservicedet -I../source/swcserviceecum -I../source/swcservicenvm -I../source/swcserviceos -I../source/swcservicepdur -I../source/swcserviceschm -I../source/swcservicestartup -I../source/wrappers/swcservicesecm -I../source/wrappers/vsecprim -I../source/wrappers/vstdlib -Ic:/ghs/comp_201517/ansi -Ic:/ghs/comp_201517/include/v800 -Igendata -IC:\GHS\comp_201517\lib\rh850 -cg_underscore -cpu=rh850g3k -nofpu -no_v850_simd -rh850_fpsimd=none -nomacro -patch_dbo=C:\_ECU2\ECU_Rivian_A1\Target\repo_projects\pFOTA\cL_R2023.09.01\make\obj\fbl_fsm.dbo -source=fbl_fsm.c -o obj\gh_00007m01.o -list=lst/fbl_fsm.lst C:\Users\nhuliyap\AppData\Local\Temp\gh_00007m01.s 
Original File: C:\Users\nhuliyap\AppData\Local\Temp\gh_00007m01.s
Source File: fbl_fsm.c
Directory: C:\_ECU2\ECU_Rivian_A1\Target\repo_projects\pFOTA\cL_R2023.09.01\make
Host OS: Windows
EASE: Copyright (C) 1983-2015 Green Hills Software.  All Rights Reserved.
Release: Compiler v2015.1.7
Build Directory: [Directory] BTOWORKER6:c:/build_2015_1_bto/2015-10-21.2100-2015_1_bto/win32-comp-ecom
Revision: [VCInfo] http://toolsvc/branches/release-branch-70-bto/src@544153 (built by build)
Revision Date: Thu Oct 22 07:50:13 2015

Release Date: Thu Oct 22 09:32:32 2015

                           1 --Driver Command: ccrh850 -DBRS_DERIVATIVE_701018 -DBRS_OSC_CLK=16
                           2 --		-DBRS_TIMEBASE_CLOCK=80 -DBRS_EVA_BOARD_
                           3 --		-DBRS_DERIVATIVE_GROUP_F1L -DBRS_OS_USECASE_BRS
                           4 --		-DBRS_PLATFORM_RH850 -DBRS_COMP_GHS
                           5 --		-DBRS_CPU_LOCAL_RAM_SIZE_CORE0=32
                           6 --		-DBRS_CPU_RAM_START_CORE0=0xFEDF8000 -list=lst/fbl_fsm.lst
                           7 --		-object_dir=obj -stderr=err/fbl_fsm.err -c -cpu=rh850 -sda=all
                           8 --		-large_sda -prepare_dispose -pragma_asm_inline -no_callt
                           9 --		-inline_prologue -notda -reserve_r2 -fsoft
                          10 --		--unknown_pragma_warnings -list -g -Ogeneral -shortenum
                          11 --		-registermode=32 -I../source/_common -I../source/common
                          12 --		-I../source/ecuabcanif -I../source/ecuabcantrcv
                          13 --		-I../source/ecuabcryif -I../source/ecuabfee
                          14 --		-I../source/ecuabmemif -I../source/libautosar -I../source/mcalcan
                          15 --		-I../source/mcalcry -I../source/mcaldio -I../source/mcaleep
                          16 --		-I../source/mcalfls -I../source/mcalmcu -I../source/projectara
                          17 --		-I../source/projectcfg -I../source/projectcompiler
                          18 --		-I../source/swcservicebswm -I../source/swcservicecantp
                          19 --		-I../source/swcservicecomm -I../source/swcservicecsm
                          20 --		-I../source/swcservicedcm -I../source/swcservicedem
                          21 --		-I../source/swcservicedet -I../source/swcserviceecum
                          22 --		-I../source/swcservicenvm -I../source/swcserviceos
                          23 --		-I../source/swcservicepdur -I../source/swcserviceschm
                          24 --		-I../source/swcservicestartup -I../source/wrappers/swcservicesecm
                          25 --		-I../source/wrappers/vsecprim -I../source/wrappers/vstdlib
                          26 --		-Ic:/ghs/comp_201517/ansi -Ic:/ghs/comp_201517/include/v800
                          27 --		-Igendata ../source/SwcServiceStartUp/fbl_fsm.c
                          28 --Source File:   ../source/SwcServiceStartUp/fbl_fsm.c
                          29 --Directory:     
                          30 --		C:\_ECU2\ECU_Rivian_A1\Target\repo_projects\pFOTA\cL_R2023.09.01\make
                          31 --Compile Date:  Wed Sep 06 13:37:27 2023
                          32 --Host OS:       Win32
                          33 --Version:       C-RH850 2015.1.7 RELEASE VERSION
                          34 --Release:       Compiler v2015.1.7
                          35 --Revision Date: Thu Oct 22 08:06:12 2015
                          36 --Release Date:  Thu Oct 22 09:34:32 2015
                          37 -- ecom  -g -w -OM
                          38 	.text
                          39 ..bof.C.3A.5C_ECU2.5CECU_Rivian_A1.5CTarget.5Crepo_projects.5CpFOTA.5CcL_R2023.2E09.2E01.5Cmake.5Cobj.5Cfbl_fsm...43.3A.5C_ECU2.5CECU_Rivian_A1.5CTarget.5Crepo_projects.5CpFOTA.5CcL_R2023.2E09.2E01.5Cmake..64F86477..0::
                          40 	.align	2
                          41 ..gh.f.f.1.e.0:
                          42 	.type	..gh.f.f.1.e.0,@object
                          43 	.size	..gh.f.f.1.e.0,0
                          44 	.global	_FblFsmGetStateHierachy..C.3A.5C_ECU2.5CECU_Rivian_A1.5CTarget.5Crepo_projects.5CpFOTA.5CcL_R2023.2E09.2E01.5Cmake.5Cobj.5Cfbl_fsm.
                          45 _FblFsmGetStateHierachy..C.3A.5C_ECU2.5CECU_Rivian_A1.5CTarget.5Crepo_projects.5CpFOTA.5CcL_R2023.2E09.2E01.5Cmake.5Cobj.5Cfbl_fsm.:
                          46 _FblFsmGetStateHierachy:
00000000 06f0             47 	mov	r6,ep
00000002 c700             48 	zxh	r7
                          49 --	    .bf
                          50 .LDW01:

                                                                      Page 2
                                                              C:\Users\nhuliyap\AppData\Local\Temp\gh_00007m01.s
00000004 0052             51 	mov	0,r10
00000006 e515*            52 	br	.L4
                          53 .L8:
                          54 --line31
                          55 ..lin.C.3A.5C_ECU2.5CECU_Rivian_A1.5CTarget.5Crepo_projects.5CpFOTA.5CcL_R2023.2E09.2E01.5Cmake.5Cobj.5Cfbl_fsm.1::
                          56 .LDWlin1:
00000008 0052             57 	mov	0,r10
0000000a 7f00             58 	jmp	[lp]
                          59 .L6:
                          60 --line27
                          61 ..lin.C.3A.5C_ECU2.5CECU_Rivian_A1.5CTarget.5Crepo_projects.5CpFOTA.5CcL_R2023.2E09.2E01.5Cmake.5Cobj.5Cfbl_fsm.2::
                          62 .LDWlin2:
0000000c 6852             63 	cmp	8,r10
0000000e d9fd*            64 	bnl	.L8
00000010 7230             65 	sld.hu	4[ep],r6
00000012 e639             66 	cmp	r6,r7
00000014 b105*            67 	bl	.L7
00000016 0052             68 	mov	0,r10
00000018 7f00             69 	jmp	[lp]
                          70 .L7:
                          71 --line36
                          72 ..lin.C.3A.5C_ECU2.5CECU_Rivian_A1.5CTarget.5Crepo_projects.5CpFOTA.5CcL_R2023.2E09.2E01.5Cmake.5Cobj.5Cfbl_fsm.3::
                          73 .LDWlin3:
0000001a 0a30             74 	mov	r10,r6
0000001c c132             75 	shl	1,r6
0000001e 009d             76 	sld.w	0[ep],r19
00000020 c831             77 	add	r8,r6
00000022 663f0000         78 	st.h	r7,0[r6]
00000026 c33a             79 	shl	3,r7
00000028 4152             80 	add	1,r10
0000002a d339             81 	add	r19,r7
0000002c 8a00             82 	zxb	r10
0000002e e73f0100         83 	ld.hu	0[r7],r7
                          84 .L4:
00000032 a706ffff         85 	xori	65535,r7,zero
00000036 baed*            86 	bne	.L6
                          87 --	    .ef
                          88 .LDW11:
                          89 --line36
                          90 ..lin.C.3A.5C_ECU2.5CECU_Rivian_A1.5CTarget.5Crepo_projects.5CpFOTA.5CcL_R2023.2E09.2E01.5Cmake.5Cobj.5Cfbl_fsm.4::
                          91 .LDWlin4:
00000038 7f00             92 	jmp	[lp]
                          93 	.type	_FblFsmGetStateHierachy,@function
                          94 	.size	_FblFsmGetStateHierachy,.-_FblFsmGetStateHierachy
                          95 	.type	_FblFsmGetStateHierachy..C.3A.5C_ECU2.5CECU_Rivian_A1.5CTarget.5Crepo_projects.5CpFOTA.5CcL_R2023.2E09.2E01.5Cmake.5Cobj.5Cfbl_fsm.,@function
                          96 	.size	_FblFsmGetStateHierachy..C.3A.5C_ECU2.5CECU_Rivian_A1.5CTarget.5Crepo_projects.5CpFOTA.5CcL_R2023.2E09.2E01.5Cmake.5Cobj.5Cfbl_fsm.,.-_FblFsmGetStateHierachy..C.3A.5C_ECU2.5CECU_Rivian_A1.5CTarget.5Crepo_projects.5CpFOTA.5CcL_R2023.2E09.2E01.5Cmake.5Cobj.5Cfbl_fsm.
                          97 	.align	2
                          98 .LDW21:
                          99 --_index	r10	local
                         100 
                         101 --_pFsmContext	ep	param
                         102 --_state	r7	param
                         103 --_hierarchy	r8	param
                         104 
                         105 	.section ".bss","awb"
                         106 .L81:
                         107 	.type	.L81,@object
                         108 	.size	.L81,0
                         109 	.data
                         110 	.text
                         111 	.align	2

                                                                      Page 3
                                                              C:\Users\nhuliyap\AppData\Local\Temp\gh_00007m01.s
                         112 	.align	2
                         113 ..gh.f.f.1.e.1:
                         114 	.type	..gh.f.f.1.e.1,@object
                         115 	.size	..gh.f.f.1.e.1,0
                         116 	.global	_FblFsmHandleEvent..C.3A.5C_ECU2.5CECU_Rivian_A1.5CTarget.5Crepo_projects.5CpFOTA.5CcL_R2023.2E09.2E01.5Cmake.5Cobj.5Cfbl_fsm.
                         117 _FblFsmHandleEvent..C.3A.5C_ECU2.5CECU_Rivian_A1.5CTarget.5Crepo_projects.5CpFOTA.5CcL_R2023.2E09.2E01.5Cmake.5Cobj.5Cfbl_fsm.:
                         118 _FblFsmHandleEvent:
0000003a 8007e1f7        119 	prepare	{r21,r22,r23,r24,r25,r26,r27,r28,r29,r31},0
0000003e 07c0            120 	mov	r7,r24
00000040 08b8            121 	mov	r8,r23
00000042 06c8            122 	mov	r6,r25
00000044 d800            123 	zxh	r24
00000046 b700            124 	sxb	r23
                         125 --	    .bf
                         126 .LDW31:
00000048 e6ef0700        127 	ld.hu	6[r6],r29
0000004c 00d2            128 	mov	0,r26
0000004e 8535*           129 	br	.L158
                         130 .L160:
                         131 --line65
                         132 ..lin.C.3A.5C_ECU2.5CECU_Rivian_A1.5CTarget.5Crepo_projects.5CpFOTA.5CcL_R2023.2E09.2E01.5Cmake.5Cobj.5Cfbl_fsm.5::
                         133 .LDWlin5:
00000050 39470100        134 	ld.w	0[r25],r8
00000054 c3ea            135 	shl	3,r29
00000056 00da            136 	mov	0,r27
00000058 c8e9            137 	add	r8,r29
0000005a 3daf0500        138 	ld.w	4[r29],r21
0000005e c51d*           139 	br	.L164
                         140 .L163:
                         141 --line72
                         142 ..lin.C.3A.5C_ECU2.5CECU_Rivian_A1.5CTarget.5Crepo_projects.5CpFOTA.5CcL_R2023.2E09.2E01.5Cmake.5Cobj.5Cfbl_fsm.6::
                         143 .LDWlin6:
00000060 1be0            144 	mov	r27,r28
00000062 c3e2            145 	shl	3,r28
00000064 d5e1            146 	add	r21,r28
00000066 fc4f0500        147 	ld.hu	4[r28],r9
0000006a f849            148 	cmp	r24,r9
0000006c b205*           149 	be	.L166
0000006e 634a            150 	cmp	3,r9
00000070 9a15*           151 	bne	.L162
                         152 .L166:
                         153 --line76
                         154 ..lin.C.3A.5C_ECU2.5CECU_Rivian_A1.5CTarget.5Crepo_projects.5CpFOTA.5CcL_R2023.2E09.2E01.5Cmake.5Cobj.5Cfbl_fsm.7::
                         155 .LDWlin7:
00000072 3cb70100        156 	ld.w	0[r28],r22
00000076 1930            157 	mov	r25,r6
00000078 1838            158 	mov	r24,r7
0000007a f6c760f9        159 	jarl	[r22],lp
                         160 --line78
                         161 ..lin.C.3A.5C_ECU2.5CECU_Rivian_A1.5CTarget.5Crepo_projects.5CpFOTA.5CcL_R2023.2E09.2E01.5Cmake.5Cobj.5Cfbl_fsm.8::
                         162 .LDWlin8:
0000007e 6152            163 	cmp	1,r10
00000080 920d*           164 	be	.L162
                         165 --line79
                         166 ..lin.C.3A.5C_ECU2.5CECU_Rivian_A1.5CTarget.5Crepo_projects.5CpFOTA.5CcL_R2023.2E09.2E01.5Cmake.5Cobj.5Cfbl_fsm.9::
                         167 .LDWlin9:
00000082 e051            168 	cmp	zero,r10
00000084 ca1d*           169 	bne	.L156
                         170 --line80
                         171 ..lin.C.3A.5C_ECU2.5CECU_Rivian_A1.5CTarget.5Crepo_projects.5CpFOTA.5CcL_R2023.2E09.2E01.5Cmake.5Cobj.5Cfbl_fsm.10::
                         172 .LDWlin10:

                                                                      Page 4
                                                              C:\Users\nhuliyap\AppData\Local\Temp\gh_00007m01.s
00000086 fc3f0700        173 	ld.hu	6[r28],r7
0000008a 793f0800        174 	st.h	r7,8[r25]
0000008e 4006fff7        175 	dispose	0,{r21,r22,r23,r24,r25,r26,r27,r28,r29,r31},[lp]
                         176 .L162:
                         177 --line67
                         178 ..lin.C.3A.5C_ECU2.5CECU_Rivian_A1.5CTarget.5Crepo_projects.5CpFOTA.5CcL_R2023.2E09.2E01.5Cmake.5Cobj.5Cfbl_fsm.11::
                         179 .LDWlin11:
00000092 41da            180 	add	1,r27
00000094 db00            181 	zxh	r27
                         182 .L164:
00000096 fd370300        183 	ld.hu	2[r29],r6
0000009a e6d9            184 	cmp	r6,r27
0000009c a1e5*           185 	bl	.L163
                         186 --line92
                         187 ..lin.C.3A.5C_ECU2.5CECU_Rivian_A1.5CTarget.5Crepo_projects.5CpFOTA.5CcL_R2023.2E09.2E01.5Cmake.5Cobj.5Cfbl_fsm.12::
                         188 .LDWlin12:
0000009e 61ba            189 	cmp	1,r23
000000a0 ea0d*           190 	bne	.L156
                         191 --line93
                         192 ..lin.C.3A.5C_ECU2.5CECU_Rivian_A1.5CTarget.5Crepo_projects.5CpFOTA.5CcL_R2023.2E09.2E01.5Cmake.5Cobj.5Cfbl_fsm.13::
                         193 .LDWlin13:
000000a2 d7d1            194 	add	r23,r26
000000a4 da00            195 	zxh	r26
000000a6 68d2            196 	cmp	8,r26
000000a8 a90d*           197 	bnl	.L156
                         198 --line95
                         199 ..lin.C.3A.5C_ECU2.5CECU_Rivian_A1.5CTarget.5Crepo_projects.5CpFOTA.5CcL_R2023.2E09.2E01.5Cmake.5Cobj.5Cfbl_fsm.14::
                         200 .LDWlin14:
000000aa fdef0100        201 	ld.hu	0[r29],r29
                         202 .L158:
000000ae bd06ffff        203 	xori	65535,r29,zero
000000b2 d205*           204 	be	.L156
000000b4 f9970500        205 	ld.hu	4[r25],r18
000000b8 f2e9            206 	cmp	r18,r29
000000ba b1cd*           207 	bl	.L160
                         208 .L156:
                         209 --	    .ef
                         210 .LDW41:
                         211 --line116
                         212 ..lin.C.3A.5C_ECU2.5CECU_Rivian_A1.5CTarget.5Crepo_projects.5CpFOTA.5CcL_R2023.2E09.2E01.5Cmake.5Cobj.5Cfbl_fsm.15::
                         213 .LDWlin15:
000000bc 4006fff7        214 	dispose	0,{r21,r22,r23,r24,r25,r26,r27,r28,r29,r31},[lp]
                         215 	.type	_FblFsmHandleEvent,@function
                         216 	.size	_FblFsmHandleEvent,.-_FblFsmHandleEvent
                         217 	.type	_FblFsmHandleEvent..C.3A.5C_ECU2.5CECU_Rivian_A1.5CTarget.5Crepo_projects.5CpFOTA.5CcL_R2023.2E09.2E01.5Cmake.5Cobj.5Cfbl_fsm.,@function
                         218 	.size	_FblFsmHandleEvent..C.3A.5C_ECU2.5CECU_Rivian_A1.5CTarget.5Crepo_projects.5CpFOTA.5CcL_R2023.2E09.2E01.5Cmake.5Cobj.5Cfbl_fsm.,.-_FblFsmHandleEvent..C.3A.5C_ECU2.5CECU_Rivian_A1.5CTarget.5Crepo_projects.5CpFOTA.5CcL_R2023.2E09.2E01.5Cmake.5Cobj.5Cfbl_fsm.
                         219 	.align	2
                         220 .LDW51:
                         221 --_index	r27	local
                         222 --_hierarchy	r26	local
                         223 --_state	r29	local
                         224 --_guard	r10	local
                         225 --_stateDef	r29	local
                         226 --_triggers	r21	local
                         227 
                         228 --_pFsmContext	r25	param
                         229 --_event	r24	param
                         230 --_iterate	r23	param
                         231 
                         232 	.section ".bss","awb"
                         233 .L704:

                                                                      Page 5
                                                              C:\Users\nhuliyap\AppData\Local\Temp\gh_00007m01.s
                         234 	.type	.L704,@object
                         235 	.size	.L704,0
                         236 	.data
                         237 	.text
                         238 	.align	2
                         239 	.align	2
                         240 ..gh.f.f.1.e.2:
                         241 	.type	..gh.f.f.1.e.2,@object
                         242 	.size	..gh.f.f.1.e.2,0
                         243 	.global	_FblFsmInitPowerOn
                         244 _FblFsmInitPowerOn:
                         245 --	    .bf
                         246 .LDW61:
                         247 --	    .ef
                         248 .LDW71:
000000c0 7f00            249 	jmp	[lp]
                         250 	.type	_FblFsmInitPowerOn,@function
                         251 	.size	_FblFsmInitPowerOn,.-_FblFsmInitPowerOn
                         252 	.align	2
                         253 .LDW81:
                         254 
                         255 	.section ".bss","awb"
                         256 .L864:
                         257 	.type	.L864,@object
                         258 	.size	.L864,0
                         259 	.data
                         260 	.text
                         261 	.align	2
                         262 	.align	2
                         263 ..gh.f.f.1.e.3:
                         264 	.type	..gh.f.f.1.e.3,@object
                         265 	.size	..gh.f.f.1.e.3,0
                         266 	.global	_FblFsmStateTask
                         267 _FblFsmStateTask:
000000c2 9007e170        268 	prepare	{r25,r26,r27,r28,r29,r31},8
000000c6 06e0            269 	mov	r6,r28
                         270 --	    .bf
                         271 .LDW91:
000000c8 e63f0b00        272 	ld.hu	10[r6],r7
000000cc e039            273 	cmp	zero,r7
000000ce c255*           274 	be	.L883
                         275 --line155
                         276 ..lin.C.3A.5C_ECU2.5CECU_Rivian_A1.5CTarget.5Crepo_projects.5CpFOTA.5CcL_R2023.2E09.2E01.5Cmake.5Cobj.5Cfbl_fsm.16::
                         277 .LDWlin16:
000000d0 66070a00        278 	st.h	zero,10[r6]
000000d4 0142            279 	mov	1,r8
                         280 	jarl	_FblFsmHandleEvent,lp
                         280 <EXPANSION BEGIN>
                         280 jarl22 _FblFsmHandleEvent , lp 
000000d6 bfff64ff*       280 <EXPANSION END>
000000da e54d*           281 	br	.L883
                         282 .L885:
                         283 --line160
                         284 ..lin.C.3A.5C_ECU2.5CECU_Rivian_A1.5CTarget.5Crepo_projects.5CpFOTA.5CcL_R2023.2E09.2E01.5Cmake.5Cobj.5Cfbl_fsm.17::
                         285 .LDWlin17:
000000dc 1cf0            286 	mov	r28,ep
000000de 73e8            287 	sld.hu	6[ep],r29
000000e0 1f4a            288 	mov	-1,r9
000000e2 844c            289 	sst.h	r9,8[ep]
000000e4 1c30            290 	mov	r28,r6
000000e6 1d38            291 	mov	r29,r7

                                                                      Page 6
                                                              C:\Users\nhuliyap\AppData\Local\Temp\gh_00007m01.s
000000e8 23461000        292 	movea	16,sp,r8
                         293 	jarl	_FblFsmGetStateHierachy,lp
                         293 <EXPANSION BEGIN>
                         293 jarl22 _FblFsmGetStateHierachy , lp 
000000ec bfff14ff*       293 <EXPANSION END>
000000f0 0ad8            294 	mov	r10,r27
                         295 --line165
                         296 ..lin.C.3A.5C_ECU2.5CECU_Rivian_A1.5CTarget.5Crepo_projects.5CpFOTA.5CcL_R2023.2E09.2E01.5Cmake.5Cobj.5Cfbl_fsm.18::
                         297 .LDWlin18:
000000f2 1c30            298 	mov	r28,r6
000000f4 1938            299 	mov	r25,r7
000000f6 0340            300 	mov	sp,r8
                         301 	jarl	_FblFsmGetStateHierachy,lp
                         301 <EXPANSION BEGIN>
                         301 jarl22 _FblFsmGetStateHierachy , lp 
000000f8 bfff08ff*       301 <EXPANSION END>
                         302 --line166
                         303 ..lin.C.3A.5C_ECU2.5CECU_Rivian_A1.5CTarget.5Crepo_projects.5CpFOTA.5CcL_R2023.2E09.2E01.5Cmake.5Cobj.5Cfbl_fsm.19::
                         304 .LDWlin19:
000000fc f9e9            305 	cmp	r25,r29
000000fe 00d2            306 	mov	0,r26
00000100 e0df04db        307 	cmove	0,r27,r27
00000104 e215*           308 	be	.L888
                         309 --line173
                         310 ..lin.C.3A.5C_ECU2.5CECU_Rivian_A1.5CTarget.5Crepo_projects.5CpFOTA.5CcL_R2023.2E09.2E01.5Cmake.5Cobj.5Cfbl_fsm.20::
                         311 .LDWlin20:
00000106 5fda            312 	add	-1,r27
00000108 0ad6ffff        313 	addi	-1,r10,r26
0000010c b505*           314 	br	.L889
                         315 .L891:
                         316 --line178
                         317 ..lin.C.3A.5C_ECU2.5CECU_Rivian_A1.5CTarget.5Crepo_projects.5CpFOTA.5CcL_R2023.2E09.2E01.5Cmake.5Cobj.5Cfbl_fsm.21::
                         318 .LDWlin21:
0000010e 5fda            319 	add	-1,r27
00000110 5fd2            320 	add	-1,r26
                         321 .L889:
00000112 bb00            322 	sxb	r27
00000114 ba00            323 	sxb	r26
00000116 e0d9            324 	cmp	zero,r27
00000118 c60d*           325 	blt	.L888
0000011a 1bf0            326 	mov	r27,ep
0000011c 1a90            327 	mov	r26,r18
0000011e c1f2            328 	shl	1,ep
00000120 c192            329 	shl	1,r18
00000122 c3f1            330 	add	sp,ep
00000124 c391            331 	add	sp,r18
00000126 f2370100        332 	ld.hu	0[r18],r6
0000012a 7898            333 	sld.hu	16[ep],r19
0000012c e699            334 	cmp	r6,r19
0000012e 82f5*           335 	be	.L891
                         336 .L888:
                         337 --line182
                         338 ..lin.C.3A.5C_ECU2.5CECU_Rivian_A1.5CTarget.5Crepo_projects.5CpFOTA.5CcL_R2023.2E09.2E01.5Cmake.5Cobj.5Cfbl_fsm.22::
                         339 .LDWlin22:
00000130 00ea            340 	mov	0,r29
00000132 e50d*           341 	br	.L896
                         342 .L895:
                         343 --line184
                         344 ..lin.C.3A.5C_ECU2.5CECU_Rivian_A1.5CTarget.5Crepo_projects.5CpFOTA.5CcL_R2023.2E09.2E01.5Cmake.5Cobj.5Cfbl_fsm.23::
                         345 .LDWlin23:
00000134 1df0            346 	mov	r29,ep

                                                                      Page 7
                                                              C:\Users\nhuliyap\AppData\Local\Temp\gh_00007m01.s
00000136 c1f2            347 	shl	1,ep
00000138 c3f1            348 	add	sp,ep
0000013a 7888            349 	sld.hu	16[ep],r17
0000013c 1c30            350 	mov	r28,r6
0000013e 023a            351 	mov	2,r7
00000140 0042            352 	mov	0,r8
00000142 7c8f0600        353 	st.h	r17,6[r28]
                         354 	jarl	_FblFsmHandleEvent,lp
                         354 <EXPANSION BEGIN>
                         354 jarl22 _FblFsmHandleEvent , lp 
00000146 bffff4fe*       354 <EXPANSION END>
                         355 --line182
                         356 ..lin.C.3A.5C_ECU2.5CECU_Rivian_A1.5CTarget.5Crepo_projects.5CpFOTA.5CcL_R2023.2E09.2E01.5Cmake.5Cobj.5Cfbl_fsm.24::
                         357 .LDWlin24:
0000014a 41ea            358 	add	1,r29
0000014c bd00            359 	sxb	r29
                         360 .L896:
0000014e fbe9            361 	cmp	r27,r29
00000150 a7f5*           362 	ble	.L895
                         363 --line187
                         364 ..lin.C.3A.5C_ECU2.5CECU_Rivian_A1.5CTarget.5Crepo_projects.5CpFOTA.5CcL_R2023.2E09.2E01.5Cmake.5Cobj.5Cfbl_fsm.25::
                         365 .LDWlin25:
00000152 1ae8            366 	mov	r26,r29
00000154 d50d*           367 	br	.L900
                         368 .L899:
                         369 --line189
                         370 ..lin.C.3A.5C_ECU2.5CECU_Rivian_A1.5CTarget.5Crepo_projects.5CpFOTA.5CcL_R2023.2E09.2E01.5Cmake.5Cobj.5Cfbl_fsm.26::
                         371 .LDWlin26:
00000156 1df0            372 	mov	r29,ep
00000158 c1f2            373 	shl	1,ep
0000015a c3f1            374 	add	sp,ep
0000015c 7078            375 	sld.hu	0[ep],r15
0000015e 1c30            376 	mov	r28,r6
00000160 013a            377 	mov	1,r7
00000162 0042            378 	mov	0,r8
00000164 7c7f0600        379 	st.h	r15,6[r28]
                         380 	jarl	_FblFsmHandleEvent,lp
                         380 <EXPANSION BEGIN>
                         380 jarl22 _FblFsmHandleEvent , lp 
00000168 bfffd2fe*       380 <EXPANSION END>
                         381 --line187
                         382 ..lin.C.3A.5C_ECU2.5CECU_Rivian_A1.5CTarget.5Crepo_projects.5CpFOTA.5CcL_R2023.2E09.2E01.5Cmake.5Cobj.5Cfbl_fsm.27::
                         383 .LDWlin27:
0000016c 5fea            384 	add	-1,r29
                         385 .L900:
0000016e e0e9            386 	cmp	zero,r29
00000170 bef5*           387 	bge	.L899
                         388 --line192
                         389 ..lin.C.3A.5C_ECU2.5CECU_Rivian_A1.5CTarget.5Crepo_projects.5CpFOTA.5CcL_R2023.2E09.2E01.5Cmake.5Cobj.5Cfbl_fsm.28::
                         390 .LDWlin28:
00000172 7ccf0600        391 	st.h	r25,6[r28]
                         392 .L883:
00000176 fccf0900        393 	ld.hu	8[r28],r25
0000017a b906ffff        394 	xori	65535,r25,zero
0000017e faad*           395 	bne	.L885
                         396 --	    .ef
                         397 .LDW02:
                         398 --line194
                         399 ..lin.C.3A.5C_ECU2.5CECU_Rivian_A1.5CTarget.5Crepo_projects.5CpFOTA.5CcL_R2023.2E09.2E01.5Cmake.5Cobj.5Cfbl_fsm.29::
                         400 .LDWlin29:
00000180 5006ff70        401 	dispose	8,{r25,r26,r27,r28,r29,r31},[lp]

                                                                      Page 8
                                                              C:\Users\nhuliyap\AppData\Local\Temp\gh_00007m01.s
                         402 	.type	_FblFsmStateTask,@function
                         403 	.size	_FblFsmStateTask,.-_FblFsmStateTask
                         404 	.align	2
                         405 .LDW12:
                         406 --_event	r7	local
                         407 --_stateHierarchyExit	16[sp]	local
                         408 --_stateHierarchyEntry	0[sp]	local
                         409 --_currentState	r29	local
                         410 --_pendingState	r25	local
                         411 --_index	r29	local
                         412 --_exitCount	r27	local
                         413 --_entryCount	r10	local
                         414 --_exitIndex	r27	local
                         415 --_entryIndex	r26	local
                         416 
                         417 --_pFsmContext	r28	param
                         418 
                         419 	.section ".bss","awb"
                         420 .L1004:
                         421 	.type	.L1004,@object
                         422 	.size	.L1004,0
                         423 	.data
                         424 	.text
                         425 	.align	2
                         426 	.align	2
                         427 ..gh.f.f.1.e.4:
                         428 	.type	..gh.f.f.1.e.4,@object
                         429 	.size	..gh.f.f.1.e.4,0
                         430 	.global	_FblFsmInit
                         431 _FblFsmInit:
00000184 06f0            432 	mov	r6,ep
                         433 --	    .bf
                         434 .LDW22:
00000186 1f32            435 	mov	-1,r6
00000188 8334            436 	sst.h	r6,6[ep]
0000018a 843c            437 	sst.h	r7,8[ep]
0000018c 8504            438 	sst.h	zero,10[ep]
0000018e 1e30            439 	mov	ep,r6
00000190 bf0732ff*       440 	jr	_FblFsmStateTask
                         441 --	    .ef
                         442 .LDW32:
                         443 	.type	_FblFsmInit,@function
                         444 	.size	_FblFsmInit,.-_FblFsmInit
                         445 	.align	2
                         446 .LDW42:
                         447 
                         448 --_pFsmContext	ep	param
                         449 --_initialState	r7	param
                         450 
                         451 	.section ".bss","awb"
                         452 .L1185:
                         453 	.type	.L1185,@object
                         454 	.size	.L1185,0
                         455 	.data
                         456 	.text
                         457 	.align	2
                         458 	.align	2
                         459 ..gh.f.f.1.e.5:
                         460 	.type	..gh.f.f.1.e.5,@object
                         461 	.size	..gh.f.f.1.e.5,0
                         462 	.global	_FblFsmDeinit

                                                                      Page 9
                                                              C:\Users\nhuliyap\AppData\Local\Temp\gh_00007m01.s
                         463 _FblFsmDeinit:
00000194 06f0            464 	mov	r6,ep
                         465 --	    .bf
                         466 .LDW52:
00000196 1f92            467 	mov	-1,r18
00000198 8394            468 	sst.h	r18,6[ep]
0000019a 8494            469 	sst.h	r18,8[ep]
0000019c 8504            470 	sst.h	zero,10[ep]
                         471 --	    .ef
                         472 .LDW62:
0000019e 7f00            473 	jmp	[lp]
                         474 	.type	_FblFsmDeinit,@function
                         475 	.size	_FblFsmDeinit,.-_FblFsmDeinit
                         476 	.align	2
                         477 .LDW72:
                         478 
                         479 --_pFsmContext	ep	param
                         480 
                         481 	.section ".bss","awb"
                         482 .L1233:
                         483 	.type	.L1233,@object
                         484 	.size	.L1233,0
                         485 	.data
                         486 	.text
                         487 	.align	2
                         488 	.align	2
                         489 ..gh.f.f.1.e.6:
                         490 	.type	..gh.f.f.1.e.6,@object
                         491 	.size	..gh.f.f.1.e.6,0
                         492 	.global	_FblFsmTriggerEvent
                         493 _FblFsmTriggerEvent:
000001a0 06f0            494 	mov	r6,ep
                         495 --	    .bf
                         496 .LDW82:
000001a2 853c            497 	sst.h	r7,10[ep]
                         498 --	    .ef
                         499 .LDW92:
000001a4 7f00            500 	jmp	[lp]
                         501 	.type	_FblFsmTriggerEvent,@function
                         502 	.size	_FblFsmTriggerEvent,.-_FblFsmTriggerEvent
                         503 	.align	2
                         504 .LDW03:
                         505 
                         506 --_pFsmContext	ep	param
                         507 --_event	r7	param
                         508 
                         509 	.section ".bss","awb"
                         510 .L1281:
                         511 	.type	.L1281,@object
                         512 	.size	.L1281,0
                         513 	.data
                         514 	.text
                         515 	.align	2
                         516 	.align	2
                         517 ..gh.f.f.1.e.7:
                         518 	.type	..gh.f.f.1.e.7,@object
                         519 	.size	..gh.f.f.1.e.7,0
                         520 	.global	_FblFsmEventHandlerDefault
                         521 _FblFsmEventHandlerDefault:
                         522 --	    .bf
                         523 .LDW13:

                                                                      Page 10
                                                              C:\Users\nhuliyap\AppData\Local\Temp\gh_00007m01.s
000001a6 0052            524 	mov	0,r10
                         525 --	    .ef
                         526 .LDW23:
000001a8 7f00            527 	jmp	[lp]
                         528 	.type	_FblFsmEventHandlerDefault,@function
                         529 	.size	_FblFsmEventHandlerDefault,.-_FblFsmEventHandlerDefault
                         530 	.align	2
                         531 .LDW33:
                         532 
                         533 --_pFsmContext	none	param
                         534 --_event	none	param
                         535 
                         536 	.section ".bss","awb"
                         537 .L1329:
                         538 	.type	.L1329,@object
                         539 	.size	.L1329,0
                         540 	.data
                         541 	.text
                         542 	.align	2
                         543 
                         544 	.data
                         545 	.ghsnote version,17
                         546 	.ghsnote tools,3
                         547 	.ghsnote options,144
                         548 	.text
                         549 	.align	2
                         550 ..eof.C.3A.5C_ECU2.5CECU_Rivian_A1.5CTarget.5Crepo_projects.5CpFOTA.5CcL_R2023.2E09.2E01.5Cmake.5Cobj.5Cfbl_fsm...43.3A.5C_ECU2.5CECU_Rivian_A1.5CTarget.5Crepo_projects.5CpFOTA.5CcL_R2023.2E09.2E01.5Cmake..64F86477..0::
                         551 .rh850_flags REGMODE32,DATA_ALIGN8,GP_FIX,EP_NONFIX,TP_FIX,REG2_RESERVE,G3K,SDA_EXTRA_REGS_0
