                                                                      Page 1
                                                              C:\Users\nhuliyap\AppData\Local\Temp\gh_0000a801.s
Command Line: C:\GHS\comp_201517\ease850.exe -w -stderr=err/FblCw_Lcfg.err -elf -b0 -I../source/_common -I../source/common -I../source/ecuabcanif -I../source/ecuabcantrcv -I../source/ecuabcryif -I../source/ecuabfee -I../source/ecuabmemif -I../source/libautosar -I../source/mcalcan -I../source/mcalcry -I../source/mcaldio -I../source/mcaleep -I../source/mcalfls -I../source/mcalmcu -I../source/projectara -I../source/projectcfg -I../source/projectcompiler -I../source/swcservicebswm -I../source/swcservicecantp -I../source/swcservicecomm -I../source/swcservicecsm -I../source/swcservicedcm -I../source/swcservicedem -I../source/swcservicedet -I../source/swcserviceecum -I../source/swcservicenvm -I../source/swcserviceos -I../source/swcservicepdur -I../source/swcserviceschm -I../source/swcservicestartup -I../source/wrappers/swcservicesecm -I../source/wrappers/vsecprim -I../source/wrappers/vstdlib -Ic:/ghs/comp_201517/ansi -Ic:/ghs/comp_201517/include/v800 -Igendata -IC:\GHS\comp_201517\lib\rh850 -cg_underscore -cpu=rh850g3k -nofpu -no_v850_simd -rh850_fpsimd=none -nomacro -patch_dbo=C:\_ECU2\ECU_Rivian_A1\Target\repo_projects\pFOTA\cL_R2023.09.01\make\obj\FblCw_Lcfg.dbo -source=FblCw_Lcfg.c -o obj\gh_0000a801.o -list=lst/FblCw_Lcfg.lst C:\Users\nhuliyap\AppData\Local\Temp\gh_0000a801.s 
Original File: C:\Users\nhuliyap\AppData\Local\Temp\gh_0000a801.s
Source File: FblCw_Lcfg.c
Directory: C:\_ECU2\ECU_Rivian_A1\Target\repo_projects\pFOTA\cL_R2023.09.01\make
Host OS: Windows
EASE: Copyright (C) 1983-2015 Green Hills Software.  All Rights Reserved.
Release: Compiler v2015.1.7
Build Directory: [Directory] BTOWORKER6:c:/build_2015_1_bto/2015-10-21.2100-2015_1_bto/win32-comp-ecom
Revision: [VCInfo] http://toolsvc/branches/release-branch-70-bto/src@544153 (built by build)
Revision Date: Thu Oct 22 07:50:13 2015

Release Date: Thu Oct 22 09:32:32 2015

                           1 --Driver Command: ccrh850 -DBRS_DERIVATIVE_701018 -DBRS_OSC_CLK=16
                           2 --		-DBRS_TIMEBASE_CLOCK=80 -DBRS_EVA_BOARD_
                           3 --		-DBRS_DERIVATIVE_GROUP_F1L -DBRS_OS_USECASE_BRS
                           4 --		-DBRS_PLATFORM_RH850 -DBRS_COMP_GHS
                           5 --		-DBRS_CPU_LOCAL_RAM_SIZE_CORE0=32
                           6 --		-DBRS_CPU_RAM_START_CORE0=0xFEDF8000 -list=lst/FblCw_Lcfg.lst
                           7 --		-object_dir=obj -stderr=err/FblCw_Lcfg.err -c -cpu=rh850 -sda=all
                           8 --		-large_sda -prepare_dispose -pragma_asm_inline -no_callt
                           9 --		-inline_prologue -notda -reserve_r2 -fsoft
                          10 --		--unknown_pragma_warnings -list -g -Ogeneral -shortenum
                          11 --		-registermode=32 -I../source/_common -I../source/common
                          12 --		-I../source/ecuabcanif -I../source/ecuabcantrcv
                          13 --		-I../source/ecuabcryif -I../source/ecuabfee
                          14 --		-I../source/ecuabmemif -I../source/libautosar -I../source/mcalcan
                          15 --		-I../source/mcalcry -I../source/mcaldio -I../source/mcaleep
                          16 --		-I../source/mcalfls -I../source/mcalmcu -I../source/projectara
                          17 --		-I../source/projectcfg -I../source/projectcompiler
                          18 --		-I../source/swcservicebswm -I../source/swcservicecantp
                          19 --		-I../source/swcservicecomm -I../source/swcservicecsm
                          20 --		-I../source/swcservicedcm -I../source/swcservicedem
                          21 --		-I../source/swcservicedet -I../source/swcserviceecum
                          22 --		-I../source/swcservicenvm -I../source/swcserviceos
                          23 --		-I../source/swcservicepdur -I../source/swcserviceschm
                          24 --		-I../source/swcservicestartup -I../source/wrappers/swcservicesecm
                          25 --		-I../source/wrappers/vsecprim -I../source/wrappers/vstdlib
                          26 --		-Ic:/ghs/comp_201517/ansi -Ic:/ghs/comp_201517/include/v800
                          27 --		-Igendata ../source/ProjectCfg/FblCw_Lcfg.c
                          28 --Source File:   ../source/ProjectCfg/FblCw_Lcfg.c
                          29 --Directory:     
                          30 --		C:\_ECU2\ECU_Rivian_A1\Target\repo_projects\pFOTA\cL_R2023.09.01\make
                          31 --Compile Date:  Wed Sep 06 13:34:27 2023
                          32 --Host OS:       Win32
                          33 --Version:       C-RH850 2015.1.7 RELEASE VERSION
                          34 --Release:       Compiler v2015.1.7
                          35 --Revision Date: Thu Oct 22 08:06:12 2015
                          36 --Release Date:  Thu Oct 22 09:34:32 2015
                          37 -- ecom  -g -w -OM
                          38 	.section ".RAMCODE","ax"
                          39 	.align	2
                          40 ..bof.C.3A.5C_ECU2.5CECU_Rivian_A1.5CTarget.5Crepo_projects.5CpFOTA.5CcL_R2023.2E09.2E01.5Cmake.5Cobj.5CFblCw_Lcfg...43.3A.5C_ECU2.5CECU_Rivian_A1.5CTarget.5Crepo_projects.5CpFOTA.5CcL_R2023.2E09.2E01.5Cmake..64F863C3..0::
                          41 	.align	2
                          42 ..gh.f.f.1.e.0:
                          43 	.type	..gh.f.f.1.e.0,@object
                          44 	.size	..gh.f.f.1.e.0,0
                          45 	.global	_FblCw_EcuMInit
                          46 _FblCw_EcuMInit:
00000000 80072100         47 	prepare	{r31},0
                          48 --	    .bf
                          49 .LDW01:
                          50 	jarl	_infEcuabCanIfSwcApplEcuM_InitFunctionMemory,lp

                                                                      Page 2
                                                              C:\Users\nhuliyap\AppData\Local\Temp\gh_0000a801.s
                          50 <EXPANSION BEGIN>
                          50 jarl22 _infEcuabCanIfSwcApplEcuM_InitFunctionMemory , lp 
00000004 80ff0000*        50 <EXPANSION END>
                          51 --line74
                          52 ..lin.C.3A.5C_ECU2.5CECU_Rivian_A1.5CTarget.5Crepo_projects.5CpFOTA.5CcL_R2023.2E09.2E01.5Cmake.5Cobj.5CFblCw_Lcfg.1::
                          53 .LDWlin1:
                          54 	jarl	_SwcServiceCanTp_InitFunctionMemory,lp
                          54 <EXPANSION BEGIN>
                          54 jarl22 _SwcServiceCanTp_InitFunctionMemory , lp 
00000008 80ff0000*        54 <EXPANSION END>
                          55 --line75
                          56 ..lin.C.3A.5C_ECU2.5CECU_Rivian_A1.5CTarget.5Crepo_projects.5CpFOTA.5CcL_R2023.2E09.2E01.5Cmake.5Cobj.5CFblCw_Lcfg.2::
                          57 .LDWlin2:
                          58 	jarl	_Can_InitMemory,lp
                          58 <EXPANSION BEGIN>
                          58 jarl22 _Can_InitMemory , lp 
0000000c 80ff0000*        58 <EXPANSION END>
                          59 --line76
                          60 ..lin.C.3A.5C_ECU2.5CECU_Rivian_A1.5CTarget.5Crepo_projects.5CpFOTA.5CcL_R2023.2E09.2E01.5Cmake.5Cobj.5CFblCw_Lcfg.3::
                          61 .LDWlin3:
                          62 	jarl	_Det_InitMemory,lp
                          62 <EXPANSION BEGIN>
                          62 jarl22 _Det_InitMemory , lp 
00000010 80ff0000*        62 <EXPANSION END>
                          63 --line77
                          64 ..lin.C.3A.5C_ECU2.5CECU_Rivian_A1.5CTarget.5Crepo_projects.5CpFOTA.5CcL_R2023.2E09.2E01.5Cmake.5Cobj.5CFblCw_Lcfg.4::
                          65 .LDWlin4:
                          66 	jarl	_PduR_InitMemory,lp
                          66 <EXPANSION BEGIN>
                          66 jarl22 _PduR_InitMemory , lp 
00000014 80ff0000*        66 <EXPANSION END>
                          67 --line83
                          68 ..lin.C.3A.5C_ECU2.5CECU_Rivian_A1.5CTarget.5Crepo_projects.5CpFOTA.5CcL_R2023.2E09.2E01.5Cmake.5Cobj.5CFblCw_Lcfg.5::
                          69 .LDWlin5:
00000018 0032             70 	mov	0,r6
                          71 	jarl	_Det_Init,lp
                          71 <EXPANSION BEGIN>
                          71 jarl22 _Det_Init , lp 
0000001a 80ff0000*        71 <EXPANSION END>
                          72 --line85
                          73 ..lin.C.3A.5C_ECU2.5CECU_Rivian_A1.5CTarget.5Crepo_projects.5CpFOTA.5CcL_R2023.2E09.2E01.5Cmake.5Cobj.5CFblCw_Lcfg.6::
                          74 .LDWlin6:
0000001e 0032             75 	mov	0,r6
                          76 	jarl	_PduR_Init,lp
                          76 <EXPANSION BEGIN>
                          76 jarl22 _PduR_Init , lp 
00000020 80ff0000*        76 <EXPANSION END>
                          77 --line87
                          78 ..lin.C.3A.5C_ECU2.5CECU_Rivian_A1.5CTarget.5Crepo_projects.5CpFOTA.5CcL_R2023.2E09.2E01.5Cmake.5Cobj.5CFblCw_Lcfg.7::
                          79 .LDWlin7:
00000024 0032             80 	mov	0,r6
                          81 	jarl	_Can_Init,lp
                          81 <EXPANSION BEGIN>
                          81 jarl22 _Can_Init , lp 
00000026 80ff0000*        81 <EXPANSION END>
                          82 --line89
                          83 ..lin.C.3A.5C_ECU2.5CECU_Rivian_A1.5CTarget.5Crepo_projects.5CpFOTA.5CcL_R2023.2E09.2E01.5Cmake.5Cobj.5CFblCw_Lcfg.8::
                          84 .LDWlin8:
0000002a 0032             85 	mov	0,r6
                          86 	jarl	_infEcuabCanIfSwcApplEcuM_InitFunction,lp
                          86 <EXPANSION BEGIN>

                                                                      Page 3
                                                              C:\Users\nhuliyap\AppData\Local\Temp\gh_0000a801.s
                          86 jarl22 _infEcuabCanIfSwcApplEcuM_InitFunction , lp 
0000002c 80ff0000*        86 <EXPANSION END>
                          87 --line91
                          88 ..lin.C.3A.5C_ECU2.5CECU_Rivian_A1.5CTarget.5Crepo_projects.5CpFOTA.5CcL_R2023.2E09.2E01.5Cmake.5Cobj.5CFblCw_Lcfg.9::
                          89 .LDWlin9:
00000030 0032             90 	mov	0,r6
                          91 	jarl	_SwcServiceCanTp_InitFunction,lp
                          91 <EXPANSION BEGIN>
                          91 jarl22 _SwcServiceCanTp_InitFunction , lp 
00000032 80ff0000*        91 <EXPANSION END>
                          92 --	    .ef
                          93 .LDW11:
                          94 --line94
                          95 ..lin.C.3A.5C_ECU2.5CECU_Rivian_A1.5CTarget.5Crepo_projects.5CpFOTA.5CcL_R2023.2E09.2E01.5Cmake.5Cobj.5CFblCw_Lcfg.10::
                          96 .LDWlin10:
00000036 40063f00         97 	dispose	0,{r31},[lp]
                          98 	.type	_FblCw_EcuMInit,@function
                          99 	.size	_FblCw_EcuMInit,.-_FblCw_EcuMInit
                         100 	.align	2
                         101 .LDW21:
                         102 
                         103 	.section ".bss","awb"
                         104 .L33:
                         105 	.type	.L33,@object
                         106 	.size	.L33,0
                         107 	.data
                         108 	.section ".RAMCODE","ax"
                         109 	.align	2
                         110 
                         111 	.section ".rosdata","a"
                         112 	.align	4
                         113 	.global	_FblCw_DcmDslProtocolRxInfo
00000000 00              114 _FblCw_DcmDslProtocolRxInfo:	.space	1
00000001 00              115 	.space	1
00000002 01              116 	.byte	1
00000003 00              117 	.space	1
                         118 	.type	_FblCw_DcmDslProtocolRxInfo,@object
                         119 	.size	_FblCw_DcmDslProtocolRxInfo,4
                         120 	.global	_FblCw_DcmDslConnectionInfo
00000004 ff0f            121 _FblCw_DcmDslConnectionInfo:	.byte	255,15
00000006 00              122 	.space	1
00000007 00              123 	.space	1
00000008 00              124 	.space	1
00000009 01              125 	.byte	1
0000000a 0000            126 	.space	2
                         127 	.type	_FblCw_DcmDslConnectionInfo,@object
                         128 	.size	_FblCw_DcmDslConnectionInfo,8
                         129 	.global	_FblCw_CanIfCtrlInfo
0000000c 00              130 _FblCw_CanIfCtrlInfo:	.space	1
                         131 	.type	_FblCw_CanIfCtrlInfo,@object
                         132 	.size	_FblCw_CanIfCtrlInfo,1
                         133 	.global	_FblCw_DcmDslProtocolTxInfo
0000000d 00              134 _FblCw_DcmDslProtocolTxInfo:	.space	1
                         135 	.type	_FblCw_DcmDslProtocolTxInfo,@object
                         136 	.size	_FblCw_DcmDslProtocolTxInfo,1
                         137 	.section ".sdata","aw"
                         138 	.global	_FblCw_Initialized
00000000 00              139 _FblCw_Initialized:	.byte	0
                         140 	.type	_FblCw_Initialized,@object
                         141 	.size	_FblCw_Initialized,1
                         142 	.data

                                                                      Page 4
                                                              C:\Users\nhuliyap\AppData\Local\Temp\gh_0000a801.s
                         143 	.ghsnote version,17
                         144 	.ghsnote tools,3
                         145 	.ghsnote options,144
                         146 	.section ".RAMCODE","ax"
                         147 	.align	2
                         148 ..eof.C.3A.5C_ECU2.5CECU_Rivian_A1.5CTarget.5Crepo_projects.5CpFOTA.5CcL_R2023.2E09.2E01.5Cmake.5Cobj.5CFblCw_Lcfg...43.3A.5C_ECU2.5CECU_Rivian_A1.5CTarget.5Crepo_projects.5CpFOTA.5CcL_R2023.2E09.2E01.5Cmake..64F863C3..0::
                         149 .rh850_flags REGMODE32,DATA_ALIGN8,GP_FIX,EP_NONFIX,TP_FIX,REG2_RESERVE,G3K,SDA_EXTRA_REGS_0
