                                                                      Page 1
                                                              C:\Users\nhuliyap\AppData\Local\Temp\gh_00009pc1.s
Command Line: C:\GHS\comp_201517\ease850.exe -w -stderr=err/Fls_Internal.err -elf -b0 -I../source/_common -I../source/common -I../source/ecuabcanif -I../source/ecuabcantrcv -I../source/ecuabcryif -I../source/ecuabfee -I../source/ecuabmemif -I../source/libautosar -I../source/mcalcan -I../source/mcalcry -I../source/mcaldio -I../source/mcaleep -I../source/mcalfls -I../source/mcalmcu -I../source/projectara -I../source/projectcfg -I../source/projectcompiler -I../source/swcservicebswm -I../source/swcservicecantp -I../source/swcservicecomm -I../source/swcservicecsm -I../source/swcservicedcm -I../source/swcservicedem -I../source/swcservicedet -I../source/swcserviceecum -I../source/swcservicenvm -I../source/swcserviceos -I../source/swcservicepdur -I../source/swcserviceschm -I../source/swcservicestartup -I../source/wrappers/swcservicesecm -I../source/wrappers/vsecprim -I../source/wrappers/vstdlib -Ic:/ghs/comp_201517/ansi -Ic:/ghs/comp_201517/include/v800 -Igendata -IC:\GHS\comp_201517\lib\rh850 -cg_underscore -cpu=rh850g3k -nofpu -no_v850_simd -rh850_fpsimd=none -nomacro -patch_dbo=C:\_ECU2\ECU_Rivian_A1\Target\repo_projects\pFOTA\cL_R2023.09.01\make\obj\Fls_Internal.dbo -source=Fls_Internal.c -o obj\gh_00009pc1.o -list=lst/Fls_Internal.lst C:\Users\nhuliyap\AppData\Local\Temp\gh_00009pc1.s 
Original File: C:\Users\nhuliyap\AppData\Local\Temp\gh_00009pc1.s
Source File: Fls_Internal.c
Directory: C:\_ECU2\ECU_Rivian_A1\Target\repo_projects\pFOTA\cL_R2023.09.01\make
Host OS: Windows
EASE: Copyright (C) 1983-2015 Green Hills Software.  All Rights Reserved.
Release: Compiler v2015.1.7
Build Directory: [Directory] BTOWORKER6:c:/build_2015_1_bto/2015-10-21.2100-2015_1_bto/win32-comp-ecom
Revision: [VCInfo] http://toolsvc/branches/release-branch-70-bto/src@544153 (built by build)
Revision Date: Thu Oct 22 07:50:13 2015

Release Date: Thu Oct 22 09:32:32 2015

                           1 --Driver Command: ccrh850 -DBRS_DERIVATIVE_701018 -DBRS_OSC_CLK=16
                           2 --		-DBRS_TIMEBASE_CLOCK=80 -DBRS_EVA_BOARD_
                           3 --		-DBRS_DERIVATIVE_GROUP_F1L -DBRS_OS_USECASE_BRS
                           4 --		-DBRS_PLATFORM_RH850 -DBRS_COMP_GHS
                           5 --		-DBRS_CPU_LOCAL_RAM_SIZE_CORE0=32
                           6 --		-DBRS_CPU_RAM_START_CORE0=0xFEDF8000 -list=lst/Fls_Internal.lst
                           7 --		-object_dir=obj -stderr=err/Fls_Internal.err -c -cpu=rh850
                           8 --		-sda=all -large_sda -prepare_dispose -pragma_asm_inline -no_callt
                           9 --		-inline_prologue -notda -reserve_r2 -fsoft
                          10 --		--unknown_pragma_warnings -list -g -Ogeneral -shortenum
                          11 --		-registermode=32 -I../source/_common -I../source/common
                          12 --		-I../source/ecuabcanif -I../source/ecuabcantrcv
                          13 --		-I../source/ecuabcryif -I../source/ecuabfee
                          14 --		-I../source/ecuabmemif -I../source/libautosar -I../source/mcalcan
                          15 --		-I../source/mcalcry -I../source/mcaldio -I../source/mcaleep
                          16 --		-I../source/mcalfls -I../source/mcalmcu -I../source/projectara
                          17 --		-I../source/projectcfg -I../source/projectcompiler
                          18 --		-I../source/swcservicebswm -I../source/swcservicecantp
                          19 --		-I../source/swcservicecomm -I../source/swcservicecsm
                          20 --		-I../source/swcservicedcm -I../source/swcservicedem
                          21 --		-I../source/swcservicedet -I../source/swcserviceecum
                          22 --		-I../source/swcservicenvm -I../source/swcserviceos
                          23 --		-I../source/swcservicepdur -I../source/swcserviceschm
                          24 --		-I../source/swcservicestartup -I../source/wrappers/swcservicesecm
                          25 --		-I../source/wrappers/vsecprim -I../source/wrappers/vstdlib
                          26 --		-Ic:/ghs/comp_201517/ansi -Ic:/ghs/comp_201517/include/v800
                          27 --		-Igendata ../source/McalFls/Fls_Internal.c
                          28 --Source File:   ../source/McalFls/Fls_Internal.c
                          29 --Directory:     
                          30 --		C:\_ECU2\ECU_Rivian_A1\Target\repo_projects\pFOTA\cL_R2023.09.01\make
                          31 --Compile Date:  Wed Sep 06 13:34:33 2023
                          32 --Host OS:       Win32
                          33 --Version:       C-RH850 2015.1.7 RELEASE VERSION
                          34 --Release:       Compiler v2015.1.7
                          35 --Revision Date: Thu Oct 22 08:06:12 2015
                          36 --Release Date:  Thu Oct 22 09:34:32 2015
                          37 -- ecom  -g -w -OM
                          38 	.text
                          39 ..bof.C.3A.5C_ECU2.5CECU_Rivian_A1.5CTarget.5Crepo_projects.5CpFOTA.5CcL_R2023.2E09.2E01.5Cmake.5Cobj.5CFls_Internal...43.3A.5C_ECU2.5CECU_Rivian_A1.5CTarget.5Crepo_projects.5CpFOTA.5CcL_R2023.2E09.2E01.5Cmake..64F863C9..0::
                          40 	.align	2
                          41 ..gh.f.f.1.e.0:
                          42 	.type	..gh.f.f.1.e.0,@object
                          43 	.size	..gh.f.f.1.e.0,0
                          44 	.global	_Fls_DFProcessReadCommand
                          45 _Fls_DFProcessReadCommand:
00000000 8007e110         46 	prepare	{r27,r28,r29,r31},0
                          47 --	    .bf
                          48 .LDW01:
00000004 840709f00000*    49 	ld.w	sdaoff23(_Fls_GpConfigPtr)[gp],ep
0000000a 840709400000*    50 	ld.w	sdaoff23(_Fls_GVar+24)[gp],r8

                                                                      Page 2
                                                              C:\Users\nhuliyap\AppData\Local\Temp\gh_00009pc1.s
00000010 00da             51 	mov	0,r27
00000012 0a4d             52 	sld.w	20[ep],r9
00000014 e941             53 	cmp	r9,r8
00000016 8315*            54 	bnh	.L4
                          55 --line287
                          56 ..lin.C.3A.5C_ECU2.5CECU_Rivian_A1.5CTarget.5Crepo_projects.5CpFOTA.5CcL_R2023.2E09.2E01.5Cmake.5Cobj.5CFls_Internal.1::
                          57 .LDWlin1:
00000018 3e0600000000*    58 	mov	sdaoff23(_Fls_GVar),ep
0000001e a40705700000*    59 	ld.bu	sdaoff23(_Fls_GVar+32)[gp],r14
00000024 0e35             60 	sld.w	28[ep],r6
00000026 09e0             61 	mov	r9,r28
00000028 a941             62 	sub	r9,r8
0000002a ae49             63 	sub	r14,r9
0000002c a931             64 	sub	r9,r6
0000002e 0d45             65 	sst.w	r8,24[ep]
00000030 0f35             66 	sst.w	r6,28[ep]
00000032 018a             67 	mov	1,r17
00000034 b505*            68 	br	.L6
                          69 .L4:
                          70 --line295
                          71 ..lin.C.3A.5C_ECU2.5CECU_Rivian_A1.5CTarget.5Crepo_projects.5CpFOTA.5CcL_R2023.2E09.2E01.5Cmake.5Cobj.5CFls_Internal.2::
                          72 .LDWlin2:
00000036 08e0             73 	mov	r8,r28
00000038 1b88             74 	mov	r27,r17
                          75 .L6:
0000003a 840705680000*    76 	ld.b	sdaoff23(_Fls_GstVar+15)[gp],r13
00000040 82e2             77 	shr	2,r28
00000042 84070d880000*    78 	st.b	r17,sdaoff23(_Fls_GVar+41)[gp]
00000048 3d0600000000*    79 	mov	sdaoff23(_Fls_GstVar),r29
0000004e 626a             80 	cmp	2,r13
00000050 ca05*            81 	bne	.L12
                          82 --line306
                          83 ..lin.C.3A.5C_ECU2.5CECU_Rivian_A1.5CTarget.5Crepo_projects.5CpFOTA.5CcL_R2023.2E09.2E01.5Cmake.5Cobj.5CFls_Internal.3::
                          84 .LDWlin3:
00000052 3d0600000000*    85 	mov	sdaoff23(_Fls_GstVar+16),r29
                          86 .L12:
00000058 840709980000*    87 	ld.w	sdaoff23(_Fls_GVar+12)[gp],r19
0000005e 0262             88 	mov	2,r12
00000060 1df0             89 	mov	r29,ep
00000062 405e20ff         90 	movhi	hi(-14680064),zero,r11
00000066 8063             91 	sst.b	r12,0[ep]
00000068 ab99             92 	sub	r11,r19
0000006a 059d             93 	sst.w	r19,8[ep]
0000006c 0182             94 	mov	1,r16
0000006e 8684             95 	sst.h	r16,12[ep]
00000070 8e83             96 	sst.b	r16,14[ep]
00000072 1d30             97 	mov	r29,r6
                          98 	jarl	_R_FDL_Execute,lp
                          98 <EXPANSION BEGIN>
                          98 jarl22 _R_FDL_Execute , lp 
00000074 80ff0000*        98 <EXPANSION END>
                          99 .L15:
                         100 --line331
                         101 ..lin.C.3A.5C_ECU2.5CECU_Rivian_A1.5CTarget.5Crepo_projects.5CpFOTA.5CcL_R2023.2E09.2E01.5Cmake.5Cobj.5CFls_Internal.4::
                         102 .LDWlin4:
                         103 	jarl	_R_FDL_Handler,lp
                         103 <EXPANSION BEGIN>
                         103 jarl22 _R_FDL_Handler , lp 
00000078 80ff0000*       103 <EXPANSION END>
                         104 --line341
                         105 ..lin.C.3A.5C_ECU2.5CECU_Rivian_A1.5CTarget.5Crepo_projects.5CpFOTA.5CcL_R2023.2E09.2E01.5Cmake.5Cobj.5CFls_Internal.5::

                                                                      Page 3
                                                              C:\Users\nhuliyap\AppData\Local\Temp\gh_00009pc1.s
                         106 .LDWlin5:
0000007c 1d570f00        107 	ld.b	15[r29],r10
00000080 6152            108 	cmp	1,r10
00000082 b2fd*           109 	be	.L15
                         110 --line343
                         111 ..lin.C.3A.5C_ECU2.5CECU_Rivian_A1.5CTarget.5Crepo_projects.5CpFOTA.5CcL_R2023.2E09.2E01.5Cmake.5Cobj.5CFls_Internal.6::
                         112 .LDWlin6:
00000084 1d570f00        113 	ld.b	15[r29],r10
00000088 e051            114 	cmp	zero,r10
0000008a fa05*           115 	bne	.L16
                         116 --line345
                         117 ..lin.C.3A.5C_ECU2.5CECU_Rivian_A1.5CTarget.5Crepo_projects.5CpFOTA.5CcL_R2023.2E09.2E01.5Cmake.5Cobj.5CFls_Internal.7::
                         118 .LDWlin7:
0000008c 840709f00000*   119 	ld.w	sdaoff23(_Fls_GVar+4)[gp],ep
00000092 1f4a            120 	mov	-1,r9
00000094 014d            121 	sst.w	r9,0[ep]
00000096 b515*           122 	br	.L18
                         123 .L16:
                         124 --line348
                         125 ..lin.C.3A.5C_ECU2.5CECU_Rivian_A1.5CTarget.5Crepo_projects.5CpFOTA.5CcL_R2023.2E09.2E01.5Cmake.5Cobj.5CFls_Internal.8::
                         126 .LDWlin8:
00000098 6952            127 	cmp	9,r10
0000009a 9a15*           128 	bne	.L18
                         129 --line351
                         130 ..lin.C.3A.5C_ECU2.5CECU_Rivian_A1.5CTarget.5Crepo_projects.5CpFOTA.5CcL_R2023.2E09.2E01.5Cmake.5Cobj.5CFls_Internal.9::
                         131 .LDWlin9:
0000009c 840709380000*   132 	ld.w	sdaoff23(_Fls_GVar+4)[gp],r7
000000a2 1d360800        133 	addi	8,r29,r6
000000a6 0142            134 	mov	1,r8
                         135 	jarl	_R_FDL_FCUFct_ReadOperation,lp
                         135 <EXPANSION BEGIN>
                         135 jarl22 _R_FDL_FCUFct_ReadOperation , lp 
000000a8 80ff0000*       135 <EXPANSION END>
                         136 --line354
                         137 ..lin.C.3A.5C_ECU2.5CECU_Rivian_A1.5CTarget.5Crepo_projects.5CpFOTA.5CcL_R2023.2E09.2E01.5Cmake.5Cobj.5CFls_Internal.10::
                         138 .LDWlin10:
000000ac 6b52            139 	cmp	11,r10
000000ae fa05*           140 	bne	.L18
                         141 --line356
                         142 ..lin.C.3A.5C_ECU2.5CECU_Rivian_A1.5CTarget.5Crepo_projects.5CpFOTA.5CcL_R2023.2E09.2E01.5Cmake.5Cobj.5CFls_Internal.11::
                         143 .LDWlin11:
000000b0 3e0600000000*   144 	mov	sdaoff23(_Fls_GVar),ep
000000b6 0645            145 	sld.w	12[ep],r8
000000b8 01da            146 	mov	1,r27
000000ba 0545            147 	sst.w	r8,8[ep]
                         148 .L18:
000000bc 3e0600000000*   149 	mov	sdaoff23(_Fls_GVar),ep
000000c2 0295            150 	sld.w	4[ep],r18
000000c4 067d            151 	sld.w	12[ep],r15
000000c6 4492            152 	add	4,r18
000000c8 0f3e0400        153 	addi	4,r15,r7
000000cc 0395            154 	sst.w	r18,4[ep]
000000ce 073d            155 	sst.w	r7,12[ep]
000000d0 5fe2            156 	add	-1,r28
000000d2 d205*           157 	be	.L10
000000d4 e051            158 	cmp	zero,r10
000000d6 92c5*           159 	be	.L12
000000d8 6b52            160 	cmp	11,r10
000000da f2bd*           161 	be	.L12
                         162 .L10:
                         163 --line376

                                                                      Page 4
                                                              C:\Users\nhuliyap\AppData\Local\Temp\gh_00009pc1.s
                         164 ..lin.C.3A.5C_ECU2.5CECU_Rivian_A1.5CTarget.5Crepo_projects.5CpFOTA.5CcL_R2023.2E09.2E01.5Cmake.5Cobj.5CFls_Internal.12::
                         165 .LDWlin12:
000000dc 6c52            166 	cmp	12,r10
000000de ea05*           167 	bne	.L27
                         168 --line377
                         169 ..lin.C.3A.5C_ECU2.5CECU_Rivian_A1.5CTarget.5Crepo_projects.5CpFOTA.5CcL_R2023.2E09.2E01.5Cmake.5Cobj.5CFls_Internal.13::
                         170 .LDWlin13:
000000e0 5c3a            171 	add	-4,r7
000000e2 84070f380000*   172 	st.w	r7,sdaoff23(_Fls_GVar+8)[gp]
000000e8 c505*           173 	br	.L29
                         174 .L27:
                         175 --line380
                         176 ..lin.C.3A.5C_ECU2.5CECU_Rivian_A1.5CTarget.5Crepo_projects.5CpFOTA.5CcL_R2023.2E09.2E01.5Cmake.5Cobj.5CFls_Internal.14::
                         177 .LDWlin14:
000000ea 61da            178 	cmp	1,r27
000000ec eb570453        179 	cmove	11,r10,r10
                         180 .L29:
000000f0 0132            181 	mov	1,r6
000000f2 84070d300000*   182 	st.b	r6,sdaoff23(_Fls_GVar+40)[gp]
                         183 --	    .ef
                         184 .LDW11:
000000f8 4006ff10        185 	dispose	0,{r27,r28,r29,r31},[lp]
                         186 	.type	_Fls_DFProcessReadCommand,@function
                         187 	.size	_Fls_DFProcessReadCommand,.-_Fls_DFProcessReadCommand
                         188 	.align	2
                         189 .LDW21:
                         190 --_LpFdlReqCmd	r29	local
                         191 --_LenFDLStatus	r10	local
                         192 --_LblSECError	r27	local
                         193 --_LulFDLLength	r28	local
                         194 --_LulMaxReadBytes	r9	local
                         195 
                         196 	.section ".bss","awb"
                         197 .L217:
                         198 	.type	.L217,@object
                         199 	.size	.L217,0
                         200 	.data
                         201 	.text
                         202 	.align	2
                         203 	.align	2
                         204 ..gh.f.f.1.e.1:
                         205 	.type	..gh.f.f.1.e.1,@object
                         206 	.size	..gh.f.f.1.e.1,0
                         207 	.global	_Fls_DFProcessCompareCommand
                         208 _Fls_DFProcessCompareCommand:
000000fc 80072100        209 	prepare	{r31},0
                         210 --	    .bf
                         211 .LDW31:
00000100 840709f00000*   212 	ld.w	sdaoff23(_Fls_GpConfigPtr)[gp],ep
00000106 840709880000*   213 	ld.w	sdaoff23(_Fls_GVar+24)[gp],r17
0000010c 0a95            214 	sld.w	20[ep],r18
0000010e f289            215 	cmp	r18,r17
00000110 8315*           216 	bnh	.L404
                         217 --line712
                         218 ..lin.C.3A.5C_ECU2.5CECU_Rivian_A1.5CTarget.5Crepo_projects.5CpFOTA.5CcL_R2023.2E09.2E01.5Cmake.5Cobj.5CFls_Internal.15::
                         219 .LDWlin15:
00000112 3e0600000000*   220 	mov	sdaoff23(_Fls_GVar),ep
00000118 a40705600000*   221 	ld.bu	sdaoff23(_Fls_GVar+32)[gp],r12
0000011e 0e7d            222 	sld.w	28[ep],r15
00000120 1280            223 	mov	r18,r16
00000122 b289            224 	sub	r18,r17

                                                                      Page 5
                                                              C:\Users\nhuliyap\AppData\Local\Temp\gh_00009pc1.s
00000124 ac91            225 	sub	r12,r18
00000126 b279            226 	sub	r18,r15
00000128 0d8d            227 	sst.w	r17,24[ep]
0000012a 0f7d            228 	sst.w	r15,28[ep]
0000012c 016a            229 	mov	1,r13
0000012e b505*           230 	br	.L406
                         231 .L404:
                         232 --line720
                         233 ..lin.C.3A.5C_ECU2.5CECU_Rivian_A1.5CTarget.5Crepo_projects.5CpFOTA.5CcL_R2023.2E09.2E01.5Cmake.5Cobj.5CFls_Internal.16::
                         234 .LDWlin16:
00000130 1180            235 	mov	r17,r16
00000132 006a            236 	mov	0,r13
                         237 .L406:
00000134 3e0600000000*   238 	mov	sdaoff23(_Fls_GVar),ep
0000013a 0255            239 	sld.w	4[ep],r10
0000013c 0475            240 	sld.w	8[ep],r14
0000013e 035a            241 	mov	3,r11
00000140 a96b            242 	sst.b	r13,41[ep]
00000142 84070d580000*   243 	st.b	r11,sdaoff23(_Fls_GstVar)[gp]
00000148 404e20ff        244 	movhi	hi(-14680064),zero,r9
0000014c 84070f500000*   245 	st.w	r10,sdaoff23(_Fls_GstVar+4)[gp]
00000152 a971            246 	sub	r9,r14
00000154 3e0600000000*   247 	mov	sdaoff23(_Fls_GstVar),ep
0000015a 8282            248 	shr	2,r16
0000015c 0575            249 	sst.w	r14,8[ep]
0000015e 8684            250 	sst.h	r16,12[ep]
00000160 0142            251 	mov	1,r8
00000162 8e43            252 	sst.b	r8,14[ep]
00000164 1e30            253 	mov	ep,r6
                         254 	jarl	_R_FDL_Execute,lp
                         254 <EXPANSION BEGIN>
                         254 jarl22 _R_FDL_Execute , lp 
00000166 80ff0000*       254 <EXPANSION END>
                         255 .L409:
                         256 --line744
                         257 ..lin.C.3A.5C_ECU2.5CECU_Rivian_A1.5CTarget.5Crepo_projects.5CpFOTA.5CcL_R2023.2E09.2E01.5Cmake.5Cobj.5CFls_Internal.17::
                         258 .LDWlin17:
                         259 	jarl	_R_FDL_Handler,lp
                         259 <EXPANSION BEGIN>
                         259 jarl22 _R_FDL_Handler , lp 
0000016a 80ff0000*       259 <EXPANSION END>
                         260 --line753
                         261 ..lin.C.3A.5C_ECU2.5CECU_Rivian_A1.5CTarget.5Crepo_projects.5CpFOTA.5CcL_R2023.2E09.2E01.5Cmake.5Cobj.5CFls_Internal.18::
                         262 .LDWlin18:
0000016e 840705380000*   263 	ld.b	sdaoff23(_Fls_GstVar+15)[gp],r7
00000174 613a            264 	cmp	1,r7
00000176 a2fd*           265 	be	.L409
                         266 --line758
                         267 ..lin.C.3A.5C_ECU2.5CECU_Rivian_A1.5CTarget.5Crepo_projects.5CpFOTA.5CcL_R2023.2E09.2E01.5Cmake.5Cobj.5CFls_Internal.19::
                         268 .LDWlin19:
00000178 840705500000*   269 	ld.b	sdaoff23(_Fls_GstVar+15)[gp],r10
0000017e 0132            270 	mov	1,r6
00000180 84070d300000*   271 	st.b	r6,sdaoff23(_Fls_GVar+40)[gp]
                         272 --	    .ef
                         273 .LDW41:
00000186 40063f00        274 	dispose	0,{r31},[lp]
                         275 	.type	_Fls_DFProcessCompareCommand,@function
                         276 	.size	_Fls_DFProcessCompareCommand,.-_Fls_DFProcessCompareCommand
                         277 	.align	2
                         278 .LDW51:
                         279 --_LulFDLLength	r16	local

                                                                      Page 6
                                                              C:\Users\nhuliyap\AppData\Local\Temp\gh_00009pc1.s
                         280 --_LulMaxReadBytes	r18	local
                         281 
                         282 	.section ".bss","awb"
                         283 .L466:
                         284 	.type	.L466,@object
                         285 	.size	.L466,0
                         286 	.data
                         287 	.text
                         288 	.align	2
                         289 	.align	2
                         290 ..gh.f.f.1.e.2:
                         291 	.type	..gh.f.f.1.e.2,@object
                         292 	.size	..gh.f.f.1.e.2,0
                         293 	.global	_Fls_EndJobProcess
                         294 _Fls_EndJobProcess:
0000018a 8007e130        295 	prepare	{r26,r27,r28,r29,r31},0
                         296 --	    .bf
                         297 .LDW61:
0000018e 840705780000*   298 	ld.b	sdaoff23(_Fls_GVar+36)[gp],r15
00000194 617a            299 	cmp	1,r15
00000196 ea1d*           300 	bne	.L531
                         301 --line809
                         302 ..lin.C.3A.5C_ECU2.5CECU_Rivian_A1.5CTarget.5Crepo_projects.5CpFOTA.5CcL_R2023.2E09.2E01.5Cmake.5Cobj.5CFls_Internal.20::
                         303 .LDWlin20:
00000198 840705580000*   304 	ld.b	sdaoff23(_Fls_GVar+37)[gp],r11
0000019e e059            305 	cmp	zero,r11
000001a0 ea071503*       306 	bne	.L529
                         307 --line812
                         308 ..lin.C.3A.5C_ECU2.5CECU_Rivian_A1.5CTarget.5Crepo_projects.5CpFOTA.5CcL_R2023.2E09.2E01.5Cmake.5Cobj.5CFls_Internal.21::
                         309 .LDWlin21:
000001a4 840705880000*   310 	ld.b	sdaoff23(_Fls_GstVar+32)[gp],r17
000001aa 84070d000000*   311 	st.b	zero,sdaoff23(_Fls_GVar+36)[gp]
000001b0 e089            312 	cmp	zero,r17
000001b2 8a0d*           313 	bne	.L535
                         314 --line830
                         315 ..lin.C.3A.5C_ECU2.5CECU_Rivian_A1.5CTarget.5Crepo_projects.5CpFOTA.5CcL_R2023.2E09.2E01.5Cmake.5Cobj.5CFls_Internal.22::
                         316 .LDWlin22:
000001b4 3e0600000000*   317 	mov	sdaoff23(_Fls_GVar),ep
000001ba a603            318 	sst.b	zero,38[ep]
000001bc a77b            319 	sst.b	r15,39[ep]
000001be 4006ff30        320 	dispose	0,{r26,r27,r28,r29,r31},[lp]
                         321 .L535:
                         322 --line847
                         323 ..lin.C.3A.5C_ECU2.5CECU_Rivian_A1.5CTarget.5Crepo_projects.5CpFOTA.5CcL_R2023.2E09.2E01.5Cmake.5Cobj.5CFls_Internal.23::
                         324 .LDWlin23:
000001c2 6d8a            325 	cmp	13,r17
000001c4 84070d780000*   326 	st.b	r15,sdaoff23(_Fls_GVar+38)[gp]
000001ca ea670000        327 	setfne	r12
000001ce 8007e002*       328 	br	.L978
                         329 .L531:
000001d2 840709f00000*   330 	ld.w	sdaoff23(_Fls_GpConfigPtr)[gp],ep
000001d8 00da            331 	mov	0,r27
000001da 1be8            332 	mov	r27,r29
                         333 --line901
                         334 ..lin.C.3A.5C_ECU2.5CECU_Rivian_A1.5CTarget.5Crepo_projects.5CpFOTA.5CcL_R2023.2E09.2E01.5Cmake.5Cobj.5CFls_Internal.24::
                         335 .LDWlin24:
000001dc 657a            336 	cmp	5,r15
000001de 0ad5            337 	sld.w	20[ep],r26
000001e0 ea2d*           338 	bne	.L543
                         339 --line902
                         340 ..lin.C.3A.5C_ECU2.5CECU_Rivian_A1.5CTarget.5Crepo_projects.5CpFOTA.5CcL_R2023.2E09.2E01.5Cmake.5Cobj.5CFls_Internal.25::

                                                                      Page 7
                                                              C:\Users\nhuliyap\AppData\Local\Temp\gh_00009pc1.s
                         341 .LDWlin25:
000001e2 840705880000*   342 	ld.b	sdaoff23(_Fls_GstVar+32)[gp],r17
000001e8 014a            343 	mov	1,r9
000001ea e089            344 	cmp	zero,r17
000001ec fa05*           345 	bne	.L545
                         346 --line905
                         347 ..lin.C.3A.5C_ECU2.5CECU_Rivian_A1.5CTarget.5Crepo_projects.5CpFOTA.5CcL_R2023.2E09.2E01.5Cmake.5Cobj.5CFls_Internal.26::
                         348 .LDWlin26:
000001ee 3e0600000000*   349 	mov	sdaoff23(_Fls_GVar),ep
000001f4 a603            350 	sst.b	zero,38[ep]
000001f6 a74b            351 	sst.b	r9,39[ep]
000001f8 b51d*           352 	br	.L547
                         353 .L545:
                         354 --line923
                         355 ..lin.C.3A.5C_ECU2.5CECU_Rivian_A1.5CTarget.5Crepo_projects.5CpFOTA.5CcL_R2023.2E09.2E01.5Cmake.5Cobj.5CFls_Internal.27::
                         356 .LDWlin27:
000001fa 698a            357 	cmp	9,r17
000001fc c20d*           358 	be	.L551
000001fe 0968            359 	mov	r9,r13
00000200 6d8a            360 	cmp	13,r17
00000202 d205*           361 	be	.L550
                         362 --line946
                         363 ..lin.C.3A.5C_ECU2.5CECU_Rivian_A1.5CTarget.5Crepo_projects.5CpFOTA.5CcL_R2023.2E09.2E01.5Cmake.5Cobj.5CFls_Internal.28::
                         364 .LDWlin28:
00000204 84070d480000*   365 	st.b	r9,sdaoff23(_Fls_GVar+39)[gp]
0000020a f50d*           366 	br	.L548
                         367 .L550:
                         368 --line927
                         369 ..lin.C.3A.5C_ECU2.5CECU_Rivian_A1.5CTarget.5Crepo_projects.5CpFOTA.5CcL_R2023.2E09.2E01.5Cmake.5Cobj.5CFls_Internal.29::
                         370 .LDWlin29:
0000020c 84070d000000*   371 	st.b	zero,sdaoff23(_Fls_GVar+39)[gp]
00000212 b50d*           372 	br	.L548
                         373 .L551:
                         374 --line934
                         375 ..lin.C.3A.5C_ECU2.5CECU_Rivian_A1.5CTarget.5Crepo_projects.5CpFOTA.5CcL_R2023.2E09.2E01.5Cmake.5Cobj.5CFls_Internal.30::
                         376 .LDWlin30:
00000214 3e0600000000*   377 	mov	sdaoff23(_Fls_GVar+39),ep
0000021a 6198            378 	sld.bu	1[ep],r19
0000021c 804b            379 	sst.b	r9,0[ep]
0000021e 1340            380 	mov	r19,r8
00000220 a800            381 	sxb	r8
00000222 619a            382 	cmp	1,r19
00000224 e447146b        383 	cmovne	4,r8,r13
                         384 .L548:
00000228 84070d680000*   385 	st.b	r13,sdaoff23(_Fls_GVar+38)[gp]
                         386 .L547:
0000022e 3e0600000000*   387 	mov	sdaoff23(_Fls_GVar),ep
00000234 a403            388 	sst.b	zero,36[ep]
00000236 a803            389 	sst.b	zero,40[ep]
00000238 4006ff30        390 	dispose	0,{r26,r27,r28,r29,r31},[lp]
                         391 .L543:
                         392 --line1074
                         393 ..lin.C.3A.5C_ECU2.5CECU_Rivian_A1.5CTarget.5Crepo_projects.5CpFOTA.5CcL_R2023.2E09.2E01.5Cmake.5Cobj.5CFls_Internal.31::
                         394 .LDWlin31:
0000023c 637a            395 	cmp	3,r15
0000023e da6d*           396 	bne	.L557
                         397 --line1077
                         398 ..lin.C.3A.5C_ECU2.5CECU_Rivian_A1.5CTarget.5Crepo_projects.5CpFOTA.5CcL_R2023.2E09.2E01.5Cmake.5Cobj.5CFls_Internal.32::
                         399 .LDWlin32:
00000240 840705880000*   400 	ld.b	sdaoff23(_Fls_GstVar+32)[gp],r17
00000246 e089            401 	cmp	zero,r17

                                                                      Page 8
                                                              C:\Users\nhuliyap\AppData\Local\Temp\gh_00009pc1.s
00000248 c205*           402 	be	.L564
0000024a 6b8a            403 	cmp	11,r17
0000024c ea073102*       404 	bne	.L563
                         405 .L564:
                         406 --line1095
                         407 ..lin.C.3A.5C_ECU2.5CECU_Rivian_A1.5CTarget.5Crepo_projects.5CpFOTA.5CcL_R2023.2E09.2E01.5Cmake.5Cobj.5CFls_Internal.33::
                         408 .LDWlin33:
00000250 3e0600000000*   409 	mov	sdaoff23(_Fls_GVar+37),ep
00000256 6430            410 	sld.bu	4[ep],r6
00000258 0083            411 	sld.b	0[ep],r16
0000025a 6132            412 	cmp	1,r6
0000025c 9a15*           413 	bne	.L565
                         414 --line1097
                         415 ..lin.C.3A.5C_ECU2.5CECU_Rivian_A1.5CTarget.5Crepo_projects.5CpFOTA.5CcL_R2023.2E09.2E01.5Cmake.5Cobj.5CFls_Internal.34::
                         416 .LDWlin34:
0000025e 1a90            417 	mov	r26,r18
00000260 e081            418 	cmp	zero,r16
00000262 ea075302*       419 	bne	.L529
                         420 --line1102
                         421 ..lin.C.3A.5C_ECU2.5CECU_Rivian_A1.5CTarget.5Crepo_projects.5CpFOTA.5CcL_R2023.2E09.2E01.5Cmake.5Cobj.5CFls_Internal.35::
                         422 .LDWlin35:
00000266 a40705980000*   423 	ld.bu	sdaoff23(_Fls_GVar+32)[gp],r19
0000026c 840709f00000*   424 	ld.w	sdaoff23(_Fls_GVar+4)[gp],ep
00000272 b391            425 	sub	r19,r18
00000274 b2f1            426 	sub	r18,ep
00000276 84070ff00000*   427 	st.w	ep,sdaoff23(_Fls_GVar+4)[gp]
0000027c 952d*           428 	br	.L576
                         429 .L565:
                         430 --line1115
                         431 ..lin.C.3A.5C_ECU2.5CECU_Rivian_A1.5CTarget.5Crepo_projects.5CpFOTA.5CcL_R2023.2E09.2E01.5Cmake.5Cobj.5CFls_Internal.36::
                         432 .LDWlin36:
0000027e 840709900000*   433 	ld.w	sdaoff23(_Fls_GVar+24)[gp],r18
00000284 e081            434 	cmp	zero,r16
00000286 ea07bb01*       435 	bne	.L662
                         436 --line1120
                         437 ..lin.C.3A.5C_ECU2.5CECU_Rivian_A1.5CTarget.5Crepo_projects.5CpFOTA.5CcL_R2023.2E09.2E01.5Cmake.5Cobj.5CFls_Internal.37::
                         438 .LDWlin37:
0000028a 840709f00000*   439 	ld.w	sdaoff23(_Fls_GVar+4)[gp],ep
00000290 a40705880000*   440 	ld.bu	sdaoff23(_Fls_GVar+32)[gp],r17
00000296 d1f1            441 	add	r17,ep
00000298 b2f1            442 	sub	r18,ep
0000029a 840709900000*   443 	ld.w	sdaoff23(_Fls_GVar+28)[gp],r18
000002a0 84070ff00000*   444 	st.w	ep,sdaoff23(_Fls_GVar+4)[gp]
000002a6 c515*           445 	br	.L576
                         446 .L578:
                         447 --line1137
                         448 ..lin.C.3A.5C_ECU2.5CECU_Rivian_A1.5CTarget.5Crepo_projects.5CpFOTA.5CcL_R2023.2E09.2E01.5Cmake.5Cobj.5CFls_Internal.38::
                         449 .LDWlin38:
000002a8 840709800000*   450 	ld.w	sdaoff23(_Fls_GVar)[gp],r16
000002ae 6078            451 	sld.bu	0[ep],r15
000002b0 3e0600000000*   452 	mov	sdaoff23(_Fls_GVar),ep
000002b6 41ea            453 	add	1,r29
000002b8 507f0000        454 	st.b	r15,0[r16]
000002bc 0055            455 	sld.w	0[ep],r10
000002be 027d            456 	sld.w	4[ep],r15
000002c0 4152            457 	add	1,r10
000002c2 0155            458 	sst.w	r10,0[ep]
000002c4 0ff60100        459 	addi	1,r15,ep
000002c8 84070ff00000*   460 	st.w	ep,sdaoff23(_Fls_GVar+4)[gp]
                         461 .L576:
000002ce f2e9            462 	cmp	r18,r29

                                                                      Page 9
                                                              C:\Users\nhuliyap\AppData\Local\Temp\gh_00009pc1.s
000002d0 c1ed*           463 	bl	.L578
                         464 --line1148
                         465 ..lin.C.3A.5C_ECU2.5CECU_Rivian_A1.5CTarget.5Crepo_projects.5CpFOTA.5CcL_R2023.2E09.2E01.5Cmake.5Cobj.5CFls_Internal.39::
                         466 .LDWlin39:
000002d2 a40705700000*   467 	ld.bu	sdaoff23(_Fls_GVar+32)[gp],r14
000002d8 840705680000*   468 	ld.b	sdaoff23(_Fls_GstVar+32)[gp],r13
000002de 84070d000000*   469 	st.b	zero,sdaoff23(_Fls_GVar+32)[gp]
000002e4 ce91            470 	add	r14,r18
000002e6 b2f1            471 	sub	r18,ep
000002e8 84070ff00000*   472 	st.w	ep,sdaoff23(_Fls_GVar+4)[gp]
000002ee 6b6a            473 	cmp	11,r13
000002f0 ca0d*           474 	bne	.L585
                         475 --line1155
                         476 ..lin.C.3A.5C_ECU2.5CECU_Rivian_A1.5CTarget.5Crepo_projects.5CpFOTA.5CcL_R2023.2E09.2E01.5Cmake.5Cobj.5CFls_Internal.40::
                         477 .LDWlin40:
000002f2 840709f00000*   478 	ld.w	sdaoff23(_Fls_GpConfigPtr)[gp],ep
000002f8 06e5            479 	sld.w	12[ep],r28
000002fa e0e1            480 	cmp	zero,r28
000002fc e205*           481 	be	.L585
                         482 --line1157
                         483 ..lin.C.3A.5C_ECU2.5CECU_Rivian_A1.5CTarget.5Crepo_projects.5CpFOTA.5CcL_R2023.2E09.2E01.5Cmake.5Cobj.5CFls_Internal.41::
                         484 .LDWlin41:
000002fe 840709300000*   485 	ld.w	sdaoff23(_Fls_GVar+8)[gp],r6
00000304 fcc760f9        486 	jarl	[r28],lp
                         487 .L585:
                         488 --line1179
                         489 ..lin.C.3A.5C_ECU2.5CECU_Rivian_A1.5CTarget.5Crepo_projects.5CpFOTA.5CcL_R2023.2E09.2E01.5Cmake.5Cobj.5CFls_Internal.42::
                         490 .LDWlin42:
00000308 a40705600000*   491 	ld.bu	sdaoff23(_Fls_GVar+41)[gp],r12
0000030e 6162            492 	cmp	1,r12
00000310 e207a501*       493 	be	.L529
00000314 80072c01*       494 	br	.L662
                         495 .L557:
                         496 --line1269
                         497 ..lin.C.3A.5C_ECU2.5CECU_Rivian_A1.5CTarget.5Crepo_projects.5CpFOTA.5CcL_R2023.2E09.2E01.5Cmake.5Cobj.5CFls_Internal.43::
                         498 .LDWlin43:
00000318 647a            499 	cmp	4,r15
0000031a ea071901*       500 	bne	.L606
                         501 --line1272
                         502 ..lin.C.3A.5C_ECU2.5CECU_Rivian_A1.5CTarget.5Crepo_projects.5CpFOTA.5CcL_R2023.2E09.2E01.5Cmake.5Cobj.5CFls_Internal.44::
                         503 .LDWlin44:
0000031e 840705880000*   504 	ld.b	sdaoff23(_Fls_GstVar+32)[gp],r17
00000324 e089            505 	cmp	zero,r17
00000326 b205*           506 	be	.L613
00000328 6b8a            507 	cmp	11,r17
0000032a ea6d*           508 	bne	.L612
                         509 .L613:
                         510 --line1293
                         511 ..lin.C.3A.5C_ECU2.5CECU_Rivian_A1.5CTarget.5Crepo_projects.5CpFOTA.5CcL_R2023.2E09.2E01.5Cmake.5Cobj.5CFls_Internal.45::
                         512 .LDWlin45:
0000032c 840705400000*   513 	ld.b	sdaoff23(_Fls_GVar+37)[gp],r8
00000332 e041            514 	cmp	zero,r8
00000334 9a0d*           515 	bne	.L620
00000336 6b8a            516 	cmp	11,r17
00000338 fa05*           517 	bne	.L620
                         518 --line1296
                         519 ..lin.C.3A.5C_ECU2.5CECU_Rivian_A1.5CTarget.5Crepo_projects.5CpFOTA.5CcL_R2023.2E09.2E01.5Cmake.5Cobj.5CFls_Internal.46::
                         520 .LDWlin46:
0000033a 06e5            521 	sld.w	12[ep],r28
0000033c e0e1            522 	cmp	zero,r28
0000033e c205*           523 	be	.L620

                                                                      Page 10
                                                              C:\Users\nhuliyap\AppData\Local\Temp\gh_00009pc1.s
                         524 --line1298
                         525 ..lin.C.3A.5C_ECU2.5CECU_Rivian_A1.5CTarget.5Crepo_projects.5CpFOTA.5CcL_R2023.2E09.2E01.5Cmake.5Cobj.5CFls_Internal.47::
                         526 .LDWlin47:
00000340 0830            527 	mov	r8,r6
00000342 fcc760f9        528 	jarl	[r28],lp
                         529 .L620:
                         530 --line1309
                         531 ..lin.C.3A.5C_ECU2.5CECU_Rivian_A1.5CTarget.5Crepo_projects.5CpFOTA.5CcL_R2023.2E09.2E01.5Cmake.5Cobj.5CFls_Internal.48::
                         532 .LDWlin48:
00000346 3e0600000000*   533 	mov	sdaoff23(_Fls_GVar+37),ep
0000034c 6488            534 	sld.bu	4[ep],r17
0000034e 0083            535 	sld.b	0[ep],r16
00000350 618a            536 	cmp	1,r17
00000352 fa0d*           537 	bne	.L621
                         538 --line1311
                         539 ..lin.C.3A.5C_ECU2.5CECU_Rivian_A1.5CTarget.5Crepo_projects.5CpFOTA.5CcL_R2023.2E09.2E01.5Cmake.5Cobj.5CFls_Internal.49::
                         540 .LDWlin49:
00000354 1a90            541 	mov	r26,r18
00000356 e081            542 	cmp	zero,r16
00000358 da35*           543 	bne	.L630
                         544 --line1316
                         545 ..lin.C.3A.5C_ECU2.5CECU_Rivian_A1.5CTarget.5Crepo_projects.5CpFOTA.5CcL_R2023.2E09.2E01.5Cmake.5Cobj.5CFls_Internal.50::
                         546 .LDWlin50:
0000035a a40705700000*   547 	ld.bu	sdaoff23(_Fls_GVar+32)[gp],r14
00000360 3e0600000000*   548 	mov	sdaoff23(_Fls_GVar),ep
00000366 024d            549 	sld.w	4[ep],r9
00000368 ae91            550 	sub	r14,r18
0000036a ce49            551 	add	r14,r9
0000036c 034d            552 	sst.w	r9,4[ep]
0000036e a52d*           553 	br	.L630
                         554 .L621:
                         555 --line1329
                         556 ..lin.C.3A.5C_ECU2.5CECU_Rivian_A1.5CTarget.5Crepo_projects.5CpFOTA.5CcL_R2023.2E09.2E01.5Cmake.5Cobj.5CFls_Internal.51::
                         557 .LDWlin51:
00000370 840709900000*   558 	ld.w	sdaoff23(_Fls_GVar+24)[gp],r18
00000376 e081            559 	cmp	zero,r16
00000378 da25*           560 	bne	.L630
                         561 --line1334
                         562 ..lin.C.3A.5C_ECU2.5CECU_Rivian_A1.5CTarget.5Crepo_projects.5CpFOTA.5CcL_R2023.2E09.2E01.5Cmake.5Cobj.5CFls_Internal.52::
                         563 .LDWlin52:
0000037a 3e0600000000*   564 	mov	sdaoff23(_Fls_GVar),ep
00000380 0245            565 	sld.w	4[ep],r8
00000382 a40705380000*   566 	ld.bu	sdaoff23(_Fls_GVar+32)[gp],r7
00000388 0e95            567 	sld.w	28[ep],r18
0000038a c741            568 	add	r7,r8
0000038c 0345            569 	sst.w	r8,4[ep]
0000038e a51d*           570 	br	.L630
                         571 .L632:
                         572 --line1347
                         573 ..lin.C.3A.5C_ECU2.5CECU_Rivian_A1.5CTarget.5Crepo_projects.5CpFOTA.5CcL_R2023.2E09.2E01.5Cmake.5Cobj.5CFls_Internal.53::
                         574 .LDWlin53:
00000390 840709580000*   575 	ld.w	sdaoff23(_Fls_GVar)[gp],r11
00000396 840709f00000*   576 	ld.w	sdaoff23(_Fls_GVar+4)[gp],ep
0000039c 8b670100        577 	ld.bu	0[r11],r12
000003a0 6068            578 	sld.bu	0[ep],r13
000003a2 ed61            579 	cmp	r13,r12
000003a4 e1df14db        580 	cmovne	1,r27,r27
000003a8 fd9724eb        581 	cmove	r29,r18,r29
000003ac 0b360100        582 	addi	1,r11,r6
000003b0 1e9e0100        583 	addi	1,ep,r19
000003b4 41ea            584 	add	1,r29

                                                                      Page 11
                                                              C:\Users\nhuliyap\AppData\Local\Temp\gh_00009pc1.s
000003b6 84070f300000*   585 	st.w	r6,sdaoff23(_Fls_GVar)[gp]
000003bc 84070f980000*   586 	st.w	r19,sdaoff23(_Fls_GVar+4)[gp]
                         587 .L630:
000003c2 f2e9            588 	cmp	r18,r29
000003c4 e1e5*           589 	bl	.L632
                         590 --line1364
                         591 ..lin.C.3A.5C_ECU2.5CECU_Rivian_A1.5CTarget.5Crepo_projects.5CpFOTA.5CcL_R2023.2E09.2E01.5Cmake.5Cobj.5CFls_Internal.54::
                         592 .LDWlin54:
000003c6 e0d9            593 	cmp	zero,r27
000003c8 da15*           594 	bne	.L636
                         595 --line1366
                         596 ..lin.C.3A.5C_ECU2.5CECU_Rivian_A1.5CTarget.5Crepo_projects.5CpFOTA.5CcL_R2023.2E09.2E01.5Cmake.5Cobj.5CFls_Internal.55::
                         597 .LDWlin55:
000003ca 618a            598 	cmp	1,r17
000003cc aa3d*           599 	bne	.L662
                         600 --line1368
                         601 ..lin.C.3A.5C_ECU2.5CECU_Rivian_A1.5CTarget.5Crepo_projects.5CpFOTA.5CcL_R2023.2E09.2E01.5Cmake.5Cobj.5CFls_Internal.56::
                         602 .LDWlin56:
000003ce e081            603 	cmp	zero,r16
000003d0 aa75*           604 	bne	.L529
                         605 --line1373
                         606 ..lin.C.3A.5C_ECU2.5CECU_Rivian_A1.5CTarget.5Crepo_projects.5CpFOTA.5CcL_R2023.2E09.2E01.5Cmake.5Cobj.5CFls_Internal.57::
                         607 .LDWlin57:
000003d2 a40705700000*   608 	ld.bu	sdaoff23(_Fls_GVar+32)[gp],r14
000003d8 3e0600000000*   609 	mov	sdaoff23(_Fls_GVar),ep
000003de 023d            610 	sld.w	4[ep],r7
000003e0 0435            611 	sld.w	8[ep],r6
000003e2 ce91            612 	add	r14,r18
000003e4 a003            613 	sst.b	zero,32[ep]
000003e6 b239            614 	sub	r18,r7
000003e8 d231            615 	add	r18,r6
000003ea 033d            616 	sst.w	r7,4[ep]
000003ec 0535            617 	sst.w	r6,8[ep]
000003ee 4006ff30        618 	dispose	0,{r26,r27,r28,r29,r31},[lp]
                         619 .L636:
                         620 --line1406
                         621 ..lin.C.3A.5C_ECU2.5CECU_Rivian_A1.5CTarget.5Crepo_projects.5CpFOTA.5CcL_R2023.2E09.2E01.5Cmake.5Cobj.5CFls_Internal.58::
                         622 .LDWlin58:
000003f2 0492            623 	mov	4,r18
000003f4 3e0600000000*   624 	mov	sdaoff23(_Fls_GVar),ep
000003fa 018a            625 	mov	1,r17
000003fc a693            626 	sst.b	r18,38[ep]
000003fe a403            627 	sst.b	zero,36[ep]
00000400 a78b            628 	sst.b	r17,39[ep]
00000402 4006ff30        629 	dispose	0,{r26,r27,r28,r29,r31},[lp]
                         630 .L612:
                         631 --line1416
                         632 ..lin.C.3A.5C_ECU2.5CECU_Rivian_A1.5CTarget.5Crepo_projects.5CpFOTA.5CcL_R2023.2E09.2E01.5Cmake.5Cobj.5CFls_Internal.59::
                         633 .LDWlin59:
00000406 840705800000*   634 	ld.b	sdaoff23(_Fls_GVar+37)[gp],r16
0000040c e081            635 	cmp	zero,r16
0000040e 9a0d*           636 	bne	.L654
                         637 --line1420
                         638 ..lin.C.3A.5C_ECU2.5CECU_Rivian_A1.5CTarget.5Crepo_projects.5CpFOTA.5CcL_R2023.2E09.2E01.5Cmake.5Cobj.5CFls_Internal.60::
                         639 .LDWlin60:
00000410 6c8a            640 	cmp	12,r17
00000412 fa05*           641 	bne	.L654
                         642 --line1426
                         643 ..lin.C.3A.5C_ECU2.5CECU_Rivian_A1.5CTarget.5Crepo_projects.5CpFOTA.5CcL_R2023.2E09.2E01.5Cmake.5Cobj.5CFls_Internal.61::
                         644 .LDWlin61:
00000414 08ed            645 	sld.w	16[ep],r29

                                                                      Page 12
                                                              C:\Users\nhuliyap\AppData\Local\Temp\gh_00009pc1.s
00000416 e0e9            646 	cmp	zero,r29
00000418 c205*           647 	be	.L654
                         648 --line1428
                         649 ..lin.C.3A.5C_ECU2.5CECU_Rivian_A1.5CTarget.5Crepo_projects.5CpFOTA.5CcL_R2023.2E09.2E01.5Cmake.5Cobj.5CFls_Internal.62::
                         650 .LDWlin62:
0000041a 1030            651 	mov	r16,r6
0000041c fdc760f9        652 	jarl	[r29],lp
                         653 .L654:
                         654 --line1449
                         655 ..lin.C.3A.5C_ECU2.5CECU_Rivian_A1.5CTarget.5Crepo_projects.5CpFOTA.5CcL_R2023.2E09.2E01.5Cmake.5Cobj.5CFls_Internal.63::
                         656 .LDWlin63:
00000420 0172            657 	mov	1,r14
00000422 3e0600000000*   658 	mov	sdaoff23(_Fls_GVar),ep
00000428 a673            659 	sst.b	r14,38[ep]
0000042a a773            660 	sst.b	r14,39[ep]
0000042c a403            661 	sst.b	zero,36[ep]
0000042e 4006ff30        662 	dispose	0,{r26,r27,r28,r29,r31},[lp]
                         663 .L606:
                         664 --line1460
                         665 ..lin.C.3A.5C_ECU2.5CECU_Rivian_A1.5CTarget.5Crepo_projects.5CpFOTA.5CcL_R2023.2E09.2E01.5Cmake.5Cobj.5CFls_Internal.64::
                         666 .LDWlin64:
00000432 627a            667 	cmp	2,r15
00000434 8a45*           668 	bne	.L529
                         669 --line1463
                         670 ..lin.C.3A.5C_ECU2.5CECU_Rivian_A1.5CTarget.5Crepo_projects.5CpFOTA.5CcL_R2023.2E09.2E01.5Cmake.5Cobj.5CFls_Internal.65::
                         671 .LDWlin65:
00000436 840705780000*   672 	ld.b	sdaoff23(_Fls_GstVar+32)[gp],r15
0000043c e079            673 	cmp	zero,r15
0000043e aa0d*           674 	bne	.L661
                         675 .L662:
                         676 --line1486
                         677 ..lin.C.3A.5C_ECU2.5CECU_Rivian_A1.5CTarget.5Crepo_projects.5CpFOTA.5CcL_R2023.2E09.2E01.5Cmake.5Cobj.5CFls_Internal.66::
                         678 .LDWlin66:
00000440 3e0600000000*   679 	mov	sdaoff23(_Fls_GVar),ep
00000446 0172            680 	mov	1,r14
00000448 a603            681 	sst.b	zero,38[ep]
0000044a a403            682 	sst.b	zero,36[ep]
0000044c a773            683 	sst.b	r14,39[ep]
0000044e 4006ff30        684 	dispose	0,{r26,r27,r28,r29,r31},[lp]
                         685 .L661:
                         686 --line1551
                         687 ..lin.C.3A.5C_ECU2.5CECU_Rivian_A1.5CTarget.5Crepo_projects.5CpFOTA.5CcL_R2023.2E09.2E01.5Cmake.5Cobj.5CFls_Internal.67::
                         688 .LDWlin67:
00000452 3e0600000000*   689 	mov	sdaoff23(_Fls_GVar),ep
00000458 2583            690 	sld.b	37[ep],r16
0000045a 016a            691 	mov	1,r13
0000045c a66b            692 	sst.b	r13,38[ep]
0000045e a403            693 	sst.b	zero,36[ep]
00000460 e081            694 	cmp	zero,r16
00000462 8a0d*           695 	bne	.L664
                         696 .L665:
                         697 --line1559
                         698 ..lin.C.3A.5C_ECU2.5CECU_Rivian_A1.5CTarget.5Crepo_projects.5CpFOTA.5CcL_R2023.2E09.2E01.5Cmake.5Cobj.5CFls_Internal.68::
                         699 .LDWlin68:
00000464 840705600000*   700 	ld.b	sdaoff23(_Fls_GstVar+32)[gp],r12
0000046a 6d62            701 	cmp	13,r12
0000046c ea670000        702 	setfne	r12
00000470 f51d*           703 	br	.L978
                         704 .L664:
                         705 --line1569
                         706 ..lin.C.3A.5C_ECU2.5CECU_Rivian_A1.5CTarget.5Crepo_projects.5CpFOTA.5CcL_R2023.2E09.2E01.5Cmake.5Cobj.5CFls_Internal.69::

                                                                      Page 13
                                                              C:\Users\nhuliyap\AppData\Local\Temp\gh_00009pc1.s
                         707 .LDWlin69:
00000472 6182            708 	cmp	1,r16
00000474 0d60            709 	mov	r13,r12
00000476 ca1d*           710 	bne	.L978
00000478 4006ff30        711 	dispose	0,{r26,r27,r28,r29,r31},[lp]
                         712 .L563:
                         713 --line1194
                         714 ..lin.C.3A.5C_ECU2.5CECU_Rivian_A1.5CTarget.5Crepo_projects.5CpFOTA.5CcL_R2023.2E09.2E01.5Cmake.5Cobj.5CFls_Internal.70::
                         715 .LDWlin70:
0000047c 840705580000*   716 	ld.b	sdaoff23(_Fls_GVar+37)[gp],r11
00000482 e059            717 	cmp	zero,r11
00000484 ba0d*           718 	bne	.L598
                         719 --line1198
                         720 ..lin.C.3A.5C_ECU2.5CECU_Rivian_A1.5CTarget.5Crepo_projects.5CpFOTA.5CcL_R2023.2E09.2E01.5Cmake.5Cobj.5CFls_Internal.71::
                         721 .LDWlin71:
00000486 6c8a            722 	cmp	12,r17
00000488 9a0d*           723 	bne	.L598
                         724 --line1204
                         725 ..lin.C.3A.5C_ECU2.5CECU_Rivian_A1.5CTarget.5Crepo_projects.5CpFOTA.5CcL_R2023.2E09.2E01.5Cmake.5Cobj.5CFls_Internal.72::
                         726 .LDWlin72:
0000048a 08ed            727 	sld.w	16[ep],r29
0000048c e0e9            728 	cmp	zero,r29
0000048e e205*           729 	be	.L598
                         730 --line1206
                         731 ..lin.C.3A.5C_ECU2.5CECU_Rivian_A1.5CTarget.5Crepo_projects.5CpFOTA.5CcL_R2023.2E09.2E01.5Cmake.5Cobj.5CFls_Internal.73::
                         732 .LDWlin73:
00000490 840709300000*   733 	ld.w	sdaoff23(_Fls_GVar+8)[gp],r6
00000496 fdc760f9        734 	jarl	[r29],lp
                         735 .L598:
                         736 --line1228
                         737 ..lin.C.3A.5C_ECU2.5CECU_Rivian_A1.5CTarget.5Crepo_projects.5CpFOTA.5CcL_R2023.2E09.2E01.5Cmake.5Cobj.5CFls_Internal.74::
                         738 .LDWlin74:
0000049a 3e0600000000*   739 	mov	sdaoff23(_Fls_GVar),ep
000004a0 254b            740 	sld.b	37[ep],r9
000004a2 0152            741 	mov	1,r10
000004a4 a653            742 	sst.b	r10,38[ep]
000004a6 a403            743 	sst.b	zero,36[ep]
000004a8 e049            744 	cmp	zero,r9
000004aa d2dd*           745 	be	.L665
                         746 --line1585
                         747 ..lin.C.3A.5C_ECU2.5CECU_Rivian_A1.5CTarget.5Crepo_projects.5CpFOTA.5CcL_R2023.2E09.2E01.5Cmake.5Cobj.5CFls_Internal.75::
                         748 .LDWlin75:
000004ac 0a60            749 	mov	r10,r12
                         750 .L978:
000004ae 84070d600000*   751 	st.b	r12,sdaoff23(_Fls_GVar+39)[gp]
                         752 .L529:
                         753 --	    .ef
                         754 .LDW71:
000004b4 4006ff30        755 	dispose	0,{r26,r27,r28,r29,r31},[lp]
                         756 	.type	_Fls_EndJobProcess,@function
                         757 	.size	_Fls_EndJobProcess,.-_Fls_EndJobProcess
                         758 	.align	2
                         759 .LDW81:
                         760 --_LulBytesProcessed	r18	local
                         761 --_LddLoopCount	r29	local
                         762 --_LulMaxReadBytes	r26	local
                         763 --_LddReturnValue	r27	local
                         764 
                         765 	.section ".bss","awb"
                         766 .L2768:
                         767 	.type	.L2768,@object

                                                                      Page 14
                                                              C:\Users\nhuliyap\AppData\Local\Temp\gh_00009pc1.s
                         768 	.size	.L2768,0
                         769 	.data
                         770 	.text
                         771 	.align	2
                         772 	.align	2
                         773 ..gh.f.f.1.e.3:
                         774 	.type	..gh.f.f.1.e.3,@object
                         775 	.size	..gh.f.f.1.e.3,0
                         776 	.global	_Fls_DF_read_memory_u08
                         777 _Fls_DF_read_memory_u08:
000004b8 06f0            778 	mov	r6,ep
                         779 --	    .bf
                         780 .LDW91:
000004ba 6050            781 	sld.bu	0[ep],r10
                         782 --	    .ef
                         783 .LDW02:
000004bc 7f00            784 	jmp	[lp]
                         785 	.type	_Fls_DF_read_memory_u08,@function
                         786 	.size	_Fls_DF_read_memory_u08,.-_Fls_DF_read_memory_u08
                         787 	.align	2
                         788 .LDW12:
                         789 
                         790 --_address	ep	param
                         791 
                         792 	.section ".bss","awb"
                         793 .L3412:
                         794 	.type	.L3412,@object
                         795 	.size	.L3412,0
                         796 	.data
                         797 	.text
                         798 	.align	2
                         799 	.align	2
                         800 ..gh.f.f.1.e.4:
                         801 	.type	..gh.f.f.1.e.4,@object
                         802 	.size	..gh.f.f.1.e.4,0
                         803 	.global	_Fls_DF_write_memory_u08
                         804 _Fls_DF_write_memory_u08:
000004be 06f0            805 	mov	r6,ep
                         806 --	    .bf
                         807 .LDW22:
000004c0 803b            808 	sst.b	r7,0[ep]
                         809 --	    .ef
                         810 .LDW32:
000004c2 7f00            811 	jmp	[lp]
                         812 	.type	_Fls_DF_write_memory_u08,@function
                         813 	.size	_Fls_DF_write_memory_u08,.-_Fls_DF_write_memory_u08
                         814 	.align	2
                         815 .LDW42:
                         816 
                         817 --_address	ep	param
                         818 --_value	r7	param
                         819 
                         820 	.section ".bss","awb"
                         821 .L3457:
                         822 	.type	.L3457,@object
                         823 	.size	.L3457,0
                         824 	.data
                         825 	.text
                         826 	.align	2
                         827 	.align	2
                         828 ..gh.f.f.1.e.5:

                                                                      Page 15
                                                              C:\Users\nhuliyap\AppData\Local\Temp\gh_00009pc1.s
                         829 	.type	..gh.f.f.1.e.5,@object
                         830 	.size	..gh.f.f.1.e.5,0
                         831 	.global	_Fls_DF_read_memory_u16
                         832 _Fls_DF_read_memory_u16:
000004c4 06f0            833 	mov	r6,ep
                         834 --	    .bf
                         835 .LDW52:
000004c6 7050            836 	sld.hu	0[ep],r10
                         837 --	    .ef
                         838 .LDW62:
000004c8 7f00            839 	jmp	[lp]
                         840 	.type	_Fls_DF_read_memory_u16,@function
                         841 	.size	_Fls_DF_read_memory_u16,.-_Fls_DF_read_memory_u16
                         842 	.align	2
                         843 .LDW72:
                         844 
                         845 --_address	ep	param
                         846 
                         847 	.section ".bss","awb"
                         848 .L3508:
                         849 	.type	.L3508,@object
                         850 	.size	.L3508,0
                         851 	.data
                         852 	.text
                         853 	.align	2
                         854 	.align	2
                         855 ..gh.f.f.1.e.6:
                         856 	.type	..gh.f.f.1.e.6,@object
                         857 	.size	..gh.f.f.1.e.6,0
                         858 	.global	_Fls_DF_write_memory_u16
                         859 _Fls_DF_write_memory_u16:
000004ca 06f0            860 	mov	r6,ep
                         861 --	    .bf
                         862 .LDW82:
000004cc 803c            863 	sst.h	r7,0[ep]
                         864 --	    .ef
                         865 .LDW92:
000004ce 7f00            866 	jmp	[lp]
                         867 	.type	_Fls_DF_write_memory_u16,@function
                         868 	.size	_Fls_DF_write_memory_u16,.-_Fls_DF_write_memory_u16
                         869 	.align	2
                         870 .LDW03:
                         871 
                         872 --_address	ep	param
                         873 --_value	r7	param
                         874 
                         875 	.section ".bss","awb"
                         876 .L3553:
                         877 	.type	.L3553,@object
                         878 	.size	.L3553,0
                         879 	.data
                         880 	.text
                         881 	.align	2
                         882 	.align	2
                         883 ..gh.f.f.1.e.7:
                         884 	.type	..gh.f.f.1.e.7,@object
                         885 	.size	..gh.f.f.1.e.7,0
                         886 	.global	_Fls_DF_read_memory_u32
                         887 _Fls_DF_read_memory_u32:
000004d0 06f0            888 	mov	r6,ep
                         889 --	    .bf

                                                                      Page 16
                                                              C:\Users\nhuliyap\AppData\Local\Temp\gh_00009pc1.s
                         890 .LDW13:
000004d2 0055            891 	sld.w	0[ep],r10
                         892 --	    .ef
                         893 .LDW23:
000004d4 7f00            894 	jmp	[lp]
                         895 	.type	_Fls_DF_read_memory_u32,@function
                         896 	.size	_Fls_DF_read_memory_u32,.-_Fls_DF_read_memory_u32
                         897 	.align	2
                         898 .LDW33:
                         899 
                         900 --_address	ep	param
                         901 
                         902 	.section ".bss","awb"
                         903 .L3601:
                         904 	.type	.L3601,@object
                         905 	.size	.L3601,0
                         906 	.data
                         907 	.text
                         908 	.align	2
                         909 	.align	2
                         910 ..gh.f.f.1.e.8:
                         911 	.type	..gh.f.f.1.e.8,@object
                         912 	.size	..gh.f.f.1.e.8,0
                         913 	.global	_Fls_DF_write_memory_u32
                         914 _Fls_DF_write_memory_u32:
000004d6 06f0            915 	mov	r6,ep
                         916 --	    .bf
                         917 .LDW43:
000004d8 013d            918 	sst.w	r7,0[ep]
                         919 --	    .ef
                         920 .LDW53:
000004da 7f00            921 	jmp	[lp]
                         922 	.type	_Fls_DF_write_memory_u32,@function
                         923 	.size	_Fls_DF_write_memory_u32,.-_Fls_DF_write_memory_u32
                         924 	.align	2
                         925 .LDW63:
                         926 
                         927 --_address	ep	param
                         928 --_value	r7	param
                         929 
                         930 	.section ".bss","awb"
                         931 .L3649:
                         932 	.type	.L3649,@object
                         933 	.size	.L3649,0
                         934 	.data
                         935 	.text
                         936 	.align	2
                         937 --_Fls_GpConfigPtr	sdaoff23(_Fls_GpConfigPtr)	import
                         938 --_Fls_GstVar	sdaoff23(_Fls_GstVar)	import
                         939 --_Fls_GVar	sdaoff23(_Fls_GVar)	import
                         940 
                         941 	.data
                         942 	.ghsnote version,17
                         943 	.ghsnote tools,3
                         944 	.ghsnote options,144
                         945 	.text
                         946 	.align	2
                         947 ..eof.C.3A.5C_ECU2.5CECU_Rivian_A1.5CTarget.5Crepo_projects.5CpFOTA.5CcL_R2023.2E09.2E01.5Cmake.5Cobj.5CFls_Internal...43.3A.5C_ECU2.5CECU_Rivian_A1.5CTarget.5Crepo_projects.5CpFOTA.5CcL_R2023.2E09.2E01.5Cmake..64F863C9..0::
                         948 .rh850_flags REGMODE32,DATA_ALIGN8,GP_FIX,EP_NONFIX,TP_FIX,REG2_RESERVE,G3K,SDA_EXTRA_REGS_0
