                                                                      Page 1
                                                              C:\Users\nhuliyap\AppData\Local\Temp\gh_00007b81.s
Command Line: C:\GHS\comp_201517\ease850.exe -w -stderr=err/McalCry_Signature.err -elf -b0 -I../source/_common -I../source/common -I../source/ecuabcanif -I../source/ecuabcantrcv -I../source/ecuabcryif -I../source/ecuabfee -I../source/ecuabmemif -I../source/libautosar -I../source/mcalcan -I../source/mcalcry -I../source/mcaldio -I../source/mcaleep -I../source/mcalfls -I../source/mcalmcu -I../source/projectara -I../source/projectcfg -I../source/projectcompiler -I../source/swcservicebswm -I../source/swcservicecantp -I../source/swcservicecomm -I../source/swcservicecsm -I../source/swcservicedcm -I../source/swcservicedem -I../source/swcservicedet -I../source/swcserviceecum -I../source/swcservicenvm -I../source/swcserviceos -I../source/swcservicepdur -I../source/swcserviceschm -I../source/swcservicestartup -I../source/wrappers/swcservicesecm -I../source/wrappers/vsecprim -I../source/wrappers/vstdlib -Ic:/ghs/comp_201517/ansi -Ic:/ghs/comp_201517/include/v800 -Igendata -IC:\GHS\comp_201517\lib\rh850 -cg_underscore -cpu=rh850g3k -nofpu -no_v850_simd -rh850_fpsimd=none -nomacro -patch_dbo=C:\_ECU2\ECU_Rivian_A1\Target\repo_projects\pFOTA\cL_R2023.09.01\make\obj\McalCry_Signature.dbo -source=McalCry_Signature.c -o obj\gh_00007b81.o -list=lst/McalCry_Signature.lst C:\Users\nhuliyap\AppData\Local\Temp\gh_00007b81.s 
Original File: C:\Users\nhuliyap\AppData\Local\Temp\gh_00007b81.s
Source File: McalCry_Signature.c
Directory: C:\_ECU2\ECU_Rivian_A1\Target\repo_projects\pFOTA\cL_R2023.09.01\make
Host OS: Windows
EASE: Copyright (C) 1983-2015 Green Hills Software.  All Rights Reserved.
Release: Compiler v2015.1.7
Build Directory: [Directory] BTOWORKER6:c:/build_2015_1_bto/2015-10-21.2100-2015_1_bto/win32-comp-ecom
Revision: [VCInfo] http://toolsvc/branches/release-branch-70-bto/src@544153 (built by build)
Revision Date: Thu Oct 22 07:50:13 2015

Release Date: Thu Oct 22 09:32:32 2015

                           1 --Driver Command: ccrh850 -DBRS_DERIVATIVE_701018 -DBRS_OSC_CLK=16
                           2 --		-DBRS_TIMEBASE_CLOCK=80 -DBRS_EVA_BOARD_
                           3 --		-DBRS_DERIVATIVE_GROUP_F1L -DBRS_OS_USECASE_BRS
                           4 --		-DBRS_PLATFORM_RH850 -DBRS_COMP_GHS
                           5 --		-DBRS_CPU_LOCAL_RAM_SIZE_CORE0=32
                           6 --		-DBRS_CPU_RAM_START_CORE0=0xFEDF8000
                           7 --		-list=lst/McalCry_Signature.lst -object_dir=obj
                           8 --		-stderr=err/McalCry_Signature.err -c -cpu=rh850 -sda=all
                           9 --		-large_sda -prepare_dispose -pragma_asm_inline -no_callt
                          10 --		-inline_prologue -notda -reserve_r2 -fsoft
                          11 --		--unknown_pragma_warnings -list -g -Ogeneral -shortenum
                          12 --		-registermode=32 -I../source/_common -I../source/common
                          13 --		-I../source/ecuabcanif -I../source/ecuabcantrcv
                          14 --		-I../source/ecuabcryif -I../source/ecuabfee
                          15 --		-I../source/ecuabmemif -I../source/libautosar -I../source/mcalcan
                          16 --		-I../source/mcalcry -I../source/mcaldio -I../source/mcaleep
                          17 --		-I../source/mcalfls -I../source/mcalmcu -I../source/projectara
                          18 --		-I../source/projectcfg -I../source/projectcompiler
                          19 --		-I../source/swcservicebswm -I../source/swcservicecantp
                          20 --		-I../source/swcservicecomm -I../source/swcservicecsm
                          21 --		-I../source/swcservicedcm -I../source/swcservicedem
                          22 --		-I../source/swcservicedet -I../source/swcserviceecum
                          23 --		-I../source/swcservicenvm -I../source/swcserviceos
                          24 --		-I../source/swcservicepdur -I../source/swcserviceschm
                          25 --		-I../source/swcservicestartup -I../source/wrappers/swcservicesecm
                          26 --		-I../source/wrappers/vsecprim -I../source/wrappers/vstdlib
                          27 --		-Ic:/ghs/comp_201517/ansi -Ic:/ghs/comp_201517/include/v800
                          28 --		-Igendata ../source/McalCry/McalCry_Signature.c
                          29 --Source File:   ../source/McalCry/McalCry_Signature.c
                          30 --Directory:     
                          31 --		C:\_ECU2\ECU_Rivian_A1\Target\repo_projects\pFOTA\cL_R2023.09.01\make
                          32 --Compile Date:  Wed Sep 06 13:34:53 2023
                          33 --Host OS:       Win32
                          34 --Version:       C-RH850 2015.1.7 RELEASE VERSION
                          35 --Release:       Compiler v2015.1.7
                          36 --Revision Date: Thu Oct 22 08:06:12 2015
                          37 --Release Date:  Thu Oct 22 09:34:32 2015
                          38 -- ecom  -g -w -OM
                          39 	.section ".MSR_CODE","ax"
                          40 	.align	2
                          41 	.align	2
                          42 ..bof.C.3A.5C_ECU2.5CECU_Rivian_A1.5CTarget.5Crepo_projects.5CpFOTA.5CcL_R2023.2E09.2E01.5Cmake.5Cobj.5CMcalCry_Signature...43.3A.5C_ECU2.5CECU_Rivian_A1.5CTarget.5Crepo_projects.5CpFOTA.5CcL_R2023.2E09.2E01.5Cmake..64F863DD..0::
                          43 	.align	2
                          44 ..gh.f.f.1.e.0:
                          45 	.type	..gh.f.f.1.e.0,@object
                          46 	.size	..gh.f.f.1.e.0,0
                          47 	.global	_McalCry_Dispatch_RsaPkcs1Verify
                          48 _McalCry_Dispatch_RsaPkcs1Verify:
00000000 8e07e130         49 	prepare	{r26,r27,r28,r29,r31},7
00000004 07e8             50 	mov	r7,r29

                                                                      Page 2
                                                              C:\Users\nhuliyap\AppData\Local\Temp\gh_00007b81.s
00000006 8800             51 	zxb	r8
                          52 --	    .bf
                          53 .LDW01:
00000008 27f74100         54 	ld.w	64[r7],ep
0000000c 01e2             55 	mov	1,r28
0000000e 850709d80000*    56 	ld.w	rosdaoff23(_McalCry_RsaPkcs1Verify)[r5],r27
00000014 6142             57 	cmp	1,r8
00000016 02d5             58 	sld.w	4[ep],r26
00000018 bad71100         59 	ld.bu	17[r26],r26
0000001c e205*            60 	be	.L64
0000001e 6242             61 	cmp	2,r8
00000020 c23d*            62 	be	.L74
00000022 6442             63 	cmp	4,r8
00000024 e245*            64 	be	.L79
00000026 d57d*            65 	br	.L106
                          66 .L64:
                          67 --	    .bs
                          68 .LDW11:
                          69 --line595
                          70 ..lin.C.3A.5C_ECU2.5CECU_Rivian_A1.5CTarget.5Crepo_projects.5CpFOTA.5CcL_R2023.2E09.2E01.5Cmake.5Cobj.5CMcalCry_Signature.1::
                          71 .LDWlin1:
00000028 1b30             72 	mov	r27,r6
0000002a 280600000000*    73 	mov	_FblLookForWatchdogVoid,r8
00000030 203eb807         74 	movea	1976,zero,r7
                          75 	jarl	_esl_initWorkSpaceHeader,lp
                          75 <EXPANSION BEGIN>
                          75 jarl22 _esl_initWorkSpaceHeader , lp 
00000034 80ff0000*        75 <EXPANSION END>
00000038 e051             76 	cmp	zero,r10
0000003a ba75*            77 	bne	.L106
                          78 --line597
                          79 ..lin.C.3A.5C_ECU2.5CECU_Rivian_A1.5CTarget.5Crepo_projects.5CpFOTA.5CcL_R2023.2E09.2E01.5Cmake.5Cobj.5CMcalCry_Signature.2::
                          80 .LDWlin2:
0000003c 23360400         81 	movea	4,sp,r6
00000040 0a38             82 	mov	r10,r7
00000042 2046a000         83 	movea	160,zero,r8
                          84 	jarl	_McalCry_Local_ElementGetterSetId,lp
                          84 <EXPANSION BEGIN>
                          84 jarl22 _McalCry_Local_ElementGetterSetId , lp 
00000046 80ff0000*        84 <EXPANSION END>
                          85 --line598
                          86 ..lin.C.3A.5C_ECU2.5CECU_Rivian_A1.5CTarget.5Crepo_projects.5CpFOTA.5CcL_R2023.2E09.2E01.5Cmake.5Cobj.5CMcalCry_Signature.3::
                          87 .LDWlin3:
0000004a 23360400         88 	movea	4,sp,r6
0000004e 1c38             89 	mov	r28,r7
00000050 2046a100         90 	movea	161,zero,r8
                          91 	jarl	_McalCry_Local_ElementGetterSetId,lp
                          91 <EXPANSION BEGIN>
                          91 jarl22 _McalCry_Local_ElementGetterSetId , lp 
00000054 80ff0000*        91 <EXPANSION END>
                          92 --line600
                          93 ..lin.C.3A.5C_ECU2.5CECU_Rivian_A1.5CTarget.5Crepo_projects.5CpFOTA.5CcL_R2023.2E09.2E01.5Cmake.5Cobj.5CMcalCry_Signature.4::
                          94 .LDWlin4:
00000058 3d374900         95 	ld.w	72[r29],r6
0000005c 233e0400         96 	movea	4,sp,r7
00000060 0242             97 	mov	2,r8
00000062 004a             98 	mov	0,r9
                          99 	jarl	_McalCry_Local_GetElementsIndexJob,lp
                          99 <EXPANSION BEGIN>
                          99 jarl22 _McalCry_Local_GetElementsIndexJob , lp 
00000064 80ff0000*        99 <EXPANSION END>

                                                                      Page 3
                                                              C:\Users\nhuliyap\AppData\Local\Temp\gh_00007b81.s
00000068 0ae0            100 	mov	r10,r28
                         101 --line601
                         102 ..lin.C.3A.5C_ECU2.5CECU_Rivian_A1.5CTarget.5Crepo_projects.5CpFOTA.5CcL_R2023.2E09.2E01.5Cmake.5Cobj.5CMcalCry_Signature.5::
                         103 .LDWlin5:
0000006a e051            104 	cmp	zero,r10
0000006c aa5d*           105 	bne	.L106
                         106 --line607
                         107 ..lin.C.3A.5C_ECU2.5CECU_Rivian_A1.5CTarget.5Crepo_projects.5CpFOTA.5CcL_R2023.2E09.2E01.5Cmake.5Cobj.5CMcalCry_Signature.6::
                         108 .LDWlin6:
0000006e 03f0            109 	mov	sp,ep
00000070 1b30            110 	mov	r27,r6
00000072 330600000000*   111 	mov	sdaoff23(_McalCry_KeyStorage),r19
00000078 7c88            112 	sld.hu	24[ep],r17
0000007a 7640            113 	sld.hu	12[ep],r8
0000007c 0a4d            114 	sld.w	20[ep],r9
0000007e 043d            115 	sld.w	8[ep],r7
00000080 d389            116 	add	r19,r17
00000082 d341            117 	add	r19,r8
00000084 61d2            118 	cmp	1,r26
00000086 da05*           119 	bne	.L69
00000088 018d            120 	sst.w	r17,0[ep]
                         121 	jarl	_esl_initVerifyRSASHA1_V15,lp
                         121 <EXPANSION BEGIN>
                         121 jarl22 _esl_initVerifyRSASHA1_V15 , lp 
0000008a 80ff0000*       121 <EXPANSION END>
0000008e e545*           122 	br	.L72
                         123 .L69:
00000090 018d            124 	sst.w	r17,0[ep]
                         125 	jarl	_esl_initVerifyRSASHA256_V15,lp
                         125 <EXPANSION BEGIN>
                         125 jarl22 _esl_initVerifyRSASHA256_V15 , lp 
00000092 80ff0000*       125 <EXPANSION END>
00000096 a545*           126 	br	.L72
                         127 .L74:
                         128 --	    .es
                         129 .LDW21:
                         130 --line638
                         131 ..lin.C.3A.5C_ECU2.5CECU_Rivian_A1.5CTarget.5Crepo_projects.5CpFOTA.5CcL_R2023.2E09.2E01.5Cmake.5Cobj.5CMcalCry_Signature.7::
                         132 .LDWlin7:
00000098 07f0            133 	mov	r7,ep
0000009a 1b30            134 	mov	r27,r6
0000009c 063d            135 	sld.w	12[ep],r7
0000009e 0445            136 	sld.w	8[ep],r8
000000a0 61d2            137 	cmp	1,r26
000000a2 ca05*           138 	bne	.L75
                         139 --line641
                         140 ..lin.C.3A.5C_ECU2.5CECU_Rivian_A1.5CTarget.5Crepo_projects.5CpFOTA.5CcL_R2023.2E09.2E01.5Cmake.5Cobj.5CMcalCry_Signature.8::
                         141 .LDWlin8:
                         142 	jarl	_esl_updateVerifyRSASHA1_V15,lp
                         142 <EXPANSION BEGIN>
                         142 jarl22 _esl_updateVerifyRSASHA1_V15 , lp 
000000a4 80ff0000*       142 <EXPANSION END>
000000a8 953d*           143 	br	.L72
                         144 .L75:
                         145 --line651
                         146 ..lin.C.3A.5C_ECU2.5CECU_Rivian_A1.5CTarget.5Crepo_projects.5CpFOTA.5CcL_R2023.2E09.2E01.5Cmake.5Cobj.5CMcalCry_Signature.9::
                         147 .LDWlin9:
                         148 	jarl	_esl_updateVerifyRSASHA256_V15,lp
                         148 <EXPANSION BEGIN>
                         148 jarl22 _esl_updateVerifyRSASHA256_V15 , lp 
000000aa 80ff0000*       148 <EXPANSION END>

                                                                      Page 4
                                                              C:\Users\nhuliyap\AppData\Local\Temp\gh_00007b81.s
000000ae e535*           149 	br	.L72
                         150 .L79:
                         151 --line663
                         152 ..lin.C.3A.5C_ECU2.5CECU_Rivian_A1.5CTarget.5Crepo_projects.5CpFOTA.5CcL_R2023.2E09.2E01.5Cmake.5Cobj.5CMcalCry_Signature.10::
                         153 .LDWlin10:
000000b0 1b30            154 	mov	r27,r6
000000b2 07f0            155 	mov	r7,ep
000000b4 0a3d            156 	sld.w	20[ep],r7
000000b6 0845            157 	sld.w	16[ep],r8
000000b8 20de0020        158 	movea	8192,zero,r27
000000bc 61d2            159 	cmp	1,r26
000000be 8a1d*           160 	bne	.L80
                         161 --line666
                         162 ..lin.C.3A.5C_ECU2.5CECU_Rivian_A1.5CTarget.5Crepo_projects.5CpFOTA.5CcL_R2023.2E09.2E01.5Cmake.5Cobj.5CMcalCry_Signature.11::
                         163 .LDWlin11:
                         164 	jarl	_esl_finalizeVerifyRSASHA1_V15,lp
                         164 <EXPANSION BEGIN>
                         164 jarl22 _esl_finalizeVerifyRSASHA1_V15 , lp 
000000c0 80ff0000*       164 <EXPANSION END>
                         165 --line670
                         166 ..lin.C.3A.5C_ECU2.5CECU_Rivian_A1.5CTarget.5Crepo_projects.5CpFOTA.5CcL_R2023.2E09.2E01.5Cmake.5Cobj.5CMcalCry_Signature.12::
                         167 .LDWlin12:
000000c4 e051            168 	cmp	zero,r10
000000c6 ea05*           169 	bne	.L86
000000c8 3df73100        170 	ld.w	48[r29],ep
000000cc 0a90            171 	mov	r10,r18
000000ce 8003            172 	sst.b	zero,0[ep]
000000d0 d50d*           173 	br	.L82
                         174 .L86:
000000d2 0a06e3df        175 	addi	-8221,r10,zero
000000d6 e0df0493        176 	cmove	0,r27,r18
000000da d205*           177 	be	.L89
000000dc 0a06d2df        178 	addi	-8238,r10,zero
000000e0 e0970493        179 	cmove	0,r18,r18
                         180 .L89:
000000e4 3df73100        181 	ld.w	48[r29],ep
000000e8 80e3            182 	sst.b	r28,0[ep]
                         183 .L82:
000000ea 1250            184 	mov	r18,r10
000000ec f515*           185 	br	.L72
                         186 .L80:
                         187 --line678
                         188 ..lin.C.3A.5C_ECU2.5CECU_Rivian_A1.5CTarget.5Crepo_projects.5CpFOTA.5CcL_R2023.2E09.2E01.5Cmake.5Cobj.5CMcalCry_Signature.13::
                         189 .LDWlin13:
                         190 	jarl	_esl_finalizeVerifyRSASHA256_V15,lp
                         190 <EXPANSION BEGIN>
                         190 jarl22 _esl_finalizeVerifyRSASHA256_V15 , lp 
000000ee 80ff0000*       190 <EXPANSION END>
                         191 --line682
                         192 ..lin.C.3A.5C_ECU2.5CECU_Rivian_A1.5CTarget.5Crepo_projects.5CpFOTA.5CcL_R2023.2E09.2E01.5Cmake.5Cobj.5CMcalCry_Signature.14::
                         193 .LDWlin14:
000000f2 e051            194 	cmp	zero,r10
000000f4 ea05*           195 	bne	.L97
000000f6 3df73100        196 	ld.w	48[r29],ep
000000fa 0ad8            197 	mov	r10,r27
000000fc 8003            198 	sst.b	zero,0[ep]
000000fe d50d*           199 	br	.L93
                         200 .L97:
00000100 0a06e3df        201 	addi	-8221,r10,zero
00000104 e0df04db        202 	cmove	0,r27,r27
00000108 d205*           203 	be	.L100

                                                                      Page 5
                                                              C:\Users\nhuliyap\AppData\Local\Temp\gh_00007b81.s
0000010a 0a06d2df        204 	addi	-8238,r10,zero
0000010e e0df04db        205 	cmove	0,r27,r27
                         206 .L100:
00000112 3df73100        207 	ld.w	48[r29],ep
00000116 80e3            208 	sst.b	r28,0[ep]
                         209 .L93:
00000118 1b50            210 	mov	r27,r10
                         211 .L72:
                         212 --line694
                         213 ..lin.C.3A.5C_ECU2.5CECU_Rivian_A1.5CTarget.5Crepo_projects.5CpFOTA.5CcL_R2023.2E09.2E01.5Cmake.5Cobj.5CMcalCry_Signature.15::
                         214 .LDWlin15:
0000011a e051            215 	cmp	zero,r10
0000011c e15714e3        216 	cmovne	1,r10,r28
                         217 .L106:
00000120 1c50            218 	mov	r28,r10
                         219 --	    .ef
                         220 .LDW31:
00000122 4e06ff30        221 	dispose	7,{r26,r27,r28,r29,r31},[lp]
                         222 	.type	_McalCry_Dispatch_RsaPkcs1Verify,@function
                         223 	.size	_McalCry_Dispatch_RsaPkcs1Verify,.-_McalCry_Dispatch_RsaPkcs1Verify
                         224 	.align	2
                         225 .LDW41:
                         226 --_retVal	r28	local
                         227 --_retValCv	r10	local
                         228 --_secAlgoFam	r26	local
                         229 --_workspace	r27	local
                         230 --_keyElements	4[sp]	local
                         231 --_retVal	r18	local
                         232 --_retVal	r27	local
                         233 
                         234 --_objectId	none	param
                         235 --_job	r29	param
                         236 --_mode	r8	param
                         237 
                         238 	.section ".bss","awb"
                         239 .L1187:
                         240 	.type	.L1187,@object
                         241 	.size	.L1187,0
                         242 	.data
                         243 	.section ".MSR_CODE","ax"
                         244 	.align	2
                         245 	.align	2
                         246 ..gh.f.f.1.e.1:
                         247 	.type	..gh.f.f.1.e.1,@object
                         248 	.size	..gh.f.f.1.e.1,0
                         249 	.global	_McalCry_Dispatch_RsaPssVerify
                         250 _McalCry_Dispatch_RsaPssVerify:
00000126 9207e170        251 	prepare	{r25,r26,r27,r28,r29,r31},9
0000012a 06d0            252 	mov	r6,r26
0000012c 07e8            253 	mov	r7,r29
0000012e 8800            254 	zxb	r8
                         255 --	    .bf
                         256 .LDW51:
00000130 01e2            257 	mov	1,r28
00000132 850709d80000*   258 	ld.w	rosdaoff23(_McalCry_RsaPssVerify)[r5],r27
00000138 6142            259 	cmp	1,r8
0000013a c20d*           260 	be	.L1463
0000013c 6242            261 	cmp	2,r8
0000013e fa6d*           262 	bne	.L2396
                         263 --	    .es
                         264 .LDW61:

                                                                      Page 6
                                                              C:\Users\nhuliyap\AppData\Local\Temp\gh_00007b81.s
                         265 --line922
                         266 ..lin.C.3A.5C_ECU2.5CECU_Rivian_A1.5CTarget.5Crepo_projects.5CpFOTA.5CcL_R2023.2E09.2E01.5Cmake.5Cobj.5CMcalCry_Signature.16::
                         267 .LDWlin16:
00000140 273f0d00        268 	ld.w	12[r7],r7
00000144 3d470900        269 	ld.w	8[r29],r8
00000148 1b30            270 	mov	r27,r6
                         271 	jarl	_esl_updateVerifyRSASHA256_PSS,lp
                         271 <EXPANSION BEGIN>
                         271 jarl22 _esl_updateVerifyRSASHA256_PSS , lp 
0000014a 80ff0000*       271 <EXPANSION END>
                         272 --line927
                         273 ..lin.C.3A.5C_ECU2.5CECU_Rivian_A1.5CTarget.5Crepo_projects.5CpFOTA.5CcL_R2023.2E09.2E01.5Cmake.5Cobj.5CMcalCry_Signature.17::
                         274 .LDWlin17:
0000014e 80071401*       275 	br	.L1479
                         276 .L1463:
                         277 --	    .bs
                         278 .LDW71:
                         279 --line869
                         280 ..lin.C.3A.5C_ECU2.5CECU_Rivian_A1.5CTarget.5Crepo_projects.5CpFOTA.5CcL_R2023.2E09.2E01.5Cmake.5Cobj.5CMcalCry_Signature.18::
                         281 .LDWlin18:
00000152 1b30            282 	mov	r27,r6
00000154 280600000000*   283 	mov	_FblLookForWatchdogVoid,r8
0000015a 203ec408        284 	movea	2244,zero,r7
                         285 	jarl	_esl_initWorkSpaceHeader,lp
                         285 <EXPANSION BEGIN>
                         285 jarl22 _esl_initWorkSpaceHeader , lp 
0000015e 80ff0000*       285 <EXPANSION END>
00000162 e051            286 	cmp	zero,r10
00000164 ea070501*       287 	bne	.L1497
                         288 --line871
                         289 ..lin.C.3A.5C_ECU2.5CECU_Rivian_A1.5CTarget.5Crepo_projects.5CpFOTA.5CcL_R2023.2E09.2E01.5Cmake.5Cobj.5CMcalCry_Signature.19::
                         290 .LDWlin19:
00000168 02e2            291 	mov	2,r28
0000016a 3def4900        292 	ld.w	72[r29],r29
0000016e 63e70900        293 	st.w	r28,8[sp]
00000172 23360c00        294 	movea	12,sp,r6
00000176 0a38            295 	mov	r10,r7
00000178 2046a100        296 	movea	161,zero,r8
                         297 	jarl	_McalCry_Local_ElementGetterSetId,lp
                         297 <EXPANSION BEGIN>
                         297 jarl22 _McalCry_Local_ElementGetterSetId , lp 
0000017c 80ff0000*       297 <EXPANSION END>
00000180 23360c00        298 	movea	12,sp,r6
00000184 013a            299 	mov	1,r7
00000186 2046a000        300 	movea	160,zero,r8
                         301 	jarl	_McalCry_Local_ElementGetterSetId,lp
                         301 <EXPANSION BEGIN>
                         301 jarl22 _McalCry_Local_ElementGetterSetId , lp 
0000018a 80ff0000*       301 <EXPANSION END>
0000018e 1d30            302 	mov	r29,r6
00000190 233e0c00        303 	movea	12,sp,r7
00000194 1c40            304 	mov	r28,r8
00000196 004a            305 	mov	0,r9
                         306 	jarl	_McalCry_Local_GetElementsIndexJob,lp
                         306 <EXPANSION BEGIN>
                         306 jarl22 _McalCry_Local_GetElementsIndexJob , lp 
00000198 80ff0000*       306 <EXPANSION END>
0000019c 0ac8            307 	mov	r10,r25
0000019e 1d30            308 	mov	r29,r6
000001a0 63e70100        309 	st.w	r28,0[sp]
000001a4 203ea400        310 	movea	164,zero,r7

                                                                      Page 7
                                                              C:\Users\nhuliyap\AppData\Local\Temp\gh_00007b81.s
000001a8 23460600        311 	movea	6,sp,r8
000001ac 234e0800        312 	movea	8,sp,r9
                         313 	jarl	_McalCry_Local_KeyElementGetStorageIndexJobOptional,lp
                         313 <EXPANSION BEGIN>
                         313 jarl22 _McalCry_Local_KeyElementGetStorageIndexJobOptional , lp 
000001b0 80ff0000*       313 <EXPANSION END>
000001b4 e0c9            314 	cmp	zero,r25
000001b6 f95734e3        315 	cmovne	r25,r10,r28
000001ba ba25*           316 	bne	.L1466
000001bc 03f0            317 	mov	sp,ep
000001be 7a90            318 	sld.hu	20[ep],r18
000001c0 084d            319 	sld.w	16[ep],r9
000001c2 e3472100        320 	ld.hu	32[sp],r8
000001c6 0e8d            321 	sld.w	28[ep],r17
000001c8 e051            322 	cmp	zero,r10
000001ca aa15*           323 	bne	.L1471
000001cc e3f70700        324 	ld.hu	6[sp],ep
000001d0 330600000000*   325 	mov	sdaoff23(_McalCry_KeyStorage),r19
000001d6 c2d2            326 	shl	2,r26
000001d8 c4d1            327 	add	gp,r26
000001da d3f1            328 	add	r19,ep
000001dc 6038            329 	sld.bu	0[ep],r7
000001de 6198            330 	sld.bu	1[ep],r19
000001e0 0ae0            331 	mov	r10,r28
000001e2 c83a            332 	shl	8,r7
000001e4 0799            333 	or	r7,r19
000001e6 9a070f980000*   334 	st.w	r19,sdaoff23(_McalCry_WrittenLength)[r26]
000001ec a50d*           335 	br	.L1466
                         336 .L1471:
000001ee 6852            337 	cmp	8,r10
000001f0 8a0d*           338 	bne	.L1466
000001f2 c2d2            339 	shl	2,r26
000001f4 c4d1            340 	add	gp,r26
000001f6 1f7a            341 	mov	-1,r15
000001f8 9a070f780000*   342 	st.w	r15,sdaoff23(_McalCry_WrittenLength)[r26]
000001fe 19e0            343 	mov	r25,r28
                         344 .L1466:
                         345 --line872
                         346 ..lin.C.3A.5C_ECU2.5CECU_Rivian_A1.5CTarget.5Crepo_projects.5CpFOTA.5CcL_R2023.2E09.2E01.5Cmake.5Cobj.5CMcalCry_Signature.20::
                         347 .LDWlin20:
00000200 e0e1            348 	cmp	zero,r28
00000202 ba35*           349 	bne	.L1497
                         350 --line893
                         351 ..lin.C.3A.5C_ECU2.5CECU_Rivian_A1.5CTarget.5Crepo_projects.5CpFOTA.5CcL_R2023.2E09.2E01.5Cmake.5Cobj.5CMcalCry_Signature.21::
                         352 .LDWlin21:
00000204 330600000000*   353 	mov	sdaoff23(_McalCry_KeyStorage),r19
0000020a d391            354 	add	r19,r18
0000020c 1b30            355 	mov	r27,r6
0000020e 1138            356 	mov	r17,r7
00000210 d341            357 	add	r19,r8
00000212 63970100        358 	st.w	r18,0[sp]
                         359 	jarl	_esl_initVerifyRSASHA256_PSS,lp
                         359 <EXPANSION BEGIN>
                         359 jarl22 _esl_initVerifyRSASHA256_PSS , lp 
00000216 80ff0000*       359 <EXPANSION END>
0000021a c525*           360 	br	.L1479
                         361 .L2396:
0000021c 6442            362 	cmp	4,r8
0000021e da25*           363 	bne	.L1497
                         364 --line950
                         365 ..lin.C.3A.5C_ECU2.5CECU_Rivian_A1.5CTarget.5Crepo_projects.5CpFOTA.5CcL_R2023.2E09.2E01.5Cmake.5Cobj.5CMcalCry_Signature.22::

                                                                      Page 8
                                                              C:\Users\nhuliyap\AppData\Local\Temp\gh_00007b81.s
                         366 .LDWlin22:
00000220 c2d2            367 	shl	2,r26
00000222 c4d1            368 	add	gp,r26
00000224 9a0709380000*   369 	ld.w	sdaoff23(_McalCry_WrittenLength)[r26],r7
0000022a 1df0            370 	mov	r29,ep
0000022c 0a45            371 	sld.w	20[ep],r8
0000022e 084d            372 	sld.w	16[ep],r9
00000230 1b30            373 	mov	r27,r6
                         374 	jarl	_esl_finalizeVerifyRSASHA256_PSS,lp
                         374 <EXPANSION BEGIN>
                         374 jarl22 _esl_finalizeVerifyRSASHA256_PSS , lp 
00000232 80ff0000*       374 <EXPANSION END>
                         375 --line955
                         376 ..lin.C.3A.5C_ECU2.5CECU_Rivian_A1.5CTarget.5Crepo_projects.5CpFOTA.5CcL_R2023.2E09.2E01.5Cmake.5Cobj.5CMcalCry_Signature.23::
                         377 .LDWlin23:
00000236 e051            378 	cmp	zero,r10
00000238 ea05*           379 	bne	.L1488
0000023a 3df73100        380 	ld.w	48[r29],ep
0000023e 0a90            381 	mov	r10,r18
00000240 8003            382 	sst.b	zero,0[ep]
00000242 f50d*           383 	br	.L1484
                         384 .L1488:
00000244 20960020        385 	movea	8192,zero,r18
00000248 0a06e3df        386 	addi	-8221,r10,zero
0000024c e0970493        387 	cmove	0,r18,r18
00000250 d205*           388 	be	.L1491
00000252 0a06d2df        389 	addi	-8238,r10,zero
00000256 e0970493        390 	cmove	0,r18,r18
                         391 .L1491:
0000025a 3df73100        392 	ld.w	48[r29],ep
0000025e 80e3            393 	sst.b	r28,0[ep]
                         394 .L1484:
00000260 1250            395 	mov	r18,r10
                         396 .L1479:
                         397 --line967
                         398 ..lin.C.3A.5C_ECU2.5CECU_Rivian_A1.5CTarget.5Crepo_projects.5CpFOTA.5CcL_R2023.2E09.2E01.5Cmake.5Cobj.5CMcalCry_Signature.24::
                         399 .LDWlin24:
00000262 e051            400 	cmp	zero,r10
00000264 e15714e3        401 	cmovne	1,r10,r28
                         402 .L1497:
00000268 1c50            403 	mov	r28,r10
                         404 --	    .ef
                         405 .LDW81:
0000026a 5206ff70        406 	dispose	9,{r25,r26,r27,r28,r29,r31},[lp]
                         407 	.type	_McalCry_Dispatch_RsaPssVerify,@function
                         408 	.size	_McalCry_Dispatch_RsaPssVerify,.-_McalCry_Dispatch_RsaPssVerify
                         409 	.align	2
                         410 .LDW91:
                         411 --_retVal	r28	local
                         412 --_retValCv	r10	local
                         413 --_workspace	r27	local
                         414 --_SigExponentIndex	r18	local
                         415 --_SigExponentLength	r9	local
                         416 --_SigModulusIndex	r8	local
                         417 --_SigModulusLength	r17	local
                         418 --_cryptoKeyId	r29	local
                         419 --_retVal	r28	local
                         420 --_retValRequired	r25	local
                         421 --_reValOptional	r28	local
                         422 --_keyElements	12[sp]	local
                         423 --_SignatureSaltLengthIndex	6[sp]	local

                                                                      Page 9
                                                              C:\Users\nhuliyap\AppData\Local\Temp\gh_00007b81.s
                         424 --_SignatureSaltLengthSize	8[sp]	local
                         425 --_retVal	r18	local
                         426 
                         427 --_objectId	r26	param
                         428 --_job	r29	param
                         429 --_mode	r8	param
                         430 
                         431 	.section ".bss","awb"
                         432 .L2394:
                         433 	.type	.L2394,@object
                         434 	.size	.L2394,0
                         435 	.data
                         436 	.section ".MSR_CODE","ax"
                         437 	.align	2
                         438 --_McalCry_ObjectInfo	rosdaoff23(_McalCry_ObjectInfo)	import
                         439 --_McalCry_RsaPkcs1Verify	rosdaoff23(_McalCry_RsaPkcs1Verify)	import
                         440 --_McalCry_RsaPssVerify	rosdaoff23(_McalCry_RsaPssVerify)	import
                         441 --_McalCry_KeyStorage	sdaoff23(_McalCry_KeyStorage)	import
                         442 --_McalCry_WrittenLength	sdaoff23(_McalCry_WrittenLength)	import
                         443 
                         444 	.data
                         445 	.ghsnote version,17
                         446 	.ghsnote tools,3
                         447 	.ghsnote options,144
                         448 	.section ".MSR_CODE","ax"
                         449 	.align	2
                         450 ..eof.C.3A.5C_ECU2.5CECU_Rivian_A1.5CTarget.5Crepo_projects.5CpFOTA.5CcL_R2023.2E09.2E01.5Cmake.5Cobj.5CMcalCry_Signature...43.3A.5C_ECU2.5CECU_Rivian_A1.5CTarget.5Crepo_projects.5CpFOTA.5CcL_R2023.2E09.2E01.5Cmake..64F863DD..0::
                         451 .rh850_flags REGMODE32,DATA_ALIGN8,GP_FIX,EP_NONFIX,TP_FIX,REG2_RESERVE,G3K,SDA_EXTRA_REGS_0
