                                                                      Page 1
                                                              C:\Users\nhuliyap\AppData\Local\Temp\gh_0000d8c1.s
Command Line: C:\GHS\comp_201517\ease850.exe -w -stderr=err/McalCry_Cipher.err -elf -b0 -I../source/_common -I../source/common -I../source/ecuabcanif -I../source/ecuabcantrcv -I../source/ecuabcryif -I../source/ecuabfee -I../source/ecuabmemif -I../source/libautosar -I../source/mcalcan -I../source/mcalcry -I../source/mcaldio -I../source/mcaleep -I../source/mcalfls -I../source/mcalmcu -I../source/projectara -I../source/projectcfg -I../source/projectcompiler -I../source/swcservicebswm -I../source/swcservicecantp -I../source/swcservicecomm -I../source/swcservicecsm -I../source/swcservicedcm -I../source/swcservicedem -I../source/swcservicedet -I../source/swcserviceecum -I../source/swcservicenvm -I../source/swcserviceos -I../source/swcservicepdur -I../source/swcserviceschm -I../source/swcservicestartup -I../source/wrappers/swcservicesecm -I../source/wrappers/vsecprim -I../source/wrappers/vstdlib -Ic:/ghs/comp_201517/ansi -Ic:/ghs/comp_201517/include/v800 -Igendata -IC:\GHS\comp_201517\lib\rh850 -cg_underscore -cpu=rh850g3k -nofpu -no_v850_simd -rh850_fpsimd=none -nomacro -patch_dbo=C:\_ECU2\ECU_Rivian_A1\Target\repo_projects\pFOTA\cL_R2023.09.01\make\obj\McalCry_Cipher.dbo -source=McalCry_Cipher.c -o obj\gh_0000d8c1.o -list=lst/McalCry_Cipher.lst C:\Users\nhuliyap\AppData\Local\Temp\gh_0000d8c1.s 
Original File: C:\Users\nhuliyap\AppData\Local\Temp\gh_0000d8c1.s
Source File: McalCry_Cipher.c
Directory: C:\_ECU2\ECU_Rivian_A1\Target\repo_projects\pFOTA\cL_R2023.09.01\make
Host OS: Windows
EASE: Copyright (C) 1983-2015 Green Hills Software.  All Rights Reserved.
Release: Compiler v2015.1.7
Build Directory: [Directory] BTOWORKER6:c:/build_2015_1_bto/2015-10-21.2100-2015_1_bto/win32-comp-ecom
Revision: [VCInfo] http://toolsvc/branches/release-branch-70-bto/src@544153 (built by build)
Revision Date: Thu Oct 22 07:50:13 2015

Release Date: Thu Oct 22 09:32:32 2015

                           1 --Driver Command: ccrh850 -DBRS_DERIVATIVE_701018 -DBRS_OSC_CLK=16
                           2 --		-DBRS_TIMEBASE_CLOCK=80 -DBRS_EVA_BOARD_
                           3 --		-DBRS_DERIVATIVE_GROUP_F1L -DBRS_OS_USECASE_BRS
                           4 --		-DBRS_PLATFORM_RH850 -DBRS_COMP_GHS
                           5 --		-DBRS_CPU_LOCAL_RAM_SIZE_CORE0=32
                           6 --		-DBRS_CPU_RAM_START_CORE0=0xFEDF8000 -list=lst/McalCry_Cipher.lst
                           7 --		-object_dir=obj -stderr=err/McalCry_Cipher.err -c -cpu=rh850
                           8 --		-sda=all -large_sda -prepare_dispose -pragma_asm_inline -no_callt
                           9 --		-inline_prologue -notda -reserve_r2 -fsoft
                          10 --		--unknown_pragma_warnings -list -g -Ogeneral -shortenum
                          11 --		-registermode=32 -I../source/_common -I../source/common
                          12 --		-I../source/ecuabcanif -I../source/ecuabcantrcv
                          13 --		-I../source/ecuabcryif -I../source/ecuabfee
                          14 --		-I../source/ecuabmemif -I../source/libautosar -I../source/mcalcan
                          15 --		-I../source/mcalcry -I../source/mcaldio -I../source/mcaleep
                          16 --		-I../source/mcalfls -I../source/mcalmcu -I../source/projectara
                          17 --		-I../source/projectcfg -I../source/projectcompiler
                          18 --		-I../source/swcservicebswm -I../source/swcservicecantp
                          19 --		-I../source/swcservicecomm -I../source/swcservicecsm
                          20 --		-I../source/swcservicedcm -I../source/swcservicedem
                          21 --		-I../source/swcservicedet -I../source/swcserviceecum
                          22 --		-I../source/swcservicenvm -I../source/swcserviceos
                          23 --		-I../source/swcservicepdur -I../source/swcserviceschm
                          24 --		-I../source/swcservicestartup -I../source/wrappers/swcservicesecm
                          25 --		-I../source/wrappers/vsecprim -I../source/wrappers/vstdlib
                          26 --		-Ic:/ghs/comp_201517/ansi -Ic:/ghs/comp_201517/include/v800
                          27 --		-Igendata ../source/McalCry/McalCry_Cipher.c
                          28 --Source File:   ../source/McalCry/McalCry_Cipher.c
                          29 --Directory:     
                          30 --		C:\_ECU2\ECU_Rivian_A1\Target\repo_projects\pFOTA\cL_R2023.09.01\make
                          31 --Compile Date:  Wed Sep 06 13:34:43 2023
                          32 --Host OS:       Win32
                          33 --Version:       C-RH850 2015.1.7 RELEASE VERSION
                          34 --Release:       Compiler v2015.1.7
                          35 --Revision Date: Thu Oct 22 08:06:12 2015
                          36 --Release Date:  Thu Oct 22 09:34:32 2015
                          37 -- ecom  -g -w -OM
                          38 	.section ".MSR_CODE","ax"
                          39 	.align	2
                          40 ..bof.C.3A.5C_ECU2.5CECU_Rivian_A1.5CTarget.5Crepo_projects.5CpFOTA.5CcL_R2023.2E09.2E01.5Cmake.5Cobj.5CMcalCry_Cipher...43.3A.5C_ECU2.5CECU_Rivian_A1.5CTarget.5Crepo_projects.5CpFOTA.5CcL_R2023.2E09.2E01.5Cmake..64F863D3..0::
                          41 	.align	2
                          42 ..gh.f.f.1.e.0:
                          43 	.type	..gh.f.f.1.e.0,@object
                          44 	.size	..gh.f.f.1.e.0,0
                          45 	.global	_McalCry_DispatchCipherAesKey..C.3A.5C_ECU2.5CECU_Rivian_A1.5CTarget.5Crepo_projects.5CpFOTA.5CcL_R2023.2E09.2E01.5Cmake.5Cobj.5CMcalCry_Cipher.
                          46 _McalCry_DispatchCipherAesKey..C.3A.5C_ECU2.5CECU_Rivian_A1.5CTarget.5Crepo_projects.5CpFOTA.5CcL_R2023.2E09.2E01.5Cmake.5Cobj.5CMcalCry_Cipher.:
                          47 _McalCry_DispatchCipherAesKey:
00000000 8807e330         48 	prepare	{r26,r27,r28,r29,r31},4,sp
00000004 06e0             49 	mov	r6,r28
00000006 07d8             50 	mov	r7,r27

                                                                      Page 2
                                                              C:\Users\nhuliyap\AppData\Local\Temp\gh_0000d8c1.s
00000008 09d0             51 	mov	r9,r26
                          52 --	    .bf
                          53 .LDW01:
0000000a 26374900         54 	ld.w	72[r6],r6
0000000e 0105             55 	sst.w	zero,0[ep]
00000010 0305             56 	sst.w	zero,4[ep]
00000012 013a             57 	mov	1,r7
00000014 234e0800         58 	movea	8,sp,r9
                          59 	jarl	_McalCry_Local_KeyElementGetStorageIndexExtended,lp
                          59 <EXPANSION BEGIN>
                          59 jarl22 _McalCry_Local_KeyElementGetStorageIndexExtended , lp 
00000018 80ff0000*        59 <EXPANSION END>
                          60 --line144
                          61 ..lin.C.3A.5C_ECU2.5CECU_Rivian_A1.5CTarget.5Crepo_projects.5CpFOTA.5CcL_R2023.2E09.2E01.5Cmake.5Cobj.5CMcalCry_Cipher.1::
                          62 .LDWlin1:
0000001c e051             63 	cmp	zero,r10
0000001e aa2d*            64 	bne	.L91
                          65 --line145
                          66 ..lin.C.3A.5C_ECU2.5CECU_Rivian_A1.5CTarget.5Crepo_projects.5CpFOTA.5CcL_R2023.2E09.2E01.5Cmake.5Cobj.5CMcalCry_Cipher.2::
                          67 .LDWlin2:
00000020 23970900         68 	ld.w	8[sp],r18
00000024 01ea             69 	mov	1,r29
00000026 1206f0ff         70 	addi	-16,r18,zero
0000002a da0d*            71 	bne	.L93
                          72 --line164
                          73 ..lin.C.3A.5C_ECU2.5CECU_Rivian_A1.5CTarget.5Crepo_projects.5CpFOTA.5CcL_R2023.2E09.2E01.5Cmake.5Cobj.5CMcalCry_Cipher.3::
                          74 .LDWlin3:
0000002c 3cf74100         75 	ld.w	64[r28],ep
00000030 5b070000         76 	st.b	zero,0[r27]
00000034 63970d00         77 	st.w	r18,12[sp]
00000038 024d             78 	sld.w	4[ep],r9
0000003a 894f1100         79 	ld.bu	16[r9],r9
0000003e 624a             80 	cmp	2,r9
00000040 8a0d*            81 	bne	.L103
00000042 950d*            82 	br	.L102
                          83 .L93:
                          84 --line149
                          85 ..lin.C.3A.5C_ECU2.5CECU_Rivian_A1.5CTarget.5Crepo_projects.5CpFOTA.5CcL_R2023.2E09.2E01.5Cmake.5Cobj.5CMcalCry_Cipher.4::
                          86 .LDWlin4:
00000044 1206e0ff         87 	addi	-32,r18,zero
00000048 921d*            88 	be	.L110
                          89 .L109:
                          90 --line191
                          91 ..lin.C.3A.5C_ECU2.5CECU_Rivian_A1.5CTarget.5Crepo_projects.5CpFOTA.5CcL_R2023.2E09.2E01.5Cmake.5Cobj.5CMcalCry_Cipher.5::
                          92 .LDWlin5:
0000004a 1d50             93 	mov	r29,r10
                          94 --	    .ef
                          95 .LDW11:
0000004c 4806ff30         96 	dispose	4,{r26,r27,r28,r29,r31},[lp]
                          97 .L103:
00000050 654a             98 	cmp	5,r9
00000052 ea0d*            99 	bne	.L101
                         100 .L102:
                         101 --line167
                         102 ..lin.C.3A.5C_ECU2.5CECU_Rivian_A1.5CTarget.5Crepo_projects.5CpFOTA.5CcL_R2023.2E09.2E01.5Cmake.5Cobj.5CMcalCry_Cipher.6::
                         103 .LDWlin6:
00000054 3c374900        104 	ld.w	72[r28],r6
00000058 029a            105 	mov	2,r19
0000005a 1a40            106 	mov	r26,r8
0000005c 639f0100        107 	st.w	r19,0[sp]
00000060 053a            108 	mov	5,r7

                                                                      Page 3
                                                              C:\Users\nhuliyap\AppData\Local\Temp\gh_0000d8c1.s
00000062 234e0c00        109 	movea	12,sp,r9
                         110 	jarl	_McalCry_Local_KeyElementGetStorageIndexJob,lp
                         110 <EXPANSION BEGIN>
                         110 jarl22 _McalCry_Local_KeyElementGetStorageIndexJob , lp 
00000066 80ff0000*       110 <EXPANSION END>
0000006a 0ae8            111 	mov	r10,r29
0000006c f5ed*           112 	br	.L109
                         113 .L101:
                         114 --line171
                         115 ..lin.C.3A.5C_ECU2.5CECU_Rivian_A1.5CTarget.5Crepo_projects.5CpFOTA.5CcL_R2023.2E09.2E01.5Cmake.5Cobj.5CMcalCry_Cipher.7::
                         116 .LDWlin7:
0000006e 0ae8            117 	mov	r10,r29
00000070 d5ed*           118 	br	.L109
                         119 .L91:
                         120 --line175
                         121 ..lin.C.3A.5C_ECU2.5CECU_Rivian_A1.5CTarget.5Crepo_projects.5CpFOTA.5CcL_R2023.2E09.2E01.5Cmake.5Cobj.5CMcalCry_Cipher.8::
                         122 .LDWlin8:
00000072 6952            123 	cmp	9,r10
00000074 e15714eb        124 	cmovne	1,r10,r29
00000078 95ed*           125 	br	.L109
                         126 .L110:
                         127 --line184
                         128 ..lin.C.3A.5C_ECU2.5CECU_Rivian_A1.5CTarget.5Crepo_projects.5CpFOTA.5CcL_R2023.2E09.2E01.5Cmake.5Cobj.5CMcalCry_Cipher.9::
                         129 .LDWlin9:
0000007a 20367200        130 	movea	114,zero,r6
0000007e 0a38            131 	mov	r10,r7
00000080 0342            132 	mov	3,r8
00000082 044a            133 	mov	4,r9
                         134 	jarl	_Det_ReportError,lp
                         134 <EXPANSION BEGIN>
                         134 jarl22 _Det_ReportError , lp 
00000084 80ff0000*       134 <EXPANSION END>
00000088 95e5*           135 	br	.L109
                         136 	.type	_McalCry_DispatchCipherAesKey,@function
                         137 	.size	_McalCry_DispatchCipherAesKey,.-_McalCry_DispatchCipherAesKey
                         138 	.type	_McalCry_DispatchCipherAesKey..C.3A.5C_ECU2.5CECU_Rivian_A1.5CTarget.5Crepo_projects.5CpFOTA.5CcL_R2023.2E09.2E01.5Cmake.5Cobj.5CMcalCry_Cipher.,@function
                         139 	.size	_McalCry_DispatchCipherAesKey..C.3A.5C_ECU2.5CECU_Rivian_A1.5CTarget.5Crepo_projects.5CpFOTA.5CcL_R2023.2E09.2E01.5Cmake.5Cobj.5CMcalCry_Cipher.,.-_McalCry_DispatchCipherAesKey..C.3A.5C_ECU2.5CECU_Rivian_A1.5CTarget.5Crepo_projects.5CpFOTA.5CcL_R2023.2E09.2E01.5Cmake.5Cobj.5CMcalCry_Cipher.
                         140 	.align	2
                         141 .LDW21:
                         142 --_aesKeyLength	8[sp]	local
                         143 --_aesIvLength	12[sp]	local
                         144 --_retVal	r29	local
                         145 --_localRetVal	r10	local
                         146 
                         147 --_job	r28	param
                         148 --_workspace	r27	param
                         149 --_keyIndexPtr	r8	param
                         150 --_ivIndexPtr	r26	param
                         151 
                         152 	.section ".bss","awb"
                         153 .L303:
                         154 	.type	.L303,@object
                         155 	.size	.L303,0
                         156 	.data
                         157 	.section ".MSR_CODE","ax"
                         158 	.align	2
                         159 	.align	2
                         160 	.align	2
                         161 ..gh.f.f.1.e.1:
                         162 	.type	..gh.f.f.1.e.1,@object
                         163 	.size	..gh.f.f.1.e.1,0

                                                                      Page 4
                                                              C:\Users\nhuliyap\AppData\Local\Temp\gh_0000d8c1.s
                         164 	.global	_McalCry_Dispatch_AesDecrypt
                         165 _McalCry_Dispatch_AesDecrypt:
0000008a 8807e170        166 	prepare	{r25,r26,r27,r28,r29,r31},4
0000008e 07e8            167 	mov	r7,r29
00000090 8800            168 	zxb	r8
                         169 --	    .bf
                         170 .LDW31:
00000092 850709e00000*   171 	ld.w	rosdaoff23(_McalCry_AesDecrypt)[r5],r28
00000098 6142            172 	cmp	1,r8
0000009a e22d*           173 	be	.L417
0000009c 06d8            174 	mov	r6,r27
0000009e 0152            175 	mov	1,r10
000000a0 6242            176 	cmp	2,r8
000000a2 ea070501*       177 	bne	.L1533
                         178 --line569
                         179 ..lin.C.3A.5C_ECU2.5CECU_Rivian_A1.5CTarget.5Crepo_projects.5CpFOTA.5CcL_R2023.2E09.2E01.5Cmake.5Cobj.5CMcalCry_Cipher.10::
                         180 .LDWlin10:
000000a6 27f72500        181 	ld.w	36[r7],ep
000000aa 3d9f2100        182 	ld.w	32[r29],r19
000000ae 273f0d00        183 	ld.w	12[r7],r7
000000b2 1c360400        184 	addi	4,r28,r6
000000b6 0045            185 	sld.w	0[ep],r8
000000b8 03f0            186 	mov	sp,ep
000000ba 019d            187 	sst.w	r19,0[ep]
000000bc 234e0800        188 	movea	8,sp,r9
000000c0 0545            189 	sst.w	r8,8[ep]
000000c2 3d470900        190 	ld.w	8[r29],r8
                         191 	jarl	_esl_decryptAES128,lp
                         191 <EXPANSION BEGIN>
                         191 jarl22 _esl_decryptAES128 , lp 
000000c6 80ff0000*       191 <EXPANSION END>
000000ca 3df72500        192 	ld.w	36[r29],ep
000000ce 234f0900        193 	ld.w	8[sp],r9
000000d2 c2da            194 	shl	2,r27
000000d4 0438            195 	mov	gp,r7
000000d6 009d            196 	sld.w	0[ep],r19
000000d8 db39            197 	add	r27,r7
000000da c4d9            198 	add	gp,r27
000000dc a999            199 	sub	r9,r19
000000de 87070f980000*   200 	st.w	r19,sdaoff23(_McalCry_BufferLength)[r7]
000000e4 9b070f480000*   201 	st.w	r9,sdaoff23(_McalCry_WrittenLength)[r27]
000000ea e051            202 	cmp	zero,r10
000000ec 014d            203 	sst.w	r9,0[ep]
000000ee e1571453        204 	cmovne	1,r10,r10
                         205 --line570
                         206 ..lin.C.3A.5C_ECU2.5CECU_Rivian_A1.5CTarget.5Crepo_projects.5CpFOTA.5CcL_R2023.2E09.2E01.5Cmake.5Cobj.5CMcalCry_Cipher.11::
                         207 .LDWlin11:
000000f2 4806ff70        208 	dispose	4,{r25,r26,r27,r28,r29,r31},[lp]
                         209 .L417:
                         210 --line565
                         211 ..lin.C.3A.5C_ECU2.5CECU_Rivian_A1.5CTarget.5Crepo_projects.5CpFOTA.5CcL_R2023.2E09.2E01.5Cmake.5Cobj.5CMcalCry_Cipher.12::
                         212 .LDWlin12:
000000f6 c232            213 	shl	2,r6
000000f8 04f0            214 	mov	gp,ep
000000fa c6f1            215 	add	r6,ep
000000fc 9e070f000000*   216 	st.w	zero,sdaoff23(_McalCry_WrittenLength)[ep]
00000102 c431            217 	add	gp,r6
00000104 86070f000000*   218 	st.w	zero,sdaoff23(_McalCry_BufferLength)[r6]
0000010a 0730            219 	mov	r7,r6
0000010c 00d2            220 	mov	0,r26
0000010e 1c38            221 	mov	r28,r7

                                                                      Page 5
                                                              C:\Users\nhuliyap\AppData\Local\Temp\gh_0000d8c1.s
00000110 23460400        222 	movea	4,sp,r8
00000114 234e0600        223 	movea	6,sp,r9
                         224 	jarl	_McalCry_DispatchCipherAesKey,lp
                         224 <EXPANSION BEGIN>
                         224 jarl22 _McalCry_DispatchCipherAesKey , lp 
00000118 bfffe8fe*       224 <EXPANSION END>
0000011c 0ad8            225 	mov	r10,r27
0000011e e051            226 	cmp	zero,r10
00000120 8a45*           227 	bne	.L415
00000122 3df74100        228 	ld.w	64[r29],ep
00000126 01da            229 	mov	1,r27
00000128 024d            230 	sld.w	4[ep],r9
0000012a 89471100        231 	ld.bu	16[r9],r8
0000012e 6242            232 	cmp	2,r8
00000130 9a0d*           233 	bne	.L420
00000132 01ea            234 	mov	1,r29
                         235 .L1363:
00000134 e3d70700        236 	ld.hu	6[sp],r26
00000138 260600000000*   237 	mov	sdaoff23(_McalCry_KeyStorage),r6
0000013e c6d1            238 	add	r6,r26
00000140 d505*           239 	br	.L423
                         240 .L420:
00000142 6542            241 	cmp	5,r8
00000144 e40704eb        242 	cmove	4,zero,r29
00000148 e2f5*           243 	be	.L1363
                         244 .L423:
0000014a a9971100        245 	ld.bu	17[r9],r18
0000014e 12067bff        246 	addi	-133,r18,zero
00000152 e2df14cb        247 	cmovne	2,r27,r25
00000156 a20d*           248 	be	.L429
00000158 1206deff        249 	addi	-34,r18,zero
0000015c e1cf04cb        250 	cmove	1,r25,r25
00000160 d205*           251 	be	.L429
00000162 1206ddff        252 	addi	-35,r18,zero
00000166 e4cf04cb        253 	cmove	4,r25,r25
                         254 .L429:
0000016a 1c360400        255 	addi	4,r28,r6
0000016e 280600000000*   256 	mov	_FblLookForWatchdogVoid,r8
00000174 203e2c01        257 	movea	300,zero,r7
                         258 	jarl	_esl_initWorkSpaceHeader,lp
                         258 <EXPANSION BEGIN>
                         258 jarl22 _esl_initWorkSpaceHeader , lp 
00000178 80ff0000*       258 <EXPANSION END>
0000017c e051            259 	cmp	zero,r10
0000017e 9a15*           260 	bne	.L415
00000180 03f0            261 	mov	sp,ep
00000182 7238            262 	sld.hu	4[ep],r7
00000184 290600000000*   263 	mov	sdaoff23(_McalCry_KeyStorage),r9
0000018a 1c360400        264 	addi	4,r28,r6
0000018e 1d40            265 	mov	r29,r8
00000190 c939            266 	add	r9,r7
00000192 1948            267 	mov	r25,r9
00000194 01d5            268 	sst.w	r26,0[ep]
                         269 	jarl	_esl_initDecryptAES128,lp
                         269 <EXPANSION BEGIN>
                         269 jarl22 _esl_initDecryptAES128 , lp 
00000196 80ff0000*       269 <EXPANSION END>
0000019a e051            270 	cmp	zero,r10
0000019c e15714db        271 	cmovne	1,r10,r27
                         272 .L415:
000001a0 1b50            273 	mov	r27,r10

                                                                      Page 6
                                                              C:\Users\nhuliyap\AppData\Local\Temp\gh_0000d8c1.s
                         274 --line566
                         275 ..lin.C.3A.5C_ECU2.5CECU_Rivian_A1.5CTarget.5Crepo_projects.5CpFOTA.5CcL_R2023.2E09.2E01.5Cmake.5Cobj.5CMcalCry_Cipher.13::
                         276 .LDWlin13:
000001a2 4806ff70        277 	dispose	4,{r25,r26,r27,r28,r29,r31},[lp]
                         278 .L1533:
000001a6 6442            279 	cmp	4,r8
000001a8 da35*           280 	bne	.L410
                         281 --line573
                         282 ..lin.C.3A.5C_ECU2.5CECU_Rivian_A1.5CTarget.5Crepo_projects.5CpFOTA.5CcL_R2023.2E09.2E01.5Cmake.5Cobj.5CMcalCry_Cipher.14::
                         283 .LDWlin14:
000001aa 0ad0            284 	mov	r10,r26
000001ac c7cf3400        285 	tst1	1,52[r7]
000001b0 ea0d*           286 	bne	.L447
000001b2 c232            287 	shl	2,r6
000001b4 04f0            288 	mov	gp,ep
000001b6 c6f1            289 	add	r6,ep
000001b8 9e070f000000*   290 	st.w	zero,sdaoff23(_McalCry_WrittenLength)[ep]
000001be 27f72500        291 	ld.w	36[r7],ep
000001c2 c431            292 	add	gp,r6
000001c4 007d            293 	sld.w	0[ep],r15
000001c6 86070f780000*   294 	st.w	r15,sdaoff23(_McalCry_BufferLength)[r6]
                         295 .L447:
000001cc c2da            296 	shl	2,r27
000001ce 04f0            297 	mov	gp,ep
000001d0 dbf1            298 	add	r27,ep
000001d2 9e0709700000*   299 	ld.w	sdaoff23(_McalCry_BufferLength)[ep],r14
000001d8 2d0600000000*   300 	mov	sdaoff23(_McalCry_WrittenLength),r13
000001de cdd9            301 	add	r13,r27
000001e0 27672100        302 	ld.w	32[r7],r12
000001e4 63770d00        303 	st.w	r14,12[sp]
000001e8 3b470100        304 	ld.w	0[r27],r8
000001ec 1c360400        305 	addi	4,r28,r6
000001f0 233e0c00        306 	movea	12,sp,r7
000001f4 cc41            307 	add	r12,r8
                         308 	jarl	_esl_finalizeDecryptAES128,lp
                         308 <EXPANSION BEGIN>
                         308 jarl22 _esl_finalizeDecryptAES128 , lp 
000001f6 80ff0000*       308 <EXPANSION END>
000001fa e051            309 	cmp	zero,r10
000001fc aa0d*           310 	bne	.L443
000001fe 3b970100        311 	ld.w	0[r27],r18
00000202 235f0d00        312 	ld.w	12[sp],r11
00000206 3df72500        313 	ld.w	36[r29],ep
0000020a 0ad0            314 	mov	r10,r26
0000020c cb91            315 	add	r11,r18
0000020e 0195            316 	sst.w	r18,0[ep]
                         317 .L443:
00000210 1a50            318 	mov	r26,r10
                         319 .L410:
                         320 --	    .ef
                         321 .LDW41:
                         322 --line581
                         323 ..lin.C.3A.5C_ECU2.5CECU_Rivian_A1.5CTarget.5Crepo_projects.5CpFOTA.5CcL_R2023.2E09.2E01.5Cmake.5Cobj.5CMcalCry_Cipher.15::
                         324 .LDWlin15:
00000212 4806ff70        325 	dispose	4,{r25,r26,r27,r28,r29,r31},[lp]
                         326 	.type	_McalCry_Dispatch_AesDecrypt,@function
                         327 	.size	_McalCry_Dispatch_AesDecrypt,.-_McalCry_Dispatch_AesDecrypt
                         328 	.align	2
                         329 .LDW51:
                         330 --_retVal	r10	local
                         331 --_workspace	r28	local

                                                                      Page 7
                                                              C:\Users\nhuliyap\AppData\Local\Temp\gh_0000d8c1.s
                         332 --_retVal	r27	local
                         333 --_retValCv	r10	local
                         334 --_aesDecryptKeyIndex	4[sp]	local
                         335 --_aesDecryptIvIndex	6[sp]	local
                         336 --_blockMode	r29	local
                         337 --_paddingMode	r25	local
                         338 --_aesDecryptIvPtr	r26	local
                         339 --_outputLength	8[sp]	local
                         340 --_retVal	r26	local
                         341 --_retValCv	r10	local
                         342 --_outputLength	12[sp]	local
                         343 --_retVal	r26	local
                         344 
                         345 --_objectId	r27	param
                         346 --_job	r29	param
                         347 --_mode	r8	param
                         348 
                         349 	.section ".bss","awb"
                         350 .L1531:
                         351 	.type	.L1531,@object
                         352 	.size	.L1531,0
                         353 	.data
                         354 	.section ".MSR_CODE","ax"
                         355 	.align	2
                         356 --_McalCry_AesDecrypt	rosdaoff23(_McalCry_AesDecrypt)	import
                         357 --_McalCry_ObjectInfo	rosdaoff23(_McalCry_ObjectInfo)	import
                         358 --_McalCry_BufferLength	sdaoff23(_McalCry_BufferLength)	import
                         359 --_McalCry_KeyStorage	sdaoff23(_McalCry_KeyStorage)	import
                         360 --_McalCry_WrittenLength	sdaoff23(_McalCry_WrittenLength)	import
                         361 
                         362 	.data
                         363 	.ghsnote version,17
                         364 	.ghsnote tools,3
                         365 	.ghsnote options,144
                         366 	.section ".MSR_CODE","ax"
                         367 	.align	2
                         368 ..eof.C.3A.5C_ECU2.5CECU_Rivian_A1.5CTarget.5Crepo_projects.5CpFOTA.5CcL_R2023.2E09.2E01.5Cmake.5Cobj.5CMcalCry_Cipher...43.3A.5C_ECU2.5CECU_Rivian_A1.5CTarget.5Crepo_projects.5CpFOTA.5CcL_R2023.2E09.2E01.5Cmake..64F863D3..0::
                         369 .rh850_flags REGMODE32,DATA_ALIGN8,GP_FIX,EP_NONFIX,TP_FIX,REG2_RESERVE,G3K,SDA_EXTRA_REGS_0
