                                                                      Page 1
                                                              C:\Users\nhuliyap\AppData\Local\Temp\gh_00006i81.s
Command Line: C:\GHS\comp_201517\ease850.exe -w -stderr=err/McalDio.err -elf -b0 -I../source/_common -I../source/common -I../source/ecuabcanif -I../source/ecuabcantrcv -I../source/ecuabcryif -I../source/ecuabfee -I../source/ecuabmemif -I../source/libautosar -I../source/mcalcan -I../source/mcalcry -I../source/mcaldio -I../source/mcaleep -I../source/mcalfls -I../source/mcalmcu -I../source/projectara -I../source/projectcfg -I../source/projectcompiler -I../source/swcservicebswm -I../source/swcservicecantp -I../source/swcservicecomm -I../source/swcservicecsm -I../source/swcservicedcm -I../source/swcservicedem -I../source/swcservicedet -I../source/swcserviceecum -I../source/swcservicenvm -I../source/swcserviceos -I../source/swcservicepdur -I../source/swcserviceschm -I../source/swcservicestartup -I../source/wrappers/swcservicesecm -I../source/wrappers/vsecprim -I../source/wrappers/vstdlib -Ic:/ghs/comp_201517/ansi -Ic:/ghs/comp_201517/include/v800 -Igendata -IC:\GHS\comp_201517\lib\rh850 -cg_underscore -cpu=rh850g3k -nofpu -no_v850_simd -rh850_fpsimd=none -nomacro -patch_dbo=C:\_ECU2\ECU_Rivian_A1\Target\repo_projects\pFOTA\cL_R2023.09.01\make\obj\McalDio.dbo -source=McalDio.c -o obj\gh_00006i81.o -list=lst/McalDio.lst C:\Users\nhuliyap\AppData\Local\Temp\gh_00006i81.s 
Original File: C:\Users\nhuliyap\AppData\Local\Temp\gh_00006i81.s
Source File: McalDio.c
Directory: C:\_ECU2\ECU_Rivian_A1\Target\repo_projects\pFOTA\cL_R2023.09.01\make
Host OS: Windows
EASE: Copyright (C) 1983-2015 Green Hills Software.  All Rights Reserved.
Release: Compiler v2015.1.7
Build Directory: [Directory] BTOWORKER6:c:/build_2015_1_bto/2015-10-21.2100-2015_1_bto/win32-comp-ecom
Revision: [VCInfo] http://toolsvc/branches/release-branch-70-bto/src@544153 (built by build)
Revision Date: Thu Oct 22 07:50:13 2015

Release Date: Thu Oct 22 09:32:32 2015

                           1 --Driver Command: ccrh850 -DBRS_DERIVATIVE_701018 -DBRS_OSC_CLK=16
                           2 --		-DBRS_TIMEBASE_CLOCK=80 -DBRS_EVA_BOARD_
                           3 --		-DBRS_DERIVATIVE_GROUP_F1L -DBRS_OS_USECASE_BRS
                           4 --		-DBRS_PLATFORM_RH850 -DBRS_COMP_GHS
                           5 --		-DBRS_CPU_LOCAL_RAM_SIZE_CORE0=32
                           6 --		-DBRS_CPU_RAM_START_CORE0=0xFEDF8000 -list=lst/McalDio.lst
                           7 --		-object_dir=obj -stderr=err/McalDio.err -c -cpu=rh850 -sda=all
                           8 --		-large_sda -prepare_dispose -pragma_asm_inline -no_callt
                           9 --		-inline_prologue -notda -reserve_r2 -fsoft
                          10 --		--unknown_pragma_warnings -list -g -Ogeneral -shortenum
                          11 --		-registermode=32 -I../source/_common -I../source/common
                          12 --		-I../source/ecuabcanif -I../source/ecuabcantrcv
                          13 --		-I../source/ecuabcryif -I../source/ecuabfee
                          14 --		-I../source/ecuabmemif -I../source/libautosar -I../source/mcalcan
                          15 --		-I../source/mcalcry -I../source/mcaldio -I../source/mcaleep
                          16 --		-I../source/mcalfls -I../source/mcalmcu -I../source/projectara
                          17 --		-I../source/projectcfg -I../source/projectcompiler
                          18 --		-I../source/swcservicebswm -I../source/swcservicecantp
                          19 --		-I../source/swcservicecomm -I../source/swcservicecsm
                          20 --		-I../source/swcservicedcm -I../source/swcservicedem
                          21 --		-I../source/swcservicedet -I../source/swcserviceecum
                          22 --		-I../source/swcservicenvm -I../source/swcserviceos
                          23 --		-I../source/swcservicepdur -I../source/swcserviceschm
                          24 --		-I../source/swcservicestartup -I../source/wrappers/swcservicesecm
                          25 --		-I../source/wrappers/vsecprim -I../source/wrappers/vstdlib
                          26 --		-Ic:/ghs/comp_201517/ansi -Ic:/ghs/comp_201517/include/v800
                          27 --		-Igendata ../source/McalDio/McalDio.c
                          28 --Source File:   ../source/McalDio/McalDio.c
                          29 --Directory:     
                          30 --		C:\_ECU2\ECU_Rivian_A1\Target\repo_projects\pFOTA\cL_R2023.09.01\make
                          31 --Compile Date:  Wed Sep 06 13:34:54 2023
                          32 --Host OS:       Win32
                          33 --Version:       C-RH850 2015.1.7 RELEASE VERSION
                          34 --Release:       Compiler v2015.1.7
                          35 --Revision Date: Thu Oct 22 08:06:12 2015
                          36 --Release Date:  Thu Oct 22 09:34:32 2015
                          37 -- ecom  -g -w -OM
                          38 	.text
                          39 ..bof.C.3A.5C_ECU2.5CECU_Rivian_A1.5CTarget.5Crepo_projects.5CpFOTA.5CcL_R2023.2E09.2E01.5Cmake.5Cobj.5CMcalDio...43.3A.5C_ECU2.5CECU_Rivian_A1.5CTarget.5Crepo_projects.5CpFOTA.5CcL_R2023.2E09.2E01.5Cmake..64F863DE..0::
                          40 	.align	2
                          41 ..gh.f.f.1.e.0:
                          42 	.type	..gh.f.f.1.e.0,@object
                          43 	.size	..gh.f.f.1.e.0,0
                          44 	.global	_McalDio_CanEnable
                          45 _McalDio_CanEnable:
                          46 --	    .bf
                          47 .LDW01:
00000000 40f6c1ff         48 	movhi	65473,zero,ep
00000004 d832             49 	shl	24,r6
00000006 7088             50 	sld.hu	0[ep],r17

                                                                      Page 2
                                                              C:\Users\nhuliyap\AppData\Local\Temp\gh_00006i81.s
00000008 ca05*            51 	bne	.L4
                          52 --line105
                          53 ..lin.C.3A.5C_ECU2.5CECU_Rivian_A1.5CTarget.5Crepo_projects.5CpFOTA.5CcL_R2023.2E09.2E01.5Cmake.5Cobj.5CMcalDio.1::
                          54 .LDWlin1:
0000000a d196fdff         55 	andi	65533,r17,r18
0000000e b505*            56 	br	.L2
                          57 .L4:
                          58 --line108
                          59 ..lin.C.3A.5C_ECU2.5CECU_Rivian_A1.5CTarget.5Crepo_projects.5CpFOTA.5CcL_R2023.2E09.2E01.5Cmake.5Cobj.5CMcalDio.2::
                          60 .LDWlin2:
00000010 91960200         61 	ori	2,r17,r18
                          62 .L2:
00000014 8094             63 	sst.h	r18,0[ep]
                          64 --	    .ef
                          65 .LDW11:
00000016 7f00             66 	jmp	[lp]
                          67 	.type	_McalDio_CanEnable,@function
                          68 	.size	_McalDio_CanEnable,.-_McalDio_CanEnable
                          69 	.align	2
                          70 .LDW21:
                          71 
                          72 --_ucEn	r6	param
                          73 
                          74 	.section ".bss","awb"
                          75 .L43:
                          76 	.type	.L43,@object
                          77 	.size	.L43,0
                          78 	.section ".rosdata","a"
                          79 	.align	4
                          80 	.global	_GPIO_List..C.3A.5C_ECU2.5CECU_Rivian_A1.5CTarget.5Crepo_projects.5CpFOTA.5CcL_R2023.2E09.2E01.5Cmake.5Cobj.5CMcalDio.
                          81 _GPIO_List..C.3A.5C_ECU2.5CECU_Rivian_A1.5CTarget.5Crepo_projects.5CpFOTA.5CcL_R2023.2E09.2E01.5Cmake.5Cobj.5CMcalDio.:
00000000 00               82 _GPIO_List:	.space	1
00000001 00               83 	.space	1
00000002 03002804         84 	.byte	3,0,40,4
00000006 c1ff2803         85 	.byte	193,255,40,3
0000000a c1ff2802         86 	.byte	193,255,40,2
0000000e c1ff2840         87 	.byte	193,255,40,64
00000012 c1ff2800         88 	.byte	193,255,40,0
00000016 c1ff             89 	.byte	193,255
00000018 01               90 	.byte	1
00000019 00               91 	.space	1
0000001a 06002004         92 	.byte	6,0,32,4
0000001e c1ff2003         93 	.byte	193,255,32,3
00000022 c1ff2002         94 	.byte	193,255,32,2
00000026 c1ff2040         95 	.byte	193,255,32,64
0000002a c1ff2000         96 	.byte	193,255,32,0
0000002e c1ff             97 	.byte	193,255
00000030 02               98 	.byte	2
00000031 00               99 	.space	1
00000032 05002004        100 	.byte	5,0,32,4
00000036 c1ff2003        101 	.byte	193,255,32,3
0000003a c1ff2002        102 	.byte	193,255,32,2
0000003e c1ff2040        103 	.byte	193,255,32,64
00000042 c1ff2000        104 	.byte	193,255,32,0
00000046 c1ff            105 	.byte	193,255
00000048 03              106 	.byte	3
00000049 00              107 	.space	1
0000004a 04002004        108 	.byte	4,0,32,4
0000004e c1ff2003        109 	.byte	193,255,32,3
00000052 c1ff2002        110 	.byte	193,255,32,2
00000056 c1ff2040        111 	.byte	193,255,32,64

                                                                      Page 3
                                                              C:\Users\nhuliyap\AppData\Local\Temp\gh_00006i81.s
0000005a c1ff2000        112 	.byte	193,255,32,0
0000005e c1ff            113 	.byte	193,255
00000060 04              114 	.byte	4
00000061 00              115 	.space	1
00000062 0000            116 	.space	2
00000064 0004c1ff        117 	.byte	0,4,193,255
00000068 0003c1ff        118 	.byte	0,3,193,255
0000006c 0002c1ff        119 	.byte	0,2,193,255
00000070 0040c1ff        120 	.byte	0,64,193,255
00000074 0000c1ff        121 	.byte	0,0,193,255
00000078 05              122 	.byte	5
00000079 00              123 	.space	1
0000007a 01002004        124 	.byte	1,0,32,4
0000007e c1ff2003        125 	.byte	193,255,32,3
00000082 c1ff2002        126 	.byte	193,255,32,2
00000086 c1ff2040        127 	.byte	193,255,32,64
0000008a c1ff2000        128 	.byte	193,255,32,0
0000008e c1ff            129 	.byte	193,255
00000090 06              130 	.byte	6
00000091 00              131 	.space	1
00000092 04000004        132 	.byte	4,0,0,4
00000096 c1ff0003        133 	.byte	193,255,0,3
0000009a c1ff0002        134 	.byte	193,255,0,2
0000009e c1ff0040        135 	.byte	193,255,0,64
000000a2 c1ff0000        136 	.byte	193,255,0,0
000000a6 c1ff            137 	.byte	193,255
000000a8 07              138 	.byte	7
000000a9 00              139 	.space	1
000000aa 05000004        140 	.byte	5,0,0,4
000000ae c1ff0003        141 	.byte	193,255,0,3
000000b2 c1ff0002        142 	.byte	193,255,0,2
000000b6 c1ff0040        143 	.byte	193,255,0,64
000000ba c1ff0000        144 	.byte	193,255,0,0
000000be c1ff            145 	.byte	193,255
000000c0 08              146 	.byte	8
000000c1 00              147 	.space	1
000000c2 06000004        148 	.byte	6,0,0,4
000000c6 c1ff0003        149 	.byte	193,255,0,3
000000ca c1ff0002        150 	.byte	193,255,0,2
000000ce c1ff0040        151 	.byte	193,255,0,64
000000d2 c1ff0000        152 	.byte	193,255,0,0
000000d6 c1ff            153 	.byte	193,255
000000d8 09              154 	.byte	9
000000d9 00              155 	.space	1
000000da 09000004        156 	.byte	9,0,0,4
000000de c1ff0003        157 	.byte	193,255,0,3
000000e2 c1ff0002        158 	.byte	193,255,0,2
000000e6 c1ff0040        159 	.byte	193,255,0,64
000000ea c1ff0000        160 	.byte	193,255,0,0
000000ee c1ff            161 	.byte	193,255
000000f0 0a              162 	.byte	10
000000f1 00              163 	.space	1
000000f2 01000004        164 	.byte	1,0,0,4
000000f6 c1ff0003        165 	.byte	193,255,0,3
000000fa c1ff0002        166 	.byte	193,255,0,2
000000fe c1ff0040        167 	.byte	193,255,0,64
00000102 c1ff0000        168 	.byte	193,255,0,0
00000106 c1ff            169 	.byte	193,255
00000108 0b              170 	.byte	11
00000109 00              171 	.space	1
0000010a 02000004        172 	.byte	2,0,0,4

                                                                      Page 4
                                                              C:\Users\nhuliyap\AppData\Local\Temp\gh_00006i81.s
0000010e c1ff0003        173 	.byte	193,255,0,3
00000112 c1ff0002        174 	.byte	193,255,0,2
00000116 c1ff0040        175 	.byte	193,255,0,64
0000011a c1ff0000        176 	.byte	193,255,0,0
0000011e c1ff            177 	.byte	193,255
00000120 0c              178 	.byte	12
00000121 00              179 	.space	1
00000122 03002804        180 	.byte	3,0,40,4
00000126 c1ff2803        181 	.byte	193,255,40,3
0000012a c1ff2802        182 	.byte	193,255,40,2
0000012e c1ff2840        183 	.byte	193,255,40,64
00000132 c1ff2800        184 	.byte	193,255,40,0
00000136 c1ff            185 	.byte	193,255
00000138 0d              186 	.byte	13
00000139 00              187 	.space	1
0000013a 05002804        188 	.byte	5,0,40,4
0000013e c1ff2803        189 	.byte	193,255,40,3
00000142 c1ff2802        190 	.byte	193,255,40,2
00000146 c1ff2840        191 	.byte	193,255,40,64
0000014a c1ff2800        192 	.byte	193,255,40,0
0000014e c1ff            193 	.byte	193,255
00000150 0e              194 	.byte	14
00000151 00              195 	.space	1
00000152 06002804        196 	.byte	6,0,40,4
00000156 c1ff2803        197 	.byte	193,255,40,3
0000015a c1ff2802        198 	.byte	193,255,40,2
0000015e c1ff2840        199 	.byte	193,255,40,64
00000162 c1ff2800        200 	.byte	193,255,40,0
00000166 c1ff            201 	.byte	193,255
00000168 0f              202 	.byte	15
00000169 00              203 	.space	1
0000016a 07002804        204 	.byte	7,0,40,4
0000016e c1ff2803        205 	.byte	193,255,40,3
00000172 c1ff2802        206 	.byte	193,255,40,2
00000176 c1ff2840        207 	.byte	193,255,40,64
0000017a c1ff2800        208 	.byte	193,255,40,0
0000017e c1ff            209 	.byte	193,255
00000180 10              210 	.byte	16
00000181 00              211 	.space	1
00000182 08002804        212 	.byte	8,0,40,4
00000186 c1ff2803        213 	.byte	193,255,40,3
0000018a c1ff2802        214 	.byte	193,255,40,2
0000018e c1ff2840        215 	.byte	193,255,40,64
00000192 c1ff2800        216 	.byte	193,255,40,0
00000196 c1ff            217 	.byte	193,255
00000198 11              218 	.byte	17
00000199 00              219 	.space	1
0000019a 09002804        220 	.byte	9,0,40,4
0000019e c1ff2803        221 	.byte	193,255,40,3
000001a2 c1ff2802        222 	.byte	193,255,40,2
000001a6 c1ff2840        223 	.byte	193,255,40,64
000001aa c1ff2800        224 	.byte	193,255,40,0
000001ae c1ff            225 	.byte	193,255
000001b0 12              226 	.byte	18
000001b1 00              227 	.space	1
000001b2 0e002804        228 	.byte	14,0,40,4
000001b6 c1ff2803        229 	.byte	193,255,40,3
000001ba c1ff2802        230 	.byte	193,255,40,2
000001be c1ff2840        231 	.byte	193,255,40,64
000001c2 c1ff2800        232 	.byte	193,255,40,0
000001c6 c1ff            233 	.byte	193,255

                                                                      Page 5
                                                              C:\Users\nhuliyap\AppData\Local\Temp\gh_00006i81.s
000001c8 13              234 	.byte	19
000001c9 00              235 	.space	1
000001ca 0d002804        236 	.byte	13,0,40,4
000001ce c1ff2803        237 	.byte	193,255,40,3
000001d2 c1ff2802        238 	.byte	193,255,40,2
000001d6 c1ff2840        239 	.byte	193,255,40,64
000001da c1ff2800        240 	.byte	193,255,40,0
000001de c1ff            241 	.byte	193,255
000001e0 14              242 	.byte	20
000001e1 00              243 	.space	1
000001e2 0c002804        244 	.byte	12,0,40,4
000001e6 c1ff2803        245 	.byte	193,255,40,3
000001ea c1ff2802        246 	.byte	193,255,40,2
000001ee c1ff2840        247 	.byte	193,255,40,64
000001f2 c1ff2800        248 	.byte	193,255,40,0
000001f6 c1ff            249 	.byte	193,255
000001f8 15              250 	.byte	21
000001f9 00              251 	.space	1
000001fa 0b002804        252 	.byte	11,0,40,4
000001fe c1ff2803        253 	.byte	193,255,40,3
00000202 c1ff2802        254 	.byte	193,255,40,2
00000206 c1ff2840        255 	.byte	193,255,40,64
0000020a c1ff2800        256 	.byte	193,255,40,0
0000020e c1ff            257 	.byte	193,255
00000210 16              258 	.byte	22
00000211 00              259 	.space	1
00000212 0000            260 	.space	2
00000214 2404c1ff        261 	.byte	36,4,193,255
00000218 2403c1ff        262 	.byte	36,3,193,255
0000021c 2402c1ff        263 	.byte	36,2,193,255
00000220 2440c1ff        264 	.byte	36,64,193,255
00000224 2400c1ff        265 	.byte	36,0,193,255
00000228 17              266 	.byte	23
00000229 00              267 	.space	1
0000022a 01002404        268 	.byte	1,0,36,4
0000022e c1ff2403        269 	.byte	193,255,36,3
00000232 c1ff2402        270 	.byte	193,255,36,2
00000236 c1ff2440        271 	.byte	193,255,36,64
0000023a c1ff2400        272 	.byte	193,255,36,0
0000023e c1ff            273 	.byte	193,255
00000240 18              274 	.byte	24
00000241 00              275 	.space	1
00000242 02002404        276 	.byte	2,0,36,4
00000246 c1ff2403        277 	.byte	193,255,36,3
0000024a c1ff2402        278 	.byte	193,255,36,2
0000024e c1ff2440        279 	.byte	193,255,36,64
00000252 c1ff2400        280 	.byte	193,255,36,0
00000256 c1ff            281 	.byte	193,255
00000258 19              282 	.byte	25
00000259 00              283 	.space	1
0000025a 03002404        284 	.byte	3,0,36,4
0000025e c1ff2403        285 	.byte	193,255,36,3
00000262 c1ff2402        286 	.byte	193,255,36,2
00000266 c1ff2440        287 	.byte	193,255,36,64
0000026a c1ff2400        288 	.byte	193,255,36,0
0000026e c1ff            289 	.byte	193,255
                         290 	.type	_GPIO_List..C.3A.5C_ECU2.5CECU_Rivian_A1.5CTarget.5Crepo_projects.5CpFOTA.5CcL_R2023.2E09.2E01.5Cmake.5Cobj.5CMcalDio.,@object
                         291 	.size	_GPIO_List..C.3A.5C_ECU2.5CECU_Rivian_A1.5CTarget.5Crepo_projects.5CpFOTA.5CcL_R2023.2E09.2E01.5Cmake.5Cobj.5CMcalDio.,624
                         292 	.type	_GPIO_List,@object
                         293 	.size	_GPIO_List,624
                         294 	.data

                                                                      Page 6
                                                              C:\Users\nhuliyap\AppData\Local\Temp\gh_00006i81.s
                         295 	.text
                         296 	.align	2
                         297 	.align	2
                         298 ..gh.f.f.1.e.1:
                         299 	.type	..gh.f.f.1.e.1,@object
                         300 	.size	..gh.f.f.1.e.1,0
                         301 	.global	_McalDio_CanStandby
                         302 _McalDio_CanStandby:
00000018 8600            303 	zxb	r6
                         304 --	    .bf
                         305 .LDW31:
0000001a 3e062800c1ff    306 	mov	-4128728,ep
00000020 6132            307 	cmp	1,r6
00000022 7088            308 	sld.hu	0[ep],r17
00000024 ca05*           309 	bne	.L87
                         310 --line114
                         311 ..lin.C.3A.5C_ECU2.5CECU_Rivian_A1.5CTarget.5Crepo_projects.5CpFOTA.5CcL_R2023.2E09.2E01.5Cmake.5Cobj.5CMcalDio.3::
                         312 .LDWlin3:
00000026 d196f7ff        313 	andi	65527,r17,r18
0000002a b505*           314 	br	.L85
                         315 .L87:
                         316 --line117
                         317 ..lin.C.3A.5C_ECU2.5CECU_Rivian_A1.5CTarget.5Crepo_projects.5CpFOTA.5CcL_R2023.2E09.2E01.5Cmake.5Cobj.5CMcalDio.4::
                         318 .LDWlin4:
0000002c 91960800        319 	ori	8,r17,r18
                         320 .L85:
00000030 8094            321 	sst.h	r18,0[ep]
                         322 --	    .ef
                         323 .LDW41:
00000032 7f00            324 	jmp	[lp]
                         325 	.type	_McalDio_CanStandby,@function
                         326 	.size	_McalDio_CanStandby,.-_McalDio_CanStandby
                         327 	.align	2
                         328 .LDW51:
                         329 
                         330 --_ucStb	r6	param
                         331 
                         332 	.section ".bss","awb"
                         333 .L123:
                         334 	.type	.L123,@object
                         335 	.size	.L123,0
                         336 	.data
                         337 	.text
                         338 	.align	2
                         339 	.align	2
                         340 ..gh.f.f.1.e.2:
                         341 	.type	..gh.f.f.1.e.2,@object
                         342 	.size	..gh.f.f.1.e.2,0
                         343 	.global	_GPIO_init_input..C.3A.5C_ECU2.5CECU_Rivian_A1.5CTarget.5Crepo_projects.5CpFOTA.5CcL_R2023.2E09.2E01.5Cmake.5Cobj.5CMcalDio.
                         344 _GPIO_init_input..C.3A.5C_ECU2.5CECU_Rivian_A1.5CTarget.5Crepo_projects.5CpFOTA.5CcL_R2023.2E09.2E01.5Cmake.5Cobj.5CMcalDio.:
                         345 _GPIO_init_input:
00000034 a600            346 	sxb	r6
                         347 --	    .bf
                         348 .LDW61:
00000036 e6f61800        349 	mulhi	24,r6,ep
0000003a 330600000000*   350 	mov	rosdaoff23(_GPIO_List),r19
00000040 0192            351 	mov	1,r18
00000042 d3f1            352 	add	r19,ep
00000044 7188            353 	sld.hu	2[ep],r17
00000046 0475            354 	sld.w	8[ep],r14
00000048 086d            355 	sld.w	16[ep],r13

                                                                      Page 7
                                                              C:\Users\nhuliyap\AppData\Local\Temp\gh_00006i81.s
0000004a 02f5            356 	sld.w	4[ep],ep
0000004c f197c290        357 	shl	r17,r18,r18
00000050 ee8f0100        358 	ld.hu	0[r14],r17
00000054 1289            359 	or	r18,r17
00000056 6e8f0000        360 	st.h	r17,0[r14]
0000005a ed870100        361 	ld.hu	0[r13],r16
0000005e 1281            362 	or	r18,r16
00000060 6d870000        363 	st.h	r16,0[r13]
00000064 7078            364 	sld.hu	0[ep],r15
00000066 3280            365 	not	r18,r16
00000068 5079            366 	and	r16,r15
0000006a 807c            367 	sst.h	r15,0[ep]
                         368 --	    .ef
                         369 .LDW71:
0000006c 7f00            370 	jmp	[lp]
                         371 	.type	_GPIO_init_input,@function
                         372 	.size	_GPIO_init_input,.-_GPIO_init_input
                         373 	.type	_GPIO_init_input..C.3A.5C_ECU2.5CECU_Rivian_A1.5CTarget.5Crepo_projects.5CpFOTA.5CcL_R2023.2E09.2E01.5Cmake.5Cobj.5CMcalDio.,@function
                         374 	.size	_GPIO_init_input..C.3A.5C_ECU2.5CECU_Rivian_A1.5CTarget.5Crepo_projects.5CpFOTA.5CcL_R2023.2E09.2E01.5Cmake.5Cobj.5CMcalDio.,.-_GPIO_init_input..C.3A.5C_ECU2.5CECU_Rivian_A1.5CTarget.5Crepo_projects.5CpFOTA.5CcL_R2023.2E09.2E01.5Cmake.5Cobj.5CMcalDio.
                         375 	.align	2
                         376 .LDW81:
                         377 
                         378 --_PortPin	r6	param
                         379 
                         380 	.section ".bss","awb"
                         381 .L193:
                         382 	.type	.L193,@object
                         383 	.size	.L193,0
                         384 	.data
                         385 	.text
                         386 	.align	2
                         387 	.align	2
                         388 ..gh.f.f.1.e.3:
                         389 	.type	..gh.f.f.1.e.3,@object
                         390 	.size	..gh.f.f.1.e.3,0
                         391 	.global	_GPIO_init_RF_Freq_Pin..C.3A.5C_ECU2.5CECU_Rivian_A1.5CTarget.5Crepo_projects.5CpFOTA.5CcL_R2023.2E09.2E01.5Cmake.5Cobj.5CMcalDio.
                         392 _GPIO_init_RF_Freq_Pin..C.3A.5C_ECU2.5CECU_Rivian_A1.5CTarget.5Crepo_projects.5CpFOTA.5CcL_R2023.2E09.2E01.5Cmake.5Cobj.5CMcalDio.:
                         393 _GPIO_init_RF_Freq_Pin:
                         394 --	    .bf
                         395 .LDW91:
0000006e 3e062803c1ff    396 	mov	-4127960,ep
00000074 7090            397 	sld.hu	0[ep],r18
00000076 92960002        398 	ori	512,r18,r18
0000007a 8094            399 	sst.h	r18,0[ep]
0000007c 1ef6003d        400 	addi	15616,ep,ep
00000080 7088            401 	sld.hu	0[ep],r17
00000082 918e0002        402 	ori	512,r17,r17
00000086 808c            403 	sst.h	r17,0[ep]
00000088 1ef600c4        404 	addi	-15360,ep,ep
0000008c 7080            405 	sld.hu	0[ep],r16
0000008e d086fffd        406 	andi	65023,r16,r16
00000092 8084            407 	sst.h	r16,0[ep]
00000094 1ef6003f        408 	addi	16128,ep,ep
00000098 7078            409 	sld.hu	0[ep],r15
0000009a 8f7e0002        410 	ori	512,r15,r15
0000009e 807c            411 	sst.h	r15,0[ep]
                         412 --	    .ef
                         413 .LDW02:
000000a0 7f00            414 	jmp	[lp]
                         415 	.type	_GPIO_init_RF_Freq_Pin,@function
                         416 	.size	_GPIO_init_RF_Freq_Pin,.-_GPIO_init_RF_Freq_Pin

                                                                      Page 8
                                                              C:\Users\nhuliyap\AppData\Local\Temp\gh_00006i81.s
                         417 	.type	_GPIO_init_RF_Freq_Pin..C.3A.5C_ECU2.5CECU_Rivian_A1.5CTarget.5Crepo_projects.5CpFOTA.5CcL_R2023.2E09.2E01.5Cmake.5Cobj.5CMcalDio.,@function
                         418 	.size	_GPIO_init_RF_Freq_Pin..C.3A.5C_ECU2.5CECU_Rivian_A1.5CTarget.5Crepo_projects.5CpFOTA.5CcL_R2023.2E09.2E01.5Cmake.5Cobj.5CMcalDio.,.-_GPIO_init_RF_Freq_Pin..C.3A.5C_ECU2.5CECU_Rivian_A1.5CTarget.5Crepo_projects.5CpFOTA.5CcL_R2023.2E09.2E01.5Cmake.5Cobj.5CMcalDio.
                         419 	.align	2
                         420 .LDW12:
                         421 
                         422 	.section ".bss","awb"
                         423 .L241:
                         424 	.type	.L241,@object
                         425 	.size	.L241,0
                         426 	.data
                         427 	.text
                         428 	.align	2
                         429 	.align	2
                         430 ..gh.f.f.1.e.4:
                         431 	.type	..gh.f.f.1.e.4,@object
                         432 	.size	..gh.f.f.1.e.4,0
                         433 	.global	_GPIO_init_TJA_ERR_Pin..C.3A.5C_ECU2.5CECU_Rivian_A1.5CTarget.5Crepo_projects.5CpFOTA.5CcL_R2023.2E09.2E01.5Cmake.5Cobj.5CMcalDio.
                         434 _GPIO_init_TJA_ERR_Pin..C.3A.5C_ECU2.5CECU_Rivian_A1.5CTarget.5Crepo_projects.5CpFOTA.5CcL_R2023.2E09.2E01.5Cmake.5Cobj.5CMcalDio.:
                         435 _GPIO_init_TJA_ERR_Pin:
                         436 --	    .bf
                         437 .LDW22:
000000a2 3e060003c1ff    438 	mov	-4128000,ep
000000a8 7090            439 	sld.hu	0[ep],r18
000000aa 92960400        440 	ori	4,r18,r18
000000ae 8094            441 	sst.h	r18,0[ep]
000000b0 1ef6003d        442 	addi	15616,ep,ep
000000b4 7088            443 	sld.hu	0[ep],r17
000000b6 918e0400        444 	ori	4,r17,r17
000000ba 808c            445 	sst.h	r17,0[ep]
000000bc 1ef600c4        446 	addi	-15360,ep,ep
000000c0 7080            447 	sld.hu	0[ep],r16
000000c2 d086fbff        448 	andi	65531,r16,r16
000000c6 8084            449 	sst.h	r16,0[ep]
000000c8 1ef6003f        450 	addi	16128,ep,ep
000000cc 7078            451 	sld.hu	0[ep],r15
000000ce 8f7e0400        452 	ori	4,r15,r15
000000d2 807c            453 	sst.h	r15,0[ep]
                         454 --	    .ef
                         455 .LDW32:
000000d4 7f00            456 	jmp	[lp]
                         457 	.type	_GPIO_init_TJA_ERR_Pin,@function
                         458 	.size	_GPIO_init_TJA_ERR_Pin,.-_GPIO_init_TJA_ERR_Pin
                         459 	.type	_GPIO_init_TJA_ERR_Pin..C.3A.5C_ECU2.5CECU_Rivian_A1.5CTarget.5Crepo_projects.5CpFOTA.5CcL_R2023.2E09.2E01.5Cmake.5Cobj.5CMcalDio.,@function
                         460 	.size	_GPIO_init_TJA_ERR_Pin..C.3A.5C_ECU2.5CECU_Rivian_A1.5CTarget.5Crepo_projects.5CpFOTA.5CcL_R2023.2E09.2E01.5Cmake.5Cobj.5CMcalDio.,.-_GPIO_init_TJA_ERR_Pin..C.3A.5C_ECU2.5CECU_Rivian_A1.5CTarget.5Crepo_projects.5CpFOTA.5CcL_R2023.2E09.2E01.5Cmake.5Cobj.5CMcalDio.
                         461 	.align	2
                         462 .LDW42:
                         463 
                         464 	.section ".bss","awb"
                         465 .L289:
                         466 	.type	.L289,@object
                         467 	.size	.L289,0
                         468 	.data
                         469 	.text
                         470 	.align	2
                         471 	.align	2
                         472 ..gh.f.f.1.e.5:
                         473 	.type	..gh.f.f.1.e.5,@object
                         474 	.size	..gh.f.f.1.e.5,0
                         475 	.global	_GPIO_init_output..C.3A.5C_ECU2.5CECU_Rivian_A1.5CTarget.5Crepo_projects.5CpFOTA.5CcL_R2023.2E09.2E01.5Cmake.5Cobj.5CMcalDio.
                         476 _GPIO_init_output..C.3A.5C_ECU2.5CECU_Rivian_A1.5CTarget.5Crepo_projects.5CpFOTA.5CcL_R2023.2E09.2E01.5Cmake.5Cobj.5CMcalDio.:
                         477 _GPIO_init_output:

                                                                      Page 9
                                                              C:\Users\nhuliyap\AppData\Local\Temp\gh_00006i81.s
000000d6 a600            478 	sxb	r6
                         479 --	    .bf
                         480 .LDW52:
000000d8 e6f61800        481 	mulhi	24,r6,ep
000000dc 330600000000*   482 	mov	rosdaoff23(_GPIO_List),r19
000000e2 018a            483 	mov	1,r17
000000e4 d3f1            484 	add	r19,ep
000000e6 7180            485 	sld.hu	2[ep],r16
000000e8 0a75            486 	sld.w	20[ep],r14
000000ea 046d            487 	sld.w	8[ep],r13
000000ec 02f5            488 	sld.w	4[ep],ep
000000ee f08fc290        489 	shl	r16,r17,r18
000000f2 ee8f0100        490 	ld.hu	0[r14],r17
000000f6 3290            491 	not	r18,r18
000000f8 5289            492 	and	r18,r17
000000fa 6e8f0000        493 	st.h	r17,0[r14]
000000fe ed870100        494 	ld.hu	0[r13],r16
00000102 5281            495 	and	r18,r16
00000104 6d870000        496 	st.h	r16,0[r13]
00000108 7078            497 	sld.hu	0[ep],r15
0000010a 5279            498 	and	r18,r15
0000010c 807c            499 	sst.h	r15,0[ep]
                         500 --	    .ef
                         501 .LDW62:
0000010e 7f00            502 	jmp	[lp]
                         503 	.type	_GPIO_init_output,@function
                         504 	.size	_GPIO_init_output,.-_GPIO_init_output
                         505 	.type	_GPIO_init_output..C.3A.5C_ECU2.5CECU_Rivian_A1.5CTarget.5Crepo_projects.5CpFOTA.5CcL_R2023.2E09.2E01.5Cmake.5Cobj.5CMcalDio.,@function
                         506 	.size	_GPIO_init_output..C.3A.5C_ECU2.5CECU_Rivian_A1.5CTarget.5Crepo_projects.5CpFOTA.5CcL_R2023.2E09.2E01.5Cmake.5Cobj.5CMcalDio.,.-_GPIO_init_output..C.3A.5C_ECU2.5CECU_Rivian_A1.5CTarget.5Crepo_projects.5CpFOTA.5CcL_R2023.2E09.2E01.5Cmake.5Cobj.5CMcalDio.
                         507 	.align	2
                         508 .LDW72:
                         509 
                         510 --_PortPin	r6	param
                         511 
                         512 	.section ".bss","awb"
                         513 .L337:
                         514 	.type	.L337,@object
                         515 	.size	.L337,0
                         516 	.data
                         517 	.text
                         518 	.align	2
                         519 	.align	2
                         520 ..gh.f.f.1.e.6:
                         521 	.type	..gh.f.f.1.e.6,@object
                         522 	.size	..gh.f.f.1.e.6,0
                         523 	.global	_McalDio_output_off
                         524 _McalDio_output_off:
00000110 a600            525 	sxb	r6
                         526 --	    .bf
                         527 .LDW82:
00000112 e6f61800        528 	mulhi	24,r6,ep
00000116 018a            529 	mov	1,r17
00000118 c5f1            530 	add	r5,ep
0000011a be0707800000*   531 	ld.hu	rosdaoff23(_GPIO_List+2)[ep],r16
00000120 9e0709f00000*   532 	ld.w	rosdaoff23(_GPIO_List+20)[ep],ep
00000126 f08fc290        533 	shl	r16,r17,r18
0000012a 3278            534 	not	r18,r15
0000012c 7090            535 	sld.hu	0[ep],r18
0000012e 4f91            536 	and	r15,r18
00000130 8094            537 	sst.h	r18,0[ep]
                         538 --	    .ef

                                                                      Page 10
                                                              C:\Users\nhuliyap\AppData\Local\Temp\gh_00006i81.s
                         539 .LDW92:
00000132 7f00            540 	jmp	[lp]
                         541 	.type	_McalDio_output_off,@function
                         542 	.size	_McalDio_output_off,.-_McalDio_output_off
                         543 	.align	2
                         544 .LDW03:
                         545 
                         546 --_PortPin	r6	param
                         547 
                         548 	.section ".bss","awb"
                         549 .L385:
                         550 	.type	.L385,@object
                         551 	.size	.L385,0
                         552 	.data
                         553 	.text
                         554 	.align	2
                         555 	.align	2
                         556 ..gh.f.f.1.e.7:
                         557 	.type	..gh.f.f.1.e.7,@object
                         558 	.size	..gh.f.f.1.e.7,0
                         559 	.global	_McalDio_InitFunction
                         560 _McalDio_InitFunction:
00000134 80072100        561 	prepare	{r31},0
                         562 --	    .bf
                         563 .LDW13:
00000138 20361600        564 	movea	22,zero,r6
                         565 	jarl	_GPIO_init_input,lp
                         565 <EXPANSION BEGIN>
                         565 jarl22 _GPIO_init_input , lp 
0000013c bffff8fe*       565 <EXPANSION END>
                         566 --line132
                         567 ..lin.C.3A.5C_ECU2.5CECU_Rivian_A1.5CTarget.5Crepo_projects.5CpFOTA.5CcL_R2023.2E09.2E01.5Cmake.5Cobj.5CMcalDio.5::
                         568 .LDWlin5:
00000140 20361700        569 	movea	23,zero,r6
                         570 	jarl	_GPIO_init_input,lp
                         570 <EXPANSION BEGIN>
                         570 jarl22 _GPIO_init_input , lp 
00000144 bffff0fe*       570 <EXPANSION END>
                         571 --line133
                         572 ..lin.C.3A.5C_ECU2.5CECU_Rivian_A1.5CTarget.5Crepo_projects.5CpFOTA.5CcL_R2023.2E09.2E01.5Cmake.5Cobj.5CMcalDio.6::
                         573 .LDWlin6:
00000148 20361800        574 	movea	24,zero,r6
                         575 	jarl	_GPIO_init_input,lp
                         575 <EXPANSION BEGIN>
                         575 jarl22 _GPIO_init_input , lp 
0000014c bfffe8fe*       575 <EXPANSION END>
                         576 --line134
                         577 ..lin.C.3A.5C_ECU2.5CECU_Rivian_A1.5CTarget.5Crepo_projects.5CpFOTA.5CcL_R2023.2E09.2E01.5Cmake.5Cobj.5CMcalDio.7::
                         578 .LDWlin7:
00000150 20361900        579 	movea	25,zero,r6
                         580 	jarl	_GPIO_init_input,lp
                         580 <EXPANSION BEGIN>
                         580 jarl22 _GPIO_init_input , lp 
00000154 bfffe0fe*       580 <EXPANSION END>
                         581 --line137
                         582 ..lin.C.3A.5C_ECU2.5CECU_Rivian_A1.5CTarget.5Crepo_projects.5CpFOTA.5CcL_R2023.2E09.2E01.5Cmake.5Cobj.5CMcalDio.8::
                         583 .LDWlin8:
                         584 	jarl	_GPIO_init_RF_Freq_Pin,lp
                         584 <EXPANSION BEGIN>
                         584 jarl22 _GPIO_init_RF_Freq_Pin , lp 
00000158 bfff16ff*       584 <EXPANSION END>

                                                                      Page 11
                                                              C:\Users\nhuliyap\AppData\Local\Temp\gh_00006i81.s
                         585 --line138
                         586 ..lin.C.3A.5C_ECU2.5CECU_Rivian_A1.5CTarget.5Crepo_projects.5CpFOTA.5CcL_R2023.2E09.2E01.5Cmake.5Cobj.5CMcalDio.9::
                         587 .LDWlin9:
                         588 	jarl	_GPIO_init_TJA_ERR_Pin,lp
                         588 <EXPANSION BEGIN>
                         588 jarl22 _GPIO_init_TJA_ERR_Pin , lp 
0000015c bfff46ff*       588 <EXPANSION END>
                         589 --line139
                         590 ..lin.C.3A.5C_ECU2.5CECU_Rivian_A1.5CTarget.5Crepo_projects.5CpFOTA.5CcL_R2023.2E09.2E01.5Cmake.5Cobj.5CMcalDio.10::
                         591 .LDWlin10:
00000160 0c32            592 	mov	12,r6
                         593 	jarl	_GPIO_init_output,lp
                         593 <EXPANSION BEGIN>
                         593 jarl22 _GPIO_init_output , lp 
00000162 bfff74ff*       593 <EXPANSION END>
                         594 --line140
                         595 ..lin.C.3A.5C_ECU2.5CECU_Rivian_A1.5CTarget.5Crepo_projects.5CpFOTA.5CcL_R2023.2E09.2E01.5Cmake.5Cobj.5CMcalDio.11::
                         596 .LDWlin11:
00000166 0a32            597 	mov	10,r6
                         598 	jarl	_GPIO_init_output,lp
                         598 <EXPANSION BEGIN>
                         598 jarl22 _GPIO_init_output , lp 
00000168 bfff6eff*       598 <EXPANSION END>
                         599 --line141
                         600 ..lin.C.3A.5C_ECU2.5CECU_Rivian_A1.5CTarget.5Crepo_projects.5CpFOTA.5CcL_R2023.2E09.2E01.5Cmake.5Cobj.5CMcalDio.12::
                         601 .LDWlin12:
0000016c 0c32            602 	mov	12,r6
                         603 	jarl	_McalDio_output_off,lp
                         603 <EXPANSION BEGIN>
                         603 jarl22 _McalDio_output_off , lp 
0000016e bfffa2ff*       603 <EXPANSION END>
                         604 --line142
                         605 ..lin.C.3A.5C_ECU2.5CECU_Rivian_A1.5CTarget.5Crepo_projects.5CpFOTA.5CcL_R2023.2E09.2E01.5Cmake.5Cobj.5CMcalDio.13::
                         606 .LDWlin13:
00000172 0a32            607 	mov	10,r6
                         608 	jarl	_McalDio_output_off,lp
                         608 <EXPANSION BEGIN>
                         608 jarl22 _McalDio_output_off , lp 
00000174 bfff9cff*       608 <EXPANSION END>
                         609 --	    .ef
                         610 .LDW23:
                         611 --line143
                         612 ..lin.C.3A.5C_ECU2.5CECU_Rivian_A1.5CTarget.5Crepo_projects.5CpFOTA.5CcL_R2023.2E09.2E01.5Cmake.5Cobj.5CMcalDio.14::
                         613 .LDWlin14:
00000178 40063f00        614 	dispose	0,{r31},[lp]
                         615 	.type	_McalDio_InitFunction,@function
                         616 	.size	_McalDio_InitFunction,.-_McalDio_InitFunction
                         617 	.align	2
                         618 .LDW33:
                         619 
                         620 	.section ".bss","awb"
                         621 .L433:
                         622 	.type	.L433,@object
                         623 	.size	.L433,0
                         624 	.data
                         625 	.text
                         626 	.align	2
                         627 	.align	2
                         628 ..gh.f.f.1.e.8:
                         629 	.type	..gh.f.f.1.e.8,@object
                         630 	.size	..gh.f.f.1.e.8,0

                                                                      Page 12
                                                              C:\Users\nhuliyap\AppData\Local\Temp\gh_00006i81.s
                         631 	.global	_McalDio_CanInitFunction
                         632 _McalDio_CanInitFunction:
                         633 --	    .bf
                         634 .LDW43:
0000017c 3e060004c1ff    635 	mov	-4127744,ep
00000182 7068            636 	sld.hu	0[ep],r13
00000184 cd6efdff        637 	andi	65533,r13,r13
00000188 806c            638 	sst.h	r13,0[ep]
0000018a 1ef600ff        639 	addi	-256,ep,ep
0000018e 7060            640 	sld.hu	0[ep],r12
00000190 cc66fdff        641 	andi	65533,r12,r12
00000194 8064            642 	sst.h	r12,0[ep]
00000196 40f6c1ff        643 	movhi	65473,zero,ep
0000019a 7058            644 	sld.hu	0[ep],r11
0000019c cb5efdff        645 	andi	65533,r11,r11
000001a0 805c            646 	sst.h	r11,0[ep]
000001a2 1ef62804        647 	addi	1064,ep,ep
000001a6 7050            648 	sld.hu	0[ep],r10
000001a8 1e9600ff        649 	addi	-256,ep,r18
000001ac 128ed8fc        650 	addi	-808,r18,r17
000001b0 1180            651 	mov	r17,r16
000001b2 ca56f7ff        652 	andi	65527,r10,r10
000001b6 8054            653 	sst.h	r10,0[ep]
000001b8 1e50            654 	mov	ep,r10
000001ba 12f0            655 	mov	r18,ep
000001bc 7048            656 	sld.hu	0[ep],r9
000001be 1078            657 	mov	r16,r15
000001c0 c94ef7ff        658 	andi	65527,r9,r9
000001c4 804c            659 	sst.h	r9,0[ep]
000001c6 f1472900        660 	ld.hu	40[r17],r8
000001ca c846f7ff        661 	andi	65527,r8,r8
000001ce 71472800        662 	st.h	r8,40[r17]
000001d2 f13f290a        663 	ld.hu	2600[r17],r7
000001d6 c73efeff        664 	andi	65534,r7,r7
000001da 713f280a        665 	st.h	r7,2600[r17]
000001de f0372906        666 	ld.hu	1576[r16],r6
000001e2 c636feff        667 	andi	65534,r6,r6
000001e6 70372806        668 	st.h	r6,1576[r16]
000001ea ef9f2905        669 	ld.hu	1320[r15],r19
000001ee 939e0100        670 	ori	1,r19,r19
000001f2 6f9f2805        671 	st.h	r19,1320[r15]
000001f6 7068            672 	sld.hu	0[ep],r13
000001f8 8d6e0100        673 	ori	1,r13,r13
000001fc 806c            674 	sst.h	r13,0[ep]
000001fe 0af0            675 	mov	r10,ep
00000200 7060            676 	sld.hu	0[ep],r12
00000202 8c660100        677 	ori	1,r12,r12
00000206 8064            678 	sst.h	r12,0[ep]
00000208 f15f290a        679 	ld.hu	2600[r17],r11
0000020c cb5efdff        680 	andi	65533,r11,r11
00000210 715f280a        681 	st.h	r11,2600[r17]
00000214 f0572906        682 	ld.hu	1576[r16],r10
00000218 ca56fdff        683 	andi	65533,r10,r10
0000021c 70572806        684 	st.h	r10,1576[r16]
00000220 ef4f2905        685 	ld.hu	1320[r15],r9
00000224 894e0200        686 	ori	2,r9,r9
00000228 6f4f2805        687 	st.h	r9,1320[r15]
0000022c f1472900        688 	ld.hu	40[r17],r8
00000230 88460200        689 	ori	2,r8,r8
00000234 71472800        690 	st.h	r8,40[r17]
00000238 f23f0100        691 	ld.hu	0[r18],r7

                                                                      Page 13
                                                              C:\Users\nhuliyap\AppData\Local\Temp\gh_00006i81.s
0000023c c73efdff        692 	andi	65533,r7,r7
00000240 723f0000        693 	st.h	r7,0[r18]
00000244 7030            694 	sld.hu	0[ep],r6
00000246 86360200        695 	ori	2,r6,r6
0000024a 8034            696 	sst.h	r6,0[ep]
                         697 --	    .ef
                         698 .LDW53:
0000024c 7f00            699 	jmp	[lp]
                         700 	.type	_McalDio_CanInitFunction,@function
                         701 	.size	_McalDio_CanInitFunction,.-_McalDio_CanInitFunction
                         702 	.align	2
                         703 .LDW63:
                         704 
                         705 	.section ".bss","awb"
                         706 .L481:
                         707 	.type	.L481,@object
                         708 	.size	.L481,0
                         709 	.data
                         710 	.text
                         711 	.align	2
                         712 	.align	2
                         713 ..gh.f.f.1.e.9:
                         714 	.type	..gh.f.f.1.e.9,@object
                         715 	.size	..gh.f.f.1.e.9,0
                         716 	.global	_McalDio_input_read
                         717 _McalDio_input_read:
0000024e a600            718 	sxb	r6
                         719 --	    .bf
                         720 .LDW73:
00000250 e6f61800        721 	mulhi	24,r6,ep
00000254 c5f1            722 	add	r5,ep
00000256 9e0709800000*   723 	ld.w	rosdaoff23(_GPIO_List+12)[ep],r16
0000025c be0707780000*   724 	ld.hu	rosdaoff23(_GPIO_List+2)[ep],r15
00000262 f0870100        725 	ld.hu	0[r16],r16
00000266 ef87a288        726 	sar	r15,r16,r17
0000026a d1560100        727 	andi	1,r17,r10
                         728 --	    .ef
                         729 .LDW83:
0000026e 7f00            730 	jmp	[lp]
                         731 	.type	_McalDio_input_read,@function
                         732 	.size	_McalDio_input_read,.-_McalDio_input_read
                         733 	.align	2
                         734 .LDW93:
                         735 
                         736 --_PortPin	r6	param
                         737 
                         738 	.section ".bss","awb"
                         739 .L532:
                         740 	.type	.L532,@object
                         741 	.size	.L532,0
                         742 	.data
                         743 	.text
                         744 	.align	2
                         745 	.align	2
                         746 ..gh.f.f.1.e.10:
                         747 	.type	..gh.f.f.1.e.10,@object
                         748 	.size	..gh.f.f.1.e.10,0
                         749 	.global	_McalDio_GetFrequencySetting
                         750 _McalDio_GetFrequencySetting:
00000270 80072100        751 	prepare	{r31},0
                         752 --	    .bf

                                                                      Page 14
                                                              C:\Users\nhuliyap\AppData\Local\Temp\gh_00006i81.s
                         753 .LDW04:
00000274 20361100        754 	movea	17,zero,r6
                         755 	jarl	_McalDio_input_read,lp
                         755 <EXPANSION BEGIN>
                         755 jarl22 _McalDio_input_read , lp 
00000278 bfffd6ff*       755 <EXPANSION END>
0000027c 0a48            756 	mov	r10,r9
0000027e 8900            757 	zxb	r9
00000280 6152            758 	cmp	1,r10
00000282 e24f1453        759 	cmovne	2,r9,r10
                         760 --	    .ef
                         761 .LDW14:
                         762 --line177
                         763 ..lin.C.3A.5C_ECU2.5CECU_Rivian_A1.5CTarget.5Crepo_projects.5CpFOTA.5CcL_R2023.2E09.2E01.5Cmake.5Cobj.5CMcalDio.15::
                         764 .LDWlin15:
00000286 40063f00        765 	dispose	0,{r31},[lp]
                         766 	.type	_McalDio_GetFrequencySetting,@function
                         767 	.size	_McalDio_GetFrequencySetting,.-_McalDio_GetFrequencySetting
                         768 	.align	2
                         769 .LDW24:
                         770 --_ucRet	r10	local
                         771 
                         772 	.section ".bss","awb"
                         773 .L700:
                         774 	.type	.L700,@object
                         775 	.size	.L700,0
                         776 	.data
                         777 	.text
                         778 	.align	2
                         779 	.align	2
                         780 ..gh.f.f.1.e.11:
                         781 	.type	..gh.f.f.1.e.11,@object
                         782 	.size	..gh.f.f.1.e.11,0
                         783 	.global	_McalDio_output_on
                         784 _McalDio_output_on:
0000028a a600            785 	sxb	r6
                         786 --	    .bf
                         787 .LDW34:
0000028c e6f61800        788 	mulhi	24,r6,ep
00000290 0182            789 	mov	1,r16
00000292 c5f1            790 	add	r5,ep
00000294 be0707780000*   791 	ld.hu	rosdaoff23(_GPIO_List+2)[ep],r15
0000029a 9e0709f00000*   792 	ld.w	rosdaoff23(_GPIO_List+20)[ep],ep
000002a0 ef87c288        793 	shl	r15,r16,r17
000002a4 7090            794 	sld.hu	0[ep],r18
000002a6 1191            795 	or	r17,r18
000002a8 8094            796 	sst.h	r18,0[ep]
                         797 --	    .ef
                         798 .LDW44:
000002aa 7f00            799 	jmp	[lp]
                         800 	.type	_McalDio_output_on,@function
                         801 	.size	_McalDio_output_on,.-_McalDio_output_on
                         802 	.align	2
                         803 .LDW54:
                         804 
                         805 --_PortPin	r6	param
                         806 
                         807 	.section ".bss","awb"
                         808 .L753:
                         809 	.type	.L753,@object
                         810 	.size	.L753,0

                                                                      Page 15
                                                              C:\Users\nhuliyap\AppData\Local\Temp\gh_00006i81.s
                         811 	.data
                         812 	.text
                         813 	.align	2
                         814 	.align	2
                         815 ..gh.f.f.1.e.12:
                         816 	.type	..gh.f.f.1.e.12,@object
                         817 	.size	..gh.f.f.1.e.12,0
                         818 	.global	_TP3
                         819 _TP3:
000002ac 8600            820 	zxb	r6
                         821 --	    .bf
                         822 .LDW64:
000002ae 3e062400c1ff    823 	mov	-4128732,ep
000002b4 6132            824 	cmp	1,r6
000002b6 7088            825 	sld.hu	0[ep],r17
000002b8 ca05*           826 	bne	.L773
                         827 --line220
                         828 ..lin.C.3A.5C_ECU2.5CECU_Rivian_A1.5CTarget.5Crepo_projects.5CpFOTA.5CcL_R2023.2E09.2E01.5Cmake.5Cobj.5CMcalDio.16::
                         829 .LDWlin16:
000002ba 91960800        830 	ori	8,r17,r18
000002be b505*           831 	br	.L771
                         832 .L773:
                         833 --line223
                         834 ..lin.C.3A.5C_ECU2.5CECU_Rivian_A1.5CTarget.5Crepo_projects.5CpFOTA.5CcL_R2023.2E09.2E01.5Cmake.5Cobj.5CMcalDio.17::
                         835 .LDWlin17:
000002c0 d196f7ff        836 	andi	65527,r17,r18
                         837 .L771:
000002c4 8094            838 	sst.h	r18,0[ep]
                         839 --	    .ef
                         840 .LDW74:
000002c6 7f00            841 	jmp	[lp]
                         842 	.type	_TP3,@function
                         843 	.size	_TP3,.-_TP3
                         844 	.align	2
                         845 .LDW84:
                         846 
                         847 --_ucSet	r6	param
                         848 
                         849 	.section ".bss","awb"
                         850 .L811:
                         851 	.type	.L811,@object
                         852 	.size	.L811,0
                         853 	.data
                         854 	.text
                         855 	.align	2
                         856 	.align	2
                         857 ..gh.f.f.1.e.13:
                         858 	.type	..gh.f.f.1.e.13,@object
                         859 	.size	..gh.f.f.1.e.13,0
                         860 	.global	_TP2
                         861 _TP2:
000002c8 8600            862 	zxb	r6
                         863 --	    .bf
                         864 .LDW94:
000002ca 3e062400c1ff    865 	mov	-4128732,ep
000002d0 6132            866 	cmp	1,r6
000002d2 7088            867 	sld.hu	0[ep],r17
000002d4 ca05*           868 	bne	.L855
                         869 --line229
                         870 ..lin.C.3A.5C_ECU2.5CECU_Rivian_A1.5CTarget.5Crepo_projects.5CpFOTA.5CcL_R2023.2E09.2E01.5Cmake.5Cobj.5CMcalDio.18::
                         871 .LDWlin18:

                                                                      Page 16
                                                              C:\Users\nhuliyap\AppData\Local\Temp\gh_00006i81.s
000002d6 91960400        872 	ori	4,r17,r18
000002da b505*           873 	br	.L853
                         874 .L855:
                         875 --line232
                         876 ..lin.C.3A.5C_ECU2.5CECU_Rivian_A1.5CTarget.5Crepo_projects.5CpFOTA.5CcL_R2023.2E09.2E01.5Cmake.5Cobj.5CMcalDio.19::
                         877 .LDWlin19:
000002dc d196fbff        878 	andi	65531,r17,r18
                         879 .L853:
000002e0 8094            880 	sst.h	r18,0[ep]
                         881 --	    .ef
                         882 .LDW05:
000002e2 7f00            883 	jmp	[lp]
                         884 	.type	_TP2,@function
                         885 	.size	_TP2,.-_TP2
                         886 	.align	2
                         887 .LDW15:
                         888 
                         889 --_ucSet	r6	param
                         890 
                         891 	.section ".bss","awb"
                         892 .L891:
                         893 	.type	.L891,@object
                         894 	.size	.L891,0
                         895 	.data
                         896 	.text
                         897 	.align	2
                         898 	.align	2
                         899 ..gh.f.f.1.e.14:
                         900 	.type	..gh.f.f.1.e.14,@object
                         901 	.size	..gh.f.f.1.e.14,0
                         902 	.global	_TP1
                         903 _TP1:
000002e4 8600            904 	zxb	r6
                         905 --	    .bf
                         906 .LDW25:
000002e6 3e062400c1ff    907 	mov	-4128732,ep
000002ec 6132            908 	cmp	1,r6
000002ee 7088            909 	sld.hu	0[ep],r17
000002f0 ca05*           910 	bne	.L935
                         911 --line238
                         912 ..lin.C.3A.5C_ECU2.5CECU_Rivian_A1.5CTarget.5Crepo_projects.5CpFOTA.5CcL_R2023.2E09.2E01.5Cmake.5Cobj.5CMcalDio.20::
                         913 .LDWlin20:
000002f2 91960200        914 	ori	2,r17,r18
000002f6 b505*           915 	br	.L933
                         916 .L935:
                         917 --line241
                         918 ..lin.C.3A.5C_ECU2.5CECU_Rivian_A1.5CTarget.5Crepo_projects.5CpFOTA.5CcL_R2023.2E09.2E01.5Cmake.5Cobj.5CMcalDio.21::
                         919 .LDWlin21:
000002f8 d196fdff        920 	andi	65533,r17,r18
                         921 .L933:
000002fc 8094            922 	sst.h	r18,0[ep]
                         923 --	    .ef
                         924 .LDW35:
000002fe 7f00            925 	jmp	[lp]
                         926 	.type	_TP1,@function
                         927 	.size	_TP1,.-_TP1
                         928 	.align	2
                         929 .LDW45:
                         930 
                         931 --_ucSet	r6	param
                         932 

                                                                      Page 17
                                                              C:\Users\nhuliyap\AppData\Local\Temp\gh_00006i81.s
                         933 	.section ".bss","awb"
                         934 .L971:
                         935 	.type	.L971,@object
                         936 	.size	.L971,0
                         937 	.data
                         938 	.text
                         939 	.align	2
                         940 	.align	2
                         941 ..gh.f.f.1.e.15:
                         942 	.type	..gh.f.f.1.e.15,@object
                         943 	.size	..gh.f.f.1.e.15,0
                         944 	.global	_TP0
                         945 _TP0:
00000300 8600            946 	zxb	r6
                         947 --	    .bf
                         948 .LDW55:
00000302 3e062400c1ff    949 	mov	-4128732,ep
00000308 6132            950 	cmp	1,r6
0000030a 7090            951 	sld.hu	0[ep],r18
0000030c ba05*           952 	bne	.L1015
                         953 --line247
                         954 ..lin.C.3A.5C_ECU2.5CECU_Rivian_A1.5CTarget.5Crepo_projects.5CpFOTA.5CcL_R2023.2E09.2E01.5Cmake.5Cobj.5CMcalDio.22::
                         955 .LDWlin22:
0000030e 0691            956 	or	r6,r18
00000310 b505*           957 	br	.L1013
                         958 .L1015:
                         959 --line250
                         960 ..lin.C.3A.5C_ECU2.5CECU_Rivian_A1.5CTarget.5Crepo_projects.5CpFOTA.5CcL_R2023.2E09.2E01.5Cmake.5Cobj.5CMcalDio.23::
                         961 .LDWlin23:
00000312 d296feff        962 	andi	65534,r18,r18
                         963 .L1013:
00000316 8094            964 	sst.h	r18,0[ep]
                         965 --	    .ef
                         966 .LDW65:
00000318 7f00            967 	jmp	[lp]
                         968 	.type	_TP0,@function
                         969 	.size	_TP0,.-_TP0
                         970 	.align	2
                         971 .LDW75:
                         972 
                         973 --_ucSet	r6	param
                         974 
                         975 	.section ".bss","awb"
                         976 .L1171:
                         977 	.type	.L1171,@object
                         978 	.size	.L1171,0
                         979 	.data
                         980 	.text
                         981 	.align	2
                         982 --_P0	4290838528	import
                         983 --_P8	4290838560	import
                         984 --_P9	4290838564	import
                         985 --_P10	4290838568	import
                         986 --_PPR0	4290839040	import
                         987 --_PPR8	4290839072	import
                         988 --_PPR9	4290839076	import
                         989 --_PPR10	4290839080	import
                         990 --_PM0	4290839296	import
                         991 --_PM8	4290839328	import
                         992 --_PM9	4290839332	import
                         993 --_PM10	4290839336	import

                                                                      Page 18
                                                              C:\Users\nhuliyap\AppData\Local\Temp\gh_00006i81.s
                         994 --_PMC0	4290839552	import
                         995 --_PMC8	4290839584	import
                         996 --_PMC9	4290839588	import
                         997 --_PMC10	4290839592	import
                         998 --_PFC10	4290839848	import
                         999 --_PFCE10	4290840104	import
                        1000 --_PFCAE10	4290841128	import
                        1001 --_PIBC0	4290854912	import
                        1002 --_PIBC8	4290854944	import
                        1003 --_PIBC9	4290854948	import
                        1004 --_PIBC10	4290854952	import
                        1005 --_PU0	4290855680	import
                        1006 --_PU10	4290855720	import
                        1007 --_GPIO_List	rosdaoff23(_GPIO_List)	static
                        1008 
                        1009 	.data
                        1010 	.ghsnote version,17
                        1011 	.ghsnote tools,3
                        1012 	.ghsnote options,144
                        1013 	.text
                        1014 	.align	2
                        1015 ..eof.C.3A.5C_ECU2.5CECU_Rivian_A1.5CTarget.5Crepo_projects.5CpFOTA.5CcL_R2023.2E09.2E01.5Cmake.5Cobj.5CMcalDio...43.3A.5C_ECU2.5CECU_Rivian_A1.5CTarget.5Crepo_projects.5CpFOTA.5CcL_R2023.2E09.2E01.5Cmake..64F863DE..0::
                        1016 .rh850_flags REGMODE32,DATA_ALIGN8,GP_FIX,EP_NONFIX,TP_FIX,REG2_RESERVE,G3K,SDA_EXTRA_REGS_0
