                                                                      Page 1
                                                              C:\Users\nhuliyap\AppData\Local\Temp\gh_0000buk1.s
Command Line: C:\GHS\comp_201517\ease850.exe -w -stderr=err/PbCfgSwcServiceSecM.err -elf -b0 -I../source/_common -I../source/common -I../source/ecuabcanif -I../source/ecuabcantrcv -I../source/ecuabcryif -I../source/ecuabfee -I../source/ecuabmemif -I../source/libautosar -I../source/mcalcan -I../source/mcalcry -I../source/mcaldio -I../source/mcaleep -I../source/mcalfls -I../source/mcalmcu -I../source/projectara -I../source/projectcfg -I../source/projectcompiler -I../source/swcservicebswm -I../source/swcservicecantp -I../source/swcservicecomm -I../source/swcservicecsm -I../source/swcservicedcm -I../source/swcservicedem -I../source/swcservicedet -I../source/swcserviceecum -I../source/swcservicenvm -I../source/swcserviceos -I../source/swcservicepdur -I../source/swcserviceschm -I../source/swcservicestartup -I../source/wrappers/swcservicesecm -I../source/wrappers/vsecprim -I../source/wrappers/vstdlib -Ic:/ghs/comp_201517/ansi -Ic:/ghs/comp_201517/include/v800 -Igendata -IC:\GHS\comp_201517\lib\rh850 -cg_underscore -cpu=rh850g3k -nofpu -no_v850_simd -rh850_fpsimd=none -nomacro -patch_dbo=C:\_ECU2\ECU_Rivian_A1\Target\repo_projects\pFOTA\cL_R2023.09.01\make\obj\PbCfgSwcServiceSecM.dbo -source=PbCfgSwcServiceSecM.c -o obj\gh_0000buk1.o -list=lst/PbCfgSwcServiceSecM.lst C:\Users\nhuliyap\AppData\Local\Temp\gh_0000buk1.s 
Original File: C:\Users\nhuliyap\AppData\Local\Temp\gh_0000buk1.s
Source File: PbCfgSwcServiceSecM.c
Directory: C:\_ECU2\ECU_Rivian_A1\Target\repo_projects\pFOTA\cL_R2023.09.01\make
Host OS: Windows
EASE: Copyright (C) 1983-2015 Green Hills Software.  All Rights Reserved.
Release: Compiler v2015.1.7
Build Directory: [Directory] BTOWORKER6:c:/build_2015_1_bto/2015-10-21.2100-2015_1_bto/win32-comp-ecom
Revision: [VCInfo] http://toolsvc/branches/release-branch-70-bto/src@544153 (built by build)
Revision Date: Thu Oct 22 07:50:13 2015

Release Date: Thu Oct 22 09:32:32 2015

                           1 --Driver Command: ccrh850 -DBRS_DERIVATIVE_701018 -DBRS_OSC_CLK=16
                           2 --		-DBRS_TIMEBASE_CLOCK=80 -DBRS_EVA_BOARD_
                           3 --		-DBRS_DERIVATIVE_GROUP_F1L -DBRS_OS_USECASE_BRS
                           4 --		-DBRS_PLATFORM_RH850 -DBRS_COMP_GHS
                           5 --		-DBRS_CPU_LOCAL_RAM_SIZE_CORE0=32
                           6 --		-DBRS_CPU_RAM_START_CORE0=0xFEDF8000
                           7 --		-list=lst/PbCfgSwcServiceSecM.lst -object_dir=obj
                           8 --		-stderr=err/PbCfgSwcServiceSecM.err -c -cpu=rh850 -sda=all
                           9 --		-large_sda -prepare_dispose -pragma_asm_inline -no_callt
                          10 --		-inline_prologue -notda -reserve_r2 -fsoft
                          11 --		--unknown_pragma_warnings -list -g -Ogeneral -shortenum
                          12 --		-registermode=32 -I../source/_common -I../source/common
                          13 --		-I../source/ecuabcanif -I../source/ecuabcantrcv
                          14 --		-I../source/ecuabcryif -I../source/ecuabfee
                          15 --		-I../source/ecuabmemif -I../source/libautosar -I../source/mcalcan
                          16 --		-I../source/mcalcry -I../source/mcaldio -I../source/mcaleep
                          17 --		-I../source/mcalfls -I../source/mcalmcu -I../source/projectara
                          18 --		-I../source/projectcfg -I../source/projectcompiler
                          19 --		-I../source/swcservicebswm -I../source/swcservicecantp
                          20 --		-I../source/swcservicecomm -I../source/swcservicecsm
                          21 --		-I../source/swcservicedcm -I../source/swcservicedem
                          22 --		-I../source/swcservicedet -I../source/swcserviceecum
                          23 --		-I../source/swcservicenvm -I../source/swcserviceos
                          24 --		-I../source/swcservicepdur -I../source/swcserviceschm
                          25 --		-I../source/swcservicestartup -I../source/wrappers/swcservicesecm
                          26 --		-I../source/wrappers/vsecprim -I../source/wrappers/vstdlib
                          27 --		-Ic:/ghs/comp_201517/ansi -Ic:/ghs/comp_201517/include/v800
                          28 --		-Igendata ../source/ProjectCfg/PbCfgSwcServiceSecM.c
                          29 --Source File:   ../source/ProjectCfg/PbCfgSwcServiceSecM.c
                          30 --Directory:     
                          31 --		C:\_ECU2\ECU_Rivian_A1\Target\repo_projects\pFOTA\cL_R2023.09.01\make
                          32 --Compile Date:  Wed Sep 06 13:35:01 2023
                          33 --Host OS:       Win32
                          34 --Version:       C-RH850 2015.1.7 RELEASE VERSION
                          35 --Release:       Compiler v2015.1.7
                          36 --Revision Date: Thu Oct 22 08:06:12 2015
                          37 --Release Date:  Thu Oct 22 09:34:32 2015
                          38 -- ecom  -g -w -OM
                          39 	.text
                          40 ..bof.C.3A.5C_ECU2.5CECU_Rivian_A1.5CTarget.5Crepo_projects.5CpFOTA.5CcL_R2023.2E09.2E01.5Cmake.5Cobj.5CPbCfgSwcServiceSecM...43.3A.5C_ECU2.5CECU_Rivian_A1.5CTarget.5Crepo_projects.5CpFOTA.5CcL_R2023.2E09.2E01.5Cmake..64F863E5..0::
                          41 	.align	2
                          42 ..gh.f.f.1.e.0:
                          43 	.type	..gh.f.f.1.e.0,@object
                          44 	.size	..gh.f.f.1.e.0,0
                          45 	.global	_DecryptAes128
                          46 _DecryptAes128:
                          47 --	    .bf
                          48 .LDW01:
00000000 004a             49 	mov	0,r9
00000002 80070000*        50 	jr	_SecM_DecryptionUpdate

                                                                      Page 2
                                                              C:\Users\nhuliyap\AppData\Local\Temp\gh_0000buk1.s
                          51 --	    .ef
                          52 .LDW11:
                          53 	.type	_DecryptAes128,@function
                          54 	.size	_DecryptAes128,.-_DecryptAes128
                          55 	.align	2
                          56 .LDW21:
                          57 
                          58 --_pInBlock	r6	param
                          59 --_pOutBlock	r7	param
                          60 --_pDecParam	r8	param
                          61 
                          62 	.section ".bss","awb"
                          63 .L36:
                          64 	.type	.L36,@object
                          65 	.size	.L36,0
                          66 	.data
                          67 	.text
                          68 	.align	2
                          69 	.align	2
                          70 ..gh.f.f.1.e.1:
                          71 	.type	..gh.f.f.1.e.1,@object
                          72 	.size	..gh.f.f.1.e.1,0
                          73 	.global	_SecM_VerifyClass_DDD
                          74 _SecM_VerifyClass_DDD:
00000006 06f0             75 	mov	r6,ep
                          76 --	    .bf
                          77 .LDW31:
00000008 6c90             78 	sld.bu	12[ep],r18
0000000a 6192             79 	cmp	1,r18
0000000c 8a0d*            80 	bne	.L57
                          81 --line141
                          82 ..lin.C.3A.5C_ECU2.5CECU_Rivian_A1.5CTarget.5Crepo_projects.5CpFOTA.5CcL_R2023.2E09.2E01.5Cmake.5Cobj.5CPbCfgSwcServiceSecM.1::
                          83 .LDWlin1:
0000000e 310600000000*    84 	mov	sdaoff23(.L114),r17
00000014 20861800         85 	movea	24,zero,r16
00000018 018d             86 	sst.w	r17,0[ep]
0000001a 0385             87 	sst.w	r16,4[ep]
                          88 .L57:
0000001c 003a             89 	mov	0,r7
0000001e 80070000*        90 	jr	_SecM_VerifyCrc
                          91 --	    .ef
                          92 .LDW41:
                          93 	.type	_SecM_VerifyClass_DDD,@function
                          94 	.size	_SecM_VerifyClass_DDD,.-_SecM_VerifyClass_DDD
                          95 	.align	2
                          96 .LDW51:
                          97 --_crc32Param	sdaoff23(.L114)	static
                          98 
                          99 --_pVerifyParam	ep	param
                         100 
                         101 	.section ".bss","awb"
                         102 .L96:
                         103 	.type	.L96,@object
                         104 	.size	.L96,0
                         105 	.section ".sbss","awb"
                         106 	.align	4
                         107 	.global	_crc32Param.SecM_VerifyClass_DDD.C.3A.5C_ECU2.5CECU_Rivian_A1.5CTarget.5Crepo_projects.5CpFOTA.5CcL_R2023.2E09.2E01.5Cmake.5Cobj.5CPbCfgSwcServiceSecM..0
                         108 _crc32Param.SecM_VerifyClass_DDD.C.3A.5C_ECU2.5CECU_Rivian_A1.5CTarget.5Crepo_projects.5CpFOTA.5CcL_R2023.2E09.2E01.5Cmake.5Cobj.5CPbCfgSwcServiceSecM..0:
00000000 000000000000    109 .L114:	.space	24
00000006 000000000000 
0000000c 000000000000 

                                                                      Page 3
                                                              C:\Users\nhuliyap\AppData\Local\Temp\gh_0000buk1.s
00000012 000000000000 
                         110 	.type	_crc32Param.SecM_VerifyClass_DDD.C.3A.5C_ECU2.5CECU_Rivian_A1.5CTarget.5Crepo_projects.5CpFOTA.5CcL_R2023.2E09.2E01.5Cmake.5Cobj.5CPbCfgSwcServiceSecM..0,@object
                         111 	.size	_crc32Param.SecM_VerifyClass_DDD.C.3A.5C_ECU2.5CECU_Rivian_A1.5CTarget.5Crepo_projects.5CpFOTA.5CcL_R2023.2E09.2E01.5Cmake.5Cobj.5CPbCfgSwcServiceSecM..0,24
                         112 	.type	.L114,@object
                         113 	.size	.L114,24
                         114 	.data
                         115 	.text
                         116 	.align	2
                         117 	.align	2
                         118 ..gh.f.f.1.e.2:
                         119 	.type	..gh.f.f.1.e.2,@object
                         120 	.size	..gh.f.f.1.e.2,0
                         121 	.global	_SecM_Verify_ClassC
                         122 _SecM_Verify_ClassC:
                         123 --	    .bf
                         124 .LDW61:
00000022 003a            125 	mov	0,r7
00000024 80070000*       126 	jr	_SecM_VerifyMac
                         127 --	    .ef
                         128 .LDW71:
                         129 	.type	_SecM_Verify_ClassC,@function
                         130 	.size	_SecM_Verify_ClassC,.-_SecM_Verify_ClassC
                         131 	.align	2
                         132 .LDW81:
                         133 
                         134 --_pVerifyParam	r6	param
                         135 
                         136 	.section ".bss","awb"
                         137 .L164:
                         138 	.type	.L164,@object
                         139 	.size	.L164,0
                         140 	.data
                         141 	.text
                         142 	.align	2
                         143 	.align	2
                         144 ..gh.f.f.1.e.3:
                         145 	.type	..gh.f.f.1.e.3,@object
                         146 	.size	..gh.f.f.1.e.3,0
                         147 	.global	_SecM_VerifyClass_CCC
                         148 _SecM_VerifyClass_CCC:
                         149 --	    .bf
                         150 .LDW91:
00000028 003a            151 	mov	0,r7
0000002a 80070000*       152 	jr	_SecM_VerifySig
                         153 --	    .ef
                         154 .LDW02:
                         155 	.type	_SecM_VerifyClass_CCC,@function
                         156 	.size	_SecM_VerifyClass_CCC,.-_SecM_VerifyClass_CCC
                         157 	.align	2
                         158 .LDW12:
                         159 
                         160 --_pVerifyParam	r6	param
                         161 
                         162 	.section ".bss","awb"
                         163 .L212:
                         164 	.type	.L212,@object
                         165 	.size	.L212,0
                         166 	.data
                         167 	.text
                         168 	.align	2
                         169 	.align	2

                                                                      Page 4
                                                              C:\Users\nhuliyap\AppData\Local\Temp\gh_0000buk1.s
                         170 	.align	2
                         171 ..gh.f.f.1.e.4:
                         172 	.type	..gh.f.f.1.e.4,@object
                         173 	.size	..gh.f.f.1.e.4,0
                         174 	.global	_SecM_VerificationClassDDD
                         175 _SecM_VerificationClassDDD:
0000002e 96072300        176 	prepare	{r31},11,sp
                         177 --	    .bf
                         178 .LDW22:
00000032 330600000000*   179 	mov	rosdaoff23(_verifyConfigSmhSecurityClassDDDConfig),r19
00000038 23960c00        180 	movea	12,sp,r18
0000003c 018a            181 	mov	1,r17
0000003e 019d            182 	sst.w	r19,0[ep]
00000040 0395            183 	sst.w	r18,4[ep]
00000042 058d            184 	sst.w	r17,8[ep]
00000044 0338            185 	mov	sp,r7
                         186 	jarl	_SecM_VerificationBase,lp
                         186 <EXPANSION BEGIN>
                         186 jarl22 _SecM_VerificationBase , lp 
00000046 80ff0000*       186 <EXPANSION END>
                         187 --	    .ef
                         188 .LDW32:
                         189 --line157
                         190 ..lin.C.3A.5C_ECU2.5CECU_Rivian_A1.5CTarget.5Crepo_projects.5CpFOTA.5CcL_R2023.2E09.2E01.5Cmake.5Cobj.5CPbCfgSwcServiceSecM.2::
                         191 .LDWlin2:
0000004a 56063f00        192 	dispose	11,{r31},[lp]
                         193 	.type	_SecM_VerificationClassDDD,@function
                         194 	.size	_SecM_VerificationClassDDD,.-_SecM_VerificationClassDDD
                         195 	.align	2
                         196 .LDW42:
                         197 --_verifyContext	12[sp]	local
                         198 --_config	0[sp]	local
                         199 
                         200 --_pVerifyParam	r6	param
                         201 
                         202 	.section ".bss","awb"
                         203 .L260:
                         204 	.type	.L260,@object
                         205 	.size	.L260,0
                         206 	.section ".rosdata","a"
                         207 	.align	4
                         208 	.global	_SecM_KeyValueList_AesKey..C.3A.5C_ECU2.5CECU_Rivian_A1.5CTarget.5Crepo_projects.5CpFOTA.5CcL_R2023.2E09.2E01.5Cmake.5Cobj.5CPbCfgSwcServiceSecM.
                         209 _SecM_KeyValueList_AesKey..C.3A.5C_ECU2.5CECU_Rivian_A1.5CTarget.5Crepo_projects.5CpFOTA.5CcL_R2023.2E09.2E01.5Cmake.5Cobj.5CPbCfgSwcServiceSecM.:
00000000 00000000*       210 _SecM_KeyValueList_AesKey:	.word	rosdaoff23(_AesKeyKey)
00000004 1000            211 	.byte	16,0
00000006 0000            212 	.space	2
00000008 01000000        213 	.byte	1,0,0,0
0000000c 00000000*       214 	.word	rosdaoff23(_AesKeyIV)
00000010 1000            215 	.byte	16,0
00000012 0000            216 	.space	2
00000014 05000000        217 	.byte	5,0,0,0
                         218 	.type	_SecM_KeyValueList_AesKey..C.3A.5C_ECU2.5CECU_Rivian_A1.5CTarget.5Crepo_projects.5CpFOTA.5CcL_R2023.2E09.2E01.5Cmake.5Cobj.5CPbCfgSwcServiceSecM.,@object
                         219 	.size	_SecM_KeyValueList_AesKey..C.3A.5C_ECU2.5CECU_Rivian_A1.5CTarget.5Crepo_projects.5CpFOTA.5CcL_R2023.2E09.2E01.5Cmake.5Cobj.5CPbCfgSwcServiceSecM.,24
                         220 	.type	_SecM_KeyValueList_AesKey,@object
                         221 	.size	_SecM_KeyValueList_AesKey,24
                         222 	.global	_SecM_KeyValueList_ClassCCC_Rsa1024Key..C.3A.5C_ECU2.5CECU_Rivian_A1.5CTarget.5Crepo_projects.5CpFOTA.5CcL_R2023.2E09.2E01.5Cmake.5Cobj.5CPbCfgSwcServiceSecM.
                         223 _SecM_KeyValueList_ClassCCC_Rsa1024Key..C.3A.5C_ECU2.5CECU_Rivian_A1.5CTarget.5Crepo_projects.5CpFOTA.5CcL_R2023.2E09.2E01.5Cmake.5Cobj.5CPbCfgSwcServiceSecM.:
00000018 00000000*       224 _SecM_KeyValueList_ClassCCC_Rsa1024Key:	.word	rosdaoff23(_ClassCCC_Rsa1024KeyExp)
0000001c 0400            225 	.byte	4,0
0000001e 0000            226 	.space	2
00000020 a1000000        227 	.byte	161,0,0,0

                                                                      Page 5
                                                              C:\Users\nhuliyap\AppData\Local\Temp\gh_0000buk1.s
00000024 00000000*       228 	.word	rosdaoff23(_ClassCCC_Rsa1024KeyMod)
00000028 8000            229 	.byte	128,0
0000002a 0000            230 	.space	2
0000002c a0000000        231 	.byte	160,0,0,0
                         232 	.type	_SecM_KeyValueList_ClassCCC_Rsa1024Key..C.3A.5C_ECU2.5CECU_Rivian_A1.5CTarget.5Crepo_projects.5CpFOTA.5CcL_R2023.2E09.2E01.5Cmake.5Cobj.5CPbCfgSwcServiceSecM.,@object
                         233 	.size	_SecM_KeyValueList_ClassCCC_Rsa1024Key..C.3A.5C_ECU2.5CECU_Rivian_A1.5CTarget.5Crepo_projects.5CpFOTA.5CcL_R2023.2E09.2E01.5Cmake.5Cobj.5CPbCfgSwcServiceSecM.,24
                         234 	.type	_SecM_KeyValueList_ClassCCC_Rsa1024Key,@object
                         235 	.size	_SecM_KeyValueList_ClassCCC_Rsa1024Key,24
                         236 	.global	_SecM_KeyValueList_ClassCCC_Rsa2048Key..C.3A.5C_ECU2.5CECU_Rivian_A1.5CTarget.5Crepo_projects.5CpFOTA.5CcL_R2023.2E09.2E01.5Cmake.5Cobj.5CPbCfgSwcServiceSecM.
                         237 _SecM_KeyValueList_ClassCCC_Rsa2048Key..C.3A.5C_ECU2.5CECU_Rivian_A1.5CTarget.5Crepo_projects.5CpFOTA.5CcL_R2023.2E09.2E01.5Cmake.5Cobj.5CPbCfgSwcServiceSecM.:
00000030 00000000*       238 _SecM_KeyValueList_ClassCCC_Rsa2048Key:	.word	rosdaoff23(_ClassCCC_Rsa2048KeyExp)
00000034 0400            239 	.byte	4,0
00000036 0000            240 	.space	2
00000038 a1000000        241 	.byte	161,0,0,0
0000003c 00000000*       242 	.word	rosdaoff23(_ClassCCC_Rsa2048KeyMod)
00000040 0001            243 	.byte	0,1
00000042 0000            244 	.space	2
00000044 a0000000        245 	.byte	160,0,0,0
                         246 	.type	_SecM_KeyValueList_ClassCCC_Rsa2048Key..C.3A.5C_ECU2.5CECU_Rivian_A1.5CTarget.5Crepo_projects.5CpFOTA.5CcL_R2023.2E09.2E01.5Cmake.5Cobj.5CPbCfgSwcServiceSecM.,@object
                         247 	.size	_SecM_KeyValueList_ClassCCC_Rsa2048Key..C.3A.5C_ECU2.5CECU_Rivian_A1.5CTarget.5Crepo_projects.5CpFOTA.5CcL_R2023.2E09.2E01.5Cmake.5Cobj.5CPbCfgSwcServiceSecM.,24
                         248 	.type	_SecM_KeyValueList_ClassCCC_Rsa2048Key,@object
                         249 	.size	_SecM_KeyValueList_ClassCCC_Rsa2048Key,24
                         250 	.global	_SecM_KeyValueList_ClassCCC_Rsa3072Key..C.3A.5C_ECU2.5CECU_Rivian_A1.5CTarget.5Crepo_projects.5CpFOTA.5CcL_R2023.2E09.2E01.5Cmake.5Cobj.5CPbCfgSwcServiceSecM.
                         251 _SecM_KeyValueList_ClassCCC_Rsa3072Key..C.3A.5C_ECU2.5CECU_Rivian_A1.5CTarget.5Crepo_projects.5CpFOTA.5CcL_R2023.2E09.2E01.5Cmake.5Cobj.5CPbCfgSwcServiceSecM.:
00000048 00000000*       252 _SecM_KeyValueList_ClassCCC_Rsa3072Key:	.word	rosdaoff23(_ClassCCC_Rsa3072KeyExp)
0000004c 0400            253 	.byte	4,0
0000004e 0000            254 	.space	2
00000050 a1000000        255 	.byte	161,0,0,0
00000054 00000000*       256 	.word	rosdaoff23(_ClassCCC_Rsa3072KeyMod)
00000058 8001            257 	.byte	128,1
0000005a 0000            258 	.space	2
0000005c a0000000        259 	.byte	160,0,0,0
                         260 	.type	_SecM_KeyValueList_ClassCCC_Rsa3072Key..C.3A.5C_ECU2.5CECU_Rivian_A1.5CTarget.5Crepo_projects.5CpFOTA.5CcL_R2023.2E09.2E01.5Cmake.5Cobj.5CPbCfgSwcServiceSecM.,@object
                         261 	.size	_SecM_KeyValueList_ClassCCC_Rsa3072Key..C.3A.5C_ECU2.5CECU_Rivian_A1.5CTarget.5Crepo_projects.5CpFOTA.5CcL_R2023.2E09.2E01.5Cmake.5Cobj.5CPbCfgSwcServiceSecM.,24
                         262 	.type	_SecM_KeyValueList_ClassCCC_Rsa3072Key,@object
                         263 	.size	_SecM_KeyValueList_ClassCCC_Rsa3072Key,24
                         264 	.global	_verifyConfigSmhSecurityClassDDDConfig..C.3A.5C_ECU2.5CECU_Rivian_A1.5CTarget.5Crepo_projects.5CpFOTA.5CcL_R2023.2E09.2E01.5Cmake.5Cobj.5CPbCfgSwcServiceSecM.
                         265 _verifyConfigSmhSecurityClassDDDConfig..C.3A.5C_ECU2.5CECU_Rivian_A1.5CTarget.5Crepo_projects.5CpFOTA.5CcL_R2023.2E09.2E01.5Cmake.5Cobj.5CPbCfgSwcServiceSecM.:
00000060 00000000*       266 _verifyConfigSmhSecurityClassDDDConfig:	.word	_SecM_VerifyClass_DDD
00000064 0400            267 	.byte	4,0
00000066 0000            268 	.space	2
00000068 00000000        269 	.space	4
0000006c 04              270 	.byte	4
0000006d 000000          271 	.space	3
                         272 	.type	_verifyConfigSmhSecurityClassDDDConfig..C.3A.5C_ECU2.5CECU_Rivian_A1.5CTarget.5Crepo_projects.5CpFOTA.5CcL_R2023.2E09.2E01.5Cmake.5Cobj.5CPbCfgSwcServiceSecM.,@object
                         273 	.size	_verifyConfigSmhSecurityClassDDDConfig..C.3A.5C_ECU2.5CECU_Rivian_A1.5CTarget.5Crepo_projects.5CpFOTA.5CcL_R2023.2E09.2E01.5Cmake.5Cobj.5CPbCfgSwcServiceSecM.,16
                         274 	.type	_verifyConfigSmhSecurityClassDDDConfig,@object
                         275 	.size	_verifyConfigSmhSecurityClassDDDConfig,16
                         276 	.global	_verifyConfigSmhSecurityClassCConfig..C.3A.5C_ECU2.5CECU_Rivian_A1.5CTarget.5Crepo_projects.5CpFOTA.5CcL_R2023.2E09.2E01.5Cmake.5Cobj.5CPbCfgSwcServiceSecM.
                         277 _verifyConfigSmhSecurityClassCConfig..C.3A.5C_ECU2.5CECU_Rivian_A1.5CTarget.5Crepo_projects.5CpFOTA.5CcL_R2023.2E09.2E01.5Cmake.5Cobj.5CPbCfgSwcServiceSecM.:
00000070 00000000*       278 _verifyConfigSmhSecurityClassCConfig:	.word	_SecM_Verify_ClassC
00000074 1400            279 	.byte	20,0
00000076 0000            280 	.space	2
00000078 00000000        281 	.space	4
0000007c 05              282 	.byte	5
0000007d 000000          283 	.space	3
                         284 	.type	_verifyConfigSmhSecurityClassCConfig..C.3A.5C_ECU2.5CECU_Rivian_A1.5CTarget.5Crepo_projects.5CpFOTA.5CcL_R2023.2E09.2E01.5Cmake.5Cobj.5CPbCfgSwcServiceSecM.,@object
                         285 	.size	_verifyConfigSmhSecurityClassCConfig..C.3A.5C_ECU2.5CECU_Rivian_A1.5CTarget.5Crepo_projects.5CpFOTA.5CcL_R2023.2E09.2E01.5Cmake.5Cobj.5CPbCfgSwcServiceSecM.,16
                         286 	.type	_verifyConfigSmhSecurityClassCConfig,@object
                         287 	.size	_verifyConfigSmhSecurityClassCConfig,16
                         288 	.global	_verifyConfigSmhSecurityClassCCCConfig..C.3A.5C_ECU2.5CECU_Rivian_A1.5CTarget.5Crepo_projects.5CpFOTA.5CcL_R2023.2E09.2E01.5Cmake.5Cobj.5CPbCfgSwcServiceSecM.

                                                                      Page 6
                                                              C:\Users\nhuliyap\AppData\Local\Temp\gh_0000buk1.s
                         289 _verifyConfigSmhSecurityClassCCCConfig..C.3A.5C_ECU2.5CECU_Rivian_A1.5CTarget.5Crepo_projects.5CpFOTA.5CcL_R2023.2E09.2E01.5Cmake.5Cobj.5CPbCfgSwcServiceSecM.:
00000080 00000000*       290 _verifyConfigSmhSecurityClassCCCConfig:	.word	_SecM_VerifyClass_CCC
00000084 0001            291 	.byte	0,1
00000086 0000            292 	.space	2
00000088 00000000        293 	.space	4
0000008c 04              294 	.byte	4
0000008d 000000          295 	.space	3
                         296 	.type	_verifyConfigSmhSecurityClassCCCConfig..C.3A.5C_ECU2.5CECU_Rivian_A1.5CTarget.5Crepo_projects.5CpFOTA.5CcL_R2023.2E09.2E01.5Cmake.5Cobj.5CPbCfgSwcServiceSecM.,@object
                         297 	.size	_verifyConfigSmhSecurityClassCCCConfig..C.3A.5C_ECU2.5CECU_Rivian_A1.5CTarget.5Crepo_projects.5CpFOTA.5CcL_R2023.2E09.2E01.5Cmake.5Cobj.5CPbCfgSwcServiceSecM.,16
                         298 	.type	_verifyConfigSmhSecurityClassCCCConfig,@object
                         299 	.size	_verifyConfigSmhSecurityClassCCCConfig,16
                         300 	.global	_SecM_KeyValueList_ClassCCC_Ed25519Key..C.3A.5C_ECU2.5CECU_Rivian_A1.5CTarget.5Crepo_projects.5CpFOTA.5CcL_R2023.2E09.2E01.5Cmake.5Cobj.5CPbCfgSwcServiceSecM.
                         301 _SecM_KeyValueList_ClassCCC_Ed25519Key..C.3A.5C_ECU2.5CECU_Rivian_A1.5CTarget.5Crepo_projects.5CpFOTA.5CcL_R2023.2E09.2E01.5Cmake.5Cobj.5CPbCfgSwcServiceSecM.:
00000090 00000000*       302 _SecM_KeyValueList_ClassCCC_Ed25519Key:	.word	rosdaoff23(_ClassCCC_Ed25519Key)
00000094 2000            303 	.byte	32,0
00000096 0000            304 	.space	2
00000098 01000000        305 	.byte	1,0,0,0
                         306 	.type	_SecM_KeyValueList_ClassCCC_Ed25519Key..C.3A.5C_ECU2.5CECU_Rivian_A1.5CTarget.5Crepo_projects.5CpFOTA.5CcL_R2023.2E09.2E01.5Cmake.5Cobj.5CPbCfgSwcServiceSecM.,@object
                         307 	.size	_SecM_KeyValueList_ClassCCC_Ed25519Key..C.3A.5C_ECU2.5CECU_Rivian_A1.5CTarget.5Crepo_projects.5CpFOTA.5CcL_R2023.2E09.2E01.5Cmake.5Cobj.5CPbCfgSwcServiceSecM.,12
                         308 	.type	_SecM_KeyValueList_ClassCCC_Ed25519Key,@object
                         309 	.size	_SecM_KeyValueList_ClassCCC_Ed25519Key,12
                         310 	.global	_SecM_KeyValueList_ClassC_Key..C.3A.5C_ECU2.5CECU_Rivian_A1.5CTarget.5Crepo_projects.5CpFOTA.5CcL_R2023.2E09.2E01.5Cmake.5Cobj.5CPbCfgSwcServiceSecM.
                         311 _SecM_KeyValueList_ClassC_Key..C.3A.5C_ECU2.5CECU_Rivian_A1.5CTarget.5Crepo_projects.5CpFOTA.5CcL_R2023.2E09.2E01.5Cmake.5Cobj.5CPbCfgSwcServiceSecM.:
0000009c 00000000*       312 _SecM_KeyValueList_ClassC_Key:	.word	rosdaoff23(_ClassC_Key)
000000a0 1000            313 	.byte	16,0
000000a2 0000            314 	.space	2
000000a4 01000000        315 	.byte	1,0,0,0
                         316 	.type	_SecM_KeyValueList_ClassC_Key..C.3A.5C_ECU2.5CECU_Rivian_A1.5CTarget.5Crepo_projects.5CpFOTA.5CcL_R2023.2E09.2E01.5Cmake.5Cobj.5CPbCfgSwcServiceSecM.,@object
                         317 	.size	_SecM_KeyValueList_ClassC_Key..C.3A.5C_ECU2.5CECU_Rivian_A1.5CTarget.5Crepo_projects.5CpFOTA.5CcL_R2023.2E09.2E01.5Cmake.5Cobj.5CPbCfgSwcServiceSecM.,12
                         318 	.type	_SecM_KeyValueList_ClassC_Key,@object
                         319 	.size	_SecM_KeyValueList_ClassC_Key,12
                         320 	.data
                         321 	.text
                         322 	.align	2
                         323 	.align	2
                         324 ..gh.f.f.1.e.5:
                         325 	.type	..gh.f.f.1.e.5,@object
                         326 	.size	..gh.f.f.1.e.5,0
                         327 	.global	_SecM_Verification_ClassC
                         328 _SecM_Verification_ClassC:
0000004e 96072300        329 	prepare	{r31},11,sp
                         330 --	    .bf
                         331 .LDW52:
00000052 330600000000*   332 	mov	rosdaoff23(_verifyConfigSmhSecurityClassCConfig),r19
00000058 23960c00        333 	movea	12,sp,r18
0000005c 018a            334 	mov	1,r17
0000005e 019d            335 	sst.w	r19,0[ep]
00000060 0395            336 	sst.w	r18,4[ep]
00000062 058d            337 	sst.w	r17,8[ep]
00000064 0338            338 	mov	sp,r7
                         339 	jarl	_SecM_VerificationBase,lp
                         339 <EXPANSION BEGIN>
                         339 jarl22 _SecM_VerificationBase , lp 
00000066 80ff0000*       339 <EXPANSION END>
                         340 --	    .ef
                         341 .LDW62:
                         342 --line166
                         343 ..lin.C.3A.5C_ECU2.5CECU_Rivian_A1.5CTarget.5Crepo_projects.5CpFOTA.5CcL_R2023.2E09.2E01.5Cmake.5Cobj.5CPbCfgSwcServiceSecM.3::
                         344 .LDWlin3:
0000006a 56063f00        345 	dispose	11,{r31},[lp]
                         346 	.type	_SecM_Verification_ClassC,@function

                                                                      Page 7
                                                              C:\Users\nhuliyap\AppData\Local\Temp\gh_0000buk1.s
                         347 	.size	_SecM_Verification_ClassC,.-_SecM_Verification_ClassC
                         348 	.align	2
                         349 .LDW72:
                         350 --_verifyContext	12[sp]	local
                         351 --_config	0[sp]	local
                         352 
                         353 --_pVerifyParam	r6	param
                         354 
                         355 	.section ".bss","awb"
                         356 .L308:
                         357 	.type	.L308,@object
                         358 	.size	.L308,0
                         359 	.data
                         360 	.text
                         361 	.align	2
                         362 	.align	2
                         363 ..gh.f.f.1.e.6:
                         364 	.type	..gh.f.f.1.e.6,@object
                         365 	.size	..gh.f.f.1.e.6,0
                         366 	.global	_SecM_Verification_ClassCCC
                         367 _SecM_Verification_ClassCCC:
0000006e 96072300        368 	prepare	{r31},11,sp
                         369 --	    .bf
                         370 .LDW82:
00000072 330600000000*   371 	mov	rosdaoff23(_verifyConfigSmhSecurityClassCCCConfig),r19
00000078 23960c00        372 	movea	12,sp,r18
0000007c 018a            373 	mov	1,r17
0000007e 019d            374 	sst.w	r19,0[ep]
00000080 0395            375 	sst.w	r18,4[ep]
00000082 058d            376 	sst.w	r17,8[ep]
00000084 0338            377 	mov	sp,r7
                         378 	jarl	_SecM_VerificationBase,lp
                         378 <EXPANSION BEGIN>
                         378 jarl22 _SecM_VerificationBase , lp 
00000086 80ff0000*       378 <EXPANSION END>
                         379 --	    .ef
                         380 .LDW92:
                         381 --line175
                         382 ..lin.C.3A.5C_ECU2.5CECU_Rivian_A1.5CTarget.5Crepo_projects.5CpFOTA.5CcL_R2023.2E09.2E01.5Cmake.5Cobj.5CPbCfgSwcServiceSecM.4::
                         383 .LDWlin4:
0000008a 56063f00        384 	dispose	11,{r31},[lp]
                         385 	.type	_SecM_Verification_ClassCCC,@function
                         386 	.size	_SecM_Verification_ClassCCC,.-_SecM_Verification_ClassCCC
                         387 	.align	2
                         388 .LDW03:
                         389 --_verifyContext	12[sp]	local
                         390 --_config	0[sp]	local
                         391 
                         392 --_pVerifyParam	r6	param
                         393 
                         394 	.section ".bss","awb"
                         395 .L356:
                         396 	.type	.L356,@object
                         397 	.size	.L356,0
                         398 	.data
                         399 	.text
                         400 	.align	2
                         401 --_SecM_KeyValueList_AesKey	rosdaoff23(_SecM_KeyValueList_AesKey)	static
                         402 --_SecM_KeyValueList_ClassCCC_Ed25519Key	rosdaoff23(_SecM_KeyValueList_ClassCCC_Ed25519Key)	static
                         403 --_SecM_KeyValueList_ClassC_Key	rosdaoff23(_SecM_KeyValueList_ClassC_Key)	static
                         404 --_SecM_KeyValueList_ClassCCC_Rsa1024Key	rosdaoff23(_SecM_KeyValueList_ClassCCC_Rsa1024Key)	static

                                                                      Page 8
                                                              C:\Users\nhuliyap\AppData\Local\Temp\gh_0000buk1.s
                         405 --_SecM_KeyValueList_ClassCCC_Rsa2048Key	rosdaoff23(_SecM_KeyValueList_ClassCCC_Rsa2048Key)	static
                         406 --_SecM_KeyValueList_ClassCCC_Rsa3072Key	rosdaoff23(_SecM_KeyValueList_ClassCCC_Rsa3072Key)	static
                         407 --_verifyConfigSmhSecurityClassDDDConfig	rosdaoff23(_verifyConfigSmhSecurityClassDDDConfig)	static
                         408 --_verifyConfigSmhSecurityClassCConfig	rosdaoff23(_verifyConfigSmhSecurityClassCConfig)	static
                         409 --_verifyConfigSmhSecurityClassCCCConfig	rosdaoff23(_verifyConfigSmhSecurityClassCCCConfig)	static
                         410 
                         411 	.section ".rosdata","a"
                         412 	.global	_SecM_DecryptionPrimitives
000000a8 00000000*       413 _SecM_DecryptionPrimitives:	.word	_SecM_DecryptionJob
000000ac 00000000        414 	.space	4
                         415 	.type	_SecM_DecryptionPrimitives,@object
                         416 	.size	_SecM_DecryptionPrimitives,8
                         417 	.global	_ClassCCC_Rsa1024KeyExp
000000b0 00              418 _ClassCCC_Rsa1024KeyExp:	.space	1
000000b1 00              419 	.space	1
000000b2 9d85            420 	.byte	157,133
                         421 	.type	_ClassCCC_Rsa1024KeyExp,@object
                         422 	.size	_ClassCCC_Rsa1024KeyExp,4
                         423 	.global	_ClassCCC_Rsa2048KeyExp
000000b4 00              424 _ClassCCC_Rsa2048KeyExp:	.space	1
000000b5 01              425 	.byte	1
000000b6 00              426 	.space	1
000000b7 01              427 	.byte	1
                         428 	.type	_ClassCCC_Rsa2048KeyExp,@object
                         429 	.size	_ClassCCC_Rsa2048KeyExp,4
                         430 	.global	_ClassCCC_Rsa3072KeyExp
000000b8 00              431 _ClassCCC_Rsa3072KeyExp:	.space	1
000000b9 01              432 	.byte	1
000000ba 00              433 	.space	1
000000bb 01              434 	.byte	1
                         435 	.type	_ClassCCC_Rsa3072KeyExp,@object
                         436 	.size	_ClassCCC_Rsa3072KeyExp,4
                         437 	.global	_SecM_MacPrimitivesContextBuffs
000000bc 00000000        438 _SecM_MacPrimitivesContextBuffs:	.space	4
                         439 	.type	_SecM_MacPrimitivesContextBuffs,@object
                         440 	.size	_SecM_MacPrimitivesContextBuffs,4
                         441 	.global	_SecM_SignaturePrimitivesContextBuffs
000000c0 00000000        442 _SecM_SignaturePrimitivesContextBuffs:	.space	4
                         443 	.type	_SecM_SignaturePrimitivesContextBuffs,@object
                         444 	.size	_SecM_SignaturePrimitivesContextBuffs,4
                         445 	.global	_AesKeyKey
000000c4 00              446 _AesKeyKey:	.space	1
000000c5 11223344        447 	.byte	17,34,51,68
000000c9 55667788        448 	.byte	85,102,119,136
000000cd 99aabbcc        449 	.byte	153,170,187,204
000000d1 ddee            450 	.byte	221,238
000000d3 ff              451 	.byte	255
                         452 	.type	_AesKeyKey,@object
                         453 	.size	_AesKeyKey,16
                         454 	.global	_AesKeyIV
000000d4 00              455 _AesKeyIV:	.space	1
000000d5 00              456 	.space	1
000000d6 00              457 	.space	1
000000d7 00              458 	.space	1
000000d8 00              459 	.space	1
000000d9 00              460 	.space	1
000000da 00              461 	.space	1
000000db 00              462 	.space	1
000000dc 00              463 	.space	1
000000dd 00              464 	.space	1
000000de 00              465 	.space	1

                                                                      Page 9
                                                              C:\Users\nhuliyap\AppData\Local\Temp\gh_0000buk1.s
000000df 00              466 	.space	1
000000e0 00              467 	.space	1
000000e1 00              468 	.space	1
000000e2 00              469 	.space	1
000000e3 00              470 	.space	1
                         471 	.type	_AesKeyIV,@object
                         472 	.size	_AesKeyIV,16
                         473 	.global	_ClassCCC_Ed25519Key
000000e4 6f098767        474 _ClassCCC_Ed25519Key:	.byte	111,9,135,103
000000e8 6525dfd7        475 	.byte	101,37,223,215
000000ec b7cc1a73        476 	.byte	183,204,26,115
000000f0 63190dc1        477 	.byte	99,25,13,193
000000f4 36d7fae7        478 	.byte	54,215,250,231
000000f8 dc39e18a        479 	.byte	220,57,225,138
000000fc fffc7448        480 	.byte	255,252,116,72
00000100 4b05734a        481 	.byte	75,5,115,74
                         482 	.type	_ClassCCC_Ed25519Key,@object
                         483 	.size	_ClassCCC_Ed25519Key,32
                         484 	.global	_ClassC_Key
00000104 00              485 _ClassC_Key:	.space	1
00000105 11223344        486 	.byte	17,34,51,68
00000109 55667788        487 	.byte	85,102,119,136
0000010d 99aabbcc        488 	.byte	153,170,187,204
00000111 ddee            489 	.byte	221,238
00000113 ff              490 	.byte	255
                         491 	.type	_ClassC_Key,@object
                         492 	.size	_ClassC_Key,16
                         493 	.global	_SecM_CryptographicKeys
00000114 02              494 _SecM_CryptographicKeys:	.byte	2
00000115 000000          495 	.space	3
00000118 00000000*       496 	.word	rosdaoff23(_SecM_KeyValueList_AesKey)
0000011c 01              497 	.byte	1
0000011d 000000          498 	.space	3
00000120 00000000*       499 	.word	rosdaoff23(_SecM_KeyValueList_ClassCCC_Ed25519Key)
00000124 01              500 	.byte	1
00000125 000000          501 	.space	3
00000128 00000000*       502 	.word	rosdaoff23(_SecM_KeyValueList_ClassC_Key)
0000012c 02              503 	.byte	2
0000012d 000000          504 	.space	3
00000130 00000000*       505 	.word	rosdaoff23(_SecM_KeyValueList_ClassCCC_Rsa1024Key)
00000134 02              506 	.byte	2
00000135 000000          507 	.space	3
00000138 00000000*       508 	.word	rosdaoff23(_SecM_KeyValueList_ClassCCC_Rsa2048Key)
0000013c 02              509 	.byte	2
0000013d 000000          510 	.space	3
00000140 00000000*       511 	.word	rosdaoff23(_SecM_KeyValueList_ClassCCC_Rsa3072Key)
                         512 	.type	_SecM_CryptographicKeys,@object
                         513 	.size	_SecM_CryptographicKeys,48
                         514 	.global	_SecM_MacPrimitives
00000144 01000000        515 _SecM_MacPrimitives:	.byte	1,0,0,0
00000148 00000000        516 	.space	4
0000014c 00000000        517 	.space	4
00000150 00              518 	.space	1
00000151 00              519 	.space	1
00000152 0000            520 	.space	2
                         521 	.type	_SecM_MacPrimitives,@object
                         522 	.size	_SecM_MacPrimitives,16
                         523 	.global	_SecM_CrcPrimitives
00000154 00              524 _SecM_CrcPrimitives:	.space	1
00000155 000000          525 	.space	3
00000158 00000000*       526 	.word	_SecM_ComputeCrc32

                                                                      Page 10
                                                              C:\Users\nhuliyap\AppData\Local\Temp\gh_0000buk1.s
0000015c 04              527 	.byte	4
0000015d 00              528 	.space	1
0000015e 00              529 	.space	1
0000015f 00              530 	.space	1
                         531 	.type	_SecM_CrcPrimitives,@object
                         532 	.size	_SecM_CrcPrimitives,12
                         533 	.global	_SecM_SignaturePrimitives
00000160 02000000        534 _SecM_SignaturePrimitives:	.byte	2,0,0,0
00000164 ffffffff        535 	.byte	255,255,255,255
00000168 00000000        536 	.space	4
0000016c 0000            537 	.space	2
0000016e 0000            538 	.space	2
00000170 00000000        539 	.space	4
00000174 00000000        540 	.space	4
00000178 00              541 	.space	1
00000179 000000          542 	.space	3
                         543 	.type	_SecM_SignaturePrimitives,@object
                         544 	.size	_SecM_SignaturePrimitives,28
                         545 	.global	_ClassCCC_Rsa1024KeyMod
0000017c f7242f3b        546 _ClassCCC_Rsa1024KeyMod:	.byte	247,36,47,59
00000180 b8697ee5        547 	.byte	184,105,126,229
00000184 c3acaf80        548 	.byte	195,172,175,128
00000188 0ba1c84e        549 	.byte	11,161,200,78
0000018c 3c89ea37        550 	.byte	60,137,234,55
00000190 3987073d        551 	.byte	57,135,7,61
00000194 971e91f8        552 	.byte	151,30,145,248
00000198 3ad436f6        553 	.byte	58,212,54,246
0000019c 09bbbb8f        554 	.byte	9,187,187,143
000001a0 bf250398        555 	.byte	191,37,3,152
000001a4 860bb20c        556 	.byte	134,11,178,12
000001a8 630ba124        557 	.byte	99,11,161,36
000001ac d9348be0        558 	.byte	217,52,139,224
000001b0 ba61f943        559 	.byte	186,97,249,67
000001b4 6621205e        560 	.byte	102,33,32,94
000001b8 0289ae23        561 	.byte	2,137,174,35
000001bc 8ddabd16        562 	.byte	141,218,189,22
000001c0 ebb715ea        563 	.byte	235,183,21,234
000001c4 85ddb988        564 	.byte	133,221,185,136
000001c8 cc31d374        565 	.byte	204,49,211,116
000001cc d7c5800a        566 	.byte	215,197,128,10
000001d0 74f6da68        567 	.byte	116,246,218,104
000001d4 1106d0a6        568 	.byte	17,6,208,166
000001d8 3d50ba1f        569 	.byte	61,80,186,31
000001dc ea4fc202        570 	.byte	234,79,194,2
000001e0 950f582e        571 	.byte	149,15,88,46
000001e4 12e0baf6        572 	.byte	18,224,186,246
000001e8 ffe0f4c5        573 	.byte	255,224,244,197
000001ec e276a5aa        574 	.byte	226,118,165,170
000001f0 dae7b877        575 	.byte	218,231,184,119
000001f4 3476d09b        576 	.byte	52,118,208,155
000001f8 0b883a83        577 	.byte	11,136,58,131
                         578 	.type	_ClassCCC_Rsa1024KeyMod,@object
                         579 	.size	_ClassCCC_Rsa1024KeyMod,128
                         580 	.global	_ClassCCC_Rsa2048KeyMod
000001fc b1c5be46        581 _ClassCCC_Rsa2048KeyMod:	.byte	177,197,190,70
00000200 9a4f5609        582 	.byte	154,79,86,9
00000204 8b1b4ec0        583 	.byte	139,27,78,192
00000208 b51502b0        584 	.byte	181,21,2,176
0000020c e89c147a        585 	.byte	232,156,20,122
00000210 8f769708        586 	.byte	143,118,151,8
00000214 078d3aa3        587 	.byte	7,141,58,163

                                                                      Page 11
                                                              C:\Users\nhuliyap\AppData\Local\Temp\gh_0000buk1.s
00000218 95ec97cd        588 	.byte	149,236,151,205
0000021c 76848c9d        589 	.byte	118,132,140,157
00000220 9a6e            590 	.byte	154,110
00000222 00              591 	.space	1
00000223 c3f2c1cb        592 	.byte	195,242,193,203
00000227 e35aa5ff        593 	.byte	227,90,165,255
0000022b d9c06caa        594 	.byte	217,192,108,170
0000022f fde16a61        595 	.byte	253,225,106,97
00000233 bf06e415        596 	.byte	191,6,228,21
00000237 bda6d52b        597 	.byte	189,166,213,43
0000023b 5737188b        598 	.byte	87,55,24,139
0000023f 01b60929        599 	.byte	1,182,9,41
00000243 2f08af97        600 	.byte	47,8,175,151
00000247 60ed6231        601 	.byte	96,237,98,49
0000024b 6e              602 	.byte	110
0000024c 00              603 	.space	1
0000024d 6655631a        604 	.byte	102,85,99,26
00000251 7ef9b23d        605 	.byte	126,249,178,61
00000255 bdd4a5f4        606 	.byte	189,212,165,244
00000259 f6f6c87b        607 	.byte	246,246,200,123
0000025d 6575dc40        608 	.byte	101,117,220,64
00000261 d05e7545        609 	.byte	208,94,117,69
00000265 1dd39458        610 	.byte	29,211,148,88
00000269 3d89c923        611 	.byte	61,137,201,35
0000026d 80afb598        612 	.byte	128,175,181,152
00000271 c77564d1        613 	.byte	199,117,100,209
00000275 35281ca6        614 	.byte	53,40,28,166
00000279 9b725cd2        615 	.byte	155,114,92,210
0000027d 72dab478        616 	.byte	114,218,180,120
00000281 fe330df9        617 	.byte	254,51,13,249
00000285 d3136d57        618 	.byte	211,19,109,87
00000289 597f7f40        619 	.byte	89,127,127,64
0000028d e965edf3        620 	.byte	233,101,237,243
00000291 27c72986        621 	.byte	39,199,41,134
00000295 d8028606        622 	.byte	216,2,134,6
00000299 3cc9aa16        623 	.byte	60,201,170,22
0000029d 5bbd            624 	.byte	91,189
0000029f ce              625 	.byte	206
000002a0 00              626 	.space	1
000002a1 dc0e6744        627 	.byte	220,14,103,68
000002a5 5a62554d        628 	.byte	90,98,85,77
000002a9 66c75775        629 	.byte	102,199,87,117
000002ad 174f575c        630 	.byte	23,79,87,92
000002b1 a9e2f648        631 	.byte	169,226,246,72
000002b5 eba97f0b        632 	.byte	235,169,127,11
000002b9 261ba6df        633 	.byte	38,27,166,223
000002bd 918c535c        634 	.byte	145,140,83,92
000002c1 0430af04        635 	.byte	4,48,175,4
000002c5 5bad7f41        636 	.byte	91,173,127,65
000002c9 be01ee8f        637 	.byte	190,1,238,143
000002cd 891825d5        638 	.byte	137,24,37,213
000002d1 41434d8f        639 	.byte	65,67,77,143
000002d5 429fa74f        640 	.byte	66,159,167,79
000002d9 ac7af4a0        641 	.byte	172,122,244,160
000002dd 0d95f07d        642 	.byte	13,149,240,125
000002e1 1c7f5dfa        643 	.byte	28,127,93,250
000002e5 e94a468c        644 	.byte	233,74,70,140
000002e9 d5351e1b        645 	.byte	213,53,30,27
000002ed 0c15e9f5        646 	.byte	12,21,233,245
000002f1 2fa8f101        647 	.byte	47,168,241,1
000002f5 b17cf784        648 	.byte	177,124,247,132

                                                                      Page 12
                                                              C:\Users\nhuliyap\AppData\Local\Temp\gh_0000buk1.s
000002f9 632d            649 	.byte	99,45
000002fb 75              650 	.byte	117
                         651 	.type	_ClassCCC_Rsa2048KeyMod,@object
                         652 	.size	_ClassCCC_Rsa2048KeyMod,256
                         653 	.global	_ClassCCC_Rsa3072KeyMod
000002fc d27da65a        654 _ClassCCC_Rsa3072KeyMod:	.byte	210,125,166,90
00000300 f1be1b29        655 	.byte	241,190,27,41
00000304 38258ac8        656 	.byte	56,37,138,200
00000308 5ea5abbc        657 	.byte	94,165,171,188
0000030c be392969        658 	.byte	190,57,41,105
00000310 23562764        659 	.byte	35,86,39,100
00000314 f65eb017        660 	.byte	246,94,176,23
00000318 998d1710        661 	.byte	153,141,23,16
0000031c 5df62d9d        662 	.byte	93,246,45,157
00000320 8070f446        663 	.byte	128,112,244,70
00000324 22bb7488        664 	.byte	34,187,116,136
00000328 d19f65a6        665 	.byte	209,159,101,166
0000032c ef829fd5        666 	.byte	239,130,159,213
00000330 9cf02a70        667 	.byte	156,240,42,112
00000334 2c3216c0        668 	.byte	44,50,22,192
00000338 97bed866        669 	.byte	151,190,216,102
0000033c 65fe9252        670 	.byte	101,254,146,82
00000340 797982b9        671 	.byte	121,121,130,185
00000344 fe2f168a        672 	.byte	254,47,22,138
00000348 23ea16aa        673 	.byte	35,234,22,170
0000034c 7def98e1        674 	.byte	125,239,152,225
00000350 dc0a75db        675 	.byte	220,10,117,219
00000354 23ed625f        676 	.byte	35,237,98,95
00000358 506478d1        677 	.byte	80,100,120,209
0000035c 879887a4        678 	.byte	135,152,135,164
00000360 0b8c762e        679 	.byte	11,140,118,46
00000364 6e7693e7        680 	.byte	110,118,147,231
00000368 0b4642f8        681 	.byte	11,70,66,248
0000036c 63594842        682 	.byte	99,89,72,66
00000370 de66539a        683 	.byte	222,102,83,154
00000374 ba12b80e        684 	.byte	186,18,184,14
00000378 bda19d99        685 	.byte	189,161,157,153
0000037c d94f9ec6        686 	.byte	217,79,158,198
00000380 a18e9edc        687 	.byte	161,142,158,220
00000384 2eaf381d        688 	.byte	46,175,56,29
00000388 6a695df4        689 	.byte	106,105,93,244
0000038c 9e3006eb        690 	.byte	158,48,6,235
00000390 2f739467        691 	.byte	47,115,148,103
00000394 ba5d3407        692 	.byte	186,93,52,7
00000398 0e95dc61        693 	.byte	14,149,220,97
0000039c 8ba712d8        694 	.byte	139,167,18,216
000003a0 16c47a0d        695 	.byte	22,196,122,13
000003a4 2470b718        696 	.byte	36,112,183,24
000003a8 9acc403f        697 	.byte	154,204,64,63
000003ac c6e2572c        698 	.byte	198,226,87,44
000003b0 ad7e1e40        699 	.byte	173,126,30,64
000003b4 de715858        700 	.byte	222,113,88,88
000003b8 6ef34a80        701 	.byte	110,243,74,128
000003bc 6d2528bd        702 	.byte	109,37,40,189
000003c0 481b30e7        703 	.byte	72,27,48,231
000003c4 9d43            704 	.byte	157,67
000003c6 00              705 	.space	1
000003c7 52103be5        706 	.byte	82,16,59,229
000003cb a44c31c3        707 	.byte	164,76,49,195
000003cf e4ebf237        708 	.byte	228,235,242,55
000003d3 08fa4f04        709 	.byte	8,250,79,4

                                                                      Page 13
                                                              C:\Users\nhuliyap\AppData\Local\Temp\gh_0000buk1.s
000003d7 28c9fd14        710 	.byte	40,201,253,20
000003db 429014cb        711 	.byte	66,144,20,203
000003df 6486            712 	.byte	100,134
000003e1 00              713 	.space	1
000003e2 8b44a2a8        714 	.byte	139,68,162,168
000003e6 a1cc1462        715 	.byte	161,204,20,98
000003ea 96aa99cc        716 	.byte	150,170,153,204
000003ee 2e7b4d3c        717 	.byte	46,123,77,60
000003f2 f78e7103        718 	.byte	247,142,113,3
000003f6 37989054        719 	.byte	55,152,144,84
000003fa 5ff105ce        720 	.byte	95,241,5,206
000003fe 50e82ac5        721 	.byte	80,232,42,197
00000402 fef0a5df        722 	.byte	254,240,165,223
00000406 43cb3462        723 	.byte	67,203,52,98
0000040a 5427ba57        724 	.byte	84,39,186,87
0000040e e7f174bc        725 	.byte	231,241,116,188
00000412 1e3ada54        726 	.byte	30,58,218,84
00000416 d5f02b8a        727 	.byte	213,240,43,138
0000041a 7ebddb13        728 	.byte	126,189,219,19
0000041e c88a91c1        729 	.byte	200,138,145,193
00000422 f8fafddb        730 	.byte	248,250,253,219
00000426 0c67f170        731 	.byte	12,103,241,112
0000042a 05194a78        732 	.byte	5,25,74,120
0000042e 49afd914        733 	.byte	73,175,217,20
00000432 9115a529        734 	.byte	145,21,165,41
00000436 f882d164        735 	.byte	248,130,209,100
0000043a 29ac07f2        736 	.byte	41,172,7,242
0000043e 16b5648e        737 	.byte	22,181,100,142
00000442 bceb07ad        738 	.byte	188,235,7,173
00000446 ee0fe532        739 	.byte	238,15,229,50
0000044a 37bbe922        740 	.byte	55,187,233,34
0000044e 4a9d21b3        741 	.byte	74,157,33,179
00000452 53c15a2f        742 	.byte	83,193,90,47
00000456 03f454f9        743 	.byte	3,244,84,249
0000045a 02ce18d8        744 	.byte	2,206,24,216
0000045e 9f3b4c64        745 	.byte	159,59,76,100
00000462 186fc41d        746 	.byte	24,111,196,29
00000466 9fb2d2db        747 	.byte	159,178,210,219
0000046a 1f425a8c        748 	.byte	31,66,90,140
0000046e db7d9093        749 	.byte	219,125,144,147
00000472 800a0bbd        750 	.byte	128,10,11,189
00000476 3639975b        751 	.byte	54,57,151,91
0000047a d1ff            752 	.byte	209,255
                         753 	.type	_ClassCCC_Rsa3072KeyMod,@object
                         754 	.size	_ClassCCC_Rsa3072KeyMod,384
                         755 	.global	_SecM_JobInfo
0000047c 04              756 _SecM_JobInfo:	.byte	4
0000047d 000000          757 	.space	3
00000480 00000000        758 	.space	4
00000484 00000000        759 	.space	4
00000488 00000000        760 	.space	4
0000048c 01              761 	.byte	1
0000048d 000000          762 	.space	3
00000490 00000000        763 	.space	4
00000494 01              764 	.byte	1
00000495 000000          765 	.space	3
00000498 04000000        766 	.byte	4,0,0,0
0000049c 02000000        767 	.byte	2,0,0,0
000004a0 02000000        768 	.byte	2,0,0,0
000004a4 02              769 	.byte	2
000004a5 000000          770 	.space	3

                                                                      Page 14
                                                              C:\Users\nhuliyap\AppData\Local\Temp\gh_0000buk1.s
000004a8 00000000        771 	.space	4
000004ac 07              772 	.byte	7
000004ad 000000          773 	.space	3
000004b0 03000000        774 	.byte	3,0,0,0
000004b4 05000000        775 	.byte	5,0,0,0
000004b8 04000000        776 	.byte	4,0,0,0
000004bc 04              777 	.byte	4
000004bd 000000          778 	.space	3
000004c0 00000000        779 	.space	4
000004c4 00              780 	.space	1
000004c5 000000          781 	.space	3
000004c8 01000000        782 	.byte	1,0,0,0
000004cc 01000000        783 	.byte	1,0,0,0
000004d0 ffffffff        784 	.byte	255,255,255,255
000004d4 00              785 	.space	1
000004d5 000000          786 	.space	3
000004d8 00000000        787 	.space	4
                         788 	.type	_SecM_JobInfo,@object
                         789 	.size	_SecM_JobInfo,96
                         790 	.data
                         791 	.ghsnote version,17
                         792 	.ghsnote tools,3
                         793 	.ghsnote options,144
                         794 	.text
                         795 	.align	2
                         796 ..eof.C.3A.5C_ECU2.5CECU_Rivian_A1.5CTarget.5Crepo_projects.5CpFOTA.5CcL_R2023.2E09.2E01.5Cmake.5Cobj.5CPbCfgSwcServiceSecM...43.3A.5C_ECU2.5CECU_Rivian_A1.5CTarget.5Crepo_projects.5CpFOTA.5CcL_R2023.2E09.2E01.5Cmake..64F863E5..0::
                         797 .rh850_flags REGMODE32,DATA_ALIGN8,GP_FIX,EP_NONFIX,TP_FIX,REG2_RESERVE,G3K,SDA_EXTRA_REGS_0
