                                                                      Page 1
                                                              C:\Users\nhuliyap\AppData\Local\Temp\gh_0000d8g1.s
Command Line: C:\GHS\comp_201517\ease850.exe -w -stderr=err/Sec.err -elf -b0 -I../source/_common -I../source/common -I../source/ecuabcanif -I../source/ecuabcantrcv -I../source/ecuabcryif -I../source/ecuabfee -I../source/ecuabmemif -I../source/libautosar -I../source/mcalcan -I../source/mcalcry -I../source/mcaldio -I../source/mcaleep -I../source/mcalfls -I../source/mcalmcu -I../source/projectara -I../source/projectcfg -I../source/projectcompiler -I../source/swcservicebswm -I../source/swcservicecantp -I../source/swcservicecomm -I../source/swcservicecsm -I../source/swcservicedcm -I../source/swcservicedem -I../source/swcservicedet -I../source/swcserviceecum -I../source/swcservicenvm -I../source/swcserviceos -I../source/swcservicepdur -I../source/swcserviceschm -I../source/swcservicestartup -I../source/wrappers/swcservicesecm -I../source/wrappers/vsecprim -I../source/wrappers/vstdlib -Ic:/ghs/comp_201517/ansi -Ic:/ghs/comp_201517/include/v800 -Igendata -IC:\GHS\comp_201517\lib\rh850 -cg_underscore -cpu=rh850g3k -nofpu -no_v850_simd -rh850_fpsimd=none -nomacro -patch_dbo=C:\_ECU2\ECU_Rivian_A1\Target\repo_projects\pFOTA\cL_R2023.09.01\make\obj\Sec.dbo -source=Sec.c -o obj\gh_0000d8g1.o -list=lst/Sec.lst C:\Users\nhuliyap\AppData\Local\Temp\gh_0000d8g1.s 
Original File: C:\Users\nhuliyap\AppData\Local\Temp\gh_0000d8g1.s
Source File: Sec.c
Directory: C:\_ECU2\ECU_Rivian_A1\Target\repo_projects\pFOTA\cL_R2023.09.01\make
Host OS: Windows
EASE: Copyright (C) 1983-2015 Green Hills Software.  All Rights Reserved.
Release: Compiler v2015.1.7
Build Directory: [Directory] BTOWORKER6:c:/build_2015_1_bto/2015-10-21.2100-2015_1_bto/win32-comp-ecom
Revision: [VCInfo] http://toolsvc/branches/release-branch-70-bto/src@544153 (built by build)
Revision Date: Thu Oct 22 07:50:13 2015

Release Date: Thu Oct 22 09:32:32 2015

                           1 --Driver Command: ccrh850 -DBRS_DERIVATIVE_701018 -DBRS_OSC_CLK=16
                           2 --		-DBRS_TIMEBASE_CLOCK=80 -DBRS_EVA_BOARD_
                           3 --		-DBRS_DERIVATIVE_GROUP_F1L -DBRS_OS_USECASE_BRS
                           4 --		-DBRS_PLATFORM_RH850 -DBRS_COMP_GHS
                           5 --		-DBRS_CPU_LOCAL_RAM_SIZE_CORE0=32
                           6 --		-DBRS_CPU_RAM_START_CORE0=0xFEDF8000 -list=lst/Sec.lst
                           7 --		-object_dir=obj -stderr=err/Sec.err -c -cpu=rh850 -sda=all
                           8 --		-large_sda -prepare_dispose -pragma_asm_inline -no_callt
                           9 --		-inline_prologue -notda -reserve_r2 -fsoft
                          10 --		--unknown_pragma_warnings -list -g -Ogeneral -shortenum
                          11 --		-registermode=32 -I../source/_common -I../source/common
                          12 --		-I../source/ecuabcanif -I../source/ecuabcantrcv
                          13 --		-I../source/ecuabcryif -I../source/ecuabfee
                          14 --		-I../source/ecuabmemif -I../source/libautosar -I../source/mcalcan
                          15 --		-I../source/mcalcry -I../source/mcaldio -I../source/mcaleep
                          16 --		-I../source/mcalfls -I../source/mcalmcu -I../source/projectara
                          17 --		-I../source/projectcfg -I../source/projectcompiler
                          18 --		-I../source/swcservicebswm -I../source/swcservicecantp
                          19 --		-I../source/swcservicecomm -I../source/swcservicecsm
                          20 --		-I../source/swcservicedcm -I../source/swcservicedem
                          21 --		-I../source/swcservicedet -I../source/swcserviceecum
                          22 --		-I../source/swcservicenvm -I../source/swcserviceos
                          23 --		-I../source/swcservicepdur -I../source/swcserviceschm
                          24 --		-I../source/swcservicestartup -I../source/wrappers/swcservicesecm
                          25 --		-I../source/wrappers/vsecprim -I../source/wrappers/vstdlib
                          26 --		-Ic:/ghs/comp_201517/ansi -Ic:/ghs/comp_201517/include/v800
                          27 --		-Igendata ../source/wrappers/SwcServiceSecM/Sec.c
                          28 --Source File:   ../source/wrappers/SwcServiceSecM/Sec.c
                          29 --Directory:     
                          30 --		C:\_ECU2\ECU_Rivian_A1\Target\repo_projects\pFOTA\cL_R2023.09.01\make
                          31 --Compile Date:  Wed Sep 06 13:35:18 2023
                          32 --Host OS:       Win32
                          33 --Version:       C-RH850 2015.1.7 RELEASE VERSION
                          34 --Release:       Compiler v2015.1.7
                          35 --Revision Date: Thu Oct 22 08:06:12 2015
                          36 --Release Date:  Thu Oct 22 09:34:32 2015
                          37 -- ecom  -g -w -OM
                          38 	.text
                          39 ..bof.C.3A.5C_ECU2.5CECU_Rivian_A1.5CTarget.5Crepo_projects.5CpFOTA.5CcL_R2023.2E09.2E01.5Cmake.5Cobj.5CSec...43.3A.5C_ECU2.5CECU_Rivian_A1.5CTarget.5Crepo_projects.5CpFOTA.5CcL_R2023.2E09.2E01.5Cmake..64F863F6..0::
                          40 	.align	2
                          41 ..gh.f.f.1.e.0:
                          42 	.type	..gh.f.f.1.e.0,@object
                          43 	.size	..gh.f.f.1.e.0,0
                          44 	.global	_SecM_TimerTask..C.3A.5C_ECU2.5CECU_Rivian_A1.5CTarget.5Crepo_projects.5CpFOTA.5CcL_R2023.2E09.2E01.5Cmake.5Cobj.5CSec.
                          45 _SecM_TimerTask..C.3A.5C_ECU2.5CECU_Rivian_A1.5CTarget.5Crepo_projects.5CpFOTA.5CcL_R2023.2E09.2E01.5Cmake.5Cobj.5CSec.:
                          46 _SecM_TimerTask:
                          47 --	    .bf
                          48 .LDW01:
00000000 a40707900000*    49 	ld.hu	sdaoff23(_secTimer)[gp],r18
00000006 e091             50 	cmp	zero,r18

                                                                      Page 2
                                                              C:\Users\nhuliyap\AppData\Local\Temp\gh_0000d8g1.s
00000008 e205*            51 	be	.L2
                          52 --line33
                          53 ..lin.C.3A.5C_ECU2.5CECU_Rivian_A1.5CTarget.5Crepo_projects.5CpFOTA.5CcL_R2023.2E09.2E01.5Cmake.5Cobj.5CSec.1::
                          54 .LDWlin1:
0000000a 128effff         55 	addi	-1,r18,r17
0000000e a4070d880000*    56 	st.h	r17,sdaoff23(_secTimer)[gp]
                          57 .L2:
                          58 --	    .ef
                          59 .LDW11:
00000014 7f00             60 	jmp	[lp]
                          61 	.type	_SecM_TimerTask,@function
                          62 	.size	_SecM_TimerTask,.-_SecM_TimerTask
                          63 	.type	_SecM_TimerTask..C.3A.5C_ECU2.5CECU_Rivian_A1.5CTarget.5Crepo_projects.5CpFOTA.5CcL_R2023.2E09.2E01.5Cmake.5Cobj.5CSec.,@function
                          64 	.size	_SecM_TimerTask..C.3A.5C_ECU2.5CECU_Rivian_A1.5CTarget.5Crepo_projects.5CpFOTA.5CcL_R2023.2E09.2E01.5Cmake.5Cobj.5CSec.,.-_SecM_TimerTask..C.3A.5C_ECU2.5CECU_Rivian_A1.5CTarget.5Crepo_projects.5CpFOTA.5CcL_R2023.2E09.2E01.5Cmake.5Cobj.5CSec.
                          65 	.align	2
                          66 .LDW21:
                          67 
                          68 	.section ".bss","awb"
                          69 .L38:
                          70 	.type	.L38,@object
                          71 	.size	.L38,0
                          72 	.data
                          73 	.text
                          74 	.align	2
                          75 	.align	2
                          76 ..gh.f.f.1.e.1:
                          77 	.type	..gh.f.f.1.e.1,@object
                          78 	.size	..gh.f.f.1.e.1,0
                          79 	.global	_SecM_InitPowerOn
                          80 _SecM_InitPowerOn:
00000016 80072100         81 	prepare	{r31},0
                          82 --	    .bf
                          83 .LDW31:
                          84 	jarl	_SecM_InitPowerOnCRC,lp
                          84 <EXPANSION BEGIN>
                          84 jarl22 _SecM_InitPowerOnCRC , lp 
0000001a 80ff0000*        84 <EXPANSION END>
                          85 --line47
                          86 ..lin.C.3A.5C_ECU2.5CECU_Rivian_A1.5CTarget.5Crepo_projects.5CpFOTA.5CcL_R2023.2E09.2E01.5Cmake.5Cobj.5CSec.2::
                          87 .LDWlin2:
                          88 	jarl	_SecM_InitPowerOnVerification,lp
                          88 <EXPANSION BEGIN>
                          88 jarl22 _SecM_InitPowerOnVerification , lp 
0000001e 80ff0000*        88 <EXPANSION END>
                          89 --line49
                          90 ..lin.C.3A.5C_ECU2.5CECU_Rivian_A1.5CTarget.5Crepo_projects.5CpFOTA.5CcL_R2023.2E09.2E01.5Cmake.5Cobj.5CSec.3::
                          91 .LDWlin3:
00000022 0052             92 	mov	0,r10
                          93 --	    .ef
                          94 .LDW41:
00000024 40063f00         95 	dispose	0,{r31},[lp]
                          96 	.type	_SecM_InitPowerOn,@function
                          97 	.size	_SecM_InitPowerOn,.-_SecM_InitPowerOn
                          98 	.align	2
                          99 .LDW51:
                         100 
                         101 --_initParam	none	param
                         102 
                         103 	.section ".bss","awb"
                         104 .L97:
                         105 	.type	.L97,@object

                                                                      Page 3
                                                              C:\Users\nhuliyap\AppData\Local\Temp\gh_0000d8g1.s
                         106 	.size	.L97,0
                         107 	.data
                         108 	.text
                         109 	.align	2
                         110 	.align	2
                         111 ..gh.f.f.1.e.2:
                         112 	.type	..gh.f.f.1.e.2,@object
                         113 	.size	..gh.f.f.1.e.2,0
                         114 	.global	_SecM_Task
                         115 _SecM_Task:
                         116 --	    .bf
                         117 .LDW61:
00000028 bf07d8ff*       118 	jr	_SecM_TimerTask
                         119 --	    .ef
                         120 .LDW71:
                         121 	.type	_SecM_Task,@function
                         122 	.size	_SecM_Task,.-_SecM_Task
                         123 	.align	2
                         124 .LDW81:
                         125 
                         126 	.section ".bss","awb"
                         127 .L145:
                         128 	.type	.L145,@object
                         129 	.size	.L145,0
                         130 	.data
                         131 	.text
                         132 	.align	2
                         133 	.align	2
                         134 ..gh.f.f.1.e.3:
                         135 	.type	..gh.f.f.1.e.3,@object
                         136 	.size	..gh.f.f.1.e.3,0
                         137 	.global	_SecM_GetInteger
                         138 _SecM_GetInteger:
                         139 --	    .bf
                         140 .LDW91:
0000002c 0052            141 	mov	0,r10
0000002e 0a48            142 	mov	r10,r9
00000030 f505*           143 	br	.L166
                         144 .L168:
                         145 --line66
                         146 ..lin.C.3A.5C_ECU2.5CECU_Rivian_A1.5CTarget.5Crepo_projects.5CpFOTA.5CcL_R2023.2E09.2E01.5Cmake.5Cobj.5CSec.4::
                         147 .LDWlin4:
00000032 09f0            148 	mov	r9,ep
00000034 c7f1            149 	add	r7,ep
00000036 6098            150 	sld.bu	0[ep],r19
00000038 c852            151 	shl	8,r10
0000003a 414a            152 	add	1,r9
0000003c 1351            153 	or	r19,r10
                         154 .L166:
0000003e e649            155 	cmp	r6,r9
00000040 91fd*           156 	bl	.L168
                         157 --	    .ef
                         158 .LDW02:
                         159 --line71
                         160 ..lin.C.3A.5C_ECU2.5CECU_Rivian_A1.5CTarget.5Crepo_projects.5CpFOTA.5CcL_R2023.2E09.2E01.5Cmake.5Cobj.5CSec.5::
                         161 .LDWlin5:
00000042 7f00            162 	jmp	[lp]
                         163 	.type	_SecM_GetInteger,@function
                         164 	.size	_SecM_GetInteger,.-_SecM_GetInteger
                         165 	.align	2
                         166 .LDW12:

                                                                      Page 4
                                                              C:\Users\nhuliyap\AppData\Local\Temp\gh_0000d8g1.s
                         167 --_output	r10	local
                         168 --_index	r9	local
                         169 
                         170 --_count	r6	param
                         171 --_buffer	r7	param
                         172 
                         173 	.section ".bss","awb"
                         174 .L208:
                         175 	.type	.L208,@object
                         176 	.size	.L208,0
                         177 	.data
                         178 	.text
                         179 	.align	2
                         180 	.align	2
                         181 ..gh.f.f.1.e.4:
                         182 	.type	..gh.f.f.1.e.4,@object
                         183 	.size	..gh.f.f.1.e.4,0
                         184 	.global	_SecM_SetInteger
                         185 _SecM_SetInteger:
                         186 --	    .bf
                         187 .LDW22:
00000044 e505*           188 	br	.L255
                         189 .L257:
                         190 --line81
                         191 ..lin.C.3A.5C_ECU2.5CECU_Rivian_A1.5CTarget.5Crepo_projects.5CpFOTA.5CcL_R2023.2E09.2E01.5Cmake.5Cobj.5CSec.6::
                         192 .LDWlin6:
00000046 5f32            193 	add	-1,r6
00000048 06f0            194 	mov	r6,ep
0000004a c8f1            195 	add	r8,ep
0000004c 803b            196 	sst.b	r7,0[ep]
0000004e 883a            197 	shr	8,r7
                         198 .L255:
00000050 e031            199 	cmp	zero,r6
00000052 aafd*           200 	bne	.L257
                         201 --	    .ef
                         202 .LDW32:
                         203 --line87
                         204 ..lin.C.3A.5C_ECU2.5CECU_Rivian_A1.5CTarget.5Crepo_projects.5CpFOTA.5CcL_R2023.2E09.2E01.5Cmake.5Cobj.5CSec.7::
                         205 .LDWlin7:
00000054 7f00            206 	jmp	[lp]
                         207 	.type	_SecM_SetInteger,@function
                         208 	.size	_SecM_SetInteger,.-_SecM_SetInteger
                         209 	.align	2
                         210 .LDW42:
                         211 --_index	r6	local
                         212 --_localInput	r7	local
                         213 
                         214 --_count	r6	param
                         215 --_input	r7	param
                         216 --_buffer	r8	param
                         217 
                         218 	.section ".bss","awb"
                         219 .L299:
                         220 	.type	.L299,@object
                         221 	.size	.L299,0
                         222 	.data
                         223 	.text
                         224 	.align	2
                         225 	.align	2
                         226 ..gh.f.f.1.e.5:
                         227 	.type	..gh.f.f.1.e.5,@object

                                                                      Page 5
                                                              C:\Users\nhuliyap\AppData\Local\Temp\gh_0000d8g1.s
                         228 	.size	..gh.f.f.1.e.5,0
                         229 	.global	_SecM_CopyBuffer
                         230 _SecM_CopyBuffer:
00000056 c800            231 	zxh	r8
                         232 --	    .bf
                         233 .LDW52:
00000058 0092            234 	mov	0,r18
0000005a a50d*           235 	br	.L346
                         236 .L345:
                         237 --line93
                         238 ..lin.C.3A.5C_ECU2.5CECU_Rivian_A1.5CTarget.5Crepo_projects.5CpFOTA.5CcL_R2023.2E09.2E01.5Cmake.5Cobj.5CSec.8::
                         239 .LDWlin8:
0000005c 1288            240 	mov	r18,r17
0000005e c689            241 	add	r6,r17
00000060 919f0100        242 	ld.bu	0[r17],r19
00000064 12f0            243 	mov	r18,ep
00000066 c7f1            244 	add	r7,ep
00000068 4192            245 	add	1,r18
0000006a 809b            246 	sst.b	r19,0[ep]
0000006c d200            247 	zxh	r18
                         248 .L346:
0000006e e891            249 	cmp	r8,r18
00000070 e1f5*           250 	bl	.L345
                         251 --	    .ef
                         252 .LDW62:
                         253 --line95
                         254 ..lin.C.3A.5C_ECU2.5CECU_Rivian_A1.5CTarget.5Crepo_projects.5CpFOTA.5CcL_R2023.2E09.2E01.5Cmake.5Cobj.5CSec.9::
                         255 .LDWlin9:
00000072 7f00            256 	jmp	[lp]
                         257 	.type	_SecM_CopyBuffer,@function
                         258 	.size	_SecM_CopyBuffer,.-_SecM_CopyBuffer
                         259 	.align	2
                         260 .LDW72:
                         261 --_index	r18	local
                         262 
                         263 --_input	r6	param
                         264 --_output	r7	param
                         265 --_count	r8	param
                         266 
                         267 	.section ".bss","awb"
                         268 .L379:
                         269 	.type	.L379,@object
                         270 	.size	.L379,0
                         271 	.data
                         272 	.text
                         273 	.align	2
                         274 	.align	2
                         275 ..gh.f.f.1.e.6:
                         276 	.type	..gh.f.f.1.e.6,@object
                         277 	.size	..gh.f.f.1.e.6,0
                         278 	.global	_SecM_InitBuffer
                         279 _SecM_InitBuffer:
00000074 06f0            280 	mov	r6,ep
                         281 --	    .bf
                         282 .LDW82:
00000076 8204            283 	sst.h	zero,4[ep]
00000078 833c            284 	sst.h	r7,6[ep]
                         285 --	    .ef
                         286 .LDW92:
0000007a 7f00            287 	jmp	[lp]
                         288 	.type	_SecM_InitBuffer,@function

                                                                      Page 6
                                                              C:\Users\nhuliyap\AppData\Local\Temp\gh_0000d8g1.s
                         289 	.size	_SecM_InitBuffer,.-_SecM_InitBuffer
                         290 	.align	2
                         291 .LDW03:
                         292 
                         293 --_buff	ep	param
                         294 --_size	r7	param
                         295 
                         296 	.section ".bss","awb"
                         297 .L449:
                         298 	.type	.L449,@object
                         299 	.size	.L449,0
                         300 	.data
                         301 	.text
                         302 	.align	2
                         303 	.align	2
                         304 ..gh.f.f.1.e.7:
                         305 	.type	..gh.f.f.1.e.7,@object
                         306 	.size	..gh.f.f.1.e.7,0
                         307 	.global	_SecM_AccumulateBufferStore
                         308 _SecM_AccumulateBufferStore:
0000007c 8007e110        309 	prepare	{r27,r28,r29,r31},0
00000080 0790            310 	mov	r7,r18
                         311 --	    .bf
                         312 .LDW13:
00000082 06f0            313 	mov	r6,ep
00000084 7338            314 	sld.hu	6[ep],r7
00000086 7298            315 	sld.hu	4[ep],r19
00000088 f339            316 	cmp	r19,r7
0000008a da05*           317 	bne	.L469
                         318 --line107
                         319 ..lin.C.3A.5C_ECU2.5CECU_Rivian_A1.5CTarget.5Crepo_projects.5CpFOTA.5CcL_R2023.2E09.2E01.5Cmake.5Cobj.5CSec.10::
                         320 .LDWlin10:
0000008c 01e2            321 	mov	1,r28
0000008e 68070000        322 	st.h	zero,0[r8]
00000092 852d*           323 	br	.L471
                         324 .L469:
00000094 08d8            325 	mov	r8,r27
                         326 --line110
                         327 ..lin.C.3A.5C_ECU2.5CECU_Rivian_A1.5CTarget.5Crepo_projects.5CpFOTA.5CcL_R2023.2E09.2E01.5Cmake.5Cobj.5CSec.11::
                         328 .LDWlin11:
00000096 e8470100        329 	ld.hu	0[r8],r8
0000009a 06e8            330 	mov	r6,r29
0000009c b339            331 	sub	r19,r7
0000009e 1230            332 	mov	r18,r6
000000a0 e741            333 	cmp	r7,r8
000000a2 a715*           334 	ble	.L472
                         335 --line111
                         336 ..lin.C.3A.5C_ECU2.5CECU_Rivian_A1.5CTarget.5Crepo_projects.5CpFOTA.5CcL_R2023.2E09.2E01.5Cmake.5Cobj.5CSec.12::
                         337 .LDWlin12:
000000a4 0740            338 	mov	r7,r8
000000a6 c800            339 	zxh	r8
000000a8 7b470000        340 	st.h	r8,0[r27]
000000ac 7288            341 	sld.hu	4[ep],r17
000000ae 003d            342 	sld.w	0[ep],r7
000000b0 d139            343 	add	r17,r7
                         344 	jarl	_SecM_CopyBuffer,lp
                         344 <EXPANSION BEGIN>
                         344 jarl22 _SecM_CopyBuffer , lp 
000000b2 bfffa4ff*       344 <EXPANSION END>
                         345 --line113
                         346 ..lin.C.3A.5C_ECU2.5CECU_Rivian_A1.5CTarget.5Crepo_projects.5CpFOTA.5CcL_R2023.2E09.2E01.5Cmake.5Cobj.5CSec.13::

                                                                      Page 7
                                                              C:\Users\nhuliyap\AppData\Local\Temp\gh_0000d8g1.s
                         347 .LDWlin13:
000000b6 1df0            348 	mov	r29,ep
000000b8 7290            349 	sld.hu	4[ep],r18
000000ba fb870100        350 	ld.hu	0[r27],r16
000000be 01e2            351 	mov	1,r28
000000c0 d091            352 	add	r16,r18
000000c2 8294            353 	sst.h	r18,4[ep]
000000c4 f50d*           354 	br	.L471
                         355 .L472:
                         356 --line117
                         357 ..lin.C.3A.5C_ECU2.5CECU_Rivian_A1.5CTarget.5Crepo_projects.5CpFOTA.5CcL_R2023.2E09.2E01.5Cmake.5Cobj.5CSec.14::
                         358 .LDWlin14:
000000c6 e741            359 	cmp	r7,r8
000000c8 3d3f0100        360 	ld.w	0[r29],r7
000000cc e2e70000        361 	setfe	r28
000000d0 d339            362 	add	r19,r7
                         363 	jarl	_SecM_CopyBuffer,lp
                         363 <EXPANSION BEGIN>
                         363 jarl22 _SecM_CopyBuffer , lp 
000000d2 bfff84ff*       363 <EXPANSION END>
                         364 --line122
                         365 ..lin.C.3A.5C_ECU2.5CECU_Rivian_A1.5CTarget.5Crepo_projects.5CpFOTA.5CcL_R2023.2E09.2E01.5Cmake.5Cobj.5CSec.15::
                         366 .LDWlin15:
000000d6 1df0            367 	mov	r29,ep
000000d8 7288            368 	sld.hu	4[ep],r17
000000da fb970100        369 	ld.hu	0[r27],r18
000000de d289            370 	add	r18,r17
000000e0 828c            371 	sst.h	r17,4[ep]
                         372 .L471:
000000e2 1c50            373 	mov	r28,r10
                         374 --	    .ef
                         375 .LDW23:
000000e4 4006ff10        376 	dispose	0,{r27,r28,r29,r31},[lp]
                         377 	.type	_SecM_AccumulateBufferStore,@function
                         378 	.size	_SecM_AccumulateBufferStore,.-_SecM_AccumulateBufferStore
                         379 	.align	2
                         380 .LDW33:
                         381 --_result	r28	local
                         382 
                         383 --_buff	r29	param
                         384 --_src	r18	param
                         385 --_size	r27	param
                         386 
                         387 	.section ".bss","awb"
                         388 .L529:
                         389 	.type	.L529,@object
                         390 	.size	.L529,0
                         391 	.data
                         392 	.text
                         393 	.align	2
                         394 	.align	2
                         395 ..gh.f.f.1.e.8:
                         396 	.type	..gh.f.f.1.e.8,@object
                         397 	.size	..gh.f.f.1.e.8,0
                         398 	.global	_SecM_FifoBufferStore
                         399 _SecM_FifoBufferStore:
000000e8 8007e1f0        400 	prepare	{r24,r25,r26,r27,r28,r29,r31},0
000000ec 06e8            401 	mov	r6,r29
000000ee 08d8            402 	mov	r8,r27
000000f0 23d71d00        403 	ld.w	28[sp],r26
                         404 --	    .bf

                                                                      Page 8
                                                              C:\Users\nhuliyap\AppData\Local\Temp\gh_0000d8g1.s
                         405 .LDW43:
000000f4 06f0            406 	mov	r6,ep
000000f6 7340            407 	sld.hu	6[ep],r8
000000f8 7290            408 	sld.hu	4[ep],r18
000000fa fb9f0100        409 	ld.hu	0[r27],r19
000000fe 0888            410 	mov	r8,r17
00000100 b289            411 	sub	r18,r17
00000102 f389            412 	cmp	r19,r17
00000104 9615*           413 	blt	.L597
                         414 --line133
                         415 ..lin.C.3A.5C_ECU2.5CECU_Rivian_A1.5CTarget.5Crepo_projects.5CpFOTA.5CcL_R2023.2E09.2E01.5Cmake.5Cobj.5CSec.16::
                         416 .LDWlin16:
00000106 0730            417 	mov	r7,r6
00000108 3d3f0100        418 	ld.w	0[r29],r7
0000010c 1340            419 	mov	r19,r8
0000010e d239            420 	add	r18,r7
                         421 	jarl	_SecM_CopyBuffer,lp
                         421 <EXPANSION BEGIN>
                         421 jarl22 _SecM_CopyBuffer , lp 
00000110 bfff46ff*       421 <EXPANSION END>
                         422 --line134
                         423 ..lin.C.3A.5C_ECU2.5CECU_Rivian_A1.5CTarget.5Crepo_projects.5CpFOTA.5CcL_R2023.2E09.2E01.5Cmake.5Cobj.5CSec.17::
                         424 .LDWlin17:
00000114 1df0            425 	mov	r29,ep
00000116 7280            426 	sld.hu	4[ep],r16
00000118 fb8f0100        427 	ld.hu	0[r27],r17
0000011c d181            428 	add	r17,r16
0000011e 8284            429 	sst.h	r16,4[ep]
00000120 7a070000        430 	st.h	zero,0[r26]
00000124 f545*           431 	br	.L599
                         432 .L597:
00000126 07c0            433 	mov	r7,r24
                         434 --	    .bs
                         435 .LDW53:
                         436 --line141
                         437 ..lin.C.3A.5C_ECU2.5CECU_Rivian_A1.5CTarget.5Crepo_projects.5CpFOTA.5CcL_R2023.2E09.2E01.5Cmake.5Cobj.5CSec.18::
                         438 .LDWlin18:
00000128 f341            439 	cmp	r19,r8
0000012a f3473ce3        440 	cmovge	r19,r8,r28
0000012e 00ca            441 	mov	0,r25
00000130 e899            442 	cmp	r8,r19
00000132 c305*           443 	bnh	.L602
00000134 a899            444 	sub	r8,r19
00000136 13c8            445 	mov	r19,r25
00000138 d900            446 	zxh	r25
                         447 .L602:
                         448 --line144
                         449 ..lin.C.3A.5C_ECU2.5CECU_Rivian_A1.5CTarget.5Crepo_projects.5CpFOTA.5CcL_R2023.2E09.2E01.5Cmake.5Cobj.5CSec.19::
                         450 .LDWlin19:
0000013a 26370100        451 	ld.w	0[r6],r6
0000013e 0938            452 	mov	r9,r7
00000140 e8e1            453 	cmp	r8,r28
00000142 a925*           454 	bnl	.L603
                         455 --line146
                         456 ..lin.C.3A.5C_ECU2.5CECU_Rivian_A1.5CTarget.5Crepo_projects.5CpFOTA.5CcL_R2023.2E09.2E01.5Cmake.5Cobj.5CSec.20::
                         457 .LDWlin20:
00000144 dc91            458 	add	r28,r18
00000146 9241            459 	subr	r18,r8
00000148 c800            460 	zxh	r8
                         461 	jarl	_SecM_CopyBuffer,lp
                         461 <EXPANSION BEGIN>

                                                                      Page 9
                                                              C:\Users\nhuliyap\AppData\Local\Temp\gh_0000d8g1.s
                         461 jarl22 _SecM_CopyBuffer , lp 
0000014a bfff0cff*       461 <EXPANSION END>
                         462 --line147
                         463 ..lin.C.3A.5C_ECU2.5CECU_Rivian_A1.5CTarget.5Crepo_projects.5CpFOTA.5CcL_R2023.2E09.2E01.5Cmake.5Cobj.5CSec.21::
                         464 .LDWlin21:
0000014e 1df0            465 	mov	r29,ep
00000150 7288            466 	sld.hu	4[ep],r17
00000152 7380            467 	sld.hu	6[ep],r16
00000154 003d            468 	sld.w	0[ep],r7
00000156 dc89            469 	add	r28,r17
00000158 b089            470 	sub	r16,r17
0000015a 7a8f0000        471 	st.h	r17,0[r26]
0000015e 7290            472 	sld.hu	4[ep],r18
00000160 7340            473 	sld.hu	6[ep],r8
00000162 dc91            474 	add	r28,r18
00000164 1230            475 	mov	r18,r6
00000166 a831            476 	sub	r8,r6
00000168 c142            477 	shl	1,r8
0000016a b241            478 	sub	r18,r8
0000016c c731            479 	add	r7,r6
0000016e c800            480 	zxh	r8
                         481 	jarl	_SecM_CopyBuffer,lp
                         481 <EXPANSION BEGIN>
                         481 jarl22 _SecM_CopyBuffer , lp 
00000170 bfffe6fe*       481 <EXPANSION END>
                         482 --line149
                         483 ..lin.C.3A.5C_ECU2.5CECU_Rivian_A1.5CTarget.5Crepo_projects.5CpFOTA.5CcL_R2023.2E09.2E01.5Cmake.5Cobj.5CSec.22::
                         484 .LDWlin22:
00000174 1df0            485 	mov	r29,ep
00000176 7290            486 	sld.hu	4[ep],r18
00000178 7338            487 	sld.hu	6[ep],r7
0000017a d239            488 	add	r18,r7
0000017c dc91            489 	add	r28,r18
0000017e 8791            490 	subr	r7,r18
00000180 d200            491 	zxh	r18
00000182 8294            492 	sst.h	r18,4[ep]
00000184 950d*           493 	br	.L605
                         494 .L603:
                         495 --line153
                         496 ..lin.C.3A.5C_ECU2.5CECU_Rivian_A1.5CTarget.5Crepo_projects.5CpFOTA.5CcL_R2023.2E09.2E01.5Cmake.5Cobj.5CSec.23::
                         497 .LDWlin23:
                         498 	jarl	_SecM_CopyBuffer,lp
                         498 <EXPANSION BEGIN>
                         498 jarl22 _SecM_CopyBuffer , lp 
00000186 bfffd0fe*       498 <EXPANSION END>
                         499 --line154
                         500 ..lin.C.3A.5C_ECU2.5CECU_Rivian_A1.5CTarget.5Crepo_projects.5CpFOTA.5CcL_R2023.2E09.2E01.5Cmake.5Cobj.5CSec.24::
                         501 .LDWlin24:
0000018a 1df0            502 	mov	r29,ep
0000018c 7238            503 	sld.hu	4[ep],r7
0000018e 0092            504 	mov	0,r18
00000190 7a3f0000        505 	st.h	r7,0[r26]
00000194 8204            506 	sst.h	zero,4[ep]
                         507 .L605:
00000196 3d3f0100        508 	ld.w	0[r29],r7
0000019a 1930            509 	mov	r25,r6
0000019c d831            510 	add	r24,r6
0000019e 1c40            511 	mov	r28,r8
000001a0 d239            512 	add	r18,r7
                         513 	jarl	_SecM_CopyBuffer,lp
                         513 <EXPANSION BEGIN>

                                                                      Page 10
                                                              C:\Users\nhuliyap\AppData\Local\Temp\gh_0000d8g1.s
                         513 jarl22 _SecM_CopyBuffer , lp 
000001a2 bfffb4fe*       513 <EXPANSION END>
                         514 --line159
                         515 ..lin.C.3A.5C_ECU2.5CECU_Rivian_A1.5CTarget.5Crepo_projects.5CpFOTA.5CcL_R2023.2E09.2E01.5Cmake.5Cobj.5CSec.25::
                         516 .LDWlin25:
000001a6 1df0            517 	mov	r29,ep
000001a8 7288            518 	sld.hu	4[ep],r17
000001aa dc89            519 	add	r28,r17
000001ac 828c            520 	sst.h	r17,4[ep]
000001ae 7be70000        521 	st.h	r28,0[r27]
                         522 --	    .es
                         523 .LDW63:
                         524 .L599:
000001b2 0052            525 	mov	0,r10
                         526 --	    .ef
                         527 .LDW73:
000001b4 4006fff0        528 	dispose	0,{r24,r25,r26,r27,r28,r29,r31},[lp]
                         529 	.type	_SecM_FifoBufferStore,@function
                         530 	.size	_SecM_FifoBufferStore,.-_SecM_FifoBufferStore
                         531 	.align	2
                         532 .LDW83:
                         533 --_localTransferSize	r28	local
                         534 --_srcIdx	r25	local
                         535 
                         536 --_buff	r29	param
                         537 --_src	r24	param
                         538 --_srcSize	r27	param
                         539 --_flushBuff	r9	param
                         540 --_flushSize	r26	param
                         541 
                         542 	.section ".bss","awb"
                         543 .L681:
                         544 	.type	.L681,@object
                         545 	.size	.L681,0
                         546 	.data
                         547 	.text
                         548 	.align	2
                         549 
                         550 	.data
                         551 	.sbss	_secTimer,2,2
                         552 	.type	_secTimer,@object
                         553 	.size	_secTimer,2
                         554 	.ghsnote version,17
                         555 	.ghsnote tools,3
                         556 	.ghsnote options,144
                         557 	.text
                         558 	.align	2
                         559 ..eof.C.3A.5C_ECU2.5CECU_Rivian_A1.5CTarget.5Crepo_projects.5CpFOTA.5CcL_R2023.2E09.2E01.5Cmake.5Cobj.5CSec...43.3A.5C_ECU2.5CECU_Rivian_A1.5CTarget.5Crepo_projects.5CpFOTA.5CcL_R2023.2E09.2E01.5Cmake..64F863F6..0::
                         560 .rh850_flags REGMODE32,DATA_ALIGN8,GP_FIX,EP_NONFIX,TP_FIX,REG2_RESERVE,G3K,SDA_EXTRA_REGS_0
