                                                                      Page 1
                                                              C:\Users\nhuliyap\AppData\Local\Temp\gh_00001ho1.s
Command Line: C:\GHS\comp_201517\ease850.exe -w -stderr=err/Sec_SeedKeyVendor.err -elf -b0 -I../source/_common -I../source/common -I../source/ecuabcanif -I../source/ecuabcantrcv -I../source/ecuabcryif -I../source/ecuabfee -I../source/ecuabmemif -I../source/libautosar -I../source/mcalcan -I../source/mcalcry -I../source/mcaldio -I../source/mcaleep -I../source/mcalfls -I../source/mcalmcu -I../source/projectara -I../source/projectcfg -I../source/projectcompiler -I../source/swcservicebswm -I../source/swcservicecantp -I../source/swcservicecomm -I../source/swcservicecsm -I../source/swcservicedcm -I../source/swcservicedem -I../source/swcservicedet -I../source/swcserviceecum -I../source/swcservicenvm -I../source/swcserviceos -I../source/swcservicepdur -I../source/swcserviceschm -I../source/swcservicestartup -I../source/wrappers/swcservicesecm -I../source/wrappers/vsecprim -I../source/wrappers/vstdlib -Ic:/ghs/comp_201517/ansi -Ic:/ghs/comp_201517/include/v800 -Igendata -IC:\GHS\comp_201517\lib\rh850 -cg_underscore -cpu=rh850g3k -nofpu -no_v850_simd -rh850_fpsimd=none -nomacro -patch_dbo=C:\_ECU2\ECU_Rivian_A1\Target\repo_projects\pFOTA\cL_R2023.09.01\make\obj\Sec_SeedKeyVendor.dbo -source=Sec_SeedKeyVendor.c -o obj\gh_00001ho1.o -list=lst/Sec_SeedKeyVendor.lst C:\Users\nhuliyap\AppData\Local\Temp\gh_00001ho1.s 
Original File: C:\Users\nhuliyap\AppData\Local\Temp\gh_00001ho1.s
Source File: Sec_SeedKeyVendor.c
Directory: C:\_ECU2\ECU_Rivian_A1\Target\repo_projects\pFOTA\cL_R2023.09.01\make
Host OS: Windows
EASE: Copyright (C) 1983-2015 Green Hills Software.  All Rights Reserved.
Release: Compiler v2015.1.7
Build Directory: [Directory] BTOWORKER6:c:/build_2015_1_bto/2015-10-21.2100-2015_1_bto/win32-comp-ecom
Revision: [VCInfo] http://toolsvc/branches/release-branch-70-bto/src@544153 (built by build)
Revision Date: Thu Oct 22 07:50:13 2015

Release Date: Thu Oct 22 09:32:32 2015

                           1 --Driver Command: ccrh850 -DBRS_DERIVATIVE_701018 -DBRS_OSC_CLK=16
                           2 --		-DBRS_TIMEBASE_CLOCK=80 -DBRS_EVA_BOARD_
                           3 --		-DBRS_DERIVATIVE_GROUP_F1L -DBRS_OS_USECASE_BRS
                           4 --		-DBRS_PLATFORM_RH850 -DBRS_COMP_GHS
                           5 --		-DBRS_CPU_LOCAL_RAM_SIZE_CORE0=32
                           6 --		-DBRS_CPU_RAM_START_CORE0=0xFEDF8000
                           7 --		-list=lst/Sec_SeedKeyVendor.lst -object_dir=obj
                           8 --		-stderr=err/Sec_SeedKeyVendor.err -c -cpu=rh850 -sda=all
                           9 --		-large_sda -prepare_dispose -pragma_asm_inline -no_callt
                          10 --		-inline_prologue -notda -reserve_r2 -fsoft
                          11 --		--unknown_pragma_warnings -list -g -Ogeneral -shortenum
                          12 --		-registermode=32 -I../source/_common -I../source/common
                          13 --		-I../source/ecuabcanif -I../source/ecuabcantrcv
                          14 --		-I../source/ecuabcryif -I../source/ecuabfee
                          15 --		-I../source/ecuabmemif -I../source/libautosar -I../source/mcalcan
                          16 --		-I../source/mcalcry -I../source/mcaldio -I../source/mcaleep
                          17 --		-I../source/mcalfls -I../source/mcalmcu -I../source/projectara
                          18 --		-I../source/projectcfg -I../source/projectcompiler
                          19 --		-I../source/swcservicebswm -I../source/swcservicecantp
                          20 --		-I../source/swcservicecomm -I../source/swcservicecsm
                          21 --		-I../source/swcservicedcm -I../source/swcservicedem
                          22 --		-I../source/swcservicedet -I../source/swcserviceecum
                          23 --		-I../source/swcservicenvm -I../source/swcserviceos
                          24 --		-I../source/swcservicepdur -I../source/swcserviceschm
                          25 --		-I../source/swcservicestartup -I../source/wrappers/swcservicesecm
                          26 --		-I../source/wrappers/vsecprim -I../source/wrappers/vstdlib
                          27 --		-Ic:/ghs/comp_201517/ansi -Ic:/ghs/comp_201517/include/v800
                          28 --		-Igendata ../source/SwcServiceStartUp/Sec_SeedKeyVendor.c
                          29 --Source File:   ../source/SwcServiceStartUp/Sec_SeedKeyVendor.c
                          30 --Directory:     
                          31 --		C:\_ECU2\ECU_Rivian_A1\Target\repo_projects\pFOTA\cL_R2023.09.01\make
                          32 --Compile Date:  Wed Sep 06 13:35:23 2023
                          33 --Host OS:       Win32
                          34 --Version:       C-RH850 2015.1.7 RELEASE VERSION
                          35 --Release:       Compiler v2015.1.7
                          36 --Revision Date: Thu Oct 22 08:06:12 2015
                          37 --Release Date:  Thu Oct 22 09:34:32 2015
                          38 -- ecom  -g -w -OM
                          39 	.text
                          40 ..bof.C.3A.5C_ECU2.5CECU_Rivian_A1.5CTarget.5Crepo_projects.5CpFOTA.5CcL_R2023.2E09.2E01.5Cmake.5Cobj.5CSec_SeedKeyVendor...43.3A.5C_ECU2.5CECU_Rivian_A1.5CTarget.5Crepo_projects.5CpFOTA.5CcL_R2023.2E09.2E01.5Cmake..64F863FC..0::
                          41 	.align	2
                          42 ..gh.f.f.1.e.0:
                          43 	.type	..gh.f.f.1.e.0,@object
                          44 	.size	..gh.f.f.1.e.0,0
                          45 	.global	_SecM_ComputeKeyVendor
                          46 _SecM_ComputeKeyVendor:
00000000 8607e100         47 	prepare	{r28,r29,r31},3
00000004 06e8             48 	mov	r6,r29
00000006 08e0             49 	mov	r8,r28
                          50 --	    .bf

                                                                      Page 2
                                                              C:\Users\nhuliyap\AppData\Local\Temp\gh_00001ho1.s
                          51 .LDW01:
00000008 0432             52 	mov	4,r6
0000000a 23460400         53 	movea	4,sp,r8
                          54 	jarl	_SecM_SetInteger,lp
                          54 <EXPANSION BEGIN>
                          54 jarl22 _SecM_SetInteger , lp 
0000000e 80ff0000*        54 <EXPANSION END>
                          55 --line106
                          56 ..lin.C.3A.5C_ECU2.5CECU_Rivian_A1.5CTarget.5Crepo_projects.5CpFOTA.5CcL_R2023.2E09.2E01.5Cmake.5Cobj.5CSec_SeedKeyVendor.1::
                          57 .LDWlin1:
00000012 239e0a00         58 	movea	10,sp,r19
00000016 203e1000         59 	movea	16,zero,r7
0000001a 1d30             60 	mov	r29,r6
0000001c 1c40             61 	mov	r28,r8
0000001e 639f0100         62 	st.w	r19,0[sp]
00000022 0748             63 	mov	r7,r9
                          64 	jarl	_SECA_ComputeKeyFromSeed,lp
                          64 <EXPANSION BEGIN>
                          64 jarl22 _SECA_ComputeKeyFromSeed , lp 
00000024 80ff0000*        64 <EXPANSION END>
                          65 --line139
                          66 ..lin.C.3A.5C_ECU2.5CECU_Rivian_A1.5CTarget.5Crepo_projects.5CpFOTA.5CcL_R2023.2E09.2E01.5Cmake.5Cobj.5CSec_SeedKeyVendor.2::
                          67 .LDWlin2:
00000028 0052             68 	mov	0,r10
                          69 --	    .ef
                          70 .LDW11:
0000002a 4606ff00         71 	dispose	3,{r28,r29,r31},[lp]
                          72 	.type	_SecM_ComputeKeyVendor,@function
                          73 	.size	_SecM_ComputeKeyVendor,.-_SecM_ComputeKeyVendor
                          74 	.align	2
                          75 .LDW21:
                          76 --_byteConstant	4[sp]	local
                          77 --_ucSizeKey	10[sp]	local
                          78 
                          79 --_inputSeed	r29	param
                          80 --_constant	r7	param
                          81 --_computedKey	r28	param
                          82 
                          83 	.section ".bss","awb"
                          84 .L33:
                          85 	.type	.L33,@object
                          86 	.size	.L33,0
                          87 	.data
                          88 	.text
                          89 	.align	2
                          90 
                          91 	.data
                          92 	.ghsnote version,17
                          93 	.ghsnote tools,3
                          94 	.ghsnote options,144
                          95 	.text
                          96 	.align	2
                          97 ..eof.C.3A.5C_ECU2.5CECU_Rivian_A1.5CTarget.5Crepo_projects.5CpFOTA.5CcL_R2023.2E09.2E01.5Cmake.5Cobj.5CSec_SeedKeyVendor...43.3A.5C_ECU2.5CECU_Rivian_A1.5CTarget.5Crepo_projects.5CpFOTA.5CcL_R2023.2E09.2E01.5Cmake..64F863FC..0::
                          98 .rh850_flags REGMODE32,DATA_ALIGN8,GP_FIX,EP_NONFIX,TP_FIX,REG2_RESERVE,G3K,SDA_EXTRA_REGS_0
