                                                                      Page 1
                                                              C:\Users\nhuliyap\AppData\Local\Temp\gh_00000no1.s
Command Line: C:\GHS\comp_201517\ease850.exe -w -stderr=err/SUPPLIER1_Seca.err -elf -b0 -I../source/_common -I../source/common -I../source/ecuabcanif -I../source/ecuabcantrcv -I../source/ecuabcryif -I../source/ecuabfee -I../source/ecuabmemif -I../source/libautosar -I../source/mcalcan -I../source/mcalcry -I../source/mcaldio -I../source/mcaleep -I../source/mcalfls -I../source/mcalmcu -I../source/projectara -I../source/projectcfg -I../source/projectcompiler -I../source/swcservicebswm -I../source/swcservicecantp -I../source/swcservicecomm -I../source/swcservicecsm -I../source/swcservicedcm -I../source/swcservicedem -I../source/swcservicedet -I../source/swcserviceecum -I../source/swcservicenvm -I../source/swcserviceos -I../source/swcservicepdur -I../source/swcserviceschm -I../source/swcservicestartup -I../source/wrappers/swcservicesecm -I../source/wrappers/vsecprim -I../source/wrappers/vstdlib -Ic:/ghs/comp_201517/ansi -Ic:/ghs/comp_201517/include/v800 -Igendata -IC:\GHS\comp_201517\lib\rh850 -cg_underscore -cpu=rh850g3k -nofpu -no_v850_simd -rh850_fpsimd=none -nomacro -patch_dbo=C:\_ECU2\ECU_Rivian_A1\Target\repo_projects\pFOTA\cL_R2023.09.01\make\obj\SUPPLIER1_Seca.dbo -source=SUPPLIER1_Seca.c -o obj\gh_00000no1.o -list=lst/SUPPLIER1_Seca.lst C:\Users\nhuliyap\AppData\Local\Temp\gh_00000no1.s 
Original File: C:\Users\nhuliyap\AppData\Local\Temp\gh_00000no1.s
Source File: SUPPLIER1_Seca.c
Directory: C:\_ECU2\ECU_Rivian_A1\Target\repo_projects\pFOTA\cL_R2023.09.01\make
Host OS: Windows
EASE: Copyright (C) 1983-2015 Green Hills Software.  All Rights Reserved.
Release: Compiler v2015.1.7
Build Directory: [Directory] BTOWORKER6:c:/build_2015_1_bto/2015-10-21.2100-2015_1_bto/win32-comp-ecom
Revision: [VCInfo] http://toolsvc/branches/release-branch-70-bto/src@544153 (built by build)
Revision Date: Thu Oct 22 07:50:13 2015

Release Date: Thu Oct 22 09:32:32 2015

                           1 --Driver Command: ccrh850 -DBRS_DERIVATIVE_701018 -DBRS_OSC_CLK=16
                           2 --		-DBRS_TIMEBASE_CLOCK=80 -DBRS_EVA_BOARD_
                           3 --		-DBRS_DERIVATIVE_GROUP_F1L -DBRS_OS_USECASE_BRS
                           4 --		-DBRS_PLATFORM_RH850 -DBRS_COMP_GHS
                           5 --		-DBRS_CPU_LOCAL_RAM_SIZE_CORE0=32
                           6 --		-DBRS_CPU_RAM_START_CORE0=0xFEDF8000 -list=lst/SUPPLIER1_Seca.lst
                           7 --		-object_dir=obj -stderr=err/SUPPLIER1_Seca.err -c -cpu=rh850
                           8 --		-sda=all -large_sda -prepare_dispose -pragma_asm_inline -no_callt
                           9 --		-inline_prologue -notda -reserve_r2 -fsoft
                          10 --		--unknown_pragma_warnings -list -g -Ogeneral -shortenum
                          11 --		-registermode=32 -I../source/_common -I../source/common
                          12 --		-I../source/ecuabcanif -I../source/ecuabcantrcv
                          13 --		-I../source/ecuabcryif -I../source/ecuabfee
                          14 --		-I../source/ecuabmemif -I../source/libautosar -I../source/mcalcan
                          15 --		-I../source/mcalcry -I../source/mcaldio -I../source/mcaleep
                          16 --		-I../source/mcalfls -I../source/mcalmcu -I../source/projectara
                          17 --		-I../source/projectcfg -I../source/projectcompiler
                          18 --		-I../source/swcservicebswm -I../source/swcservicecantp
                          19 --		-I../source/swcservicecomm -I../source/swcservicecsm
                          20 --		-I../source/swcservicedcm -I../source/swcservicedem
                          21 --		-I../source/swcservicedet -I../source/swcserviceecum
                          22 --		-I../source/swcservicenvm -I../source/swcserviceos
                          23 --		-I../source/swcservicepdur -I../source/swcserviceschm
                          24 --		-I../source/swcservicestartup -I../source/wrappers/swcservicesecm
                          25 --		-I../source/wrappers/vsecprim -I../source/wrappers/vstdlib
                          26 --		-Ic:/ghs/comp_201517/ansi -Ic:/ghs/comp_201517/include/v800
                          27 --		-Igendata ../source/SwcServiceStartUp/SUPPLIER1_Seca.c
                          28 --Source File:   ../source/SwcServiceStartUp/SUPPLIER1_Seca.c
                          29 --Directory:     
                          30 --		C:\_ECU2\ECU_Rivian_A1\Target\repo_projects\pFOTA\cL_R2023.09.01\make
                          31 --Compile Date:  Wed Sep 06 13:35:17 2023
                          32 --Host OS:       Win32
                          33 --Version:       C-RH850 2015.1.7 RELEASE VERSION
                          34 --Release:       Compiler v2015.1.7
                          35 --Revision Date: Thu Oct 22 08:06:12 2015
                          36 --Release Date:  Thu Oct 22 09:34:32 2015
                          37 -- ecom  -g -w -OM
                          38 	.text
                          39 ..bof.C.3A.5C_ECU2.5CECU_Rivian_A1.5CTarget.5Crepo_projects.5CpFOTA.5CcL_R2023.2E09.2E01.5Cmake.5Cobj.5CSUPPLIER1_Seca...43.3A.5C_ECU2.5CECU_Rivian_A1.5CTarget.5Crepo_projects.5CpFOTA.5CcL_R2023.2E09.2E01.5Cmake..64F863F5..0::
                          40 	.align	2
                          41 ..gh.f.f.1.e.0:
                          42 	.type	..gh.f.f.1.e.0,@object
                          43 	.size	..gh.f.f.1.e.0,0
                          44 	.global	_SECA_Level03_GetSecurityLock
                          45 _SECA_Level03_GetSecurityLock:
                          46 --	    .bf
                          47 .LDW01:
00000000 0252             48 	mov	2,r10
00000002 84070d500000*    49 	st.b	r10,sdaoff23(_ucSecaLevel03)[gp]
00000008 0092             50 	mov	0,r18

                                                                      Page 2
                                                              C:\Users\nhuliyap\AppData\Local\Temp\gh_00000no1.s
                          51 .L6:
0000000a 04f0             52 	mov	gp,ep
0000000c d2f1             53 	add	r18,ep
0000000e be0705300000*    54 	ld.bu	sdaoff23(_aucKey)[ep],r6
00000014 be0705980000*    55 	ld.bu	sdaoff23(_aucCalculatedKeyReprogramming)[ep],r19
0000001a e699             56 	cmp	r6,r19
0000001c d205*            57 	be	.L5
                          58 --line23
                          59 ..lin.C.3A.5C_ECU2.5CECU_Rivian_A1.5CTarget.5Crepo_projects.5CpFOTA.5CcL_R2023.2E09.2E01.5Cmake.5Cobj.5CSUPPLIER1_Seca.1::
                          60 .LDWlin1:
0000001e 0052             61 	mov	0,r10
00000020 84070d000000*    62 	st.b	zero,sdaoff23(_ucSecaLevel03)[gp]
                          63 .L5:
00000026 4192             64 	add	1,r18
00000028 1206f0ff         65 	addi	-16,r18,zero
0000002c f9ed*            66 	bnl	.L6
                          67 --	    .ef
                          68 .LDW11:
                          69 --line27
                          70 ..lin.C.3A.5C_ECU2.5CECU_Rivian_A1.5CTarget.5Crepo_projects.5CpFOTA.5CcL_R2023.2E09.2E01.5Cmake.5Cobj.5CSUPPLIER1_Seca.2::
                          71 .LDWlin2:
0000002e 7f00             72 	jmp	[lp]
                          73 	.type	_SECA_Level03_GetSecurityLock,@function
                          74 	.size	_SECA_Level03_GetSecurityLock,.-_SECA_Level03_GetSecurityLock
                          75 	.align	2
                          76 .LDW21:
                          77 --_i	r18	local
                          78 
                          79 	.section ".bss","awb"
                          80 .L74:
                          81 	.type	.L74,@object
                          82 	.size	.L74,0
                          83 	.section ".sdata","aw"
                          84 	.global	_ucSecaLevel03..C.3A.5C_ECU2.5CECU_Rivian_A1.5CTarget.5Crepo_projects.5CpFOTA.5CcL_R2023.2E09.2E01.5Cmake.5Cobj.5CSUPPLIER1_Seca.
                          85 _ucSecaLevel03..C.3A.5C_ECU2.5CECU_Rivian_A1.5CTarget.5Crepo_projects.5CpFOTA.5CcL_R2023.2E09.2E01.5Cmake.5Cobj.5CSUPPLIER1_Seca.:
00000000 00               86 _ucSecaLevel03:	.byte	0
                          87 	.type	_ucSecaLevel03..C.3A.5C_ECU2.5CECU_Rivian_A1.5CTarget.5Crepo_projects.5CpFOTA.5CcL_R2023.2E09.2E01.5Cmake.5Cobj.5CSUPPLIER1_Seca.,@object
                          88 	.size	_ucSecaLevel03..C.3A.5C_ECU2.5CECU_Rivian_A1.5CTarget.5Crepo_projects.5CpFOTA.5CcL_R2023.2E09.2E01.5Cmake.5Cobj.5CSUPPLIER1_Seca.,1
                          89 	.type	_ucSecaLevel03,@object
                          90 	.size	_ucSecaLevel03,1
                          91 	.section ".sbss","awb"
                          92 	.align	4
                          93 	.global	_aucSeed..C.3A.5C_ECU2.5CECU_Rivian_A1.5CTarget.5Crepo_projects.5CpFOTA.5CcL_R2023.2E09.2E01.5Cmake.5Cobj.5CSUPPLIER1_Seca.
                          94 _aucSeed..C.3A.5C_ECU2.5CECU_Rivian_A1.5CTarget.5Crepo_projects.5CpFOTA.5CcL_R2023.2E09.2E01.5Cmake.5Cobj.5CSUPPLIER1_Seca.:
00000000 000000000000     95 _aucSeed:	.space	16
00000006 000000000000 
0000000c 00000000 
                          96 	.type	_aucSeed..C.3A.5C_ECU2.5CECU_Rivian_A1.5CTarget.5Crepo_projects.5CpFOTA.5CcL_R2023.2E09.2E01.5Cmake.5Cobj.5CSUPPLIER1_Seca.,@object
                          97 	.size	_aucSeed..C.3A.5C_ECU2.5CECU_Rivian_A1.5CTarget.5Crepo_projects.5CpFOTA.5CcL_R2023.2E09.2E01.5Cmake.5Cobj.5CSUPPLIER1_Seca.,16
                          98 	.type	_aucSeed,@object
                          99 	.size	_aucSeed,16
                         100 	.global	_aucKey..C.3A.5C_ECU2.5CECU_Rivian_A1.5CTarget.5Crepo_projects.5CpFOTA.5CcL_R2023.2E09.2E01.5Cmake.5Cobj.5CSUPPLIER1_Seca.
                         101 _aucKey..C.3A.5C_ECU2.5CECU_Rivian_A1.5CTarget.5Crepo_projects.5CpFOTA.5CcL_R2023.2E09.2E01.5Cmake.5Cobj.5CSUPPLIER1_Seca.:
00000010 000000000000    102 _aucKey:	.space	16
00000016 000000000000 
0000001c 00000000 
                         103 	.type	_aucKey..C.3A.5C_ECU2.5CECU_Rivian_A1.5CTarget.5Crepo_projects.5CpFOTA.5CcL_R2023.2E09.2E01.5Cmake.5Cobj.5CSUPPLIER1_Seca.,@object
                         104 	.size	_aucKey..C.3A.5C_ECU2.5CECU_Rivian_A1.5CTarget.5Crepo_projects.5CpFOTA.5CcL_R2023.2E09.2E01.5Cmake.5Cobj.5CSUPPLIER1_Seca.,16
                         105 	.type	_aucKey,@object
                         106 	.size	_aucKey,16
                         107 	.global	_aucCalculatedKeyReprogramming..C.3A.5C_ECU2.5CECU_Rivian_A1.5CTarget.5Crepo_projects.5CpFOTA.5CcL_R2023.2E09.2E01.5Cmake.5Cobj.5CSUPPLIER1_Seca.

                                                                      Page 3
                                                              C:\Users\nhuliyap\AppData\Local\Temp\gh_00000no1.s
                         108 _aucCalculatedKeyReprogramming..C.3A.5C_ECU2.5CECU_Rivian_A1.5CTarget.5Crepo_projects.5CpFOTA.5CcL_R2023.2E09.2E01.5Cmake.5Cobj.5CSUPPLIER1_Seca.:
00000020 000000000000    109 _aucCalculatedKeyReprogramming:	.space	16
00000026 000000000000 
0000002c 00000000 
                         110 	.type	_aucCalculatedKeyReprogramming..C.3A.5C_ECU2.5CECU_Rivian_A1.5CTarget.5Crepo_projects.5CpFOTA.5CcL_R2023.2E09.2E01.5Cmake.5Cobj.5CSUPPLIER1_Seca.,@object
                         111 	.size	_aucCalculatedKeyReprogramming..C.3A.5C_ECU2.5CECU_Rivian_A1.5CTarget.5Crepo_projects.5CpFOTA.5CcL_R2023.2E09.2E01.5Cmake.5Cobj.5CSUPPLIER1_Seca.,16
                         112 	.type	_aucCalculatedKeyReprogramming,@object
                         113 	.size	_aucCalculatedKeyReprogramming,16
                         114 	.data
                         115 	.text
                         116 	.align	2
                         117 	.align	2
                         118 ..gh.f.f.1.e.1:
                         119 	.type	..gh.f.f.1.e.1,@object
                         120 	.size	..gh.f.f.1.e.1,0
                         121 	.global	_SECA_Level03_SetSecurityLock
                         122 _SECA_Level03_SetSecurityLock:
                         123 --	    .bf
                         124 .LDW31:
00000030 84070d000000*   125 	st.b	zero,sdaoff23(_ucSecaLevel03)[gp]
                         126 --	    .ef
                         127 .LDW41:
00000036 7f00            128 	jmp	[lp]
                         129 	.type	_SECA_Level03_SetSecurityLock,@function
                         130 	.size	_SECA_Level03_SetSecurityLock,.-_SECA_Level03_SetSecurityLock
                         131 	.align	2
                         132 .LDW51:
                         133 
                         134 	.section ".bss","awb"
                         135 .L161:
                         136 	.type	.L161,@object
                         137 	.size	.L161,0
                         138 	.data
                         139 	.text
                         140 	.align	2
                         141 	.align	2
                         142 ..gh.f.f.1.e.2:
                         143 	.type	..gh.f.f.1.e.2,@object
                         144 	.size	..gh.f.f.1.e.2,0
                         145 	.global	_SECA_Level03_ProcessRequestSeed
                         146 _SECA_Level03_ProcessRequestSeed:
00000038 80072100        147 	prepare	{r31},0
                         148 --	    .bf
                         149 .LDW61:
                         150 	jarl	_ApplFblSecuritySeed,lp
                         150 <EXPANSION BEGIN>
                         150 jarl22 _ApplFblSecuritySeed , lp 
0000003c 80ff0000*       150 <EXPANSION END>
00000040 e051            151 	cmp	zero,r10
00000042 fa05*           152 	bne	.L181
                         153 --line38
                         154 ..lin.C.3A.5C_ECU2.5CECU_Rivian_A1.5CTarget.5Crepo_projects.5CpFOTA.5CcL_R2023.2E09.2E01.5Cmake.5Cobj.5CSUPPLIER1_Seca.3::
                         155 .LDWlin3:
00000044 014a            156 	mov	1,r9
00000046 84070d480000*   157 	st.b	r9,sdaoff23(_ucSecaLevel03)[gp]
0000004c 40063f00        158 	dispose	0,{r31},[lp]
                         159 .L181:
                         160 --line42
                         161 ..lin.C.3A.5C_ECU2.5CECU_Rivian_A1.5CTarget.5Crepo_projects.5CpFOTA.5CcL_R2023.2E09.2E01.5Cmake.5Cobj.5CSUPPLIER1_Seca.4::
                         162 .LDWlin4:
00000050 20362200        163 	movea	34,zero,r6

                                                                      Page 4
                                                              C:\Users\nhuliyap\AppData\Local\Temp\gh_00000no1.s
                         164 	jarl	_FblDiagSetError,lp
                         164 <EXPANSION BEGIN>
                         164 jarl22 _FblDiagSetError , lp 
00000054 80ff0000*       164 <EXPANSION END>
                         165 --line43
                         166 ..lin.C.3A.5C_ECU2.5CECU_Rivian_A1.5CTarget.5Crepo_projects.5CpFOTA.5CcL_R2023.2E09.2E01.5Cmake.5Cobj.5CSUPPLIER1_Seca.5::
                         167 .LDWlin5:
00000058 0152            168 	mov	1,r10
                         169 --	    .ef
                         170 .LDW71:
0000005a 40063f00        171 	dispose	0,{r31},[lp]
                         172 	.type	_SECA_Level03_ProcessRequestSeed,@function
                         173 	.size	_SECA_Level03_ProcessRequestSeed,.-_SECA_Level03_ProcessRequestSeed
                         174 	.align	2
                         175 .LDW81:
                         176 --_ucResult	r10	local
                         177 
                         178 	.section ".bss","awb"
                         179 .L230:
                         180 	.type	.L230,@object
                         181 	.size	.L230,0
                         182 	.data
                         183 	.text
                         184 	.align	2
                         185 	.align	2
                         186 ..gh.f.f.1.e.3:
                         187 	.type	..gh.f.f.1.e.3,@object
                         188 	.size	..gh.f.f.1.e.3,0
                         189 	.global	_SECA_Level03_ProcessSendKey
                         190 _SECA_Level03_ProcessSendKey:
0000005e 80072100        191 	prepare	{r31},0
                         192 --	    .bf
                         193 .LDW91:
00000062 a40705480000*   194 	ld.bu	sdaoff23(_ucSecaLevel03)[gp],r9
00000068 0152            195 	mov	1,r10
0000006a 614a            196 	cmp	1,r9
0000006c fa0d*           197 	bne	.L275
                         198 --line56
                         199 ..lin.C.3A.5C_ECU2.5CECU_Rivian_A1.5CTarget.5Crepo_projects.5CpFOTA.5CcL_R2023.2E09.2E01.5Cmake.5Cobj.5CSUPPLIER1_Seca.6::
                         200 .LDWlin6:
                         201 	jarl	_ApplFblSecurityKey,lp
                         201 <EXPANSION BEGIN>
                         201 jarl22 _ApplFblSecurityKey , lp 
0000006e 80ff0000*       201 <EXPANSION END>
00000072 024a            202 	mov	2,r9
00000074 e051            203 	cmp	zero,r10
00000076 f205*           204 	be	.L280
                         205 --line57
                         206 ..lin.C.3A.5C_ECU2.5CECU_Rivian_A1.5CTarget.5Crepo_projects.5CpFOTA.5CcL_R2023.2E09.2E01.5Cmake.5Cobj.5CSUPPLIER1_Seca.7::
                         207 .LDWlin7:
00000078 84070d000000*   208 	st.b	zero,sdaoff23(_ucSecaLevel03)[gp]
0000007e 0950            209 	mov	r9,r10
00000080 40063f00        210 	dispose	0,{r31},[lp]
                         211 .L280:
                         212 --line62
                         213 ..lin.C.3A.5C_ECU2.5CECU_Rivian_A1.5CTarget.5Crepo_projects.5CpFOTA.5CcL_R2023.2E09.2E01.5Cmake.5Cobj.5CSUPPLIER1_Seca.8::
                         214 .LDWlin8:
00000084 84070d480000*   215 	st.b	r9,sdaoff23(_ucSecaLevel03)[gp]
                         216 .L275:
                         217 --	    .ef
                         218 .LDW02:

                                                                      Page 5
                                                              C:\Users\nhuliyap\AppData\Local\Temp\gh_00000no1.s
0000008a 40063f00        219 	dispose	0,{r31},[lp]
                         220 	.type	_SECA_Level03_ProcessSendKey,@function
                         221 	.size	_SECA_Level03_ProcessSendKey,.-_SECA_Level03_ProcessSendKey
                         222 	.align	2
                         223 .LDW12:
                         224 --_ucResult	r10	local
                         225 
                         226 --_pucDiagData	none	param
                         227 
                         228 	.section ".bss","awb"
                         229 .L338:
                         230 	.type	.L338,@object
                         231 	.size	.L338,0
                         232 	.data
                         233 	.text
                         234 	.align	2
                         235 	.align	2
                         236 ..gh.f.f.1.e.4:
                         237 	.type	..gh.f.f.1.e.4,@object
                         238 	.size	..gh.f.f.1.e.4,0
                         239 	.global	_SECA_ComputeKeyFromSeed
                         240 _SECA_ComputeKeyFromSeed:
0000008e be07e110        241 	prepare	{r27,r28,r29,r31},31
00000092 031e4cff        242 	addi	-180,sp,sp
00000096 06e0            243 	mov	r6,r28
00000098 08d8            244 	mov	r8,r27
                         245 --	    .bf
                         246 .LDW22:
0000009a 23362000        247 	movea	32,sp,r6
                         248 	jarl	_FEEFBL_GetInitialVector,lp
                         248 <EXPANSION BEGIN>
                         248 jarl22 _FEEFBL_GetInitialVector , lp 
0000009e 80ff0000*       248 <EXPANSION END>
                         249 --line93
                         250 ..lin.C.3A.5C_ECU2.5CECU_Rivian_A1.5CTarget.5Crepo_projects.5CpFOTA.5CcL_R2023.2E09.2E01.5Cmake.5Cobj.5CSUPPLIER1_Seca.9::
                         251 .LDWlin9:
000000a2 0330            252 	mov	sp,r6
                         253 	jarl	_FEEFBL_GetSymmetricKey,lp
                         253 <EXPANSION BEGIN>
                         253 jarl22 _FEEFBL_GetSymmetricKey , lp 
000000a4 80ff0000*       253 <EXPANSION END>
                         254 --line95
                         255 ..lin.C.3A.5C_ECU2.5CECU_Rivian_A1.5CTarget.5Crepo_projects.5CpFOTA.5CcL_R2023.2E09.2E01.5Cmake.5Cobj.5CSUPPLIER1_Seca.10::
                         256 .LDWlin10:
000000a8 0330            257 	mov	sp,r6
                         258 	jarl	_FEEFBL_GetSymmetricKey,lp
                         258 <EXPANSION BEGIN>
                         258 jarl22 _FEEFBL_GetSymmetricKey , lp 
000000aa 80ff0000*       258 <EXPANSION END>
                         259 --line99
                         260 ..lin.C.3A.5C_ECU2.5CECU_Rivian_A1.5CTarget.5Crepo_projects.5CpFOTA.5CcL_R2023.2E09.2E01.5Cmake.5Cobj.5CSUPPLIER1_Seca.11::
                         261 .LDWlin11:
000000ae 3d0600000000*   262 	mov	sdaoff23(_aucSeed),r29
000000b4 1d30            263 	mov	r29,r6
000000b6 1c38            264 	mov	r28,r7
000000b8 20461000        265 	movea	16,zero,r8
                         266 	jarl	_ownmemcpy,lp
                         266 <EXPANSION BEGIN>
                         266 jarl22 _ownmemcpy , lp 
000000bc 80ff0000*       266 <EXPANSION END>
                         267 --line103

                                                                      Page 6
                                                              C:\Users\nhuliyap\AppData\Local\Temp\gh_00000no1.s
                         268 ..lin.C.3A.5C_ECU2.5CECU_Rivian_A1.5CTarget.5Crepo_projects.5CpFOTA.5CcL_R2023.2E09.2E01.5Cmake.5Cobj.5CSUPPLIER1_Seca.12::
                         269 .LDWlin12:
000000c0 23363000        270 	movea	48,sp,r6
000000c4 0338            271 	mov	sp,r7
000000c6 23462000        272 	movea	32,sp,r8
                         273 	jarl	_AES_init_ctx_iv,lp
                         273 <EXPANSION BEGIN>
                         273 jarl22 _AES_init_ctx_iv , lp 
000000ca 80ff0000*       273 <EXPANSION END>
                         274 --line104
                         275 ..lin.C.3A.5C_ECU2.5CECU_Rivian_A1.5CTarget.5Crepo_projects.5CpFOTA.5CcL_R2023.2E09.2E01.5Cmake.5Cobj.5CSUPPLIER1_Seca.13::
                         276 .LDWlin13:
000000ce 1d38            277 	mov	r29,r7
000000d0 23363000        278 	movea	48,sp,r6
000000d4 20461000        279 	movea	16,zero,r8
                         280 	jarl	_AES_CBC_encrypt_buffer,lp
                         280 <EXPANSION BEGIN>
                         280 jarl22 _AES_CBC_encrypt_buffer , lp 
000000d8 80ff0000*       280 <EXPANSION END>
                         281 --line108
                         282 ..lin.C.3A.5C_ECU2.5CECU_Rivian_A1.5CTarget.5Crepo_projects.5CpFOTA.5CcL_R2023.2E09.2E01.5Cmake.5Cobj.5CSUPPLIER1_Seca.14::
                         283 .LDWlin14:
000000dc 260600000000*   284 	mov	sdaoff23(_aucCalculatedKeyReprogramming),r6
000000e2 1d38            285 	mov	r29,r7
000000e4 20461000        286 	movea	16,zero,r8
                         287 	jarl	_ownmemcpy,lp
                         287 <EXPANSION BEGIN>
                         287 jarl22 _ownmemcpy , lp 
000000e8 80ff0000*       287 <EXPANSION END>
                         288 --line109
                         289 ..lin.C.3A.5C_ECU2.5CECU_Rivian_A1.5CTarget.5Crepo_projects.5CpFOTA.5CcL_R2023.2E09.2E01.5Cmake.5Cobj.5CSUPPLIER1_Seca.15::
                         290 .LDWlin15:
000000ec 1b30            291 	mov	r27,r6
000000ee 1d38            292 	mov	r29,r7
000000f0 20461000        293 	movea	16,zero,r8
                         294 	jarl	_ownmemcpy,lp
                         294 <EXPANSION BEGIN>
                         294 jarl22 _ownmemcpy , lp 
000000f4 80ff0000*       294 <EXPANSION END>
                         295 --	    .ef
                         296 .LDW32:
                         297 --line112
                         298 ..lin.C.3A.5C_ECU2.5CECU_Rivian_A1.5CTarget.5Crepo_projects.5CpFOTA.5CcL_R2023.2E09.2E01.5Cmake.5Cobj.5CSUPPLIER1_Seca.16::
                         299 .LDWlin16:
000000f8 031eb400        300 	addi	180,sp,sp
000000fc 7e06ff10        301 	dispose	31,{r27,r28,r29,r31},[lp]
                         302 	.type	_SECA_ComputeKeyFromSeed,@function
                         303 	.size	_SECA_ComputeKeyFromSeed,.-_SECA_ComputeKeyFromSeed
                         304 	.align	2
                         305 .LDW42:
                         306 --_tAesInput	48[sp]	local
                         307 --_aucVector	32[sp]	local
                         308 --_aucSymKey	0[sp]	local
                         309 
                         310 --_seed	r28	param
                         311 --_sizeSeed	none	param
                         312 --_key	r27	param
                         313 --_maxSizeKey	none	param
                         314 --_sizeKey	none	param
                         315 
                         316 	.section ".bss","awb"

                                                                      Page 7
                                                              C:\Users\nhuliyap\AppData\Local\Temp\gh_00000no1.s
                         317 .L438:
                         318 	.type	.L438,@object
                         319 	.size	.L438,0
                         320 	.data
                         321 	.text
                         322 	.align	2
                         323 --_aucSeed	sdaoff23(_aucSeed)	static
                         324 --_aucKey	sdaoff23(_aucKey)	static
                         325 --_aucCalculatedKeyReprogramming	sdaoff23(_aucCalculatedKeyReprogramming)	static
                         326 --_ucSecaLevel03	sdaoff23(_ucSecaLevel03)	static
                         327 
                         328 	.data
                         329 	.ghsnote version,17
                         330 	.ghsnote tools,3
                         331 	.ghsnote options,144
                         332 	.text
                         333 	.align	2
                         334 ..eof.C.3A.5C_ECU2.5CECU_Rivian_A1.5CTarget.5Crepo_projects.5CpFOTA.5CcL_R2023.2E09.2E01.5Cmake.5Cobj.5CSUPPLIER1_Seca...43.3A.5C_ECU2.5CECU_Rivian_A1.5CTarget.5Crepo_projects.5CpFOTA.5CcL_R2023.2E09.2E01.5Cmake..64F863F5..0::
                         335 .rh850_flags REGMODE32,DATA_ALIGN8,GP_FIX,EP_NONFIX,TP_FIX,REG2_RESERVE,G3K,SDA_EXTRA_REGS_0
