                                                                      Page 1
                                                              C:\Users\nhuliyap\AppData\Local\Temp\gh_00001vo1.s
Command Line: C:\GHS\comp_201517\ease850.exe -w -stderr=err/SwcServiceDet.err -elf -b0 -I../source/_common -I../source/common -I../source/ecuabcanif -I../source/ecuabcantrcv -I../source/ecuabcryif -I../source/ecuabfee -I../source/ecuabmemif -I../source/libautosar -I../source/mcalcan -I../source/mcalcry -I../source/mcaldio -I../source/mcaleep -I../source/mcalfls -I../source/mcalmcu -I../source/projectara -I../source/projectcfg -I../source/projectcompiler -I../source/swcservicebswm -I../source/swcservicecantp -I../source/swcservicecomm -I../source/swcservicecsm -I../source/swcservicedcm -I../source/swcservicedem -I../source/swcservicedet -I../source/swcserviceecum -I../source/swcservicenvm -I../source/swcserviceos -I../source/swcservicepdur -I../source/swcserviceschm -I../source/swcservicestartup -I../source/wrappers/swcservicesecm -I../source/wrappers/vsecprim -I../source/wrappers/vstdlib -Ic:/ghs/comp_201517/ansi -Ic:/ghs/comp_201517/include/v800 -Igendata -IC:\GHS\comp_201517\lib\rh850 -cg_underscore -cpu=rh850g3k -nofpu -no_v850_simd -rh850_fpsimd=none -nomacro -patch_dbo=C:\_ECU2\ECU_Rivian_A1\Target\repo_projects\pFOTA\cL_R2023.09.01\make\obj\SwcServiceDet.dbo -source=SwcServiceDet.c -o obj\gh_00001vo1.o -list=lst/SwcServiceDet.lst C:\Users\nhuliyap\AppData\Local\Temp\gh_00001vo1.s 
Original File: C:\Users\nhuliyap\AppData\Local\Temp\gh_00001vo1.s
Source File: SwcServiceDet.c
Directory: C:\_ECU2\ECU_Rivian_A1\Target\repo_projects\pFOTA\cL_R2023.09.01\make
Host OS: Windows
EASE: Copyright (C) 1983-2015 Green Hills Software.  All Rights Reserved.
Release: Compiler v2015.1.7
Build Directory: [Directory] BTOWORKER6:c:/build_2015_1_bto/2015-10-21.2100-2015_1_bto/win32-comp-ecom
Revision: [VCInfo] http://toolsvc/branches/release-branch-70-bto/src@544153 (built by build)
Revision Date: Thu Oct 22 07:50:13 2015

Release Date: Thu Oct 22 09:32:32 2015

                           1 --Driver Command: ccrh850 -DBRS_DERIVATIVE_701018 -DBRS_OSC_CLK=16
                           2 --		-DBRS_TIMEBASE_CLOCK=80 -DBRS_EVA_BOARD_
                           3 --		-DBRS_DERIVATIVE_GROUP_F1L -DBRS_OS_USECASE_BRS
                           4 --		-DBRS_PLATFORM_RH850 -DBRS_COMP_GHS
                           5 --		-DBRS_CPU_LOCAL_RAM_SIZE_CORE0=32
                           6 --		-DBRS_CPU_RAM_START_CORE0=0xFEDF8000 -list=lst/SwcServiceDet.lst
                           7 --		-object_dir=obj -stderr=err/SwcServiceDet.err -c -cpu=rh850
                           8 --		-sda=all -large_sda -prepare_dispose -pragma_asm_inline -no_callt
                           9 --		-inline_prologue -notda -reserve_r2 -fsoft
                          10 --		--unknown_pragma_warnings -list -g -Ogeneral -shortenum
                          11 --		-registermode=32 -I../source/_common -I../source/common
                          12 --		-I../source/ecuabcanif -I../source/ecuabcantrcv
                          13 --		-I../source/ecuabcryif -I../source/ecuabfee
                          14 --		-I../source/ecuabmemif -I../source/libautosar -I../source/mcalcan
                          15 --		-I../source/mcalcry -I../source/mcaldio -I../source/mcaleep
                          16 --		-I../source/mcalfls -I../source/mcalmcu -I../source/projectara
                          17 --		-I../source/projectcfg -I../source/projectcompiler
                          18 --		-I../source/swcservicebswm -I../source/swcservicecantp
                          19 --		-I../source/swcservicecomm -I../source/swcservicecsm
                          20 --		-I../source/swcservicedcm -I../source/swcservicedem
                          21 --		-I../source/swcservicedet -I../source/swcserviceecum
                          22 --		-I../source/swcservicenvm -I../source/swcserviceos
                          23 --		-I../source/swcservicepdur -I../source/swcserviceschm
                          24 --		-I../source/swcservicestartup -I../source/wrappers/swcservicesecm
                          25 --		-I../source/wrappers/vsecprim -I../source/wrappers/vstdlib
                          26 --		-Ic:/ghs/comp_201517/ansi -Ic:/ghs/comp_201517/include/v800
                          27 --		-Igendata ../source/SwcServiceDet/SwcServiceDet.c
                          28 --Source File:   ../source/SwcServiceDet/SwcServiceDet.c
                          29 --Directory:     
                          30 --		C:\_ECU2\ECU_Rivian_A1\Target\repo_projects\pFOTA\cL_R2023.09.01\make
                          31 --Compile Date:  Wed Sep 06 13:35:31 2023
                          32 --Host OS:       Win32
                          33 --Version:       C-RH850 2015.1.7 RELEASE VERSION
                          34 --Release:       Compiler v2015.1.7
                          35 --Revision Date: Thu Oct 22 08:06:12 2015
                          36 --Release Date:  Thu Oct 22 09:34:32 2015
                          37 -- ecom  -g -w -OM
                          38 	.text
                          39 ..bof.C.3A.5C_ECU2.5CECU_Rivian_A1.5CTarget.5Crepo_projects.5CpFOTA.5CcL_R2023.2E09.2E01.5Cmake.5Cobj.5CSwcServiceDet...43.3A.5C_ECU2.5CECU_Rivian_A1.5CTarget.5Crepo_projects.5CpFOTA.5CcL_R2023.2E09.2E01.5Cmake..64F86403..0::
                          40 	.align	2
                          41 ..gh.f.f.1.e.0:
                          42 	.type	..gh.f.f.1.e.0,@object
                          43 	.size	..gh.f.f.1.e.0,0
                          44 	.global	_Det_EndlessLoop..C.3A.5C_ECU2.5CECU_Rivian_A1.5CTarget.5Crepo_projects.5CpFOTA.5CcL_R2023.2E09.2E01.5Cmake.5Cobj.5CSwcServiceDet.
                          45 _Det_EndlessLoop..C.3A.5C_ECU2.5CECU_Rivian_A1.5CTarget.5Crepo_projects.5CpFOTA.5CcL_R2023.2E09.2E01.5Cmake.5Cobj.5CSwcServiceDet.:
                          46 _Det_EndlessLoop:
                          47 --	    .bf
                          48 .LDW01:
                          49 .L6:
00000000 8505*            50 	br	.L6

                                                                      Page 2
                                                              C:\Users\nhuliyap\AppData\Local\Temp\gh_00001vo1.s
                          51 --	    .ef
                          52 .LDW11:
                          53 ..lin.C.3A.5C_ECU2.5CECU_Rivian_A1.5CTarget.5Crepo_projects.5CpFOTA.5CcL_R2023.2E09.2E01.5Cmake.5Cobj.5CSwcServiceDet.1::
                          54 .LDWlin1:
                          55 	.type	_Det_EndlessLoop,@function
                          56 	.size	_Det_EndlessLoop,.-_Det_EndlessLoop
                          57 	.type	_Det_EndlessLoop..C.3A.5C_ECU2.5CECU_Rivian_A1.5CTarget.5Crepo_projects.5CpFOTA.5CcL_R2023.2E09.2E01.5Cmake.5Cobj.5CSwcServiceDet.,@function
                          58 	.size	_Det_EndlessLoop..C.3A.5C_ECU2.5CECU_Rivian_A1.5CTarget.5Crepo_projects.5CpFOTA.5CcL_R2023.2E09.2E01.5Cmake.5Cobj.5CSwcServiceDet.,.-_Det_EndlessLoop..C.3A.5C_ECU2.5CECU_Rivian_A1.5CTarget.5Crepo_projects.5CpFOTA.5CcL_R2023.2E09.2E01.5Cmake.5Cobj.5CSwcServiceDet.
                          59 	.align	2
                          60 .LDW21:
                          61 
                          62 	.section ".bss","awb"
                          63 .L32:
                          64 	.type	.L32,@object
                          65 	.size	.L32,0
                          66 	.data
                          67 	.text
                          68 	.align	2
                          69 	.align	2
                          70 	.align	2
                          71 ..gh.f.f.1.e.1:
                          72 	.type	..gh.f.f.1.e.1,@object
                          73 	.size	..gh.f.f.1.e.1,0
                          74 	.global	_Det_Init
                          75 _Det_Init:
                          76 --	    .bf
                          77 .LDW31:
00000002 0192             78 	mov	1,r18
00000004 84070d900000*    79 	st.b	r18,sdaoff23(_detModuleInit)[gp]
                          80 --	    .ef
                          81 .LDW41:
0000000a 7f00             82 	jmp	[lp]
                          83 	.type	_Det_Init,@function
                          84 	.size	_Det_Init,.-_Det_Init
                          85 	.align	2
                          86 .LDW51:
                          87 
                          88 --_ConfigPtr	none	param
                          89 
                          90 	.section ".bss","awb"
                          91 .L81:
                          92 	.type	.L81,@object
                          93 	.size	.L81,0
                          94 	.section ".sdata","aw"
                          95 	.global	_detModuleInit..C.3A.5C_ECU2.5CECU_Rivian_A1.5CTarget.5Crepo_projects.5CpFOTA.5CcL_R2023.2E09.2E01.5Cmake.5Cobj.5CSwcServiceDet.
                          96 _detModuleInit..C.3A.5C_ECU2.5CECU_Rivian_A1.5CTarget.5Crepo_projects.5CpFOTA.5CcL_R2023.2E09.2E01.5Cmake.5Cobj.5CSwcServiceDet.:
00000000 00               97 _detModuleInit:	.byte	0
                          98 	.type	_detModuleInit..C.3A.5C_ECU2.5CECU_Rivian_A1.5CTarget.5Crepo_projects.5CpFOTA.5CcL_R2023.2E09.2E01.5Cmake.5Cobj.5CSwcServiceDet.,@object
                          99 	.size	_detModuleInit..C.3A.5C_ECU2.5CECU_Rivian_A1.5CTarget.5Crepo_projects.5CpFOTA.5CcL_R2023.2E09.2E01.5Cmake.5Cobj.5CSwcServiceDet.,1
                         100 	.type	_detModuleInit,@object
                         101 	.size	_detModuleInit,1
                         102 	.data
                         103 	.text
                         104 	.align	2
                         105 	.align	2
                         106 ..gh.f.f.1.e.2:
                         107 	.type	..gh.f.f.1.e.2,@object
                         108 	.size	..gh.f.f.1.e.2,0
                         109 	.global	_Det_Start
                         110 _Det_Start:
                         111 --	    .bf

                                                                      Page 3
                                                              C:\Users\nhuliyap\AppData\Local\Temp\gh_00001vo1.s
                         112 .LDW61:
                         113 --	    .ef
                         114 .LDW71:
0000000c 7f00            115 	jmp	[lp]
                         116 	.type	_Det_Start,@function
                         117 	.size	_Det_Start,.-_Det_Start
                         118 	.align	2
                         119 .LDW81:
                         120 
                         121 	.section ".bss","awb"
                         122 .L128:
                         123 	.type	.L128,@object
                         124 	.size	.L128,0
                         125 	.data
                         126 	.text
                         127 	.align	2
                         128 	.align	2
                         129 ..gh.f.f.1.e.3:
                         130 	.type	..gh.f.f.1.e.3,@object
                         131 	.size	..gh.f.f.1.e.3,0
                         132 	.global	_Det_InitMemory
                         133 _Det_InitMemory:
                         134 --	    .bf
                         135 .LDW91:
0000000e 84070d000000*   136 	st.b	zero,sdaoff23(_detModuleInit)[gp]
                         137 --	    .ef
                         138 .LDW02:
00000014 7f00            139 	jmp	[lp]
                         140 	.type	_Det_InitMemory,@function
                         141 	.size	_Det_InitMemory,.-_Det_InitMemory
                         142 	.align	2
                         143 .LDW12:
                         144 
                         145 	.section ".bss","awb"
                         146 .L161:
                         147 	.type	.L161,@object
                         148 	.size	.L161,0
                         149 	.data
                         150 	.text
                         151 	.align	2
                         152 	.align	2
                         153 ..gh.f.f.1.e.4:
                         154 	.type	..gh.f.f.1.e.4,@object
                         155 	.size	..gh.f.f.1.e.4,0
                         156 	.global	_Det_ReportError
                         157 _Det_ReportError:
00000016 80076100        158 	prepare	{r29,r31},0
0000001a c600            159 	zxh	r6
0000001c 8700            160 	zxb	r7
0000001e 8800            161 	zxb	r8
00000020 8900            162 	zxb	r9
                         163 --	    .bf
                         164 .LDW22:
00000022 a40705980000*   165 	ld.bu	sdaoff23(_detModuleInit)[gp],r19
00000028 619a            166 	cmp	1,r19
0000002a aa0d*           167 	bne	.L181
                         168 --line361
                         169 ..lin.C.3A.5C_ECU2.5CECU_Rivian_A1.5CTarget.5Crepo_projects.5CpFOTA.5CcL_R2023.2E09.2E01.5Cmake.5Cobj.5CSwcServiceDet.2::
                         170 .LDWlin2:
0000002c 850709e80000*   171 	ld.w	rosdaoff23(_Det_ErrorHookTable)[r5],r29
00000032 fdc760f9        172 	jarl	[r29],lp

                                                                      Page 4
                                                              C:\Users\nhuliyap\AppData\Local\Temp\gh_00001vo1.s
                         173 --line377
                         174 ..lin.C.3A.5C_ECU2.5CECU_Rivian_A1.5CTarget.5Crepo_projects.5CpFOTA.5CcL_R2023.2E09.2E01.5Cmake.5Cobj.5CSwcServiceDet.3::
                         175 .LDWlin3:
00000036 e051            176 	cmp	zero,r10
00000038 ba05*           177 	bne	.L181
                         178 --line404
                         179 ..lin.C.3A.5C_ECU2.5CECU_Rivian_A1.5CTarget.5Crepo_projects.5CpFOTA.5CcL_R2023.2E09.2E01.5Cmake.5Cobj.5CSwcServiceDet.4::
                         180 .LDWlin4:
                         181 	jarl	_Det_EndlessLoop,lp
                         181 <EXPANSION BEGIN>
                         181 jarl22 _Det_EndlessLoop , lp 
0000003a bfffc6ff*       181 <EXPANSION END>
                         182 .L181:
                         183 --line417
                         184 ..lin.C.3A.5C_ECU2.5CECU_Rivian_A1.5CTarget.5Crepo_projects.5CpFOTA.5CcL_R2023.2E09.2E01.5Cmake.5Cobj.5CSwcServiceDet.5::
                         185 .LDWlin5:
0000003e 0052            186 	mov	0,r10
                         187 --	    .ef
                         188 .LDW32:
00000040 40067f00        189 	dispose	0,{r29,r31},[lp]
                         190 	.type	_Det_ReportError,@function
                         191 	.size	_Det_ReportError,.-_Det_ReportError
                         192 	.align	2
                         193 .LDW42:
                         194 --_calloutReturn	r10	local
                         195 
                         196 --_ModuleId	r6	param
                         197 --_InstanceId	r7	param
                         198 --_ApiId	r8	param
                         199 --_ErrorId	r9	param
                         200 
                         201 	.section ".bss","awb"
                         202 .L254:
                         203 	.type	.L254,@object
                         204 	.size	.L254,0
                         205 	.data
                         206 	.text
                         207 	.align	2
                         208 	.align	2
                         209 ..gh.f.f.1.e.5:
                         210 	.type	..gh.f.f.1.e.5,@object
                         211 	.size	..gh.f.f.1.e.5,0
                         212 	.global	_Det_ReportRuntimeError
                         213 _Det_ReportRuntimeError:
00000044 80076100        214 	prepare	{r29,r31},0
00000048 c600            215 	zxh	r6
0000004a 8700            216 	zxb	r7
0000004c 8800            217 	zxb	r8
0000004e 8900            218 	zxb	r9
                         219 --	    .bf
                         220 .LDW52:
00000050 a40705980000*   221 	ld.bu	sdaoff23(_detModuleInit)[gp],r19
00000056 619a            222 	cmp	1,r19
00000058 ea05*           223 	bne	.L304
                         224 --line462
                         225 ..lin.C.3A.5C_ECU2.5CECU_Rivian_A1.5CTarget.5Crepo_projects.5CpFOTA.5CcL_R2023.2E09.2E01.5Cmake.5Cobj.5CSwcServiceDet.6::
                         226 .LDWlin6:
0000005a 850709e80000*   227 	ld.w	rosdaoff23(_Det_RuntimeErrorCalloutTable)[r5],r29
00000060 fdc760f9        228 	jarl	[r29],lp
                         229 .L304:
                         230 --line497

                                                                      Page 5
                                                              C:\Users\nhuliyap\AppData\Local\Temp\gh_00001vo1.s
                         231 ..lin.C.3A.5C_ECU2.5CECU_Rivian_A1.5CTarget.5Crepo_projects.5CpFOTA.5CcL_R2023.2E09.2E01.5Cmake.5Cobj.5CSwcServiceDet.7::
                         232 .LDWlin7:
00000064 0052            233 	mov	0,r10
                         234 --	    .ef
                         235 .LDW62:
00000066 40067f00        236 	dispose	0,{r29,r31},[lp]
                         237 	.type	_Det_ReportRuntimeError,@function
                         238 	.size	_Det_ReportRuntimeError,.-_Det_ReportRuntimeError
                         239 	.align	2
                         240 .LDW72:
                         241 
                         242 --_ModuleId	r6	param
                         243 --_InstanceId	r7	param
                         244 --_ApiId	r8	param
                         245 --_ErrorId	r9	param
                         246 
                         247 	.section ".bss","awb"
                         248 .L382:
                         249 	.type	.L382,@object
                         250 	.size	.L382,0
                         251 	.data
                         252 	.text
                         253 	.align	2
                         254 	.align	2
                         255 ..gh.f.f.1.e.6:
                         256 	.type	..gh.f.f.1.e.6,@object
                         257 	.size	..gh.f.f.1.e.6,0
                         258 	.global	_Det_ReportTransientFault
                         259 _Det_ReportTransientFault:
0000006a 80076100        260 	prepare	{r29,r31},0
                         261 --	    .bf
                         262 .LDW82:
0000006e a40705980000*   263 	ld.bu	sdaoff23(_detModuleInit)[gp],r19
00000074 619a            264 	cmp	1,r19
00000076 ca0d*           265 	bne	.L420
                         266 --line542
                         267 ..lin.C.3A.5C_ECU2.5CECU_Rivian_A1.5CTarget.5Crepo_projects.5CpFOTA.5CcL_R2023.2E09.2E01.5Cmake.5Cobj.5CSwcServiceDet.8::
                         268 .LDWlin8:
00000078 850709e80000*   269 	ld.w	rosdaoff23(_Det_TransientFaultCalloutTable)[r5],r29
0000007e c600            270 	zxh	r6
00000080 8700            271 	zxb	r7
00000082 8800            272 	zxb	r8
00000084 8900            273 	zxb	r9
00000086 fdc760f9        274 	jarl	[r29],lp
                         275 --line540
                         276 ..lin.C.3A.5C_ECU2.5CECU_Rivian_A1.5CTarget.5Crepo_projects.5CpFOTA.5CcL_R2023.2E09.2E01.5Cmake.5Cobj.5CSwcServiceDet.9::
                         277 .LDWlin9:
0000008a 40067f00        278 	dispose	0,{r29,r31},[lp]
                         279 .L420:
0000008e 0052            280 	mov	0,r10
                         281 --	    .ef
                         282 .LDW92:
                         283 --line573
                         284 ..lin.C.3A.5C_ECU2.5CECU_Rivian_A1.5CTarget.5Crepo_projects.5CpFOTA.5CcL_R2023.2E09.2E01.5Cmake.5Cobj.5CSwcServiceDet.10::
                         285 .LDWlin10:
00000090 40067f00        286 	dispose	0,{r29,r31},[lp]
                         287 	.type	_Det_ReportTransientFault,@function
                         288 	.size	_Det_ReportTransientFault,.-_Det_ReportTransientFault
                         289 	.align	2
                         290 .LDW03:
                         291 --_calloutReturn	r10	local

                                                                      Page 6
                                                              C:\Users\nhuliyap\AppData\Local\Temp\gh_00001vo1.s
                         292 
                         293 --_ModuleId	r6	param
                         294 --_InstanceId	r7	param
                         295 --_ApiId	r8	param
                         296 --_ErrorId	r9	param
                         297 
                         298 	.section ".bss","awb"
                         299 .L661:
                         300 	.type	.L661,@object
                         301 	.size	.L661,0
                         302 	.data
                         303 	.text
                         304 	.align	2
                         305 --_Det_ErrorHookTable	rosdaoff23(_Det_ErrorHookTable)	import
                         306 --_Det_RuntimeErrorCalloutTable	rosdaoff23(_Det_RuntimeErrorCalloutTable)	import
                         307 --_Det_TransientFaultCalloutTable	rosdaoff23(_Det_TransientFaultCalloutTable)	import
                         308 --_detModuleInit	sdaoff23(_detModuleInit)	static
                         309 
                         310 	.data
                         311 	.ghsnote version,17
                         312 	.ghsnote tools,3
                         313 	.ghsnote options,144
                         314 	.text
                         315 	.align	2
                         316 ..eof.C.3A.5C_ECU2.5CECU_Rivian_A1.5CTarget.5Crepo_projects.5CpFOTA.5CcL_R2023.2E09.2E01.5Cmake.5Cobj.5CSwcServiceDet...43.3A.5C_ECU2.5CECU_Rivian_A1.5CTarget.5Crepo_projects.5CpFOTA.5CcL_R2023.2E09.2E01.5Cmake..64F86403..0::
                         317 .rh850_flags REGMODE32,DATA_ALIGN8,GP_FIX,EP_NONFIX,TP_FIX,REG2_RESERVE,G3K,SDA_EXTRA_REGS_0
