                                                                      Page 1
                                                              C:\Users\nhuliyap\AppData\Local\Temp\gh_000015s1.s
Command Line: C:\GHS\comp_201517\ease850.exe -w -stderr=err/SwcServiceEcuM.err -elf -b0 -I../source/_common -I../source/common -I../source/ecuabcanif -I../source/ecuabcantrcv -I../source/ecuabcryif -I../source/ecuabfee -I../source/ecuabmemif -I../source/libautosar -I../source/mcalcan -I../source/mcalcry -I../source/mcaldio -I../source/mcaleep -I../source/mcalfls -I../source/mcalmcu -I../source/projectara -I../source/projectcfg -I../source/projectcompiler -I../source/swcservicebswm -I../source/swcservicecantp -I../source/swcservicecomm -I../source/swcservicecsm -I../source/swcservicedcm -I../source/swcservicedem -I../source/swcservicedet -I../source/swcserviceecum -I../source/swcservicenvm -I../source/swcserviceos -I../source/swcservicepdur -I../source/swcserviceschm -I../source/swcservicestartup -I../source/wrappers/swcservicesecm -I../source/wrappers/vsecprim -I../source/wrappers/vstdlib -Ic:/ghs/comp_201517/ansi -Ic:/ghs/comp_201517/include/v800 -Igendata -IC:\GHS\comp_201517\lib\rh850 -cg_underscore -cpu=rh850g3k -nofpu -no_v850_simd -rh850_fpsimd=none -nomacro -patch_dbo=C:\_ECU2\ECU_Rivian_A1\Target\repo_projects\pFOTA\cL_R2023.09.01\make\obj\SwcServiceEcuM.dbo -source=SwcServiceEcuM.c -o obj\gh_000015s1.o -list=lst/SwcServiceEcuM.lst C:\Users\nhuliyap\AppData\Local\Temp\gh_000015s1.s 
Original File: C:\Users\nhuliyap\AppData\Local\Temp\gh_000015s1.s
Source File: SwcServiceEcuM.c
Directory: C:\_ECU2\ECU_Rivian_A1\Target\repo_projects\pFOTA\cL_R2023.09.01\make
Host OS: Windows
EASE: Copyright (C) 1983-2015 Green Hills Software.  All Rights Reserved.
Release: Compiler v2015.1.7
Build Directory: [Directory] BTOWORKER6:c:/build_2015_1_bto/2015-10-21.2100-2015_1_bto/win32-comp-ecom
Revision: [VCInfo] http://toolsvc/branches/release-branch-70-bto/src@544153 (built by build)
Revision Date: Thu Oct 22 07:50:13 2015

Release Date: Thu Oct 22 09:32:32 2015

                           1 --Driver Command: ccrh850 -DBRS_DERIVATIVE_701018 -DBRS_OSC_CLK=16
                           2 --		-DBRS_TIMEBASE_CLOCK=80 -DBRS_EVA_BOARD_
                           3 --		-DBRS_DERIVATIVE_GROUP_F1L -DBRS_OS_USECASE_BRS
                           4 --		-DBRS_PLATFORM_RH850 -DBRS_COMP_GHS
                           5 --		-DBRS_CPU_LOCAL_RAM_SIZE_CORE0=32
                           6 --		-DBRS_CPU_RAM_START_CORE0=0xFEDF8000 -list=lst/SwcServiceEcuM.lst
                           7 --		-object_dir=obj -stderr=err/SwcServiceEcuM.err -c -cpu=rh850
                           8 --		-sda=all -large_sda -prepare_dispose -pragma_asm_inline -no_callt
                           9 --		-inline_prologue -notda -reserve_r2 -fsoft
                          10 --		--unknown_pragma_warnings -list -g -Ogeneral -shortenum
                          11 --		-registermode=32 -I../source/_common -I../source/common
                          12 --		-I../source/ecuabcanif -I../source/ecuabcantrcv
                          13 --		-I../source/ecuabcryif -I../source/ecuabfee
                          14 --		-I../source/ecuabmemif -I../source/libautosar -I../source/mcalcan
                          15 --		-I../source/mcalcry -I../source/mcaldio -I../source/mcaleep
                          16 --		-I../source/mcalfls -I../source/mcalmcu -I../source/projectara
                          17 --		-I../source/projectcfg -I../source/projectcompiler
                          18 --		-I../source/swcservicebswm -I../source/swcservicecantp
                          19 --		-I../source/swcservicecomm -I../source/swcservicecsm
                          20 --		-I../source/swcservicedcm -I../source/swcservicedem
                          21 --		-I../source/swcservicedet -I../source/swcserviceecum
                          22 --		-I../source/swcservicenvm -I../source/swcserviceos
                          23 --		-I../source/swcservicepdur -I../source/swcserviceschm
                          24 --		-I../source/swcservicestartup -I../source/wrappers/swcservicesecm
                          25 --		-I../source/wrappers/vsecprim -I../source/wrappers/vstdlib
                          26 --		-Ic:/ghs/comp_201517/ansi -Ic:/ghs/comp_201517/include/v800
                          27 --		-Igendata ../source/SwcServiceEcuM/SwcServiceEcuM.c
                          28 --Source File:   ../source/SwcServiceEcuM/SwcServiceEcuM.c
                          29 --Directory:     
                          30 --		C:\_ECU2\ECU_Rivian_A1\Target\repo_projects\pFOTA\cL_R2023.09.01\make
                          31 --Compile Date:  Wed Sep 06 13:35:32 2023
                          32 --Host OS:       Win32
                          33 --Version:       C-RH850 2015.1.7 RELEASE VERSION
                          34 --Release:       Compiler v2015.1.7
                          35 --Revision Date: Thu Oct 22 08:06:12 2015
                          36 --Release Date:  Thu Oct 22 09:34:32 2015
                          37 -- ecom  -g -w -OM
                          38 	.text
                          39 ..bof.C.3A.5C_ECU2.5CECU_Rivian_A1.5CTarget.5Crepo_projects.5CpFOTA.5CcL_R2023.2E09.2E01.5Cmake.5Cobj.5CSwcServiceEcuM...43.3A.5C_ECU2.5CECU_Rivian_A1.5CTarget.5Crepo_projects.5CpFOTA.5CcL_R2023.2E09.2E01.5Cmake..64F86404..0::
                          40 	.align	2
                          41 ..gh.f.f.1.e.0:
                          42 	.type	..gh.f.f.1.e.0,@object
                          43 	.size	..gh.f.f.1.e.0,0
                          44 	.global	_EcuM_SetWakeupEvent
                          45 _EcuM_SetWakeupEvent:
                          46 --	    .bf
                          47 .LDW01:
                          48 --	    .ef
                          49 .LDW11:
00000000 7f00             50 	jmp	[lp]

                                                                      Page 2
                                                              C:\Users\nhuliyap\AppData\Local\Temp\gh_000015s1.s
                          51 	.type	_EcuM_SetWakeupEvent,@function
                          52 	.size	_EcuM_SetWakeupEvent,.-_EcuM_SetWakeupEvent
                          53 	.align	2
                          54 .LDW21:
                          55 
                          56 --_WakeupSource	none	param
                          57 
                          58 	.section ".bss","awb"
                          59 .L32:
                          60 	.type	.L32,@object
                          61 	.size	.L32,0
                          62 	.data
                          63 	.text
                          64 	.align	2
                          65 	.align	2
                          66 ..gh.f.f.1.e.1:
                          67 	.type	..gh.f.f.1.e.1,@object
                          68 	.size	..gh.f.f.1.e.1,0
                          69 	.global	_EcuM_CheckWakeup
                          70 _EcuM_CheckWakeup:
                          71 --	    .bf
                          72 .LDW31:
                          73 --	    .ef
                          74 .LDW41:
00000002 7f00             75 	jmp	[lp]
                          76 	.type	_EcuM_CheckWakeup,@function
                          77 	.size	_EcuM_CheckWakeup,.-_EcuM_CheckWakeup
                          78 	.align	2
                          79 .LDW51:
                          80 
                          81 --_WakeupSource	none	param
                          82 
                          83 	.section ".bss","awb"
                          84 .L64:
                          85 	.type	.L64,@object
                          86 	.size	.L64,0
                          87 	.data
                          88 	.text
                          89 	.align	2
                          90 
                          91 	.data
                          92 	.ghsnote version,17
                          93 	.ghsnote tools,3
                          94 	.ghsnote options,144
                          95 	.text
                          96 	.align	2
                          97 ..eof.C.3A.5C_ECU2.5CECU_Rivian_A1.5CTarget.5Crepo_projects.5CpFOTA.5CcL_R2023.2E09.2E01.5Cmake.5Cobj.5CSwcServiceEcuM...43.3A.5C_ECU2.5CECU_Rivian_A1.5CTarget.5Crepo_projects.5CpFOTA.5CcL_R2023.2E09.2E01.5Cmake..64F86404..0::
                          98 .rh850_flags REGMODE32,DATA_ALIGN8,GP_FIX,EP_NONFIX,TP_FIX,REG2_RESERVE,G3K,SDA_EXTRA_REGS_0
