                                                                      Page 1
                                                              C:\Users\nhuliyap\AppData\Local\Temp\gh_00008i81.s
Command Line: C:\GHS\comp_201517\ease850.exe -w -stderr=err/actBNMult.err -elf -b0 -I../source/_common -I../source/common -I../source/ecuabcanif -I../source/ecuabcantrcv -I../source/ecuabcryif -I../source/ecuabfee -I../source/ecuabmemif -I../source/libautosar -I../source/mcalcan -I../source/mcalcry -I../source/mcaldio -I../source/mcaleep -I../source/mcalfls -I../source/mcalmcu -I../source/projectara -I../source/projectcfg -I../source/projectcompiler -I../source/swcservicebswm -I../source/swcservicecantp -I../source/swcservicecomm -I../source/swcservicecsm -I../source/swcservicedcm -I../source/swcservicedem -I../source/swcservicedet -I../source/swcserviceecum -I../source/swcservicenvm -I../source/swcserviceos -I../source/swcservicepdur -I../source/swcserviceschm -I../source/swcservicestartup -I../source/wrappers/swcservicesecm -I../source/wrappers/vsecprim -I../source/wrappers/vstdlib -Ic:/ghs/comp_201517/ansi -Ic:/ghs/comp_201517/include/v800 -Igendata -IC:\GHS\comp_201517\lib\rh850 -cg_underscore -cpu=rh850g3k -nofpu -no_v850_simd -rh850_fpsimd=none -nomacro -patch_dbo=C:\_ECU2\ECU_Rivian_A1\Target\repo_projects\pFOTA\cL_LATEST\make\obj\actBNMult.dbo -source=actBNMult.c -o obj\gh_00008i81.o -list=lst/actBNMult.lst C:\Users\nhuliyap\AppData\Local\Temp\gh_00008i81.s 
Original File: C:\Users\nhuliyap\AppData\Local\Temp\gh_00008i81.s
Source File: actBNMult.c
Directory: C:\_ECU2\ECU_Rivian_A1\Target\repo_projects\pFOTA\cL_LATEST\make
Host OS: Windows
EASE: Copyright (C) 1983-2015 Green Hills Software.  All Rights Reserved.
Release: Compiler v2015.1.7
Build Directory: [Directory] BTOWORKER6:c:/build_2015_1_bto/2015-10-21.2100-2015_1_bto/win32-comp-ecom
Revision: [VCInfo] http://toolsvc/branches/release-branch-70-bto/src@544153 (built by build)
Revision Date: Thu Oct 22 07:50:13 2015

Release Date: Thu Oct 22 09:32:32 2015

                           1 --Driver Command: ccrh850 -DBRS_DERIVATIVE_701018 -DBRS_OSC_CLK=16
                           2 --		-DBRS_TIMEBASE_CLOCK=80 -DBRS_EVA_BOARD_
                           3 --		-DBRS_DERIVATIVE_GROUP_F1L -DBRS_OS_USECASE_BRS
                           4 --		-DBRS_PLATFORM_RH850 -DBRS_COMP_GHS
                           5 --		-DBRS_CPU_LOCAL_RAM_SIZE_CORE0=32
                           6 --		-DBRS_CPU_RAM_START_CORE0=0xFEDF8000 -list=lst/actBNMult.lst
                           7 --		-object_dir=obj -stderr=err/actBNMult.err -c -cpu=rh850 -sda=all
                           8 --		-large_sda -prepare_dispose -pragma_asm_inline -no_callt
                           9 --		-inline_prologue -notda -reserve_r2 -fsoft
                          10 --		--unknown_pragma_warnings -list -g -Ogeneral -shortenum
                          11 --		-registermode=32 -I../source/_common -I../source/common
                          12 --		-I../source/ecuabcanif -I../source/ecuabcantrcv
                          13 --		-I../source/ecuabcryif -I../source/ecuabfee
                          14 --		-I../source/ecuabmemif -I../source/libautosar -I../source/mcalcan
                          15 --		-I../source/mcalcry -I../source/mcaldio -I../source/mcaleep
                          16 --		-I../source/mcalfls -I../source/mcalmcu -I../source/projectara
                          17 --		-I../source/projectcfg -I../source/projectcompiler
                          18 --		-I../source/swcservicebswm -I../source/swcservicecantp
                          19 --		-I../source/swcservicecomm -I../source/swcservicecsm
                          20 --		-I../source/swcservicedcm -I../source/swcservicedem
                          21 --		-I../source/swcservicedet -I../source/swcserviceecum
                          22 --		-I../source/swcservicenvm -I../source/swcserviceos
                          23 --		-I../source/swcservicepdur -I../source/swcserviceschm
                          24 --		-I../source/swcservicestartup -I../source/wrappers/swcservicesecm
                          25 --		-I../source/wrappers/vsecprim -I../source/wrappers/vstdlib
                          26 --		-Ic:/ghs/comp_201517/ansi -Ic:/ghs/comp_201517/include/v800
                          27 --		-Igendata ../source/wrappers/vSecPrim/actBNMult.c
                          28 --Source File:   ../source/wrappers/vSecPrim/actBNMult.c
                          29 --Directory:     
                          30 --		C:\_ECU2\ECU_Rivian_A1\Target\repo_projects\pFOTA\cL_LATEST\make
                          31 --Compile Date:  Wed Sep 06 14:07:45 2023
                          32 --Host OS:       Win32
                          33 --Version:       C-RH850 2015.1.7 RELEASE VERSION
                          34 --Release:       Compiler v2015.1.7
                          35 --Revision Date: Thu Oct 22 08:06:12 2015
                          36 --Release Date:  Thu Oct 22 09:34:32 2015
                          37 -- ecom  -g -w -OM
                          38 	.section ".MSR_CODE","ax"
                          39 	.align	2
                          40 ..bof.C.3A.5C_ECU2.5CECU_Rivian_A1.5CTarget.5Crepo_projects.5CpFOTA.5CcL_LATEST.5Cmake.5Cobj.5CactBNMult...43.3A.5C_ECU2.5CECU_Rivian_A1.5CTarget.5Crepo_projects.5CpFOTA.5CcL_LATEST.5Cmake..64F86B92..0::
                          41 	.align	2
                          42 ..gh.f.f.1.e.0:
                          43 	.type	..gh.f.f.1.e.0,@object
                          44 	.size	..gh.f.f.1.e.0,0
                          45 	.global	_actBNMult
                          46 _actBNMult:
00000000 8007e3f0         47 	prepare	{r24,r25,r26,r27,r28,r29,r31},0,sp
00000004 06c8             48 	mov	r6,r25
00000006 07e0             49 	mov	r7,r28
00000008 08c0             50 	mov	r8,r24

                                                                      Page 2
                                                              C:\Users\nhuliyap\AppData\Local\Temp\gh_00008i81.s
0000000a 09d0             51 	mov	r9,r26
0000000c 0edd             52 	sld.w	28[ep],r27
0000000e 1035             53 	sld.w	32[ep],r6
                          54 --	    .bf
                          55 .LDW01:
00000010 09e8             56 	mov	r9,r29
00000012 c7e9             57 	add	r7,r29
                          58 	jarl	_actWatchdogTriggerFunction,lp
                          58 <EXPANSION BEGIN>
                          58 jarl22 _actWatchdogTriggerFunction , lp 
00000014 80ff0000*        58 <EXPANSION END>
                          59 --line27
                          60 ..lin.C.3A.5C_ECU2.5CECU_Rivian_A1.5CTarget.5Crepo_projects.5CpFOTA.5CcL_LATEST.5Cmake.5Cobj.5CactBNMult.1::
                          61 .LDWlin1:
00000018 1b30             62 	mov	r27,r6
0000001a 1d38             63 	mov	r29,r7
0000001c 0042             64 	mov	0,r8
                          65 	jarl	_actBNSet,lp
                          65 <EXPANSION BEGIN>
                          65 jarl22 _actBNSet , lp 
0000001e 80ff0000*        65 <EXPANSION END>
                          66 --line29
                          67 ..lin.C.3A.5C_ECU2.5CECU_Rivian_A1.5CTarget.5Crepo_projects.5CpFOTA.5CcL_LATEST.5Cmake.5Cobj.5CactBNMult.2::
                          68 .LDWlin2:
00000022 005a             69 	mov	0,r11
00000024 e525*            70 	br	.L7
                          71 .L6:
                          72 --line30
                          73 ..lin.C.3A.5C_ECU2.5CECU_Rivian_A1.5CTarget.5Crepo_projects.5CpFOTA.5CcL_LATEST.5Cmake.5Cobj.5CactBNMult.3::
                          74 .LDWlin3:
00000026 003a             75 	mov	0,r7
00000028 0750             76 	mov	r7,r10
0000002a b51d*            77 	br	.L11
                          78 .L10:
                          79 --line32
                          80 ..lin.C.3A.5C_ECU2.5CECU_Rivian_A1.5CTarget.5Crepo_projects.5CpFOTA.5CcL_LATEST.5Cmake.5Cobj.5CactBNMult.4::
                          81 .LDWlin4:
0000002c 0a48             82 	mov	r10,r9
0000002e 0b40             83 	mov	r11,r8
00000030 c24a             84 	shl	2,r9
00000032 c242             85 	shl	2,r8
00000034 d949             86 	add	r25,r9
00000036 d841             87 	add	r24,r8
00000038 0af0             88 	mov	r10,ep
0000003a 294f0100         89 	ld.w	0[r9],r9
0000003e 28470100         90 	ld.w	0[r8],r8
00000042 cbf1             91 	add	r11,ep
00000044 c2f2             92 	shl	2,ep
00000046 dbf1             93 	add	r27,ep
00000048 e947226a         94 	mulu	r9,r8,r13
0000004c 0035             95 	sld.w	0[ep],r6
0000004e 0770             96 	mov	r7,r14
00000050 c831             97 	add	r8,r6
00000052 e06fa28b         98 	adfl	zero,r13,r17
00000056 c671             99 	add	r6,r14
00000058 e08fa23b        100 	adfl	zero,r17,r7
0000005c 0175            101 	sst.w	r14,0[ep]
0000005e 4152            102 	add	1,r10
                         103 .L11:
00000060 fc51            104 	cmp	r28,r10
00000062 d1e5*           105 	bl	.L10

                                                                      Page 3
                                                              C:\Users\nhuliyap\AppData\Local\Temp\gh_00008i81.s
                         106 --line36
                         107 ..lin.C.3A.5C_ECU2.5CECU_Rivian_A1.5CTarget.5Crepo_projects.5CpFOTA.5CcL_LATEST.5Cmake.5Cobj.5CactBNMult.5::
                         108 .LDWlin5:
00000064 1cf0            109 	mov	r28,ep
00000066 cbf1            110 	add	r11,ep
00000068 c2f2            111 	shl	2,ep
0000006a dbf1            112 	add	r27,ep
0000006c 013d            113 	sst.w	r7,0[ep]
0000006e 415a            114 	add	1,r11
                         115 .L7:
00000070 fa59            116 	cmp	r26,r11
00000072 a1dd*           117 	bl	.L6
                         118 --	    .ef
                         119 .LDW11:
                         120 --line38
                         121 ..lin.C.3A.5C_ECU2.5CECU_Rivian_A1.5CTarget.5Crepo_projects.5CpFOTA.5CcL_LATEST.5Cmake.5Cobj.5CactBNMult.6::
                         122 .LDWlin6:
00000074 4006fff0        123 	dispose	0,{r24,r25,r26,r27,r28,r29,r31},[lp]
                         124 	.type	_actBNMult,@function
                         125 	.size	_actBNMult,.-_actBNMult
                         126 	.align	2
                         127 .LDW21:
                         128 --_i	r11	local
                         129 --_j	r10	local
                         130 --_c_length	r29	local
                         131 --_tmp	r12	local
                         132 --_carry	r7	local
                         133 
                         134 --_a	r25	param
                         135 --_a_length	r28	param
                         136 --_b	r24	param
                         137 --_b_length	r26	param
                         138 --_c	r27	param
                         139 --_watchdog	r19	param
                         140 
                         141 	.section ".bss","awb"
                         142 .L58:
                         143 	.type	.L58,@object
                         144 	.size	.L58,0
                         145 	.data
                         146 	.section ".MSR_CODE","ax"
                         147 	.align	2
                         148 
                         149 	.data
                         150 	.ghsnote version,17
                         151 	.ghsnote tools,3
                         152 	.ghsnote options,144
                         153 	.section ".MSR_CODE","ax"
                         154 	.align	2
                         155 ..eof.C.3A.5C_ECU2.5CECU_Rivian_A1.5CTarget.5Crepo_projects.5CpFOTA.5CcL_LATEST.5Cmake.5Cobj.5CactBNMult...43.3A.5C_ECU2.5CECU_Rivian_A1.5CTarget.5Crepo_projects.5CpFOTA.5CcL_LATEST.5Cmake..64F86B92..0::
                         156 .rh850_flags REGMODE32,DATA_ALIGN8,GP_FIX,EP_NONFIX,TP_FIX,REG2_RESERVE,G3K,SDA_EXTRA_REGS_0
