                                                                      Page 1
                                                              C:\Users\nhuliyap\AppData\Local\Temp\gh_00005bs1.s
Command Line: C:\GHS\comp_201517\ease850.exe -w -stderr=err/actBNOddInvModBase.err -elf -b0 -I../source/_common -I../source/common -I../source/ecuabcanif -I../source/ecuabcantrcv -I../source/ecuabcryif -I../source/ecuabfee -I../source/ecuabmemif -I../source/libautosar -I../source/mcalcan -I../source/mcalcry -I../source/mcaldio -I../source/mcaleep -I../source/mcalfls -I../source/mcalmcu -I../source/projectara -I../source/projectcfg -I../source/projectcompiler -I../source/swcservicebswm -I../source/swcservicecantp -I../source/swcservicecomm -I../source/swcservicecsm -I../source/swcservicedcm -I../source/swcservicedem -I../source/swcservicedet -I../source/swcserviceecum -I../source/swcservicenvm -I../source/swcserviceos -I../source/swcservicepdur -I../source/swcserviceschm -I../source/swcservicestartup -I../source/wrappers/swcservicesecm -I../source/wrappers/vsecprim -I../source/wrappers/vstdlib -Ic:/ghs/comp_201517/ansi -Ic:/ghs/comp_201517/include/v800 -Igendata -IC:\GHS\comp_201517\lib\rh850 -cg_underscore -cpu=rh850g3k -nofpu -no_v850_simd -rh850_fpsimd=none -nomacro -patch_dbo=C:\_ECU2\ECU_Rivian_A1\Target\repo_projects\pFOTA\cL_LATEST\make\obj\actBNOddInvModBase.dbo -source=actBNOddInvModBase.c -o obj\gh_00005bs1.o -list=lst/actBNOddInvModBase.lst C:\Users\nhuliyap\AppData\Local\Temp\gh_00005bs1.s 
Original File: C:\Users\nhuliyap\AppData\Local\Temp\gh_00005bs1.s
Source File: actBNOddInvModBase.c
Directory: C:\_ECU2\ECU_Rivian_A1\Target\repo_projects\pFOTA\cL_LATEST\make
Host OS: Windows
EASE: Copyright (C) 1983-2015 Green Hills Software.  All Rights Reserved.
Release: Compiler v2015.1.7
Build Directory: [Directory] BTOWORKER6:c:/build_2015_1_bto/2015-10-21.2100-2015_1_bto/win32-comp-ecom
Revision: [VCInfo] http://toolsvc/branches/release-branch-70-bto/src@544153 (built by build)
Revision Date: Thu Oct 22 07:50:13 2015

Release Date: Thu Oct 22 09:32:32 2015

                           1 --Driver Command: ccrh850 -DBRS_DERIVATIVE_701018 -DBRS_OSC_CLK=16
                           2 --		-DBRS_TIMEBASE_CLOCK=80 -DBRS_EVA_BOARD_
                           3 --		-DBRS_DERIVATIVE_GROUP_F1L -DBRS_OS_USECASE_BRS
                           4 --		-DBRS_PLATFORM_RH850 -DBRS_COMP_GHS
                           5 --		-DBRS_CPU_LOCAL_RAM_SIZE_CORE0=32
                           6 --		-DBRS_CPU_RAM_START_CORE0=0xFEDF8000
                           7 --		-list=lst/actBNOddInvModBase.lst -object_dir=obj
                           8 --		-stderr=err/actBNOddInvModBase.err -c -cpu=rh850 -sda=all
                           9 --		-large_sda -prepare_dispose -pragma_asm_inline -no_callt
                          10 --		-inline_prologue -notda -reserve_r2 -fsoft
                          11 --		--unknown_pragma_warnings -list -g -Ogeneral -shortenum
                          12 --		-registermode=32 -I../source/_common -I../source/common
                          13 --		-I../source/ecuabcanif -I../source/ecuabcantrcv
                          14 --		-I../source/ecuabcryif -I../source/ecuabfee
                          15 --		-I../source/ecuabmemif -I../source/libautosar -I../source/mcalcan
                          16 --		-I../source/mcalcry -I../source/mcaldio -I../source/mcaleep
                          17 --		-I../source/mcalfls -I../source/mcalmcu -I../source/projectara
                          18 --		-I../source/projectcfg -I../source/projectcompiler
                          19 --		-I../source/swcservicebswm -I../source/swcservicecantp
                          20 --		-I../source/swcservicecomm -I../source/swcservicecsm
                          21 --		-I../source/swcservicedcm -I../source/swcservicedem
                          22 --		-I../source/swcservicedet -I../source/swcserviceecum
                          23 --		-I../source/swcservicenvm -I../source/swcserviceos
                          24 --		-I../source/swcservicepdur -I../source/swcserviceschm
                          25 --		-I../source/swcservicestartup -I../source/wrappers/swcservicesecm
                          26 --		-I../source/wrappers/vsecprim -I../source/wrappers/vstdlib
                          27 --		-Ic:/ghs/comp_201517/ansi -Ic:/ghs/comp_201517/include/v800
                          28 --		-Igendata ../source/wrappers/vSecPrim/actBNOddInvModBase.c
                          29 --Source File:   ../source/wrappers/vSecPrim/actBNOddInvModBase.c
                          30 --Directory:     
                          31 --		C:\_ECU2\ECU_Rivian_A1\Target\repo_projects\pFOTA\cL_LATEST\make
                          32 --Compile Date:  Wed Sep 06 14:07:47 2023
                          33 --Host OS:       Win32
                          34 --Version:       C-RH850 2015.1.7 RELEASE VERSION
                          35 --Release:       Compiler v2015.1.7
                          36 --Revision Date: Thu Oct 22 08:06:12 2015
                          37 --Release Date:  Thu Oct 22 09:34:32 2015
                          38 -- ecom  -g -w -OM
                          39 	.section ".MSR_CODE","ax"
                          40 	.align	2
                          41 ..bof.C.3A.5C_ECU2.5CECU_Rivian_A1.5CTarget.5Crepo_projects.5CpFOTA.5CcL_LATEST.5Cmake.5Cobj.5CactBNOddInvModBase...43.3A.5C_ECU2.5CECU_Rivian_A1.5CTarget.5Crepo_projects.5CpFOTA.5CcL_LATEST.5Cmake..64F86B93..0::
                          42 	.align	2
                          43 ..gh.f.f.1.e.0:
                          44 	.type	..gh.f.f.1.e.0,@object
                          45 	.size	..gh.f.f.1.e.0,0
                          46 	.global	_actBNOddInvModBase
                          47 _actBNOddInvModBase:
00000000 8007e1f3         48 	prepare	{r22,r23,r24,r25,r26,r27,r28,r29,r31},0
00000004 06b0             49 	mov	r6,r22
00000006 07f0             50 	mov	r7,ep

                                                                      Page 2
                                                              C:\Users\nhuliyap\AppData\Local\Temp\gh_00005bs1.s
                          51 --	    .bf
                          52 .LDW01:
00000008 00ea             53 	mov	0,r29
0000000a 01e2             54 	mov	1,r28
0000000c 1dd8             55 	mov	r29,r27
0000000e 00cd             56 	sld.w	0[ep],r25
00000010 1cd0             57 	mov	r28,r26
00000012 1bb8             58 	mov	r27,r23
00000014 66070100         59 	st.w	zero,0[r6]
00000018 20c62000         60 	movea	32,zero,r24
                          61 .L30:
0000001c 1a48             62 	mov	r26,r9
0000001e c1da             63 	shl	1,r27
00000020 9f4a             64 	shr	31,r9
00000022 09d9             65 	or	r9,r27
00000024 c1d2             66 	shl	1,r26
00000026 1c30             67 	mov	r28,r6
00000028 1d38             68 	mov	r29,r7
0000002a 1a40             69 	mov	r26,r8
0000002c 1b48             70 	mov	r27,r9
                          71 	jarl	___gh_urem64,lp
                          71 <EXPANSION BEGIN>
                          71 jarl22 ___gh_urem64 , lp 
0000002e 80ff0000*        71 <EXPANSION END>
00000032 0b51             72 	or	r11,r10
00000034 c20d*            73 	be	.L32
                          74 --line22
                          75 ..lin.C.3A.5C_ECU2.5CECU_Rivian_A1.5CTarget.5Crepo_projects.5CpFOTA.5CcL_LATEST.5Cmake.5Cobj.5CactBNOddInvModBase.1::
                          76 .LDWlin1:
00000036 d9e1             77 	add	r25,r28
00000038 e0efa2eb         78 	adfl	zero,r29,r29
0000003c 1a40             79 	mov	r26,r8
0000003e 1b68             80 	mov	r27,r13
00000040 8142             81 	shr	1,r8
00000042 df6a             82 	shl	31,r13
00000044 0869             83 	or	r8,r13
00000046 cdb9             84 	add	r13,r23
00000048 76bf0100         85 	st.w	r23,0[r22]
                          86 .L32:
0000004c c1ca             87 	shl	1,r25
0000004e f8063300*        88 	loop	r24,.L30
                          89 --	    .ef
                          90 .LDW11:
                          91 --line28
                          92 ..lin.C.3A.5C_ECU2.5CECU_Rivian_A1.5CTarget.5Crepo_projects.5CpFOTA.5CcL_LATEST.5Cmake.5Cobj.5CactBNOddInvModBase.2::
                          93 .LDWlin2:
00000052 4006fff3         94 	dispose	0,{r22,r23,r24,r25,r26,r27,r28,r29,r31},[lp]
                          95 	.type	_actBNOddInvModBase,@function
                          96 	.size	_actBNOddInvModBase,.-_actBNOddInvModBase
                          97 	.align	2
                          98 .LDW21:
                          99 --_d	r28	local
                         100 --_power	r26	local
                         101 --_tempVal	r25	local
                         102 
                         103 --_inverse	r22	param
                         104 --_value	ep	param
                         105 
                         106 	.section ".bss","awb"
                         107 .L63:
                         108 	.type	.L63,@object

                                                                      Page 3
                                                              C:\Users\nhuliyap\AppData\Local\Temp\gh_00005bs1.s
                         109 	.size	.L63,0
                         110 	.data
                         111 	.section ".MSR_CODE","ax"
                         112 	.align	2
                         113 
                         114 	.data
                         115 	.ghsnote version,17
                         116 	.ghsnote tools,3
                         117 	.ghsnote options,144
                         118 	.section ".MSR_CODE","ax"
                         119 	.align	2
                         120 ..eof.C.3A.5C_ECU2.5CECU_Rivian_A1.5CTarget.5Crepo_projects.5CpFOTA.5CcL_LATEST.5Cmake.5Cobj.5CactBNOddInvModBase...43.3A.5C_ECU2.5CECU_Rivian_A1.5CTarget.5Crepo_projects.5CpFOTA.5CcL_LATEST.5Cmake..64F86B93..0::
                         121 .rh850_flags REGMODE32,DATA_ALIGN8,GP_FIX,EP_NONFIX,TP_FIX,REG2_RESERVE,G3K,SDA_EXTRA_REGS_0
