                                                                      Page 1
                                                              C:\Users\nhuliyap\AppData\Local\Temp\gh_000092g1.s
Command Line: C:\GHS\comp_201517\ease850.exe -w -stderr=err/actBNModExp.err -elf -b0 -I../source/_common -I../source/common -I../source/ecuabcanif -I../source/ecuabcantrcv -I../source/ecuabcryif -I../source/ecuabfee -I../source/ecuabmemif -I../source/libautosar -I../source/mcalcan -I../source/mcalcry -I../source/mcaldio -I../source/mcaleep -I../source/mcalfls -I../source/mcalmcu -I../source/projectara -I../source/projectcfg -I../source/projectcompiler -I../source/swcservicebswm -I../source/swcservicecantp -I../source/swcservicecomm -I../source/swcservicecsm -I../source/swcservicedcm -I../source/swcservicedem -I../source/swcservicedet -I../source/swcserviceecum -I../source/swcservicenvm -I../source/swcserviceos -I../source/swcservicepdur -I../source/swcserviceschm -I../source/swcservicestartup -I../source/wrappers/swcservicesecm -I../source/wrappers/vsecprim -I../source/wrappers/vstdlib -Ic:/ghs/comp_201517/ansi -Ic:/ghs/comp_201517/include/v800 -Igendata -IC:\GHS\comp_201517\lib\rh850 -cg_underscore -cpu=rh850g3k -nofpu -no_v850_simd -rh850_fpsimd=none -nomacro -patch_dbo=C:\_ECU2\ECU_Rivian_A1\Target\repo_projects\pFOTA\cL_LATEST\make\obj\actBNModExp.dbo -source=actBNModExp.c -o obj\gh_000092g1.o -list=lst/actBNModExp.lst C:\Users\nhuliyap\AppData\Local\Temp\gh_000092g1.s 
Original File: C:\Users\nhuliyap\AppData\Local\Temp\gh_000092g1.s
Source File: actBNModExp.c
Directory: C:\_ECU2\ECU_Rivian_A1\Target\repo_projects\pFOTA\cL_LATEST\make
Host OS: Windows
EASE: Copyright (C) 1983-2015 Green Hills Software.  All Rights Reserved.
Release: Compiler v2015.1.7
Build Directory: [Directory] BTOWORKER6:c:/build_2015_1_bto/2015-10-21.2100-2015_1_bto/win32-comp-ecom
Revision: [VCInfo] http://toolsvc/branches/release-branch-70-bto/src@544153 (built by build)
Revision Date: Thu Oct 22 07:50:13 2015

Release Date: Thu Oct 22 09:32:32 2015

                           1 --Driver Command: ccrh850 -DBRS_DERIVATIVE_701018 -DBRS_OSC_CLK=16
                           2 --		-DBRS_TIMEBASE_CLOCK=80 -DBRS_EVA_BOARD_
                           3 --		-DBRS_DERIVATIVE_GROUP_F1L -DBRS_OS_USECASE_BRS
                           4 --		-DBRS_PLATFORM_RH850 -DBRS_COMP_GHS
                           5 --		-DBRS_CPU_LOCAL_RAM_SIZE_CORE0=32
                           6 --		-DBRS_CPU_RAM_START_CORE0=0xFEDF8000 -list=lst/actBNModExp.lst
                           7 --		-object_dir=obj -stderr=err/actBNModExp.err -c -cpu=rh850
                           8 --		-sda=all -large_sda -prepare_dispose -pragma_asm_inline -no_callt
                           9 --		-inline_prologue -notda -reserve_r2 -fsoft
                          10 --		--unknown_pragma_warnings -list -g -Ogeneral -shortenum
                          11 --		-registermode=32 -I../source/_common -I../source/common
                          12 --		-I../source/ecuabcanif -I../source/ecuabcantrcv
                          13 --		-I../source/ecuabcryif -I../source/ecuabfee
                          14 --		-I../source/ecuabmemif -I../source/libautosar -I../source/mcalcan
                          15 --		-I../source/mcalcry -I../source/mcaldio -I../source/mcaleep
                          16 --		-I../source/mcalfls -I../source/mcalmcu -I../source/projectara
                          17 --		-I../source/projectcfg -I../source/projectcompiler
                          18 --		-I../source/swcservicebswm -I../source/swcservicecantp
                          19 --		-I../source/swcservicecomm -I../source/swcservicecsm
                          20 --		-I../source/swcservicedcm -I../source/swcservicedem
                          21 --		-I../source/swcservicedet -I../source/swcserviceecum
                          22 --		-I../source/swcservicenvm -I../source/swcserviceos
                          23 --		-I../source/swcservicepdur -I../source/swcserviceschm
                          24 --		-I../source/swcservicestartup -I../source/wrappers/swcservicesecm
                          25 --		-I../source/wrappers/vsecprim -I../source/wrappers/vstdlib
                          26 --		-Ic:/ghs/comp_201517/ansi -Ic:/ghs/comp_201517/include/v800
                          27 --		-Igendata ../source/wrappers/vSecPrim/actBNModExp.c
                          28 --Source File:   ../source/wrappers/vSecPrim/actBNModExp.c
                          29 --Directory:     
                          30 --		C:\_ECU2\ECU_Rivian_A1\Target\repo_projects\pFOTA\cL_LATEST\make
                          31 --Compile Date:  Wed Sep 06 14:07:40 2023
                          32 --Host OS:       Win32
                          33 --Version:       C-RH850 2015.1.7 RELEASE VERSION
                          34 --Release:       Compiler v2015.1.7
                          35 --Revision Date: Thu Oct 22 08:06:12 2015
                          36 --Release Date:  Thu Oct 22 09:34:32 2015
                          37 -- ecom  -g -w -OM
                          38 	.section ".MSR_CODE","ax"
                          39 	.align	2
                          40 ..bof.C.3A.5C_ECU2.5CECU_Rivian_A1.5CTarget.5Crepo_projects.5CpFOTA.5CcL_LATEST.5Cmake.5Cobj.5CactBNModExp...43.3A.5C_ECU2.5CECU_Rivian_A1.5CTarget.5Crepo_projects.5CpFOTA.5CcL_LATEST.5Cmake..64F86B8D..0::
                          41 	.align	2
                          42 ..gh.f.f.1.e.0:
                          43 	.type	..gh.f.f.1.e.0,@object
                          44 	.size	..gh.f.f.1.e.0,0
                          45 	.global	_actBNModExp
                          46 _actBNModExp:
00000000 8207e3f3         47 	prepare	{r22,r23,r24,r25,r26,r27,r28,r29,r31},1,sp
00000004 06b8             48 	mov	r6,r23
00000006 07b0             49 	mov	r7,r22
00000008 08d8             50 	mov	r8,r27

                                                                      Page 2
                                                              C:\Users\nhuliyap\AppData\Local\Temp\gh_000092g1.s
0000000a 09d0             51 	mov	r9,r26
0000000c 14c5             52 	sld.w	40[ep],r24
0000000e 16e5             53 	sld.w	44[ep],r28
                          54 --	    .bf
                          55 .LDW01:
00000010 09f0             56 	mov	r9,ep
00000012 02cd             57 	sld.w	4[ep],r25
00000014 0035             58 	sld.w	0[ep],r6
00000016 1938             59 	mov	r25,r7
                          60 	jarl	_actBNGetBitLength,lp
                          60 <EXPANSION BEGIN>
                          60 jarl22 _actBNGetBitLength , lp 
00000018 80ff0000*        60 <EXPANSION END>
0000001c 0aeeffff         61 	addi	-1,r10,r29
                          62 --line22
                          63 ..lin.C.3A.5C_ECU2.5CECU_Rivian_A1.5CTarget.5Crepo_projects.5CpFOTA.5CcL_LATEST.5Cmake.5Cobj.5CactBNModExp.1::
                          64 .LDWlin1:
00000020 38c70100         65 	ld.w	0[r24],r24
00000024 1c30             66 	mov	r28,r6
                          67 	jarl	_actWatchdogTriggerFunction,lp
                          67 <EXPANSION BEGIN>
                          67 jarl22 _actWatchdogTriggerFunction , lp 
00000026 80ff0000*        67 <EXPANSION END>
                          68 --line26
                          69 ..lin.C.3A.5C_ECU2.5CECU_Rivian_A1.5CTarget.5Crepo_projects.5CpFOTA.5CcL_LATEST.5Cmake.5Cobj.5CactBNModExp.2::
                          70 .LDWlin2:
0000002a a505*            71 	br	.L4
                          72 .L7:
                          73 --line30
                          74 ..lin.C.3A.5C_ECU2.5CECU_Rivian_A1.5CTarget.5Crepo_projects.5CpFOTA.5CcL_LATEST.5Cmake.5Cobj.5CactBNModExp.3::
                          75 .LDWlin3:
0000002c 5fea             76 	add	-1,r29
                          77 .L4:
0000002e 1df0             78 	mov	r29,ep
00000030 85f2             79 	shr	5,ep
00000032 c2f2             80 	shl	2,ep
00000034 d6f1             81 	add	r22,ep
00000036 0085             82 	sld.w	0[ep],r16
00000038 fd878288         83 	shr	r29,r16,r17
0000003c 818a             84 	shr	1,r17
0000003e f9f5*            85 	bnl	.L7
                          86 --line33
                          87 ..lin.C.3A.5C_ECU2.5CECU_Rivian_A1.5CTarget.5Crepo_projects.5CpFOTA.5CcL_LATEST.5Cmake.5Cobj.5CactBNModExp.4::
                          88 .LDWlin4:
00000040 1c30             89 	mov	r28,r6
                          90 	jarl	_actWatchdogTriggerFunction,lp
                          90 <EXPANSION BEGIN>
                          90 jarl22 _actWatchdogTriggerFunction , lp 
00000042 80ff0000*        90 <EXPANSION END>
                          91 --line35
                          92 ..lin.C.3A.5C_ECU2.5CECU_Rivian_A1.5CTarget.5Crepo_projects.5CpFOTA.5CcL_LATEST.5Cmake.5Cobj.5CactBNModExp.5::
                          93 .LDWlin5:
00000046 1b30             94 	mov	r27,r6
00000048 1738             95 	mov	r23,r7
0000004a 1940             96 	mov	r25,r8
                          97 	jarl	_actBNCopy,lp
                          97 <EXPANSION BEGIN>
                          97 jarl22 _actBNCopy , lp 
0000004c 80ff0000*        97 <EXPANSION END>
                          98 --line37
                          99 ..lin.C.3A.5C_ECU2.5CECU_Rivian_A1.5CTarget.5Crepo_projects.5CpFOTA.5CcL_LATEST.5Cmake.5Cobj.5CactBNModExp.6::

                                                                      Page 3
                                                              C:\Users\nhuliyap\AppData\Local\Temp\gh_000092g1.s
                         100 .LDWlin6:
00000050 1c30            101 	mov	r28,r6
                         102 	jarl	_actWatchdogTriggerFunction,lp
                         102 <EXPANSION BEGIN>
                         102 jarl22 _actWatchdogTriggerFunction , lp 
00000052 80ff0000*       102 <EXPANSION END>
                         103 --line39
                         104 ..lin.C.3A.5C_ECU2.5CECU_Rivian_A1.5CTarget.5Crepo_projects.5CpFOTA.5CcL_LATEST.5Cmake.5Cobj.5CactBNModExp.7::
                         105 .LDWlin7:
00000056 9525*           106 	br	.L12
                         107 .L11:
                         108 --line42
                         109 ..lin.C.3A.5C_ECU2.5CECU_Rivian_A1.5CTarget.5Crepo_projects.5CpFOTA.5CcL_LATEST.5Cmake.5Cobj.5CactBNModExp.8::
                         110 .LDWlin8:
00000058 1b30            111 	mov	r27,r6
0000005a 1b38            112 	mov	r27,r7
0000005c 1840            113 	mov	r24,r8
0000005e 1a48            114 	mov	r26,r9
00000060 63e70100        115 	st.w	r28,0[sp]
                         116 	jarl	_actBNMontMul,lp
                         116 <EXPANSION BEGIN>
                         116 jarl22 _actBNMontMul , lp 
00000064 80ff0000*       116 <EXPANSION END>
                         117 --line46
                         118 ..lin.C.3A.5C_ECU2.5CECU_Rivian_A1.5CTarget.5Crepo_projects.5CpFOTA.5CcL_LATEST.5Cmake.5Cobj.5CactBNModExp.9::
                         119 .LDWlin9:
00000068 5fea            120 	add	-1,r29
0000006a 1df0            121 	mov	r29,ep
0000006c 85f2            122 	shr	5,ep
0000006e c2f2            123 	shl	2,ep
00000070 d6f1            124 	add	r22,ep
00000072 0065            125 	sld.w	0[ep],r12
00000074 fd678268        126 	shr	r29,r12,r13
00000078 816a            127 	shr	1,r13
0000007a a90d*           128 	bnl	.L13
                         129 --line49
                         130 ..lin.C.3A.5C_ECU2.5CECU_Rivian_A1.5CTarget.5Crepo_projects.5CpFOTA.5CcL_LATEST.5Cmake.5Cobj.5CactBNModExp.10::
                         131 .LDWlin10:
0000007c 1830            132 	mov	r24,r6
0000007e 1738            133 	mov	r23,r7
00000080 1b40            134 	mov	r27,r8
00000082 1a48            135 	mov	r26,r9
00000084 63e70100        136 	st.w	r28,0[sp]
                         137 	jarl	_actBNMontMul,lp
                         137 <EXPANSION BEGIN>
                         137 jarl22 _actBNMontMul , lp 
00000088 80ff0000*       137 <EXPANSION END>
0000008c e505*           138 	br	.L12
                         139 .L13:
0000008e 1838            140 	mov	r24,r7
                         141 --line54
                         142 ..lin.C.3A.5C_ECU2.5CECU_Rivian_A1.5CTarget.5Crepo_projects.5CpFOTA.5CcL_LATEST.5Cmake.5Cobj.5CactBNModExp.11::
                         143 .LDWlin11:
00000090 1b30            144 	mov	r27,r6
00000092 1940            145 	mov	r25,r8
                         146 	jarl	_actBNCopy,lp
                         146 <EXPANSION BEGIN>
                         146 jarl22 _actBNCopy , lp 
00000094 80ff0000*       146 <EXPANSION END>
                         147 .L12:
                         148 --line39

                                                                      Page 4
                                                              C:\Users\nhuliyap\AppData\Local\Temp\gh_000092g1.s
                         149 ..lin.C.3A.5C_ECU2.5CECU_Rivian_A1.5CTarget.5Crepo_projects.5CpFOTA.5CcL_LATEST.5Cmake.5Cobj.5CactBNModExp.12::
                         150 .LDWlin12:
00000098 e0e9            151 	cmp	zero,r29
0000009a fadd*           152 	bne	.L11
                         153 --line374
                         154 ..lin.C.3A.5C_ECU2.5CECU_Rivian_A1.5CTarget.5Crepo_projects.5CpFOTA.5CcL_LATEST.5Cmake.5Cobj.5CactBNModExp.13::
                         155 .LDWlin13:
0000009c 1c30            156 	mov	r28,r6
                         157 	jarl	_actWatchdogTriggerFunction,lp
                         157 <EXPANSION BEGIN>
                         157 jarl22 _actWatchdogTriggerFunction , lp 
0000009e 80ff0000*       157 <EXPANSION END>
                         158 --	    .ef
                         159 .LDW11:
                         160 --line375
                         161 ..lin.C.3A.5C_ECU2.5CECU_Rivian_A1.5CTarget.5Crepo_projects.5CpFOTA.5CcL_LATEST.5Cmake.5Cobj.5CactBNModExp.14::
                         162 .LDWlin14:
000000a2 4206fff3        163 	dispose	1,{r22,r23,r24,r25,r26,r27,r28,r29,r31},[lp]
                         164 	.type	_actBNModExp,@function
                         165 	.size	_actBNModExp,.-_actBNModExp
                         166 	.align	2
                         167 .LDW21:
                         168 --_m_length	r25	local
                         169 --_i	r29	local
                         170 --_tmp	r24	local
                         171 
                         172 --_gR	r23	param
                         173 --_e	r22	param
                         174 --_AR	r27	param
                         175 --_Ring	r26	param
                         176 --_t	r24	param
                         177 --_watchdog	r28	param
                         178 
                         179 	.section ".bss","awb"
                         180 .L92:
                         181 	.type	.L92,@object
                         182 	.size	.L92,0
                         183 	.data
                         184 	.section ".MSR_CODE","ax"
                         185 	.align	2
                         186 
                         187 	.data
                         188 	.ghsnote version,17
                         189 	.ghsnote tools,3
                         190 	.ghsnote options,144
                         191 	.section ".MSR_CODE","ax"
                         192 	.align	2
                         193 ..eof.C.3A.5C_ECU2.5CECU_Rivian_A1.5CTarget.5Crepo_projects.5CpFOTA.5CcL_LATEST.5Cmake.5Cobj.5CactBNModExp...43.3A.5C_ECU2.5CECU_Rivian_A1.5CTarget.5Crepo_projects.5CpFOTA.5CcL_LATEST.5Cmake..64F86B8D..0::
                         194 .rh850_flags REGMODE32,DATA_ALIGN8,GP_FIX,EP_NONFIX,TP_FIX,REG2_RESERVE,G3K,SDA_EXTRA_REGS_0
