                                                                      Page 1
                                                              C:\Users\nhuliyap\AppData\Local\Temp\gh_00004kk1.s
Command Line: C:\GHS\comp_201517\ease850.exe -w -stderr=err/actPadding.err -elf -b0 -I../source/_common -I../source/common -I../source/ecuabcanif -I../source/ecuabcantrcv -I../source/ecuabcryif -I../source/ecuabfee -I../source/ecuabmemif -I../source/libautosar -I../source/mcalcan -I../source/mcalcry -I../source/mcaldio -I../source/mcaleep -I../source/mcalfls -I../source/mcalmcu -I../source/projectara -I../source/projectcfg -I../source/projectcompiler -I../source/swcservicebswm -I../source/swcservicecantp -I../source/swcservicecomm -I../source/swcservicecsm -I../source/swcservicedcm -I../source/swcservicedem -I../source/swcservicedet -I../source/swcserviceecum -I../source/swcservicenvm -I../source/swcserviceos -I../source/swcservicepdur -I../source/swcserviceschm -I../source/swcservicestartup -I../source/wrappers/swcservicesecm -I../source/wrappers/vsecprim -I../source/wrappers/vstdlib -Ic:/ghs/comp_201517/ansi -Ic:/ghs/comp_201517/include/v800 -Igendata -IC:\GHS\comp_201517\lib\rh850 -cg_underscore -cpu=rh850g3k -nofpu -no_v850_simd -rh850_fpsimd=none -nomacro -patch_dbo=C:\_ECU2\ECU_Rivian_A1\Target\repo_projects\pFOTA\cL_LATEST\make\obj\actPadding.dbo -source=actPadding.c -o obj\gh_00004kk1.o -list=lst/actPadding.lst C:\Users\nhuliyap\AppData\Local\Temp\gh_00004kk1.s 
Original File: C:\Users\nhuliyap\AppData\Local\Temp\gh_00004kk1.s
Source File: actPadding.c
Directory: C:\_ECU2\ECU_Rivian_A1\Target\repo_projects\pFOTA\cL_LATEST\make
Host OS: Windows
EASE: Copyright (C) 1983-2015 Green Hills Software.  All Rights Reserved.
Release: Compiler v2015.1.7
Build Directory: [Directory] BTOWORKER6:c:/build_2015_1_bto/2015-10-21.2100-2015_1_bto/win32-comp-ecom
Revision: [VCInfo] http://toolsvc/branches/release-branch-70-bto/src@544153 (built by build)
Revision Date: Thu Oct 22 07:50:13 2015

Release Date: Thu Oct 22 09:32:32 2015

                           1 --Driver Command: ccrh850 -DBRS_DERIVATIVE_701018 -DBRS_OSC_CLK=16
                           2 --		-DBRS_TIMEBASE_CLOCK=80 -DBRS_EVA_BOARD_
                           3 --		-DBRS_DERIVATIVE_GROUP_F1L -DBRS_OS_USECASE_BRS
                           4 --		-DBRS_PLATFORM_RH850 -DBRS_COMP_GHS
                           5 --		-DBRS_CPU_LOCAL_RAM_SIZE_CORE0=32
                           6 --		-DBRS_CPU_RAM_START_CORE0=0xFEDF8000 -list=lst/actPadding.lst
                           7 --		-object_dir=obj -stderr=err/actPadding.err -c -cpu=rh850 -sda=all
                           8 --		-large_sda -prepare_dispose -pragma_asm_inline -no_callt
                           9 --		-inline_prologue -notda -reserve_r2 -fsoft
                          10 --		--unknown_pragma_warnings -list -g -Ogeneral -shortenum
                          11 --		-registermode=32 -I../source/_common -I../source/common
                          12 --		-I../source/ecuabcanif -I../source/ecuabcantrcv
                          13 --		-I../source/ecuabcryif -I../source/ecuabfee
                          14 --		-I../source/ecuabmemif -I../source/libautosar -I../source/mcalcan
                          15 --		-I../source/mcalcry -I../source/mcaldio -I../source/mcaleep
                          16 --		-I../source/mcalfls -I../source/mcalmcu -I../source/projectara
                          17 --		-I../source/projectcfg -I../source/projectcompiler
                          18 --		-I../source/swcservicebswm -I../source/swcservicecantp
                          19 --		-I../source/swcservicecomm -I../source/swcservicecsm
                          20 --		-I../source/swcservicedcm -I../source/swcservicedem
                          21 --		-I../source/swcservicedet -I../source/swcserviceecum
                          22 --		-I../source/swcservicenvm -I../source/swcserviceos
                          23 --		-I../source/swcservicepdur -I../source/swcserviceschm
                          24 --		-I../source/swcservicestartup -I../source/wrappers/swcservicesecm
                          25 --		-I../source/wrappers/vsecprim -I../source/wrappers/vstdlib
                          26 --		-Ic:/ghs/comp_201517/ansi -Ic:/ghs/comp_201517/include/v800
                          27 --		-Igendata ../source/wrappers/vSecPrim/actPadding.c
                          28 --Source File:   ../source/wrappers/vSecPrim/actPadding.c
                          29 --Directory:     
                          30 --		C:\_ECU2\ECU_Rivian_A1\Target\repo_projects\pFOTA\cL_LATEST\make
                          31 --Compile Date:  Wed Sep 06 14:08:45 2023
                          32 --Host OS:       Win32
                          33 --Version:       C-RH850 2015.1.7 RELEASE VERSION
                          34 --Release:       Compiler v2015.1.7
                          35 --Revision Date: Thu Oct 22 08:06:12 2015
                          36 --Release Date:  Thu Oct 22 09:34:32 2015
                          37 -- ecom  -g -w -OM
                          38 	.section ".MSR_CODE","ax"
                          39 	.align	2
                          40 ..bof.C.3A.5C_ECU2.5CECU_Rivian_A1.5CTarget.5Crepo_projects.5CpFOTA.5CcL_LATEST.5Cmake.5Cobj.5CactPadding...43.3A.5C_ECU2.5CECU_Rivian_A1.5CTarget.5Crepo_projects.5CpFOTA.5CcL_LATEST.5Cmake..64F86BCD..0::
                          41 	.align	2
                          42 ..gh.f.f.1.e.0:
                          43 	.type	..gh.f.f.1.e.0,@object
                          44 	.size	..gh.f.f.1.e.0,0
                          45 	.global	_actPaddingInit
                          46 _actPaddingInit:
                          47 --	    .bf
                          48 .LDW01:
00000000 c636ff00         49 	andi	255,r6,r6
00000004 a20d*            50 	be	.L6

                                                                      Page 2
                                                              C:\Users\nhuliyap\AppData\Local\Temp\gh_00004kk1.s
00000006 0606f0ff         51 	addi	-16,r6,zero
0000000a f205*            52 	be	.L6
0000000c 0606e0ff         53 	addi	-32,r6,zero
00000010 c205*            54 	be	.L6
                          55 --line27
                          56 ..lin.C.3A.5C_ECU2.5CECU_Rivian_A1.5CTarget.5Crepo_projects.5CpFOTA.5CcL_LATEST.5Cmake.5Cobj.5CactPadding.1::
                          57 .LDWlin1:
00000012 2056f700         58 	movea	247,zero,r10
00000016 7f00             59 	jmp	[lp]
                          60 .L6:
                          61 --line21
                          62 ..lin.C.3A.5C_ECU2.5CECU_Rivian_A1.5CTarget.5Crepo_projects.5CpFOTA.5CcL_LATEST.5Cmake.5Cobj.5CactPadding.2::
                          63 .LDWlin2:
00000018 0052             64 	mov	0,r10
                          65 --	    .ef
                          66 .LDW11:
0000001a 7f00             67 	jmp	[lp]
                          68 	.type	_actPaddingInit,@function
                          69 	.size	_actPaddingInit,.-_actPaddingInit
                          70 	.align	2
                          71 .LDW21:
                          72 --_result	r10	local
                          73 
                          74 --_mode	r6	param
                          75 
                          76 	.section ".bss","awb"
                          77 .L48:
                          78 	.type	.L48,@object
                          79 	.size	.L48,0
                          80 	.data
                          81 	.section ".MSR_CODE","ax"
                          82 	.align	2
                          83 	.align	2
                          84 ..gh.f.f.1.e.1:
                          85 	.type	..gh.f.f.1.e.1,@object
                          86 	.size	..gh.f.f.1.e.1,0
                          87 	.global	_actPaddingPad
                          88 _actPaddingPad:
0000001c 8007e170         89 	prepare	{r25,r26,r27,r28,r29,r31},0
                          90 --	    .bf
                          91 .LDW31:
00000020 28e70100         92 	ld.w	0[r8],r28
00000024 fc39             93 	cmp	r28,r7
00000026 cb05*            94 	bh	.L119
                          95 --line46
                          96 ..lin.C.3A.5C_ECU2.5CECU_Rivian_A1.5CTarget.5Crepo_projects.5CpFOTA.5CcL_LATEST.5Cmake.5Cobj.5CactPadding.3::
                          97 .LDWlin3:
00000028 20def800         98 	movea	248,zero,r27
0000002c e52d*            99 	br	.L121
                         100 .L119:
0000002e 8600            101 	zxb	r6
00000030 08d0            102 	mov	r8,r26
                         103 --line52
                         104 ..lin.C.3A.5C_ECU2.5CECU_Rivian_A1.5CTarget.5Crepo_projects.5CpFOTA.5CcL_LATEST.5Cmake.5Cobj.5CactPadding.4::
                         105 .LDWlin4:
00000032 e031            106 	cmp	zero,r6
00000034 d20d*           107 	be	.L124
00000036 07e8            108 	mov	r7,r29
00000038 bce9            109 	sub	r28,r29
0000003a 00da            110 	mov	0,r27
0000003c 0606f0ff        111 	addi	-16,r6,zero

                                                                      Page 3
                                                              C:\Users\nhuliyap\AppData\Local\Temp\gh_00004kk1.s
00000040 e20d*           112 	be	.L129
00000042 0606e0ff        113 	addi	-32,r6,zero
00000046 f215*           114 	be	.L131
                         115 --line79
                         116 ..lin.C.3A.5C_ECU2.5CECU_Rivian_A1.5CTarget.5Crepo_projects.5CpFOTA.5CcL_LATEST.5Cmake.5Cobj.5CactPadding.5::
                         117 .LDWlin5:
00000048 20def600        118 	movea	246,zero,r27
0000004c b51d*           119 	br	.L127
                         120 .L124:
                         121 --line55
                         122 ..lin.C.3A.5C_ECU2.5CECU_Rivian_A1.5CTarget.5Crepo_projects.5CpFOTA.5CcL_LATEST.5Cmake.5Cobj.5CactPadding.6::
                         123 .LDWlin6:
0000004e 209ef800        124 	movea	248,zero,r19
00000052 e0e1            125 	cmp	zero,r28
00000054 e09f04db        126 	cmove	0,r19,r27
00000058 06e8            127 	mov	r6,r29
0000005a c515*           128 	br	.L127
                         129 .L129:
                         130 --line66
                         131 ..lin.C.3A.5C_ECU2.5CECU_Rivian_A1.5CTarget.5Crepo_projects.5CpFOTA.5CcL_LATEST.5Cmake.5Cobj.5CactPadding.7::
                         132 .LDWlin7:
0000005c 1c30            133 	mov	r28,r6
0000005e c931            134 	add	r9,r6
00000060 06c8            135 	mov	r6,r25
00000062 1d40            136 	mov	r29,r8
00000064 1b38            137 	mov	r27,r7
                         138 	jarl	_VStdLib_MemSet,lp
                         138 <EXPANSION BEGIN>
                         138 jarl22 _VStdLib_MemSet , lp 
00000066 80ff0000*       138 <EXPANSION END>
                         139 --line67
                         140 ..lin.C.3A.5C_ECU2.5CECU_Rivian_A1.5CTarget.5Crepo_projects.5CpFOTA.5CcL_LATEST.5Cmake.5Cobj.5CactPadding.8::
                         141 .LDWlin8:
0000006a 20968000        142 	movea	128,zero,r18
0000006e 59970000        143 	st.b	r18,0[r25]
00000072 850d*           144 	br	.L127
                         145 .L131:
                         146 --line73
                         147 ..lin.C.3A.5C_ECU2.5CECU_Rivian_A1.5CTarget.5Crepo_projects.5CpFOTA.5CcL_LATEST.5Cmake.5Cobj.5CactPadding.9::
                         148 .LDWlin9:
00000074 1c30            149 	mov	r28,r6
00000076 1d38            150 	mov	r29,r7
00000078 c931            151 	add	r9,r6
0000007a 8700            152 	zxb	r7
0000007c 1d40            153 	mov	r29,r8
                         154 	jarl	_VStdLib_MemSet,lp
                         154 <EXPANSION BEGIN>
                         154 jarl22 _VStdLib_MemSet , lp 
0000007e 80ff0000*       154 <EXPANSION END>
                         155 .L127:
                         156 --line85
                         157 ..lin.C.3A.5C_ECU2.5CECU_Rivian_A1.5CTarget.5Crepo_projects.5CpFOTA.5CcL_LATEST.5Cmake.5Cobj.5CactPadding.10::
                         158 .LDWlin10:
00000082 dce9            159 	add	r28,r29
00000084 7aef0100        160 	st.w	r29,0[r26]
                         161 .L121:
00000088 1b50            162 	mov	r27,r10
                         163 --	    .ef
                         164 .LDW41:
0000008a 4006ff70        165 	dispose	0,{r25,r26,r27,r28,r29,r31},[lp]
                         166 	.type	_actPaddingPad,@function

                                                                      Page 4
                                                              C:\Users\nhuliyap\AppData\Local\Temp\gh_00004kk1.s
                         167 	.size	_actPaddingPad,.-_actPaddingPad
                         168 	.align	2
                         169 .LDW51:
                         170 --_result	r27	local
                         171 --_pad	r29	local
                         172 --_used	r28	local
                         173 
                         174 --_mode	r6	param
                         175 --_buffer_size	r7	param
                         176 --_buffer_used	r26	param
                         177 --_buffer	r9	param
                         178 
                         179 	.section ".bss","awb"
                         180 .L208:
                         181 	.type	.L208,@object
                         182 	.size	.L208,0
                         183 	.data
                         184 	.section ".MSR_CODE","ax"
                         185 	.align	2
                         186 	.align	2
                         187 ..gh.f.f.1.e.2:
                         188 	.type	..gh.f.f.1.e.2,@object
                         189 	.size	..gh.f.f.1.e.2,0
                         190 	.global	_actPaddingUnpad
                         191 _actPaddingUnpad:
0000008e 0888            192 	mov	r8,r17
                         193 --	    .bf
                         194 .LDW61:
00000090 0052            195 	mov	0,r10
00000092 c636ff00        196 	andi	255,r6,r6
00000096 a20d*           197 	be	.L329
00000098 0606f0ff        198 	addi	-16,r6,zero
0000009c 920d*           199 	be	.L332
0000009e 0606e0ff        200 	addi	-32,r6,zero
000000a2 921d*           201 	be	.L345
                         202 .L356:
                         203 --line155
                         204 ..lin.C.3A.5C_ECU2.5CECU_Rivian_A1.5CTarget.5Crepo_projects.5CpFOTA.5CcL_LATEST.5Cmake.5Cobj.5CactPadding.11::
                         205 .LDWlin11:
000000a4 2056f600        206 	movea	246,zero,r10
000000a8 7f00            207 	jmp	[lp]
                         208 .L329:
                         209 --line105
                         210 ..lin.C.3A.5C_ECU2.5CECU_Rivian_A1.5CTarget.5Crepo_projects.5CpFOTA.5CcL_LATEST.5Cmake.5Cobj.5CactPadding.12::
                         211 .LDWlin12:
000000aa 0730            212 	mov	r7,r6
000000ac b52d*           213 	br	.L359
                         214 .L332:
                         215 --line111
                         216 ..lin.C.3A.5C_ECU2.5CECU_Rivian_A1.5CTarget.5Crepo_projects.5CpFOTA.5CcL_LATEST.5Cmake.5Cobj.5CactPadding.13::
                         217 .LDWlin13:
000000ae 0796ffff        218 	addi	-1,r7,r18
000000b2 f505*           219 	br	.L336
                         220 .L335:
                         221 --line113
                         222 ..lin.C.3A.5C_ECU2.5CECU_Rivian_A1.5CTarget.5Crepo_projects.5CpFOTA.5CcL_LATEST.5Cmake.5Cobj.5CactPadding.14::
                         223 .LDWlin14:
000000b4 12f0            224 	mov	r18,ep
000000b6 c9f1            225 	add	r9,ep
000000b8 6080            226 	sld.bu	0[ep],r16
000000ba e081            227 	cmp	zero,r16

                                                                      Page 5
                                                              C:\Users\nhuliyap\AppData\Local\Temp\gh_00004kk1.s
000000bc ca05*           228 	bne	.L339
                         229 --line111
                         230 ..lin.C.3A.5C_ECU2.5CECU_Rivian_A1.5CTarget.5Crepo_projects.5CpFOTA.5CcL_LATEST.5Cmake.5Cobj.5CactPadding.15::
                         231 .LDWlin15:
000000be 5f92            232 	add	-1,r18
                         233 .L336:
000000c0 e091            234 	cmp	zero,r18
000000c2 9afd*           235 	bne	.L335
                         236 .L339:
                         237 --line119
                         238 ..lin.C.3A.5C_ECU2.5CECU_Rivian_A1.5CTarget.5Crepo_projects.5CpFOTA.5CcL_LATEST.5Cmake.5Cobj.5CactPadding.16::
                         239 .LDWlin16:
000000c4 12f0            240 	mov	r18,ep
000000c6 c9f1            241 	add	r9,ep
000000c8 6098            242 	sld.bu	0[ep],r19
000000ca 1230            243 	mov	r18,r6
000000cc 130680ff        244 	addi	-128,r19,zero
000000d0 aaed*           245 	bne	.L356
000000d2 851d*           246 	br	.L359
                         247 .L345:
                         248 --line132
                         249 ..lin.C.3A.5C_ECU2.5CECU_Rivian_A1.5CTarget.5Crepo_projects.5CpFOTA.5CcL_LATEST.5Cmake.5Cobj.5CactPadding.17::
                         250 .LDWlin17:
000000d4 0730            251 	mov	r7,r6
000000d6 c931            252 	add	r9,r6
000000d8 a647ffff        253 	ld.bu	-1[r6],r8
000000dc e741            254 	cmp	r7,r8
000000de bbe5*           255 	bh	.L356
                         256 --line140
                         257 ..lin.C.3A.5C_ECU2.5CECU_Rivian_A1.5CTarget.5Crepo_projects.5CpFOTA.5CcL_LATEST.5Cmake.5Cobj.5CactPadding.18::
                         258 .LDWlin18:
000000e0 0730            259 	mov	r7,r6
000000e2 a831            260 	sub	r8,r6
000000e4 0690            261 	mov	r6,r18
000000e6 a50d*           262 	br	.L352
                         263 .L351:
                         264 --line144
                         265 ..lin.C.3A.5C_ECU2.5CECU_Rivian_A1.5CTarget.5Crepo_projects.5CpFOTA.5CcL_LATEST.5Cmake.5Cobj.5CactPadding.19::
                         266 .LDWlin19:
000000e8 12f0            267 	mov	r18,ep
000000ea c9f1            268 	add	r9,ep
000000ec 6070            269 	sld.bu	0[ep],r14
000000ee 207ef600        270 	movea	246,zero,r15
000000f2 e871            271 	cmp	r8,r14
000000f4 ea7f2453        272 	cmove	r10,r15,r10
000000f8 4192            273 	add	1,r18
                         274 .L352:
000000fa e791            275 	cmp	r7,r18
000000fc e1f5*           276 	bl	.L351
                         277 --line161
                         278 ..lin.C.3A.5C_ECU2.5CECU_Rivian_A1.5CTarget.5Crepo_projects.5CpFOTA.5CcL_LATEST.5Cmake.5Cobj.5CactPadding.20::
                         279 .LDWlin20:
000000fe e051            280 	cmp	zero,r10
00000100 ca05*           281 	bne	.L325
                         282 .L359:
                         283 --line162
                         284 ..lin.C.3A.5C_ECU2.5CECU_Rivian_A1.5CTarget.5Crepo_projects.5CpFOTA.5CcL_LATEST.5Cmake.5Cobj.5CactPadding.21::
                         285 .LDWlin21:
00000102 71370100        286 	st.w	r6,0[r17]
00000106 7f00            287 	jmp	[lp]
                         288 .L325:

                                                                      Page 6
                                                              C:\Users\nhuliyap\AppData\Local\Temp\gh_00004kk1.s
                         289 --	    .ef
                         290 .LDW71:
                         291 --line165
                         292 ..lin.C.3A.5C_ECU2.5CECU_Rivian_A1.5CTarget.5Crepo_projects.5CpFOTA.5CcL_LATEST.5Cmake.5Cobj.5CactPadding.22::
                         293 .LDWlin22:
00000108 7f00            294 	jmp	[lp]
                         295 	.type	_actPaddingUnpad,@function
                         296 	.size	_actPaddingUnpad,.-_actPaddingUnpad
                         297 	.align	2
                         298 .LDW81:
                         299 --_result	r10	local
                         300 --_pad	r8	local
                         301 --_unpad	r6	local
                         302 --_index	r18	local
                         303 
                         304 --_mode	r6	param
                         305 --_buffer_size	r7	param
                         306 --_buffer_used	r17	param
                         307 --_buffer	r9	param
                         308 
                         309 	.section ".bss","awb"
                         310 .L511:
                         311 	.type	.L511,@object
                         312 	.size	.L511,0
                         313 	.data
                         314 	.section ".MSR_CODE","ax"
                         315 	.align	2
                         316 
                         317 	.data
                         318 	.ghsnote version,17
                         319 	.ghsnote tools,3
                         320 	.ghsnote options,144
                         321 	.section ".MSR_CODE","ax"
                         322 	.align	2
                         323 ..eof.C.3A.5C_ECU2.5CECU_Rivian_A1.5CTarget.5Crepo_projects.5CpFOTA.5CcL_LATEST.5Cmake.5Cobj.5CactPadding...43.3A.5C_ECU2.5CECU_Rivian_A1.5CTarget.5Crepo_projects.5CpFOTA.5CcL_LATEST.5Cmake..64F86BCD..0::
                         324 .rh850_flags REGMODE32,DATA_ALIGN8,GP_FIX,EP_NONFIX,TP_FIX,REG2_RESERVE,G3K,SDA_EXTRA_REGS_0
