                                                                      Page 1
                                                              C:\Users\nhuliyap\AppData\Local\Temp\gh_00001a81.s
Command Line: C:\GHS\comp_201517\ease850.exe -w -stderr=err/actSHA.err -elf -b0 -I../source/_common -I../source/common -I../source/ecuabcanif -I../source/ecuabcantrcv -I../source/ecuabcryif -I../source/ecuabfee -I../source/ecuabmemif -I../source/libautosar -I../source/mcalcan -I../source/mcalcry -I../source/mcaldio -I../source/mcaleep -I../source/mcalfls -I../source/mcalmcu -I../source/projectara -I../source/projectcfg -I../source/projectcompiler -I../source/swcservicebswm -I../source/swcservicecantp -I../source/swcservicecomm -I../source/swcservicecsm -I../source/swcservicedcm -I../source/swcservicedem -I../source/swcservicedet -I../source/swcserviceecum -I../source/swcservicenvm -I../source/swcserviceos -I../source/swcservicepdur -I../source/swcserviceschm -I../source/swcservicestartup -I../source/wrappers/swcservicesecm -I../source/wrappers/vsecprim -I../source/wrappers/vstdlib -Ic:/ghs/comp_201517/ansi -Ic:/ghs/comp_201517/include/v800 -Igendata -IC:\GHS\comp_201517\lib\rh850 -cg_underscore -cpu=rh850g3k -nofpu -no_v850_simd -rh850_fpsimd=none -nomacro -patch_dbo=C:\_ECU2\ECU_Rivian_A1\Target\repo_projects\pFOTA\cL_LATEST\make\obj\actSHA.dbo -source=actSHA.c -o obj\gh_00001a81.o -list=lst/actSHA.lst C:\Users\nhuliyap\AppData\Local\Temp\gh_00001a81.s 
Original File: C:\Users\nhuliyap\AppData\Local\Temp\gh_00001a81.s
Source File: actSHA.c
Directory: C:\_ECU2\ECU_Rivian_A1\Target\repo_projects\pFOTA\cL_LATEST\make
Host OS: Windows
EASE: Copyright (C) 1983-2015 Green Hills Software.  All Rights Reserved.
Release: Compiler v2015.1.7
Build Directory: [Directory] BTOWORKER6:c:/build_2015_1_bto/2015-10-21.2100-2015_1_bto/win32-comp-ecom
Revision: [VCInfo] http://toolsvc/branches/release-branch-70-bto/src@544153 (built by build)
Revision Date: Thu Oct 22 07:50:13 2015

Release Date: Thu Oct 22 09:32:32 2015

                           1 --Driver Command: ccrh850 -DBRS_DERIVATIVE_701018 -DBRS_OSC_CLK=16
                           2 --		-DBRS_TIMEBASE_CLOCK=80 -DBRS_EVA_BOARD_
                           3 --		-DBRS_DERIVATIVE_GROUP_F1L -DBRS_OS_USECASE_BRS
                           4 --		-DBRS_PLATFORM_RH850 -DBRS_COMP_GHS
                           5 --		-DBRS_CPU_LOCAL_RAM_SIZE_CORE0=32
                           6 --		-DBRS_CPU_RAM_START_CORE0=0xFEDF8000 -list=lst/actSHA.lst
                           7 --		-object_dir=obj -stderr=err/actSHA.err -c -cpu=rh850 -sda=all
                           8 --		-large_sda -prepare_dispose -pragma_asm_inline -no_callt
                           9 --		-inline_prologue -notda -reserve_r2 -fsoft
                          10 --		--unknown_pragma_warnings -list -g -Ogeneral -shortenum
                          11 --		-registermode=32 -I../source/_common -I../source/common
                          12 --		-I../source/ecuabcanif -I../source/ecuabcantrcv
                          13 --		-I../source/ecuabcryif -I../source/ecuabfee
                          14 --		-I../source/ecuabmemif -I../source/libautosar -I../source/mcalcan
                          15 --		-I../source/mcalcry -I../source/mcaldio -I../source/mcaleep
                          16 --		-I../source/mcalfls -I../source/mcalmcu -I../source/projectara
                          17 --		-I../source/projectcfg -I../source/projectcompiler
                          18 --		-I../source/swcservicebswm -I../source/swcservicecantp
                          19 --		-I../source/swcservicecomm -I../source/swcservicecsm
                          20 --		-I../source/swcservicedcm -I../source/swcservicedem
                          21 --		-I../source/swcservicedet -I../source/swcserviceecum
                          22 --		-I../source/swcservicenvm -I../source/swcserviceos
                          23 --		-I../source/swcservicepdur -I../source/swcserviceschm
                          24 --		-I../source/swcservicestartup -I../source/wrappers/swcservicesecm
                          25 --		-I../source/wrappers/vsecprim -I../source/wrappers/vstdlib
                          26 --		-Ic:/ghs/comp_201517/ansi -Ic:/ghs/comp_201517/include/v800
                          27 --		-Igendata ../source/wrappers/vSecPrim/actSHA.c
                          28 --Source File:   ../source/wrappers/vSecPrim/actSHA.c
                          29 --Directory:     
                          30 --		C:\_ECU2\ECU_Rivian_A1\Target\repo_projects\pFOTA\cL_LATEST\make
                          31 --Compile Date:  Wed Sep 06 14:08:50 2023
                          32 --Host OS:       Win32
                          33 --Version:       C-RH850 2015.1.7 RELEASE VERSION
                          34 --Release:       Compiler v2015.1.7
                          35 --Revision Date: Thu Oct 22 08:06:12 2015
                          36 --Release Date:  Thu Oct 22 09:34:32 2015
                          37 -- ecom  -g -w -OM
                          38 	.section ".MSR_CODE","ax"
                          39 	.align	2
                          40 ..bof.C.3A.5C_ECU2.5CECU_Rivian_A1.5CTarget.5Crepo_projects.5CpFOTA.5CcL_LATEST.5Cmake.5Cobj.5CactSHA...43.3A.5C_ECU2.5CECU_Rivian_A1.5CTarget.5Crepo_projects.5CpFOTA.5CcL_LATEST.5Cmake..64F86BD2..0::
                          41 	.align	2
                          42 ..gh.f.f.1.e.0:
                          43 	.type	..gh.f.f.1.e.0,@object
                          44 	.size	..gh.f.f.1.e.0,0
                          45 	.global	_blk1..C.3A.5C_ECU2.5CECU_Rivian_A1.5CTarget.5Crepo_projects.5CpFOTA.5CcL_LATEST.5Cmake.5Cobj.5CactSHA.
                          46 _blk1..C.3A.5C_ECU2.5CECU_Rivian_A1.5CTarget.5Crepo_projects.5CpFOTA.5CcL_LATEST.5Cmake.5Cobj.5CactSHA.:
                          47 _blk1:
00000000 0698             48 	mov	r6,r19
                          49 --	    .bf
                          50 .LDW01:

                                                                      Page 2
                                                              C:\Users\nhuliyap\AppData\Local\Temp\gh_00001a81.s
00000002 077efdff         51 	addi	-3,r7,r15
00000006 cff60f00         52 	andi	15,r15,ep
0000000a c2f2             53 	shl	2,ep
0000000c c6f1             54 	add	r6,ep
0000000e 006d             55 	sld.w	0[ep],r13
00000010 07660200         56 	addi	2,r7,r12
00000014 ccf60f00         57 	andi	15,r12,ep
00000018 07760800         58 	addi	8,r7,r14
0000001c c2f2             59 	shl	2,ep
0000001e ce360f00         60 	andi	15,r14,r6
00000022 d3f1             61 	add	r19,ep
00000024 c232             62 	shl	2,r6
00000026 0085             63 	sld.w	0[ep],r16
00000028 d331             64 	add	r19,r6
0000002a c7f60f00         65 	andi	15,r7,ep
0000002e 268f0100         66 	ld.w	0[r6],r17
00000032 c2f2             67 	shl	2,ep
00000034 d3f1             68 	add	r19,ep
00000036 0095             69 	sld.w	0[ep],r18
00000038 2d89             70 	xor	r13,r17
0000003a 3181             71 	xor	r17,r16
0000003c 3091             72 	xor	r16,r18
0000003e e197c450         73 	rotl	1,r18,r10
                          74 --	    .ef
                          75 .LDW11:
00000042 7f00             76 	jmp	[lp]
                          77 	.type	_blk1,@function
                          78 	.size	_blk1,.-_blk1
                          79 	.type	_blk1..C.3A.5C_ECU2.5CECU_Rivian_A1.5CTarget.5Crepo_projects.5CpFOTA.5CcL_LATEST.5Cmake.5Cobj.5CactSHA.,@function
                          80 	.size	_blk1..C.3A.5C_ECU2.5CECU_Rivian_A1.5CTarget.5Crepo_projects.5CpFOTA.5CcL_LATEST.5Cmake.5Cobj.5CactSHA.,.-_blk1..C.3A.5C_ECU2.5CECU_Rivian_A1.5CTarget.5Crepo_projects.5CpFOTA.5CcL_LATEST.5Cmake.5Cobj.5CactSHA.
                          81 	.align	2
                          82 .LDW21:
                          83 --_t	r18	local
                          84 
                          85 --_W	r19	param
                          86 --_i	r7	param
                          87 
                          88 	.section ".bss","awb"
                          89 .L36:
                          90 	.type	.L36,@object
                          91 	.size	.L36,0
                          92 	.data
                          93 	.section ".MSR_CODE","ax"
                          94 	.align	2
                          95 	.align	2
                          96 ..gh.f.f.1.e.1:
                          97 	.type	..gh.f.f.1.e.1,@object
                          98 	.size	..gh.f.f.1.e.1,0
                          99 	.global	_actSHATransform..C.3A.5C_ECU2.5CECU_Rivian_A1.5CTarget.5Crepo_projects.5CpFOTA.5CcL_LATEST.5Cmake.5Cobj.5CactSHA.
                         100 _actSHATransform..C.3A.5C_ECU2.5CECU_Rivian_A1.5CTarget.5Crepo_projects.5CpFOTA.5CcL_LATEST.5Cmake.5Cobj.5CactSHA.:
                         101 _actSHATransform:
00000044 a007e1f7        102 	prepare	{r21,r22,r23,r24,r25,r26,r27,r28,r29,r31},16
00000048 06e8            103 	mov	r6,r29
0000004a 07b8            104 	mov	r7,r23
0000004c 08b0            105 	mov	r8,r22
                         106 --	    .bf
                         107 .LDW31:
0000004e 0330            108 	mov	sp,r6
00000050 203e1000        109 	movea	16,zero,r7
                         110 	jarl	___gh_memclr32,lp
                         110 <EXPANSION BEGIN>

                                                                      Page 3
                                                              C:\Users\nhuliyap\AppData\Local\Temp\gh_00001a81.s
                         110 jarl22 ___gh_memclr32 , lp 
00000054 80ff0000*       110 <EXPANSION END>
                         111 --line68
                         112 ..lin.C.3A.5C_ECU2.5CECU_Rivian_A1.5CTarget.5Crepo_projects.5CpFOTA.5CcL_LATEST.5Cmake.5Cobj.5CactSHA.1::
                         113 .LDWlin1:
00000058 17f0            114 	mov	r23,ep
0000005a 00c5            115 	sld.w	0[ep],r24
0000005c 02d5            116 	sld.w	4[ep],r26
0000005e 04cd            117 	sld.w	8[ep],r25
00000060 06dd            118 	sld.w	12[ep],r27
00000062 08e5            119 	sld.w	16[ep],r28
00000064 1630            120 	mov	r22,r6
                         121 	jarl	_actWatchdogTriggerFunction,lp
                         121 <EXPANSION BEGIN>
                         121 jarl22 _actWatchdogTriggerFunction , lp 
00000066 80ff0000*       121 <EXPANSION END>
                         122 --line76
                         123 ..lin.C.3A.5C_ECU2.5CECU_Rivian_A1.5CTarget.5Crepo_projects.5CpFOTA.5CcL_LATEST.5Cmake.5Cobj.5CactSHA.2::
                         124 .LDWlin2:
0000006a 1d38            125 	mov	r29,r7
0000006c 0330            126 	mov	sp,r6
0000006e 20464000        127 	movea	64,zero,r8
                         128 	jarl	_actCpyBEtoU32,lp
                         128 <EXPANSION BEGIN>
                         128 jarl22 _actCpyBEtoU32 , lp 
00000072 80ff0000*       128 <EXPANSION END>
                         129 --line108
                         130 ..lin.C.3A.5C_ECU2.5CECU_Rivian_A1.5CTarget.5Crepo_projects.5CpFOTA.5CcL_LATEST.5Cmake.5Cobj.5CactSHA.3::
                         131 .LDWlin3:
00000076 00ea            132 	mov	0,r29
                         133 .L58:
00000078 1df0            134 	mov	r29,ep
0000007a c2f2            135 	shl	2,ep
0000007c c3f1            136 	add	sp,ep
0000007e 1b88            137 	mov	r27,r17
00000080 0045            138 	sld.w	0[ep],r8
00000082 3989            139 	xor	r25,r17
00000084 5a89            140 	and	r26,r17
00000086 3b89            141 	xor	r27,r17
00000088 d141            142 	add	r17,r8
0000008a e5c7c470        143 	rotl	5,r24,r14
0000008e c871            144 	add	r8,r14
00000090 2a069979825a    145 	mov	1518500249,r10
00000096 ca71            146 	add	r10,r14
00000098 cee1            147 	add	r14,r28
0000009a 1c90            148 	mov	r28,r18
0000009c 1be0            149 	mov	r27,r28
0000009e 19d8            150 	mov	r25,r27
000000a0 fed7c4c8        151 	rotl	30,r26,r25
000000a4 18d0            152 	mov	r24,r26
000000a6 41ea            153 	add	1,r29
000000a8 12c0            154 	mov	r18,r24
000000aa 1d06f0ff        155 	addi	-16,r29,zero
000000ae d9e5*           156 	bnl	.L58
000000b0 8525*           157 	br	.L62
                         158 .L61:
                         159 --line119
                         160 ..lin.C.3A.5C_ECU2.5CECU_Rivian_A1.5CTarget.5Crepo_projects.5CpFOTA.5CcL_LATEST.5Cmake.5Cobj.5CactSHA.4::
                         161 .LDWlin4:
000000b2 ddae0f00        162 	andi	15,r29,r21
000000b6 c2aa            163 	shl	2,r21

                                                                      Page 4
                                                              C:\Users\nhuliyap\AppData\Local\Temp\gh_00001a81.s
000000b8 0330            164 	mov	sp,r6
000000ba c3a9            165 	add	sp,r21
000000bc 1d38            166 	mov	r29,r7
                         167 	jarl	_blk1,lp
                         167 <EXPANSION BEGIN>
                         167 jarl22 _blk1 , lp 
000000be bfff42ff*       167 <EXPANSION END>
000000c2 1b80            168 	mov	r27,r16
000000c4 3981            169 	xor	r25,r16
000000c6 5a81            170 	and	r26,r16
000000c8 75570100        171 	st.w	r10,0[r21]
000000cc 3b81            172 	xor	r27,r16
000000ce d051            173 	add	r16,r10
000000d0 e5c7c468        174 	rotl	5,r24,r13
000000d4 ca69            175 	add	r10,r13
000000d6 29069979825a    176 	mov	1518500249,r9
000000dc c969            177 	add	r9,r13
000000de cde1            178 	add	r13,r28
                         179 --line120
                         180 ..lin.C.3A.5C_ECU2.5CECU_Rivian_A1.5CTarget.5Crepo_projects.5CpFOTA.5CcL_LATEST.5Cmake.5Cobj.5CactSHA.5::
                         181 .LDWlin5:
000000e0 1c90            182 	mov	r28,r18
000000e2 1be0            183 	mov	r27,r28
000000e4 19d8            184 	mov	r25,r27
000000e6 fed7c4c8        185 	rotl	30,r26,r25
000000ea 18d0            186 	mov	r24,r26
000000ec 12c0            187 	mov	r18,r24
000000ee 41ea            188 	add	1,r29
                         189 .L62:
000000f0 1d06ecff        190 	addi	-20,r29,zero
000000f4 f9dd*           191 	bnl	.L61
                         192 --line128
                         193 ..lin.C.3A.5C_ECU2.5CECU_Rivian_A1.5CTarget.5Crepo_projects.5CpFOTA.5CcL_LATEST.5Cmake.5Cobj.5CactSHA.6::
                         194 .LDWlin6:
000000f6 1630            195 	mov	r22,r6
                         196 	jarl	_actWatchdogTriggerFunction,lp
                         196 <EXPANSION BEGIN>
                         196 jarl22 _actWatchdogTriggerFunction , lp 
000000f8 80ff0000*       196 <EXPANSION END>
                         197 --line130
                         198 ..lin.C.3A.5C_ECU2.5CECU_Rivian_A1.5CTarget.5Crepo_projects.5CpFOTA.5CcL_LATEST.5Cmake.5Cobj.5CactSHA.7::
                         199 .LDWlin7:
000000fc 8525*           200 	br	.L66
                         201 .L65:
                         202 --line131
                         203 ..lin.C.3A.5C_ECU2.5CECU_Rivian_A1.5CTarget.5Crepo_projects.5CpFOTA.5CcL_LATEST.5Cmake.5Cobj.5CactSHA.8::
                         204 .LDWlin8:
000000fe ddae0f00        205 	andi	15,r29,r21
00000102 c2aa            206 	shl	2,r21
00000104 0330            207 	mov	sp,r6
00000106 c3a9            208 	add	sp,r21
00000108 1d38            209 	mov	r29,r7
                         210 	jarl	_blk1,lp
                         210 <EXPANSION BEGIN>
                         210 jarl22 _blk1 , lp 
0000010a bffff6fe*       210 <EXPANSION END>
0000010e 1938            211 	mov	r25,r7
00000110 3a39            212 	xor	r26,r7
00000112 1b30            213 	mov	r27,r6
00000114 75570100        214 	st.w	r10,0[r21]
00000118 2731            215 	xor	r7,r6

                                                                      Page 5
                                                              C:\Users\nhuliyap\AppData\Local\Temp\gh_00001a81.s
0000011a c651            216 	add	r6,r10
0000011c e5c7c460        217 	rotl	5,r24,r12
00000120 ca61            218 	add	r10,r12
00000122 2806a1ebd96e    219 	mov	1859775393,r8
00000128 c861            220 	add	r8,r12
0000012a cce1            221 	add	r12,r28
                         222 --line132
                         223 ..lin.C.3A.5C_ECU2.5CECU_Rivian_A1.5CTarget.5Crepo_projects.5CpFOTA.5CcL_LATEST.5Cmake.5Cobj.5CactSHA.9::
                         224 .LDWlin9:
0000012c 1c90            225 	mov	r28,r18
0000012e 1be0            226 	mov	r27,r28
00000130 19d8            227 	mov	r25,r27
00000132 fed7c4c8        228 	rotl	30,r26,r25
00000136 18d0            229 	mov	r24,r26
00000138 12c0            230 	mov	r18,r24
0000013a 41ea            231 	add	1,r29
                         232 .L66:
0000013c 1d06d8ff        233 	addi	-40,r29,zero
00000140 f9dd*           234 	bnl	.L65
                         235 --line140
                         236 ..lin.C.3A.5C_ECU2.5CECU_Rivian_A1.5CTarget.5Crepo_projects.5CpFOTA.5CcL_LATEST.5Cmake.5Cobj.5CactSHA.10::
                         237 .LDWlin10:
00000142 1630            238 	mov	r22,r6
                         239 	jarl	_actWatchdogTriggerFunction,lp
                         239 <EXPANSION BEGIN>
                         239 jarl22 _actWatchdogTriggerFunction , lp 
00000144 80ff0000*       239 <EXPANSION END>
                         240 --line142
                         241 ..lin.C.3A.5C_ECU2.5CECU_Rivian_A1.5CTarget.5Crepo_projects.5CpFOTA.5CcL_LATEST.5Cmake.5Cobj.5CactSHA.11::
                         242 .LDWlin11:
00000148 a525*           243 	br	.L70
                         244 .L69:
                         245 --line143
                         246 ..lin.C.3A.5C_ECU2.5CECU_Rivian_A1.5CTarget.5Crepo_projects.5CpFOTA.5CcL_LATEST.5Cmake.5Cobj.5CactSHA.12::
                         247 .LDWlin12:
0000014a ddae0f00        248 	andi	15,r29,r21
0000014e c2aa            249 	shl	2,r21
00000150 0330            250 	mov	sp,r6
00000152 c3a9            251 	add	sp,r21
00000154 1d38            252 	mov	r29,r7
                         253 	jarl	_blk1,lp
                         253 <EXPANSION BEGIN>
                         253 jarl22 _blk1 , lp 
00000156 bfffaafe*       253 <EXPANSION END>
0000015a 1978            254 	mov	r25,r15
0000015c 1998            255 	mov	r25,r19
0000015e 1a79            256 	or	r26,r15
00000160 5a99            257 	and	r26,r19
00000162 5b79            258 	and	r27,r15
00000164 75570100        259 	st.w	r10,0[r21]
00000168 1379            260 	or	r19,r15
0000016a cf51            261 	add	r15,r10
0000016c e5c7c458        262 	rotl	5,r24,r11
00000170 ca59            263 	add	r10,r11
00000172 2706dcbc1b8f    264 	mov	-1894007588,r7
00000178 c759            265 	add	r7,r11
0000017a cbe1            266 	add	r11,r28
                         267 --line144
                         268 ..lin.C.3A.5C_ECU2.5CECU_Rivian_A1.5CTarget.5Crepo_projects.5CpFOTA.5CcL_LATEST.5Cmake.5Cobj.5CactSHA.13::
                         269 .LDWlin13:
0000017c 1c90            270 	mov	r28,r18

                                                                      Page 6
                                                              C:\Users\nhuliyap\AppData\Local\Temp\gh_00001a81.s
0000017e 1be0            271 	mov	r27,r28
00000180 19d8            272 	mov	r25,r27
00000182 fed7c4c8        273 	rotl	30,r26,r25
00000186 18d0            274 	mov	r24,r26
00000188 12c0            275 	mov	r18,r24
0000018a 41ea            276 	add	1,r29
                         277 .L70:
0000018c 1d06c4ff        278 	addi	-60,r29,zero
00000190 d9dd*           279 	bnl	.L69
                         280 --line152
                         281 ..lin.C.3A.5C_ECU2.5CECU_Rivian_A1.5CTarget.5Crepo_projects.5CpFOTA.5CcL_LATEST.5Cmake.5Cobj.5CactSHA.14::
                         282 .LDWlin14:
00000192 1630            283 	mov	r22,r6
                         284 	jarl	_actWatchdogTriggerFunction,lp
                         284 <EXPANSION BEGIN>
                         284 jarl22 _actWatchdogTriggerFunction , lp 
00000194 80ff0000*       284 <EXPANSION END>
                         285 --line154
                         286 ..lin.C.3A.5C_ECU2.5CECU_Rivian_A1.5CTarget.5Crepo_projects.5CpFOTA.5CcL_LATEST.5Cmake.5Cobj.5CactSHA.15::
                         287 .LDWlin15:
00000198 8525*           288 	br	.L74
                         289 .L73:
                         290 --line155
                         291 ..lin.C.3A.5C_ECU2.5CECU_Rivian_A1.5CTarget.5Crepo_projects.5CpFOTA.5CcL_LATEST.5Cmake.5Cobj.5CactSHA.16::
                         292 .LDWlin16:
0000019a ddae0f00        293 	andi	15,r29,r21
0000019e c2aa            294 	shl	2,r21
000001a0 0330            295 	mov	sp,r6
000001a2 c3a9            296 	add	sp,r21
000001a4 1d38            297 	mov	r29,r7
                         298 	jarl	_blk1,lp
                         298 <EXPANSION BEGIN>
                         298 jarl22 _blk1 , lp 
000001a6 bfff5afe*       298 <EXPANSION END>
000001aa 1990            299 	mov	r25,r18
000001ac 3a91            300 	xor	r26,r18
000001ae 1b88            301 	mov	r27,r17
000001b0 75570100        302 	st.w	r10,0[r21]
000001b4 3289            303 	xor	r18,r17
000001b6 d151            304 	add	r17,r10
000001b8 e5c7c448        305 	rotl	5,r24,r9
000001bc ca49            306 	add	r10,r9
000001be 2606d6c162ca    307 	mov	-899497514,r6
000001c4 c649            308 	add	r6,r9
000001c6 c9e1            309 	add	r9,r28
                         310 --line156
                         311 ..lin.C.3A.5C_ECU2.5CECU_Rivian_A1.5CTarget.5Crepo_projects.5CpFOTA.5CcL_LATEST.5Cmake.5Cobj.5CactSHA.17::
                         312 .LDWlin17:
000001c8 1c90            313 	mov	r28,r18
000001ca 1be0            314 	mov	r27,r28
000001cc 19d8            315 	mov	r25,r27
000001ce fed7c4c8        316 	rotl	30,r26,r25
000001d2 18d0            317 	mov	r24,r26
000001d4 12c0            318 	mov	r18,r24
000001d6 41ea            319 	add	1,r29
                         320 .L74:
000001d8 1d06b0ff        321 	addi	-80,r29,zero
000001dc f9dd*           322 	bnl	.L73
                         323 --line166
                         324 ..lin.C.3A.5C_ECU2.5CECU_Rivian_A1.5CTarget.5Crepo_projects.5CpFOTA.5CcL_LATEST.5Cmake.5Cobj.5CactSHA.18::
                         325 .LDWlin18:

                                                                      Page 7
                                                              C:\Users\nhuliyap\AppData\Local\Temp\gh_00001a81.s
000001de 1630            326 	mov	r22,r6
                         327 	jarl	_actWatchdogTriggerFunction,lp
                         327 <EXPANSION BEGIN>
                         327 jarl22 _actWatchdogTriggerFunction , lp 
000001e0 80ff0000*       327 <EXPANSION END>
                         328 --line168
                         329 ..lin.C.3A.5C_ECU2.5CECU_Rivian_A1.5CTarget.5Crepo_projects.5CpFOTA.5CcL_LATEST.5Cmake.5Cobj.5CactSHA.19::
                         330 .LDWlin19:
000001e4 17f0            331 	mov	r23,ep
000001e6 0085            332 	sld.w	0[ep],r16
000001e8 027d            333 	sld.w	4[ep],r15
000001ea 0475            334 	sld.w	8[ep],r14
000001ec 066d            335 	sld.w	12[ep],r13
000001ee 0865            336 	sld.w	16[ep],r12
000001f0 d881            337 	add	r24,r16
000001f2 da79            338 	add	r26,r15
000001f4 d971            339 	add	r25,r14
000001f6 db69            340 	add	r27,r13
000001f8 dc61            341 	add	r28,r12
000001fa 0185            342 	sst.w	r16,0[ep]
000001fc 037d            343 	sst.w	r15,4[ep]
000001fe 0575            344 	sst.w	r14,8[ep]
00000200 076d            345 	sst.w	r13,12[ep]
00000202 0965            346 	sst.w	r12,16[ep]
                         347 --	    .ef
                         348 .LDW41:
00000204 6006fff7        349 	dispose	16,{r21,r22,r23,r24,r25,r26,r27,r28,r29,r31},[lp]
                         350 	.type	_actSHATransform,@function
                         351 	.size	_actSHATransform,.-_actSHATransform
                         352 	.type	_actSHATransform..C.3A.5C_ECU2.5CECU_Rivian_A1.5CTarget.5Crepo_projects.5CpFOTA.5CcL_LATEST.5Cmake.5Cobj.5CactSHA.,@function
                         353 	.size	_actSHATransform..C.3A.5C_ECU2.5CECU_Rivian_A1.5CTarget.5Crepo_projects.5CpFOTA.5CcL_LATEST.5Cmake.5Cobj.5CactSHA.,.-_actSHATransform..C.3A.5C_ECU2.5CECU_Rivian_A1.5CTarget.5Crepo_projects.5CpFOTA.5CcL_LATEST.5Cmake.5Cobj.5CactSHA.
                         354 	.align	2
                         355 .LDW51:
                         356 --_W	0[sp]	local
                         357 --_t	r18	local
                         358 --_i	r29	local
                         359 --_Aval	r24	local
                         360 --_Bval	r26	local
                         361 --_Cval	r25	local
                         362 --_Dval	r27	local
                         363 --_Eval	r28	local
                         364 
                         365 --_in	r29	param
                         366 --_H	r23	param
                         367 --_watchdog	r22	param
                         368 
                         369 	.section ".bss","awb"
                         370 .L218:
                         371 	.type	.L218,@object
                         372 	.size	.L218,0
                         373 	.data
                         374 	.section ".MSR_CODE","ax"
                         375 	.align	2
                         376 	.align	2
                         377 ..gh.f.f.1.e.2:
                         378 	.type	..gh.f.f.1.e.2,@object
                         379 	.size	..gh.f.f.1.e.2,0
                         380 	.global	_actSHAInit
                         381 _actSHAInit:
00000208 06f0            382 	mov	r6,ep
                         383 --	    .bf

                                                                      Page 8
                                                              C:\Users\nhuliyap\AppData\Local\Temp\gh_00001a81.s
                         384 .LDW61:
0000020a 320601234567    385 	mov	1732584193,r18
00000210 310689abcdef    386 	mov	-271733879,r17
00000216 3006fedcba98    387 	mov	-1732584194,r16
0000021c 2f0676543210    388 	mov	271733878,r15
00000222 2e06f0e1d2c3    389 	mov	-1009589776,r14
00000228 0195            390 	sst.w	r18,0[ep]
0000022a 038d            391 	sst.w	r17,4[ep]
0000022c 0585            392 	sst.w	r16,8[ep]
0000022e 077d            393 	sst.w	r15,12[ep]
00000230 0975            394 	sst.w	r14,16[ep]
00000232 0b05            395 	sst.w	zero,20[ep]
00000234 0d05            396 	sst.w	zero,24[ep]
00000236 0f05            397 	sst.w	zero,28[ep]
00000238 0052            398 	mov	0,r10
                         399 --	    .ef
                         400 .LDW71:
0000023a 7f00            401 	jmp	[lp]
                         402 	.type	_actSHAInit,@function
                         403 	.size	_actSHAInit,.-_actSHAInit
                         404 	.align	2
                         405 .LDW81:
                         406 
                         407 --_info	ep	param
                         408 
                         409 	.section ".bss","awb"
                         410 .L385:
                         411 	.type	.L385,@object
                         412 	.size	.L385,0
                         413 	.data
                         414 	.section ".MSR_CODE","ax"
                         415 	.align	2
                         416 	.align	2
                         417 ..gh.f.f.1.e.3:
                         418 	.type	..gh.f.f.1.e.3,@object
                         419 	.size	..gh.f.f.1.e.3,0
                         420 	.global	_actSHAUpdate
                         421 _actSHAUpdate:
0000023c 8007e1f3        422 	prepare	{r22,r23,r24,r25,r26,r27,r28,r29,r31},0
00000240 06e8            423 	mov	r6,r29
00000242 07b0            424 	mov	r7,r22
00000244 08e0            425 	mov	r8,r28
00000246 09c8            426 	mov	r9,r25
                         427 --	    .bf
                         428 .LDW91:
00000248 06c62000        429 	addi	32,r6,r24
0000024c 00da            430 	mov	0,r27
0000024e 1bb8            431 	mov	r27,r23
00000250 0930            432 	mov	r9,r6
                         433 	jarl	_actWatchdogTriggerFunction,lp
                         433 <EXPANSION BEGIN>
                         433 jarl22 _actWatchdogTriggerFunction , lp 
00000252 80ff0000*       433 <EXPANSION END>
                         434 --line228
                         435 ..lin.C.3A.5C_ECU2.5CECU_Rivian_A1.5CTarget.5Crepo_projects.5CpFOTA.5CcL_LATEST.5Cmake.5Cobj.5CactSHA.20::
                         436 .LDWlin20:
00000256 3d9f1500        437 	ld.w	20[r29],r19
0000025a 1c80            438 	mov	r28,r16
0000025c d381            439 	add	r19,r16
0000025e f381            440 	cmp	r19,r16
00000260 c90d*           441 	bnl	.L410

                                                                      Page 9
                                                              C:\Users\nhuliyap\AppData\Local\Temp\gh_00001a81.s
                         442 --line229
                         443 ..lin.C.3A.5C_ECU2.5CECU_Rivian_A1.5CTarget.5Crepo_projects.5CpFOTA.5CcL_LATEST.5Cmake.5Cobj.5CactSHA.21::
                         444 .LDWlin21:
00000262 1df0            445 	mov	r29,ep
00000264 0c7d            446 	sld.w	24[ep],r15
00000266 40960020        447 	movhi	hi(536870912),zero,r18
0000026a 417a            448 	add	1,r15
0000026c 0d7d            449 	sst.w	r15,24[ep]
0000026e f279            450 	cmp	r18,r15
00000270 ca05*           451 	bne	.L410
                         452 --line231
                         453 ..lin.C.3A.5C_ECU2.5CECU_Rivian_A1.5CTarget.5Crepo_projects.5CpFOTA.5CcL_LATEST.5Cmake.5Cobj.5CactSHA.22::
                         454 .LDWlin22:
00000272 20bef800        455 	movea	248,zero,r23
00000276 c53d*           456 	br	.L409
                         457 .L410:
                         458 --line236
                         459 ..lin.C.3A.5C_ECU2.5CECU_Rivian_A1.5CTarget.5Crepo_projects.5CpFOTA.5CcL_LATEST.5Cmake.5Cobj.5CactSHA.23::
                         460 .LDWlin23:
00000278 1df0            461 	mov	r29,ep
0000027a 0e35            462 	sld.w	28[ep],r6
0000027c 0b85            463 	sst.w	r16,20[ep]
0000027e e031            464 	cmp	zero,r6
00000280 a21d*           465 	be	.L417
                         466 --line239
                         467 ..lin.C.3A.5C_ECU2.5CECU_Rivian_A1.5CTarget.5Crepo_projects.5CpFOTA.5CcL_LATEST.5Cmake.5Cobj.5CactSHA.24::
                         468 .LDWlin24:
00000282 20764000        469 	movea	64,zero,r14
00000286 a671            470 	sub	r6,r14
00000288 fc71            471 	cmp	r28,r14
0000028a fc7732db        472 	cmovnl	r28,r14,r27
0000028e d831            473 	add	r24,r6
00000290 1638            474 	mov	r22,r7
00000292 1b40            475 	mov	r27,r8
                         476 	jarl	_VStdLib_MemCpy,lp
                         476 <EXPANSION BEGIN>
                         476 jarl22 _VStdLib_MemCpy , lp 
00000294 80ff0000*       476 <EXPANSION END>
                         477 --line241
                         478 ..lin.C.3A.5C_ECU2.5CECU_Rivian_A1.5CTarget.5Crepo_projects.5CpFOTA.5CcL_LATEST.5Cmake.5Cobj.5CactSHA.25::
                         479 .LDWlin25:
00000298 1df0            480 	mov	r29,ep
0000029a 0e8d            481 	sld.w	28[ep],r17
0000029c 1b80            482 	mov	r27,r16
0000029e 9000            483 	zxb	r16
000002a0 d089            484 	add	r16,r17
000002a2 0f8d            485 	sst.w	r17,28[ep]
000002a4 1106c0ff        486 	addi	-64,r17,zero
000002a8 b925*           487 	bnl	.L409
                         488 --line249
                         489 ..lin.C.3A.5C_ECU2.5CECU_Rivian_A1.5CTarget.5Crepo_projects.5CpFOTA.5CcL_LATEST.5Cmake.5Cobj.5CactSHA.26::
                         490 .LDWlin26:
000002aa 1830            491 	mov	r24,r6
000002ac 1d38            492 	mov	r29,r7
000002ae 1940            493 	mov	r25,r8
                         494 	jarl	_actSHATransform,lp
                         494 <EXPANSION BEGIN>
                         494 jarl22 _actSHATransform , lp 
000002b0 bfff94fd*       494 <EXPANSION END>
                         495 .L417:
                         496 --line254

                                                                      Page 10
                                                              C:\Users\nhuliyap\AppData\Local\Temp\gh_00001a81.s
                         497 ..lin.C.3A.5C_ECU2.5CECU_Rivian_A1.5CTarget.5Crepo_projects.5CpFOTA.5CcL_LATEST.5Cmake.5Cobj.5CactSHA.27::
                         498 .LDWlin27:
000002b4 1c90            499 	mov	r28,r18
000002b6 bb91            500 	sub	r27,r18
000002b8 8692            501 	shr	6,r18
000002ba c692            502 	shl	6,r18
000002bc 1bd0            503 	mov	r27,r26
000002be d2d1            504 	add	r18,r26
000002c0 950d*           505 	br	.L421
                         506 .L420:
                         507 --line259
                         508 ..lin.C.3A.5C_ECU2.5CECU_Rivian_A1.5CTarget.5Crepo_projects.5CpFOTA.5CcL_LATEST.5Cmake.5Cobj.5CactSHA.28::
                         509 .LDWlin28:
000002c2 1b30            510 	mov	r27,r6
000002c4 d631            511 	add	r22,r6
000002c6 1d38            512 	mov	r29,r7
000002c8 1940            513 	mov	r25,r8
                         514 	jarl	_actSHATransform,lp
                         514 <EXPANSION BEGIN>
                         514 jarl22 _actSHATransform , lp 
000002ca bfff7afd*       514 <EXPANSION END>
                         515 --line257
                         516 ..lin.C.3A.5C_ECU2.5CECU_Rivian_A1.5CTarget.5Crepo_projects.5CpFOTA.5CcL_LATEST.5Cmake.5Cobj.5CactSHA.29::
                         517 .LDWlin29:
000002ce 1bde4000        518 	addi	64,r27,r27
                         519 .L421:
000002d2 fad9            520 	cmp	r26,r27
000002d4 f1f5*           521 	bl	.L420
                         522 --line262
                         523 ..lin.C.3A.5C_ECU2.5CECU_Rivian_A1.5CTarget.5Crepo_projects.5CpFOTA.5CcL_LATEST.5Cmake.5Cobj.5CactSHA.30::
                         524 .LDWlin30:
000002d6 bae1            525 	sub	r26,r28
000002d8 1a38            526 	mov	r26,r7
000002da 7de71d00        527 	st.w	r28,28[r29]
000002de 1830            528 	mov	r24,r6
000002e0 d639            529 	add	r22,r7
000002e2 1c40            530 	mov	r28,r8
                         531 	jarl	_VStdLib_MemCpy,lp
                         531 <EXPANSION BEGIN>
                         531 jarl22 _VStdLib_MemCpy , lp 
000002e4 80ff0000*       531 <EXPANSION END>
                         532 --line265
                         533 ..lin.C.3A.5C_ECU2.5CECU_Rivian_A1.5CTarget.5Crepo_projects.5CpFOTA.5CcL_LATEST.5Cmake.5Cobj.5CactSHA.31::
                         534 .LDWlin31:
000002e8 1930            535 	mov	r25,r6
                         536 	jarl	_actWatchdogTriggerFunction,lp
                         536 <EXPANSION BEGIN>
                         536 jarl22 _actWatchdogTriggerFunction , lp 
000002ea 80ff0000*       536 <EXPANSION END>
                         537 .L409:
                         538 --line269
                         539 ..lin.C.3A.5C_ECU2.5CECU_Rivian_A1.5CTarget.5Crepo_projects.5CpFOTA.5CcL_LATEST.5Cmake.5Cobj.5CactSHA.32::
                         540 .LDWlin32:
000002ee 1750            541 	mov	r23,r10
                         542 --	    .ef
                         543 .LDW02:
000002f0 4006fff3        544 	dispose	0,{r22,r23,r24,r25,r26,r27,r28,r29,r31},[lp]
                         545 	.type	_actSHAUpdate,@function
                         546 	.size	_actSHAUpdate,.-_actSHAUpdate
                         547 	.align	2
                         548 .LDW12:

                                                                      Page 11
                                                              C:\Users\nhuliyap\AppData\Local\Temp\gh_00001a81.s
                         549 --_H	r29	local
                         550 --_buffer	r24	local
                         551 --_diff	r27	local
                         552 --_retVal	r23	local
                         553 --_lastBlockEnd	r26	local
                         554 --_bcount	r27	local
                         555 
                         556 --_info	r29	param
                         557 --_dataIN	r22	param
                         558 --_length	r28	param
                         559 --_watchdog	r25	param
                         560 
                         561 	.section ".bss","awb"
                         562 .L567:
                         563 	.type	.L567,@object
                         564 	.size	.L567,0
                         565 	.data
                         566 	.section ".MSR_CODE","ax"
                         567 	.align	2
                         568 	.align	2
                         569 ..gh.f.f.1.e.4:
                         570 	.type	..gh.f.f.1.e.4,@object
                         571 	.size	..gh.f.f.1.e.4,0
                         572 	.global	_actSHAFinalize
                         573 _actSHAFinalize:
000002f4 8007e1f1        574 	prepare	{r23,r24,r25,r26,r27,r28,r29,r31},0
000002f8 06d8            575 	mov	r6,r27
000002fa 07b8            576 	mov	r7,r23
000002fc 08c8            577 	mov	r8,r25
                         578 --	    .bf
                         579 .LDW22:
000002fe 06f0            580 	mov	r6,ep
00000300 0a95            581 	sld.w	20[ep],r18
00000302 0c8d            582 	sld.w	24[ep],r17
00000304 06ee2000        583 	addi	32,r6,r29
00000308 0830            584 	mov	r8,r6
0000030a 12d0            585 	mov	r18,r26
0000030c 12c0            586 	mov	r18,r24
0000030e c38a            587 	shl	3,r17
00000310 9dd2            588 	shr	29,r26
00000312 c3c2            589 	shl	3,r24
00000314 11d1            590 	or	r17,r26
00000316 d2e63f00        591 	andi	63,r18,r28
                         592 	jarl	_actWatchdogTriggerFunction,lp
                         592 <EXPANSION BEGIN>
                         592 jarl22 _actWatchdogTriggerFunction , lp 
0000031a 80ff0000*       592 <EXPANSION END>
                         593 --line284
                         594 ..lin.C.3A.5C_ECU2.5CECU_Rivian_A1.5CTarget.5Crepo_projects.5CpFOTA.5CcL_LATEST.5Cmake.5Cobj.5CactSHA.33::
                         595 .LDWlin33:
0000031e 1cf0            596 	mov	r28,ep
00000320 41e2            597 	add	1,r28
00000322 dbf1            598 	add	r27,ep
00000324 20868000        599 	movea	128,zero,r16
00000328 1c30            600 	mov	r28,r6
0000032a 20464000        601 	movea	64,zero,r8
0000032e a083            602 	sst.b	r16,32[ep]
00000330 dd31            603 	add	r29,r6
00000332 bc41            604 	sub	r28,r8
00000334 003a            605 	mov	0,r7
                         606 	jarl	_VStdLib_MemSet,lp

                                                                      Page 12
                                                              C:\Users\nhuliyap\AppData\Local\Temp\gh_00001a81.s
                         606 <EXPANSION BEGIN>
                         606 jarl22 _VStdLib_MemSet , lp 
00000336 80ff0000*       606 <EXPANSION END>
                         607 --line288
                         608 ..lin.C.3A.5C_ECU2.5CECU_Rivian_A1.5CTarget.5Crepo_projects.5CpFOTA.5CcL_LATEST.5Cmake.5Cobj.5CactSHA.34::
                         609 .LDWlin34:
0000033a 1c06c7ff        610 	addi	-57,r28,zero
0000033e c90d*           611 	bnl	.L683
                         612 --line289
                         613 ..lin.C.3A.5C_ECU2.5CECU_Rivian_A1.5CTarget.5Crepo_projects.5CpFOTA.5CcL_LATEST.5Cmake.5Cobj.5CactSHA.35::
                         614 .LDWlin35:
00000340 1d30            615 	mov	r29,r6
00000342 1b38            616 	mov	r27,r7
00000344 1940            617 	mov	r25,r8
                         618 	jarl	_actSHATransform,lp
                         618 <EXPANSION BEGIN>
                         618 jarl22 _actSHATransform , lp 
00000346 bffffefc*       618 <EXPANSION END>
                         619 --line290
                         620 ..lin.C.3A.5C_ECU2.5CECU_Rivian_A1.5CTarget.5Crepo_projects.5CpFOTA.5CcL_LATEST.5Cmake.5Cobj.5CactSHA.36::
                         621 .LDWlin36:
0000034a 1d30            622 	mov	r29,r6
0000034c 003a            623 	mov	0,r7
0000034e 20463800        624 	movea	56,zero,r8
                         625 	jarl	_VStdLib_MemSet,lp
                         625 <EXPANSION BEGIN>
                         625 jarl22 _VStdLib_MemSet , lp 
00000352 80ff0000*       625 <EXPANSION END>
                         626 .L683:
                         627 --line293
                         628 ..lin.C.3A.5C_ECU2.5CECU_Rivian_A1.5CTarget.5Crepo_projects.5CpFOTA.5CcL_LATEST.5Cmake.5Cobj.5CactSHA.37::
                         629 .LDWlin37:
00000356 1d363800        630 	addi	56,r29,r6
0000035a 1a38            631 	mov	r26,r7
                         632 	jarl	_actU32toBE,lp
                         632 <EXPANSION BEGIN>
                         632 jarl22 _actU32toBE , lp 
0000035c 80ff0000*       632 <EXPANSION END>
                         633 --line294
                         634 ..lin.C.3A.5C_ECU2.5CECU_Rivian_A1.5CTarget.5Crepo_projects.5CpFOTA.5CcL_LATEST.5Cmake.5Cobj.5CactSHA.38::
                         635 .LDWlin38:
00000360 1d363c00        636 	addi	60,r29,r6
00000364 1838            637 	mov	r24,r7
                         638 	jarl	_actU32toBE,lp
                         638 <EXPANSION BEGIN>
                         638 jarl22 _actU32toBE , lp 
00000366 80ff0000*       638 <EXPANSION END>
                         639 --line296
                         640 ..lin.C.3A.5C_ECU2.5CECU_Rivian_A1.5CTarget.5Crepo_projects.5CpFOTA.5CcL_LATEST.5Cmake.5Cobj.5CactSHA.39::
                         641 .LDWlin39:
0000036a 1d30            642 	mov	r29,r6
0000036c 1b38            643 	mov	r27,r7
0000036e 1940            644 	mov	r25,r8
                         645 	jarl	_actSHATransform,lp
                         645 <EXPANSION BEGIN>
                         645 jarl22 _actSHATransform , lp 
00000370 bfffd4fc*       645 <EXPANSION END>
                         646 --line298
                         647 ..lin.C.3A.5C_ECU2.5CECU_Rivian_A1.5CTarget.5Crepo_projects.5CpFOTA.5CcL_LATEST.5Cmake.5Cobj.5CactSHA.40::
                         648 .LDWlin40:
00000374 1730            649 	mov	r23,r6

                                                                      Page 13
                                                              C:\Users\nhuliyap\AppData\Local\Temp\gh_00001a81.s
00000376 1b38            650 	mov	r27,r7
00000378 0542            651 	mov	5,r8
                         652 	jarl	_actCpyU32toBE,lp
                         652 <EXPANSION BEGIN>
                         652 jarl22 _actCpyU32toBE , lp 
0000037a 80ff0000*       652 <EXPANSION END>
                         653 --line300
                         654 ..lin.C.3A.5C_ECU2.5CECU_Rivian_A1.5CTarget.5Crepo_projects.5CpFOTA.5CcL_LATEST.5Cmake.5Cobj.5CactSHA.41::
                         655 .LDWlin41:
0000037e 1d30            656 	mov	r29,r6
00000380 003a            657 	mov	0,r7
00000382 20464000        658 	movea	64,zero,r8
                         659 	jarl	_VStdLib_MemSet,lp
                         659 <EXPANSION BEGIN>
                         659 jarl22 _VStdLib_MemSet , lp 
00000386 80ff0000*       659 <EXPANSION END>
                         660 --line302
                         661 ..lin.C.3A.5C_ECU2.5CECU_Rivian_A1.5CTarget.5Crepo_projects.5CpFOTA.5CcL_LATEST.5Cmake.5Cobj.5CactSHA.42::
                         662 .LDWlin42:
0000038a 1930            663 	mov	r25,r6
                         664 	jarl	_actWatchdogTriggerFunction,lp
                         664 <EXPANSION BEGIN>
                         664 jarl22 _actWatchdogTriggerFunction , lp 
0000038c 80ff0000*       664 <EXPANSION END>
                         665 --line304
                         666 ..lin.C.3A.5C_ECU2.5CECU_Rivian_A1.5CTarget.5Crepo_projects.5CpFOTA.5CcL_LATEST.5Cmake.5Cobj.5CactSHA.43::
                         667 .LDWlin43:
00000390 0052            668 	mov	0,r10
                         669 --	    .ef
                         670 .LDW32:
00000392 4006fff1        671 	dispose	0,{r23,r24,r25,r26,r27,r28,r29,r31},[lp]
                         672 	.type	_actSHAFinalize,@function
                         673 	.size	_actSHAFinalize,.-_actSHAFinalize
                         674 	.align	2
                         675 .LDW42:
                         676 --_tempBuffer	r29	local
                         677 --_digest	r27	local
                         678 --_low_bitcount	r24	local
                         679 --_hi_bitcount	r26	local
                         680 --_len	r28	local
                         681 
                         682 --_info	r27	param
                         683 --_hash	r23	param
                         684 --_watchdog	r25	param
                         685 
                         686 	.section ".bss","awb"
                         687 .L715:
                         688 	.type	.L715,@object
                         689 	.size	.L715,0
                         690 	.data
                         691 	.section ".MSR_CODE","ax"
                         692 	.align	2
                         693 	.align	2
                         694 ..gh.f.f.1.e.5:
                         695 	.type	..gh.f.f.1.e.5,@object
                         696 	.size	..gh.f.f.1.e.5,0
                         697 	.global	_actSHAGetDigest
                         698 _actSHAGetDigest:
00000396 0698            699 	mov	r6,r19
                         700 --	    .bf
                         701 .LDW52:

                                                                      Page 14
                                                              C:\Users\nhuliyap\AppData\Local\Temp\gh_00001a81.s
00000398 0730            702 	mov	r7,r6
0000039a 1338            703 	mov	r19,r7
0000039c 0542            704 	mov	5,r8
0000039e 80070000*       705 	jr	_actCpyU32toBE
                         706 --	    .ef
                         707 .LDW62:
                         708 	.type	_actSHAGetDigest,@function
                         709 	.size	_actSHAGetDigest,.-_actSHAGetDigest
                         710 	.align	2
                         711 .LDW72:
                         712 
                         713 --_info	r19	param
                         714 --_hash	r7	param
                         715 --_watchdog	none	param
                         716 
                         717 	.section ".bss","awb"
                         718 .L769:
                         719 	.type	.L769,@object
                         720 	.size	.L769,0
                         721 	.data
                         722 	.section ".MSR_CODE","ax"
                         723 	.align	2
                         724 
                         725 	.data
                         726 	.ghsnote version,17
                         727 	.ghsnote tools,3
                         728 	.ghsnote options,144
                         729 	.section ".MSR_CODE","ax"
                         730 	.align	2
                         731 ..eof.C.3A.5C_ECU2.5CECU_Rivian_A1.5CTarget.5Crepo_projects.5CpFOTA.5CcL_LATEST.5Cmake.5Cobj.5CactSHA...43.3A.5C_ECU2.5CECU_Rivian_A1.5CTarget.5Crepo_projects.5CpFOTA.5CcL_LATEST.5Cmake..64F86BD2..0::
                         732 .rh850_flags REGMODE32,DATA_ALIGN8,GP_FIX,EP_NONFIX,TP_FIX,REG2_RESERVE,G3K,SDA_EXTRA_REGS_0
