                                                                      Page 1
                                                              C:\Users\nhuliyap\AppData\Local\Temp\gh_00002041.s
Command Line: C:\GHS\comp_201517\ease850.exe -w -stderr=err/actUtilities.err -elf -b0 -I../source/_common -I../source/common -I../source/ecuabcanif -I../source/ecuabcantrcv -I../source/ecuabcryif -I../source/ecuabfee -I../source/ecuabmemif -I../source/libautosar -I../source/mcalcan -I../source/mcalcry -I../source/mcaldio -I../source/mcaleep -I../source/mcalfls -I../source/mcalmcu -I../source/projectara -I../source/projectcfg -I../source/projectcompiler -I../source/swcservicebswm -I../source/swcservicecantp -I../source/swcservicecomm -I../source/swcservicecsm -I../source/swcservicedcm -I../source/swcservicedem -I../source/swcservicedet -I../source/swcserviceecum -I../source/swcservicenvm -I../source/swcserviceos -I../source/swcservicepdur -I../source/swcserviceschm -I../source/swcservicestartup -I../source/wrappers/swcservicesecm -I../source/wrappers/vsecprim -I../source/wrappers/vstdlib -Ic:/ghs/comp_201517/ansi -Ic:/ghs/comp_201517/include/v800 -Igendata -IC:\GHS\comp_201517\lib\rh850 -cg_underscore -cpu=rh850g3k -nofpu -no_v850_simd -rh850_fpsimd=none -nomacro -patch_dbo=C:\_ECU2\ECU_Rivian_A1\Target\repo_projects\pFOTA\cL_LATEST\make\obj\actUtilities.dbo -source=actUtilities.c -o obj\gh_00002041.o -list=lst/actUtilities.lst C:\Users\nhuliyap\AppData\Local\Temp\gh_00002041.s 
Original File: C:\Users\nhuliyap\AppData\Local\Temp\gh_00002041.s
Source File: actUtilities.c
Directory: C:\_ECU2\ECU_Rivian_A1\Target\repo_projects\pFOTA\cL_LATEST\make
Host OS: Windows
EASE: Copyright (C) 1983-2015 Green Hills Software.  All Rights Reserved.
Release: Compiler v2015.1.7
Build Directory: [Directory] BTOWORKER6:c:/build_2015_1_bto/2015-10-21.2100-2015_1_bto/win32-comp-ecom
Revision: [VCInfo] http://toolsvc/branches/release-branch-70-bto/src@544153 (built by build)
Revision Date: Thu Oct 22 07:50:13 2015

Release Date: Thu Oct 22 09:32:32 2015

                           1 --Driver Command: ccrh850 -DBRS_DERIVATIVE_701018 -DBRS_OSC_CLK=16
                           2 --		-DBRS_TIMEBASE_CLOCK=80 -DBRS_EVA_BOARD_
                           3 --		-DBRS_DERIVATIVE_GROUP_F1L -DBRS_OS_USECASE_BRS
                           4 --		-DBRS_PLATFORM_RH850 -DBRS_COMP_GHS
                           5 --		-DBRS_CPU_LOCAL_RAM_SIZE_CORE0=32
                           6 --		-DBRS_CPU_RAM_START_CORE0=0xFEDF8000 -list=lst/actUtilities.lst
                           7 --		-object_dir=obj -stderr=err/actUtilities.err -c -cpu=rh850
                           8 --		-sda=all -large_sda -prepare_dispose -pragma_asm_inline -no_callt
                           9 --		-inline_prologue -notda -reserve_r2 -fsoft
                          10 --		--unknown_pragma_warnings -list -g -Ogeneral -shortenum
                          11 --		-registermode=32 -I../source/_common -I../source/common
                          12 --		-I../source/ecuabcanif -I../source/ecuabcantrcv
                          13 --		-I../source/ecuabcryif -I../source/ecuabfee
                          14 --		-I../source/ecuabmemif -I../source/libautosar -I../source/mcalcan
                          15 --		-I../source/mcalcry -I../source/mcaldio -I../source/mcaleep
                          16 --		-I../source/mcalfls -I../source/mcalmcu -I../source/projectara
                          17 --		-I../source/projectcfg -I../source/projectcompiler
                          18 --		-I../source/swcservicebswm -I../source/swcservicecantp
                          19 --		-I../source/swcservicecomm -I../source/swcservicecsm
                          20 --		-I../source/swcservicedcm -I../source/swcservicedem
                          21 --		-I../source/swcservicedet -I../source/swcserviceecum
                          22 --		-I../source/swcservicenvm -I../source/swcserviceos
                          23 --		-I../source/swcservicepdur -I../source/swcserviceschm
                          24 --		-I../source/swcservicestartup -I../source/wrappers/swcservicesecm
                          25 --		-I../source/wrappers/vsecprim -I../source/wrappers/vstdlib
                          26 --		-Ic:/ghs/comp_201517/ansi -Ic:/ghs/comp_201517/include/v800
                          27 --		-Igendata ../source/wrappers/vSecPrim/actUtilities.c
                          28 --Source File:   ../source/wrappers/vSecPrim/actUtilities.c
                          29 --Directory:     
                          30 --		C:\_ECU2\ECU_Rivian_A1\Target\repo_projects\pFOTA\cL_LATEST\make
                          31 --Compile Date:  Wed Sep 06 14:08:58 2023
                          32 --Host OS:       Win32
                          33 --Version:       C-RH850 2015.1.7 RELEASE VERSION
                          34 --Release:       Compiler v2015.1.7
                          35 --Revision Date: Thu Oct 22 08:06:12 2015
                          36 --Release Date:  Thu Oct 22 09:34:32 2015
                          37 -- ecom  -g -w -OM
                          38 	.section ".MSR_CODE","ax"
                          39 	.align	2
                          40 ..bof.C.3A.5C_ECU2.5CECU_Rivian_A1.5CTarget.5Crepo_projects.5CpFOTA.5CcL_LATEST.5Cmake.5Cobj.5CactUtilities...43.3A.5C_ECU2.5CECU_Rivian_A1.5CTarget.5Crepo_projects.5CpFOTA.5CcL_LATEST.5Cmake..64F86BDA..0::
                          41 	.align	2
                          42 ..gh.f.f.1.e.0:
                          43 	.type	..gh.f.f.1.e.0,@object
                          44 	.size	..gh.f.f.1.e.0,0
                          45 	.global	_actMemSet
                          46 _actMemSet:
                          47 --	    .bf
                          48 .LDW01:
00000000 d505*            49 	br	.L4
                          50 .L6:

                                                                      Page 2
                                                              C:\Users\nhuliyap\AppData\Local\Temp\gh_00002041.s
                          51 --line16
                          52 ..lin.C.3A.5C_ECU2.5CECU_Rivian_A1.5CTarget.5Crepo_projects.5CpFOTA.5CcL_LATEST.5Cmake.5Cobj.5CactUtilities.1::
                          53 .LDWlin1:
00000002 5f42             54 	add	-1,r8
00000004 08f0             55 	mov	r8,ep
00000006 c6f1             56 	add	r6,ep
00000008 803b             57 	sst.b	r7,0[ep]
                          58 .L4:
0000000a e041             59 	cmp	zero,r8
0000000c bafd*            60 	bne	.L6
                          61 --	    .ef
                          62 .LDW11:
                          63 --line19
                          64 ..lin.C.3A.5C_ECU2.5CECU_Rivian_A1.5CTarget.5Crepo_projects.5CpFOTA.5CcL_LATEST.5Cmake.5Cobj.5CactUtilities.2::
                          65 .LDWlin2:
0000000e 7f00             66 	jmp	[lp]
                          67 	.type	_actMemSet,@function
                          68 	.size	_actMemSet,.-_actMemSet
                          69 	.align	2
                          70 .LDW21:
                          71 --_dest_tmp	r6	local
                          72 --_i	r8	local
                          73 
                          74 --_dest	r6	param
                          75 --_fill	r7	param
                          76 --_count	r8	param
                          77 
                          78 	.section ".bss","awb"
                          79 .L43:
                          80 	.type	.L43,@object
                          81 	.size	.L43,0
                          82 	.data
                          83 	.section ".MSR_CODE","ax"
                          84 	.align	2
                          85 	.align	2
                          86 ..gh.f.f.1.e.1:
                          87 	.type	..gh.f.f.1.e.1,@object
                          88 	.size	..gh.f.f.1.e.1,0
                          89 	.global	_actMemcpy
                          90 _actMemcpy:
                          91 --	    .bf
                          92 .LDW31:
00000010 0798             93 	mov	r7,r19
00000012 950d*            94 	br	.L87
                          95 .L89:
                          96 --line26
                          97 ..lin.C.3A.5C_ECU2.5CECU_Rivian_A1.5CTarget.5Crepo_projects.5CpFOTA.5CcL_LATEST.5Cmake.5Cobj.5CactUtilities.3::
                          98 .LDWlin3:
00000014 5f42             99 	add	-1,r8
00000016 0838            100 	mov	r8,r7
00000018 d339            101 	add	r19,r7
0000001a 873f0100        102 	ld.bu	0[r7],r7
0000001e 08f0            103 	mov	r8,ep
00000020 c6f1            104 	add	r6,ep
00000022 803b            105 	sst.b	r7,0[ep]
                         106 .L87:
00000024 e041            107 	cmp	zero,r8
00000026 faf5*           108 	bne	.L89
                         109 --	    .ef
                         110 .LDW41:
                         111 --line29

                                                                      Page 3
                                                              C:\Users\nhuliyap\AppData\Local\Temp\gh_00002041.s
                         112 ..lin.C.3A.5C_ECU2.5CECU_Rivian_A1.5CTarget.5Crepo_projects.5CpFOTA.5CcL_LATEST.5Cmake.5Cobj.5CactUtilities.4::
                         113 .LDWlin4:
00000028 7f00            114 	jmp	[lp]
                         115 	.type	_actMemcpy,@function
                         116 	.size	_actMemcpy,.-_actMemcpy
                         117 	.align	2
                         118 .LDW51:
                         119 --_dest_tmp	r6	local
                         120 --_src_tmp	r19	local
                         121 --_i	r8	local
                         122 
                         123 --_dest	r6	param
                         124 --_src	r7	param
                         125 --_count	r8	param
                         126 
                         127 	.section ".bss","awb"
                         128 .L123:
                         129 	.type	.L123,@object
                         130 	.size	.L123,0
                         131 	.data
                         132 	.section ".MSR_CODE","ax"
                         133 	.align	2
                         134 	.align	2
                         135 ..gh.f.f.1.e.2:
                         136 	.type	..gh.f.f.1.e.2,@object
                         137 	.size	..gh.f.f.1.e.2,0
                         138 	.global	_actMemcpy_ROM
                         139 _actMemcpy_ROM:
                         140 --	    .bf
                         141 .LDW61:
0000002a 0798            142 	mov	r7,r19
0000002c 950d*           143 	br	.L167
                         144 .L169:
                         145 --line36
                         146 ..lin.C.3A.5C_ECU2.5CECU_Rivian_A1.5CTarget.5Crepo_projects.5CpFOTA.5CcL_LATEST.5Cmake.5Cobj.5CactUtilities.5::
                         147 .LDWlin5:
0000002e 5f42            148 	add	-1,r8
00000030 0838            149 	mov	r8,r7
00000032 d339            150 	add	r19,r7
00000034 873f0100        151 	ld.bu	0[r7],r7
00000038 08f0            152 	mov	r8,ep
0000003a c6f1            153 	add	r6,ep
0000003c 803b            154 	sst.b	r7,0[ep]
                         155 .L167:
0000003e e041            156 	cmp	zero,r8
00000040 faf5*           157 	bne	.L169
                         158 --	    .ef
                         159 .LDW71:
                         160 --line39
                         161 ..lin.C.3A.5C_ECU2.5CECU_Rivian_A1.5CTarget.5Crepo_projects.5CpFOTA.5CcL_LATEST.5Cmake.5Cobj.5CactUtilities.6::
                         162 .LDWlin6:
00000042 7f00            163 	jmp	[lp]
                         164 	.type	_actMemcpy_ROM,@function
                         165 	.size	_actMemcpy_ROM,.-_actMemcpy_ROM
                         166 	.align	2
                         167 .LDW81:
                         168 --_dest_tmp	r6	local
                         169 --_src_tmp	r19	local
                         170 --_i	r8	local
                         171 
                         172 --_dest	r6	param

                                                                      Page 4
                                                              C:\Users\nhuliyap\AppData\Local\Temp\gh_00002041.s
                         173 --_src	r7	param
                         174 --_count	r8	param
                         175 
                         176 	.section ".bss","awb"
                         177 .L203:
                         178 	.type	.L203,@object
                         179 	.size	.L203,0
                         180 	.data
                         181 	.section ".MSR_CODE","ax"
                         182 	.align	2
                         183 	.align	2
                         184 ..gh.f.f.1.e.3:
                         185 	.type	..gh.f.f.1.e.3,@object
                         186 	.size	..gh.f.f.1.e.3,0
                         187 	.global	_actMemcpy_ROMRAM
                         188 _actMemcpy_ROMRAM:
00000044 0798            189 	mov	r7,r19
                         190 --	    .bf
                         191 .LDW91:
00000046 950d*           192 	br	.L247
                         193 .L249:
                         194 --line45
                         195 ..lin.C.3A.5C_ECU2.5CECU_Rivian_A1.5CTarget.5Crepo_projects.5CpFOTA.5CcL_LATEST.5Cmake.5Cobj.5CactUtilities.7::
                         196 .LDWlin7:
00000048 5f42            197 	add	-1,r8
0000004a 0838            198 	mov	r8,r7
0000004c d339            199 	add	r19,r7
0000004e 873f0100        200 	ld.bu	0[r7],r7
00000052 08f0            201 	mov	r8,ep
00000054 c6f1            202 	add	r6,ep
00000056 803b            203 	sst.b	r7,0[ep]
                         204 .L247:
00000058 e041            205 	cmp	zero,r8
0000005a faf5*           206 	bne	.L249
                         207 --	    .ef
                         208 .LDW02:
                         209 --line48
                         210 ..lin.C.3A.5C_ECU2.5CECU_Rivian_A1.5CTarget.5Crepo_projects.5CpFOTA.5CcL_LATEST.5Cmake.5Cobj.5CactUtilities.8::
                         211 .LDWlin8:
0000005c 7f00            212 	jmp	[lp]
                         213 	.type	_actMemcpy_ROMRAM,@function
                         214 	.size	_actMemcpy_ROMRAM,.-_actMemcpy_ROMRAM
                         215 	.align	2
                         216 .LDW12:
                         217 --_dest_tmp	r6	local
                         218 --_i	r8	local
                         219 
                         220 --_dest	r6	param
                         221 --_src	r19	param
                         222 --_count	r8	param
                         223 
                         224 	.section ".bss","awb"
                         225 .L283:
                         226 	.type	.L283,@object
                         227 	.size	.L283,0
                         228 	.data
                         229 	.section ".MSR_CODE","ax"
                         230 	.align	2
                         231 	.align	2
                         232 ..gh.f.f.1.e.4:
                         233 	.type	..gh.f.f.1.e.4,@object

                                                                      Page 5
                                                              C:\Users\nhuliyap\AppData\Local\Temp\gh_00002041.s
                         234 	.size	..gh.f.f.1.e.4,0
                         235 	.global	_actWatchdogTriggerFunction
                         236 _actWatchdogTriggerFunction:
0000005e 80076100        237 	prepare	{r29,r31},0
00000062 06e8            238 	mov	r6,r29
                         239 --	    .bf
                         240 .LDW22:
00000064 e031            241 	cmp	zero,r6
00000066 b205*           242 	be	.L325
                         243 --line52
                         244 ..lin.C.3A.5C_ECU2.5CECU_Rivian_A1.5CTarget.5Crepo_projects.5CpFOTA.5CcL_LATEST.5Cmake.5Cobj.5CactUtilities.9::
                         245 .LDWlin9:
00000068 fdc760f9        246 	jarl	[r29],lp
                         247 .L325:
                         248 --	    .ef
                         249 .LDW32:
                         250 --line54
                         251 ..lin.C.3A.5C_ECU2.5CECU_Rivian_A1.5CTarget.5Crepo_projects.5CpFOTA.5CcL_LATEST.5Cmake.5Cobj.5CactUtilities.10::
                         252 .LDWlin10:
0000006c 40067f00        253 	dispose	0,{r29,r31},[lp]
                         254 	.type	_actWatchdogTriggerFunction,@function
                         255 	.size	_actWatchdogTriggerFunction,.-_actWatchdogTriggerFunction
                         256 	.align	2
                         257 .LDW42:
                         258 
                         259 --_watchdog	r29	param
                         260 
                         261 	.section ".bss","awb"
                         262 .L358:
                         263 	.type	.L358,@object
                         264 	.size	.L358,0
                         265 	.data
                         266 	.section ".MSR_CODE","ax"
                         267 	.align	2
                         268 	.align	2
                         269 ..gh.f.f.1.e.5:
                         270 	.type	..gh.f.f.1.e.5,@object
                         271 	.size	..gh.f.f.1.e.5,0
                         272 	.global	_actMemcmp
                         273 _actMemcmp:
                         274 --	    .bf
                         275 .LDW52:
00000070 0152            276 	mov	1,r10
00000072 0092            277 	mov	0,r18
00000074 d50d*           278 	br	.L396
                         279 .L395:
                         280 --line63
                         281 ..lin.C.3A.5C_ECU2.5CECU_Rivian_A1.5CTarget.5Crepo_projects.5CpFOTA.5CcL_LATEST.5Cmake.5Cobj.5CactUtilities.11::
                         282 .LDWlin11:
00000076 12f0            283 	mov	r18,ep
00000078 1248            284 	mov	r18,r9
0000007a c6f1            285 	add	r6,ep
0000007c c749            286 	add	r7,r9
0000007e 898f0100        287 	ld.bu	0[r9],r17
00000082 6080            288 	sld.bu	0[ep],r16
00000084 f181            289 	cmp	r17,r16
00000086 e29f0000        290 	setfe	r19
0000008a 5351            291 	and	r19,r10
0000008c 4192            292 	add	1,r18
                         293 .L396:
0000008e e891            294 	cmp	r8,r18

                                                                      Page 6
                                                              C:\Users\nhuliyap\AppData\Local\Temp\gh_00002041.s
00000090 b1f5*           295 	bl	.L395
                         296 --	    .ef
                         297 .LDW62:
                         298 --line66
                         299 ..lin.C.3A.5C_ECU2.5CECU_Rivian_A1.5CTarget.5Crepo_projects.5CpFOTA.5CcL_LATEST.5Cmake.5Cobj.5CactUtilities.12::
                         300 .LDWlin12:
00000092 7f00            301 	jmp	[lp]
                         302 	.type	_actMemcmp,@function
                         303 	.size	_actMemcmp,.-_actMemcmp
                         304 	.align	2
                         305 .LDW72:
                         306 --_buf1_tmp	r6	local
                         307 --_buf2_tmp	r7	local
                         308 --_i	r18	local
                         309 --_isEqual	r10	local
                         310 
                         311 --_buf1	r6	param
                         312 --_buf2	r7	param
                         313 --_count	r8	param
                         314 
                         315 	.section ".bss","awb"
                         316 .L438:
                         317 	.type	.L438,@object
                         318 	.size	.L438,0
                         319 	.data
                         320 	.section ".MSR_CODE","ax"
                         321 	.align	2
                         322 	.align	2
                         323 ..gh.f.f.1.e.6:
                         324 	.type	..gh.f.f.1.e.6,@object
                         325 	.size	..gh.f.f.1.e.6,0
                         326 	.global	_actMemcmp_ROM
                         327 _actMemcmp_ROM:
                         328 --	    .bf
                         329 .LDW82:
00000094 0152            330 	mov	1,r10
00000096 0092            331 	mov	0,r18
00000098 d50d*           332 	br	.L488
                         333 .L487:
                         334 --line74
                         335 ..lin.C.3A.5C_ECU2.5CECU_Rivian_A1.5CTarget.5Crepo_projects.5CpFOTA.5CcL_LATEST.5Cmake.5Cobj.5CactUtilities.13::
                         336 .LDWlin13:
0000009a 12f0            337 	mov	r18,ep
0000009c 1248            338 	mov	r18,r9
0000009e c6f1            339 	add	r6,ep
000000a0 c749            340 	add	r7,r9
000000a2 898f0100        341 	ld.bu	0[r9],r17
000000a6 6080            342 	sld.bu	0[ep],r16
000000a8 f181            343 	cmp	r17,r16
000000aa e29f0000        344 	setfe	r19
000000ae 5351            345 	and	r19,r10
000000b0 4192            346 	add	1,r18
                         347 .L488:
000000b2 e891            348 	cmp	r8,r18
000000b4 b1f5*           349 	bl	.L487
                         350 --	    .ef
                         351 .LDW92:
                         352 --line77
                         353 ..lin.C.3A.5C_ECU2.5CECU_Rivian_A1.5CTarget.5Crepo_projects.5CpFOTA.5CcL_LATEST.5Cmake.5Cobj.5CactUtilities.14::
                         354 .LDWlin14:
000000b6 7f00            355 	jmp	[lp]

                                                                      Page 7
                                                              C:\Users\nhuliyap\AppData\Local\Temp\gh_00002041.s
                         356 	.type	_actMemcmp_ROM,@function
                         357 	.size	_actMemcmp_ROM,.-_actMemcmp_ROM
                         358 	.align	2
                         359 .LDW03:
                         360 --_i	r18	local
                         361 --_isEqual	r10	local
                         362 
                         363 --_buf1	r6	param
                         364 --_buf2	r7	param
                         365 --_count	r8	param
                         366 
                         367 	.section ".bss","awb"
                         368 .L534:
                         369 	.type	.L534,@object
                         370 	.size	.L534,0
                         371 	.data
                         372 	.section ".MSR_CODE","ax"
                         373 	.align	2
                         374 	.align	2
                         375 ..gh.f.f.1.e.7:
                         376 	.type	..gh.f.f.1.e.7,@object
                         377 	.size	..gh.f.f.1.e.7,0
                         378 	.global	_actMemcmp_ROMRAM
                         379 _actMemcmp_ROMRAM:
                         380 --	    .bf
                         381 .LDW13:
000000b8 0152            382 	mov	1,r10
000000ba 0092            383 	mov	0,r18
000000bc d50d*           384 	br	.L584
                         385 .L583:
                         386 --line86
                         387 ..lin.C.3A.5C_ECU2.5CECU_Rivian_A1.5CTarget.5Crepo_projects.5CpFOTA.5CcL_LATEST.5Cmake.5Cobj.5CactUtilities.15::
                         388 .LDWlin15:
000000be 12f0            389 	mov	r18,ep
000000c0 1248            390 	mov	r18,r9
000000c2 c6f1            391 	add	r6,ep
000000c4 c749            392 	add	r7,r9
000000c6 898f0100        393 	ld.bu	0[r9],r17
000000ca 6080            394 	sld.bu	0[ep],r16
000000cc f181            395 	cmp	r17,r16
000000ce e29f0000        396 	setfe	r19
000000d2 5351            397 	and	r19,r10
000000d4 4192            398 	add	1,r18
                         399 .L584:
000000d6 e891            400 	cmp	r8,r18
000000d8 b1f5*           401 	bl	.L583
                         402 --	    .ef
                         403 .LDW23:
                         404 --line89
                         405 ..lin.C.3A.5C_ECU2.5CECU_Rivian_A1.5CTarget.5Crepo_projects.5CpFOTA.5CcL_LATEST.5Cmake.5Cobj.5CactUtilities.16::
                         406 .LDWlin16:
000000da 7f00            407 	jmp	[lp]
                         408 	.type	_actMemcmp_ROMRAM,@function
                         409 	.size	_actMemcmp_ROMRAM,.-_actMemcmp_ROMRAM
                         410 	.align	2
                         411 .LDW33:
                         412 --_buf1_tmp	r6	local
                         413 --_i	r18	local
                         414 --_isEqual	r10	local
                         415 
                         416 --_buf1	r6	param

                                                                      Page 8
                                                              C:\Users\nhuliyap\AppData\Local\Temp\gh_00002041.s
                         417 --_buf2	r7	param
                         418 --_count	r8	param
                         419 
                         420 	.section ".bss","awb"
                         421 .L630:
                         422 	.type	.L630,@object
                         423 	.size	.L630,0
                         424 	.data
                         425 	.section ".MSR_CODE","ax"
                         426 	.align	2
                         427 	.align	2
                         428 ..gh.f.f.1.e.8:
                         429 	.type	..gh.f.f.1.e.8,@object
                         430 	.size	..gh.f.f.1.e.8,0
                         431 	.global	_actXOR
                         432 _actXOR:
                         433 --	    .bf
                         434 .LDW43:
000000dc 0698            435 	mov	r6,r19
000000de 0790            436 	mov	r7,r18
000000e0 b50d*           437 	br	.L677
                         438 .L679:
                         439 --line97
                         440 ..lin.C.3A.5C_ECU2.5CECU_Rivian_A1.5CTarget.5Crepo_projects.5CpFOTA.5CcL_LATEST.5Cmake.5Cobj.5CactUtilities.17::
                         441 .LDWlin17:
000000e2 5f42            442 	add	-1,r8
000000e4 0838            443 	mov	r8,r7
000000e6 08f0            444 	mov	r8,ep
000000e8 d239            445 	add	r18,r7
000000ea d3f1            446 	add	r19,ep
000000ec 6030            447 	sld.bu	0[ep],r6
000000ee 873f0100        448 	ld.bu	0[r7],r7
000000f2 2731            449 	xor	r7,r6
000000f4 8033            450 	sst.b	r6,0[ep]
                         451 .L677:
000000f6 e041            452 	cmp	zero,r8
000000f8 daf5*           453 	bne	.L679
                         454 --	    .ef
                         455 .LDW53:
                         456 --line101
                         457 ..lin.C.3A.5C_ECU2.5CECU_Rivian_A1.5CTarget.5Crepo_projects.5CpFOTA.5CcL_LATEST.5Cmake.5Cobj.5CactUtilities.18::
                         458 .LDWlin18:
000000fa 7f00            459 	jmp	[lp]
                         460 	.type	_actXOR,@function
                         461 	.size	_actXOR,.-_actXOR
                         462 	.align	2
                         463 .LDW63:
                         464 --_buf1_tmp	r19	local
                         465 --_buf2_tmp	r18	local
                         466 --_i	r8	local
                         467 
                         468 --_buf1	r6	param
                         469 --_buf2	r7	param
                         470 --_count	r8	param
                         471 
                         472 	.section ".bss","awb"
                         473 .L715:
                         474 	.type	.L715,@object
                         475 	.size	.L715,0
                         476 	.data
                         477 	.section ".MSR_CODE","ax"

                                                                      Page 9
                                                              C:\Users\nhuliyap\AppData\Local\Temp\gh_00002041.s
                         478 	.align	2
                         479 	.align	2
                         480 ..gh.f.f.1.e.9:
                         481 	.type	..gh.f.f.1.e.9,@object
                         482 	.size	..gh.f.f.1.e.9,0
                         483 	.global	_actAddBE
                         484 _actAddBE:
000000fc 0950            485 	mov	r9,r10
000000fe 0690            486 	mov	r6,r18
00000100 0788            487 	mov	r7,r17
00000102 0898            488 	mov	r8,r19
00000104 8a00            489 	zxb	r10
                         490 --	    .bf
                         491 .LDW73:
00000106 003a            492 	mov	0,r7
00000108 f50d*           493 	br	.L762
                         494 .L761:
                         495 --line112
                         496 ..lin.C.3A.5C_ECU2.5CECU_Rivian_A1.5CTarget.5Crepo_projects.5CpFOTA.5CcL_LATEST.5Cmake.5Cobj.5CactUtilities.19::
                         497 .LDWlin19:
0000010a 1340            498 	mov	r19,r8
0000010c a741            499 	sub	r7,r8
0000010e 08f0            500 	mov	r8,ep
00000110 d2f1            501 	add	r18,ep
00000112 d141            502 	add	r17,r8
00000114 a837ffff        503 	ld.bu	-1[r8],r6
00000118 5ff2            504 	add	-1,ep
0000011a 6040            505 	sld.bu	0[ep],r8
0000011c 413a            506 	add	1,r7
0000011e c831            507 	add	r8,r6
00000120 c651            508 	add	r6,r10
00000122 8053            509 	sst.b	r10,0[ep]
00000124 a852            510 	sar	8,r10
                         511 .L762:
00000126 f339            512 	cmp	r19,r7
00000128 91f5*           513 	bl	.L761
                         514 --	    .ef
                         515 .LDW83:
                         516 --line119
                         517 ..lin.C.3A.5C_ECU2.5CECU_Rivian_A1.5CTarget.5Crepo_projects.5CpFOTA.5CcL_LATEST.5Cmake.5Cobj.5CactUtilities.20::
                         518 .LDWlin20:
0000012a 7f00            519 	jmp	[lp]
                         520 	.type	_actAddBE,@function
                         521 	.size	_actAddBE,.-_actAddBE
                         522 	.align	2
                         523 .LDW93:
                         524 --_cy	r10	local
                         525 --_tmp	r9	local
                         526 --_i	r7	local
                         527 
                         528 --_tgt	r18	param
                         529 --_src	r17	param
                         530 --_length	r19	param
                         531 --_carry	r9	param
                         532 
                         533 	.section ".bss","awb"
                         534 .L806:
                         535 	.type	.L806,@object
                         536 	.size	.L806,0
                         537 	.data
                         538 	.section ".MSR_CODE","ax"

                                                                      Page 10
                                                              C:\Users\nhuliyap\AppData\Local\Temp\gh_00002041.s
                         539 	.align	2
                         540 	.align	2
                         541 ..gh.f.f.1.e.10:
                         542 	.type	..gh.f.f.1.e.10,@object
                         543 	.size	..gh.f.f.1.e.10,0
                         544 	.global	_actLEtoU8
                         545 _actLEtoU8:
0000012c 06f0            546 	mov	r6,ep
                         547 --	    .bf
                         548 .LDW04:
0000012e 6050            549 	sld.bu	0[ep],r10
                         550 --	    .ef
                         551 .LDW14:
00000130 7f00            552 	jmp	[lp]
                         553 	.type	_actLEtoU8,@function
                         554 	.size	_actLEtoU8,.-_actLEtoU8
                         555 	.align	2
                         556 .LDW24:
                         557 
                         558 --_src	ep	param
                         559 
                         560 	.section ".bss","awb"
                         561 .L884:
                         562 	.type	.L884,@object
                         563 	.size	.L884,0
                         564 	.data
                         565 	.section ".MSR_CODE","ax"
                         566 	.align	2
                         567 	.align	2
                         568 ..gh.f.f.1.e.11:
                         569 	.type	..gh.f.f.1.e.11,@object
                         570 	.size	..gh.f.f.1.e.11,0
                         571 	.global	_actU8toLE
                         572 _actU8toLE:
00000132 06f0            573 	mov	r6,ep
                         574 --	    .bf
                         575 .LDW34:
00000134 803b            576 	sst.b	r7,0[ep]
                         577 --	    .ef
                         578 .LDW44:
00000136 7f00            579 	jmp	[lp]
                         580 	.type	_actU8toLE,@function
                         581 	.size	_actU8toLE,.-_actU8toLE
                         582 	.align	2
                         583 .LDW54:
                         584 
                         585 --_tgt	ep	param
                         586 --_in	r7	param
                         587 
                         588 	.section ".bss","awb"
                         589 .L929:
                         590 	.type	.L929,@object
                         591 	.size	.L929,0
                         592 	.data
                         593 	.section ".MSR_CODE","ax"
                         594 	.align	2
                         595 	.align	2
                         596 ..gh.f.f.1.e.12:
                         597 	.type	..gh.f.f.1.e.12,@object
                         598 	.size	..gh.f.f.1.e.12,0
                         599 	.global	_actLEtoU16

                                                                      Page 11
                                                              C:\Users\nhuliyap\AppData\Local\Temp\gh_00002041.s
                         600 _actLEtoU16:
00000138 06f0            601 	mov	r6,ep
                         602 --	    .bf
                         603 .LDW64:
0000013a 6148            604 	sld.bu	1[ep],r9
0000013c 6050            605 	sld.bu	0[ep],r10
0000013e c84a            606 	shl	8,r9
00000140 0951            607 	or	r9,r10
                         608 --	    .ef
                         609 .LDW74:
00000142 7f00            610 	jmp	[lp]
                         611 	.type	_actLEtoU16,@function
                         612 	.size	_actLEtoU16,.-_actLEtoU16
                         613 	.align	2
                         614 .LDW84:
                         615 --_u16	r10	local
                         616 
                         617 --_src	ep	param
                         618 
                         619 	.section ".bss","awb"
                         620 .L980:
                         621 	.type	.L980,@object
                         622 	.size	.L980,0
                         623 	.data
                         624 	.section ".MSR_CODE","ax"
                         625 	.align	2
                         626 	.align	2
                         627 ..gh.f.f.1.e.13:
                         628 	.type	..gh.f.f.1.e.13,@object
                         629 	.size	..gh.f.f.1.e.13,0
                         630 	.global	_actU16toLE
                         631 _actU16toLE:
00000144 06f0            632 	mov	r6,ep
                         633 --	    .bf
                         634 .LDW94:
00000146 803b            635 	sst.b	r7,0[ep]
00000148 883a            636 	shr	8,r7
0000014a 813b            637 	sst.b	r7,1[ep]
                         638 --	    .ef
                         639 .LDW05:
0000014c 7f00            640 	jmp	[lp]
                         641 	.type	_actU16toLE,@function
                         642 	.size	_actU16toLE,.-_actU16toLE
                         643 	.align	2
                         644 .LDW15:
                         645 
                         646 --_tgt	ep	param
                         647 --_src	r7	param
                         648 
                         649 	.section ".bss","awb"
                         650 .L1025:
                         651 	.type	.L1025,@object
                         652 	.size	.L1025,0
                         653 	.data
                         654 	.section ".MSR_CODE","ax"
                         655 	.align	2
                         656 	.align	2
                         657 ..gh.f.f.1.e.14:
                         658 	.type	..gh.f.f.1.e.14,@object
                         659 	.size	..gh.f.f.1.e.14,0
                         660 	.global	_actCpyLEtoU16

                                                                      Page 12
                                                              C:\Users\nhuliyap\AppData\Local\Temp\gh_00002041.s
                         661 _actCpyLEtoU16:
0000014e 8007e110        662 	prepare	{r27,r28,r29,r31},0
00000152 06d8            663 	mov	r6,r27
                         664 --	    .bf
                         665 .LDW25:
00000154 00ea            666 	mov	0,r29
00000156 b50d*           667 	br	.L1048
                         668 .L1047:
                         669 --line153
                         670 ..lin.C.3A.5C_ECU2.5CECU_Rivian_A1.5CTarget.5Crepo_projects.5CpFOTA.5CcL_LATEST.5Cmake.5Cobj.5CactUtilities.21::
                         671 .LDWlin21:
00000158 1d30            672 	mov	r29,r6
0000015a c132            673 	shl	1,r6
0000015c 06e0            674 	mov	r6,r28
0000015e dbe1            675 	add	r27,r28
00000160 c731            676 	add	r7,r6
                         677 	jarl	_actLEtoU16,lp
                         677 <EXPANSION BEGIN>
                         677 jarl22 _actLEtoU16 , lp 
00000162 bfffd6ff*       677 <EXPANSION END>
00000166 7c570000        678 	st.h	r10,0[r28]
                         679 --line152
                         680 ..lin.C.3A.5C_ECU2.5CECU_Rivian_A1.5CTarget.5Crepo_projects.5CpFOTA.5CcL_LATEST.5Cmake.5Cobj.5CactUtilities.22::
                         681 .LDWlin22:
0000016a 41ea            682 	add	1,r29
                         683 .L1048:
0000016c 0890            684 	mov	r8,r18
0000016e 8192            685 	shr	1,r18
00000170 f2e9            686 	cmp	r18,r29
00000172 b1f5*           687 	bl	.L1047
                         688 --	    .ef
                         689 .LDW35:
                         690 --line155
                         691 ..lin.C.3A.5C_ECU2.5CECU_Rivian_A1.5CTarget.5Crepo_projects.5CpFOTA.5CcL_LATEST.5Cmake.5Cobj.5CactUtilities.23::
                         692 .LDWlin23:
00000174 4006ff10        693 	dispose	0,{r27,r28,r29,r31},[lp]
                         694 	.type	_actCpyLEtoU16,@function
                         695 	.size	_actCpyLEtoU16,.-_actCpyLEtoU16
                         696 	.align	2
                         697 .LDW45:
                         698 --_i	r29	local
                         699 
                         700 --_tgt	r27	param
                         701 --_src	r26	param
                         702 --_length	r25	param
                         703 
                         704 	.section ".bss","awb"
                         705 .L1083:
                         706 	.type	.L1083,@object
                         707 	.size	.L1083,0
                         708 	.data
                         709 	.section ".MSR_CODE","ax"
                         710 	.align	2
                         711 	.align	2
                         712 ..gh.f.f.1.e.15:
                         713 	.type	..gh.f.f.1.e.15,@object
                         714 	.size	..gh.f.f.1.e.15,0
                         715 	.global	_actCpyU16toLE
                         716 _actCpyU16toLE:
00000178 8007e110        717 	prepare	{r27,r28,r29,r31},0
0000017c 06e0            718 	mov	r6,r28

                                                                      Page 13
                                                              C:\Users\nhuliyap\AppData\Local\Temp\gh_00002041.s
0000017e 07d8            719 	mov	r7,r27
                         720 --	    .bf
                         721 .LDW55:
00000180 00ea            722 	mov	0,r29
00000182 a50d*           723 	br	.L1130
                         724 .L1129:
                         725 --line164
                         726 ..lin.C.3A.5C_ECU2.5CECU_Rivian_A1.5CTarget.5Crepo_projects.5CpFOTA.5CcL_LATEST.5Cmake.5Cobj.5CactUtilities.24::
                         727 .LDWlin24:
00000184 1df0            728 	mov	r29,ep
00000186 c1f2            729 	shl	1,ep
00000188 1e30            730 	mov	ep,r6
0000018a dbf1            731 	add	r27,ep
0000018c 7038            732 	sld.hu	0[ep],r7
0000018e dc31            733 	add	r28,r6
                         734 	jarl	_actU16toLE,lp
                         734 <EXPANSION BEGIN>
                         734 jarl22 _actU16toLE , lp 
00000190 bfffb4ff*       734 <EXPANSION END>
                         735 --line163
                         736 ..lin.C.3A.5C_ECU2.5CECU_Rivian_A1.5CTarget.5Crepo_projects.5CpFOTA.5CcL_LATEST.5Cmake.5Cobj.5CactUtilities.25::
                         737 .LDWlin25:
00000194 41ea            738 	add	1,r29
                         739 .L1130:
00000196 0890            740 	mov	r8,r18
00000198 8192            741 	shr	1,r18
0000019a f2e9            742 	cmp	r18,r29
0000019c c1f5*           743 	bl	.L1129
                         744 --	    .ef
                         745 .LDW65:
                         746 --line166
                         747 ..lin.C.3A.5C_ECU2.5CECU_Rivian_A1.5CTarget.5Crepo_projects.5CpFOTA.5CcL_LATEST.5Cmake.5Cobj.5CactUtilities.26::
                         748 .LDWlin26:
0000019e 4006ff10        749 	dispose	0,{r27,r28,r29,r31},[lp]
                         750 	.type	_actCpyU16toLE,@function
                         751 	.size	_actCpyU16toLE,.-_actCpyU16toLE
                         752 	.align	2
                         753 .LDW75:
                         754 --_i	r29	local
                         755 
                         756 --_tgt	r28	param
                         757 --_src	r27	param
                         758 --_length	r26	param
                         759 
                         760 	.section ".bss","awb"
                         761 .L1163:
                         762 	.type	.L1163,@object
                         763 	.size	.L1163,0
                         764 	.data
                         765 	.section ".MSR_CODE","ax"
                         766 	.align	2
                         767 	.align	2
                         768 ..gh.f.f.1.e.16:
                         769 	.type	..gh.f.f.1.e.16,@object
                         770 	.size	..gh.f.f.1.e.16,0
                         771 	.global	_actBEtoU32
                         772 _actBEtoU32:
000001a2 06f0            773 	mov	r6,ep
                         774 --	    .bf
                         775 .LDW85:
000001a4 6080            776 	sld.bu	0[ep],r16

                                                                      Page 14
                                                              C:\Users\nhuliyap\AppData\Local\Temp\gh_00002041.s
000001a6 6190            777 	sld.bu	1[ep],r18
000001a8 6288            778 	sld.bu	2[ep],r17
000001aa 6350            779 	sld.bu	3[ep],r10
000001ac d882            780 	shl	24,r16
000001ae d092            781 	shl	16,r18
000001b0 1091            782 	or	r16,r18
000001b2 c88a            783 	shl	8,r17
000001b4 1289            784 	or	r18,r17
000001b6 1151            785 	or	r17,r10
                         786 --	    .ef
                         787 .LDW95:
000001b8 7f00            788 	jmp	[lp]
                         789 	.type	_actBEtoU32,@function
                         790 	.size	_actBEtoU32,.-_actBEtoU32
                         791 	.align	2
                         792 .LDW06:
                         793 
                         794 --_src	ep	param
                         795 
                         796 	.section ".bss","awb"
                         797 .L1236:
                         798 	.type	.L1236,@object
                         799 	.size	.L1236,0
                         800 	.data
                         801 	.section ".MSR_CODE","ax"
                         802 	.align	2
                         803 	.align	2
                         804 ..gh.f.f.1.e.17:
                         805 	.type	..gh.f.f.1.e.17,@object
                         806 	.size	..gh.f.f.1.e.17,0
                         807 	.global	_actLEtoU32
                         808 _actLEtoU32:
000001ba 06f0            809 	mov	r6,ep
                         810 --	    .bf
                         811 .LDW16:
000001bc 6190            812 	sld.bu	1[ep],r18
000001be 6050            813 	sld.bu	0[ep],r10
000001c0 6288            814 	sld.bu	2[ep],r17
000001c2 6380            815 	sld.bu	3[ep],r16
000001c4 c892            816 	shl	8,r18
000001c6 1251            817 	or	r18,r10
000001c8 d08a            818 	shl	16,r17
000001ca 1151            819 	or	r17,r10
000001cc d882            820 	shl	24,r16
000001ce 1051            821 	or	r16,r10
                         822 --	    .ef
                         823 .LDW26:
000001d0 7f00            824 	jmp	[lp]
                         825 	.type	_actLEtoU32,@function
                         826 	.size	_actLEtoU32,.-_actLEtoU32
                         827 	.align	2
                         828 .LDW36:
                         829 
                         830 --_src	ep	param
                         831 
                         832 	.section ".bss","awb"
                         833 .L1281:
                         834 	.type	.L1281,@object
                         835 	.size	.L1281,0
                         836 	.data
                         837 	.section ".MSR_CODE","ax"

                                                                      Page 15
                                                              C:\Users\nhuliyap\AppData\Local\Temp\gh_00002041.s
                         838 	.align	2
                         839 	.align	2
                         840 ..gh.f.f.1.e.18:
                         841 	.type	..gh.f.f.1.e.18,@object
                         842 	.size	..gh.f.f.1.e.18,0
                         843 	.global	_actU32toBE
                         844 _actU32toBE:
000001d2 06f0            845 	mov	r6,ep
                         846 --	    .bf
                         847 .LDW46:
000001d4 0730            848 	mov	r7,r6
000001d6 0798            849 	mov	r7,r19
000001d8 0790            850 	mov	r7,r18
000001da 9832            851 	shr	24,r6
000001dc 909a            852 	shr	16,r19
000001de 8892            853 	shr	8,r18
000001e0 8033            854 	sst.b	r6,0[ep]
000001e2 819b            855 	sst.b	r19,1[ep]
000001e4 8293            856 	sst.b	r18,2[ep]
000001e6 833b            857 	sst.b	r7,3[ep]
                         858 --	    .ef
                         859 .LDW56:
000001e8 7f00            860 	jmp	[lp]
                         861 	.type	_actU32toBE,@function
                         862 	.size	_actU32toBE,.-_actU32toBE
                         863 	.align	2
                         864 .LDW66:
                         865 
                         866 --_tgt	ep	param
                         867 --_src	r7	param
                         868 
                         869 	.section ".bss","awb"
                         870 .L1329:
                         871 	.type	.L1329,@object
                         872 	.size	.L1329,0
                         873 	.data
                         874 	.section ".MSR_CODE","ax"
                         875 	.align	2
                         876 	.align	2
                         877 ..gh.f.f.1.e.19:
                         878 	.type	..gh.f.f.1.e.19,@object
                         879 	.size	..gh.f.f.1.e.19,0
                         880 	.global	_actU32toLE
                         881 _actU32toLE:
000001ea 06f0            882 	mov	r6,ep
                         883 --	    .bf
                         884 .LDW76:
000001ec 803b            885 	sst.b	r7,0[ep]
000001ee 0730            886 	mov	r7,r6
000001f0 0798            887 	mov	r7,r19
000001f2 8832            888 	shr	8,r6
000001f4 909a            889 	shr	16,r19
000001f6 983a            890 	shr	24,r7
000001f8 8133            891 	sst.b	r6,1[ep]
000001fa 829b            892 	sst.b	r19,2[ep]
000001fc 833b            893 	sst.b	r7,3[ep]
                         894 --	    .ef
                         895 .LDW86:
000001fe 7f00            896 	jmp	[lp]
                         897 	.type	_actU32toLE,@function
                         898 	.size	_actU32toLE,.-_actU32toLE

                                                                      Page 16
                                                              C:\Users\nhuliyap\AppData\Local\Temp\gh_00002041.s
                         899 	.align	2
                         900 .LDW96:
                         901 
                         902 --_tgt	ep	param
                         903 --_src	r7	param
                         904 
                         905 	.section ".bss","awb"
                         906 .L1377:
                         907 	.type	.L1377,@object
                         908 	.size	.L1377,0
                         909 	.data
                         910 	.section ".MSR_CODE","ax"
                         911 	.align	2
                         912 	.align	2
                         913 ..gh.f.f.1.e.20:
                         914 	.type	..gh.f.f.1.e.20,@object
                         915 	.size	..gh.f.f.1.e.20,0
                         916 	.global	_actCpyBEtoU32
                         917 _actCpyBEtoU32:
00000200 8007e110        918 	prepare	{r27,r28,r29,r31},0
00000204 06d8            919 	mov	r6,r27
                         920 --	    .bf
                         921 .LDW07:
00000206 00ea            922 	mov	0,r29
00000208 b50d*           923 	br	.L1400
                         924 .L1399:
                         925 --line213
                         926 ..lin.C.3A.5C_ECU2.5CECU_Rivian_A1.5CTarget.5Crepo_projects.5CpFOTA.5CcL_LATEST.5Cmake.5Cobj.5CactUtilities.27::
                         927 .LDWlin27:
0000020a 1d30            928 	mov	r29,r6
0000020c c232            929 	shl	2,r6
0000020e 06e0            930 	mov	r6,r28
00000210 dbe1            931 	add	r27,r28
00000212 c731            932 	add	r7,r6
                         933 	jarl	_actBEtoU32,lp
                         933 <EXPANSION BEGIN>
                         933 jarl22 _actBEtoU32 , lp 
00000214 bfff8eff*       933 <EXPANSION END>
00000218 7c570100        934 	st.w	r10,0[r28]
                         935 --line212
                         936 ..lin.C.3A.5C_ECU2.5CECU_Rivian_A1.5CTarget.5Crepo_projects.5CpFOTA.5CcL_LATEST.5Cmake.5Cobj.5CactUtilities.28::
                         937 .LDWlin28:
0000021c 41ea            938 	add	1,r29
                         939 .L1400:
0000021e 0890            940 	mov	r8,r18
00000220 8292            941 	shr	2,r18
00000222 f2e9            942 	cmp	r18,r29
00000224 b1f5*           943 	bl	.L1399
                         944 --	    .ef
                         945 .LDW17:
                         946 --line215
                         947 ..lin.C.3A.5C_ECU2.5CECU_Rivian_A1.5CTarget.5Crepo_projects.5CpFOTA.5CcL_LATEST.5Cmake.5Cobj.5CactUtilities.29::
                         948 .LDWlin29:
00000226 4006ff10        949 	dispose	0,{r27,r28,r29,r31},[lp]
                         950 	.type	_actCpyBEtoU32,@function
                         951 	.size	_actCpyBEtoU32,.-_actCpyBEtoU32
                         952 	.align	2
                         953 .LDW27:
                         954 --_i	r29	local
                         955 
                         956 --_tgt	r27	param

                                                                      Page 17
                                                              C:\Users\nhuliyap\AppData\Local\Temp\gh_00002041.s
                         957 --_src	r26	param
                         958 --_length	r25	param
                         959 
                         960 	.section ".bss","awb"
                         961 .L1435:
                         962 	.type	.L1435,@object
                         963 	.size	.L1435,0
                         964 	.data
                         965 	.section ".MSR_CODE","ax"
                         966 	.align	2
                         967 	.align	2
                         968 ..gh.f.f.1.e.21:
                         969 	.type	..gh.f.f.1.e.21,@object
                         970 	.size	..gh.f.f.1.e.21,0
                         971 	.global	_actCpyLEtoU32
                         972 _actCpyLEtoU32:
0000022a 8007e110        973 	prepare	{r27,r28,r29,r31},0
0000022e 06d8            974 	mov	r6,r27
                         975 --	    .bf
                         976 .LDW37:
00000230 00ea            977 	mov	0,r29
00000232 b50d*           978 	br	.L1482
                         979 .L1481:
                         980 --line224
                         981 ..lin.C.3A.5C_ECU2.5CECU_Rivian_A1.5CTarget.5Crepo_projects.5CpFOTA.5CcL_LATEST.5Cmake.5Cobj.5CactUtilities.30::
                         982 .LDWlin30:
00000234 1d30            983 	mov	r29,r6
00000236 c232            984 	shl	2,r6
00000238 06e0            985 	mov	r6,r28
0000023a dbe1            986 	add	r27,r28
0000023c c731            987 	add	r7,r6
                         988 	jarl	_actLEtoU32,lp
                         988 <EXPANSION BEGIN>
                         988 jarl22 _actLEtoU32 , lp 
0000023e bfff7cff*       988 <EXPANSION END>
00000242 7c570100        989 	st.w	r10,0[r28]
                         990 --line223
                         991 ..lin.C.3A.5C_ECU2.5CECU_Rivian_A1.5CTarget.5Crepo_projects.5CpFOTA.5CcL_LATEST.5Cmake.5Cobj.5CactUtilities.31::
                         992 .LDWlin31:
00000246 41ea            993 	add	1,r29
                         994 .L1482:
00000248 0890            995 	mov	r8,r18
0000024a 8292            996 	shr	2,r18
0000024c f2e9            997 	cmp	r18,r29
0000024e b1f5*           998 	bl	.L1481
                         999 --	    .ef
                        1000 .LDW47:
                        1001 --line226
                        1002 ..lin.C.3A.5C_ECU2.5CECU_Rivian_A1.5CTarget.5Crepo_projects.5CpFOTA.5CcL_LATEST.5Cmake.5Cobj.5CactUtilities.32::
                        1003 .LDWlin32:
00000250 4006ff10       1004 	dispose	0,{r27,r28,r29,r31},[lp]
                        1005 	.type	_actCpyLEtoU32,@function
                        1006 	.size	_actCpyLEtoU32,.-_actCpyLEtoU32
                        1007 	.align	2
                        1008 .LDW57:
                        1009 --_i	r29	local
                        1010 
                        1011 --_tgt	r27	param
                        1012 --_src	r26	param
                        1013 --_length	r25	param
                        1014 

                                                                      Page 18
                                                              C:\Users\nhuliyap\AppData\Local\Temp\gh_00002041.s
                        1015 	.section ".bss","awb"
                        1016 .L1515:
                        1017 	.type	.L1515,@object
                        1018 	.size	.L1515,0
                        1019 	.data
                        1020 	.section ".MSR_CODE","ax"
                        1021 	.align	2
                        1022 	.align	2
                        1023 ..gh.f.f.1.e.22:
                        1024 	.type	..gh.f.f.1.e.22,@object
                        1025 	.size	..gh.f.f.1.e.22,0
                        1026 	.global	_actCpyU32toBE
                        1027 _actCpyU32toBE:
00000254 8007e110       1028 	prepare	{r27,r28,r29,r31},0
00000258 06e0           1029 	mov	r6,r28
0000025a 07d8           1030 	mov	r7,r27
                        1031 --	    .bf
                        1032 .LDW67:
0000025c 00ea           1033 	mov	0,r29
0000025e a50d*          1034 	br	.L1562
                        1035 .L1561:
                        1036 --line235
                        1037 ..lin.C.3A.5C_ECU2.5CECU_Rivian_A1.5CTarget.5Crepo_projects.5CpFOTA.5CcL_LATEST.5Cmake.5Cobj.5CactUtilities.33::
                        1038 .LDWlin33:
00000260 1df0           1039 	mov	r29,ep
00000262 c2f2           1040 	shl	2,ep
00000264 1e30           1041 	mov	ep,r6
00000266 dbf1           1042 	add	r27,ep
00000268 003d           1043 	sld.w	0[ep],r7
0000026a dc31           1044 	add	r28,r6
                        1045 	jarl	_actU32toBE,lp
                        1045 <EXPANSION BEGIN>
                        1045 jarl22 _actU32toBE , lp 
0000026c bfff66ff*      1045 <EXPANSION END>
                        1046 --line234
                        1047 ..lin.C.3A.5C_ECU2.5CECU_Rivian_A1.5CTarget.5Crepo_projects.5CpFOTA.5CcL_LATEST.5Cmake.5Cobj.5CactUtilities.34::
                        1048 .LDWlin34:
00000270 41ea           1049 	add	1,r29
                        1050 .L1562:
00000272 e8e9           1051 	cmp	r8,r29
00000274 e1f5*          1052 	bl	.L1561
                        1053 --	    .ef
                        1054 .LDW77:
                        1055 --line237
                        1056 ..lin.C.3A.5C_ECU2.5CECU_Rivian_A1.5CTarget.5Crepo_projects.5CpFOTA.5CcL_LATEST.5Cmake.5Cobj.5CactUtilities.35::
                        1057 .LDWlin35:
00000276 4006ff10       1058 	dispose	0,{r27,r28,r29,r31},[lp]
                        1059 	.type	_actCpyU32toBE,@function
                        1060 	.size	_actCpyU32toBE,.-_actCpyU32toBE
                        1061 	.align	2
                        1062 .LDW87:
                        1063 --_i	r29	local
                        1064 
                        1065 --_tgt	r28	param
                        1066 --_src	r27	param
                        1067 --_length	r26	param
                        1068 
                        1069 	.section ".bss","awb"
                        1070 .L1595:
                        1071 	.type	.L1595,@object
                        1072 	.size	.L1595,0

                                                                      Page 19
                                                              C:\Users\nhuliyap\AppData\Local\Temp\gh_00002041.s
                        1073 	.data
                        1074 	.section ".MSR_CODE","ax"
                        1075 	.align	2
                        1076 	.align	2
                        1077 ..gh.f.f.1.e.23:
                        1078 	.type	..gh.f.f.1.e.23,@object
                        1079 	.size	..gh.f.f.1.e.23,0
                        1080 	.global	_actCpyU32toLE
                        1081 _actCpyU32toLE:
0000027a 8007e110       1082 	prepare	{r27,r28,r29,r31},0
0000027e 06e0           1083 	mov	r6,r28
00000280 07d8           1084 	mov	r7,r27
                        1085 --	    .bf
                        1086 .LDW97:
00000282 00ea           1087 	mov	0,r29
00000284 a50d*          1088 	br	.L1642
                        1089 .L1641:
                        1090 --line246
                        1091 ..lin.C.3A.5C_ECU2.5CECU_Rivian_A1.5CTarget.5Crepo_projects.5CpFOTA.5CcL_LATEST.5Cmake.5Cobj.5CactUtilities.36::
                        1092 .LDWlin36:
00000286 1df0           1093 	mov	r29,ep
00000288 c2f2           1094 	shl	2,ep
0000028a 1e30           1095 	mov	ep,r6
0000028c dbf1           1096 	add	r27,ep
0000028e 003d           1097 	sld.w	0[ep],r7
00000290 dc31           1098 	add	r28,r6
                        1099 	jarl	_actU32toLE,lp
                        1099 <EXPANSION BEGIN>
                        1099 jarl22 _actU32toLE , lp 
00000292 bfff58ff*      1099 <EXPANSION END>
                        1100 --line245
                        1101 ..lin.C.3A.5C_ECU2.5CECU_Rivian_A1.5CTarget.5Crepo_projects.5CpFOTA.5CcL_LATEST.5Cmake.5Cobj.5CactUtilities.37::
                        1102 .LDWlin37:
00000296 41ea           1103 	add	1,r29
                        1104 .L1642:
00000298 e8e9           1105 	cmp	r8,r29
0000029a e1f5*          1106 	bl	.L1641
                        1107 --	    .ef
                        1108 .LDW08:
                        1109 --line248
                        1110 ..lin.C.3A.5C_ECU2.5CECU_Rivian_A1.5CTarget.5Crepo_projects.5CpFOTA.5CcL_LATEST.5Cmake.5Cobj.5CactUtilities.38::
                        1111 .LDWlin38:
0000029c 4006ff10       1112 	dispose	0,{r27,r28,r29,r31},[lp]
                        1113 	.type	_actCpyU32toLE,@function
                        1114 	.size	_actCpyU32toLE,.-_actCpyU32toLE
                        1115 	.align	2
                        1116 .LDW18:
                        1117 --_i	r29	local
                        1118 
                        1119 --_tgt	r28	param
                        1120 --_src	r27	param
                        1121 --_length	r26	param
                        1122 
                        1123 	.section ".bss","awb"
                        1124 .L1675:
                        1125 	.type	.L1675,@object
                        1126 	.size	.L1675,0
                        1127 	.data
                        1128 	.section ".MSR_CODE","ax"
                        1129 	.align	2
                        1130 	.align	2

                                                                      Page 20
                                                              C:\Users\nhuliyap\AppData\Local\Temp\gh_00002041.s
                        1131 ..gh.f.f.1.e.24:
                        1132 	.type	..gh.f.f.1.e.24,@object
                        1133 	.size	..gh.f.f.1.e.24,0
                        1134 	.global	_actBEtoU64
                        1135 _actBEtoU64:
000002a0 06f0           1136 	mov	r6,ep
                        1137 --	    .bf
                        1138 .LDW28:
000002a2 6058           1139 	sld.bu	0[ep],r11
000002a4 6148           1140 	sld.bu	1[ep],r9
000002a6 6468           1141 	sld.bu	4[ep],r13
000002a8 6580           1142 	sld.bu	5[ep],r16
000002aa d85a           1143 	shl	24,r11
000002ac d04a           1144 	shl	16,r9
000002ae 0b49           1145 	or	r11,r9
000002b0 6238           1146 	sld.bu	2[ep],r7
000002b2 6658           1147 	sld.bu	6[ep],r11
000002b4 6378           1148 	sld.bu	3[ep],r15
000002b6 6750           1149 	sld.bu	7[ep],r10
000002b8 d86a           1150 	shl	24,r13
000002ba d082           1151 	shl	16,r16
000002bc c83a           1152 	shl	8,r7
000002be 0d81           1153 	or	r13,r16
000002c0 c85a           1154 	shl	8,r11
000002c2 0939           1155 	or	r9,r7
000002c4 1059           1156 	or	r16,r11
000002c6 0f39           1157 	or	r15,r7
000002c8 0b51           1158 	or	r11,r10
000002ca 0758           1159 	mov	r7,r11
                        1160 --	    .ef
                        1161 .LDW38:
000002cc 7f00           1162 	jmp	[lp]
                        1163 	.type	_actBEtoU64,@function
                        1164 	.size	_actBEtoU64,.-_actBEtoU64
                        1165 	.align	2
                        1166 .LDW48:
                        1167 --_u64	r10	local
                        1168 
                        1169 --_src	ep	param
                        1170 
                        1171 	.section ".bss","awb"
                        1172 .L1748:
                        1173 	.type	.L1748,@object
                        1174 	.size	.L1748,0
                        1175 	.data
                        1176 	.section ".MSR_CODE","ax"
                        1177 	.align	2
                        1178 	.align	2
                        1179 ..gh.f.f.1.e.25:
                        1180 	.type	..gh.f.f.1.e.25,@object
                        1181 	.size	..gh.f.f.1.e.25,0
                        1182 	.global	_actU64toBE
                        1183 _actU64toBE:
000002ce 06f0           1184 	mov	r6,ep
                        1185 --	    .bf
                        1186 .LDW58:
000002d0 0930           1187 	mov	r9,r6
000002d2 0990           1188 	mov	r9,r18
000002d4 0980           1189 	mov	r9,r16
000002d6 0878           1190 	mov	r8,r15
000002d8 0870           1191 	mov	r8,r14

                                                                      Page 21
                                                              C:\Users\nhuliyap\AppData\Local\Temp\gh_00002041.s
000002da 0868           1192 	mov	r8,r13
000002dc 9832           1193 	shr	24,r6
000002de 9092           1194 	shr	16,r18
000002e0 8882           1195 	shr	8,r16
000002e2 987a           1196 	shr	24,r15
000002e4 9072           1197 	shr	16,r14
000002e6 886a           1198 	shr	8,r13
000002e8 8033           1199 	sst.b	r6,0[ep]
000002ea 8193           1200 	sst.b	r18,1[ep]
000002ec 8283           1201 	sst.b	r16,2[ep]
000002ee 834b           1202 	sst.b	r9,3[ep]
000002f0 847b           1203 	sst.b	r15,4[ep]
000002f2 8573           1204 	sst.b	r14,5[ep]
000002f4 866b           1205 	sst.b	r13,6[ep]
000002f6 8743           1206 	sst.b	r8,7[ep]
                        1207 --	    .ef
                        1208 .LDW68:
000002f8 7f00           1209 	jmp	[lp]
                        1210 	.type	_actU64toBE,@function
                        1211 	.size	_actU64toBE,.-_actU64toBE
                        1212 	.align	2
                        1213 .LDW78:
                        1214 
                        1215 --_tgt	ep	param
                        1216 --_src	r8	param
                        1217 
                        1218 	.section ".bss","awb"
                        1219 .L1793:
                        1220 	.type	.L1793,@object
                        1221 	.size	.L1793,0
                        1222 	.data
                        1223 	.section ".MSR_CODE","ax"
                        1224 	.align	2
                        1225 	.align	2
                        1226 ..gh.f.f.1.e.26:
                        1227 	.type	..gh.f.f.1.e.26,@object
                        1228 	.size	..gh.f.f.1.e.26,0
                        1229 	.global	_actCpyBEtoU64
                        1230 _actCpyBEtoU64:
000002fa 8007e130       1231 	prepare	{r26,r27,r28,r29,r31},0
000002fe 06d8           1232 	mov	r6,r27
00000300 07d0           1233 	mov	r7,r26
                        1234 --	    .bf
                        1235 .LDW88:
00000302 00ea           1236 	mov	0,r29
00000304 c50d*          1237 	br	.L1816
                        1238 .L1815:
                        1239 --line287
                        1240 ..lin.C.3A.5C_ECU2.5CECU_Rivian_A1.5CTarget.5Crepo_projects.5CpFOTA.5CcL_LATEST.5Cmake.5Cobj.5CactUtilities.39::
                        1241 .LDWlin39:
00000306 1d30           1242 	mov	r29,r6
00000308 c332           1243 	shl	3,r6
0000030a 06e0           1244 	mov	r6,r28
0000030c dbe1           1245 	add	r27,r28
0000030e da31           1246 	add	r26,r6
                        1247 	jarl	_actBEtoU64,lp
                        1247 <EXPANSION BEGIN>
                        1247 jarl22 _actBEtoU64 , lp 
00000310 bfff90ff*      1247 <EXPANSION END>
00000314 bc070f500000   1248 	st.dw	r10,0[r28]
                        1249 --line286

                                                                      Page 22
                                                              C:\Users\nhuliyap\AppData\Local\Temp\gh_00002041.s
                        1250 ..lin.C.3A.5C_ECU2.5CECU_Rivian_A1.5CTarget.5Crepo_projects.5CpFOTA.5CcL_LATEST.5Cmake.5Cobj.5CactUtilities.40::
                        1251 .LDWlin40:
0000031a 41ea           1252 	add	1,r29
                        1253 .L1816:
0000031c 0890           1254 	mov	r8,r18
0000031e 8392           1255 	shr	3,r18
00000320 f2e9           1256 	cmp	r18,r29
00000322 a1f5*          1257 	bl	.L1815
                        1258 --	    .ef
                        1259 .LDW98:
                        1260 --line289
                        1261 ..lin.C.3A.5C_ECU2.5CECU_Rivian_A1.5CTarget.5Crepo_projects.5CpFOTA.5CcL_LATEST.5Cmake.5Cobj.5CactUtilities.41::
                        1262 .LDWlin41:
00000324 4006ff30       1263 	dispose	0,{r26,r27,r28,r29,r31},[lp]
                        1264 	.type	_actCpyBEtoU64,@function
                        1265 	.size	_actCpyBEtoU64,.-_actCpyBEtoU64
                        1266 	.align	2
                        1267 .LDW09:
                        1268 --_i	r29	local
                        1269 
                        1270 --_tgt	r27	param
                        1271 --_src	r26	param
                        1272 --_length	r25	param
                        1273 
                        1274 	.section ".bss","awb"
                        1275 .L1851:
                        1276 	.type	.L1851,@object
                        1277 	.size	.L1851,0
                        1278 	.data
                        1279 	.section ".MSR_CODE","ax"
                        1280 	.align	2
                        1281 	.align	2
                        1282 ..gh.f.f.1.e.27:
                        1283 	.type	..gh.f.f.1.e.27,@object
                        1284 	.size	..gh.f.f.1.e.27,0
                        1285 	.global	_actCpyU64toBE
                        1286 _actCpyU64toBE:
00000328 8007e120       1287 	prepare	{r26,r28,r29,r31},0
0000032c 06e0           1288 	mov	r6,r28
0000032e 08d0           1289 	mov	r8,r26
                        1290 --	    .bf
                        1291 .LDW19:
00000330 00ea           1292 	mov	0,r29
00000332 c50d*          1293 	br	.L1898
                        1294 .L1897:
                        1295 --line298
                        1296 ..lin.C.3A.5C_ECU2.5CECU_Rivian_A1.5CTarget.5Crepo_projects.5CpFOTA.5CcL_LATEST.5Cmake.5Cobj.5CactUtilities.42::
                        1297 .LDWlin42:
00000334 1df0           1298 	mov	r29,ep
00000336 c3f2           1299 	shl	3,ep
00000338 1e30           1300 	mov	ep,r6
0000033a c7f1           1301 	add	r7,ep
0000033c be0709400000   1302 	ld.dw	0[ep],r8
00000342 dc31           1303 	add	r28,r6
                        1304 	jarl	_actU64toBE,lp
                        1304 <EXPANSION BEGIN>
                        1304 jarl22 _actU64toBE , lp 
00000344 bfff8aff*      1304 <EXPANSION END>
                        1305 --line297
                        1306 ..lin.C.3A.5C_ECU2.5CECU_Rivian_A1.5CTarget.5Crepo_projects.5CpFOTA.5CcL_LATEST.5Cmake.5Cobj.5CactUtilities.43::
                        1307 .LDWlin43:

                                                                      Page 23
                                                              C:\Users\nhuliyap\AppData\Local\Temp\gh_00002041.s
00000348 41ea           1308 	add	1,r29
                        1309 .L1898:
0000034a fae9           1310 	cmp	r26,r29
0000034c c1f5*          1311 	bl	.L1897
                        1312 --	    .ef
                        1313 .LDW29:
                        1314 --line300
                        1315 ..lin.C.3A.5C_ECU2.5CECU_Rivian_A1.5CTarget.5Crepo_projects.5CpFOTA.5CcL_LATEST.5Cmake.5Cobj.5CactUtilities.44::
                        1316 .LDWlin44:
0000034e 4006ff20       1317 	dispose	0,{r26,r28,r29,r31},[lp]
                        1318 	.type	_actCpyU64toBE,@function
                        1319 	.size	_actCpyU64toBE,.-_actCpyU64toBE
                        1320 	.align	2
                        1321 .LDW39:
                        1322 --_i	r29	local
                        1323 
                        1324 --_tgt	r28	param
                        1325 --_src	r27	param
                        1326 --_length	r26	param
                        1327 
                        1328 	.section ".bss","awb"
                        1329 .L1931:
                        1330 	.type	.L1931,@object
                        1331 	.size	.L1931,0
                        1332 	.data
                        1333 	.section ".MSR_CODE","ax"
                        1334 	.align	2
                        1335 	.align	2
                        1336 ..gh.f.f.1.e.28:
                        1337 	.type	..gh.f.f.1.e.28,@object
                        1338 	.size	..gh.f.f.1.e.28,0
                        1339 	.global	_actLEtoU64
                        1340 _actLEtoU64:
00000352 06f0           1341 	mov	r6,ep
                        1342 --	    .bf
                        1343 .LDW49:
00000354 6130           1344 	sld.bu	1[ep],r6
00000356 6578           1345 	sld.bu	5[ep],r15
00000358 6050           1346 	sld.bu	0[ep],r10
0000035a 6298           1347 	sld.bu	2[ep],r19
0000035c 6458           1348 	sld.bu	4[ep],r11
0000035e 6670           1349 	sld.bu	6[ep],r14
00000360 6390           1350 	sld.bu	3[ep],r18
00000362 6768           1351 	sld.bu	7[ep],r13
00000364 c832           1352 	shl	8,r6
00000366 c87a           1353 	shl	8,r15
00000368 0651           1354 	or	r6,r10
0000036a d09a           1355 	shl	16,r19
0000036c 0f59           1356 	or	r15,r11
0000036e d072           1357 	shl	16,r14
00000370 1351           1358 	or	r19,r10
00000372 d892           1359 	shl	24,r18
00000374 0e59           1360 	or	r14,r11
00000376 d86a           1361 	shl	24,r13
00000378 1251           1362 	or	r18,r10
0000037a 0d59           1363 	or	r13,r11
                        1364 --	    .ef
                        1365 .LDW59:
0000037c 7f00           1366 	jmp	[lp]
                        1367 	.type	_actLEtoU64,@function
                        1368 	.size	_actLEtoU64,.-_actLEtoU64

                                                                      Page 24
                                                              C:\Users\nhuliyap\AppData\Local\Temp\gh_00002041.s
                        1369 	.align	2
                        1370 .LDW69:
                        1371 --_u64	r10	local
                        1372 
                        1373 --_src	ep	param
                        1374 
                        1375 	.section ".bss","awb"
                        1376 .L2001:
                        1377 	.type	.L2001,@object
                        1378 	.size	.L2001,0
                        1379 	.data
                        1380 	.section ".MSR_CODE","ax"
                        1381 	.align	2
                        1382 	.align	2
                        1383 ..gh.f.f.1.e.29:
                        1384 	.type	..gh.f.f.1.e.29,@object
                        1385 	.size	..gh.f.f.1.e.29,0
                        1386 	.global	_actU64toLE
                        1387 _actU64toLE:
0000037e 06f0           1388 	mov	r6,ep
                        1389 --	    .bf
                        1390 .LDW79:
00000380 8043           1391 	sst.b	r8,0[ep]
00000382 0838           1392 	mov	r8,r7
00000384 0830           1393 	mov	r8,r6
00000386 844b           1394 	sst.b	r9,4[ep]
00000388 0980           1395 	mov	r9,r16
0000038a 0970           1396 	mov	r9,r14
0000038c 883a           1397 	shr	8,r7
0000038e 9032           1398 	shr	16,r6
00000390 9842           1399 	shr	24,r8
00000392 8882           1400 	shr	8,r16
00000394 9072           1401 	shr	16,r14
00000396 984a           1402 	shr	24,r9
00000398 813b           1403 	sst.b	r7,1[ep]
0000039a 8233           1404 	sst.b	r6,2[ep]
0000039c 8343           1405 	sst.b	r8,3[ep]
0000039e 8583           1406 	sst.b	r16,5[ep]
000003a0 8673           1407 	sst.b	r14,6[ep]
000003a2 874b           1408 	sst.b	r9,7[ep]
                        1409 --	    .ef
                        1410 .LDW89:
000003a4 7f00           1411 	jmp	[lp]
                        1412 	.type	_actU64toLE,@function
                        1413 	.size	_actU64toLE,.-_actU64toLE
                        1414 	.align	2
                        1415 .LDW99:
                        1416 
                        1417 --_tgt	ep	param
                        1418 --_src	r8	param
                        1419 
                        1420 	.section ".bss","awb"
                        1421 .L2049:
                        1422 	.type	.L2049,@object
                        1423 	.size	.L2049,0
                        1424 	.data
                        1425 	.section ".MSR_CODE","ax"
                        1426 	.align	2
                        1427 
                        1428 	.data
                        1429 	.ghsnote version,17

                                                                      Page 25
                                                              C:\Users\nhuliyap\AppData\Local\Temp\gh_00002041.s
                        1430 	.ghsnote tools,3
                        1431 	.ghsnote options,144
                        1432 	.section ".MSR_CODE","ax"
                        1433 	.align	2
                        1434 ..eof.C.3A.5C_ECU2.5CECU_Rivian_A1.5CTarget.5Crepo_projects.5CpFOTA.5CcL_LATEST.5Cmake.5Cobj.5CactUtilities...43.3A.5C_ECU2.5CECU_Rivian_A1.5CTarget.5Crepo_projects.5CpFOTA.5CcL_LATEST.5Cmake..64F86BDA..0::
                        1435 .rh850_flags REGMODE32,DATA_ALIGN8,GP_FIX,EP_NONFIX,TP_FIX,REG2_RESERVE,G3K,SDA_EXTRA_REGS_0
