                                                                      Page 1
                                                              C:\Users\nhuliyap\AppData\Local\Temp\gh_00009ok1.s
Command Line: C:\GHS\comp_201517\ease850.exe -w -stderr=err/aes.err -elf -b0 -I../source/_common -I../source/common -I../source/ecuabcanif -I../source/ecuabcantrcv -I../source/ecuabcryif -I../source/ecuabfee -I../source/ecuabmemif -I../source/libautosar -I../source/mcalcan -I../source/mcalcry -I../source/mcaldio -I../source/mcaleep -I../source/mcalfls -I../source/mcalmcu -I../source/projectara -I../source/projectcfg -I../source/projectcompiler -I../source/swcservicebswm -I../source/swcservicecantp -I../source/swcservicecomm -I../source/swcservicecsm -I../source/swcservicedcm -I../source/swcservicedem -I../source/swcservicedet -I../source/swcserviceecum -I../source/swcservicenvm -I../source/swcserviceos -I../source/swcservicepdur -I../source/swcserviceschm -I../source/swcservicestartup -I../source/wrappers/swcservicesecm -I../source/wrappers/vsecprim -I../source/wrappers/vstdlib -Ic:/ghs/comp_201517/ansi -Ic:/ghs/comp_201517/include/v800 -Igendata -IC:\GHS\comp_201517\lib\rh850 -cg_underscore -cpu=rh850g3k -nofpu -no_v850_simd -rh850_fpsimd=none -nomacro -patch_dbo=C:\_ECU2\ECU_Rivian_A1\Target\repo_projects\pFOTA\cL_LATEST\make\obj\aes.dbo -source=aes.c -o obj\gh_00009ok1.o -list=lst/aes.lst C:\Users\nhuliyap\AppData\Local\Temp\gh_00009ok1.s 
Original File: C:\Users\nhuliyap\AppData\Local\Temp\gh_00009ok1.s
Source File: aes.c
Directory: C:\_ECU2\ECU_Rivian_A1\Target\repo_projects\pFOTA\cL_LATEST\make
Host OS: Windows
EASE: Copyright (C) 1983-2015 Green Hills Software.  All Rights Reserved.
Release: Compiler v2015.1.7
Build Directory: [Directory] BTOWORKER6:c:/build_2015_1_bto/2015-10-21.2100-2015_1_bto/win32-comp-ecom
Revision: [VCInfo] http://toolsvc/branches/release-branch-70-bto/src@544153 (built by build)
Revision Date: Thu Oct 22 07:50:13 2015

Release Date: Thu Oct 22 09:32:32 2015

                           1 --Driver Command: ccrh850 -DBRS_DERIVATIVE_701018 -DBRS_OSC_CLK=16
                           2 --		-DBRS_TIMEBASE_CLOCK=80 -DBRS_EVA_BOARD_
                           3 --		-DBRS_DERIVATIVE_GROUP_F1L -DBRS_OS_USECASE_BRS
                           4 --		-DBRS_PLATFORM_RH850 -DBRS_COMP_GHS
                           5 --		-DBRS_CPU_LOCAL_RAM_SIZE_CORE0=32
                           6 --		-DBRS_CPU_RAM_START_CORE0=0xFEDF8000 -list=lst/aes.lst
                           7 --		-object_dir=obj -stderr=err/aes.err -c -cpu=rh850 -sda=all
                           8 --		-large_sda -prepare_dispose -pragma_asm_inline -no_callt
                           9 --		-inline_prologue -notda -reserve_r2 -fsoft
                          10 --		--unknown_pragma_warnings -list -g -Ogeneral -shortenum
                          11 --		-registermode=32 -I../source/_common -I../source/common
                          12 --		-I../source/ecuabcanif -I../source/ecuabcantrcv
                          13 --		-I../source/ecuabcryif -I../source/ecuabfee
                          14 --		-I../source/ecuabmemif -I../source/libautosar -I../source/mcalcan
                          15 --		-I../source/mcalcry -I../source/mcaldio -I../source/mcaleep
                          16 --		-I../source/mcalfls -I../source/mcalmcu -I../source/projectara
                          17 --		-I../source/projectcfg -I../source/projectcompiler
                          18 --		-I../source/swcservicebswm -I../source/swcservicecantp
                          19 --		-I../source/swcservicecomm -I../source/swcservicecsm
                          20 --		-I../source/swcservicedcm -I../source/swcservicedem
                          21 --		-I../source/swcservicedet -I../source/swcserviceecum
                          22 --		-I../source/swcservicenvm -I../source/swcserviceos
                          23 --		-I../source/swcservicepdur -I../source/swcserviceschm
                          24 --		-I../source/swcservicestartup -I../source/wrappers/swcservicesecm
                          25 --		-I../source/wrappers/vsecprim -I../source/wrappers/vstdlib
                          26 --		-Ic:/ghs/comp_201517/ansi -Ic:/ghs/comp_201517/include/v800
                          27 --		-Igendata ../source/SwcServiceStartUp/aes.c
                          28 --Source File:   ../source/SwcServiceStartUp/aes.c
                          29 --Directory:     
                          30 --		C:\_ECU2\ECU_Rivian_A1\Target\repo_projects\pFOTA\cL_LATEST\make
                          31 --Compile Date:  Wed Sep 06 14:09:02 2023
                          32 --Host OS:       Win32
                          33 --Version:       C-RH850 2015.1.7 RELEASE VERSION
                          34 --Release:       Compiler v2015.1.7
                          35 --Revision Date: Thu Oct 22 08:06:12 2015
                          36 --Release Date:  Thu Oct 22 09:34:32 2015
                          37 -- ecom  -g -w -OM
                          38 	.text
                          39 ..bof.C.3A.5C_ECU2.5CECU_Rivian_A1.5CTarget.5Crepo_projects.5CpFOTA.5CcL_LATEST.5Cmake.5Cobj.5Caes...43.3A.5C_ECU2.5CECU_Rivian_A1.5CTarget.5Crepo_projects.5CpFOTA.5CcL_LATEST.5Cmake..64F86BDE..0::
                          40 	.align	2
                          41 ..gh.f.f.1.e.0:
                          42 	.type	..gh.f.f.1.e.0,@object
                          43 	.size	..gh.f.f.1.e.0,0
                          44 	.global	_KeyExpansion..C.3A.5C_ECU2.5CECU_Rivian_A1.5CTarget.5Crepo_projects.5CpFOTA.5CcL_LATEST.5Cmake.5Cobj.5Caes.
                          45 _KeyExpansion..C.3A.5C_ECU2.5CECU_Rivian_A1.5CTarget.5Crepo_projects.5CpFOTA.5CcL_LATEST.5Cmake.5Cobj.5Caes.:
                          46 _KeyExpansion:
                          47 --	    .bf
                          48 .LDW01:
00000000 0092             49 	mov	0,r18
                          50 .L6:

                                                                      Page 2
                                                              C:\Users\nhuliyap\AppData\Local\Temp\gh_00009ok1.s
00000002 12f0             51 	mov	r18,ep
00000004 c2f2             52 	shl	2,ep
00000006 1e80             53 	mov	ep,r16
00000008 c781             54 	add	r7,r16
0000000a 909f0100         55 	ld.bu	0[r16],r19
0000000e c6f1             56 	add	r6,ep
00000010 4192             57 	add	1,r18
00000012 6892             58 	cmp	8,r18
00000014 809b             59 	sst.b	r19,0[ep]
00000016 b08f0100         60 	ld.bu	1[r16],r17
0000001a 818b             61 	sst.b	r17,1[ep]
0000001c 907f0300         62 	ld.bu	2[r16],r15
00000020 827b             63 	sst.b	r15,2[ep]
00000022 b0770300         64 	ld.bu	3[r16],r14
00000026 8373             65 	sst.b	r14,3[ep]
00000028 d1ed*            66 	bl	.L6
0000002a 0892             67 	mov	8,r18
                          68 .L9:
                          69 --line80
                          70 ..lin.C.3A.5C_ECU2.5CECU_Rivian_A1.5CTarget.5Crepo_projects.5CpFOTA.5CcL_LATEST.5Cmake.5Cobj.5Caes.1::
                          71 .LDWlin1:
0000002c 1288             72 	mov	r18,r17
0000002e c28a             73 	shl	2,r17
00000030 11f6fcff         74 	addi	-4,r17,ep
00000034 c6f1             75 	add	r6,ep
00000036 6080             76 	sld.bu	0[ep],r16
00000038 6168             77 	sld.bu	1[ep],r13
0000003a 6270             78 	sld.bu	2[ep],r14
0000003c 6378             79 	sld.bu	3[ep],r15
0000003e d23e0700         80 	andi	7,r18,r7
00000042 9a1d*            81 	bne	.L10
                          82 --	    .bs
                          83 .LDW11:
                          84 --line91
                          85 ..lin.C.3A.5C_ECU2.5CECU_Rivian_A1.5CTarget.5Crepo_projects.5CpFOTA.5CcL_LATEST.5Cmake.5Cobj.5Caes.2::
                          86 .LDWlin2:
00000044 1060             87 	mov	r16,r12
00000046 0df0             88 	mov	r13,ep
                          89 --	    .es
                          90 .LDW21:
00000048 330600000000*    91 	mov	rosdaoff23(_sbox),r19
0000004e d3f1             92 	add	r19,ep
00000050 6080             93 	sld.bu	0[ep],r16
00000052 12f0             94 	mov	r18,ep
00000054 83f2             95 	shr	3,ep
00000056 c5f1             96 	add	r5,ep
00000058 be0705580000*    97 	ld.bu	rosdaoff23(_Rcon)[ep],r11
0000005e d371             98 	add	r19,r14
00000060 8e6f0100         99 	ld.bu	0[r14],r13
00000064 d379            100 	add	r19,r15
00000066 8f770100        101 	ld.bu	0[r15],r14
0000006a d361            102 	add	r19,r12
0000006c 8c7f0100        103 	ld.bu	0[r12],r15
00000070 2b81            104 	xor	r11,r16
00000072 a515*           105 	br	.L12
                         106 .L10:
                         107 --line107
                         108 ..lin.C.3A.5C_ECU2.5CECU_Rivian_A1.5CTarget.5Crepo_projects.5CpFOTA.5CcL_LATEST.5Cmake.5Cobj.5Caes.3::
                         109 .LDWlin3:
00000074 643a            110 	cmp	4,r7
00000076 8a15*           111 	bne	.L12

                                                                      Page 3
                                                              C:\Users\nhuliyap\AppData\Local\Temp\gh_00009ok1.s
                         112 --line109
                         113 ..lin.C.3A.5C_ECU2.5CECU_Rivian_A1.5CTarget.5Crepo_projects.5CpFOTA.5CcL_LATEST.5Cmake.5Cobj.5Caes.4::
                         114 .LDWlin4:
00000078 2c0600000000*   115 	mov	rosdaoff23(_sbox),r12
0000007e 10f0            116 	mov	r16,ep
00000080 ccf1            117 	add	r12,ep
00000082 6080            118 	sld.bu	0[ep],r16
00000084 0df0            119 	mov	r13,ep
00000086 ccf1            120 	add	r12,ep
00000088 6068            121 	sld.bu	0[ep],r13
0000008a 0ef0            122 	mov	r14,ep
0000008c ccf1            123 	add	r12,ep
0000008e 6070            124 	sld.bu	0[ep],r14
00000090 0ff0            125 	mov	r15,ep
00000092 ccf1            126 	add	r12,ep
00000094 6078            127 	sld.bu	0[ep],r15
                         128 .L12:
00000096 11f6e0ff        129 	addi	-32,r17,ep
0000009a c6f1            130 	add	r6,ep
0000009c 6058            131 	sld.bu	0[ep],r11
0000009e c689            132 	add	r6,r17
000000a0 4192            133 	add	1,r18
000000a2 3059            134 	xor	r16,r11
000000a4 515f0000        135 	st.b	r11,0[r17]
000000a8 6150            136 	sld.bu	1[ep],r10
000000aa 2d51            137 	xor	r13,r10
000000ac 51570100        138 	st.b	r10,1[r17]
000000b0 6248            139 	sld.bu	2[ep],r9
000000b2 2e49            140 	xor	r14,r9
000000b4 514f0200        141 	st.b	r9,2[r17]
000000b8 6340            142 	sld.bu	3[ep],r8
000000ba 2f41            143 	xor	r15,r8
000000bc 51470300        144 	st.b	r8,3[r17]
000000c0 1206c4ff        145 	addi	-60,r18,zero
000000c4 c9b5*           146 	bnl	.L9
                         147 --	    .ef
                         148 .LDW31:
                         149 --line122
                         150 ..lin.C.3A.5C_ECU2.5CECU_Rivian_A1.5CTarget.5Crepo_projects.5CpFOTA.5CcL_LATEST.5Cmake.5Cobj.5Caes.5::
                         151 .LDWlin5:
000000c6 7f00            152 	jmp	[lp]
                         153 	.type	_KeyExpansion,@function
                         154 	.size	_KeyExpansion,.-_KeyExpansion
                         155 	.type	_KeyExpansion..C.3A.5C_ECU2.5CECU_Rivian_A1.5CTarget.5Crepo_projects.5CpFOTA.5CcL_LATEST.5Cmake.5Cobj.5Caes.,@function
                         156 	.size	_KeyExpansion..C.3A.5C_ECU2.5CECU_Rivian_A1.5CTarget.5Crepo_projects.5CpFOTA.5CcL_LATEST.5Cmake.5Cobj.5Caes.,.-_KeyExpansion..C.3A.5C_ECU2.5CECU_Rivian_A1.5CTarget.5Crepo_projects.5CpFOTA.5CcL_LATEST.5Cmake.5Cobj.5Caes.
                         157 	.align	2
                         158 .LDW41:
                         159 --_i	r18	local
                         160 
                         161 --_RoundKey	r6	param
                         162 --_Key	r7	param
                         163 
                         164 	.section ".bss","awb"
                         165 .L88:
                         166 	.type	.L88,@object
                         167 	.size	.L88,0
                         168 	.section ".rosdata","a"
                         169 	.align	4
                         170 	.global	_Rcon..C.3A.5C_ECU2.5CECU_Rivian_A1.5CTarget.5Crepo_projects.5CpFOTA.5CcL_LATEST.5Cmake.5Cobj.5Caes.
                         171 _Rcon..C.3A.5C_ECU2.5CECU_Rivian_A1.5CTarget.5Crepo_projects.5CpFOTA.5CcL_LATEST.5Cmake.5Cobj.5Caes.:
00000000 8d010204        172 _Rcon:	.byte	141,1,2,4

                                                                      Page 4
                                                              C:\Users\nhuliyap\AppData\Local\Temp\gh_00009ok1.s
00000004 08102040        173 	.byte	8,16,32,64
00000008 801b            174 	.byte	128,27
0000000a 36              175 	.byte	54
0000000b 00              176 	.space	1
                         177 	.type	_Rcon..C.3A.5C_ECU2.5CECU_Rivian_A1.5CTarget.5Crepo_projects.5CpFOTA.5CcL_LATEST.5Cmake.5Cobj.5Caes.,@object
                         178 	.size	_Rcon..C.3A.5C_ECU2.5CECU_Rivian_A1.5CTarget.5Crepo_projects.5CpFOTA.5CcL_LATEST.5Cmake.5Cobj.5Caes.,12
                         179 	.type	_Rcon,@object
                         180 	.size	_Rcon,12
                         181 	.global	_sbox..C.3A.5C_ECU2.5CECU_Rivian_A1.5CTarget.5Crepo_projects.5CpFOTA.5CcL_LATEST.5Cmake.5Cobj.5Caes.
                         182 _sbox..C.3A.5C_ECU2.5CECU_Rivian_A1.5CTarget.5Crepo_projects.5CpFOTA.5CcL_LATEST.5Cmake.5Cobj.5Caes.:
0000000c 637c777b        183 _sbox:	.byte	99,124,119,123
00000010 f26b6fc5        184 	.byte	242,107,111,197
00000014 3001672b        185 	.byte	48,1,103,43
00000018 fed7ab76        186 	.byte	254,215,171,118
0000001c ca82c97d        187 	.byte	202,130,201,125
00000020 fa5947f0        188 	.byte	250,89,71,240
00000024 add4a2af        189 	.byte	173,212,162,175
00000028 9ca472c0        190 	.byte	156,164,114,192
0000002c b7fd9326        191 	.byte	183,253,147,38
00000030 363ff7cc        192 	.byte	54,63,247,204
00000034 34a5e5f1        193 	.byte	52,165,229,241
00000038 71d83115        194 	.byte	113,216,49,21
0000003c 04c723c3        195 	.byte	4,199,35,195
00000040 1896059a        196 	.byte	24,150,5,154
00000044 071280e2        197 	.byte	7,18,128,226
00000048 eb27b275        198 	.byte	235,39,178,117
0000004c 09832c1a        199 	.byte	9,131,44,26
00000050 1b6e5aa0        200 	.byte	27,110,90,160
00000054 523bd6b3        201 	.byte	82,59,214,179
00000058 29e32f84        202 	.byte	41,227,47,132
0000005c 53d1            203 	.byte	83,209
0000005e 00              204 	.space	1
0000005f ed20fcb1        205 	.byte	237,32,252,177
00000063 5b6acbbe        206 	.byte	91,106,203,190
00000067 394a4c58        207 	.byte	57,74,76,88
0000006b cfd0efaa        208 	.byte	207,208,239,170
0000006f fb434d33        209 	.byte	251,67,77,51
00000073 8545f902        210 	.byte	133,69,249,2
00000077 7f503c9f        211 	.byte	127,80,60,159
0000007b a851a340        212 	.byte	168,81,163,64
0000007f 8f929d38        213 	.byte	143,146,157,56
00000083 f5bcb6da        214 	.byte	245,188,182,218
00000087 2110fff3        215 	.byte	33,16,255,243
0000008b d2cd0c13        216 	.byte	210,205,12,19
0000008f ec5f9744        217 	.byte	236,95,151,68
00000093 17c4a77e        218 	.byte	23,196,167,126
00000097 3d645d19        219 	.byte	61,100,93,25
0000009b 7360814f        220 	.byte	115,96,129,79
0000009f dc222a90        221 	.byte	220,34,42,144
000000a3 8846eeb8        222 	.byte	136,70,238,184
000000a7 14de5e0b        223 	.byte	20,222,94,11
000000ab dbe0323a        224 	.byte	219,224,50,58
000000af 0a490624        225 	.byte	10,73,6,36
000000b3 5cc2d3ac        226 	.byte	92,194,211,172
000000b7 629195e4        227 	.byte	98,145,149,228
000000bb 79e7c837        228 	.byte	121,231,200,55
000000bf 6d8dd54e        229 	.byte	109,141,213,78
000000c3 a96c56f4        230 	.byte	169,108,86,244
000000c7 ea657aae        231 	.byte	234,101,122,174
000000cb 08ba7825        232 	.byte	8,186,120,37
000000cf 2e1ca6b4        233 	.byte	46,28,166,180

                                                                      Page 5
                                                              C:\Users\nhuliyap\AppData\Local\Temp\gh_00009ok1.s
000000d3 c6e8dd74        234 	.byte	198,232,221,116
000000d7 1f4bbd8b        235 	.byte	31,75,189,139
000000db 8a703eb5        236 	.byte	138,112,62,181
000000df 664803f6        237 	.byte	102,72,3,246
000000e3 0e613557        238 	.byte	14,97,53,87
000000e7 b986c11d        239 	.byte	185,134,193,29
000000eb 9ee1f898        240 	.byte	158,225,248,152
000000ef 1169d98e        241 	.byte	17,105,217,142
000000f3 949b1e87        242 	.byte	148,155,30,135
000000f7 e9ce5528        243 	.byte	233,206,85,40
000000fb df8ca189        244 	.byte	223,140,161,137
000000ff 0dbfe642        245 	.byte	13,191,230,66
00000103 6841992d        246 	.byte	104,65,153,45
00000107 0fb054bb        247 	.byte	15,176,84,187
0000010b 16              248 	.byte	22
                         249 	.type	_sbox..C.3A.5C_ECU2.5CECU_Rivian_A1.5CTarget.5Crepo_projects.5CpFOTA.5CcL_LATEST.5Cmake.5Cobj.5Caes.,@object
                         250 	.size	_sbox..C.3A.5C_ECU2.5CECU_Rivian_A1.5CTarget.5Crepo_projects.5CpFOTA.5CcL_LATEST.5Cmake.5Cobj.5Caes.,256
                         251 	.type	_sbox,@object
                         252 	.size	_sbox,256
                         253 	.global	_rsbox..C.3A.5C_ECU2.5CECU_Rivian_A1.5CTarget.5Crepo_projects.5CpFOTA.5CcL_LATEST.5Cmake.5Cobj.5Caes.
                         254 _rsbox..C.3A.5C_ECU2.5CECU_Rivian_A1.5CTarget.5Crepo_projects.5CpFOTA.5CcL_LATEST.5Cmake.5Cobj.5Caes.:
0000010c 52096ad5        255 _rsbox:	.byte	82,9,106,213
00000110 3036a538        256 	.byte	48,54,165,56
00000114 bf40a39e        257 	.byte	191,64,163,158
00000118 81f3d7fb        258 	.byte	129,243,215,251
0000011c 7ce33982        259 	.byte	124,227,57,130
00000120 9b2fff87        260 	.byte	155,47,255,135
00000124 348e4344        261 	.byte	52,142,67,68
00000128 c4dee9cb        262 	.byte	196,222,233,203
0000012c 547b9432        263 	.byte	84,123,148,50
00000130 a6c2233d        264 	.byte	166,194,35,61
00000134 ee4c950b        265 	.byte	238,76,149,11
00000138 42fac34e        266 	.byte	66,250,195,78
0000013c 082ea166        267 	.byte	8,46,161,102
00000140 28d924b2        268 	.byte	40,217,36,178
00000144 765ba249        269 	.byte	118,91,162,73
00000148 6d8bd125        270 	.byte	109,139,209,37
0000014c 72f8f664        271 	.byte	114,248,246,100
00000150 86689816        272 	.byte	134,104,152,22
00000154 d4a45ccc        273 	.byte	212,164,92,204
00000158 5d65b692        274 	.byte	93,101,182,146
0000015c 6c704850        275 	.byte	108,112,72,80
00000160 fdedb9da        276 	.byte	253,237,185,218
00000164 5e154657        277 	.byte	94,21,70,87
00000168 a78d9d84        278 	.byte	167,141,157,132
0000016c 90d8            279 	.byte	144,216
0000016e ab              280 	.byte	171
0000016f 00              281 	.space	1
00000170 8cbcd30a        282 	.byte	140,188,211,10
00000174 f7e45805        283 	.byte	247,228,88,5
00000178 b8b34506        284 	.byte	184,179,69,6
0000017c d02c1e8f        285 	.byte	208,44,30,143
00000180 ca3f0f02        286 	.byte	202,63,15,2
00000184 c1afbd03        287 	.byte	193,175,189,3
00000188 01138a6b        288 	.byte	1,19,138,107
0000018c 3a911141        289 	.byte	58,145,17,65
00000190 4f67dcea        290 	.byte	79,103,220,234
00000194 97f2cfce        291 	.byte	151,242,207,206
00000198 f0b4e673        292 	.byte	240,180,230,115
0000019c 96ac7422        293 	.byte	150,172,116,34
000001a0 e7ad3585        294 	.byte	231,173,53,133

                                                                      Page 6
                                                              C:\Users\nhuliyap\AppData\Local\Temp\gh_00009ok1.s
000001a4 e2f937e8        295 	.byte	226,249,55,232
000001a8 1c75df6e        296 	.byte	28,117,223,110
000001ac 47f11a71        297 	.byte	71,241,26,113
000001b0 1d29c589        298 	.byte	29,41,197,137
000001b4 6fb7620e        299 	.byte	111,183,98,14
000001b8 aa18be1b        300 	.byte	170,24,190,27
000001bc fc563e4b        301 	.byte	252,86,62,75
000001c0 c6d27920        302 	.byte	198,210,121,32
000001c4 9adbc0fe        303 	.byte	154,219,192,254
000001c8 78cd5af4        304 	.byte	120,205,90,244
000001cc 1fdda833        305 	.byte	31,221,168,51
000001d0 8807c731        306 	.byte	136,7,199,49
000001d4 b1121059        307 	.byte	177,18,16,89
000001d8 2780ec5f        308 	.byte	39,128,236,95
000001dc 60517fa9        309 	.byte	96,81,127,169
000001e0 19b54a0d        310 	.byte	25,181,74,13
000001e4 2de57a9f        311 	.byte	45,229,122,159
000001e8 93c99cef        312 	.byte	147,201,156,239
000001ec a0e03b4d        313 	.byte	160,224,59,77
000001f0 ae2af5b0        314 	.byte	174,42,245,176
000001f4 c8ebbb3c        315 	.byte	200,235,187,60
000001f8 83539961        316 	.byte	131,83,153,97
000001fc 172b047e        317 	.byte	23,43,4,126
00000200 ba77d626        318 	.byte	186,119,214,38
00000204 e1691463        319 	.byte	225,105,20,99
00000208 55210c7d        320 	.byte	85,33,12,125
                         321 	.type	_rsbox..C.3A.5C_ECU2.5CECU_Rivian_A1.5CTarget.5Crepo_projects.5CpFOTA.5CcL_LATEST.5Cmake.5Cobj.5Caes.,@object
                         322 	.size	_rsbox..C.3A.5C_ECU2.5CECU_Rivian_A1.5CTarget.5Crepo_projects.5CpFOTA.5CcL_LATEST.5Cmake.5Cobj.5Caes.,256
                         323 	.type	_rsbox,@object
                         324 	.size	_rsbox,256
                         325 	.data
                         326 	.text
                         327 	.align	2
                         328 	.align	2
                         329 ..gh.f.f.1.e.1:
                         330 	.type	..gh.f.f.1.e.1,@object
                         331 	.size	..gh.f.f.1.e.1,0
                         332 	.global	_AES_init_ctx
                         333 _AES_init_ctx:
                         334 --	    .bf
                         335 .LDW51:
000000c8 bf0738ff*       336 	jr	_KeyExpansion
                         337 --	    .ef
                         338 .LDW61:
                         339 	.type	_AES_init_ctx,@function
                         340 	.size	_AES_init_ctx,.-_AES_init_ctx
                         341 	.align	2
                         342 .LDW71:
                         343 
                         344 --_ctx	r6	param
                         345 --_key	r7	param
                         346 
                         347 	.section ".bss","awb"
                         348 .L193:
                         349 	.type	.L193,@object
                         350 	.size	.L193,0
                         351 	.data
                         352 	.text
                         353 	.align	2
                         354 	.align	2
                         355 ..gh.f.f.1.e.2:

                                                                      Page 7
                                                              C:\Users\nhuliyap\AppData\Local\Temp\gh_00009ok1.s
                         356 	.type	..gh.f.f.1.e.2,@object
                         357 	.size	..gh.f.f.1.e.2,0
                         358 	.global	_AES_init_ctx_iv
                         359 _AES_init_ctx_iv:
000000cc 8007a100        360 	prepare	{r28,r31},0
000000d0 08e0            361 	mov	r8,r28
                         362 --	    .bf
                         363 .LDW81:
                         364 	jarl	_KeyExpansion,lp
                         364 <EXPANSION BEGIN>
                         364 jarl22 _KeyExpansion , lp 
000000d2 bfff2eff*       364 <EXPANSION END>
                         365 --line130
                         366 ..lin.C.3A.5C_ECU2.5CECU_Rivian_A1.5CTarget.5Crepo_projects.5CpFOTA.5CcL_LATEST.5Cmake.5Cobj.5Caes.6::
                         367 .LDWlin6:
000000d6 0636f000        368 	addi	240,r6,r6
000000da 1c38            369 	mov	r28,r7
000000dc 20461000        370 	movea	16,zero,r8
                         371 	jarl	_memcpy,lp
                         371 <EXPANSION BEGIN>
                         371 jarl22 _memcpy , lp 
000000e0 80ff0000*       371 <EXPANSION END>
                         372 --	    .ef
                         373 .LDW91:
                         374 --line131
                         375 ..lin.C.3A.5C_ECU2.5CECU_Rivian_A1.5CTarget.5Crepo_projects.5CpFOTA.5CcL_LATEST.5Cmake.5Cobj.5Caes.7::
                         376 .LDWlin7:
000000e4 4006bf00        377 	dispose	0,{r28,r31},[lp]
                         378 	.type	_AES_init_ctx_iv,@function
                         379 	.size	_AES_init_ctx_iv,.-_AES_init_ctx_iv
                         380 	.align	2
                         381 .LDW02:
                         382 
                         383 --_ctx	r29	param
                         384 --_key	r7	param
                         385 --_iv	r28	param
                         386 
                         387 	.section ".bss","awb"
                         388 .L241:
                         389 	.type	.L241,@object
                         390 	.size	.L241,0
                         391 	.data
                         392 	.text
                         393 	.align	2
                         394 	.align	2
                         395 ..gh.f.f.1.e.3:
                         396 	.type	..gh.f.f.1.e.3,@object
                         397 	.size	..gh.f.f.1.e.3,0
                         398 	.global	_AES_ctx_set_iv
                         399 _AES_ctx_set_iv:
                         400 --	    .bf
                         401 .LDW12:
000000e8 0636f000        402 	addi	240,r6,r6
000000ec 20461000        403 	movea	16,zero,r8
000000f0 80070000*       404 	jr	_memcpy
                         405 --	    .ef
                         406 .LDW22:
                         407 	.type	_AES_ctx_set_iv,@function
                         408 	.size	_AES_ctx_set_iv,.-_AES_ctx_set_iv
                         409 	.align	2
                         410 .LDW32:

                                                                      Page 8
                                                              C:\Users\nhuliyap\AppData\Local\Temp\gh_00009ok1.s
                         411 
                         412 --_ctx	r6	param
                         413 --_iv	r7	param
                         414 
                         415 	.section ".bss","awb"
                         416 .L289:
                         417 	.type	.L289,@object
                         418 	.size	.L289,0
                         419 	.data
                         420 	.text
                         421 	.align	2
                         422 	.align	2
                         423 ..gh.f.f.1.e.4:
                         424 	.type	..gh.f.f.1.e.4,@object
                         425 	.size	..gh.f.f.1.e.4,0
                         426 	.global	_AddRoundKey..C.3A.5C_ECU2.5CECU_Rivian_A1.5CTarget.5Crepo_projects.5CpFOTA.5CcL_LATEST.5Cmake.5Cobj.5Caes.
                         427 _AddRoundKey..C.3A.5C_ECU2.5CECU_Rivian_A1.5CTarget.5Crepo_projects.5CpFOTA.5CcL_LATEST.5Cmake.5Cobj.5Caes.:
                         428 _AddRoundKey:
000000f4 8600            429 	zxb	r6
                         430 --	    .bf
                         431 .LDW42:
000000f6 007a            432 	mov	0,r15
                         433 .L312:
000000f8 008a            434 	mov	0,r17
                         435 .L315:
000000fa 0f90            436 	mov	r15,r18
000000fc c292            437 	shl	2,r18
000000fe 0668            438 	mov	r6,r13
00000100 1270            439 	mov	r18,r14
00000102 c46a            440 	shl	4,r13
00000104 cd91            441 	add	r13,r18
00000106 1180            442 	mov	r17,r16
00000108 c771            443 	add	r7,r14
0000010a 11f0            444 	mov	r17,ep
0000010c d281            445 	add	r18,r16
0000010e cef1            446 	add	r14,ep
00000110 c881            447 	add	r8,r16
00000112 6060            448 	sld.bu	0[ep],r12
00000114 909f0100        449 	ld.bu	0[r16],r19
00000118 418a            450 	add	1,r17
0000011a 3361            451 	xor	r19,r12
0000011c 8063            452 	sst.b	r12,0[ep]
0000011e 648a            453 	cmp	4,r17
00000120 d1ed*           454 	bl	.L315
                         455 --line139
                         456 ..lin.C.3A.5C_ECU2.5CECU_Rivian_A1.5CTarget.5Crepo_projects.5CpFOTA.5CcL_LATEST.5Cmake.5Cobj.5Caes.8::
                         457 .LDWlin8:
00000122 417a            458 	add	1,r15
00000124 647a            459 	cmp	4,r15
00000126 91ed*           460 	bl	.L312
                         461 --	    .ef
                         462 .LDW52:
                         463 --line144
                         464 ..lin.C.3A.5C_ECU2.5CECU_Rivian_A1.5CTarget.5Crepo_projects.5CpFOTA.5CcL_LATEST.5Cmake.5Cobj.5Caes.9::
                         465 .LDWlin9:
00000128 7f00            466 	jmp	[lp]
                         467 	.type	_AddRoundKey,@function
                         468 	.size	_AddRoundKey,.-_AddRoundKey
                         469 	.type	_AddRoundKey..C.3A.5C_ECU2.5CECU_Rivian_A1.5CTarget.5Crepo_projects.5CpFOTA.5CcL_LATEST.5Cmake.5Cobj.5Caes.,@function
                         470 	.size	_AddRoundKey..C.3A.5C_ECU2.5CECU_Rivian_A1.5CTarget.5Crepo_projects.5CpFOTA.5CcL_LATEST.5Cmake.5Cobj.5Caes.,.-_AddRoundKey..C.3A.5C_ECU2.5CECU_Rivian_A1.5CTarget.5Crepo_projects.5CpFOTA.5CcL_LATEST.5Cmake.5Cobj.5Caes.
                         471 	.align	2

                                                                      Page 9
                                                              C:\Users\nhuliyap\AppData\Local\Temp\gh_00009ok1.s
                         472 .LDW62:
                         473 --_i	r15	local
                         474 --_j	r17	local
                         475 
                         476 --_round	r6	param
                         477 --_state	r7	param
                         478 --_RoundKey	r8	param
                         479 
                         480 	.section ".bss","awb"
                         481 .L352:
                         482 	.type	.L352,@object
                         483 	.size	.L352,0
                         484 	.data
                         485 	.text
                         486 	.align	2
                         487 	.align	2
                         488 ..gh.f.f.1.e.5:
                         489 	.type	..gh.f.f.1.e.5,@object
                         490 	.size	..gh.f.f.1.e.5,0
                         491 	.global	_SubBytes..C.3A.5C_ECU2.5CECU_Rivian_A1.5CTarget.5Crepo_projects.5CpFOTA.5CcL_LATEST.5Cmake.5Cobj.5Caes.
                         492 _SubBytes..C.3A.5C_ECU2.5CECU_Rivian_A1.5CTarget.5Crepo_projects.5CpFOTA.5CcL_LATEST.5Cmake.5Cobj.5Caes.:
                         493 _SubBytes:
                         494 --	    .bf
                         495 .LDW72:
0000012a 008a            496 	mov	0,r17
                         497 .L407:
0000012c 0082            498 	mov	0,r16
                         499 .L410:
0000012e 1090            500 	mov	r16,r18
00000130 c292            501 	shl	2,r18
00000132 c691            502 	add	r6,r18
00000134 11f0            503 	mov	r17,ep
00000136 d2f1            504 	add	r18,ep
00000138 6078            505 	sld.bu	0[ep],r15
0000013a 4182            506 	add	1,r16
0000013c c579            507 	add	r5,r15
0000013e af0705900000*   508 	ld.bu	rosdaoff23(_sbox)[r15],r18
00000144 6482            509 	cmp	4,r16
00000146 8093            510 	sst.b	r18,0[ep]
00000148 b1f5*           511 	bl	.L410
                         512 --line148
                         513 ..lin.C.3A.5C_ECU2.5CECU_Rivian_A1.5CTarget.5Crepo_projects.5CpFOTA.5CcL_LATEST.5Cmake.5Cobj.5Caes.10::
                         514 .LDWlin10:
0000014a 418a            515 	add	1,r17
0000014c 648a            516 	cmp	4,r17
0000014e f1ed*           517 	bl	.L407
                         518 --	    .ef
                         519 .LDW82:
                         520 --line153
                         521 ..lin.C.3A.5C_ECU2.5CECU_Rivian_A1.5CTarget.5Crepo_projects.5CpFOTA.5CcL_LATEST.5Cmake.5Cobj.5Caes.11::
                         522 .LDWlin11:
00000150 7f00            523 	jmp	[lp]
                         524 	.type	_SubBytes,@function
                         525 	.size	_SubBytes,.-_SubBytes
                         526 	.type	_SubBytes..C.3A.5C_ECU2.5CECU_Rivian_A1.5CTarget.5Crepo_projects.5CpFOTA.5CcL_LATEST.5Cmake.5Cobj.5Caes.,@function
                         527 	.size	_SubBytes..C.3A.5C_ECU2.5CECU_Rivian_A1.5CTarget.5Crepo_projects.5CpFOTA.5CcL_LATEST.5Cmake.5Cobj.5Caes.,.-_SubBytes..C.3A.5C_ECU2.5CECU_Rivian_A1.5CTarget.5Crepo_projects.5CpFOTA.5CcL_LATEST.5Cmake.5Cobj.5Caes.
                         528 	.align	2
                         529 .LDW92:
                         530 --_i	r17	local
                         531 --_j	r16	local
                         532 

                                                                      Page 10
                                                              C:\Users\nhuliyap\AppData\Local\Temp\gh_00009ok1.s
                         533 --_state	r6	param
                         534 
                         535 	.section ".bss","awb"
                         536 .L448:
                         537 	.type	.L448,@object
                         538 	.size	.L448,0
                         539 	.data
                         540 	.text
                         541 	.align	2
                         542 	.align	2
                         543 ..gh.f.f.1.e.6:
                         544 	.type	..gh.f.f.1.e.6,@object
                         545 	.size	..gh.f.f.1.e.6,0
                         546 	.global	_ShiftRows..C.3A.5C_ECU2.5CECU_Rivian_A1.5CTarget.5Crepo_projects.5CpFOTA.5CcL_LATEST.5Cmake.5Cobj.5Caes.
                         547 _ShiftRows..C.3A.5C_ECU2.5CECU_Rivian_A1.5CTarget.5Crepo_projects.5CpFOTA.5CcL_LATEST.5Cmake.5Cobj.5Caes.:
                         548 _ShiftRows:
00000152 06f0            549 	mov	r6,ep
                         550 --	    .bf
                         551 .LDW03:
00000154 6190            552 	sld.bu	1[ep],r18
00000156 6d78            553 	sld.bu	13[ep],r15
00000158 6a70            554 	sld.bu	10[ep],r14
0000015a 6e68            555 	sld.bu	14[ep],r13
0000015c 8d93            556 	sst.b	r18,13[ep]
0000015e 6290            557 	sld.bu	2[ep],r18
00000160 6588            558 	sld.bu	5[ep],r17
00000162 6980            559 	sld.bu	9[ep],r16
00000164 6f60            560 	sld.bu	15[ep],r12
00000166 8a93            561 	sst.b	r18,10[ep]
00000168 6690            562 	sld.bu	6[ep],r18
0000016a 6b58            563 	sld.bu	11[ep],r11
0000016c 6750            564 	sld.bu	7[ep],r10
0000016e 818b            565 	sst.b	r17,1[ep]
00000170 8e93            566 	sst.b	r18,14[ep]
00000172 6390            567 	sld.bu	3[ep],r18
00000174 8583            568 	sst.b	r16,5[ep]
00000176 897b            569 	sst.b	r15,9[ep]
00000178 8273            570 	sst.b	r14,2[ep]
0000017a 866b            571 	sst.b	r13,6[ep]
0000017c 8363            572 	sst.b	r12,3[ep]
0000017e 8f5b            573 	sst.b	r11,15[ep]
00000180 8b53            574 	sst.b	r10,11[ep]
00000182 8793            575 	sst.b	r18,7[ep]
                         576 --	    .ef
                         577 .LDW13:
00000184 7f00            578 	jmp	[lp]
                         579 	.type	_ShiftRows,@function
                         580 	.size	_ShiftRows,.-_ShiftRows
                         581 	.type	_ShiftRows..C.3A.5C_ECU2.5CECU_Rivian_A1.5CTarget.5Crepo_projects.5CpFOTA.5CcL_LATEST.5Cmake.5Cobj.5Caes.,@function
                         582 	.size	_ShiftRows..C.3A.5C_ECU2.5CECU_Rivian_A1.5CTarget.5Crepo_projects.5CpFOTA.5CcL_LATEST.5Cmake.5Cobj.5Caes.,.-_ShiftRows..C.3A.5C_ECU2.5CECU_Rivian_A1.5CTarget.5Crepo_projects.5CpFOTA.5CcL_LATEST.5Cmake.5Cobj.5Caes.
                         583 	.align	2
                         584 .LDW23:
                         585 --_temp	r18	local
                         586 
                         587 --_state	ep	param
                         588 
                         589 	.section ".bss","awb"
                         590 .L529:
                         591 	.type	.L529,@object
                         592 	.size	.L529,0
                         593 	.data

                                                                      Page 11
                                                              C:\Users\nhuliyap\AppData\Local\Temp\gh_00009ok1.s
                         594 	.text
                         595 	.align	2
                         596 	.align	2
                         597 ..gh.f.f.1.e.7:
                         598 	.type	..gh.f.f.1.e.7,@object
                         599 	.size	..gh.f.f.1.e.7,0
                         600 	.global	_xtime..C.3A.5C_ECU2.5CECU_Rivian_A1.5CTarget.5Crepo_projects.5CpFOTA.5CcL_LATEST.5Cmake.5Cobj.5Caes.
                         601 _xtime..C.3A.5C_ECU2.5CECU_Rivian_A1.5CTarget.5Crepo_projects.5CpFOTA.5CcL_LATEST.5Cmake.5Cobj.5Caes.:
                         602 _xtime:
00000186 8600            603 	zxb	r6
                         604 --	    .bf
                         605 .LDW33:
00000188 0648            606 	mov	r6,r9
0000018a 8732            607 	shr	7,r6
0000018c fb374002        608 	mul	27,r6,zero
00000190 c14a            609 	shl	1,r9
00000192 2931            610 	xor	r9,r6
00000194 0650            611 	mov	r6,r10
00000196 8a00            612 	zxb	r10
                         613 --	    .ef
                         614 .LDW43:
00000198 7f00            615 	jmp	[lp]
                         616 	.type	_xtime,@function
                         617 	.size	_xtime,.-_xtime
                         618 	.type	_xtime..C.3A.5C_ECU2.5CECU_Rivian_A1.5CTarget.5Crepo_projects.5CpFOTA.5CcL_LATEST.5Cmake.5Cobj.5Caes.,@function
                         619 	.size	_xtime..C.3A.5C_ECU2.5CECU_Rivian_A1.5CTarget.5Crepo_projects.5CpFOTA.5CcL_LATEST.5Cmake.5Cobj.5Caes.,.-_xtime..C.3A.5C_ECU2.5CECU_Rivian_A1.5CTarget.5Crepo_projects.5CpFOTA.5CcL_LATEST.5Cmake.5Cobj.5Caes.
                         620 	.align	2
                         621 .LDW53:
                         622 
                         623 --_x	r6	param
                         624 
                         625 	.section ".bss","awb"
                         626 .L580:
                         627 	.type	.L580,@object
                         628 	.size	.L580,0
                         629 	.data
                         630 	.text
                         631 	.align	2
                         632 	.align	2
                         633 ..gh.f.f.1.e.8:
                         634 	.type	..gh.f.f.1.e.8,@object
                         635 	.size	..gh.f.f.1.e.8,0
                         636 	.global	_MixColumns..C.3A.5C_ECU2.5CECU_Rivian_A1.5CTarget.5Crepo_projects.5CpFOTA.5CcL_LATEST.5Cmake.5Cobj.5Caes.
                         637 _MixColumns..C.3A.5C_ECU2.5CECU_Rivian_A1.5CTarget.5Crepo_projects.5CpFOTA.5CcL_LATEST.5Cmake.5Cobj.5Caes.:
                         638 _MixColumns:
0000019a 8007e1f0        639 	prepare	{r24,r25,r26,r27,r28,r29,r31},0
0000019e 06c0            640 	mov	r6,r24
                         641 --	    .bf
                         642 .LDW63:
000001a0 00d2            643 	mov	0,r26
                         644 .L602:
000001a2 1ae8            645 	mov	r26,r29
000001a4 c2ea            646 	shl	2,r29
000001a6 d8e9            647 	add	r24,r29
000001a8 1df0            648 	mov	r29,ep
000001aa 60d8            649 	sld.bu	0[ep],r27
000001ac 6130            650 	sld.bu	1[ep],r6
000001ae 6298            651 	sld.bu	2[ep],r19
000001b0 63e0            652 	sld.bu	3[ep],r28
000001b2 3b31            653 	xor	r27,r6
000001b4 2699            654 	xor	r6,r19

                                                                      Page 12
                                                              C:\Users\nhuliyap\AppData\Local\Temp\gh_00009ok1.s
000001b6 33e1            655 	xor	r19,r28
                         656 	jarl	_xtime,lp
                         656 <EXPANSION BEGIN>
                         656 jarl22 _xtime , lp 
000001b8 bfffceff*       656 <EXPANSION END>
000001bc 1df0            657 	mov	r29,ep
                         658 --line190
                         659 ..lin.C.3A.5C_ECU2.5CECU_Rivian_A1.5CTarget.5Crepo_projects.5CpFOTA.5CcL_LATEST.5Cmake.5Cobj.5Caes.12::
                         660 .LDWlin12:
000001be 61c8            661 	sld.bu	1[ep],r25
000001c0 6230            662 	sld.bu	2[ep],r6
000001c2 1c98            663 	mov	r28,r19
000001c4 2a99            664 	xor	r10,r19
000001c6 3b99            665 	xor	r27,r19
000001c8 809b            666 	sst.b	r19,0[ep]
000001ca 3931            667 	xor	r25,r6
                         668 	jarl	_xtime,lp
                         668 <EXPANSION BEGIN>
                         668 jarl22 _xtime , lp 
000001cc bfffbaff*       668 <EXPANSION END>
000001d0 1c90            669 	mov	r28,r18
000001d2 2a91            670 	xor	r10,r18
000001d4 3991            671 	xor	r25,r18
000001d6 1df0            672 	mov	r29,ep
                         673 --line191
                         674 ..lin.C.3A.5C_ECU2.5CECU_Rivian_A1.5CTarget.5Crepo_projects.5CpFOTA.5CcL_LATEST.5Cmake.5Cobj.5Caes.13::
                         675 .LDWlin13:
000001d8 62c8            676 	sld.bu	2[ep],r25
000001da 6330            677 	sld.bu	3[ep],r6
000001dc 8193            678 	sst.b	r18,1[ep]
000001de 3931            679 	xor	r25,r6
                         680 	jarl	_xtime,lp
                         680 <EXPANSION BEGIN>
                         680 jarl22 _xtime , lp 
000001e0 bfffa6ff*       680 <EXPANSION END>
000001e4 1c88            681 	mov	r28,r17
000001e6 2a89            682 	xor	r10,r17
000001e8 3989            683 	xor	r25,r17
000001ea 1df0            684 	mov	r29,ep
                         685 --line192
                         686 ..lin.C.3A.5C_ECU2.5CECU_Rivian_A1.5CTarget.5Crepo_projects.5CpFOTA.5CcL_LATEST.5Cmake.5Cobj.5Caes.14::
                         687 .LDWlin14:
000001ec 63c8            688 	sld.bu	3[ep],r25
000001ee 828b            689 	sst.b	r17,2[ep]
000001f0 39d9            690 	xor	r25,r27
000001f2 1b30            691 	mov	r27,r6
                         692 	jarl	_xtime,lp
                         692 <EXPANSION BEGIN>
                         692 jarl22 _xtime , lp 
000001f4 bfff92ff*       692 <EXPANSION END>
000001f8 2ae1            693 	xor	r10,r28
000001fa 39e1            694 	xor	r25,r28
                         695 --line186
                         696 ..lin.C.3A.5C_ECU2.5CECU_Rivian_A1.5CTarget.5Crepo_projects.5CpFOTA.5CcL_LATEST.5Cmake.5Cobj.5Caes.15::
                         697 .LDWlin15:
000001fc 41d2            698 	add	1,r26
000001fe 5de70300        699 	st.b	r28,3[r29]
00000202 64d2            700 	cmp	4,r26
00000204 f1cd*           701 	bl	.L602
                         702 --	    .ef
                         703 .LDW73:

                                                                      Page 13
                                                              C:\Users\nhuliyap\AppData\Local\Temp\gh_00009ok1.s
                         704 --line194
                         705 ..lin.C.3A.5C_ECU2.5CECU_Rivian_A1.5CTarget.5Crepo_projects.5CpFOTA.5CcL_LATEST.5Cmake.5Cobj.5Caes.16::
                         706 .LDWlin16:
00000206 4006fff0        707 	dispose	0,{r24,r25,r26,r27,r28,r29,r31},[lp]
                         708 	.type	_MixColumns,@function
                         709 	.size	_MixColumns,.-_MixColumns
                         710 	.type	_MixColumns..C.3A.5C_ECU2.5CECU_Rivian_A1.5CTarget.5Crepo_projects.5CpFOTA.5CcL_LATEST.5Cmake.5Cobj.5Caes.,@function
                         711 	.size	_MixColumns..C.3A.5C_ECU2.5CECU_Rivian_A1.5CTarget.5Crepo_projects.5CpFOTA.5CcL_LATEST.5Cmake.5Cobj.5Caes.,.-_MixColumns..C.3A.5C_ECU2.5CECU_Rivian_A1.5CTarget.5Crepo_projects.5CpFOTA.5CcL_LATEST.5Cmake.5Cobj.5Caes.
                         712 	.align	2
                         713 .LDW83:
                         714 --_i	r26	local
                         715 --_Tmp	r28	local
                         716 --_Tm	r6	local
                         717 
                         718 --_state	r24	param
                         719 
                         720 	.section ".bss","awb"
                         721 .L630:
                         722 	.type	.L630,@object
                         723 	.size	.L630,0
                         724 	.data
                         725 	.text
                         726 	.align	2
                         727 	.align	2
                         728 ..gh.f.f.1.e.9:
                         729 	.type	..gh.f.f.1.e.9,@object
                         730 	.size	..gh.f.f.1.e.9,0
                         731 	.global	_InvMixColumns..C.3A.5C_ECU2.5CECU_Rivian_A1.5CTarget.5Crepo_projects.5CpFOTA.5CcL_LATEST.5Cmake.5Cobj.5Caes.
                         732 _InvMixColumns..C.3A.5C_ECU2.5CECU_Rivian_A1.5CTarget.5Crepo_projects.5CpFOTA.5CcL_LATEST.5Cmake.5Cobj.5Caes.:
                         733 _InvMixColumns:
0000020a 8607e1ff        734 	prepare	{r20,r21,r22,r23,r24,r25,r26,r27,r28,r29,r31},3
0000020e 63370900        735 	st.w	r6,8[sp]
                         736 --	    .bf
                         737 .LDW93:
00000212 00e2            738 	mov	0,r28
                         739 .L667:
00000214 235f0900        740 	ld.w	8[sp],r11
00000218 1ce8            741 	mov	r28,r29
0000021a c2ea            742 	shl	2,r29
0000021c cbe9            743 	add	r11,r29
0000021e 1df0            744 	mov	r29,ep
00000220 60d8            745 	sld.bu	0[ep],r27
00000222 61d0            746 	sld.bu	1[ep],r26
00000224 62c8            747 	sld.bu	2[ep],r25
00000226 63c0            748 	sld.bu	3[ep],r24
00000228 1b30            749 	mov	r27,r6
                         750 	jarl	_xtime,lp
                         750 <EXPANSION BEGIN>
                         750 jarl22 _xtime , lp 
0000022a bfff5cff*       750 <EXPANSION END>
0000022e 43570300        751 	st.b	r10,3[sp]
00000232 235e0100        752 	movea	1,sp,r11
00000236 0a30            753 	mov	r10,r6
                         754 	jarl	_xtime,lp
                         754 <EXPANSION BEGIN>
                         754 jarl22 _xtime , lp 
00000238 bfff4eff*       754 <EXPANSION END>
0000023c 43570700        755 	st.b	r10,7[sp]
00000240 0a30            756 	mov	r10,r6
                         757 	jarl	_xtime,lp
                         757 <EXPANSION BEGIN>

                                                                      Page 14
                                                              C:\Users\nhuliyap\AppData\Local\Temp\gh_00009ok1.s
                         757 jarl22 _xtime , lp 
00000242 bfff44ff*       757 <EXPANSION END>
00000246 0aa8            758 	mov	r10,r21
00000248 1a30            759 	mov	r26,r6
                         760 	jarl	_xtime,lp
                         760 <EXPANSION BEGIN>
                         760 jarl22 _xtime , lp 
0000024a bfff3cff*       760 <EXPANSION END>
0000024e 43570200        761 	st.b	r10,2[sp]
00000252 0a30            762 	mov	r10,r6
                         763 	jarl	_xtime,lp
                         763 <EXPANSION BEGIN>
                         763 jarl22 _xtime , lp 
00000254 bfff32ff*       763 <EXPANSION END>
00000258 43570600        764 	st.b	r10,6[sp]
0000025c 0a30            765 	mov	r10,r6
                         766 	jarl	_xtime,lp
                         766 <EXPANSION BEGIN>
                         766 jarl22 _xtime , lp 
0000025e bfff28ff*       766 <EXPANSION END>
00000262 0ab0            767 	mov	r10,r22
00000264 1930            768 	mov	r25,r6
                         769 	jarl	_xtime,lp
                         769 <EXPANSION BEGIN>
                         769 jarl22 _xtime , lp 
00000266 bfff20ff*       769 <EXPANSION END>
0000026a 43570100        770 	st.b	r10,1[sp]
0000026e 0a30            771 	mov	r10,r6
                         772 	jarl	_xtime,lp
                         772 <EXPANSION BEGIN>
                         772 jarl22 _xtime , lp 
00000270 bfff16ff*       772 <EXPANSION END>
00000274 43570500        773 	st.b	r10,5[sp]
00000278 0a30            774 	mov	r10,r6
                         775 	jarl	_xtime,lp
                         775 <EXPANSION BEGIN>
                         775 jarl22 _xtime , lp 
0000027a bfff0cff*       775 <EXPANSION END>
0000027e 0ab8            776 	mov	r10,r23
00000280 1830            777 	mov	r24,r6
                         778 	jarl	_xtime,lp
                         778 <EXPANSION BEGIN>
                         778 jarl22 _xtime , lp 
00000282 bfff04ff*       778 <EXPANSION END>
00000286 0aa0            779 	mov	r10,r20
00000288 0a30            780 	mov	r10,r6
                         781 	jarl	_xtime,lp
                         781 <EXPANSION BEGIN>
                         781 jarl22 _xtime , lp 
0000028a bffffcfe*       781 <EXPANSION END>
0000028e 43570400        782 	st.b	r10,4[sp]
00000292 0a30            783 	mov	r10,r6
                         784 	jarl	_xtime,lp
                         784 <EXPANSION BEGIN>
                         784 jarl22 _xtime , lp 
00000294 bffff2fe*       784 <EXPANSION END>
00000298 0bf0            785 	mov	r11,ep
0000029a 833f0300        786 	ld.bu	2[sp],r7
0000029e 6648            787 	sld.bu	6[ep],r9
000002a0 a38f0300        788 	ld.bu	3[sp],r17
000002a4 6430            789 	sld.bu	4[ep],r6

                                                                      Page 15
                                                              C:\Users\nhuliyap\AppData\Local\Temp\gh_00009ok1.s
000002a6 07f8            790 	mov	r7,lp
000002a8 1540            791 	mov	r21,r8
000002aa 3149            792 	xor	r17,r9
000002ac 3a39            793 	xor	r26,r7
000002ae 1690            794 	mov	r22,r18
000002b0 2941            795 	xor	r9,r8
000002b2 2791            796 	xor	r7,r18
000002b4 3931            797 	xor	r25,r6
000002b6 1788            798 	mov	r23,r17
000002b8 2891            799 	xor	r8,r18
000002ba 2689            800 	xor	r6,r17
000002bc 0a80            801 	mov	r10,r16
000002be 3289            802 	xor	r18,r17
000002c0 3881            803 	xor	r24,r16
000002c2 3181            804 	xor	r17,r16
                         805 --line228
                         806 ..lin.C.3A.5C_ECU2.5CECU_Rivian_A1.5CTarget.5Crepo_projects.5CpFOTA.5CcL_LATEST.5Cmake.5Cobj.5Caes.17::
                         807 .LDWlin17:
000002c4 83970700        808 	ld.bu	6[sp],r18
000002c8 6088            809 	sld.bu	0[ep],r17
000002ca 5d870000        810 	st.b	r16,0[r29]
000002ce 03f0            811 	mov	sp,ep
000002d0 1598            812 	mov	r21,r19
000002d2 3f91            813 	xor	lp,r18
000002d4 1678            814 	mov	r22,r15
000002d6 6480            815 	sld.bu	4[ep],r16
000002d8 3b99            816 	xor	r27,r19
000002da 3279            817 	xor	r18,r15
000002dc 3989            818 	xor	r25,r17
000002de 1770            819 	mov	r23,r14
000002e0 3379            820 	xor	r19,r15
000002e2 3171            821 	xor	r17,r14
000002e4 2f71            822 	xor	r15,r14
000002e6 1040            823 	mov	r16,r8
000002e8 6778            824 	sld.bu	7[ep],r15
000002ea 3881            825 	xor	r24,r16
000002ec 0a68            826 	mov	r10,r13
000002ee 3069            827 	xor	r16,r13
000002f0 2e69            828 	xor	r14,r13
000002f2 3b79            829 	xor	r27,r15
000002f4 1570            830 	mov	r21,r14
000002f6 2f71            831 	xor	r15,r14
000002f8 5d6f0100        832 	st.b	r13,1[r29]
000002fc 1660            833 	mov	r22,r12
000002fe 6568            834 	sld.bu	5[ep],r13
00000300 6178            835 	sld.bu	1[ep],r15
00000302 3a61            836 	xor	r26,r12
00000304 2e61            837 	xor	r14,r12
00000306 0b70            838 	mov	r11,r14
00000308 2f69            839 	xor	r15,r13
0000030a 1758            840 	mov	r23,r11
0000030c 2d59            841 	xor	r13,r11
0000030e 2c59            842 	xor	r12,r11
00000310 1460            843 	mov	r20,r12
00000312 3861            844 	xor	r24,r12
00000314 0a48            845 	mov	r10,r9
00000316 2c49            846 	xor	r12,r9
00000318 2b49            847 	xor	r11,r9
0000031a 5d4f0200        848 	st.b	r9,2[r29]
0000031e 8e5f0300        849 	ld.bu	2[r14],r11
00000322 6648            850 	sld.bu	6[ep],r9

                                                                      Page 16
                                                              C:\Users\nhuliyap\AppData\Local\Temp\gh_00009ok1.s
00000324 39b9            851 	xor	r25,r23
00000326 3441            852 	xor	r20,r8
00000328 3b59            853 	xor	r27,r11
0000032a 3a49            854 	xor	r26,r9
0000032c 2ba9            855 	xor	r11,r21
0000032e 29b1            856 	xor	r9,r22
00000330 35b1            857 	xor	r21,r22
00000332 36b9            858 	xor	r22,r23
00000334 2851            859 	xor	r8,r10
00000336 3751            860 	xor	r23,r10
00000338 41e2            861 	add	1,r28
0000033a 5d570300        862 	st.b	r10,3[r29]
0000033e 64e2            863 	cmp	4,r28
00000340 f607d5fe*       864 	blt	.L667
                         865 --	    .ef
                         866 .LDW04:
                         867 --line232
                         868 ..lin.C.3A.5C_ECU2.5CECU_Rivian_A1.5CTarget.5Crepo_projects.5CpFOTA.5CcL_LATEST.5Cmake.5Cobj.5Caes.18::
                         869 .LDWlin18:
00000344 4606ffff        870 	dispose	3,{r20,r21,r22,r23,r24,r25,r26,r27,r28,r29,r31},[lp]
                         871 	.type	_InvMixColumns,@function
                         872 	.size	_InvMixColumns,.-_InvMixColumns
                         873 	.type	_InvMixColumns..C.3A.5C_ECU2.5CECU_Rivian_A1.5CTarget.5Crepo_projects.5CpFOTA.5CcL_LATEST.5Cmake.5Cobj.5Caes.,@function
                         874 	.size	_InvMixColumns..C.3A.5C_ECU2.5CECU_Rivian_A1.5CTarget.5Crepo_projects.5CpFOTA.5CcL_LATEST.5Cmake.5Cobj.5Caes.,.-_InvMixColumns..C.3A.5C_ECU2.5CECU_Rivian_A1.5CTarget.5Crepo_projects.5CpFOTA.5CcL_LATEST.5Cmake.5Cobj.5Caes.
                         875 	.align	2
                         876 .LDW14:
                         877 --_i	r28	local
                         878 --_a	r27	local
                         879 --_b	r26	local
                         880 --_c	r25	local
                         881 --_d	r24	local
                         882 
                         883 --_state	8[sp]	param
                         884 
                         885 	.section ".bss","awb"
                         886 .L694:
                         887 	.type	.L694,@object
                         888 	.size	.L694,0
                         889 	.data
                         890 	.text
                         891 	.align	2
                         892 	.align	2
                         893 ..gh.f.f.1.e.10:
                         894 	.type	..gh.f.f.1.e.10,@object
                         895 	.size	..gh.f.f.1.e.10,0
                         896 	.global	_InvSubBytes..C.3A.5C_ECU2.5CECU_Rivian_A1.5CTarget.5Crepo_projects.5CpFOTA.5CcL_LATEST.5Cmake.5Cobj.5Caes.
                         897 _InvSubBytes..C.3A.5C_ECU2.5CECU_Rivian_A1.5CTarget.5Crepo_projects.5CpFOTA.5CcL_LATEST.5Cmake.5Cobj.5Caes.:
                         898 _InvSubBytes:
                         899 --	    .bf
                         900 .LDW24:
00000348 008a            901 	mov	0,r17
                         902 .L731:
0000034a 0082            903 	mov	0,r16
                         904 .L734:
0000034c 1090            905 	mov	r16,r18
0000034e c292            906 	shl	2,r18
00000350 c691            907 	add	r6,r18
00000352 11f0            908 	mov	r17,ep
00000354 d2f1            909 	add	r18,ep
00000356 6078            910 	sld.bu	0[ep],r15
00000358 4182            911 	add	1,r16

                                                                      Page 17
                                                              C:\Users\nhuliyap\AppData\Local\Temp\gh_00009ok1.s
0000035a c579            912 	add	r5,r15
0000035c af0705900000*   913 	ld.bu	rosdaoff23(_rsbox)[r15],r18
00000362 6482            914 	cmp	4,r16
00000364 8093            915 	sst.b	r18,0[ep]
00000366 b1f5*           916 	bl	.L734
                         917 --line236
                         918 ..lin.C.3A.5C_ECU2.5CECU_Rivian_A1.5CTarget.5Crepo_projects.5CpFOTA.5CcL_LATEST.5Cmake.5Cobj.5Caes.19::
                         919 .LDWlin19:
00000368 418a            920 	add	1,r17
0000036a 648a            921 	cmp	4,r17
0000036c f1ed*           922 	bl	.L731
                         923 --	    .ef
                         924 .LDW34:
                         925 --line241
                         926 ..lin.C.3A.5C_ECU2.5CECU_Rivian_A1.5CTarget.5Crepo_projects.5CpFOTA.5CcL_LATEST.5Cmake.5Cobj.5Caes.20::
                         927 .LDWlin20:
0000036e 7f00            928 	jmp	[lp]
                         929 	.type	_InvSubBytes,@function
                         930 	.size	_InvSubBytes,.-_InvSubBytes
                         931 	.type	_InvSubBytes..C.3A.5C_ECU2.5CECU_Rivian_A1.5CTarget.5Crepo_projects.5CpFOTA.5CcL_LATEST.5Cmake.5Cobj.5Caes.,@function
                         932 	.size	_InvSubBytes..C.3A.5C_ECU2.5CECU_Rivian_A1.5CTarget.5Crepo_projects.5CpFOTA.5CcL_LATEST.5Cmake.5Cobj.5Caes.,.-_InvSubBytes..C.3A.5C_ECU2.5CECU_Rivian_A1.5CTarget.5Crepo_projects.5CpFOTA.5CcL_LATEST.5Cmake.5Cobj.5Caes.
                         933 	.align	2
                         934 .LDW44:
                         935 --_i	r17	local
                         936 --_j	r16	local
                         937 
                         938 --_state	r6	param
                         939 
                         940 	.section ".bss","awb"
                         941 .L768:
                         942 	.type	.L768,@object
                         943 	.size	.L768,0
                         944 	.data
                         945 	.text
                         946 	.align	2
                         947 	.align	2
                         948 ..gh.f.f.1.e.11:
                         949 	.type	..gh.f.f.1.e.11,@object
                         950 	.size	..gh.f.f.1.e.11,0
                         951 	.global	_InvShiftRows..C.3A.5C_ECU2.5CECU_Rivian_A1.5CTarget.5Crepo_projects.5CpFOTA.5CcL_LATEST.5Cmake.5Cobj.5Caes.
                         952 _InvShiftRows..C.3A.5C_ECU2.5CECU_Rivian_A1.5CTarget.5Crepo_projects.5CpFOTA.5CcL_LATEST.5Cmake.5Cobj.5Caes.:
                         953 _InvShiftRows:
00000370 06f0            954 	mov	r6,ep
                         955 --	    .bf
                         956 .LDW54:
00000372 6d90            957 	sld.bu	13[ep],r18
00000374 6178            958 	sld.bu	1[ep],r15
00000376 6a70            959 	sld.bu	10[ep],r14
00000378 6e68            960 	sld.bu	14[ep],r13
0000037a 8193            961 	sst.b	r18,1[ep]
0000037c 6290            962 	sld.bu	2[ep],r18
0000037e 6988            963 	sld.bu	9[ep],r17
00000380 6580            964 	sld.bu	5[ep],r16
00000382 6760            965 	sld.bu	7[ep],r12
00000384 8a93            966 	sst.b	r18,10[ep]
00000386 6690            967 	sld.bu	6[ep],r18
00000388 6b58            968 	sld.bu	11[ep],r11
0000038a 6f50            969 	sld.bu	15[ep],r10
0000038c 8d8b            970 	sst.b	r17,13[ep]
0000038e 8e93            971 	sst.b	r18,14[ep]
00000390 6390            972 	sld.bu	3[ep],r18

                                                                      Page 18
                                                              C:\Users\nhuliyap\AppData\Local\Temp\gh_00009ok1.s
00000392 8983            973 	sst.b	r16,9[ep]
00000394 857b            974 	sst.b	r15,5[ep]
00000396 8273            975 	sst.b	r14,2[ep]
00000398 866b            976 	sst.b	r13,6[ep]
0000039a 8363            977 	sst.b	r12,3[ep]
0000039c 875b            978 	sst.b	r11,7[ep]
0000039e 8b53            979 	sst.b	r10,11[ep]
000003a0 8f93            980 	sst.b	r18,15[ep]
                         981 --	    .ef
                         982 .LDW64:
000003a2 7f00            983 	jmp	[lp]
                         984 	.type	_InvShiftRows,@function
                         985 	.size	_InvShiftRows,.-_InvShiftRows
                         986 	.type	_InvShiftRows..C.3A.5C_ECU2.5CECU_Rivian_A1.5CTarget.5Crepo_projects.5CpFOTA.5CcL_LATEST.5Cmake.5Cobj.5Caes.,@function
                         987 	.size	_InvShiftRows..C.3A.5C_ECU2.5CECU_Rivian_A1.5CTarget.5Crepo_projects.5CpFOTA.5CcL_LATEST.5Cmake.5Cobj.5Caes.,.-_InvShiftRows..C.3A.5C_ECU2.5CECU_Rivian_A1.5CTarget.5Crepo_projects.5CpFOTA.5CcL_LATEST.5Cmake.5Cobj.5Caes.
                         988 	.align	2
                         989 .LDW74:
                         990 --_temp	r18	local
                         991 
                         992 --_state	ep	param
                         993 
                         994 	.section ".bss","awb"
                         995 .L849:
                         996 	.type	.L849,@object
                         997 	.size	.L849,0
                         998 	.data
                         999 	.text
                        1000 	.align	2
                        1001 	.align	2
                        1002 ..gh.f.f.1.e.12:
                        1003 	.type	..gh.f.f.1.e.12,@object
                        1004 	.size	..gh.f.f.1.e.12,0
                        1005 	.global	_Cipher..C.3A.5C_ECU2.5CECU_Rivian_A1.5CTarget.5Crepo_projects.5CpFOTA.5CcL_LATEST.5Cmake.5Cobj.5Caes.
                        1006 _Cipher..C.3A.5C_ECU2.5CECU_Rivian_A1.5CTarget.5Crepo_projects.5CpFOTA.5CcL_LATEST.5Cmake.5Cobj.5Caes.:
                        1007 _Cipher:
000003a4 8007e100       1008 	prepare	{r28,r29,r31},0
000003a8 06e0           1009 	mov	r6,r28
                        1010 --	    .bf
                        1011 .LDW84:
000003aa 0740           1012 	mov	r7,r8
000003ac 0638           1013 	mov	r6,r7
000003ae 0032           1014 	mov	0,r6
                        1015 	jarl	_AddRoundKey,lp
                        1015 <EXPANSION BEGIN>
                        1015 jarl22 _AddRoundKey , lp 
000003b0 bfff44fd*      1015 <EXPANSION END>
                        1016 --line273
                        1017 ..lin.C.3A.5C_ECU2.5CECU_Rivian_A1.5CTarget.5Crepo_projects.5CpFOTA.5CcL_LATEST.5Cmake.5Cobj.5Caes.21::
                        1018 .LDWlin21:
000003b4 01ea           1019 	mov	1,r29
                        1020 .L871:
000003b6 1c30           1021 	mov	r28,r6
                        1022 	jarl	_SubBytes,lp
                        1022 <EXPANSION BEGIN>
                        1022 jarl22 _SubBytes , lp 
000003b8 bfff72fd*      1022 <EXPANSION END>
                        1023 --line275
                        1024 ..lin.C.3A.5C_ECU2.5CECU_Rivian_A1.5CTarget.5Crepo_projects.5CpFOTA.5CcL_LATEST.5Cmake.5Cobj.5Caes.22::
                        1025 .LDWlin22:
                        1026 	jarl	_ShiftRows,lp
                        1026 <EXPANSION BEGIN>

                                                                      Page 19
                                                              C:\Users\nhuliyap\AppData\Local\Temp\gh_00009ok1.s
                        1026 jarl22 _ShiftRows , lp 
000003bc bfff96fd*      1026 <EXPANSION END>
                        1027 --line276
                        1028 ..lin.C.3A.5C_ECU2.5CECU_Rivian_A1.5CTarget.5Crepo_projects.5CpFOTA.5CcL_LATEST.5Cmake.5Cobj.5Caes.23::
                        1029 .LDWlin23:
000003c0 6eea           1030 	cmp	14,r29
000003c2 920d*          1031 	be	.L875
                        1032 --line279
                        1033 ..lin.C.3A.5C_ECU2.5CECU_Rivian_A1.5CTarget.5Crepo_projects.5CpFOTA.5CcL_LATEST.5Cmake.5Cobj.5Caes.24::
                        1034 .LDWlin24:
                        1035 	jarl	_MixColumns,lp
                        1035 <EXPANSION BEGIN>
                        1035 jarl22 _MixColumns , lp 
000003c4 bfffd6fd*      1035 <EXPANSION END>
                        1036 --line280
                        1037 ..lin.C.3A.5C_ECU2.5CECU_Rivian_A1.5CTarget.5Crepo_projects.5CpFOTA.5CcL_LATEST.5Cmake.5Cobj.5Caes.25::
                        1038 .LDWlin25:
000003c8 1d30           1039 	mov	r29,r6
                        1040 	jarl	_AddRoundKey,lp
                        1040 <EXPANSION BEGIN>
                        1040 jarl22 _AddRoundKey , lp 
000003ca bfff2afd*      1040 <EXPANSION END>
                        1041 --line273
                        1042 ..lin.C.3A.5C_ECU2.5CECU_Rivian_A1.5CTarget.5Crepo_projects.5CpFOTA.5CcL_LATEST.5Cmake.5Cobj.5Caes.26::
                        1043 .LDWlin26:
000003ce 41ea           1044 	add	1,r29
000003d0 9d00           1045 	zxb	r29
000003d2 a5f5*          1046 	br	.L871
                        1047 .L875:
                        1048 --line282
                        1049 ..lin.C.3A.5C_ECU2.5CECU_Rivian_A1.5CTarget.5Crepo_projects.5CpFOTA.5CcL_LATEST.5Cmake.5Cobj.5Caes.27::
                        1050 .LDWlin27:
000003d4 1d30           1051 	mov	r29,r6
                        1052 	jarl	_AddRoundKey,lp
                        1052 <EXPANSION BEGIN>
                        1052 jarl22 _AddRoundKey , lp 
000003d6 bfff1efd*      1052 <EXPANSION END>
                        1053 --	    .ef
                        1054 .LDW94:
                        1055 --line283
                        1056 ..lin.C.3A.5C_ECU2.5CECU_Rivian_A1.5CTarget.5Crepo_projects.5CpFOTA.5CcL_LATEST.5Cmake.5Cobj.5Caes.28::
                        1057 .LDWlin28:
000003da 4006ff00       1058 	dispose	0,{r28,r29,r31},[lp]
                        1059 	.type	_Cipher,@function
                        1060 	.size	_Cipher,.-_Cipher
                        1061 	.type	_Cipher..C.3A.5C_ECU2.5CECU_Rivian_A1.5CTarget.5Crepo_projects.5CpFOTA.5CcL_LATEST.5Cmake.5Cobj.5Caes.,@function
                        1062 	.size	_Cipher..C.3A.5C_ECU2.5CECU_Rivian_A1.5CTarget.5Crepo_projects.5CpFOTA.5CcL_LATEST.5Cmake.5Cobj.5Caes.,.-_Cipher..C.3A.5C_ECU2.5CECU_Rivian_A1.5CTarget.5Crepo_projects.5CpFOTA.5CcL_LATEST.5Cmake.5Cobj.5Caes.
                        1063 	.align	2
                        1064 .LDW05:
                        1065 --_round	r29	local
                        1066 
                        1067 --_state	r28	param
                        1068 --_RoundKey	r27	param
                        1069 
                        1070 	.section ".bss","awb"
                        1071 .L912:
                        1072 	.type	.L912,@object
                        1073 	.size	.L912,0
                        1074 	.data
                        1075 	.text
                        1076 	.align	2

                                                                      Page 20
                                                              C:\Users\nhuliyap\AppData\Local\Temp\gh_00009ok1.s
                        1077 	.align	2
                        1078 ..gh.f.f.1.e.13:
                        1079 	.type	..gh.f.f.1.e.13,@object
                        1080 	.size	..gh.f.f.1.e.13,0
                        1081 	.global	_InvCipher..C.3A.5C_ECU2.5CECU_Rivian_A1.5CTarget.5Crepo_projects.5CpFOTA.5CcL_LATEST.5Cmake.5Cobj.5Caes.
                        1082 _InvCipher..C.3A.5C_ECU2.5CECU_Rivian_A1.5CTarget.5Crepo_projects.5CpFOTA.5CcL_LATEST.5Cmake.5Cobj.5Caes.:
                        1083 _InvCipher:
000003de 8007e110       1084 	prepare	{r27,r28,r29,r31},0
000003e2 06e0           1085 	mov	r6,r28
000003e4 07d8           1086 	mov	r7,r27
                        1087 --	    .bf
                        1088 .LDW15:
000003e6 0740           1089 	mov	r7,r8
000003e8 0638           1090 	mov	r6,r7
000003ea 0e32           1091 	mov	14,r6
                        1092 	jarl	_AddRoundKey,lp
                        1092 <EXPANSION BEGIN>
                        1092 jarl22 _AddRoundKey , lp 
000003ec bfff08fd*      1092 <EXPANSION END>
                        1093 --line291
                        1094 ..lin.C.3A.5C_ECU2.5CECU_Rivian_A1.5CTarget.5Crepo_projects.5CpFOTA.5CcL_LATEST.5Cmake.5Cobj.5Caes.29::
                        1095 .LDWlin29:
000003f0 0dea           1096 	mov	13,r29
                        1097 .L961:
000003f2 1c30           1098 	mov	r28,r6
                        1099 	jarl	_InvShiftRows,lp
                        1099 <EXPANSION BEGIN>
                        1099 jarl22 _InvShiftRows , lp 
000003f4 bfff7cff*      1099 <EXPANSION END>
                        1100 --line293
                        1101 ..lin.C.3A.5C_ECU2.5CECU_Rivian_A1.5CTarget.5Crepo_projects.5CpFOTA.5CcL_LATEST.5Cmake.5Cobj.5Caes.30::
                        1102 .LDWlin30:
                        1103 	jarl	_InvSubBytes,lp
                        1103 <EXPANSION BEGIN>
                        1103 jarl22 _InvSubBytes , lp 
000003f8 bfff50ff*      1103 <EXPANSION END>
                        1104 --line294
                        1105 ..lin.C.3A.5C_ECU2.5CECU_Rivian_A1.5CTarget.5Crepo_projects.5CpFOTA.5CcL_LATEST.5Cmake.5Cobj.5Caes.31::
                        1106 .LDWlin31:
000003fc 1d30           1107 	mov	r29,r6
000003fe 1c38           1108 	mov	r28,r7
00000400 1b40           1109 	mov	r27,r8
                        1110 	jarl	_AddRoundKey,lp
                        1110 <EXPANSION BEGIN>
                        1110 jarl22 _AddRoundKey , lp 
00000402 bffff2fc*      1110 <EXPANSION END>
                        1111 --line295
                        1112 ..lin.C.3A.5C_ECU2.5CECU_Rivian_A1.5CTarget.5Crepo_projects.5CpFOTA.5CcL_LATEST.5Cmake.5Cobj.5Caes.32::
                        1113 .LDWlin32:
00000406 e0e9           1114 	cmp	zero,r29
00000408 f205*          1115 	be	.L957
                        1116 --line298
                        1117 ..lin.C.3A.5C_ECU2.5CECU_Rivian_A1.5CTarget.5Crepo_projects.5CpFOTA.5CcL_LATEST.5Cmake.5Cobj.5Caes.33::
                        1118 .LDWlin33:
0000040a 1c30           1119 	mov	r28,r6
                        1120 	jarl	_InvMixColumns,lp
                        1120 <EXPANSION BEGIN>
                        1120 jarl22 _InvMixColumns , lp 
0000040c bffffefd*      1120 <EXPANSION END>
                        1121 --line291
                        1122 ..lin.C.3A.5C_ECU2.5CECU_Rivian_A1.5CTarget.5Crepo_projects.5CpFOTA.5CcL_LATEST.5Cmake.5Cobj.5Caes.34::

                                                                      Page 21
                                                              C:\Users\nhuliyap\AppData\Local\Temp\gh_00009ok1.s
                        1123 .LDWlin34:
00000410 5fea           1124 	add	-1,r29
00000412 9d00           1125 	zxb	r29
00000414 f5ed*          1126 	br	.L961
                        1127 .L957:
                        1128 --	    .ef
                        1129 .LDW25:
                        1130 --line301
                        1131 ..lin.C.3A.5C_ECU2.5CECU_Rivian_A1.5CTarget.5Crepo_projects.5CpFOTA.5CcL_LATEST.5Cmake.5Cobj.5Caes.35::
                        1132 .LDWlin35:
00000416 4006ff10       1133 	dispose	0,{r27,r28,r29,r31},[lp]
                        1134 	.type	_InvCipher,@function
                        1135 	.size	_InvCipher,.-_InvCipher
                        1136 	.type	_InvCipher..C.3A.5C_ECU2.5CECU_Rivian_A1.5CTarget.5Crepo_projects.5CpFOTA.5CcL_LATEST.5Cmake.5Cobj.5Caes.,@function
                        1137 	.size	_InvCipher..C.3A.5C_ECU2.5CECU_Rivian_A1.5CTarget.5Crepo_projects.5CpFOTA.5CcL_LATEST.5Cmake.5Cobj.5Caes.,.-_InvCipher..C.3A.5C_ECU2.5CECU_Rivian_A1.5CTarget.5Crepo_projects.5CpFOTA.5CcL_LATEST.5Cmake.5Cobj.5Caes.
                        1138 	.align	2
                        1139 .LDW35:
                        1140 --_round	r29	local
                        1141 
                        1142 --_state	r28	param
                        1143 --_RoundKey	r27	param
                        1144 
                        1145 	.section ".bss","awb"
                        1146 .L1003:
                        1147 	.type	.L1003,@object
                        1148 	.size	.L1003,0
                        1149 	.data
                        1150 	.text
                        1151 	.align	2
                        1152 	.align	2
                        1153 ..gh.f.f.1.e.14:
                        1154 	.type	..gh.f.f.1.e.14,@object
                        1155 	.size	..gh.f.f.1.e.14,0
                        1156 	.global	_AES_ECB_encrypt
                        1157 _AES_ECB_encrypt:
0000041a 0698           1158 	mov	r6,r19
                        1159 --	    .bf
                        1160 .LDW45:
0000041c 0730           1161 	mov	r7,r6
0000041e 1338           1162 	mov	r19,r7
00000420 bf0784ff*      1163 	jr	_Cipher
                        1164 --	    .ef
                        1165 .LDW55:
                        1166 	.type	_AES_ECB_encrypt,@function
                        1167 	.size	_AES_ECB_encrypt,.-_AES_ECB_encrypt
                        1168 	.align	2
                        1169 .LDW65:
                        1170 
                        1171 --_ctx	r19	param
                        1172 --_buf	r7	param
                        1173 
                        1174 	.section ".bss","awb"
                        1175 .L1073:
                        1176 	.type	.L1073,@object
                        1177 	.size	.L1073,0
                        1178 	.data
                        1179 	.text
                        1180 	.align	2
                        1181 	.align	2
                        1182 ..gh.f.f.1.e.15:
                        1183 	.type	..gh.f.f.1.e.15,@object

                                                                      Page 22
                                                              C:\Users\nhuliyap\AppData\Local\Temp\gh_00009ok1.s
                        1184 	.size	..gh.f.f.1.e.15,0
                        1185 	.global	_AES_ECB_decrypt
                        1186 _AES_ECB_decrypt:
00000424 0698           1187 	mov	r6,r19
                        1188 --	    .bf
                        1189 .LDW75:
00000426 0730           1190 	mov	r7,r6
00000428 1338           1191 	mov	r19,r7
0000042a bf07b4ff*      1192 	jr	_InvCipher
                        1193 --	    .ef
                        1194 .LDW85:
                        1195 	.type	_AES_ECB_decrypt,@function
                        1196 	.size	_AES_ECB_decrypt,.-_AES_ECB_decrypt
                        1197 	.align	2
                        1198 .LDW95:
                        1199 
                        1200 --_ctx	r19	param
                        1201 --_buf	r7	param
                        1202 
                        1203 	.section ".bss","awb"
                        1204 .L1121:
                        1205 	.type	.L1121,@object
                        1206 	.size	.L1121,0
                        1207 	.data
                        1208 	.text
                        1209 	.align	2
                        1210 	.align	2
                        1211 ..gh.f.f.1.e.16:
                        1212 	.type	..gh.f.f.1.e.16,@object
                        1213 	.size	..gh.f.f.1.e.16,0
                        1214 	.global	_XorWithIv..C.3A.5C_ECU2.5CECU_Rivian_A1.5CTarget.5Crepo_projects.5CpFOTA.5CcL_LATEST.5Cmake.5Cobj.5Caes.
                        1215 _XorWithIv..C.3A.5C_ECU2.5CECU_Rivian_A1.5CTarget.5Crepo_projects.5CpFOTA.5CcL_LATEST.5Cmake.5Cobj.5Caes.:
                        1216 _XorWithIv:
                        1217 --	    .bf
                        1218 .LDW06:
0000042e 0092           1219 	mov	0,r18
                        1220 .L1144:
00000430 1288           1221 	mov	r18,r17
00000432 12f0           1222 	mov	r18,ep
00000434 c789           1223 	add	r7,r17
00000436 c6f1           1224 	add	r6,ep
00000438 6080           1225 	sld.bu	0[ep],r16
0000043a 919f0100       1226 	ld.bu	0[r17],r19
0000043e 4192           1227 	add	1,r18
00000440 3381           1228 	xor	r19,r16
00000442 8083           1229 	sst.b	r16,0[ep]
00000444 1206f0ff       1230 	addi	-16,r18,zero
00000448 c9f5*          1231 	bnl	.L1144
                        1232 --	    .ef
                        1233 .LDW16:
                        1234 --line323
                        1235 ..lin.C.3A.5C_ECU2.5CECU_Rivian_A1.5CTarget.5Crepo_projects.5CpFOTA.5CcL_LATEST.5Cmake.5Cobj.5Caes.36::
                        1236 .LDWlin36:
0000044a 7f00           1237 	jmp	[lp]
                        1238 	.type	_XorWithIv,@function
                        1239 	.size	_XorWithIv,.-_XorWithIv
                        1240 	.type	_XorWithIv..C.3A.5C_ECU2.5CECU_Rivian_A1.5CTarget.5Crepo_projects.5CpFOTA.5CcL_LATEST.5Cmake.5Cobj.5Caes.,@function
                        1241 	.size	_XorWithIv..C.3A.5C_ECU2.5CECU_Rivian_A1.5CTarget.5Crepo_projects.5CpFOTA.5CcL_LATEST.5Cmake.5Cobj.5Caes.,.-_XorWithIv..C.3A.5C_ECU2.5CECU_Rivian_A1.5CTarget.5Crepo_projects.5CpFOTA.5CcL_LATEST.5Cmake.5Cobj.5Caes.
                        1242 	.align	2
                        1243 .LDW26:
                        1244 --_i	r18	local

                                                                      Page 23
                                                              C:\Users\nhuliyap\AppData\Local\Temp\gh_00009ok1.s
                        1245 
                        1246 --_buf	r6	param
                        1247 --_Iv	r7	param
                        1248 
                        1249 	.section ".bss","awb"
                        1250 .L1174:
                        1251 	.type	.L1174,@object
                        1252 	.size	.L1174,0
                        1253 	.data
                        1254 	.text
                        1255 	.align	2
                        1256 	.align	2
                        1257 ..gh.f.f.1.e.17:
                        1258 	.type	..gh.f.f.1.e.17,@object
                        1259 	.size	..gh.f.f.1.e.17,0
                        1260 	.global	_AES_CBC_encrypt_buffer
                        1261 _AES_CBC_encrypt_buffer:
0000044c 8007e130       1262 	prepare	{r26,r27,r28,r29,r31},0
00000450 06e0           1263 	mov	r6,r28
00000452 07e8           1264 	mov	r7,r29
00000454 08d0           1265 	mov	r8,r26
                        1266 --	    .bf
                        1267 .LDW36:
00000456 063ef000       1268 	addi	240,r6,r7
0000045a 00da           1269 	mov	0,r27
0000045c c50d*          1270 	br	.L1212
                        1271 .L1211:
                        1272 --line329
                        1273 ..lin.C.3A.5C_ECU2.5CECU_Rivian_A1.5CTarget.5Crepo_projects.5CpFOTA.5CcL_LATEST.5Cmake.5Cobj.5Caes.37::
                        1274 .LDWlin37:
0000045e 1d30           1275 	mov	r29,r6
                        1276 	jarl	_XorWithIv,lp
                        1276 <EXPANSION BEGIN>
                        1276 jarl22 _XorWithIv , lp 
00000460 bfffceff*      1276 <EXPANSION END>
                        1277 --line330
                        1278 ..lin.C.3A.5C_ECU2.5CECU_Rivian_A1.5CTarget.5Crepo_projects.5CpFOTA.5CcL_LATEST.5Cmake.5Cobj.5Caes.38::
                        1279 .LDWlin38:
00000464 1c38           1280 	mov	r28,r7
                        1281 	jarl	_Cipher,lp
                        1281 <EXPANSION BEGIN>
                        1281 jarl22 _Cipher , lp 
00000466 bfff3eff*      1281 <EXPANSION END>
                        1282 --line331
                        1283 ..lin.C.3A.5C_ECU2.5CECU_Rivian_A1.5CTarget.5Crepo_projects.5CpFOTA.5CcL_LATEST.5Cmake.5Cobj.5Caes.39::
                        1284 .LDWlin39:
0000046a 1d38           1285 	mov	r29,r7
0000046c 1dee1000       1286 	addi	16,r29,r29
00000470 1bde1000       1287 	addi	16,r27,r27
                        1288 .L1212:
00000474 fad9           1289 	cmp	r26,r27
00000476 c1f5*          1290 	bl	.L1211
                        1291 --line335
                        1292 ..lin.C.3A.5C_ECU2.5CECU_Rivian_A1.5CTarget.5Crepo_projects.5CpFOTA.5CcL_LATEST.5Cmake.5Cobj.5Caes.40::
                        1293 .LDWlin40:
00000478 1c36f000       1294 	addi	240,r28,r6
0000047c 20461000       1295 	movea	16,zero,r8
                        1296 	jarl	_memcpy,lp
                        1296 <EXPANSION BEGIN>
                        1296 jarl22 _memcpy , lp 
00000480 80ff0000*      1296 <EXPANSION END>

                                                                      Page 24
                                                              C:\Users\nhuliyap\AppData\Local\Temp\gh_00009ok1.s
                        1297 --	    .ef
                        1298 .LDW46:
                        1299 --line336
                        1300 ..lin.C.3A.5C_ECU2.5CECU_Rivian_A1.5CTarget.5Crepo_projects.5CpFOTA.5CcL_LATEST.5Cmake.5Cobj.5Caes.41::
                        1301 .LDWlin41:
00000484 4006ff30       1302 	dispose	0,{r26,r27,r28,r29,r31},[lp]
                        1303 	.type	_AES_CBC_encrypt_buffer,@function
                        1304 	.size	_AES_CBC_encrypt_buffer,.-_AES_CBC_encrypt_buffer
                        1305 	.align	2
                        1306 .LDW56:
                        1307 --_i	r27	local
                        1308 --_Iv	r7	local
                        1309 
                        1310 --_ctx	r28	param
                        1311 --_buf	r29	param
                        1312 --_length	r26	param
                        1313 
                        1314 	.section ".bss","awb"
                        1315 .L1248:
                        1316 	.type	.L1248,@object
                        1317 	.size	.L1248,0
                        1318 	.data
                        1319 	.text
                        1320 	.align	2
                        1321 	.align	2
                        1322 ..gh.f.f.1.e.18:
                        1323 	.type	..gh.f.f.1.e.18,@object
                        1324 	.size	..gh.f.f.1.e.18,0
                        1325 	.global	_AES_CBC_decrypt_buffer
                        1326 _AES_CBC_decrypt_buffer:
00000488 8807e130       1327 	prepare	{r26,r27,r28,r29,r31},4
0000048c 06e0           1328 	mov	r6,r28
0000048e 07e8           1329 	mov	r7,r29
00000490 08d0           1330 	mov	r8,r26
                        1331 --	    .bf
                        1332 .LDW66:
00000492 00da           1333 	mov	0,r27
00000494 a51d*          1334 	br	.L1298
                        1335 .L1297:
                        1336 --line342
                        1337 ..lin.C.3A.5C_ECU2.5CECU_Rivian_A1.5CTarget.5Crepo_projects.5CpFOTA.5CcL_LATEST.5Cmake.5Cobj.5Caes.42::
                        1338 .LDWlin42:
00000496 0330           1339 	mov	sp,r6
00000498 1d38           1340 	mov	r29,r7
0000049a 20461000       1341 	movea	16,zero,r8
                        1342 	jarl	_memcpy,lp
                        1342 <EXPANSION BEGIN>
                        1342 jarl22 _memcpy , lp 
0000049e 80ff0000*      1342 <EXPANSION END>
                        1343 --line343
                        1344 ..lin.C.3A.5C_ECU2.5CECU_Rivian_A1.5CTarget.5Crepo_projects.5CpFOTA.5CcL_LATEST.5Cmake.5Cobj.5Caes.43::
                        1345 .LDWlin43:
000004a2 1d30           1346 	mov	r29,r6
000004a4 1c38           1347 	mov	r28,r7
                        1348 	jarl	_InvCipher,lp
                        1348 <EXPANSION BEGIN>
                        1348 jarl22 _InvCipher , lp 
000004a6 bfff38ff*      1348 <EXPANSION END>
                        1349 --line344
                        1350 ..lin.C.3A.5C_ECU2.5CECU_Rivian_A1.5CTarget.5Crepo_projects.5CpFOTA.5CcL_LATEST.5Cmake.5Cobj.5Caes.44::
                        1351 .LDWlin44:

                                                                      Page 25
                                                              C:\Users\nhuliyap\AppData\Local\Temp\gh_00009ok1.s
000004aa 1d30           1352 	mov	r29,r6
000004ac 1c3ef000       1353 	addi	240,r28,r7
                        1354 	jarl	_XorWithIv,lp
                        1354 <EXPANSION BEGIN>
                        1354 jarl22 _XorWithIv , lp 
000004b0 bfff7eff*      1354 <EXPANSION END>
                        1355 --line345
                        1356 ..lin.C.3A.5C_ECU2.5CECU_Rivian_A1.5CTarget.5Crepo_projects.5CpFOTA.5CcL_LATEST.5Cmake.5Cobj.5Caes.45::
                        1357 .LDWlin45:
000004b4 0730           1358 	mov	r7,r6
000004b6 0338           1359 	mov	sp,r7
000004b8 20461000       1360 	movea	16,zero,r8
                        1361 	jarl	_memcpy,lp
                        1361 <EXPANSION BEGIN>
                        1361 jarl22 _memcpy , lp 
000004bc 80ff0000*      1361 <EXPANSION END>
                        1362 --line346
                        1363 ..lin.C.3A.5C_ECU2.5CECU_Rivian_A1.5CTarget.5Crepo_projects.5CpFOTA.5CcL_LATEST.5Cmake.5Cobj.5Caes.46::
                        1364 .LDWlin46:
000004c0 1dee1000       1365 	addi	16,r29,r29
000004c4 1bde1000       1366 	addi	16,r27,r27
                        1367 .L1298:
000004c8 fad9           1368 	cmp	r26,r27
000004ca e1e5*          1369 	bl	.L1297
                        1370 --	    .ef
                        1371 .LDW76:
                        1372 --line349
                        1373 ..lin.C.3A.5C_ECU2.5CECU_Rivian_A1.5CTarget.5Crepo_projects.5CpFOTA.5CcL_LATEST.5Cmake.5Cobj.5Caes.47::
                        1374 .LDWlin47:
000004cc 4806ff30       1375 	dispose	4,{r26,r27,r28,r29,r31},[lp]
                        1376 	.type	_AES_CBC_decrypt_buffer,@function
                        1377 	.size	_AES_CBC_decrypt_buffer,.-_AES_CBC_decrypt_buffer
                        1378 	.align	2
                        1379 .LDW86:
                        1380 --_i	r27	local
                        1381 --_storeNextIv	0[sp]	local
                        1382 
                        1383 --_ctx	r28	param
                        1384 --_buf	r29	param
                        1385 --_length	r26	param
                        1386 
                        1387 	.section ".bss","awb"
                        1388 .L1339:
                        1389 	.type	.L1339,@object
                        1390 	.size	.L1339,0
                        1391 	.data
                        1392 	.text
                        1393 	.align	2
                        1394 	.align	2
                        1395 ..gh.f.f.1.e.19:
                        1396 	.type	..gh.f.f.1.e.19,@object
                        1397 	.size	..gh.f.f.1.e.19,0
                        1398 	.global	_AES_CTR_xcrypt_buffer
                        1399 _AES_CTR_xcrypt_buffer:
000004d0 8807e130       1400 	prepare	{r26,r27,r28,r29,r31},4
000004d4 06e0           1401 	mov	r6,r28
000004d6 07d8           1402 	mov	r7,r27
000004d8 08d0           1403 	mov	r8,r26
                        1404 --	    .bf
                        1405 .LDW96:
000004da 00ea           1406 	mov	0,r29

                                                                      Page 26
                                                              C:\Users\nhuliyap\AppData\Local\Temp\gh_00009ok1.s
000004dc 20961000       1407 	movea	16,zero,r18
000004e0 b52d*          1408 	br	.L1386
                        1409 .L1385:
                        1410 --line361
                        1411 ..lin.C.3A.5C_ECU2.5CECU_Rivian_A1.5CTarget.5Crepo_projects.5CpFOTA.5CcL_LATEST.5Cmake.5Cobj.5Caes.48::
                        1412 .LDWlin48:
000004e2 1206f0ff       1413 	addi	-16,r18,zero
000004e6 da1d*          1414 	bne	.L1387
                        1415 --line362
                        1416 ..lin.C.3A.5C_ECU2.5CECU_Rivian_A1.5CTarget.5Crepo_projects.5CpFOTA.5CcL_LATEST.5Cmake.5Cobj.5Caes.49::
                        1417 .LDWlin49:
000004e8 0330           1418 	mov	sp,r6
000004ea 1c3ef000       1419 	addi	240,r28,r7
000004ee 1240           1420 	mov	r18,r8
                        1421 	jarl	_memcpy,lp
                        1421 <EXPANSION BEGIN>
                        1421 jarl22 _memcpy , lp 
000004f0 80ff0000*      1421 <EXPANSION END>
                        1422 --line363
                        1423 ..lin.C.3A.5C_ECU2.5CECU_Rivian_A1.5CTarget.5Crepo_projects.5CpFOTA.5CcL_LATEST.5Cmake.5Cobj.5Caes.50::
                        1424 .LDWlin50:
000004f4 0330           1425 	mov	sp,r6
000004f6 1c38           1426 	mov	r28,r7
                        1427 	jarl	_Cipher,lp
                        1427 <EXPANSION BEGIN>
                        1427 jarl22 _Cipher , lp 
000004f8 bfffacfe*      1427 <EXPANSION END>
                        1428 --line365
                        1429 ..lin.C.3A.5C_ECU2.5CECU_Rivian_A1.5CTarget.5Crepo_projects.5CpFOTA.5CcL_LATEST.5Cmake.5Cobj.5Caes.51::
                        1430 .LDWlin51:
000004fc 0f92           1431 	mov	15,r18
                        1432 .L1391:
000004fe 12f0           1433 	mov	r18,ep
00000500 dcf1           1434 	add	r28,ep
00000502 9e8ff100       1435 	ld.bu	240[ep],r17
00000506 1ef6f000       1436 	addi	240,ep,ep
0000050a 110601ff       1437 	addi	-255,r17,zero
0000050e da05*          1438 	bne	.L1392
                        1439 --line370
                        1440 ..lin.C.3A.5C_ECU2.5CECU_Rivian_A1.5CTarget.5Crepo_projects.5CpFOTA.5CcL_LATEST.5Cmake.5Cobj.5Caes.52::
                        1441 .LDWlin52:
00000510 8003           1442 	sst.b	zero,0[ep]
00000512 5f92           1443 	add	-1,r18
00000514 dcf5*          1444 	bp	.L1391
00000516 c505*          1445 	br	.L1396
                        1446 .L1392:
                        1447 --line373
                        1448 ..lin.C.3A.5C_ECU2.5CECU_Rivian_A1.5CTarget.5Crepo_projects.5CpFOTA.5CcL_LATEST.5Cmake.5Cobj.5Caes.53::
                        1449 .LDWlin53:
00000518 11760100       1450 	addi	1,r17,r14
0000051c 8073           1451 	sst.b	r14,0[ep]
                        1452 .L1396:
0000051e 0092           1453 	mov	0,r18
                        1454 .L1387:
00000520 0380           1455 	mov	sp,r16
00000522 1df0           1456 	mov	r29,ep
00000524 d281           1457 	add	r18,r16
00000526 dbf1           1458 	add	r27,ep
00000528 6078           1459 	sld.bu	0[ep],r15
0000052a 906f0100       1460 	ld.bu	0[r16],r13
0000052e 4192           1461 	add	1,r18

                                                                      Page 27
                                                              C:\Users\nhuliyap\AppData\Local\Temp\gh_00009ok1.s
00000530 41ea           1462 	add	1,r29
00000532 2d79           1463 	xor	r13,r15
00000534 807b           1464 	sst.b	r15,0[ep]
                        1465 .L1386:
00000536 fae9           1466 	cmp	r26,r29
00000538 d1d5*          1467 	bl	.L1385
                        1468 --	    .ef
                        1469 .LDW07:
                        1470 --line381
                        1471 ..lin.C.3A.5C_ECU2.5CECU_Rivian_A1.5CTarget.5Crepo_projects.5CpFOTA.5CcL_LATEST.5Cmake.5Cobj.5Caes.54::
                        1472 .LDWlin54:
0000053a 4806ff30       1473 	dispose	4,{r26,r27,r28,r29,r31},[lp]
                        1474 	.type	_AES_CTR_xcrypt_buffer,@function
                        1475 	.size	_AES_CTR_xcrypt_buffer,.-_AES_CTR_xcrypt_buffer
                        1476 	.align	2
                        1477 .LDW17:
                        1478 --_buffer	0[sp]	local
                        1479 --_i	r29	local
                        1480 --_bi	r18	local
                        1481 
                        1482 --_ctx	r28	param
                        1483 --_buf	r27	param
                        1484 --_length	r26	param
                        1485 
                        1486 	.section ".bss","awb"
                        1487 .L2106:
                        1488 	.type	.L2106,@object
                        1489 	.size	.L2106,0
                        1490 	.data
                        1491 	.text
                        1492 	.align	2
                        1493 --_sbox	rosdaoff23(_sbox)	static
                        1494 --_rsbox	rosdaoff23(_rsbox)	static
                        1495 --_Rcon	rosdaoff23(_Rcon)	static
                        1496 
                        1497 	.data
                        1498 	.ghsnote version,17
                        1499 	.ghsnote tools,3
                        1500 	.ghsnote options,144
                        1501 	.text
                        1502 	.align	2
                        1503 ..eof.C.3A.5C_ECU2.5CECU_Rivian_A1.5CTarget.5Crepo_projects.5CpFOTA.5CcL_LATEST.5Cmake.5Cobj.5Caes...43.3A.5C_ECU2.5CECU_Rivian_A1.5CTarget.5Crepo_projects.5CpFOTA.5CcL_LATEST.5Cmake..64F86BDE..0::
                        1504 .rh850_flags REGMODE32,DATA_ALIGN8,GP_FIX,EP_NONFIX,TP_FIX,REG2_RESERVE,G3K,SDA_EXTRA_REGS_0
