                                                                      Page 1
                                                              C:\Users\nhuliyap\AppData\Local\Temp\gh_00007oo1.s
Command Line: C:\GHS\comp_201517\ease850.exe -w -stderr=err/bm_ap.err -elf -b0 -I../source/_common -I../source/common -I../source/ecuabcanif -I../source/ecuabcantrcv -I../source/ecuabcryif -I../source/ecuabfee -I../source/ecuabmemif -I../source/libautosar -I../source/mcalcan -I../source/mcalcry -I../source/mcaldio -I../source/mcaleep -I../source/mcalfls -I../source/mcalmcu -I../source/projectara -I../source/projectcfg -I../source/projectcompiler -I../source/swcservicebswm -I../source/swcservicecantp -I../source/swcservicecomm -I../source/swcservicecsm -I../source/swcservicedcm -I../source/swcservicedem -I../source/swcservicedet -I../source/swcserviceecum -I../source/swcservicenvm -I../source/swcserviceos -I../source/swcservicepdur -I../source/swcserviceschm -I../source/swcservicestartup -I../source/wrappers/swcservicesecm -I../source/wrappers/vsecprim -I../source/wrappers/vstdlib -Ic:/ghs/comp_201517/ansi -Ic:/ghs/comp_201517/include/v800 -Igendata -IC:\GHS\comp_201517\lib\rh850 -cg_underscore -cpu=rh850g3k -nofpu -no_v850_simd -rh850_fpsimd=none -nomacro -patch_dbo=C:\_ECU2\ECU_Rivian_A1\Target\repo_projects\pFOTA\cL_LATEST\make\obj\bm_ap.dbo -source=bm_ap.c -o obj\gh_00007oo1.o -list=lst/bm_ap.lst C:\Users\nhuliyap\AppData\Local\Temp\gh_00007oo1.s 
Original File: C:\Users\nhuliyap\AppData\Local\Temp\gh_00007oo1.s
Source File: bm_ap.c
Directory: C:\_ECU2\ECU_Rivian_A1\Target\repo_projects\pFOTA\cL_LATEST\make
Host OS: Windows
EASE: Copyright (C) 1983-2015 Green Hills Software.  All Rights Reserved.
Release: Compiler v2015.1.7
Build Directory: [Directory] BTOWORKER6:c:/build_2015_1_bto/2015-10-21.2100-2015_1_bto/win32-comp-ecom
Revision: [VCInfo] http://toolsvc/branches/release-branch-70-bto/src@544153 (built by build)
Revision Date: Thu Oct 22 07:50:13 2015

Release Date: Thu Oct 22 09:32:32 2015

                           1 --Driver Command: ccrh850 -DBRS_DERIVATIVE_701018 -DBRS_OSC_CLK=16
                           2 --		-DBRS_TIMEBASE_CLOCK=80 -DBRS_EVA_BOARD_
                           3 --		-DBRS_DERIVATIVE_GROUP_F1L -DBRS_OS_USECASE_BRS
                           4 --		-DBRS_PLATFORM_RH850 -DBRS_COMP_GHS
                           5 --		-DBRS_CPU_LOCAL_RAM_SIZE_CORE0=32
                           6 --		-DBRS_CPU_RAM_START_CORE0=0xFEDF8000 -list=lst/bm_ap.lst
                           7 --		-object_dir=obj -stderr=err/bm_ap.err -c -cpu=rh850 -sda=all
                           8 --		-large_sda -prepare_dispose -pragma_asm_inline -no_callt
                           9 --		-inline_prologue -notda -reserve_r2 -fsoft
                          10 --		--unknown_pragma_warnings -list -g -Ogeneral -shortenum
                          11 --		-registermode=32 -I../source/_common -I../source/common
                          12 --		-I../source/ecuabcanif -I../source/ecuabcantrcv
                          13 --		-I../source/ecuabcryif -I../source/ecuabfee
                          14 --		-I../source/ecuabmemif -I../source/libautosar -I../source/mcalcan
                          15 --		-I../source/mcalcry -I../source/mcaldio -I../source/mcaleep
                          16 --		-I../source/mcalfls -I../source/mcalmcu -I../source/projectara
                          17 --		-I../source/projectcfg -I../source/projectcompiler
                          18 --		-I../source/swcservicebswm -I../source/swcservicecantp
                          19 --		-I../source/swcservicecomm -I../source/swcservicecsm
                          20 --		-I../source/swcservicedcm -I../source/swcservicedem
                          21 --		-I../source/swcservicedet -I../source/swcserviceecum
                          22 --		-I../source/swcservicenvm -I../source/swcserviceos
                          23 --		-I../source/swcservicepdur -I../source/swcserviceschm
                          24 --		-I../source/swcservicestartup -I../source/wrappers/swcservicesecm
                          25 --		-I../source/wrappers/vsecprim -I../source/wrappers/vstdlib
                          26 --		-Ic:/ghs/comp_201517/ansi -Ic:/ghs/comp_201517/include/v800
                          27 --		-Igendata ../source/SwcServiceStartUp/bm_ap.c
                          28 --Source File:   ../source/SwcServiceStartUp/bm_ap.c
                          29 --Directory:     
                          30 --		C:\_ECU2\ECU_Rivian_A1\Target\repo_projects\pFOTA\cL_LATEST\make
                          31 --Compile Date:  Wed Sep 06 14:09:03 2023
                          32 --Host OS:       Win32
                          33 --Version:       C-RH850 2015.1.7 RELEASE VERSION
                          34 --Release:       Compiler v2015.1.7
                          35 --Revision Date: Thu Oct 22 08:06:12 2015
                          36 --Release Date:  Thu Oct 22 09:34:32 2015
                          37 -- ecom  -g -w -OM
                          38 	.text
                          39 ..bof.C.3A.5C_ECU2.5CECU_Rivian_A1.5CTarget.5Crepo_projects.5CpFOTA.5CcL_LATEST.5Cmake.5Cobj.5Cbm_ap...43.3A.5C_ECU2.5CECU_Rivian_A1.5CTarget.5Crepo_projects.5CpFOTA.5CcL_LATEST.5Cmake..64F86BE0..0::
                          40 	.align	2
                          41 ..gh.f.f.1.e.0:
                          42 	.type	..gh.f.f.1.e.0,@object
                          43 	.size	..gh.f.f.1.e.0,0
                          44 	.global	_ApplFblBmPowerOnPre
                          45 _ApplFblBmPowerOnPre:
00000000 80072100         46 	prepare	{r31},0
                          47 --	    .bf
                          48 .LDW01:
                          49 	jarl	_SUPPLIER1_GetWakeupFactorRramCopy,lp
                          49 <EXPANSION BEGIN>

                                                                      Page 2
                                                              C:\Users\nhuliyap\AppData\Local\Temp\gh_00007oo1.s
                          49 jarl22 _SUPPLIER1_GetWakeupFactorRramCopy , lp 
00000004 80ff0000*        49 <EXPANSION END>
00000008 e051             50 	cmp	zero,r10
0000000a ea05*            51 	bne	.L2
                          52 --line47
                          53 ..lin.C.3A.5C_ECU2.5CECU_Rivian_A1.5CTarget.5Crepo_projects.5CpFOTA.5CcL_LATEST.5Cmake.5Cobj.5Cbm_ap.1::
                          54 .LDWlin1:
0000000c 8007093008f0     55 	ld.w	4294444032[zero],r6
                          56 	jarl	_SUPPLIER1_SetWakeupFactorRramCopy,lp
                          56 <EXPANSION BEGIN>
                          56 jarl22 _SUPPLIER1_SetWakeupFactorRramCopy , lp 
00000012 80ff0000*        56 <EXPANSION END>
                          57 .L2:
                          58 --	    .ef
                          59 .LDW11:
                          60 --line49
                          61 ..lin.C.3A.5C_ECU2.5CECU_Rivian_A1.5CTarget.5Crepo_projects.5CpFOTA.5CcL_LATEST.5Cmake.5Cobj.5Cbm_ap.2::
                          62 .LDWlin2:
00000016 40063f00         63 	dispose	0,{r31},[lp]
                          64 	.type	_ApplFblBmPowerOnPre,@function
                          65 	.size	_ApplFblBmPowerOnPre,.-_ApplFblBmPowerOnPre
                          66 	.align	2
                          67 .LDW21:
                          68 
                          69 	.section ".bss","awb"
                          70 .L38:
                          71 	.type	.L38,@object
                          72 	.size	.L38,0
                          73 	.data
                          74 	.text
                          75 	.align	2
                          76 	.align	2
                          77 ..gh.f.f.1.e.1:
                          78 	.type	..gh.f.f.1.e.1,@object
                          79 	.size	..gh.f.f.1.e.1,0
                          80 	.global	_ApplFblBmPowerOnPost
                          81 _ApplFblBmPowerOnPost:
                          82 --	    .bf
                          83 .LDW31:
                          84 --	    .ef
                          85 .LDW41:
0000001a 7f00             86 	jmp	[lp]
                          87 	.type	_ApplFblBmPowerOnPost,@function
                          88 	.size	_ApplFblBmPowerOnPost,.-_ApplFblBmPowerOnPost
                          89 	.align	2
                          90 .LDW51:
                          91 
                          92 	.section ".bss","awb"
                          93 .L96:
                          94 	.type	.L96,@object
                          95 	.size	.L96,0
                          96 	.data
                          97 	.text
                          98 	.align	2
                          99 	.align	2
                         100 ..gh.f.f.1.e.2:
                         101 	.type	..gh.f.f.1.e.2,@object
                         102 	.size	..gh.f.f.1.e.2,0
                         103 	.global	_ApplFblBmInitPre
                         104 _ApplFblBmInitPre:
0000001c 80072100        105 	prepare	{r31},0

                                                                      Page 3
                                                              C:\Users\nhuliyap\AppData\Local\Temp\gh_00007oo1.s
                         106 --	    .bf
                         107 .LDW61:
                         108 	jarl	_BrsHwWatchdogInitPowerOn,lp
                         108 <EXPANSION BEGIN>
                         108 jarl22 _BrsHwWatchdogInitPowerOn , lp 
00000020 80ff0000*       108 <EXPANSION END>
                         109 --line56
                         110 ..lin.C.3A.5C_ECU2.5CECU_Rivian_A1.5CTarget.5Crepo_projects.5CpFOTA.5CcL_LATEST.5Cmake.5Cobj.5Cbm_ap.3::
                         111 .LDWlin3:
                         112 	jarl	_BrsHwPllInitPowerOn,lp
                         112 <EXPANSION BEGIN>
                         112 jarl22 _BrsHwPllInitPowerOn , lp 
00000024 80ff0000*       112 <EXPANSION END>
                         113 --	    .ef
                         114 .LDW71:
                         115 --line62
                         116 ..lin.C.3A.5C_ECU2.5CECU_Rivian_A1.5CTarget.5Crepo_projects.5CpFOTA.5CcL_LATEST.5Cmake.5Cobj.5Cbm_ap.4::
                         117 .LDWlin4:
00000028 40063f00        118 	dispose	0,{r31},[lp]
                         119 	.type	_ApplFblBmInitPre,@function
                         120 	.size	_ApplFblBmInitPre,.-_ApplFblBmInitPre
                         121 	.align	2
                         122 .LDW81:
                         123 
                         124 	.section ".bss","awb"
                         125 .L129:
                         126 	.type	.L129,@object
                         127 	.size	.L129,0
                         128 	.data
                         129 	.text
                         130 	.align	2
                         131 	.align	2
                         132 ..gh.f.f.1.e.3:
                         133 	.type	..gh.f.f.1.e.3,@object
                         134 	.size	..gh.f.f.1.e.3,0
                         135 	.global	_ApplFblBmInitPost
                         136 _ApplFblBmInitPost:
0000002c 80076100        137 	prepare	{r29,r31},0
                         138 --	    .bf
                         139 .LDW91:
00000030 0032            140 	mov	0,r6
                         141 	jarl	_EepromDriver_InitSync,lp
                         141 <EXPANSION BEGIN>
                         141 jarl22 _EepromDriver_InitSync , lp 
00000032 80ff0000*       141 <EXPANSION END>
                         142 --line78
                         143 ..lin.C.3A.5C_ECU2.5CECU_Rivian_A1.5CTarget.5Crepo_projects.5CpFOTA.5CcL_LATEST.5Cmake.5Cobj.5Cbm_ap.5::
                         144 .LDWlin5:
                         145 	jarl	_ApplFblNvInit,lp
                         145 <EXPANSION BEGIN>
                         145 jarl22 _ApplFblNvInit , lp 
00000036 80ff0000*       145 <EXPANSION END>
                         146 --line84
                         147 ..lin.C.3A.5C_ECU2.5CECU_Rivian_A1.5CTarget.5Crepo_projects.5CpFOTA.5CcL_LATEST.5Cmake.5Cobj.5Cbm_ap.6::
                         148 .LDWlin6:
0000003a 8007099008f0    149 	ld.w	4294444032[zero],r18
00000040 cd92            150 	shl	13,r18
00000042 9c92            151 	shr	28,r18
00000044 f205*           152 	be	.L147
                         153 --line86
                         154 ..lin.C.3A.5C_ECU2.5CECU_Rivian_A1.5CTarget.5Crepo_projects.5CpFOTA.5CcL_LATEST.5Cmake.5Cobj.5Cbm_ap.7::

                                                                      Page 4
                                                              C:\Users\nhuliyap\AppData\Local\Temp\gh_00007oo1.s
                         155 .LDWlin7:
00000046 40ee0000*       156 	movhi	hi(_ApplIntJmpTable+4),zero,r29
0000004a 3def0100*       157 	ld.w	lo(_ApplIntJmpTable+4)[r29],r29
0000004e fdc760f9        158 	jarl	[r29],lp
                         159 .L147:
                         160 --	    .ef
                         161 .LDW02:
                         162 --line89
                         163 ..lin.C.3A.5C_ECU2.5CECU_Rivian_A1.5CTarget.5Crepo_projects.5CpFOTA.5CcL_LATEST.5Cmake.5Cobj.5Cbm_ap.8::
                         164 .LDWlin8:
00000052 40067f00        165 	dispose	0,{r29,r31},[lp]
                         166 	.type	_ApplFblBmInitPost,@function
                         167 	.size	_ApplFblBmInitPost,.-_ApplFblBmInitPost
                         168 	.align	2
                         169 .LDW12:
                         170 
                         171 	.section ".bss","awb"
                         172 .L182:
                         173 	.type	.L182,@object
                         174 	.size	.L182,0
                         175 	.data
                         176 	.text
                         177 	.align	2
                         178 	.align	2
                         179 ..gh.f.f.1.e.4:
                         180 	.type	..gh.f.f.1.e.4,@object
                         181 	.size	..gh.f.f.1.e.4,0
                         182 	.global	_ApplFblBmReset
                         183 _ApplFblBmReset:
                         184 --	    .bf
                         185 .LDW22:
00000056 80070000*       186 	jr	_BrsHwSoftwareResetECU
                         187 --	    .ef
                         188 .LDW32:
                         189 	.type	_ApplFblBmReset,@function
                         190 	.size	_ApplFblBmReset,.-_ApplFblBmReset
                         191 	.align	2
                         192 .LDW42:
                         193 
                         194 	.section ".bss","awb"
                         195 .L241:
                         196 	.type	.L241,@object
                         197 	.size	.L241,0
                         198 	.data
                         199 	.text
                         200 	.align	2
                         201 	.align	2
                         202 ..gh.f.f.1.e.5:
                         203 	.type	..gh.f.f.1.e.5,@object
                         204 	.size	..gh.f.f.1.e.5,0
                         205 	.global	_ApplFblBmCheckTargetValidity
                         206 _ApplFblBmCheckTargetValidity:
0000005a 80076100        207 	prepare	{r29,r31},0
0000005e a600            208 	sxb	r6
                         209 --	    .bf
                         210 .LDW52:
00000060 6232            211 	cmp	2,r6
00000062 fa05*           212 	bne	.L262
                         213 --line129
                         214 ..lin.C.3A.5C_ECU2.5CECU_Rivian_A1.5CTarget.5Crepo_projects.5CpFOTA.5CcL_LATEST.5Cmake.5Cobj.5Cbm_ap.9::
                         215 .LDWlin9:

                                                                      Page 5
                                                              C:\Users\nhuliyap\AppData\Local\Temp\gh_00007oo1.s
                         216 	jarl	_SUPPLIER1_CustomerSpecificValidityChecks,lp
                         216 <EXPANSION BEGIN>
                         216 jarl22 _SUPPLIER1_CustomerSpecificValidityChecks , lp 
00000064 80ff0000*       216 <EXPANSION END>
00000068 6152            217 	cmp	1,r10
0000006a eaef0000        218 	setfne	r29
0000006e a505*           219 	br	.L266
                         220 .L262:
                         221 --line137
                         222 ..lin.C.3A.5C_ECU2.5CECU_Rivian_A1.5CTarget.5Crepo_projects.5CpFOTA.5CcL_LATEST.5Cmake.5Cobj.5Cbm_ap.10::
                         223 .LDWlin10:
00000070 00ea            224 	mov	0,r29
                         225 .L266:
00000072 1d50            226 	mov	r29,r10
                         227 --	    .ef
                         228 .LDW62:
00000074 40067f00        229 	dispose	0,{r29,r31},[lp]
                         230 	.type	_ApplFblBmCheckTargetValidity,@function
                         231 	.size	_ApplFblBmCheckTargetValidity,.-_ApplFblBmCheckTargetValidity
                         232 	.align	2
                         233 .LDW72:
                         234 --_result	r29	local
                         235 
                         236 --_targetHandle	r6	param
                         237 
                         238 	.section ".bss","awb"
                         239 .L318:
                         240 	.type	.L318,@object
                         241 	.size	.L318,0
                         242 	.data
                         243 	.text
                         244 	.align	2
                         245 	.align	2
                         246 ..gh.f.f.1.e.6:
                         247 	.type	..gh.f.f.1.e.6,@object
                         248 	.size	..gh.f.f.1.e.6,0
                         249 	.global	_ApplFblBmIsValidBlock
                         250 _ApplFblBmIsValidBlock:
00000078 8207e100        251 	prepare	{r28,r29,r31},1
0000007c 07f0            252 	mov	r7,ep
                         253 --	    .bf
                         254 .LDW82:
0000007e 6080            255 	sld.bu	0[ep],r16
00000080 01e2            256 	mov	1,r28
00000082 1c40            257 	mov	r28,r8
00000084 0332            258 	mov	3,r6
00000086 d08e0700        259 	andi	7,r16,r17
0000008a f1e7c2e8        260 	shl	r17,r28,r29
0000008e 9d00            261 	zxb	r29
00000090 233e0300        262 	movea	3,sp,r7
                         263 	jarl	_ApplFblNvReadProcessData,lp
                         263 <EXPANSION BEGIN>
                         263 jarl22 _ApplFblNvReadProcessData , lp 
00000094 80ff0000*       263 <EXPANSION END>
00000098 e051            264 	cmp	zero,r10
0000009a ea7f0000        265 	setfne	r15
0000009e ea05*           266 	bne	.L366
                         267 --line175
                         268 ..lin.C.3A.5C_ECU2.5CECU_Rivian_A1.5CTarget.5Crepo_projects.5CpFOTA.5CcL_LATEST.5Cmake.5Cobj.5Cbm_ap.11::
                         269 .LDWlin11:
000000a0 a34f0300        270 	ld.bu	3[sp],r9

                                                                      Page 6
                                                              C:\Users\nhuliyap\AppData\Local\Temp\gh_00007oo1.s
000000a4 49e9            271 	and	r9,r29
000000a6 e17f14e3        272 	cmovne	1,r15,r28
                         273 .L366:
000000aa 1c50            274 	mov	r28,r10
                         275 --	    .ef
                         276 .LDW92:
000000ac 4206ff00        277 	dispose	1,{r28,r29,r31},[lp]
                         278 	.type	_ApplFblBmIsValidBlock,@function
                         279 	.size	_ApplFblBmIsValidBlock,.-_ApplFblBmIsValidBlock
                         280 	.align	2
                         281 .LDW03:
                         282 --_result	r28	local
                         283 --_validityFlags	3[sp]	local
                         284 --_validityMask	r29	local
                         285 
                         286 --_targetHandle	none	param
                         287 --_pLogicalBlock	ep	param
                         288 
                         289 	.section ".bss","awb"
                         290 .L602:
                         291 	.type	.L602,@object
                         292 	.size	.L602,0
                         293 	.data
                         294 	.text
                         295 	.align	2
                         296 	.align	2
                         297 ..gh.f.f.1.e.7:
                         298 	.type	..gh.f.f.1.e.7,@object
                         299 	.size	..gh.f.f.1.e.7,0
                         300 	.global	_ApplFblBmStartSoftware
                         301 _ApplFblBmStartSoftware:
000000b0 80076100        302 	prepare	{r29,r31},0
000000b4 06f0            303 	mov	r6,ep
                         304 --	    .bf
                         305 .LDW13:
000000b6 02ed            306 	sld.w	4[ep],r29
000000b8 fdc760f9        307 	jarl	[r29],lp
                         308 .L647:
                         309 --line190
                         310 ..lin.C.3A.5C_ECU2.5CECU_Rivian_A1.5CTarget.5Crepo_projects.5CpFOTA.5CcL_LATEST.5Cmake.5Cobj.5Cbm_ap.12::
                         311 .LDWlin12:
000000bc 8505*           312 	br	.L647
                         313 --	    .ef
                         314 .LDW23:
                         315 ..lin.C.3A.5C_ECU2.5CECU_Rivian_A1.5CTarget.5Crepo_projects.5CpFOTA.5CcL_LATEST.5Cmake.5Cobj.5Cbm_ap.13::
                         316 .LDWlin13:
                         317 	.type	_ApplFblBmStartSoftware,@function
                         318 	.size	_ApplFblBmStartSoftware,.-_ApplFblBmStartSoftware
                         319 	.align	2
                         320 .LDW33:
                         321 
                         322 --_bmHeader	ep	param
                         323 
                         324 	.section ".bss","awb"
                         325 .L673:
                         326 	.type	.L673,@object
                         327 	.size	.L673,0
                         328 	.data
                         329 	.text
                         330 	.align	2
                         331 	.align	2

                                                                      Page 7
                                                              C:\Users\nhuliyap\AppData\Local\Temp\gh_00007oo1.s
                         332 ..gh.f.f.1.e.8:
                         333 	.type	..gh.f.f.1.e.8,@object
                         334 	.size	..gh.f.f.1.e.8,0
                         335 	.global	_ApplFblBmCheckReprogFlag
                         336 _ApplFblBmCheckReprogFlag:
000000be 82076100        337 	prepare	{r29,r31},1
                         338 --	    .bf
                         339 .LDW43:
000000c2 01ea            340 	mov	1,r29
000000c4 43070300        341 	st.b	zero,3[sp]
000000c8 0032            342 	mov	0,r6
000000ca 233e0300        343 	movea	3,sp,r7
000000ce 1d40            344 	mov	r29,r8
                         345 	jarl	_ApplFblNvReadProcessData,lp
                         345 <EXPANSION BEGIN>
                         345 jarl22 _ApplFblNvReadProcessData , lp 
000000d0 80ff0000*       345 <EXPANSION END>
000000d4 e051            346 	cmp	zero,r10
000000d6 ea8f0000        347 	setfne	r17
000000da fa05*           348 	bne	.L699
                         349 --line258
                         350 ..lin.C.3A.5C_ECU2.5CECU_Rivian_A1.5CTarget.5Crepo_projects.5CpFOTA.5CcL_LATEST.5Cmake.5Cobj.5Cbm_ap.14::
                         351 .LDWlin14:
000000dc a3970300        352 	ld.bu	3[sp],r18
000000e0 12064bff        353 	addi	-181,r18,zero
000000e4 e18f14eb        354 	cmovne	1,r17,r29
                         355 .L699:
000000e8 1d50            356 	mov	r29,r10
                         357 --	    .ef
                         358 .LDW53:
000000ea 42067f00        359 	dispose	1,{r29,r31},[lp]
                         360 	.type	_ApplFblBmCheckReprogFlag,@function
                         361 	.size	_ApplFblBmCheckReprogFlag,.-_ApplFblBmCheckReprogFlag
                         362 	.align	2
                         363 .LDW63:
                         364 --_result	r29	local
                         365 --_progReqFlag	3[sp]	local
                         366 
                         367 	.section ".bss","awb"
                         368 .L742:
                         369 	.type	.L742,@object
                         370 	.size	.L742,0
                         371 	.data
                         372 	.text
                         373 	.align	2
                         374 	.align	2
                         375 ..gh.f.f.1.e.9:
                         376 	.type	..gh.f.f.1.e.9,@object
                         377 	.size	..gh.f.f.1.e.9,0
                         378 	.global	_ApplFblBmFatalError
                         379 _ApplFblBmFatalError:
                         380 --	    .bf
                         381 .LDW73:
                         382 .L787:
000000ee 8505*           383 	br	.L787
                         384 --	    .ef
                         385 .LDW83:
                         386 ..lin.C.3A.5C_ECU2.5CECU_Rivian_A1.5CTarget.5Crepo_projects.5CpFOTA.5CcL_LATEST.5Cmake.5Cobj.5Cbm_ap.15::
                         387 .LDWlin15:
                         388 	.type	_ApplFblBmFatalError,@function
                         389 	.size	_ApplFblBmFatalError,.-_ApplFblBmFatalError

                                                                      Page 8
                                                              C:\Users\nhuliyap\AppData\Local\Temp\gh_00007oo1.s
                         390 	.align	2
                         391 .LDW93:
                         392 
                         393 --_error	none	param
                         394 
                         395 	.section ".bss","awb"
                         396 .L816:
                         397 	.type	.L816,@object
                         398 	.size	.L816,0
                         399 	.data
                         400 	.text
                         401 	.align	2
                         402 --_ApplIntJmpTable	_ApplIntJmpTable	import
                         403 --_WUF0	4294444032	import
                         404 
                         405 	.data
                         406 	.ghsnote version,17
                         407 	.ghsnote tools,3
                         408 	.ghsnote options,144
                         409 	.text
                         410 	.align	2
                         411 ..eof.C.3A.5C_ECU2.5CECU_Rivian_A1.5CTarget.5Crepo_projects.5CpFOTA.5CcL_LATEST.5Cmake.5Cobj.5Cbm_ap...43.3A.5C_ECU2.5CECU_Rivian_A1.5CTarget.5Crepo_projects.5CpFOTA.5CcL_LATEST.5Cmake..64F86BE0..0::
                         412 .rh850_flags REGMODE32,DATA_ALIGN8,GP_FIX,EP_NONFIX,TP_FIX,REG2_RESERVE,G3K,SDA_EXTRA_REGS_0
