                                                                      Page 1
                                                              C:\Users\nhuliyap\AppData\Local\Temp\gh_00001n01.s
Command Line: C:\GHS\comp_201517\ease850.exe -w -stderr=err/BrsStartup_c0.err -elf -b0 -I../source/_common -I../source/common -I../source/ecuabcanif -I../source/ecuabcantrcv -I../source/ecuabcryif -I../source/ecuabfee -I../source/ecuabmemif -I../source/libautosar -I../source/mcalcan -I../source/mcalcry -I../source/mcaldio -I../source/mcaleep -I../source/mcalfls -I../source/mcalmcu -I../source/projectara -I../source/projectcfg -I../source/projectcompiler -I../source/swcservicebswm -I../source/swcservicecantp -I../source/swcservicecomm -I../source/swcservicecsm -I../source/swcservicedcm -I../source/swcservicedem -I../source/swcservicedet -I../source/swcserviceecum -I../source/swcservicenvm -I../source/swcserviceos -I../source/swcservicepdur -I../source/swcserviceschm -I../source/swcservicestartup -I../source/wrappers/swcservicesecm -I../source/wrappers/vsecprim -I../source/wrappers/vstdlib -Ic:/ghs/comp_201517/ansi -Ic:/ghs/comp_201517/include/v800 -Igendata -IC:\GHS\comp_201517\lib\rh850 -cg_underscore -cpu=rh850g3k -nofpu -no_v850_simd -rh850_fpsimd=none -nomacro -patch_dbo=C:\_ECU2\ECU_Rivian_A1\Target\repo_projects\pFOTA\cL_LATEST\make\obj\BrsStartup_c0.dbo -source=BrsStartup_c0.c -o obj\gh_00001n01.o -list=lst/BrsStartup_c0.lst C:\Users\nhuliyap\AppData\Local\Temp\gh_00001n01.s 
Original File: C:\Users\nhuliyap\AppData\Local\Temp\gh_00001n01.s
Source File: BrsStartup_c0.c
Directory: C:\_ECU2\ECU_Rivian_A1\Target\repo_projects\pFOTA\cL_LATEST\make
Host OS: Windows
EASE: Copyright (C) 1983-2015 Green Hills Software.  All Rights Reserved.
Release: Compiler v2015.1.7
Build Directory: [Directory] BTOWORKER6:c:/build_2015_1_bto/2015-10-21.2100-2015_1_bto/win32-comp-ecom
Revision: [VCInfo] http://toolsvc/branches/release-branch-70-bto/src@544153 (built by build)
Revision Date: Thu Oct 22 07:50:13 2015

Release Date: Thu Oct 22 09:32:32 2015

                           1 --Driver Command: ccrh850 -DBRS_DERIVATIVE_701018 -DBRS_OSC_CLK=16
                           2 --		-DBRS_TIMEBASE_CLOCK=80 -DBRS_EVA_BOARD_
                           3 --		-DBRS_DERIVATIVE_GROUP_F1L -DBRS_OS_USECASE_BRS
                           4 --		-DBRS_PLATFORM_RH850 -DBRS_COMP_GHS
                           5 --		-DBRS_CPU_LOCAL_RAM_SIZE_CORE0=32
                           6 --		-DBRS_CPU_RAM_START_CORE0=0xFEDF8000 -list=lst/BrsStartup_c0.lst
                           7 --		-object_dir=obj -stderr=err/BrsStartup_c0.err -c -cpu=rh850
                           8 --		-sda=all -large_sda -prepare_dispose -pragma_asm_inline -no_callt
                           9 --		-inline_prologue -notda -reserve_r2 -fsoft
                          10 --		--unknown_pragma_warnings -list -g -Ogeneral -shortenum
                          11 --		-registermode=32 -I../source/_common -I../source/common
                          12 --		-I../source/ecuabcanif -I../source/ecuabcantrcv
                          13 --		-I../source/ecuabcryif -I../source/ecuabfee
                          14 --		-I../source/ecuabmemif -I../source/libautosar -I../source/mcalcan
                          15 --		-I../source/mcalcry -I../source/mcaldio -I../source/mcaleep
                          16 --		-I../source/mcalfls -I../source/mcalmcu -I../source/projectara
                          17 --		-I../source/projectcfg -I../source/projectcompiler
                          18 --		-I../source/swcservicebswm -I../source/swcservicecantp
                          19 --		-I../source/swcservicecomm -I../source/swcservicecsm
                          20 --		-I../source/swcservicedcm -I../source/swcservicedem
                          21 --		-I../source/swcservicedet -I../source/swcserviceecum
                          22 --		-I../source/swcservicenvm -I../source/swcserviceos
                          23 --		-I../source/swcservicepdur -I../source/swcserviceschm
                          24 --		-I../source/swcservicestartup -I../source/wrappers/swcservicesecm
                          25 --		-I../source/wrappers/vsecprim -I../source/wrappers/vstdlib
                          26 --		-Ic:/ghs/comp_201517/ansi -Ic:/ghs/comp_201517/include/v800
                          27 --		-Igendata ../source/SwcServiceStartUp/BrsStartup_c0.c
                          28 --Source File:   ../source/SwcServiceStartUp/BrsStartup_c0.c
                          29 --Directory:     
                          30 --		C:\_ECU2\ECU_Rivian_A1\Target\repo_projects\pFOTA\cL_LATEST\make
                          31 --Compile Date:  Wed Sep 06 14:03:50 2023
                          32 --Host OS:       Win32
                          33 --Version:       C-RH850 2015.1.7 RELEASE VERSION
                          34 --Release:       Compiler v2015.1.7
                          35 --Revision Date: Thu Oct 22 08:06:12 2015
                          36 --Release Date:  Thu Oct 22 09:34:32 2015
                          37 -- ecom  -g -w -OM
                          38 	.text
                          39 ..bof.C.3A.5C_ECU2.5CECU_Rivian_A1.5CTarget.5Crepo_projects.5CpFOTA.5CcL_LATEST.5Cmake.5Cobj.5CBrsStartup_c0...43.3A.5C_ECU2.5CECU_Rivian_A1.5CTarget.5Crepo_projects.5CpFOTA.5CcL_LATEST.5Cmake..64F86AA6..0::
                          40 ..gh.beginasm.0:
                          41 	.type	..gh.beginasm.0,@object
                          42 	.size	..gh.beginasm.0,0
                          43  ;
                          44 ..gh.endasm.1:
                          45 	.type	..gh.endasm.1,@object
                          46 	.size	..gh.endasm.1,0
                          47 ..gh.beginasm.2:
                          48 	.type	..gh.beginasm.2,@object
                          49 	.size	..gh.beginasm.2,0
                          50  ;

                                                                      Page 2
                                                              C:\Users\nhuliyap\AppData\Local\Temp\gh_00001n01.s
                          51 ..gh.endasm.3:
                          52 	.type	..gh.endasm.3,@object
                          53 	.size	..gh.endasm.3,0
                          54 ..gh.beginasm.4:
                          55 	.type	..gh.beginasm.4,@object
                          56 	.size	..gh.beginasm.4,0
                          57  ;
                          58 ..gh.endasm.5:
                          59 	.type	..gh.endasm.5,@object
                          60 	.size	..gh.endasm.5,0
                          61 ..gh.beginasm.6:
                          62 	.type	..gh.beginasm.6,@object
                          63 	.size	..gh.beginasm.6,0
                          64  ;
                          65 ..gh.endasm.7:
                          66 	.type	..gh.endasm.7,@object
                          67 	.size	..gh.endasm.7,0
                          68 ..gh.beginasm.8:
                          69 	.type	..gh.beginasm.8,@object
                          70 	.size	..gh.beginasm.8,0
                          71  .globl __usr_init
                          72 ..gh.endasm.9:
                          73 	.type	..gh.endasm.9,@object
                          74 	.size	..gh.endasm.9,0
                          75 ..gh.beginasm.10:
                          76 	.type	..gh.beginasm.10,@object
                          77 	.size	..gh.beginasm.10,0
                          78  .section ".text"
                          79 ..gh.endasm.11:
                          80 	.type	..gh.endasm.11,@object
                          81 	.size	..gh.endasm.11,0
                          82 ..gh.beginasm.12:
                          83 	.type	..gh.beginasm.12,@object
                          84 	.size	..gh.beginasm.12,0
                          85  ;
                          86 ..gh.endasm.13:
                          87 	.type	..gh.endasm.13,@object
                          88 	.size	..gh.endasm.13,0
                          89 ..gh.beginasm.14:
                          90 	.type	..gh.beginasm.14,@object
                          91 	.size	..gh.beginasm.14,0
                          92  ;
                          93 ..gh.endasm.15:
                          94 	.type	..gh.endasm.15,@object
                          95 	.size	..gh.endasm.15,0
                          96 ..gh.beginasm.16:
                          97 	.type	..gh.beginasm.16,@object
                          98 	.size	..gh.beginasm.16,0
                          99  ;
                         100 ..gh.endasm.17:
                         101 	.type	..gh.endasm.17,@object
                         102 	.size	..gh.endasm.17,0
                         103 ..gh.beginasm.18:
                         104 	.type	..gh.beginasm.18,@object
                         105 	.size	..gh.beginasm.18,0
                         106  ;
                         107 ..gh.endasm.19:
                         108 	.type	..gh.endasm.19,@object
                         109 	.size	..gh.endasm.19,0
                         110 ..gh.beginasm.20:
                         111 	.type	..gh.beginasm.20,@object

                                                                      Page 3
                                                              C:\Users\nhuliyap\AppData\Local\Temp\gh_00001n01.s
                         112 	.size	..gh.beginasm.20,0
                         113  ;
                         114 ..gh.endasm.21:
                         115 	.type	..gh.endasm.21,@object
                         116 	.size	..gh.endasm.21,0
                         117 ..gh.beginasm.22:
                         118 	.type	..gh.beginasm.22,@object
                         119 	.size	..gh.beginasm.22,0
                         120  ;
                         121 ..gh.endasm.23:
                         122 	.type	..gh.endasm.23,@object
                         123 	.size	..gh.endasm.23,0
                         124 ..gh.beginasm.24:
                         125 	.type	..gh.beginasm.24,@object
                         126 	.size	..gh.beginasm.24,0
                         127  ;
                         128 ..gh.endasm.25:
                         129 	.type	..gh.endasm.25,@object
                         130 	.size	..gh.endasm.25,0
                         131 ..gh.beginasm.26:
                         132 	.type	..gh.beginasm.26,@object
                         133 	.size	..gh.beginasm.26,0
                         134  ;
                         135 ..gh.endasm.27:
                         136 	.type	..gh.endasm.27,@object
                         137 	.size	..gh.endasm.27,0
                         138 ..gh.beginasm.28:
                         139 	.type	..gh.beginasm.28,@object
                         140 	.size	..gh.beginasm.28,0
                         141  __usr_init:
                         142 ..gh.endasm.29:
                         143 	.type	..gh.endasm.29,@object
                         144 	.size	..gh.endasm.29,0
                         145 ..gh.beginasm.30:
                         146 	.type	..gh.beginasm.30,@object
                         147 	.size	..gh.beginasm.30,0
                         148  ;
                         149 ..gh.endasm.31:
                         150 	.type	..gh.endasm.31,@object
                         151 	.size	..gh.endasm.31,0
                         152 ..gh.beginasm.32:
                         153 	.type	..gh.beginasm.32,@object
                         154 	.size	..gh.beginasm.32,0
                         155  ;
                         156 ..gh.endasm.33:
                         157 	.type	..gh.endasm.33,@object
                         158 	.size	..gh.endasm.33,0
                         159 ..gh.beginasm.34:
                         160 	.type	..gh.beginasm.34,@object
                         161 	.size	..gh.beginasm.34,0
                         162  ;
                         163 ..gh.endasm.35:
                         164 	.type	..gh.endasm.35,@object
                         165 	.size	..gh.endasm.35,0
                         166 ..gh.beginasm.36:
                         167 	.type	..gh.beginasm.36,@object
                         168 	.size	..gh.beginasm.36,0
                         169  ;
                         170 ..gh.endasm.37:
                         171 	.type	..gh.endasm.37,@object
                         172 	.size	..gh.endasm.37,0

                                                                      Page 4
                                                              C:\Users\nhuliyap\AppData\Local\Temp\gh_00001n01.s
                         173 ..gh.beginasm.38:
                         174 	.type	..gh.beginasm.38,@object
                         175 	.size	..gh.beginasm.38,0
00000000 40260000*       176  movhi hi(__gp) , zero , gp
                         177 ..gh.endasm.39:
                         178 	.type	..gh.endasm.39,@object
                         179 	.size	..gh.endasm.39,0
                         180 ..gh.beginasm.40:
                         181 	.type	..gh.beginasm.40,@object
                         182 	.size	..gh.beginasm.40,0
00000004 24260000*       183  movea lo(__gp) , gp , gp
                         184 ..gh.endasm.41:
                         185 	.type	..gh.endasm.41,@object
                         186 	.size	..gh.endasm.41,0
                         187 ..gh.beginasm.42:
                         188 	.type	..gh.beginasm.42,@object
                         189 	.size	..gh.beginasm.42,0
                         190  ;
                         191 ..gh.endasm.43:
                         192 	.type	..gh.endasm.43,@object
                         193 	.size	..gh.endasm.43,0
                         194 ..gh.beginasm.44:
                         195 	.type	..gh.beginasm.44,@object
                         196 	.size	..gh.beginasm.44,0
00000008 402e0000*       197  movhi hi(__tp) , zero , tp
                         198 ..gh.endasm.45:
                         199 	.type	..gh.endasm.45,@object
                         200 	.size	..gh.endasm.45,0
                         201 ..gh.beginasm.46:
                         202 	.type	..gh.beginasm.46,@object
                         203 	.size	..gh.beginasm.46,0
0000000c 252e0000*       204  movea lo(__tp) , tp , tp
                         205 ..gh.endasm.47:
                         206 	.type	..gh.endasm.47,@object
                         207 	.size	..gh.endasm.47,0
                         208 ..gh.beginasm.48:
                         209 	.type	..gh.beginasm.48,@object
                         210 	.size	..gh.beginasm.48,0
                         211  ;
                         212 ..gh.endasm.49:
                         213 	.type	..gh.endasm.49,@object
                         214 	.size	..gh.endasm.49,0
                         215 ..gh.beginasm.50:
                         216 	.type	..gh.beginasm.50,@object
                         217 	.size	..gh.beginasm.50,0
00000010 401e0000*       218  movhi hi(___ghsend_stack-4) , zero , sp
                         219 ..gh.endasm.51:
                         220 	.type	..gh.endasm.51,@object
                         221 	.size	..gh.endasm.51,0
                         222 ..gh.beginasm.52:
                         223 	.type	..gh.beginasm.52,@object
                         224 	.size	..gh.beginasm.52,0
00000014 231e0000*       225  movea lo(___ghsend_stack-4) , sp , sp
                         226 ..gh.endasm.53:
                         227 	.type	..gh.endasm.53,@object
                         228 	.size	..gh.endasm.53,0
                         229 ..gh.beginasm.54:
                         230 	.type	..gh.beginasm.54,@object
                         231 	.size	..gh.beginasm.54,0
                         232  ;
                         233 ..gh.endasm.55:

                                                                      Page 5
                                                              C:\Users\nhuliyap\AppData\Local\Temp\gh_00001n01.s
                         234 	.type	..gh.endasm.55,@object
                         235 	.size	..gh.endasm.55,0
                         236 ..gh.beginasm.56:
                         237 	.type	..gh.beginasm.56,@object
                         238 	.size	..gh.beginasm.56,0
00000018 260600000000*   239  mov _VECTORTABLE_START_ADDR , r6;
                         240 ..gh.endasm.57:
                         241 	.type	..gh.endasm.57,@object
                         242 	.size	..gh.endasm.57,0
                         243 ..gh.beginasm.58:
                         244 	.type	..gh.beginasm.58,@object
                         245 	.size	..gh.beginasm.58,0
0000001e e6272008        246  ldsr r6 , 4 , 1;
                         247 ..gh.endasm.59:
                         248 	.type	..gh.endasm.59,@object
                         249 	.size	..gh.endasm.59,0
                         250 ..gh.beginasm.60:
                         251 	.type	..gh.beginasm.60,@object
                         252 	.size	..gh.beginasm.60,0
00000022 e4374008        253  stsr 4 , r6 , 1;
                         254 ..gh.endasm.61:
                         255 	.type	..gh.endasm.61,@object
                         256 	.size	..gh.endasm.61,0
                         257 ..gh.beginasm.62:
                         258 	.type	..gh.beginasm.62,@object
                         259 	.size	..gh.beginasm.62,0
                         260  ;
                         261 ..gh.endasm.63:
                         262 	.type	..gh.endasm.63,@object
                         263 	.size	..gh.endasm.63,0
                         264 ..gh.beginasm.64:
                         265 	.type	..gh.beginasm.64,@object
                         266 	.size	..gh.beginasm.64,0
00000026 260600000000*   267  mov _EXCEPTIONTABLE_START_ADDR , r6
                         268 ..gh.endasm.65:
                         269 	.type	..gh.endasm.65,@object
                         270 	.size	..gh.endasm.65,0
                         271 ..gh.beginasm.66:
                         272 	.type	..gh.beginasm.66,@object
                         273 	.size	..gh.beginasm.66,0
0000002c e61f2008        274  ldsr r6 , 3 , 1
                         275 ..gh.endasm.67:
                         276 	.type	..gh.endasm.67,@object
                         277 	.size	..gh.endasm.67,0
                         278 ..gh.beginasm.68:
                         279 	.type	..gh.beginasm.68,@object
                         280 	.size	..gh.beginasm.68,0
00000030 e3374008        281  stsr 3 , r6 , 1
                         282 ..gh.endasm.69:
                         283 	.type	..gh.endasm.69,@object
                         284 	.size	..gh.endasm.69,0
                         285 ..gh.beginasm.70:
                         286 	.type	..gh.beginasm.70,@object
                         287 	.size	..gh.beginasm.70,0
00000034 0030            288  mov zero , r6
                         289 ..gh.endasm.71:
                         290 	.type	..gh.endasm.71,@object
                         291 	.size	..gh.endasm.71,0
                         292 ..gh.beginasm.72:
                         293 	.type	..gh.beginasm.72,@object
                         294 	.size	..gh.beginasm.72,0

                                                                      Page 6
                                                              C:\Users\nhuliyap\AppData\Local\Temp\gh_00001n01.s
                         295  ;
                         296 ..gh.endasm.73:
                         297 	.type	..gh.endasm.73,@object
                         298 	.size	..gh.endasm.73,0
                         299 ..gh.beginasm.74:
                         300 	.type	..gh.beginasm.74,@object
                         301 	.size	..gh.beginasm.74,0
00000036 e50f4000        302  stsr 5 , r1 , 0
                         303 ..gh.endasm.75:
                         304 	.type	..gh.endasm.75,@object
                         305 	.size	..gh.endasm.75,0
                         306 ..gh.beginasm.76:
                         307 	.type	..gh.beginasm.76,@object
                         308 	.size	..gh.beginasm.76,0
0000003a 220600800000    309  mov 0x8000 , r2
                         310 ..gh.endasm.77:
                         311 	.type	..gh.endasm.77,@object
                         312 	.size	..gh.endasm.77,0
                         313 ..gh.beginasm.78:
                         314 	.type	..gh.beginasm.78,@object
                         315 	.size	..gh.beginasm.78,0
00000040 0209            316  or r2 , r1
                         317 ..gh.endasm.79:
                         318 	.type	..gh.endasm.79,@object
                         319 	.size	..gh.endasm.79,0
                         320 ..gh.beginasm.80:
                         321 	.type	..gh.beginasm.80,@object
                         322 	.size	..gh.beginasm.80,0
00000042 e12f2000        323  ldsr r1 , 5 , 0
                         324 ..gh.endasm.81:
                         325 	.type	..gh.endasm.81,@object
                         326 	.size	..gh.endasm.81,0
                         327 ..gh.beginasm.82:
                         328 	.type	..gh.beginasm.82,@object
                         329 	.size	..gh.beginasm.82,0
                         330  ;
                         331 ..gh.endasm.83:
                         332 	.type	..gh.endasm.83,@object
                         333 	.size	..gh.endasm.83,0
                         334 ..gh.beginasm.84:
                         335 	.type	..gh.beginasm.84,@object
                         336 	.size	..gh.beginasm.84,0
                         337  ;
                         338 ..gh.endasm.85:
                         339 	.type	..gh.endasm.85,@object
                         340 	.size	..gh.endasm.85,0
                         341 ..gh.beginasm.86:
                         342 	.type	..gh.beginasm.86,@object
                         343 	.size	..gh.beginasm.86,0
                         344  ;
                         345 ..gh.endasm.87:
                         346 	.type	..gh.endasm.87,@object
                         347 	.size	..gh.endasm.87,0
                         348 ..gh.beginasm.88:
                         349 	.type	..gh.beginasm.88,@object
                         350 	.size	..gh.beginasm.88,0
00000046 2b0600c0dffe    351  mov 0xFEDFC000 , r11 ;
                         352 ..gh.endasm.89:
                         353 	.type	..gh.endasm.89,@object
                         354 	.size	..gh.endasm.89,0
                         355 ..gh.beginasm.90:

                                                                      Page 7
                                                              C:\Users\nhuliyap\AppData\Local\Temp\gh_00001n01.s
                         356 	.type	..gh.beginasm.90,@object
                         357 	.size	..gh.beginasm.90,0
0000004c 2c06ffbfcf01    358  mov 0xFEDFC000 + 0x0000BC00 *1024-1 , r12 ;
                         359 ..gh.endasm.91:
                         360 	.type	..gh.endasm.91,@object
                         361 	.size	..gh.endasm.91,0
                         362 ..gh.beginasm.92:
                         363 	.type	..gh.beginasm.92,@object
                         364 	.size	..gh.beginasm.92,0
                         365  ;
                         366 ..gh.endasm.93:
                         367 	.type	..gh.endasm.93,@object
                         368 	.size	..gh.endasm.93,0
                         369 ..gh.beginasm.94:
                         370 	.type	..gh.beginasm.94,@object
                         371 	.size	..gh.beginasm.94,0
                         372  _zero_init_local1:
                         373 ..gh.endasm.95:
                         374 	.type	..gh.endasm.95,@object
                         375 	.size	..gh.endasm.95,0
                         376 ..gh.beginasm.96:
                         377 	.type	..gh.beginasm.96,@object
                         378 	.size	..gh.beginasm.96,0
00000052 6b070100        379  st.w r0 , 0[r11]
                         380 ..gh.endasm.97:
                         381 	.type	..gh.endasm.97,@object
                         382 	.size	..gh.endasm.97,0
                         383 ..gh.beginasm.98:
                         384 	.type	..gh.beginasm.98,@object
                         385 	.size	..gh.beginasm.98,0
00000056 0b5e0400        386  addi 4 , r11 , r11
                         387 ..gh.endasm.99:
                         388 	.type	..gh.endasm.99,@object
                         389 	.size	..gh.endasm.99,0
                         390 ..gh.beginasm.100:
                         391 	.type	..gh.beginasm.100,@object
                         392 	.size	..gh.beginasm.100,0
0000005a eb61            393  cmp r11 , r12
                         394 ..gh.endasm.101:
                         395 	.type	..gh.endasm.101,@object
                         396 	.size	..gh.endasm.101,0
                         397 ..gh.beginasm.102:
                         398 	.type	..gh.beginasm.102,@object
                         399 	.size	..gh.beginasm.102,0
0000005c bbfd*           400  bh _zero_init_local1
                         401 ..gh.endasm.103:
                         402 	.type	..gh.endasm.103,@object
                         403 	.size	..gh.endasm.103,0
                         404 ..gh.beginasm.104:
                         405 	.type	..gh.beginasm.104,@object
                         406 	.size	..gh.beginasm.104,0
                         407  ;
                         408 ..gh.endasm.105:
                         409 	.type	..gh.endasm.105,@object
                         410 	.size	..gh.endasm.105,0
                         411 ..gh.beginasm.106:
                         412 	.type	..gh.beginasm.106,@object
                         413 	.size	..gh.beginasm.106,0
0000005e 80070000*       414  jr __start
                         415 ..gh.endasm.107:
                         416 	.type	..gh.endasm.107,@object

                                                                      Page 8
                                                              C:\Users\nhuliyap\AppData\Local\Temp\gh_00001n01.s
                         417 	.size	..gh.endasm.107,0
                         418 ..gh.beginasm.108:
                         419 	.type	..gh.beginasm.108,@object
                         420 	.size	..gh.beginasm.108,0
                         421  ;
                         422 ..gh.endasm.109:
                         423 	.type	..gh.endasm.109,@object
                         424 	.size	..gh.endasm.109,0
                         425 
                         426 	.data
                         427 	.ghsnote version,17
                         428 	.ghsnote tools,8195
                         429 	.ghsnote options,144
                         430 	.text
                         431 ..eof.C.3A.5C_ECU2.5CECU_Rivian_A1.5CTarget.5Crepo_projects.5CpFOTA.5CcL_LATEST.5Cmake.5Cobj.5CBrsStartup_c0...43.3A.5C_ECU2.5CECU_Rivian_A1.5CTarget.5Crepo_projects.5CpFOTA.5CcL_LATEST.5Cmake..64F86AA6..0::
                         432 .rh850_flags REGMODE32,DATA_ALIGN8,GP_FIX,EP_NONFIX,TP_FIX,REG2_RESERVE,G3K,SDA_EXTRA_REGS_0
