                                                                      Page 1
                                                              C:\Users\nhuliyap\AppData\Local\Temp\gh_00008do1.s
Command Line: C:\GHS\comp_201517\ease850.exe -w -stderr=err/CfgEcuabMemIf.err -elf -b0 -I../source/_common -I../source/common -I../source/ecuabcanif -I../source/ecuabcantrcv -I../source/ecuabcryif -I../source/ecuabfee -I../source/ecuabmemif -I../source/libautosar -I../source/mcalcan -I../source/mcalcry -I../source/mcaldio -I../source/mcaleep -I../source/mcalfls -I../source/mcalmcu -I../source/projectara -I../source/projectcfg -I../source/projectcompiler -I../source/swcservicebswm -I../source/swcservicecantp -I../source/swcservicecomm -I../source/swcservicecsm -I../source/swcservicedcm -I../source/swcservicedem -I../source/swcservicedet -I../source/swcserviceecum -I../source/swcservicenvm -I../source/swcserviceos -I../source/swcservicepdur -I../source/swcserviceschm -I../source/swcservicestartup -I../source/wrappers/swcservicesecm -I../source/wrappers/vsecprim -I../source/wrappers/vstdlib -Ic:/ghs/comp_201517/ansi -Ic:/ghs/comp_201517/include/v800 -Igendata -IC:\GHS\comp_201517\lib\rh850 -cg_underscore -cpu=rh850g3k -nofpu -no_v850_simd -rh850_fpsimd=none -nomacro -patch_dbo=C:\_ECU2\ECU_Rivian_A1\Target\repo_projects\pFOTA\cL_LATEST\make\obj\CfgEcuabMemIf.dbo -source=CfgEcuabMemIf.c -o obj\gh_00008do1.o -list=lst/CfgEcuabMemIf.lst C:\Users\nhuliyap\AppData\Local\Temp\gh_00008do1.s 
Original File: C:\Users\nhuliyap\AppData\Local\Temp\gh_00008do1.s
Source File: CfgEcuabMemIf.c
Directory: C:\_ECU2\ECU_Rivian_A1\Target\repo_projects\pFOTA\cL_LATEST\make
Host OS: Windows
EASE: Copyright (C) 1983-2015 Green Hills Software.  All Rights Reserved.
Release: Compiler v2015.1.7
Build Directory: [Directory] BTOWORKER6:c:/build_2015_1_bto/2015-10-21.2100-2015_1_bto/win32-comp-ecom
Revision: [VCInfo] http://toolsvc/branches/release-branch-70-bto/src@544153 (built by build)
Revision Date: Thu Oct 22 07:50:13 2015

Release Date: Thu Oct 22 09:32:32 2015

                           1 --Driver Command: ccrh850 -DBRS_DERIVATIVE_701018 -DBRS_OSC_CLK=16
                           2 --		-DBRS_TIMEBASE_CLOCK=80 -DBRS_EVA_BOARD_
                           3 --		-DBRS_DERIVATIVE_GROUP_F1L -DBRS_OS_USECASE_BRS
                           4 --		-DBRS_PLATFORM_RH850 -DBRS_COMP_GHS
                           5 --		-DBRS_CPU_LOCAL_RAM_SIZE_CORE0=32
                           6 --		-DBRS_CPU_RAM_START_CORE0=0xFEDF8000 -list=lst/CfgEcuabMemIf.lst
                           7 --		-object_dir=obj -stderr=err/CfgEcuabMemIf.err -c -cpu=rh850
                           8 --		-sda=all -large_sda -prepare_dispose -pragma_asm_inline -no_callt
                           9 --		-inline_prologue -notda -reserve_r2 -fsoft
                          10 --		--unknown_pragma_warnings -list -g -Ogeneral -shortenum
                          11 --		-registermode=32 -I../source/_common -I../source/common
                          12 --		-I../source/ecuabcanif -I../source/ecuabcantrcv
                          13 --		-I../source/ecuabcryif -I../source/ecuabfee
                          14 --		-I../source/ecuabmemif -I../source/libautosar -I../source/mcalcan
                          15 --		-I../source/mcalcry -I../source/mcaldio -I../source/mcaleep
                          16 --		-I../source/mcalfls -I../source/mcalmcu -I../source/projectara
                          17 --		-I../source/projectcfg -I../source/projectcompiler
                          18 --		-I../source/swcservicebswm -I../source/swcservicecantp
                          19 --		-I../source/swcservicecomm -I../source/swcservicecsm
                          20 --		-I../source/swcservicedcm -I../source/swcservicedem
                          21 --		-I../source/swcservicedet -I../source/swcserviceecum
                          22 --		-I../source/swcservicenvm -I../source/swcserviceos
                          23 --		-I../source/swcservicepdur -I../source/swcserviceschm
                          24 --		-I../source/swcservicestartup -I../source/wrappers/swcservicesecm
                          25 --		-I../source/wrappers/vsecprim -I../source/wrappers/vstdlib
                          26 --		-Ic:/ghs/comp_201517/ansi -Ic:/ghs/comp_201517/include/v800
                          27 --		-Igendata ../source/ProjectCfg/CfgEcuabMemIf.c
                          28 --Source File:   ../source/ProjectCfg/CfgEcuabMemIf.c
                          29 --Directory:     
                          30 --		C:\_ECU2\ECU_Rivian_A1\Target\repo_projects\pFOTA\cL_LATEST\make
                          31 --Compile Date:  Wed Sep 06 14:03:57 2023
                          32 --Host OS:       Win32
                          33 --Version:       C-RH850 2015.1.7 RELEASE VERSION
                          34 --Release:       Compiler v2015.1.7
                          35 --Revision Date: Thu Oct 22 08:06:12 2015
                          36 --Release Date:  Thu Oct 22 09:34:32 2015
                          37 -- ecom  -g -w -OM
                          38 	.text
                          39 ..bof.C.3A.5C_ECU2.5CECU_Rivian_A1.5CTarget.5Crepo_projects.5CpFOTA.5CcL_LATEST.5Cmake.5Cobj.5CCfgEcuabMemIf...43.3A.5C_ECU2.5CECU_Rivian_A1.5CTarget.5Crepo_projects.5CpFOTA.5CcL_LATEST.5Cmake..64F86AAD..0::
                          40 	.align	2
                          41 ..gh.f.f.1.e.0:
                          42 	.type	..gh.f.f.1.e.0,@object
                          43 	.size	..gh.f.f.1.e.0,0
                          44 	.global	_MemIf_EcuabFee_WriteWrapper..C.3A.5C_ECU2.5CECU_Rivian_A1.5CTarget.5Crepo_projects.5CpFOTA.5CcL_LATEST.5Cmake.5Cobj.5CCfgEcuabMemIf.
                          45 _MemIf_EcuabFee_WriteWrapper..C.3A.5C_ECU2.5CECU_Rivian_A1.5CTarget.5Crepo_projects.5CpFOTA.5CcL_LATEST.5Cmake.5Cobj.5CCfgEcuabMemIf.:
                          46 _MemIf_EcuabFee_WriteWrapper:
00000000 c600             47 	zxh	r6
                          48 --	    .bf
                          49 .LDW01:
00000002 80070000*        50 	jr	_EcuabFee_Write

                                                                      Page 2
                                                              C:\Users\nhuliyap\AppData\Local\Temp\gh_00008do1.s
                          51 --	    .ef
                          52 .LDW11:
                          53 	.type	_MemIf_EcuabFee_WriteWrapper,@function
                          54 	.size	_MemIf_EcuabFee_WriteWrapper,.-_MemIf_EcuabFee_WriteWrapper
                          55 	.type	_MemIf_EcuabFee_WriteWrapper..C.3A.5C_ECU2.5CECU_Rivian_A1.5CTarget.5Crepo_projects.5CpFOTA.5CcL_LATEST.5Cmake.5Cobj.5CCfgEcuabMemIf.,@function
                          56 	.size	_MemIf_EcuabFee_WriteWrapper..C.3A.5C_ECU2.5CECU_Rivian_A1.5CTarget.5Crepo_projects.5CpFOTA.5CcL_LATEST.5Cmake.5Cobj.5CCfgEcuabMemIf.,.-_MemIf_EcuabFee_WriteWrapper..C.3A.5C_ECU2.5CECU_Rivian_A1.5CTarget.5Crepo_projects.5CpFOTA.5CcL_LATEST.5Cmake.5Cobj.5CCfgEcuabMemIf.
                          57 	.align	2
                          58 .LDW21:
                          59 
                          60 --_BlockNumber	r6	param
                          61 --_DataBufferPtr	r7	param
                          62 
                          63 	.section ".bss","awb"
                          64 .L57:
                          65 	.type	.L57,@object
                          66 	.size	.L57,0
                          67 	.data
                          68 	.text
                          69 	.align	2
                          70 
                          71 	.section ".rosdata","a"
                          72 	.align	4
                          73 	.global	_MemIf_NumberOfDevices
00000000 01               74 _MemIf_NumberOfDevices:	.byte	1
                          75 	.type	_MemIf_NumberOfDevices,@object
                          76 	.size	_MemIf_NumberOfDevices,1
00000001 000000           77 	.space	3
                          78 	.global	_MemIf_MemHwaApis
00000004 00000000*        79 _MemIf_MemHwaApis:	.word	_EcuabFee_Read
00000008 00000000*        80 	.word	_MemIf_EcuabFee_WriteWrapper
0000000c 00000000*        81 	.word	_EcuabFee_EraseImmediateBlock
00000010 00000000*        82 	.word	_EcuabFee_InvalidateBlock
00000014 00000000*        83 	.word	_EcuabFee_Cancel
00000018 00000000*        84 	.word	_EcuabFee_GetStatus
0000001c 00000000*        85 	.word	_EcuabFee_GetJobResult
00000020 00000000*        86 	.word	_EcuabFee_SetMode
                          87 	.type	_MemIf_MemHwaApis,@object
                          88 	.size	_MemIf_MemHwaApis,32
                          89 	.data
                          90 	.ghsnote version,17
                          91 	.ghsnote tools,3
                          92 	.ghsnote options,144
                          93 	.text
                          94 	.align	2
                          95 ..eof.C.3A.5C_ECU2.5CECU_Rivian_A1.5CTarget.5Crepo_projects.5CpFOTA.5CcL_LATEST.5Cmake.5Cobj.5CCfgEcuabMemIf...43.3A.5C_ECU2.5CECU_Rivian_A1.5CTarget.5Crepo_projects.5CpFOTA.5CcL_LATEST.5Cmake..64F86AAD..0::
                          96 .rh850_flags REGMODE32,DATA_ALIGN8,GP_FIX,EP_NONFIX,TP_FIX,REG2_RESERVE,G3K,SDA_EXTRA_REGS_0
