                                                                      Page 1
                                                              C:\Users\nhuliyap\AppData\Local\Temp\gh_00007bk1.s
Command Line: C:\GHS\comp_201517\ease850.exe -w -stderr=err/CfgEcuabCanIf.err -elf -b0 -I../source/_common -I../source/common -I../source/ecuabcanif -I../source/ecuabcantrcv -I../source/ecuabcryif -I../source/ecuabfee -I../source/ecuabmemif -I../source/libautosar -I../source/mcalcan -I../source/mcalcry -I../source/mcaldio -I../source/mcaleep -I../source/mcalfls -I../source/mcalmcu -I../source/projectara -I../source/projectcfg -I../source/projectcompiler -I../source/swcservicebswm -I../source/swcservicecantp -I../source/swcservicecomm -I../source/swcservicecsm -I../source/swcservicedcm -I../source/swcservicedem -I../source/swcservicedet -I../source/swcserviceecum -I../source/swcservicenvm -I../source/swcserviceos -I../source/swcservicepdur -I../source/swcserviceschm -I../source/swcservicestartup -I../source/wrappers/swcservicesecm -I../source/wrappers/vsecprim -I../source/wrappers/vstdlib -Ic:/ghs/comp_201517/ansi -Ic:/ghs/comp_201517/include/v800 -Igendata -IC:\GHS\comp_201517\lib\rh850 -cg_underscore -cpu=rh850g3k -nofpu -no_v850_simd -rh850_fpsimd=none -nomacro -patch_dbo=C:\_ECU2\ECU_Rivian_A1\Target\repo_projects\pFOTA\cL_LATEST\make\obj\CfgEcuabCanIf.dbo -source=CfgEcuabCanIf.c -o obj\gh_00007bk1.o -list=lst/CfgEcuabCanIf.lst C:\Users\nhuliyap\AppData\Local\Temp\gh_00007bk1.s 
Original File: C:\Users\nhuliyap\AppData\Local\Temp\gh_00007bk1.s
Source File: CfgEcuabCanIf.c
Directory: C:\_ECU2\ECU_Rivian_A1\Target\repo_projects\pFOTA\cL_LATEST\make
Host OS: Windows
EASE: Copyright (C) 1983-2015 Green Hills Software.  All Rights Reserved.
Release: Compiler v2015.1.7
Build Directory: [Directory] BTOWORKER6:c:/build_2015_1_bto/2015-10-21.2100-2015_1_bto/win32-comp-ecom
Revision: [VCInfo] http://toolsvc/branches/release-branch-70-bto/src@544153 (built by build)
Revision Date: Thu Oct 22 07:50:13 2015

Release Date: Thu Oct 22 09:32:32 2015

                           1 --Driver Command: ccrh850 -DBRS_DERIVATIVE_701018 -DBRS_OSC_CLK=16
                           2 --		-DBRS_TIMEBASE_CLOCK=80 -DBRS_EVA_BOARD_
                           3 --		-DBRS_DERIVATIVE_GROUP_F1L -DBRS_OS_USECASE_BRS
                           4 --		-DBRS_PLATFORM_RH850 -DBRS_COMP_GHS
                           5 --		-DBRS_CPU_LOCAL_RAM_SIZE_CORE0=32
                           6 --		-DBRS_CPU_RAM_START_CORE0=0xFEDF8000 -list=lst/CfgEcuabCanIf.lst
                           7 --		-object_dir=obj -stderr=err/CfgEcuabCanIf.err -c -cpu=rh850
                           8 --		-sda=all -large_sda -prepare_dispose -pragma_asm_inline -no_callt
                           9 --		-inline_prologue -notda -reserve_r2 -fsoft
                          10 --		--unknown_pragma_warnings -list -g -Ogeneral -shortenum
                          11 --		-registermode=32 -I../source/_common -I../source/common
                          12 --		-I../source/ecuabcanif -I../source/ecuabcantrcv
                          13 --		-I../source/ecuabcryif -I../source/ecuabfee
                          14 --		-I../source/ecuabmemif -I../source/libautosar -I../source/mcalcan
                          15 --		-I../source/mcalcry -I../source/mcaldio -I../source/mcaleep
                          16 --		-I../source/mcalfls -I../source/mcalmcu -I../source/projectara
                          17 --		-I../source/projectcfg -I../source/projectcompiler
                          18 --		-I../source/swcservicebswm -I../source/swcservicecantp
                          19 --		-I../source/swcservicecomm -I../source/swcservicecsm
                          20 --		-I../source/swcservicedcm -I../source/swcservicedem
                          21 --		-I../source/swcservicedet -I../source/swcserviceecum
                          22 --		-I../source/swcservicenvm -I../source/swcserviceos
                          23 --		-I../source/swcservicepdur -I../source/swcserviceschm
                          24 --		-I../source/swcservicestartup -I../source/wrappers/swcservicesecm
                          25 --		-I../source/wrappers/vsecprim -I../source/wrappers/vstdlib
                          26 --		-Ic:/ghs/comp_201517/ansi -Ic:/ghs/comp_201517/include/v800
                          27 --		-Igendata ../source/ProjectCfg/CfgEcuabCanIf.c
                          28 --Source File:   ../source/ProjectCfg/CfgEcuabCanIf.c
                          29 --Directory:     
                          30 --		C:\_ECU2\ECU_Rivian_A1\Target\repo_projects\pFOTA\cL_LATEST\make
                          31 --Compile Date:  Wed Sep 06 14:03:53 2023
                          32 --Host OS:       Win32
                          33 --Version:       C-RH850 2015.1.7 RELEASE VERSION
                          34 --Release:       Compiler v2015.1.7
                          35 --Revision Date: Thu Oct 22 08:06:12 2015
                          36 --Release Date:  Thu Oct 22 09:34:32 2015
                          37 -- ecom  -g -w -OM
                          38 
                          39 	.section ".rosdata","a"
                          40 	.align	4
                          41 	.global	_CfgEcuabCanIf_fptrNotificationBusOff
00000000 00000000*        42 _CfgEcuabCanIf_fptrNotificationBusOff:	.word	_FblCw_ControllerBusOff
                          43 	.type	_CfgEcuabCanIf_fptrNotificationBusOff,@object
                          44 	.size	_CfgEcuabCanIf_fptrNotificationBusOff,4
                          45 	.global	_CanIf_CtrlModeIndicationFctPtr
00000004 00000000*        46 _CanIf_CtrlModeIndicationFctPtr:	.word	_FblCw_ControllerModeIndication
                          47 	.type	_CanIf_CtrlModeIndicationFctPtr,@object
                          48 	.size	_CanIf_CtrlModeIndicationFctPtr,4
                          49 	.global	_CfgEcuabCanIf_QueueBufferTxPrioByIdCan
00000008 00               50 _CfgEcuabCanIf_QueueBufferTxPrioByIdCan:	.space	1

                                                                      Page 2
                                                              C:\Users\nhuliyap\AppData\Local\Temp\gh_00007bk1.s
00000009 0202             51 	.byte	2,2
0000000b 00               52 	.space	1
                          53 	.type	_CfgEcuabCanIf_QueueBufferTxPrioByIdCan,@object
                          54 	.size	_CfgEcuabCanIf_QueueBufferTxPrioByIdCan,4
                          55 	.global	_CfgEcuabCanIf_IdCtrl2MappedBuffersTx
0000000c 01               56 _CfgEcuabCanIf_IdCtrl2MappedBuffersTx:	.byte	1
0000000d 00               57 	.space	1
                          58 	.type	_CfgEcuabCanIf_IdCtrl2MappedBuffersTx,@object
                          59 	.size	_CfgEcuabCanIf_IdCtrl2MappedBuffersTx,2
                          60 	.global	_CfgEcuabCanIf_QueueBufferPdusMappedTxPrioByIdCan
0000000e 00               61 _CfgEcuabCanIf_QueueBufferPdusMappedTxPrioByIdCan:	.space	1
0000000f 01               62 	.byte	1
                          63 	.type	_CfgEcuabCanIf_QueueBufferPdusMappedTxPrioByIdCan,@object
                          64 	.size	_CfgEcuabCanIf_QueueBufferPdusMappedTxPrioByIdCan,2
                          65 	.global	_EcuabCanIf_IndexQueuePduTx
00000010 00               66 _EcuabCanIf_IndexQueuePduTx:	.space	1
00000011 01               67 	.byte	1
                          68 	.type	_EcuabCanIf_IndexQueuePduTx,@object
                          69 	.size	_EcuabCanIf_IndexQueuePduTx,2
                          70 	.global	_CfgEcuabCanIf_BuffersTxMapped
00000012 00               71 _CfgEcuabCanIf_BuffersTxMapped:	.space	1
                          72 	.type	_CfgEcuabCanIf_BuffersTxMapped,@object
                          73 	.size	_CfgEcuabCanIf_BuffersTxMapped,1
00000013 00               74 	.space	1
                          75 	.global	_CfgEcuabCanIf_ListFctIndicationRx
00000014 00000000         76 _CfgEcuabCanIf_ListFctIndicationRx:	.space	4
00000018 00               77 	.space	1
00000019 000000           78 	.space	3
0000001c 00000000*        79 	.word	_CanTp_RxIndication
00000020 01               80 	.byte	1
00000021 000000           81 	.space	3
                          82 	.type	_CfgEcuabCanIf_ListFctIndicationRx,@object
                          83 	.size	_CfgEcuabCanIf_ListFctIndicationRx,16
                          84 	.global	_CfgEcuabCanIf_PduRx
00000024 df07ff47         85 _CfgEcuabCanIf_PduRx:	.byte	223,7,255,71
00000028 01               86 	.byte	1
00000029 00               87 	.space	1
0000002a 01               88 	.byte	1
0000002b 00               89 	.space	1
0000002c 3a07ff07         90 	.byte	58,7,255,7
00000030 00               91 	.space	1
00000031 00               92 	.space	1
00000032 01               93 	.byte	1
00000033 00               94 	.space	1
                          95 	.type	_CfgEcuabCanIf_PduRx,@object
                          96 	.size	_CfgEcuabCanIf_PduRx,16
                          97 	.global	_EcuabCanIf_PduTx
00000034 7a07             98 _EcuabCanIf_PduTx:	.byte	122,7
00000036 00               99 	.space	1
00000037 00              100 	.space	1
00000038 08              101 	.byte	8
00000039 00              102 	.space	1
0000003a 01              103 	.byte	1
0000003b 00              104 	.space	1
0000003c 7a05            105 	.byte	122,5
0000003e 00              106 	.space	1
0000003f 00              107 	.space	1
00000040 08              108 	.byte	8
00000041 00              109 	.space	1
00000042 02              110 	.byte	2
00000043 00              111 	.space	1

                                                                      Page 3
                                                              C:\Users\nhuliyap\AppData\Local\Temp\gh_00007bk1.s
                         112 	.type	_EcuabCanIf_PduTx,@object
                         113 	.size	_EcuabCanIf_PduTx,16
                         114 	.global	_CfgEcuabCanIf_MailBox
00000044 00              115 _CfgEcuabCanIf_MailBox:	.space	1
00000045 00              116 	.space	1
00000046 00              117 	.space	1
00000047 00              118 	.space	1
00000048 0102            119 	.byte	1,2
0000004a 00              120 	.space	1
0000004b 00              121 	.space	1
0000004c 01ff            122 	.byte	1,255
0000004e 03              123 	.byte	3
0000004f 00              124 	.space	1
                         125 	.type	_CfgEcuabCanIf_MailBox,@object
                         126 	.size	_CfgEcuabCanIf_MailBox,12
                         127 	.global	_EcuabCanIf_ListFctConfirmationTx
00000050 00000000        128 _EcuabCanIf_ListFctConfirmationTx:	.space	4
00000054 00000000*       129 	.word	_CanTp_TxConfirmation
00000058 00000000*       130 	.word	_PduR_CanIfTxConfirmation
                         131 	.type	_EcuabCanIf_ListFctConfirmationTx,@object
                         132 	.size	_EcuabCanIf_ListFctConfirmationTx,12
                         133 	.data
                         134 	.sbss	_EcuabCanIf_QueueTx,20,1
                         135 	.type	_EcuabCanIf_QueueTx,@object
                         136 	.size	_EcuabCanIf_QueueTx,20
                         137 	.sbss	_EcuabCanIf_StatesCtrl,2,1
                         138 	.type	_EcuabCanIf_StatesCtrl,@object
                         139 	.size	_EcuabCanIf_StatesCtrl,2
                         140 	.sbss	_EcuabCanIf_BufferTxPrioByIdCanBase,1,1
                         141 	.type	_EcuabCanIf_BufferTxPrioByIdCanBase,@object
                         142 	.size	_EcuabCanIf_BufferTxPrioByIdCanBase,1
                         143 	.ghsnote version,17
                         144 	.ghsnote tools,3
                         145 	.ghsnote options,144
                         146 	.text
                         147 ..bof.C.3A.5C_ECU2.5CECU_Rivian_A1.5CTarget.5Crepo_projects.5CpFOTA.5CcL_LATEST.5Cmake.5Cobj.5CCfgEcuabCanIf...43.3A.5C_ECU2.5CECU_Rivian_A1.5CTarget.5Crepo_projects.5CpFOTA.5CcL_LATEST.5Cmake..64F86AA9..0::
                         148 ..eof.C.3A.5C_ECU2.5CECU_Rivian_A1.5CTarget.5Crepo_projects.5CpFOTA.5CcL_LATEST.5Cmake.5Cobj.5CCfgEcuabCanIf...43.3A.5C_ECU2.5CECU_Rivian_A1.5CTarget.5Crepo_projects.5CpFOTA.5CcL_LATEST.5Cmake..64F86AA9..0::
                         149 .rh850_flags REGMODE32,DATA_ALIGN8,GP_FIX,EP_NONFIX,TP_FIX,REG2_RESERVE,G3K,SDA_EXTRA_REGS_0
