                                                                      Page 1
                                                              C:\Users\nhuliyap\AppData\Local\Temp\gh_0000de01.s
Command Line: C:\GHS\comp_201517\ease850.exe -w -stderr=err/CfgEcuabFee.err -elf -b0 -I../source/_common -I../source/common -I../source/ecuabcanif -I../source/ecuabcantrcv -I../source/ecuabcryif -I../source/ecuabfee -I../source/ecuabmemif -I../source/libautosar -I../source/mcalcan -I../source/mcalcry -I../source/mcaldio -I../source/mcaleep -I../source/mcalfls -I../source/mcalmcu -I../source/projectara -I../source/projectcfg -I../source/projectcompiler -I../source/swcservicebswm -I../source/swcservicecantp -I../source/swcservicecomm -I../source/swcservicecsm -I../source/swcservicedcm -I../source/swcservicedem -I../source/swcservicedet -I../source/swcserviceecum -I../source/swcservicenvm -I../source/swcserviceos -I../source/swcservicepdur -I../source/swcserviceschm -I../source/swcservicestartup -I../source/wrappers/swcservicesecm -I../source/wrappers/vsecprim -I../source/wrappers/vstdlib -Ic:/ghs/comp_201517/ansi -Ic:/ghs/comp_201517/include/v800 -Igendata -IC:\GHS\comp_201517\lib\rh850 -cg_underscore -cpu=rh850g3k -nofpu -no_v850_simd -rh850_fpsimd=none -nomacro -patch_dbo=C:\_ECU2\ECU_Rivian_A1\Target\repo_projects\pFOTA\cL_LATEST\make\obj\CfgEcuabFee.dbo -source=CfgEcuabFee.c -o obj\gh_0000de01.o -list=lst/CfgEcuabFee.lst C:\Users\nhuliyap\AppData\Local\Temp\gh_0000de01.s 
Original File: C:\Users\nhuliyap\AppData\Local\Temp\gh_0000de01.s
Source File: CfgEcuabFee.c
Directory: C:\_ECU2\ECU_Rivian_A1\Target\repo_projects\pFOTA\cL_LATEST\make
Host OS: Windows
EASE: Copyright (C) 1983-2015 Green Hills Software.  All Rights Reserved.
Release: Compiler v2015.1.7
Build Directory: [Directory] BTOWORKER6:c:/build_2015_1_bto/2015-10-21.2100-2015_1_bto/win32-comp-ecom
Revision: [VCInfo] http://toolsvc/branches/release-branch-70-bto/src@544153 (built by build)
Revision Date: Thu Oct 22 07:50:13 2015

Release Date: Thu Oct 22 09:32:32 2015

                           1 --Driver Command: ccrh850 -DBRS_DERIVATIVE_701018 -DBRS_OSC_CLK=16
                           2 --		-DBRS_TIMEBASE_CLOCK=80 -DBRS_EVA_BOARD_
                           3 --		-DBRS_DERIVATIVE_GROUP_F1L -DBRS_OS_USECASE_BRS
                           4 --		-DBRS_PLATFORM_RH850 -DBRS_COMP_GHS
                           5 --		-DBRS_CPU_LOCAL_RAM_SIZE_CORE0=32
                           6 --		-DBRS_CPU_RAM_START_CORE0=0xFEDF8000 -list=lst/CfgEcuabFee.lst
                           7 --		-object_dir=obj -stderr=err/CfgEcuabFee.err -c -cpu=rh850
                           8 --		-sda=all -large_sda -prepare_dispose -pragma_asm_inline -no_callt
                           9 --		-inline_prologue -notda -reserve_r2 -fsoft
                          10 --		--unknown_pragma_warnings -list -g -Ogeneral -shortenum
                          11 --		-registermode=32 -I../source/_common -I../source/common
                          12 --		-I../source/ecuabcanif -I../source/ecuabcantrcv
                          13 --		-I../source/ecuabcryif -I../source/ecuabfee
                          14 --		-I../source/ecuabmemif -I../source/libautosar -I../source/mcalcan
                          15 --		-I../source/mcalcry -I../source/mcaldio -I../source/mcaleep
                          16 --		-I../source/mcalfls -I../source/mcalmcu -I../source/projectara
                          17 --		-I../source/projectcfg -I../source/projectcompiler
                          18 --		-I../source/swcservicebswm -I../source/swcservicecantp
                          19 --		-I../source/swcservicecomm -I../source/swcservicecsm
                          20 --		-I../source/swcservicedcm -I../source/swcservicedem
                          21 --		-I../source/swcservicedet -I../source/swcserviceecum
                          22 --		-I../source/swcservicenvm -I../source/swcserviceos
                          23 --		-I../source/swcservicepdur -I../source/swcserviceschm
                          24 --		-I../source/swcservicestartup -I../source/wrappers/swcservicesecm
                          25 --		-I../source/wrappers/vsecprim -I../source/wrappers/vstdlib
                          26 --		-Ic:/ghs/comp_201517/ansi -Ic:/ghs/comp_201517/include/v800
                          27 --		-Igendata ../source/ProjectCfg/CfgEcuabFee.c
                          28 --Source File:   ../source/ProjectCfg/CfgEcuabFee.c
                          29 --Directory:     
                          30 --		C:\_ECU2\ECU_Rivian_A1\Target\repo_projects\pFOTA\cL_LATEST\make
                          31 --Compile Date:  Wed Sep 06 14:03:56 2023
                          32 --Host OS:       Win32
                          33 --Version:       C-RH850 2015.1.7 RELEASE VERSION
                          34 --Release:       Compiler v2015.1.7
                          35 --Revision Date: Thu Oct 22 08:06:12 2015
                          36 --Release Date:  Thu Oct 22 09:34:32 2015
                          37 -- ecom  -g -w -OM
                          38 
                          39 	.section ".rosdata","a"
                          40 	.align	4
                          41 	.global	_EcuabFee_CbkJobEndNotification
00000000 00000000         42 _EcuabFee_CbkJobEndNotification:	.byte	0,0,0,0
                          43 	.type	_EcuabFee_CbkJobEndNotification,@object
                          44 	.size	_EcuabFee_CbkJobEndNotification,4
                          45 	.global	_EcuabFee_CbkJobErrorNotification
00000004 00000000         46 _EcuabFee_CbkJobErrorNotification:	.byte	0,0,0,0
                          47 	.type	_EcuabFee_CbkJobErrorNotification,@object
                          48 	.size	_EcuabFee_CbkJobErrorNotification,4
                          49 	.global	_EcuabFee_DatasetSelectionBits
00000008 01               50 _EcuabFee_DatasetSelectionBits:	.byte	1

                                                                      Page 2
                                                              C:\Users\nhuliyap\AppData\Local\Temp\gh_0000de01.s
                          51 	.type	_EcuabFee_DatasetSelectionBits,@object
                          52 	.size	_EcuabFee_DatasetSelectionBits,1
00000009 000000           53 	.space	3
                          54 	.global	_EcuabFee_PartitionConfigList
0000000c 00080000         55 _EcuabFee_PartitionConfigList:	.byte	0,8,0,0
00000010 40000800         56 	.byte	64,0,8,0
00000014 0800             57 	.byte	8,0
00000016 0000             58 	.space	2
00000018 00000000*        59 	.word	rosdaoff23(_EcuabFee_FlsApi0)
0000001c ff01             60 	.byte	255,1
0000001e 0400             61 	.byte	4,0
00000020 000c0000         62 	.byte	0,12,0,0
00000024 40000800         63 	.byte	64,0,8,0
00000028 0800             64 	.byte	8,0
0000002a 0000             65 	.space	2
0000002c 00000000*        66 	.word	rosdaoff23(_EcuabFee_FlsApi0)
00000030 ff01             67 	.byte	255,1
00000032 0200             68 	.byte	2,0
                          69 	.type	_EcuabFee_PartitionConfigList,@object
                          70 	.size	_EcuabFee_PartitionConfigList,40
                          71 	.global	_EcuabFee_BlockConfigList
00000034 00000000         72 _EcuabFee_BlockConfigList:	.space	4
00000038 04000102         73 	.byte	4,0,1,2
0000003c 00               74 	.space	1
0000003d 00               75 	.space	1
0000003e 0000             76 	.space	2
00000040 00000000         77 	.space	4
00000044 82000101         78 	.byte	130,0,1,1
00000048 00               79 	.space	1
00000049 00               80 	.space	1
0000004a 0000             81 	.space	2
                          82 	.type	_EcuabFee_BlockConfigList,@object
                          83 	.size	_EcuabFee_BlockConfigList,24
                          84 	.global	_EcuabFee_FlsApi0
0000004c 00000000*        85 _EcuabFee_FlsApi0:	.word	_Fls_Read
00000050 00000000*        86 	.word	_Fls_Write
00000054 00000000*        87 	.word	_Fls_Compare
00000058 00000000*        88 	.word	_Fls_Erase
0000005c 00000000*        89 	.word	_Fls_BlankCheck
00000060 00000000*        90 	.word	_Fls_GetStatus
00000064 00000000*        91 	.word	_Fls_GetJobResult
                          92 	.type	_EcuabFee_FlsApi0,@object
                          93 	.size	_EcuabFee_FlsApi0,28
                          94 	.data
                          95 	.ghsnote version,17
                          96 	.ghsnote tools,3
                          97 	.ghsnote options,144
                          98 	.text
                          99 ..bof.C.3A.5C_ECU2.5CECU_Rivian_A1.5CTarget.5Crepo_projects.5CpFOTA.5CcL_LATEST.5Cmake.5Cobj.5CCfgEcuabFee...43.3A.5C_ECU2.5CECU_Rivian_A1.5CTarget.5Crepo_projects.5CpFOTA.5CcL_LATEST.5Cmake..64F86AAC..0::
                         100 ..eof.C.3A.5C_ECU2.5CECU_Rivian_A1.5CTarget.5Crepo_projects.5CpFOTA.5CcL_LATEST.5Cmake.5Cobj.5CCfgEcuabFee...43.3A.5C_ECU2.5CECU_Rivian_A1.5CTarget.5Crepo_projects.5CpFOTA.5CcL_LATEST.5Cmake..64F86AAC..0::
                         101 .rh850_flags REGMODE32,DATA_ALIGN8,GP_FIX,EP_NONFIX,TP_FIX,REG2_RESERVE,G3K,SDA_EXTRA_REGS_0
