                                                                      Page 1
                                                              C:\Users\nhuliyap\AppData\Local\Temp\gh_00005v81.s
Command Line: C:\GHS\comp_201517\ease850.exe -w -stderr=err/CfgMcalCan.err -elf -b0 -I../source/_common -I../source/common -I../source/ecuabcanif -I../source/ecuabcantrcv -I../source/ecuabcryif -I../source/ecuabfee -I../source/ecuabmemif -I../source/libautosar -I../source/mcalcan -I../source/mcalcry -I../source/mcaldio -I../source/mcaleep -I../source/mcalfls -I../source/mcalmcu -I../source/projectara -I../source/projectcfg -I../source/projectcompiler -I../source/swcservicebswm -I../source/swcservicecantp -I../source/swcservicecomm -I../source/swcservicecsm -I../source/swcservicedcm -I../source/swcservicedem -I../source/swcservicedet -I../source/swcserviceecum -I../source/swcservicenvm -I../source/swcserviceos -I../source/swcservicepdur -I../source/swcserviceschm -I../source/swcservicestartup -I../source/wrappers/swcservicesecm -I../source/wrappers/vsecprim -I../source/wrappers/vstdlib -Ic:/ghs/comp_201517/ansi -Ic:/ghs/comp_201517/include/v800 -Igendata -IC:\GHS\comp_201517\lib\rh850 -cg_underscore -cpu=rh850g3k -nofpu -no_v850_simd -rh850_fpsimd=none -nomacro -patch_dbo=C:\_ECU2\ECU_Rivian_A1\Target\repo_projects\pFOTA\cL_LATEST\make\obj\CfgMcalCan.dbo -source=CfgMcalCan.c -o obj\gh_00005v81.o -list=lst/CfgMcalCan.lst C:\Users\nhuliyap\AppData\Local\Temp\gh_00005v81.s 
Original File: C:\Users\nhuliyap\AppData\Local\Temp\gh_00005v81.s
Source File: CfgMcalCan.c
Directory: C:\_ECU2\ECU_Rivian_A1\Target\repo_projects\pFOTA\cL_LATEST\make
Host OS: Windows
EASE: Copyright (C) 1983-2015 Green Hills Software.  All Rights Reserved.
Release: Compiler v2015.1.7
Build Directory: [Directory] BTOWORKER6:c:/build_2015_1_bto/2015-10-21.2100-2015_1_bto/win32-comp-ecom
Revision: [VCInfo] http://toolsvc/branches/release-branch-70-bto/src@544153 (built by build)
Revision Date: Thu Oct 22 07:50:13 2015

Release Date: Thu Oct 22 09:32:32 2015

                           1 --Driver Command: ccrh850 -DBRS_DERIVATIVE_701018 -DBRS_OSC_CLK=16
                           2 --		-DBRS_TIMEBASE_CLOCK=80 -DBRS_EVA_BOARD_
                           3 --		-DBRS_DERIVATIVE_GROUP_F1L -DBRS_OS_USECASE_BRS
                           4 --		-DBRS_PLATFORM_RH850 -DBRS_COMP_GHS
                           5 --		-DBRS_CPU_LOCAL_RAM_SIZE_CORE0=32
                           6 --		-DBRS_CPU_RAM_START_CORE0=0xFEDF8000 -list=lst/CfgMcalCan.lst
                           7 --		-object_dir=obj -stderr=err/CfgMcalCan.err -c -cpu=rh850 -sda=all
                           8 --		-large_sda -prepare_dispose -pragma_asm_inline -no_callt
                           9 --		-inline_prologue -notda -reserve_r2 -fsoft
                          10 --		--unknown_pragma_warnings -list -g -Ogeneral -shortenum
                          11 --		-registermode=32 -I../source/_common -I../source/common
                          12 --		-I../source/ecuabcanif -I../source/ecuabcantrcv
                          13 --		-I../source/ecuabcryif -I../source/ecuabfee
                          14 --		-I../source/ecuabmemif -I../source/libautosar -I../source/mcalcan
                          15 --		-I../source/mcalcry -I../source/mcaldio -I../source/mcaleep
                          16 --		-I../source/mcalfls -I../source/mcalmcu -I../source/projectara
                          17 --		-I../source/projectcfg -I../source/projectcompiler
                          18 --		-I../source/swcservicebswm -I../source/swcservicecantp
                          19 --		-I../source/swcservicecomm -I../source/swcservicecsm
                          20 --		-I../source/swcservicedcm -I../source/swcservicedem
                          21 --		-I../source/swcservicedet -I../source/swcserviceecum
                          22 --		-I../source/swcservicenvm -I../source/swcserviceos
                          23 --		-I../source/swcservicepdur -I../source/swcserviceschm
                          24 --		-I../source/swcservicestartup -I../source/wrappers/swcservicesecm
                          25 --		-I../source/wrappers/vsecprim -I../source/wrappers/vstdlib
                          26 --		-Ic:/ghs/comp_201517/ansi -Ic:/ghs/comp_201517/include/v800
                          27 --		-Igendata ../source/ProjectCfg/CfgMcalCan.c
                          28 --Source File:   ../source/ProjectCfg/CfgMcalCan.c
                          29 --Directory:     
                          30 --		C:\_ECU2\ECU_Rivian_A1\Target\repo_projects\pFOTA\cL_LATEST\make
                          31 --Compile Date:  Wed Sep 06 14:03:58 2023
                          32 --Host OS:       Win32
                          33 --Version:       C-RH850 2015.1.7 RELEASE VERSION
                          34 --Release:       Compiler v2015.1.7
                          35 --Revision Date: Thu Oct 22 08:06:12 2015
                          36 --Release Date:  Thu Oct 22 09:34:32 2015
                          37 -- ecom  -g -w -OM
                          38 
                          39 	.section ".rosdata","a"
                          40 	.align	4
                          41 	.global	_Can_InitObjectBitTiming
00000000 01003a02         42 _Can_InitObjectBitTiming:	.byte	1,0,58,2
                          43 	.type	_Can_InitObjectBitTiming,@object
                          44 	.size	_Can_InitObjectBitTiming,4
                          45 	.global	_Can_RxFifoData
00000004 00               46 _Can_RxFifoData:	.space	1
00000005 01               47 	.byte	1
00000006 00               48 	.space	1
00000007 01               49 	.byte	1
                          50 	.type	_Can_RxFifoData,@object

                                                                      Page 2
                                                              C:\Users\nhuliyap\AppData\Local\Temp\gh_00005v81.s
                          51 	.size	_Can_RxFifoData,4
                          52 	.global	_Can_InitFilterRules
00000008 00               53 _Can_InitFilterRules:	.space	1
00000009 00               54 	.space	1
                          55 	.type	_Can_InitFilterRules,@object
                          56 	.size	_Can_InitFilterRules,2
                          57 	.global	_Can_InitObjectBaudrate
0000000a f401             58 _Can_InitObjectBaudrate:	.byte	244,1
                          59 	.type	_Can_InitObjectBaudrate,@object
                          60 	.size	_Can_InitObjectBaudrate,2
                          61 	.global	_Can_InitObjectStartIndex
0000000c 00               62 _Can_InitObjectStartIndex:	.space	1
0000000d 01               63 	.byte	1
                          64 	.type	_Can_InitObjectStartIndex,@object
                          65 	.size	_Can_InitObjectStartIndex,2
                          66 	.global	_Can_CanIfChannelId
0000000e 00               67 _Can_CanIfChannelId:	.space	1
                          68 	.type	_Can_CanIfChannelId,@object
                          69 	.size	_Can_CanIfChannelId,1
                          70 	.global	_Can_MemorySectionInfo
0000000f 00               71 _Can_MemorySectionInfo:	.space	1
                          72 	.type	_Can_MemorySectionInfo,@object
                          73 	.size	_Can_MemorySectionInfo,1
                          74 	.global	_Can_ChannelData
00000010 ff               75 _Can_ChannelData:	.byte	255
00000011 00               76 	.space	1
00000012 0101             77 	.byte	1,1
00000014 00               78 	.space	1
00000015 01               79 	.byte	1
00000016 00               80 	.space	1
00000017 00               81 	.space	1
                          82 	.type	_Can_ChannelData,@object
                          83 	.size	_Can_ChannelData,8
                          84 	.global	_Can_Mailbox
00000018 00               85 _Can_Mailbox:	.space	1
00000019 00               86 	.space	1
0000001a 00               87 	.space	1
0000001b 00               88 	.space	1
0000001c 0102             89 	.byte	1,2
0000001e 08               90 	.byte	8
0000001f 00               91 	.space	1
00000020 00               92 	.space	1
00000021 00               93 	.space	1
00000022 00               94 	.space	1
00000023 00               95 	.space	1
00000024 04               96 	.byte	4
00000025 00               97 	.space	1
00000026 0810             98 	.byte	8,16
                          99 	.type	_Can_Mailbox,@object
                         100 	.size	_Can_Mailbox,16
                         101 	.global	_Can_MemorySectionObjects
00000028 00              102 _Can_MemorySectionObjects:	.space	1
00000029 00              103 	.space	1
0000002a 00              104 	.space	1
0000002b 01              105 	.byte	1
0000002c 00              106 	.space	1
0000002d 00              107 	.space	1
0000002e 02              108 	.byte	2
0000002f 00              109 	.space	1
00000030 00              110 	.space	1
00000031 03              111 	.byte	3

                                                                      Page 3
                                                              C:\Users\nhuliyap\AppData\Local\Temp\gh_00005v81.s
00000032 00              112 	.space	1
00000033 00              113 	.space	1
00000034 04              114 	.byte	4
00000035 00              115 	.space	1
00000036 00              116 	.space	1
00000037 05              117 	.byte	5
00000038 00              118 	.space	1
00000039 00              119 	.space	1
0000003a 06              120 	.byte	6
0000003b 00              121 	.space	1
0000003c 00              122 	.space	1
0000003d 07              123 	.byte	7
0000003e 00              124 	.space	1
0000003f 00              125 	.space	1
00000040 08              126 	.byte	8
00000041 00              127 	.space	1
00000042 00              128 	.space	1
00000043 09              129 	.byte	9
00000044 00              130 	.space	1
00000045 00              131 	.space	1
00000046 0a              132 	.byte	10
00000047 00              133 	.space	1
00000048 00              134 	.space	1
00000049 0b              135 	.byte	11
0000004a 00              136 	.space	1
0000004b 00              137 	.space	1
0000004c 0c              138 	.byte	12
0000004d 00              139 	.space	1
0000004e 00              140 	.space	1
0000004f 0d              141 	.byte	13
00000050 00              142 	.space	1
00000051 00              143 	.space	1
00000052 0e              144 	.byte	14
00000053 00              145 	.space	1
00000054 00              146 	.space	1
00000055 0f              147 	.byte	15
00000056 00              148 	.space	1
00000057 00              149 	.space	1
                         150 	.type	_Can_MemorySectionObjects,@object
                         151 	.size	_Can_MemorySectionObjects,48
                         152 	.global	_Can_ControllerConfig
00000058 f401            153 _Can_ControllerConfig:	.byte	244,1
0000005a 00              154 	.space	1
0000005b 02010101        155 	.byte	2,1,1,1
0000005f 01              156 	.byte	1
00000060 00              157 	.space	1
00000061 00              158 	.space	1
00000062 0101            159 	.byte	1,1
00000064 01              160 	.byte	1
00000065 00              161 	.space	1
00000066 0101            162 	.byte	1,1
00000068 01              163 	.byte	1
00000069 00              164 	.space	1
0000006a 00              165 	.space	1
0000006b 00              166 	.space	1
                         167 	.type	_Can_ControllerConfig,@object
                         168 	.size	_Can_ControllerConfig,20
                         169 	.data
                         170 	.sbss	_Can_ControllerData,48,4
                         171 	.type	_Can_ControllerData,@object
                         172 	.size	_Can_ControllerData,48

                                                                      Page 4
                                                              C:\Users\nhuliyap\AppData\Local\Temp\gh_00005v81.s
                         173 	.sbss	_Can_ActiveSendObject,4,2
                         174 	.type	_Can_ActiveSendObject,@object
                         175 	.size	_Can_ActiveSendObject,4
                         176 	.ghsnote version,17
                         177 	.ghsnote tools,3
                         178 	.ghsnote options,144
                         179 	.text
                         180 ..bof.C.3A.5C_ECU2.5CECU_Rivian_A1.5CTarget.5Crepo_projects.5CpFOTA.5CcL_LATEST.5Cmake.5Cobj.5CCfgMcalCan...43.3A.5C_ECU2.5CECU_Rivian_A1.5CTarget.5Crepo_projects.5CpFOTA.5CcL_LATEST.5Cmake..64F86AAE..0::
                         181 ..eof.C.3A.5C_ECU2.5CECU_Rivian_A1.5CTarget.5Crepo_projects.5CpFOTA.5CcL_LATEST.5Cmake.5Cobj.5CCfgMcalCan...43.3A.5C_ECU2.5CECU_Rivian_A1.5CTarget.5Crepo_projects.5CpFOTA.5CcL_LATEST.5Cmake..64F86AAE..0::
                         182 .rh850_flags REGMODE32,DATA_ALIGN8,GP_FIX,EP_NONFIX,TP_FIX,REG2_RESERVE,G3K,SDA_EXTRA_REGS_0
