                                                                      Page 1
                                                              C:\Users\nhuliyap\AppData\Local\Temp\gh_0000a0s1.s
Command Line: C:\GHS\comp_201517\ease850.exe -w -stderr=err/EcuabFee_TaskManager.err -elf -b0 -I../source/_common -I../source/common -I../source/ecuabcanif -I../source/ecuabcantrcv -I../source/ecuabcryif -I../source/ecuabfee -I../source/ecuabmemif -I../source/libautosar -I../source/mcalcan -I../source/mcalcry -I../source/mcaldio -I../source/mcaleep -I../source/mcalfls -I../source/mcalmcu -I../source/projectara -I../source/projectcfg -I../source/projectcompiler -I../source/swcservicebswm -I../source/swcservicecantp -I../source/swcservicecomm -I../source/swcservicecsm -I../source/swcservicedcm -I../source/swcservicedem -I../source/swcservicedet -I../source/swcserviceecum -I../source/swcservicenvm -I../source/swcserviceos -I../source/swcservicepdur -I../source/swcserviceschm -I../source/swcservicestartup -I../source/wrappers/swcservicesecm -I../source/wrappers/vsecprim -I../source/wrappers/vstdlib -Ic:/ghs/comp_201517/ansi -Ic:/ghs/comp_201517/include/v800 -Igendata -IC:\GHS\comp_201517\lib\rh850 -cg_underscore -cpu=rh850g3k -nofpu -no_v850_simd -rh850_fpsimd=none -nomacro -patch_dbo=C:\_ECU2\ECU_Rivian_A1\Target\repo_projects\pFOTA\cL_LATEST\make\obj\EcuabFee_TaskManager.dbo -source=EcuabFee_TaskManager.c -o obj\gh_0000a0s1.o -list=lst/EcuabFee_TaskManager.lst C:\Users\nhuliyap\AppData\Local\Temp\gh_0000a0s1.s 
Original File: C:\Users\nhuliyap\AppData\Local\Temp\gh_0000a0s1.s
Source File: EcuabFee_TaskManager.c
Directory: C:\_ECU2\ECU_Rivian_A1\Target\repo_projects\pFOTA\cL_LATEST\make
Host OS: Windows
EASE: Copyright (C) 1983-2015 Green Hills Software.  All Rights Reserved.
Release: Compiler v2015.1.7
Build Directory: [Directory] BTOWORKER6:c:/build_2015_1_bto/2015-10-21.2100-2015_1_bto/win32-comp-ecom
Revision: [VCInfo] http://toolsvc/branches/release-branch-70-bto/src@544153 (built by build)
Revision Date: Thu Oct 22 07:50:13 2015

Release Date: Thu Oct 22 09:32:32 2015

                           1 --Driver Command: ccrh850 -DBRS_DERIVATIVE_701018 -DBRS_OSC_CLK=16
                           2 --		-DBRS_TIMEBASE_CLOCK=80 -DBRS_EVA_BOARD_
                           3 --		-DBRS_DERIVATIVE_GROUP_F1L -DBRS_OS_USECASE_BRS
                           4 --		-DBRS_PLATFORM_RH850 -DBRS_COMP_GHS
                           5 --		-DBRS_CPU_LOCAL_RAM_SIZE_CORE0=32
                           6 --		-DBRS_CPU_RAM_START_CORE0=0xFEDF8000
                           7 --		-list=lst/EcuabFee_TaskManager.lst -object_dir=obj
                           8 --		-stderr=err/EcuabFee_TaskManager.err -c -cpu=rh850 -sda=all
                           9 --		-large_sda -prepare_dispose -pragma_asm_inline -no_callt
                          10 --		-inline_prologue -notda -reserve_r2 -fsoft
                          11 --		--unknown_pragma_warnings -list -g -Ogeneral -shortenum
                          12 --		-registermode=32 -I../source/_common -I../source/common
                          13 --		-I../source/ecuabcanif -I../source/ecuabcantrcv
                          14 --		-I../source/ecuabcryif -I../source/ecuabfee
                          15 --		-I../source/ecuabmemif -I../source/libautosar -I../source/mcalcan
                          16 --		-I../source/mcalcry -I../source/mcaldio -I../source/mcaleep
                          17 --		-I../source/mcalfls -I../source/mcalmcu -I../source/projectara
                          18 --		-I../source/projectcfg -I../source/projectcompiler
                          19 --		-I../source/swcservicebswm -I../source/swcservicecantp
                          20 --		-I../source/swcservicecomm -I../source/swcservicecsm
                          21 --		-I../source/swcservicedcm -I../source/swcservicedem
                          22 --		-I../source/swcservicedet -I../source/swcserviceecum
                          23 --		-I../source/swcservicenvm -I../source/swcserviceos
                          24 --		-I../source/swcservicepdur -I../source/swcserviceschm
                          25 --		-I../source/swcservicestartup -I../source/wrappers/swcservicesecm
                          26 --		-I../source/wrappers/vsecprim -I../source/wrappers/vstdlib
                          27 --		-Ic:/ghs/comp_201517/ansi -Ic:/ghs/comp_201517/include/v800
                          28 --		-Igendata ../source/EcuabFee/EcuabFee_TaskManager.c
                          29 --Source File:   ../source/EcuabFee/EcuabFee_TaskManager.c
                          30 --Directory:     
                          31 --		C:\_ECU2\ECU_Rivian_A1\Target\repo_projects\pFOTA\cL_LATEST\make
                          32 --Compile Date:  Wed Sep 06 14:06:16 2023
                          33 --Host OS:       Win32
                          34 --Version:       C-RH850 2015.1.7 RELEASE VERSION
                          35 --Release:       Compiler v2015.1.7
                          36 --Revision Date: Thu Oct 22 08:06:12 2015
                          37 --Release Date:  Thu Oct 22 09:34:32 2015
                          38 -- ecom  -g -w -OM
                          39 	.text
                          40 ..bof.C.3A.5C_ECU2.5CECU_Rivian_A1.5CTarget.5Crepo_projects.5CpFOTA.5CcL_LATEST.5Cmake.5Cobj.5CEcuabFee_TaskManager...43.3A.5C_ECU2.5CECU_Rivian_A1.5CTarget.5Crepo_projects.5CpFOTA.5CcL_LATEST.5Cmake..64F86B38..0::
                          41 	.align	2
                          42 ..gh.f.f.1.e.0:
                          43 	.type	..gh.f.f.1.e.0,@object
                          44 	.size	..gh.f.f.1.e.0,0
                          45 	.global	_EcuabFee_Tm_GetActiveTask..C.3A.5C_ECU2.5CECU_Rivian_A1.5CTarget.5Crepo_projects.5CpFOTA.5CcL_LATEST.5Cmake.5Cobj.5CEcuabFee_TaskManager.
                          46 _EcuabFee_Tm_GetActiveTask..C.3A.5C_ECU2.5CECU_Rivian_A1.5CTarget.5Crepo_projects.5CpFOTA.5CcL_LATEST.5Cmake.5Cobj.5CEcuabFee_TaskManager.:
                          47 _EcuabFee_Tm_GetActiveTask:
                          48 --	    .bf
                          49 .LDW01:
00000000 0052             50 	mov	0,r10

                                                                      Page 2
                                                              C:\Users\nhuliyap\AppData\Local\Temp\gh_0000a0s1.s
00000002 0292             51 	mov	2,r18
                          52 .L6:
00000004 12f0             53 	mov	r18,ep
00000006 c2f2             54 	shl	2,ep
00000008 c4f1             55 	add	gp,ep
0000000a 9e0709480000*    56 	ld.w	sdaoff23(_EcuabFee_Tm_ExecuteServiceStack)[ep],r9
00000010 e049             57 	cmp	zero,r9
00000012 b205*            58 	be	.L7
00000014 0950             59 	mov	r9,r10
                          60 --	    .ef
                          61 .LDW11:
                          62 --line30
                          63 ..lin.C.3A.5C_ECU2.5CECU_Rivian_A1.5CTarget.5Crepo_projects.5CpFOTA.5CcL_LATEST.5Cmake.5Cobj.5CEcuabFee_TaskManager.1::
                          64 .LDWlin1:
00000016 7f00             65 	jmp	[lp]
                          66 .L7:
                          67 --line34
                          68 ..lin.C.3A.5C_ECU2.5CECU_Rivian_A1.5CTarget.5Crepo_projects.5CpFOTA.5CcL_LATEST.5Cmake.5Cobj.5CEcuabFee_TaskManager.2::
                          69 .LDWlin2:
00000018 5f92             70 	add	-1,r18
0000001a dcf5*            71 	bp	.L6
0000001c 7f00             72 	jmp	[lp]
                          73 	.type	_EcuabFee_Tm_GetActiveTask,@function
                          74 	.size	_EcuabFee_Tm_GetActiveTask,.-_EcuabFee_Tm_GetActiveTask
                          75 	.type	_EcuabFee_Tm_GetActiveTask..C.3A.5C_ECU2.5CECU_Rivian_A1.5CTarget.5Crepo_projects.5CpFOTA.5CcL_LATEST.5Cmake.5Cobj.5CEcuabFee_TaskManager.,@function
                          76 	.size	_EcuabFee_Tm_GetActiveTask..C.3A.5C_ECU2.5CECU_Rivian_A1.5CTarget.5Crepo_projects.5CpFOTA.5CcL_LATEST.5Cmake.5Cobj.5CEcuabFee_TaskManager.,.-_EcuabFee_Tm_GetActiveTask..C.3A.5C_ECU2.5CECU_Rivian_A1.5CTarget.5Crepo_projects.5CpFOTA.5CcL_LATEST.5Cmake.5Cobj.5CEcuabFee_TaskManager.
                          77 	.align	2
                          78 .LDW21:
                          79 --_LoopCounter	r18	local
                          80 --_returnValue	r10	local
                          81 
                          82 	.section ".bss","awb"
                          83 .L53:
                          84 	.type	.L53,@object
                          85 	.size	.L53,0
                          86 	.section ".sbss","awb"
                          87 	.align	4
                          88 	.global	_EcuabFee_Tm_ExecuteServiceStack..C.3A.5C_ECU2.5CECU_Rivian_A1.5CTarget.5Crepo_projects.5CpFOTA.5CcL_LATEST.5Cmake.5Cobj.5CEcuabFee_TaskManager.
                          89 _EcuabFee_Tm_ExecuteServiceStack..C.3A.5C_ECU2.5CECU_Rivian_A1.5CTarget.5Crepo_projects.5CpFOTA.5CcL_LATEST.5Cmake.5Cobj.5CEcuabFee_TaskManager.:
00000000 000000000000     90 _EcuabFee_Tm_ExecuteServiceStack:	.space	12
00000006 000000000000 
                          91 	.type	_EcuabFee_Tm_ExecuteServiceStack..C.3A.5C_ECU2.5CECU_Rivian_A1.5CTarget.5Crepo_projects.5CpFOTA.5CcL_LATEST.5Cmake.5Cobj.5CEcuabFee_TaskManager.,@object
                          92 	.size	_EcuabFee_Tm_ExecuteServiceStack..C.3A.5C_ECU2.5CECU_Rivian_A1.5CTarget.5Crepo_projects.5CpFOTA.5CcL_LATEST.5Cmake.5Cobj.5CEcuabFee_TaskManager.,12
                          93 	.type	_EcuabFee_Tm_ExecuteServiceStack,@object
                          94 	.size	_EcuabFee_Tm_ExecuteServiceStack,12
                          95 	.global	_EcuabFee_Tm_CancelServiceStack..C.3A.5C_ECU2.5CECU_Rivian_A1.5CTarget.5Crepo_projects.5CpFOTA.5CcL_LATEST.5Cmake.5Cobj.5CEcuabFee_TaskManager.
                          96 _EcuabFee_Tm_CancelServiceStack..C.3A.5C_ECU2.5CECU_Rivian_A1.5CTarget.5Crepo_projects.5CpFOTA.5CcL_LATEST.5Cmake.5Cobj.5CEcuabFee_TaskManager.:
0000000c 000000000000     97 _EcuabFee_Tm_CancelServiceStack:	.space	12
00000012 000000000000 
                          98 	.type	_EcuabFee_Tm_CancelServiceStack..C.3A.5C_ECU2.5CECU_Rivian_A1.5CTarget.5Crepo_projects.5CpFOTA.5CcL_LATEST.5Cmake.5Cobj.5CEcuabFee_TaskManager.,@object
                          99 	.size	_EcuabFee_Tm_CancelServiceStack..C.3A.5C_ECU2.5CECU_Rivian_A1.5CTarget.5Crepo_projects.5CpFOTA.5CcL_LATEST.5Cmake.5Cobj.5CEcuabFee_TaskManager.,12
                         100 	.type	_EcuabFee_Tm_CancelServiceStack,@object
                         101 	.size	_EcuabFee_Tm_CancelServiceStack,12
                         102 	.data
                         103 	.text
                         104 	.align	2
                         105 	.align	2
                         106 ..gh.f.f.1.e.1:
                         107 	.type	..gh.f.f.1.e.1,@object
                         108 	.size	..gh.f.f.1.e.1,0
                         109 	.global	_EcuabFee_Tm_Init

                                                                      Page 3
                                                              C:\Users\nhuliyap\AppData\Local\Temp\gh_0000a0s1.s
                         110 _EcuabFee_Tm_Init:
                         111 --	    .bf
                         112 .LDW31:
0000001e 008a            113 	mov	0,r17
                         114 .L109:
00000020 1190            115 	mov	r17,r18
00000022 c292            116 	shl	2,r18
00000024 04f0            117 	mov	gp,ep
00000026 d2f1            118 	add	r18,ep
00000028 9e070f000000*   119 	st.w	zero,sdaoff23(_EcuabFee_Tm_ExecuteServiceStack)[ep]
0000002e c491            120 	add	gp,r18
00000030 418a            121 	add	1,r17
00000032 92070f000000*   122 	st.w	zero,sdaoff23(_EcuabFee_Tm_CancelServiceStack)[r18]
00000038 638a            123 	cmp	3,r17
0000003a b1f5*           124 	bl	.L109
                         125 --	    .ef
                         126 .LDW41:
                         127 --line49
                         128 ..lin.C.3A.5C_ECU2.5CECU_Rivian_A1.5CTarget.5Crepo_projects.5CpFOTA.5CcL_LATEST.5Cmake.5Cobj.5CEcuabFee_TaskManager.3::
                         129 .LDWlin3:
0000003c 7f00            130 	jmp	[lp]
                         131 	.type	_EcuabFee_Tm_Init,@function
                         132 	.size	_EcuabFee_Tm_Init,.-_EcuabFee_Tm_Init
                         133 	.align	2
                         134 .LDW51:
                         135 --_LoopCounter	r17	local
                         136 
                         137 	.section ".bss","awb"
                         138 .L134:
                         139 	.type	.L134,@object
                         140 	.size	.L134,0
                         141 	.data
                         142 	.text
                         143 	.align	2
                         144 	.align	2
                         145 ..gh.f.f.1.e.2:
                         146 	.type	..gh.f.f.1.e.2,@object
                         147 	.size	..gh.f.f.1.e.2,0
                         148 	.global	_EcuabFee_Tm_AddTask
                         149 _EcuabFee_Tm_AddTask:
0000003e 0798            150 	mov	r7,r19
00000040 8800            151 	zxb	r8
                         152 --	    .bf
                         153 .LDW61:
00000042 c242            154 	shl	2,r8
00000044 270600000000*   155 	mov	sdaoff23(_EcuabFee_Tm_ExecuteServiceStack),r7
0000004a c839            156 	add	r8,r7
0000004c 27970100        157 	ld.w	0[r7],r18
00000050 e091            158 	cmp	zero,r18
00000052 ca0d*           159 	bne	.L169
00000054 3e0600000000*   160 	mov	sdaoff23(_EcuabFee_Tm_CancelServiceStack),ep
0000005a c8f1            161 	add	r8,ep
0000005c 008d            162 	sld.w	0[ep],r17
0000005e e089            163 	cmp	zero,r17
00000060 da05*           164 	bne	.L169
                         165 --line56
                         166 ..lin.C.3A.5C_ECU2.5CECU_Rivian_A1.5CTarget.5Crepo_projects.5CpFOTA.5CcL_LATEST.5Cmake.5Cobj.5CEcuabFee_TaskManager.4::
                         167 .LDWlin4:
00000062 67370100        168 	st.w	r6,0[r7]
00000066 019d            169 	sst.w	r19,0[ep]
00000068 a505*           170 	br	.L167

                                                                      Page 4
                                                              C:\Users\nhuliyap\AppData\Local\Temp\gh_0000a0s1.s
                         171 .L169:
                         172 --line61
                         173 ..lin.C.3A.5C_ECU2.5CECU_Rivian_A1.5CTarget.5Crepo_projects.5CpFOTA.5CcL_LATEST.5Cmake.5Cobj.5CEcuabFee_TaskManager.5::
                         174 .LDWlin5:
0000006a 018a            175 	mov	1,r17
                         176 .L167:
0000006c 1150            177 	mov	r17,r10
                         178 --	    .ef
                         179 .LDW71:
0000006e 7f00            180 	jmp	[lp]
                         181 	.type	_EcuabFee_Tm_AddTask,@function
                         182 	.size	_EcuabFee_Tm_AddTask,.-_EcuabFee_Tm_AddTask
                         183 	.align	2
                         184 .LDW81:
                         185 --_retVal	r10	local
                         186 
                         187 --_ExecuteService	r6	param
                         188 --_CancelService	r19	param
                         189 --_Layer	r8	param
                         190 
                         191 	.section ".bss","awb"
                         192 .L220:
                         193 	.type	.L220,@object
                         194 	.size	.L220,0
                         195 	.data
                         196 	.text
                         197 	.align	2
                         198 	.align	2
                         199 ..gh.f.f.1.e.3:
                         200 	.type	..gh.f.f.1.e.3,@object
                         201 	.size	..gh.f.f.1.e.3,0
                         202 	.global	_EcuabFee_Tm_RemoveTask
                         203 _EcuabFee_Tm_RemoveTask:
00000070 0798            204 	mov	r7,r19
00000072 8800            205 	zxb	r8
                         206 --	    .bf
                         207 .LDW91:
00000074 c242            208 	shl	2,r8
00000076 270600000000*   209 	mov	sdaoff23(_EcuabFee_Tm_ExecuteServiceStack),r7
0000007c c839            210 	add	r8,r7
0000007e 27970100        211 	ld.w	0[r7],r18
00000082 e691            212 	cmp	r6,r18
00000084 ba0d*           213 	bne	.L274
00000086 3e0600000000*   214 	mov	sdaoff23(_EcuabFee_Tm_CancelServiceStack),ep
0000008c c8f1            215 	add	r8,ep
0000008e 008d            216 	sld.w	0[ep],r17
00000090 f389            217 	cmp	r19,r17
00000092 ca05*           218 	bne	.L274
                         219 --line69
                         220 ..lin.C.3A.5C_ECU2.5CECU_Rivian_A1.5CTarget.5Crepo_projects.5CpFOTA.5CcL_LATEST.5Cmake.5Cobj.5CEcuabFee_TaskManager.6::
                         221 .LDWlin6:
00000094 67070100        222 	st.w	zero,0[r7]
00000098 0105            223 	sst.w	zero,0[ep]
                         224 .L274:
                         225 --	    .ef
                         226 .LDW02:
0000009a 7f00            227 	jmp	[lp]
                         228 	.type	_EcuabFee_Tm_RemoveTask,@function
                         229 	.size	_EcuabFee_Tm_RemoveTask,.-_EcuabFee_Tm_RemoveTask
                         230 	.align	2
                         231 .LDW12:

                                                                      Page 5
                                                              C:\Users\nhuliyap\AppData\Local\Temp\gh_0000a0s1.s
                         232 
                         233 --_ExecuteService	r6	param
                         234 --_CancelService	r19	param
                         235 --_Layer	r8	param
                         236 
                         237 	.section ".bss","awb"
                         238 .L315:
                         239 	.type	.L315,@object
                         240 	.size	.L315,0
                         241 	.data
                         242 	.text
                         243 	.align	2
                         244 	.align	2
                         245 ..gh.f.f.1.e.4:
                         246 	.type	..gh.f.f.1.e.4,@object
                         247 	.size	..gh.f.f.1.e.4,0
                         248 	.global	_EcuabFee_Tm_ExecuteTask
                         249 _EcuabFee_Tm_ExecuteTask:
0000009c 80076100        250 	prepare	{r29,r31},0
                         251 --	    .bf
                         252 .LDW22:
                         253 	jarl	_EcuabFee_Tm_GetActiveTask,lp
                         253 <EXPANSION BEGIN>
                         253 jarl22 _EcuabFee_Tm_GetActiveTask , lp 
000000a0 bfff60ff*       253 <EXPANSION END>
000000a4 0ae8            254 	mov	r10,r29
                         255 --line77
                         256 ..lin.C.3A.5C_ECU2.5CECU_Rivian_A1.5CTarget.5Crepo_projects.5CpFOTA.5CcL_LATEST.5Cmake.5Cobj.5CEcuabFee_TaskManager.7::
                         257 .LDWlin7:
000000a6 e051            258 	cmp	zero,r10
000000a8 b205*           259 	be	.L357
                         260 --line78
                         261 ..lin.C.3A.5C_ECU2.5CECU_Rivian_A1.5CTarget.5Crepo_projects.5CpFOTA.5CcL_LATEST.5Cmake.5Cobj.5CEcuabFee_TaskManager.8::
                         262 .LDWlin8:
000000aa fdc760f9        263 	jarl	[r29],lp
                         264 .L357:
                         265 --	    .ef
                         266 .LDW32:
                         267 --line80
                         268 ..lin.C.3A.5C_ECU2.5CECU_Rivian_A1.5CTarget.5Crepo_projects.5CpFOTA.5CcL_LATEST.5Cmake.5Cobj.5CEcuabFee_TaskManager.9::
                         269 .LDWlin9:
000000ae 40067f00        270 	dispose	0,{r29,r31},[lp]
                         271 	.type	_EcuabFee_Tm_ExecuteTask,@function
                         272 	.size	_EcuabFee_Tm_ExecuteTask,.-_EcuabFee_Tm_ExecuteTask
                         273 	.align	2
                         274 .LDW42:
                         275 --_currentExecuteService	r29	local
                         276 
                         277 	.section ".bss","awb"
                         278 .L390:
                         279 	.type	.L390,@object
                         280 	.size	.L390,0
                         281 	.data
                         282 	.text
                         283 	.align	2
                         284 	.align	2
                         285 ..gh.f.f.1.e.5:
                         286 	.type	..gh.f.f.1.e.5,@object
                         287 	.size	..gh.f.f.1.e.5,0
                         288 	.global	_EcuabFee_Tm_CancelTasks
                         289 _EcuabFee_Tm_CancelTasks:

                                                                      Page 6
                                                              C:\Users\nhuliyap\AppData\Local\Temp\gh_0000a0s1.s
000000b2 8007e100        290 	prepare	{r28,r29,r31},0
                         291 --	    .bf
                         292 .LDW52:
000000b6 02ea            293 	mov	2,r29
                         294 .L427:
000000b8 1df0            295 	mov	r29,ep
000000ba c2f2            296 	shl	2,ep
000000bc c4f1            297 	add	gp,ep
000000be 9e0709e00000*   298 	ld.w	sdaoff23(_EcuabFee_Tm_CancelServiceStack)[ep],r28
000000c4 e0e1            299 	cmp	zero,r28
000000c6 b205*           300 	be	.L428
                         301 --line87
                         302 ..lin.C.3A.5C_ECU2.5CECU_Rivian_A1.5CTarget.5Crepo_projects.5CpFOTA.5CcL_LATEST.5Cmake.5Cobj.5CEcuabFee_TaskManager.10::
                         303 .LDWlin10:
000000c8 fcc760f9        304 	jarl	[r28],lp
                         305 .L428:
                         306 --line85
                         307 ..lin.C.3A.5C_ECU2.5CECU_Rivian_A1.5CTarget.5Crepo_projects.5CpFOTA.5CcL_LATEST.5Cmake.5Cobj.5CEcuabFee_TaskManager.11::
                         308 .LDWlin11:
000000cc 5fea            309 	add	-1,r29
000000ce dcf5*           310 	bp	.L427
                         311 --	    .ef
                         312 .LDW62:
                         313 --line90
                         314 ..lin.C.3A.5C_ECU2.5CECU_Rivian_A1.5CTarget.5Crepo_projects.5CpFOTA.5CcL_LATEST.5Cmake.5Cobj.5CEcuabFee_TaskManager.12::
                         315 .LDWlin12:
000000d0 4006ff00        316 	dispose	0,{r28,r29,r31},[lp]
                         317 	.type	_EcuabFee_Tm_CancelTasks,@function
                         318 	.size	_EcuabFee_Tm_CancelTasks,.-_EcuabFee_Tm_CancelTasks
                         319 	.align	2
                         320 .LDW72:
                         321 --_LoopCounter	r29	local
                         322 
                         323 	.section ".bss","awb"
                         324 .L464:
                         325 	.type	.L464,@object
                         326 	.size	.L464,0
                         327 	.data
                         328 	.text
                         329 	.align	2
                         330 --_EcuabFee_Tm_ExecuteServiceStack	sdaoff23(_EcuabFee_Tm_ExecuteServiceStack)	static
                         331 --_EcuabFee_Tm_CancelServiceStack	sdaoff23(_EcuabFee_Tm_CancelServiceStack)	static
                         332 
                         333 	.data
                         334 	.ghsnote version,17
                         335 	.ghsnote tools,3
                         336 	.ghsnote options,144
                         337 	.text
                         338 	.align	2
                         339 ..eof.C.3A.5C_ECU2.5CECU_Rivian_A1.5CTarget.5Crepo_projects.5CpFOTA.5CcL_LATEST.5Cmake.5Cobj.5CEcuabFee_TaskManager...43.3A.5C_ECU2.5CECU_Rivian_A1.5CTarget.5Crepo_projects.5CpFOTA.5CcL_LATEST.5Cmake..64F86B38..0::
                         340 .rh850_flags REGMODE32,DATA_ALIGN8,GP_FIX,EP_NONFIX,TP_FIX,REG2_RESERVE,G3K,SDA_EXTRA_REGS_0
