                                                                      Page 1
                                                              C:\Users\nhuliyap\AppData\Local\Temp\gh_0000d6s1.s
Command Line: C:\GHS\comp_201517\ease850.exe -w -stderr=err/EcuabFee_BlockHandler.err -elf -b0 -I../source/_common -I../source/common -I../source/ecuabcanif -I../source/ecuabcantrcv -I../source/ecuabcryif -I../source/ecuabfee -I../source/ecuabmemif -I../source/libautosar -I../source/mcalcan -I../source/mcalcry -I../source/mcaldio -I../source/mcaleep -I../source/mcalfls -I../source/mcalmcu -I../source/projectara -I../source/projectcfg -I../source/projectcompiler -I../source/swcservicebswm -I../source/swcservicecantp -I../source/swcservicecomm -I../source/swcservicecsm -I../source/swcservicedcm -I../source/swcservicedem -I../source/swcservicedet -I../source/swcserviceecum -I../source/swcservicenvm -I../source/swcserviceos -I../source/swcservicepdur -I../source/swcserviceschm -I../source/swcservicestartup -I../source/wrappers/swcservicesecm -I../source/wrappers/vsecprim -I../source/wrappers/vstdlib -Ic:/ghs/comp_201517/ansi -Ic:/ghs/comp_201517/include/v800 -Igendata -IC:\GHS\comp_201517\lib\rh850 -cg_underscore -cpu=rh850g3k -nofpu -no_v850_simd -rh850_fpsimd=none -nomacro -patch_dbo=C:\_ECU2\ECU_Rivian_A1\Target\repo_projects\pFOTA\cL_LATEST\make\obj\EcuabFee_BlockHandler.dbo -source=EcuabFee_BlockHandler.c -o obj\gh_0000d6s1.o -list=lst/EcuabFee_BlockHandler.lst C:\Users\nhuliyap\AppData\Local\Temp\gh_0000d6s1.s 
Original File: C:\Users\nhuliyap\AppData\Local\Temp\gh_0000d6s1.s
Source File: EcuabFee_BlockHandler.c
Directory: C:\_ECU2\ECU_Rivian_A1\Target\repo_projects\pFOTA\cL_LATEST\make
Host OS: Windows
EASE: Copyright (C) 1983-2015 Green Hills Software.  All Rights Reserved.
Release: Compiler v2015.1.7
Build Directory: [Directory] BTOWORKER6:c:/build_2015_1_bto/2015-10-21.2100-2015_1_bto/win32-comp-ecom
Revision: [VCInfo] http://toolsvc/branches/release-branch-70-bto/src@544153 (built by build)
Revision Date: Thu Oct 22 07:50:13 2015

Release Date: Thu Oct 22 09:32:32 2015

                           1 --Driver Command: ccrh850 -DBRS_DERIVATIVE_701018 -DBRS_OSC_CLK=16
                           2 --		-DBRS_TIMEBASE_CLOCK=80 -DBRS_EVA_BOARD_
                           3 --		-DBRS_DERIVATIVE_GROUP_F1L -DBRS_OS_USECASE_BRS
                           4 --		-DBRS_PLATFORM_RH850 -DBRS_COMP_GHS
                           5 --		-DBRS_CPU_LOCAL_RAM_SIZE_CORE0=32
                           6 --		-DBRS_CPU_RAM_START_CORE0=0xFEDF8000
                           7 --		-list=lst/EcuabFee_BlockHandler.lst -object_dir=obj
                           8 --		-stderr=err/EcuabFee_BlockHandler.err -c -cpu=rh850 -sda=all
                           9 --		-large_sda -prepare_dispose -pragma_asm_inline -no_callt
                          10 --		-inline_prologue -notda -reserve_r2 -fsoft
                          11 --		--unknown_pragma_warnings -list -g -Ogeneral -shortenum
                          12 --		-registermode=32 -I../source/_common -I../source/common
                          13 --		-I../source/ecuabcanif -I../source/ecuabcantrcv
                          14 --		-I../source/ecuabcryif -I../source/ecuabfee
                          15 --		-I../source/ecuabmemif -I../source/libautosar -I../source/mcalcan
                          16 --		-I../source/mcalcry -I../source/mcaldio -I../source/mcaleep
                          17 --		-I../source/mcalfls -I../source/mcalmcu -I../source/projectara
                          18 --		-I../source/projectcfg -I../source/projectcompiler
                          19 --		-I../source/swcservicebswm -I../source/swcservicecantp
                          20 --		-I../source/swcservicecomm -I../source/swcservicecsm
                          21 --		-I../source/swcservicedcm -I../source/swcservicedem
                          22 --		-I../source/swcservicedet -I../source/swcserviceecum
                          23 --		-I../source/swcservicenvm -I../source/swcserviceos
                          24 --		-I../source/swcservicepdur -I../source/swcserviceschm
                          25 --		-I../source/swcservicestartup -I../source/wrappers/swcservicesecm
                          26 --		-I../source/wrappers/vsecprim -I../source/wrappers/vstdlib
                          27 --		-Ic:/ghs/comp_201517/ansi -Ic:/ghs/comp_201517/include/v800
                          28 --		-Igendata ../source/EcuabFee/EcuabFee_BlockHandler.c
                          29 --Source File:   ../source/EcuabFee/EcuabFee_BlockHandler.c
                          30 --Directory:     
                          31 --		C:\_ECU2\ECU_Rivian_A1\Target\repo_projects\pFOTA\cL_LATEST\make
                          32 --Compile Date:  Wed Sep 06 14:06:02 2023
                          33 --Host OS:       Win32
                          34 --Version:       C-RH850 2015.1.7 RELEASE VERSION
                          35 --Release:       Compiler v2015.1.7
                          36 --Revision Date: Thu Oct 22 08:06:12 2015
                          37 --Release Date:  Thu Oct 22 09:34:32 2015
                          38 -- ecom  -g -w -OM
                          39 	.text
                          40 ..bof.C.3A.5C_ECU2.5CECU_Rivian_A1.5CTarget.5Crepo_projects.5CpFOTA.5CcL_LATEST.5Cmake.5Cobj.5CEcuabFee_BlockHandler...43.3A.5C_ECU2.5CECU_Rivian_A1.5CTarget.5Crepo_projects.5CpFOTA.5CcL_LATEST.5Cmake..64F86B2A..0::
                          41 	.align	2
                          42 ..gh.f.f.1.e.0:
                          43 	.type	..gh.f.f.1.e.0,@object
                          44 	.size	..gh.f.f.1.e.0,0
                          45 	.global	_EcuabFee_Bh_GetBlockIndex
                          46 _EcuabFee_Bh_GetBlockIndex:
00000000 c600             47 	zxh	r6
                          48 --	    .bf
                          49 .LDW01:
00000002 a50705880000*    50 	ld.bu	rosdaoff23(_EcuabFee_DatasetSelectionBits)[r5],r17

                                                                      Page 2
                                                              C:\Users\nhuliyap\AppData\Local\Temp\gh_0000d6s1.s
00000008 f137a290         51 	sar	r17,r6,r18
0000000c 1256ffff         52 	addi	-1,r18,r10
00000010 ca00             53 	zxh	r10
                          54 --	    .ef
                          55 .LDW11:
00000012 7f00             56 	jmp	[lp]
                          57 	.type	_EcuabFee_Bh_GetBlockIndex,@function
                          58 	.size	_EcuabFee_Bh_GetBlockIndex,.-_EcuabFee_Bh_GetBlockIndex
                          59 	.align	2
                          60 .LDW21:
                          61 
                          62 --_BlockNumber	r6	param
                          63 
                          64 	.section ".bss","awb"
                          65 .L36:
                          66 	.type	.L36,@object
                          67 	.size	.L36,0
                          68 	.section ".sbss","awb"
                          69 	.align	4
                          70 	.global	_EcuabFee_Bh_BlockInfo..C.3A.5C_ECU2.5CECU_Rivian_A1.5CTarget.5Crepo_projects.5CpFOTA.5CcL_LATEST.5Cmake.5Cobj.5CEcuabFee_BlockHandler.
                          71 _EcuabFee_Bh_BlockInfo..C.3A.5C_ECU2.5CECU_Rivian_A1.5CTarget.5Crepo_projects.5CpFOTA.5CcL_LATEST.5Cmake.5Cobj.5CEcuabFee_BlockHandler.:
00000000 000000000000     72 _EcuabFee_Bh_BlockInfo:	.space	8
00000006 0000 
                          73 	.type	_EcuabFee_Bh_BlockInfo..C.3A.5C_ECU2.5CECU_Rivian_A1.5CTarget.5Crepo_projects.5CpFOTA.5CcL_LATEST.5Cmake.5Cobj.5CEcuabFee_BlockHandler.,@object
                          74 	.size	_EcuabFee_Bh_BlockInfo..C.3A.5C_ECU2.5CECU_Rivian_A1.5CTarget.5Crepo_projects.5CpFOTA.5CcL_LATEST.5Cmake.5Cobj.5CEcuabFee_BlockHandler.,8
                          75 	.type	_EcuabFee_Bh_BlockInfo,@object
                          76 	.size	_EcuabFee_Bh_BlockInfo,8
                          77 	.data
                          78 	.text
                          79 	.align	2
                          80 	.align	2
                          81 ..gh.f.f.1.e.1:
                          82 	.type	..gh.f.f.1.e.1,@object
                          83 	.size	..gh.f.f.1.e.1,0
                          84 	.global	_EcuabFee_Bh_Init
                          85 _EcuabFee_Bh_Init:
00000014 80072100         86 	prepare	{r31},0
00000018 c600             87 	zxh	r6
                          88 --	    .bf
                          89 .LDW31:
                          90 	jarl	_EcuabFee_Bh_GetBlockIndex,lp
                          90 <EXPANSION BEGIN>
                          90 jarl22 _EcuabFee_Bh_GetBlockIndex , lp 
0000001a bfffe6ff*        90 <EXPANSION END>
                          91 --line29
                          92 ..lin.C.3A.5C_ECU2.5CECU_Rivian_A1.5CTarget.5Crepo_projects.5CpFOTA.5CcL_LATEST.5Cmake.5Cobj.5CEcuabFee_BlockHandler.1::
                          93 .LDWlin1:
0000001e eaf60c00         94 	mulhi	12,r10,ep
00000022 a4070d500000*    95 	st.h	r10,sdaoff23(_EcuabFee_Bh_BlockInfo)[gp]
00000028 c5f1             96 	add	r5,ep
0000002a 9e0709900000*    97 	ld.w	rosdaoff23(_EcuabFee_BlockConfigList)[ep],r18
00000030 c791             98 	add	r7,r18
00000032 84070f900000*    99 	st.w	r18,sdaoff23(_EcuabFee_Bh_BlockInfo+4)[gp]
                         100 --	    .ef
                         101 .LDW41:
00000038 40063f00        102 	dispose	0,{r31},[lp]
                         103 	.type	_EcuabFee_Bh_Init,@function
                         104 	.size	_EcuabFee_Bh_Init,.-_EcuabFee_Bh_Init
                         105 	.align	2
                         106 .LDW51:
                         107 

                                                                      Page 3
                                                              C:\Users\nhuliyap\AppData\Local\Temp\gh_0000d6s1.s
                         108 --_BlockNumber	r6	param
                         109 --_PartitionStartAddress	r29	param
                         110 
                         111 	.section ".bss","awb"
                         112 .L81:
                         113 	.type	.L81,@object
                         114 	.size	.L81,0
                         115 	.data
                         116 	.text
                         117 	.align	2
                         118 	.align	2
                         119 ..gh.f.f.1.e.2:
                         120 	.type	..gh.f.f.1.e.2,@object
                         121 	.size	..gh.f.f.1.e.2,0
                         122 	.global	_EcuabFee_Bh_GetBlockStartAddress
                         123 _EcuabFee_Bh_GetBlockStartAddress:
                         124 --	    .bf
                         125 .LDW61:
0000003c 840709500000*   126 	ld.w	sdaoff23(_EcuabFee_Bh_BlockInfo+4)[gp],r10
                         127 --	    .ef
                         128 .LDW71:
00000042 7f00            129 	jmp	[lp]
                         130 	.type	_EcuabFee_Bh_GetBlockStartAddress,@function
                         131 	.size	_EcuabFee_Bh_GetBlockStartAddress,.-_EcuabFee_Bh_GetBlockStartAddress
                         132 	.align	2
                         133 .LDW81:
                         134 
                         135 	.section ".bss","awb"
                         136 .L129:
                         137 	.type	.L129,@object
                         138 	.size	.L129,0
                         139 	.data
                         140 	.text
                         141 	.align	2
                         142 	.align	2
                         143 ..gh.f.f.1.e.3:
                         144 	.type	..gh.f.f.1.e.3,@object
                         145 	.size	..gh.f.f.1.e.3,0
                         146 	.global	_EcuabFee_Bh_GetDataLength
                         147 _EcuabFee_Bh_GetDataLength:
00000044 80072100        148 	prepare	{r31},0
00000048 c600            149 	zxh	r6
                         150 --	    .bf
                         151 .LDW91:
                         152 	jarl	_EcuabFee_Bh_GetBlockIndex,lp
                         152 <EXPANSION BEGIN>
                         152 jarl22 _EcuabFee_Bh_GetBlockIndex , lp 
0000004a bfffb6ff*       152 <EXPANSION END>
0000004e eaf60c00        153 	mulhi	12,r10,ep
00000052 c5f1            154 	add	r5,ep
00000054 be0707500000*   155 	ld.hu	rosdaoff23(_EcuabFee_BlockConfigList+4)[ep],r10
                         156 --	    .ef
                         157 .LDW02:
                         158 --line37
                         159 ..lin.C.3A.5C_ECU2.5CECU_Rivian_A1.5CTarget.5Crepo_projects.5CpFOTA.5CcL_LATEST.5Cmake.5Cobj.5CEcuabFee_BlockHandler.2::
                         160 .LDWlin2:
0000005a 40063f00        161 	dispose	0,{r31},[lp]
                         162 	.type	_EcuabFee_Bh_GetDataLength,@function
                         163 	.size	_EcuabFee_Bh_GetDataLength,.-_EcuabFee_Bh_GetDataLength
                         164 	.align	2
                         165 .LDW12:

                                                                      Page 4
                                                              C:\Users\nhuliyap\AppData\Local\Temp\gh_0000d6s1.s
                         166 
                         167 --_BlockNumber	r6	param
                         168 
                         169 	.section ".bss","awb"
                         170 .L180:
                         171 	.type	.L180,@object
                         172 	.size	.L180,0
                         173 	.data
                         174 	.text
                         175 	.align	2
                         176 	.align	2
                         177 ..gh.f.f.1.e.4:
                         178 	.type	..gh.f.f.1.e.4,@object
                         179 	.size	..gh.f.f.1.e.4,0
                         180 	.global	_EcuabFee_Bh_GetNrOfInstances
                         181 _EcuabFee_Bh_GetNrOfInstances:
0000005e 80072100        182 	prepare	{r31},0
00000062 c600            183 	zxh	r6
                         184 --	    .bf
                         185 .LDW22:
                         186 	jarl	_EcuabFee_Bh_GetBlockIndex,lp
                         186 <EXPANSION BEGIN>
                         186 jarl22 _EcuabFee_Bh_GetBlockIndex , lp 
00000064 bfff9cff*       186 <EXPANSION END>
00000068 eaf60c00        187 	mulhi	12,r10,ep
0000006c c5f1            188 	add	r5,ep
0000006e be0705500000*   189 	ld.bu	rosdaoff23(_EcuabFee_BlockConfigList+6)[ep],r10
                         190 --	    .ef
                         191 .LDW32:
                         192 --line41
                         193 ..lin.C.3A.5C_ECU2.5CECU_Rivian_A1.5CTarget.5Crepo_projects.5CpFOTA.5CcL_LATEST.5Cmake.5Cobj.5CEcuabFee_BlockHandler.3::
                         194 .LDWlin3:
00000074 40063f00        195 	dispose	0,{r31},[lp]
                         196 	.type	_EcuabFee_Bh_GetNrOfInstances,@function
                         197 	.size	_EcuabFee_Bh_GetNrOfInstances,.-_EcuabFee_Bh_GetNrOfInstances
                         198 	.align	2
                         199 .LDW42:
                         200 
                         201 --_BlockNumber	r6	param
                         202 
                         203 	.section ".bss","awb"
                         204 .L228:
                         205 	.type	.L228,@object
                         206 	.size	.L228,0
                         207 	.data
                         208 	.text
                         209 	.align	2
                         210 	.align	2
                         211 ..gh.f.f.1.e.5:
                         212 	.type	..gh.f.f.1.e.5,@object
                         213 	.size	..gh.f.f.1.e.5,0
                         214 	.global	_EcuabFee_Bh_HasVerificationEnabled
                         215 _EcuabFee_Bh_HasVerificationEnabled:
                         216 --	    .bf
                         217 .LDW52:
00000078 840707900000*   218 	ld.h	sdaoff23(_EcuabFee_Bh_BlockInfo)[gp],r18
0000007e f2f60c00        219 	mulhi	12,r18,ep
00000082 c5f1            220 	add	r5,ep
00000084 be0705500000*   221 	ld.bu	rosdaoff23(_EcuabFee_BlockConfigList+9)[ep],r10
                         222 --	    .ef
                         223 .LDW62:

                                                                      Page 5
                                                              C:\Users\nhuliyap\AppData\Local\Temp\gh_0000d6s1.s
0000008a 7f00            224 	jmp	[lp]
                         225 	.type	_EcuabFee_Bh_HasVerificationEnabled,@function
                         226 	.size	_EcuabFee_Bh_HasVerificationEnabled,.-_EcuabFee_Bh_HasVerificationEnabled
                         227 	.align	2
                         228 .LDW72:
                         229 
                         230 	.section ".bss","awb"
                         231 .L276:
                         232 	.type	.L276,@object
                         233 	.size	.L276,0
                         234 	.data
                         235 	.text
                         236 	.align	2
                         237 --_EcuabFee_DatasetSelectionBits	rosdaoff23(_EcuabFee_DatasetSelectionBits)	import
                         238 --_EcuabFee_BlockConfigList	rosdaoff23(_EcuabFee_BlockConfigList)	import
                         239 --_EcuabFee_Bh_BlockInfo	sdaoff23(_EcuabFee_Bh_BlockInfo)	static
                         240 
                         241 	.data
                         242 	.ghsnote version,17
                         243 	.ghsnote tools,3
                         244 	.ghsnote options,144
                         245 	.text
                         246 	.align	2
                         247 ..eof.C.3A.5C_ECU2.5CECU_Rivian_A1.5CTarget.5Crepo_projects.5CpFOTA.5CcL_LATEST.5Cmake.5Cobj.5CEcuabFee_BlockHandler...43.3A.5C_ECU2.5CECU_Rivian_A1.5CTarget.5Crepo_projects.5CpFOTA.5CcL_LATEST.5Cmake..64F86B2A..0::
                         248 .rh850_flags REGMODE32,DATA_ALIGN8,GP_FIX,EP_NONFIX,TP_FIX,REG2_RESERVE,G3K,SDA_EXTRA_REGS_0
