                                                                      Page 1
                                                              C:\Users\nhuliyap\AppData\Local\Temp\gh_00008301.s
Command Line: C:\GHS\comp_201517\ease850.exe -w -stderr=err/EepIO.err -elf -b0 -I../source/_common -I../source/common -I../source/ecuabcanif -I../source/ecuabcantrcv -I../source/ecuabcryif -I../source/ecuabfee -I../source/ecuabmemif -I../source/libautosar -I../source/mcalcan -I../source/mcalcry -I../source/mcaldio -I../source/mcaleep -I../source/mcalfls -I../source/mcalmcu -I../source/projectara -I../source/projectcfg -I../source/projectcompiler -I../source/swcservicebswm -I../source/swcservicecantp -I../source/swcservicecomm -I../source/swcservicecsm -I../source/swcservicedcm -I../source/swcservicedem -I../source/swcservicedet -I../source/swcserviceecum -I../source/swcservicenvm -I../source/swcserviceos -I../source/swcservicepdur -I../source/swcserviceschm -I../source/swcservicestartup -I../source/wrappers/swcservicesecm -I../source/wrappers/vsecprim -I../source/wrappers/vstdlib -Ic:/ghs/comp_201517/ansi -Ic:/ghs/comp_201517/include/v800 -Igendata -IC:\GHS\comp_201517\lib\rh850 -cg_underscore -cpu=rh850g3k -nofpu -no_v850_simd -rh850_fpsimd=none -nomacro -patch_dbo=C:\_ECU2\ECU_Rivian_A1\Target\repo_projects\pFOTA\cL_LATEST\make\obj\EepIO.dbo -source=EepIO.c -o obj\gh_00008301.o -list=lst/EepIO.lst C:\Users\nhuliyap\AppData\Local\Temp\gh_00008301.s 
Original File: C:\Users\nhuliyap\AppData\Local\Temp\gh_00008301.s
Source File: EepIO.c
Directory: C:\_ECU2\ECU_Rivian_A1\Target\repo_projects\pFOTA\cL_LATEST\make
Host OS: Windows
EASE: Copyright (C) 1983-2015 Green Hills Software.  All Rights Reserved.
Release: Compiler v2015.1.7
Build Directory: [Directory] BTOWORKER6:c:/build_2015_1_bto/2015-10-21.2100-2015_1_bto/win32-comp-ecom
Revision: [VCInfo] http://toolsvc/branches/release-branch-70-bto/src@544153 (built by build)
Revision Date: Thu Oct 22 07:50:13 2015

Release Date: Thu Oct 22 09:32:32 2015

                           1 --Driver Command: ccrh850 -DBRS_DERIVATIVE_701018 -DBRS_OSC_CLK=16
                           2 --		-DBRS_TIMEBASE_CLOCK=80 -DBRS_EVA_BOARD_
                           3 --		-DBRS_DERIVATIVE_GROUP_F1L -DBRS_OS_USECASE_BRS
                           4 --		-DBRS_PLATFORM_RH850 -DBRS_COMP_GHS
                           5 --		-DBRS_CPU_LOCAL_RAM_SIZE_CORE0=32
                           6 --		-DBRS_CPU_RAM_START_CORE0=0xFEDF8000 -list=lst/EepIO.lst
                           7 --		-object_dir=obj -stderr=err/EepIO.err -c -cpu=rh850 -sda=all
                           8 --		-large_sda -prepare_dispose -pragma_asm_inline -no_callt
                           9 --		-inline_prologue -notda -reserve_r2 -fsoft
                          10 --		--unknown_pragma_warnings -list -g -Ogeneral -shortenum
                          11 --		-registermode=32 -I../source/_common -I../source/common
                          12 --		-I../source/ecuabcanif -I../source/ecuabcantrcv
                          13 --		-I../source/ecuabcryif -I../source/ecuabfee
                          14 --		-I../source/ecuabmemif -I../source/libautosar -I../source/mcalcan
                          15 --		-I../source/mcalcry -I../source/mcaldio -I../source/mcaleep
                          16 --		-I../source/mcalfls -I../source/mcalmcu -I../source/projectara
                          17 --		-I../source/projectcfg -I../source/projectcompiler
                          18 --		-I../source/swcservicebswm -I../source/swcservicecantp
                          19 --		-I../source/swcservicecomm -I../source/swcservicecsm
                          20 --		-I../source/swcservicedcm -I../source/swcservicedem
                          21 --		-I../source/swcservicedet -I../source/swcserviceecum
                          22 --		-I../source/swcservicenvm -I../source/swcserviceos
                          23 --		-I../source/swcservicepdur -I../source/swcserviceschm
                          24 --		-I../source/swcservicestartup -I../source/wrappers/swcservicesecm
                          25 --		-I../source/wrappers/vsecprim -I../source/wrappers/vstdlib
                          26 --		-Ic:/ghs/comp_201517/ansi -Ic:/ghs/comp_201517/include/v800
                          27 --		-Igendata ../source/McalEep/EepIO.c
                          28 --Source File:   ../source/McalEep/EepIO.c
                          29 --Directory:     
                          30 --		C:\_ECU2\ECU_Rivian_A1\Target\repo_projects\pFOTA\cL_LATEST\make
                          31 --Compile Date:  Wed Sep 06 14:06:18 2023
                          32 --Host OS:       Win32
                          33 --Version:       C-RH850 2015.1.7 RELEASE VERSION
                          34 --Release:       Compiler v2015.1.7
                          35 --Revision Date: Thu Oct 22 08:06:12 2015
                          36 --Release Date:  Thu Oct 22 09:34:32 2015
                          37 -- ecom  -g -w -OM
                          38 	.text
                          39 ..bof.C.3A.5C_ECU2.5CECU_Rivian_A1.5CTarget.5Crepo_projects.5CpFOTA.5CcL_LATEST.5Cmake.5Cobj.5CEepIO...43.3A.5C_ECU2.5CECU_Rivian_A1.5CTarget.5Crepo_projects.5CpFOTA.5CcL_LATEST.5Cmake..64F86B3A..0::
                          40 	.align	2
                          41 ..gh.f.f.1.e.0:
                          42 	.type	..gh.f.f.1.e.0,@object
                          43 	.size	..gh.f.f.1.e.0,0
                          44 	.global	_EepromDriver_CheckRangeContained..C.3A.5C_ECU2.5CECU_Rivian_A1.5CTarget.5Crepo_projects.5CpFOTA.5CcL_LATEST.5Cmake.5Cobj.5CEepIO.
                          45 _EepromDriver_CheckRangeContained..C.3A.5C_ECU2.5CECU_Rivian_A1.5CTarget.5Crepo_projects.5CpFOTA.5CcL_LATEST.5Cmake.5Cobj.5CEepIO.:
                          46 _EepromDriver_CheckRangeContained:
00000000 80072100         47 	prepare	{r31},0
                          48 --	    .bf
                          49 .LDW01:
00000004 290600000000*    50 	mov	_eepData,r9

                                                                      Page 2
                                                              C:\Users\nhuliyap\AppData\Local\Temp\gh_00008301.s
0000000a e939             51 	cmp	r9,r7
0000000c e10d*            52 	bl	.L11
0000000e a939             53 	sub	r9,r7
00000010 070675ff         54 	addi	-139,r7,zero
00000014 a10d*            55 	bl	.L11
00000016 060674ff         56 	addi	-140,r6,zero
0000001a f105*            57 	bl	.L11
0000001c 209e8b00         58 	movea	139,zero,r19
00000020 a699             59 	sub	r6,r19
00000022 f339             60 	cmp	r19,r7
                          61 --line48
                          62 ..lin.C.3A.5C_ECU2.5CECU_Rivian_A1.5CTarget.5Crepo_projects.5CpFOTA.5CcL_LATEST.5Cmake.5Cobj.5CEepIO.1::
                          63 .LDWlin1:
00000024 0052             64 	mov	0,r10
00000026 e305*            65 	bnh	.L2
                          66 .L11:
                          67 --line51
                          68 ..lin.C.3A.5C_ECU2.5CECU_Rivian_A1.5CTarget.5Crepo_projects.5CpFOTA.5CcL_LATEST.5Cmake.5Cobj.5CEepIO.2::
                          69 .LDWlin2:
00000028 20365000         70 	movea	80,zero,r6
                          71 	jarl	_ApplFblFatalError,lp
                          71 <EXPANSION BEGIN>
                          71 jarl22 _ApplFblFatalError , lp 
0000002c 80ff0000*        71 <EXPANSION END>
                          72 --line52
                          73 ..lin.C.3A.5C_ECU2.5CECU_Rivian_A1.5CTarget.5Crepo_projects.5CpFOTA.5CcL_LATEST.5Cmake.5Cobj.5CEepIO.3::
                          74 .LDWlin3:
00000030 0152             75 	mov	1,r10
                          76 .L2:
                          77 --	    .ef
                          78 .LDW11:
00000032 40063f00         79 	dispose	0,{r31},[lp]
                          80 	.type	_EepromDriver_CheckRangeContained,@function
                          81 	.size	_EepromDriver_CheckRangeContained,.-_EepromDriver_CheckRangeContained
                          82 	.type	_EepromDriver_CheckRangeContained..C.3A.5C_ECU2.5CECU_Rivian_A1.5CTarget.5Crepo_projects.5CpFOTA.5CcL_LATEST.5Cmake.5Cobj.5CEepIO.,@function
                          83 	.size	_EepromDriver_CheckRangeContained..C.3A.5C_ECU2.5CECU_Rivian_A1.5CTarget.5Crepo_projects.5CpFOTA.5CcL_LATEST.5Cmake.5Cobj.5CEepIO.,.-_EepromDriver_CheckRangeContained..C.3A.5C_ECU2.5CECU_Rivian_A1.5CTarget.5Crepo_projects.5CpFOTA.5CcL_LATEST.5Cmake.5Cobj.5CEepIO.
                          84 	.align	2
                          85 .LDW21:
                          86 --_result	r10	local
                          87 
                          88 --_length	r6	param
                          89 --_address	r7	param
                          90 
                          91 	.data
                          92 .L72:
                          93 	.type	.L72,@object
                          94 	.size	.L72,0
                          95 	.section ".EEPDATA","awb"
                          96 	.align	4
                          97 	.global	_eepData..C.3A.5C_ECU2.5CECU_Rivian_A1.5CTarget.5Crepo_projects.5CpFOTA.5CcL_LATEST.5Cmake.5Cobj.5CEepIO.
                          98 _eepData..C.3A.5C_ECU2.5CECU_Rivian_A1.5CTarget.5Crepo_projects.5CpFOTA.5CcL_LATEST.5Cmake.5Cobj.5CEepIO.:
00000000 000000000000     99 _eepData:	.space	140
00000006 000000000000 
0000000c 000000000000 
00000012 000000000000 
00000018 000000000000 
0000001e 000000000000 
00000024 000000000000 
0000002a 000000000000 
00000030 000000000000 
00000036 000000000000 

                                                                      Page 3
                                                              C:\Users\nhuliyap\AppData\Local\Temp\gh_00008301.s
0000003c 000000000000 
00000042 000000000000 
00000048 000000000000 
0000004e 000000000000 
00000054 000000000000 
0000005a 000000000000 
00000060 000000000000 
00000066 000000000000 
0000006c 000000000000 
00000072 000000000000 
00000078 000000000000 
0000007e 000000000000 
00000084 000000000000 
0000008a 0000 
                         100 	.type	_eepData..C.3A.5C_ECU2.5CECU_Rivian_A1.5CTarget.5Crepo_projects.5CpFOTA.5CcL_LATEST.5Cmake.5Cobj.5CEepIO.,@object
                         101 	.size	_eepData..C.3A.5C_ECU2.5CECU_Rivian_A1.5CTarget.5Crepo_projects.5CpFOTA.5CcL_LATEST.5Cmake.5Cobj.5CEepIO.,140
                         102 	.type	_eepData,@object
                         103 	.size	_eepData,140
                         104 	.data
                         105 	.text
                         106 	.align	2
                         107 	.align	2
                         108 ..gh.f.f.1.e.1:
                         109 	.type	..gh.f.f.1.e.1,@object
                         110 	.size	..gh.f.f.1.e.1,0
                         111 	.global	_EepromDriver_InitSync
                         112 _EepromDriver_InitSync:
                         113 --	    .bf
                         114 .LDW31:
00000036 310600000000*   115 	mov	_eepData,r17
0000003c b1878b00        116 	ld.bu	139[r17],r16
00000040 0092            117 	mov	0,r18
00000042 1006abff        118 	addi	-85,r16,zero
00000046 d20d*           119 	be	.L142
                         120 .L146:
                         121 --line68
                         122 ..lin.C.3A.5C_ECU2.5CECU_Rivian_A1.5CTarget.5Crepo_projects.5CpFOTA.5CcL_LATEST.5Cmake.5Cobj.5CEepIO.4::
                         123 .LDWlin4:
00000048 12f0            124 	mov	r18,ep
0000004a d1f1            125 	add	r17,ep
0000004c 1f7a            126 	mov	-1,r15
0000004e 4192            127 	add	1,r18
00000050 807b            128 	sst.b	r15,0[ep]
00000052 120675ff        129 	addi	-139,r18,zero
00000056 99fd*           130 	bnl	.L146
                         131 --line71
                         132 ..lin.C.3A.5C_ECU2.5CECU_Rivian_A1.5CTarget.5Crepo_projects.5CpFOTA.5CcL_LATEST.5Cmake.5Cobj.5CEepIO.5::
                         133 .LDWlin5:
00000058 20765500        134 	movea	85,zero,r14
0000005c 51778b00        135 	st.b	r14,139[r17]
                         136 .L142:
00000060 0052            137 	mov	0,r10
                         138 --	    .ef
                         139 .LDW41:
00000062 7f00            140 	jmp	[lp]
                         141 	.type	_EepromDriver_InitSync,@function
                         142 	.size	_EepromDriver_InitSync,.-_EepromDriver_InitSync
                         143 	.align	2
                         144 .LDW51:
                         145 --_i	r18	local
                         146 

                                                                      Page 4
                                                              C:\Users\nhuliyap\AppData\Local\Temp\gh_00008301.s
                         147 --_address	none	param
                         148 
                         149 	.data
                         150 	.text
                         151 	.align	2
                         152 	.align	2
                         153 ..gh.f.f.1.e.2:
                         154 	.type	..gh.f.f.1.e.2,@object
                         155 	.size	..gh.f.f.1.e.2,0
                         156 	.global	_EepromDriver_DeinitSync
                         157 _EepromDriver_DeinitSync:
                         158 --	    .bf
                         159 .LDW61:
00000064 0052            160 	mov	0,r10
                         161 --	    .ef
                         162 .LDW71:
00000066 7f00            163 	jmp	[lp]
                         164 	.type	_EepromDriver_DeinitSync,@function
                         165 	.size	_EepromDriver_DeinitSync,.-_EepromDriver_DeinitSync
                         166 	.align	2
                         167 .LDW81:
                         168 
                         169 --_address	none	param
                         170 
                         171 	.section ".bss","awb"
                         172 .L273:
                         173 	.type	.L273,@object
                         174 	.size	.L273,0
                         175 	.data
                         176 	.text
                         177 	.align	2
                         178 	.align	2
                         179 ..gh.f.f.1.e.3:
                         180 	.type	..gh.f.f.1.e.3,@object
                         181 	.size	..gh.f.f.1.e.3,0
                         182 	.global	_EepromDriver_RWriteSync
                         183 _EepromDriver_RWriteSync:
00000068 8007e130        184 	prepare	{r26,r27,r28,r29,r31},0
0000006c 06d0            185 	mov	r6,r26
0000006e 07e0            186 	mov	r7,r28
00000070 08d8            187 	mov	r8,r27
                         188 --	    .bf
                         189 .LDW91:
00000072 0730            190 	mov	r7,r6
00000074 0838            191 	mov	r8,r7
                         192 	jarl	_EepromDriver_CheckRangeContained,lp
                         192 <EXPANSION BEGIN>
                         192 jarl22 _EepromDriver_CheckRangeContained , lp 
00000076 bfff8aff*       192 <EXPANSION END>
0000007a 0ae8            193 	mov	r10,r29
                         194 --line90
                         195 ..lin.C.3A.5C_ECU2.5CECU_Rivian_A1.5CTarget.5Crepo_projects.5CpFOTA.5CcL_LATEST.5Cmake.5Cobj.5CEepIO.6::
                         196 .LDWlin6:
0000007c e051            197 	cmp	zero,r10
0000007e ea05*           198 	bne	.L293
                         199 --line91
                         200 ..lin.C.3A.5C_ECU2.5CECU_Rivian_A1.5CTarget.5Crepo_projects.5CpFOTA.5CcL_LATEST.5Cmake.5Cobj.5CEepIO.7::
                         201 .LDWlin7:
00000080 1b30            202 	mov	r27,r6
00000082 1a38            203 	mov	r26,r7
00000084 1c40            204 	mov	r28,r8

                                                                      Page 5
                                                              C:\Users\nhuliyap\AppData\Local\Temp\gh_00008301.s
                         205 	jarl	_ownmemcpy,lp
                         205 <EXPANSION BEGIN>
                         205 jarl22 _ownmemcpy , lp 
00000086 80ff0000*       205 <EXPANSION END>
                         206 .L293:
                         207 --line94
                         208 ..lin.C.3A.5C_ECU2.5CECU_Rivian_A1.5CTarget.5Crepo_projects.5CpFOTA.5CcL_LATEST.5Cmake.5Cobj.5CEepIO.8::
                         209 .LDWlin8:
0000008a 1d50            210 	mov	r29,r10
                         211 --	    .ef
                         212 .LDW02:
0000008c 4006ff30        213 	dispose	0,{r26,r27,r28,r29,r31},[lp]
                         214 	.type	_EepromDriver_RWriteSync,@function
                         215 	.size	_EepromDriver_RWriteSync,.-_EepromDriver_RWriteSync
                         216 	.align	2
                         217 .LDW12:
                         218 --_result	r29	local
                         219 
                         220 --_writeBuffer	r26	param
                         221 --_writeLength	r28	param
                         222 --_writeAddress	r27	param
                         223 
                         224 	.section ".bss","awb"
                         225 .L336:
                         226 	.type	.L336,@object
                         227 	.size	.L336,0
                         228 	.data
                         229 	.text
                         230 	.align	2
                         231 	.align	2
                         232 ..gh.f.f.1.e.4:
                         233 	.type	..gh.f.f.1.e.4,@object
                         234 	.size	..gh.f.f.1.e.4,0
                         235 	.global	_EepromDriver_REraseSync
                         236 _EepromDriver_REraseSync:
                         237 --	    .bf
                         238 .LDW22:
00000090 bf0770ff*       239 	jr	_EepromDriver_CheckRangeContained
                         240 --	    .ef
                         241 .LDW32:
                         242 	.type	_EepromDriver_REraseSync,@function
                         243 	.size	_EepromDriver_REraseSync,.-_EepromDriver_REraseSync
                         244 	.align	2
                         245 .LDW42:
                         246 
                         247 --_eraseLength	r6	param
                         248 --_eraseAddress	r7	param
                         249 
                         250 	.section ".bss","awb"
                         251 .L404:
                         252 	.type	.L404,@object
                         253 	.size	.L404,0
                         254 	.data
                         255 	.text
                         256 	.align	2
                         257 	.align	2
                         258 ..gh.f.f.1.e.5:
                         259 	.type	..gh.f.f.1.e.5,@object
                         260 	.size	..gh.f.f.1.e.5,0
                         261 	.global	_EepromDriver_RReadSync
                         262 _EepromDriver_RReadSync:

                                                                      Page 6
                                                              C:\Users\nhuliyap\AppData\Local\Temp\gh_00008301.s
00000094 8007e130        263 	prepare	{r26,r27,r28,r29,r31},0
00000098 06d0            264 	mov	r6,r26
0000009a 07e0            265 	mov	r7,r28
0000009c 08d8            266 	mov	r8,r27
                         267 --	    .bf
                         268 .LDW52:
0000009e 0730            269 	mov	r7,r6
000000a0 0838            270 	mov	r8,r7
                         271 	jarl	_EepromDriver_CheckRangeContained,lp
                         271 <EXPANSION BEGIN>
                         271 jarl22 _EepromDriver_CheckRangeContained , lp 
000000a2 bfff5eff*       271 <EXPANSION END>
000000a6 0ae8            272 	mov	r10,r29
                         273 --line115
                         274 ..lin.C.3A.5C_ECU2.5CECU_Rivian_A1.5CTarget.5Crepo_projects.5CpFOTA.5CcL_LATEST.5Cmake.5Cobj.5CEepIO.9::
                         275 .LDWlin9:
000000a8 e051            276 	cmp	zero,r10
000000aa ea05*           277 	bne	.L425
                         278 --line116
                         279 ..lin.C.3A.5C_ECU2.5CECU_Rivian_A1.5CTarget.5Crepo_projects.5CpFOTA.5CcL_LATEST.5Cmake.5Cobj.5CEepIO.10::
                         280 .LDWlin10:
000000ac 1a30            281 	mov	r26,r6
000000ae 1b38            282 	mov	r27,r7
000000b0 1c40            283 	mov	r28,r8
                         284 	jarl	_ownmemcpy,lp
                         284 <EXPANSION BEGIN>
                         284 jarl22 _ownmemcpy , lp 
000000b2 80ff0000*       284 <EXPANSION END>
                         285 .L425:
                         286 --line119
                         287 ..lin.C.3A.5C_ECU2.5CECU_Rivian_A1.5CTarget.5Crepo_projects.5CpFOTA.5CcL_LATEST.5Cmake.5Cobj.5CEepIO.11::
                         288 .LDWlin11:
000000b6 1d50            289 	mov	r29,r10
                         290 --	    .ef
                         291 .LDW62:
000000b8 4006ff30        292 	dispose	0,{r26,r27,r28,r29,r31},[lp]
                         293 	.type	_EepromDriver_RReadSync,@function
                         294 	.size	_EepromDriver_RReadSync,.-_EepromDriver_RReadSync
                         295 	.align	2
                         296 .LDW72:
                         297 --_result	r29	local
                         298 
                         299 --_readBuffer	r26	param
                         300 --_readLength	r28	param
                         301 --_readAddress	r27	param
                         302 
                         303 	.section ".bss","awb"
                         304 .L464:
                         305 	.type	.L464,@object
                         306 	.size	.L464,0
                         307 	.data
                         308 	.text
                         309 	.align	2
                         310 	.align	2
                         311 ..gh.f.f.1.e.6:
                         312 	.type	..gh.f.f.1.e.6,@object
                         313 	.size	..gh.f.f.1.e.6,0
                         314 	.global	_EepromDriver_VerifySync
                         315 _EepromDriver_VerifySync:
                         316 --	    .bf
                         317 .LDW82:

                                                                      Page 7
                                                              C:\Users\nhuliyap\AppData\Local\Temp\gh_00008301.s
000000bc 0052            318 	mov	0,r10
                         319 --	    .ef
                         320 .LDW92:
000000be 7f00            321 	jmp	[lp]
                         322 	.type	_EepromDriver_VerifySync,@function
                         323 	.size	_EepromDriver_VerifySync,.-_EepromDriver_VerifySync
                         324 	.align	2
                         325 .LDW03:
                         326 
                         327 --_address	none	param
                         328 
                         329 	.section ".bss","awb"
                         330 .L529:
                         331 	.type	.L529,@object
                         332 	.size	.L529,0
                         333 	.data
                         334 	.text
                         335 	.align	2
                         336 --_eepData	_eepData	static
                         337 
                         338 	.data
                         339 	.ghsnote version,17
                         340 	.ghsnote tools,3
                         341 	.ghsnote options,144
                         342 	.text
                         343 	.align	2
                         344 ..eof.C.3A.5C_ECU2.5CECU_Rivian_A1.5CTarget.5Crepo_projects.5CpFOTA.5CcL_LATEST.5Cmake.5Cobj.5CEepIO...43.3A.5C_ECU2.5CECU_Rivian_A1.5CTarget.5Crepo_projects.5CpFOTA.5CcL_LATEST.5Cmake..64F86B3A..0::
                         345 .rh850_flags REGMODE32,DATA_ALIGN8,GP_FIX,EP_NONFIX,TP_FIX,REG2_RESERVE,G3K,SDA_EXTRA_REGS_0
