                                                                      Page 1
                                                              C:\Users\nhuliyap\AppData\Local\Temp\gh_00002q81.s
Command Line: C:\GHS\comp_201517\ease850.exe -w -stderr=err/ESLib_RSAprim_sign.err -elf -b0 -I../source/_common -I../source/common -I../source/ecuabcanif -I../source/ecuabcantrcv -I../source/ecuabcryif -I../source/ecuabfee -I../source/ecuabmemif -I../source/libautosar -I../source/mcalcan -I../source/mcalcry -I../source/mcaldio -I../source/mcaleep -I../source/mcalfls -I../source/mcalmcu -I../source/projectara -I../source/projectcfg -I../source/projectcompiler -I../source/swcservicebswm -I../source/swcservicecantp -I../source/swcservicecomm -I../source/swcservicecsm -I../source/swcservicedcm -I../source/swcservicedem -I../source/swcservicedet -I../source/swcserviceecum -I../source/swcservicenvm -I../source/swcserviceos -I../source/swcservicepdur -I../source/swcserviceschm -I../source/swcservicestartup -I../source/wrappers/swcservicesecm -I../source/wrappers/vsecprim -I../source/wrappers/vstdlib -Ic:/ghs/comp_201517/ansi -Ic:/ghs/comp_201517/include/v800 -Igendata -IC:\GHS\comp_201517\lib\rh850 -cg_underscore -cpu=rh850g3k -nofpu -no_v850_simd -rh850_fpsimd=none -nomacro -patch_dbo=C:\_ECU2\ECU_Rivian_A1\Target\repo_projects\pFOTA\cL_LATEST\make\obj\ESLib_RSAprim_sign.dbo -source=ESLib_RSAprim_sign.c -o obj\gh_00002q81.o -list=lst/ESLib_RSAprim_sign.lst C:\Users\nhuliyap\AppData\Local\Temp\gh_00002q81.s 
Original File: C:\Users\nhuliyap\AppData\Local\Temp\gh_00002q81.s
Source File: ESLib_RSAprim_sign.c
Directory: C:\_ECU2\ECU_Rivian_A1\Target\repo_projects\pFOTA\cL_LATEST\make
Host OS: Windows
EASE: Copyright (C) 1983-2015 Green Hills Software.  All Rights Reserved.
Release: Compiler v2015.1.7
Build Directory: [Directory] BTOWORKER6:c:/build_2015_1_bto/2015-10-21.2100-2015_1_bto/win32-comp-ecom
Revision: [VCInfo] http://toolsvc/branches/release-branch-70-bto/src@544153 (built by build)
Revision Date: Thu Oct 22 07:50:13 2015

Release Date: Thu Oct 22 09:32:32 2015

                           1 --Driver Command: ccrh850 -DBRS_DERIVATIVE_701018 -DBRS_OSC_CLK=16
                           2 --		-DBRS_TIMEBASE_CLOCK=80 -DBRS_EVA_BOARD_
                           3 --		-DBRS_DERIVATIVE_GROUP_F1L -DBRS_OS_USECASE_BRS
                           4 --		-DBRS_PLATFORM_RH850 -DBRS_COMP_GHS
                           5 --		-DBRS_CPU_LOCAL_RAM_SIZE_CORE0=32
                           6 --		-DBRS_CPU_RAM_START_CORE0=0xFEDF8000
                           7 --		-list=lst/ESLib_RSAprim_sign.lst -object_dir=obj
                           8 --		-stderr=err/ESLib_RSAprim_sign.err -c -cpu=rh850 -sda=all
                           9 --		-large_sda -prepare_dispose -pragma_asm_inline -no_callt
                          10 --		-inline_prologue -notda -reserve_r2 -fsoft
                          11 --		--unknown_pragma_warnings -list -g -Ogeneral -shortenum
                          12 --		-registermode=32 -I../source/_common -I../source/common
                          13 --		-I../source/ecuabcanif -I../source/ecuabcantrcv
                          14 --		-I../source/ecuabcryif -I../source/ecuabfee
                          15 --		-I../source/ecuabmemif -I../source/libautosar -I../source/mcalcan
                          16 --		-I../source/mcalcry -I../source/mcaldio -I../source/mcaleep
                          17 --		-I../source/mcalfls -I../source/mcalmcu -I../source/projectara
                          18 --		-I../source/projectcfg -I../source/projectcompiler
                          19 --		-I../source/swcservicebswm -I../source/swcservicecantp
                          20 --		-I../source/swcservicecomm -I../source/swcservicecsm
                          21 --		-I../source/swcservicedcm -I../source/swcservicedem
                          22 --		-I../source/swcservicedet -I../source/swcserviceecum
                          23 --		-I../source/swcservicenvm -I../source/swcserviceos
                          24 --		-I../source/swcservicepdur -I../source/swcserviceschm
                          25 --		-I../source/swcservicestartup -I../source/wrappers/swcservicesecm
                          26 --		-I../source/wrappers/vsecprim -I../source/wrappers/vstdlib
                          27 --		-Ic:/ghs/comp_201517/ansi -Ic:/ghs/comp_201517/include/v800
                          28 --		-Igendata ../source/wrappers/vSecPrim/ESLib_RSAprim_sign.c
                          29 --Source File:   ../source/wrappers/vSecPrim/ESLib_RSAprim_sign.c
                          30 --Directory:     
                          31 --		C:\_ECU2\ECU_Rivian_A1\Target\repo_projects\pFOTA\cL_LATEST\make
                          32 --Compile Date:  Wed Sep 06 14:05:35 2023
                          33 --Host OS:       Win32
                          34 --Version:       C-RH850 2015.1.7 RELEASE VERSION
                          35 --Release:       Compiler v2015.1.7
                          36 --Revision Date: Thu Oct 22 08:06:12 2015
                          37 --Release Date:  Thu Oct 22 09:34:32 2015
                          38 -- ecom  -g -w -OM
                          39 	.section ".MSR_CODE","ax"
                          40 	.align	2
                          41 ..bof.C.3A.5C_ECU2.5CECU_Rivian_A1.5CTarget.5Crepo_projects.5CpFOTA.5CcL_LATEST.5Cmake.5Cobj.5CESLib_RSAprim_sign...43.3A.5C_ECU2.5CECU_Rivian_A1.5CTarget.5Crepo_projects.5CpFOTA.5CcL_LATEST.5Cmake..64F86B10..0::
                          42 	.align	2
                          43 ..gh.f.f.1.e.0:
                          44 	.type	..gh.f.f.1.e.0,@object
                          45 	.size	..gh.f.f.1.e.0,0
                          46 	.global	_esl_initSignRSA_prim
                          47 _esl_initSignRSA_prim:
00000000 8407e1f0         48 	prepare	{r24,r25,r26,r27,r28,r29,r31},2
00000004 06e8             49 	mov	r6,r29
00000006 07c8             50 	mov	r7,r25

                                                                      Page 2
                                                              C:\Users\nhuliyap\AppData\Local\Temp\gh_00002q81.s
00000008 08d8             51 	mov	r8,r27
0000000a 09c0             52 	mov	r9,r24
0000000c 23d72500         53 	ld.w	36[sp],r26
                          54 --	    .bf
                          55 .LDW01:
00000010 e031             56 	cmp	zero,r6
00000012 c225*            57 	be	.L18
00000014 e041             58 	cmp	zero,r8
00000016 a225*            59 	be	.L18
00000018 e0d1             60 	cmp	zero,r26
0000001a 8225*            61 	be	.L18
                          62 --line25
                          63 ..lin.C.3A.5C_ECU2.5CECU_Rivian_A1.5CTarget.5Crepo_projects.5CpFOTA.5CcL_LATEST.5Cmake.5Cobj.5CESLib_RSAprim_sign.1::
                          64 .LDWlin1:
0000001c 203e2406         65 	movea	1572,zero,r7
                          66 	jarl	_esl_CheckWorkSpaceHeader,lp
                          66 <EXPANSION BEGIN>
                          66 jarl22 _esl_CheckWorkSpaceHeader , lp 
00000020 80ff0000*        66 <EXPANSION END>
00000024 0ae0             67 	mov	r10,r28
00000026 e051             68 	cmp	zero,r10
00000028 ca25*            69 	bne	.L8
                          70 --	    .bs
                          71 .LDW11:
                          72 --line28
                          73 ..lin.C.3A.5C_ECU2.5CECU_Rivian_A1.5CTarget.5Crepo_projects.5CpFOTA.5CcL_LATEST.5Cmake.5Cobj.5CESLib_RSAprim_sign.2::
                          74 .LDWlin2:
0000002a 3d970900         75 	ld.w	8[r29],r18
0000002e 1d9e1000         76 	addi	16,r29,r19
00000032 03f0             77 	mov	sp,ep
00000034 1b30             78 	mov	r27,r6
00000036 1938             79 	mov	r25,r7
00000038 1a40             80 	mov	r26,r8
0000003a 1848             81 	mov	r24,r9
0000003c 019d             82 	sst.w	r19,0[ep]
0000003e 0395             83 	sst.w	r18,4[ep]
                          84 	jarl	_actRSAInitPrivateKeyOperation,lp
                          84 <EXPANSION BEGIN>
                          84 jarl22 _actRSAInitPrivateKeyOperation , lp 
00000040 80ff0000*        84 <EXPANSION END>
                          85 --line33
                          86 ..lin.C.3A.5C_ECU2.5CECU_Rivian_A1.5CTarget.5Crepo_projects.5CpFOTA.5CcL_LATEST.5Cmake.5Cobj.5CESLib_RSAprim_sign.3::
                          87 .LDWlin3:
00000044 e051             88 	cmp	zero,r10
00000046 8215*            89 	be	.L12
                          90 --line34
                          91 ..lin.C.3A.5C_ECU2.5CECU_Rivian_A1.5CTarget.5Crepo_projects.5CpFOTA.5CcL_LATEST.5Cmake.5Cobj.5CESLib_RSAprim_sign.4::
                          92 .LDWlin4:
00000048 0a060cff         93 	addi	-244,r10,zero
0000004c ca05*            94 	bne	.L14
                          95 --line36
                          96 ..lin.C.3A.5C_ECU2.5CECU_Rivian_A1.5CTarget.5Crepo_projects.5CpFOTA.5CcL_LATEST.5Cmake.5Cobj.5CESLib_RSAprim_sign.5::
                          97 .LDWlin5:
0000004e 20e60220         98 	movea	8194,zero,r28
00000052 f50d*            99 	br	.L8
                         100 .L14:
                         101 --line38
                         102 ..lin.C.3A.5C_ECU2.5CECU_Rivian_A1.5CTarget.5Crepo_projects.5CpFOTA.5CcL_LATEST.5Cmake.5Cobj.5CESLib_RSAprim_sign.6::
                         103 .LDWlin6:
00000054 0a0670ff        104 	addi	-144,r10,zero
00000058 ca05*           105 	bne	.L17

                                                                      Page 3
                                                              C:\Users\nhuliyap\AppData\Local\Temp\gh_00002q81.s
                         106 .L18:
                         107 --line40
                         108 ..lin.C.3A.5C_ECU2.5CECU_Rivian_A1.5CTarget.5Crepo_projects.5CpFOTA.5CcL_LATEST.5Cmake.5Cobj.5CESLib_RSAprim_sign.7::
                         109 .LDWlin7:
0000005a 20e60320        110 	movea	8195,zero,r28
0000005e 950d*           111 	br	.L8
                         112 .L17:
                         113 --line44
                         114 ..lin.C.3A.5C_ECU2.5CECU_Rivian_A1.5CTarget.5Crepo_projects.5CpFOTA.5CcL_LATEST.5Cmake.5Cobj.5CESLib_RSAprim_sign.8::
                         115 .LDWlin8:
00000060 20e62020        116 	movea	8224,zero,r28
00000064 e505*           117 	br	.L8
                         118 .L12:
                         119 --line48
                         120 ..lin.C.3A.5C_ECU2.5CECU_Rivian_A1.5CTarget.5Crepo_projects.5CpFOTA.5CcL_LATEST.5Cmake.5Cobj.5CESLib_RSAprim_sign.9::
                         121 .LDWlin9:
00000066 1d30            122 	mov	r29,r6
00000068 203e0007        123 	movea	1792,zero,r7
                         124 	jarl	_esl_SetWorkspaceStatus,lp
                         124 <EXPANSION BEGIN>
                         124 jarl22 _esl_SetWorkspaceStatus , lp 
0000006c 80ff0000*       124 <EXPANSION END>
                         125 .L8:
                         126 --	    .es
                         127 .LDW21:
                         128 --line52
                         129 ..lin.C.3A.5C_ECU2.5CECU_Rivian_A1.5CTarget.5Crepo_projects.5CpFOTA.5CcL_LATEST.5Cmake.5Cobj.5CESLib_RSAprim_sign.10::
                         130 .LDWlin10:
00000070 1c50            131 	mov	r28,r10
                         132 --	    .ef
                         133 .LDW31:
00000072 4406fff0        134 	dispose	2,{r24,r25,r26,r27,r28,r29,r31},[lp]
                         135 	.type	_esl_initSignRSA_prim,@function
                         136 	.size	_esl_initSignRSA_prim,.-_esl_initSignRSA_prim
                         137 	.align	2
                         138 .LDW41:
                         139 --_returnValue	r28	local
                         140 --_actReturnValue	r10	local
                         141 
                         142 --_workSpace	r29	param
                         143 --_keyPairModuleSize	r25	param
                         144 --_keyPairModule	r27	param
                         145 --_privateKeyExponentSize	r24	param
                         146 --_privateKeyExponent	r26	param
                         147 
                         148 	.section ".bss","awb"
                         149 .L136:
                         150 	.type	.L136,@object
                         151 	.size	.L136,0
                         152 	.data
                         153 	.section ".MSR_CODE","ax"
                         154 	.align	2
                         155 	.align	2
                         156 ..gh.f.f.1.e.1:
                         157 	.type	..gh.f.f.1.e.1,@object
                         158 	.size	..gh.f.f.1.e.1,0
                         159 	.global	_esl_signRSA_prim
                         160 _esl_signRSA_prim:
00000076 8607e1f0        161 	prepare	{r24,r25,r26,r27,r28,r29,r31},3
0000007a 06e8            162 	mov	r6,r29
0000007c 07c0            163 	mov	r7,r24

                                                                      Page 4
                                                              C:\Users\nhuliyap\AppData\Local\Temp\gh_00002q81.s
0000007e 08d0            164 	mov	r8,r26
00000080 09d8            165 	mov	r9,r27
00000082 23cf2900        166 	ld.w	40[sp],r25
                         167 --	    .bf
                         168 .LDW51:
00000086 e031            169 	cmp	zero,r6
00000088 f205*           170 	be	.L256
0000008a e049            171 	cmp	zero,r9
0000008c d205*           172 	be	.L256
0000008e e0c9            173 	cmp	zero,r25
00000090 b205*           174 	be	.L256
00000092 e041            175 	cmp	zero,r8
00000094 ca05*           176 	bne	.L255
                         177 .L256:
                         178 --line64
                         179 ..lin.C.3A.5C_ECU2.5CECU_Rivian_A1.5CTarget.5Crepo_projects.5CpFOTA.5CcL_LATEST.5Cmake.5Cobj.5CESLib_RSAprim_sign.11::
                         180 .LDWlin11:
00000096 20e60320        181 	movea	8195,zero,r28
0000009a a52d*           182 	br	.L260
                         183 .L255:
                         184 --line66
                         185 ..lin.C.3A.5C_ECU2.5CECU_Rivian_A1.5CTarget.5Crepo_projects.5CpFOTA.5CcL_LATEST.5Cmake.5Cobj.5CESLib_RSAprim_sign.12::
                         186 .LDWlin12:
0000009c 203e2406        187 	movea	1572,zero,r7
000000a0 20460007        188 	movea	1792,zero,r8
                         189 	jarl	_esl_CheckWorkSpaceHeaderAndState,lp
                         189 <EXPANSION BEGIN>
                         189 jarl22 _esl_CheckWorkSpaceHeaderAndState , lp 
000000a4 80ff0000*       189 <EXPANSION END>
000000a8 0ae0            190 	mov	r10,r28
000000aa e051            191 	cmp	zero,r10
000000ac 9a25*           192 	bne	.L260
                         193 --	    .bs
                         194 .LDW61:
                         195 --line69
                         196 ..lin.C.3A.5C_ECU2.5CECU_Rivian_A1.5CTarget.5Crepo_projects.5CpFOTA.5CcL_LATEST.5Cmake.5Cobj.5CESLib_RSAprim_sign.13::
                         197 .LDWlin13:
000000ae 3b470100        198 	ld.w	0[r27],r8
000000b2 3d970900        199 	ld.w	8[r29],r18
000000b6 03f0            200 	mov	sp,ep
000000b8 1d9e1000        201 	addi	16,r29,r19
000000bc 0545            202 	sst.w	r8,8[ep]
000000be 1a30            203 	mov	r26,r6
000000c0 1838            204 	mov	r24,r7
000000c2 1940            205 	mov	r25,r8
000000c4 019d            206 	sst.w	r19,0[ep]
000000c6 0395            207 	sst.w	r18,4[ep]
000000c8 234e0800        208 	movea	8,sp,r9
                         209 	jarl	_actRSAPrivateKeyOperation,lp
                         209 <EXPANSION BEGIN>
                         209 jarl22 _actRSAPrivateKeyOperation , lp 
000000cc 80ff0000*       209 <EXPANSION END>
                         210 --line73
                         211 ..lin.C.3A.5C_ECU2.5CECU_Rivian_A1.5CTarget.5Crepo_projects.5CpFOTA.5CcL_LATEST.5Cmake.5Cobj.5CESLib_RSAprim_sign.14::
                         212 .LDWlin14:
000000d0 e051            213 	cmp	zero,r10
000000d2 a20d*           214 	be	.L264
                         215 --line74
                         216 ..lin.C.3A.5C_ECU2.5CECU_Rivian_A1.5CTarget.5Crepo_projects.5CpFOTA.5CcL_LATEST.5Cmake.5Cobj.5CESLib_RSAprim_sign.15::
                         217 .LDWlin15:
000000d4 208e1b20        218 	movea	8219,zero,r17

                                                                      Page 5
                                                              C:\Users\nhuliyap\AppData\Local\Temp\gh_00002q81.s
000000d8 20860720        219 	movea	8199,zero,r16
000000dc 0a060cff        220 	addi	-244,r10,zero
000000e0 f18734e3        221 	cmovne	r17,r16,r28
000000e4 d505*           222 	br	.L260
                         223 .L264:
                         224 --line84
                         225 ..lin.C.3A.5C_ECU2.5CECU_Rivian_A1.5CTarget.5Crepo_projects.5CpFOTA.5CcL_LATEST.5Cmake.5Cobj.5CESLib_RSAprim_sign.16::
                         226 .LDWlin16:
000000e6 e34f0900        227 	ld.hu	8[sp],r9
000000ea 7b4f0100        228 	st.w	r9,0[r27]
                         229 .L260:
                         230 --	    .es
                         231 .LDW71:
000000ee 1c50            232 	mov	r28,r10
                         233 --	    .ef
                         234 .LDW81:
000000f0 4606fff0        235 	dispose	3,{r24,r25,r26,r27,r28,r29,r31},[lp]
                         236 	.type	_esl_signRSA_prim,@function
                         237 	.size	_esl_signRSA_prim,.-_esl_signRSA_prim
                         238 	.align	2
                         239 .LDW91:
                         240 --_returnValue	r28	local
                         241 --_signatureLen	8[sp]	local
                         242 --_actReturnValue	r10	local
                         243 
                         244 --_workSpace	r29	param
                         245 --_messageSize	r24	param
                         246 --_message	r26	param
                         247 --_signatureSize	r27	param
                         248 --_signature	r25	param
                         249 
                         250 	.section ".bss","awb"
                         251 .L368:
                         252 	.type	.L368,@object
                         253 	.size	.L368,0
                         254 	.data
                         255 	.section ".MSR_CODE","ax"
                         256 	.align	2
                         257 
                         258 	.data
                         259 	.ghsnote version,17
                         260 	.ghsnote tools,3
                         261 	.ghsnote options,144
                         262 	.section ".MSR_CODE","ax"
                         263 	.align	2
                         264 ..eof.C.3A.5C_ECU2.5CECU_Rivian_A1.5CTarget.5Crepo_projects.5CpFOTA.5CcL_LATEST.5Cmake.5Cobj.5CESLib_RSAprim_sign...43.3A.5C_ECU2.5CECU_Rivian_A1.5CTarget.5Crepo_projects.5CpFOTA.5CcL_LATEST.5Cmake..64F86B10..0::
                         265 .rh850_flags REGMODE32,DATA_ALIGN8,GP_FIX,EP_NONFIX,TP_FIX,REG2_RESERVE,G3K,SDA_EXTRA_REGS_0
