                                                                      Page 1
                                                              C:\Users\nhuliyap\AppData\Local\Temp\gh_0000chk1.s
Command Line: C:\GHS\comp_201517\ease850.exe -w -stderr=err/ESLib_RSAprim_signCRT.err -elf -b0 -I../source/_common -I../source/common -I../source/ecuabcanif -I../source/ecuabcantrcv -I../source/ecuabcryif -I../source/ecuabfee -I../source/ecuabmemif -I../source/libautosar -I../source/mcalcan -I../source/mcalcry -I../source/mcaldio -I../source/mcaleep -I../source/mcalfls -I../source/mcalmcu -I../source/projectara -I../source/projectcfg -I../source/projectcompiler -I../source/swcservicebswm -I../source/swcservicecantp -I../source/swcservicecomm -I../source/swcservicecsm -I../source/swcservicedcm -I../source/swcservicedem -I../source/swcservicedet -I../source/swcserviceecum -I../source/swcservicenvm -I../source/swcserviceos -I../source/swcservicepdur -I../source/swcserviceschm -I../source/swcservicestartup -I../source/wrappers/swcservicesecm -I../source/wrappers/vsecprim -I../source/wrappers/vstdlib -Ic:/ghs/comp_201517/ansi -Ic:/ghs/comp_201517/include/v800 -Igendata -IC:\GHS\comp_201517\lib\rh850 -cg_underscore -cpu=rh850g3k -nofpu -no_v850_simd -rh850_fpsimd=none -nomacro -patch_dbo=C:\_ECU2\ECU_Rivian_A1\Target\repo_projects\pFOTA\cL_LATEST\make\obj\ESLib_RSAprim_signCRT.dbo -source=ESLib_RSAprim_signCRT.c -o obj\gh_0000chk1.o -list=lst/ESLib_RSAprim_signCRT.lst C:\Users\nhuliyap\AppData\Local\Temp\gh_0000chk1.s 
Original File: C:\Users\nhuliyap\AppData\Local\Temp\gh_0000chk1.s
Source File: ESLib_RSAprim_signCRT.c
Directory: C:\_ECU2\ECU_Rivian_A1\Target\repo_projects\pFOTA\cL_LATEST\make
Host OS: Windows
EASE: Copyright (C) 1983-2015 Green Hills Software.  All Rights Reserved.
Release: Compiler v2015.1.7
Build Directory: [Directory] BTOWORKER6:c:/build_2015_1_bto/2015-10-21.2100-2015_1_bto/win32-comp-ecom
Revision: [VCInfo] http://toolsvc/branches/release-branch-70-bto/src@544153 (built by build)
Revision Date: Thu Oct 22 07:50:13 2015

Release Date: Thu Oct 22 09:32:32 2015

                           1 --Driver Command: ccrh850 -DBRS_DERIVATIVE_701018 -DBRS_OSC_CLK=16
                           2 --		-DBRS_TIMEBASE_CLOCK=80 -DBRS_EVA_BOARD_
                           3 --		-DBRS_DERIVATIVE_GROUP_F1L -DBRS_OS_USECASE_BRS
                           4 --		-DBRS_PLATFORM_RH850 -DBRS_COMP_GHS
                           5 --		-DBRS_CPU_LOCAL_RAM_SIZE_CORE0=32
                           6 --		-DBRS_CPU_RAM_START_CORE0=0xFEDF8000
                           7 --		-list=lst/ESLib_RSAprim_signCRT.lst -object_dir=obj
                           8 --		-stderr=err/ESLib_RSAprim_signCRT.err -c -cpu=rh850 -sda=all
                           9 --		-large_sda -prepare_dispose -pragma_asm_inline -no_callt
                          10 --		-inline_prologue -notda -reserve_r2 -fsoft
                          11 --		--unknown_pragma_warnings -list -g -Ogeneral -shortenum
                          12 --		-registermode=32 -I../source/_common -I../source/common
                          13 --		-I../source/ecuabcanif -I../source/ecuabcantrcv
                          14 --		-I../source/ecuabcryif -I../source/ecuabfee
                          15 --		-I../source/ecuabmemif -I../source/libautosar -I../source/mcalcan
                          16 --		-I../source/mcalcry -I../source/mcaldio -I../source/mcaleep
                          17 --		-I../source/mcalfls -I../source/mcalmcu -I../source/projectara
                          18 --		-I../source/projectcfg -I../source/projectcompiler
                          19 --		-I../source/swcservicebswm -I../source/swcservicecantp
                          20 --		-I../source/swcservicecomm -I../source/swcservicecsm
                          21 --		-I../source/swcservicedcm -I../source/swcservicedem
                          22 --		-I../source/swcservicedet -I../source/swcserviceecum
                          23 --		-I../source/swcservicenvm -I../source/swcserviceos
                          24 --		-I../source/swcservicepdur -I../source/swcserviceschm
                          25 --		-I../source/swcservicestartup -I../source/wrappers/swcservicesecm
                          26 --		-I../source/wrappers/vsecprim -I../source/wrappers/vstdlib
                          27 --		-Ic:/ghs/comp_201517/ansi -Ic:/ghs/comp_201517/include/v800
                          28 --		-Igendata ../source/wrappers/vSecPrim/ESLib_RSAprim_signCRT.c
                          29 --Source File:   ../source/wrappers/vSecPrim/ESLib_RSAprim_signCRT.c
                          30 --Directory:     
                          31 --		C:\_ECU2\ECU_Rivian_A1\Target\repo_projects\pFOTA\cL_LATEST\make
                          32 --Compile Date:  Wed Sep 06 14:05:37 2023
                          33 --Host OS:       Win32
                          34 --Version:       C-RH850 2015.1.7 RELEASE VERSION
                          35 --Release:       Compiler v2015.1.7
                          36 --Revision Date: Thu Oct 22 08:06:12 2015
                          37 --Release Date:  Thu Oct 22 09:34:32 2015
                          38 -- ecom  -g -w -OM
                          39 	.section ".MSR_CODE","ax"
                          40 	.align	2
                          41 ..bof.C.3A.5C_ECU2.5CECU_Rivian_A1.5CTarget.5Crepo_projects.5CpFOTA.5CcL_LATEST.5Cmake.5Cobj.5CESLib_RSAprim_signCRT...43.3A.5C_ECU2.5CECU_Rivian_A1.5CTarget.5Crepo_projects.5CpFOTA.5CcL_LATEST.5Cmake..64F86B11..0::
                          42 	.align	2
                          43 ..gh.f.f.1.e.0:
                          44 	.type	..gh.f.f.1.e.0,@object
                          45 	.size	..gh.f.f.1.e.0,0
                          46 	.global	_esl_initSignRSACRT_prim
                          47 _esl_initSignRSACRT_prim:
00000000 90076300         48 	prepare	{r29,r31},8,sp
00000004 06e8             49 	mov	r6,r29
00000006 149d             50 	sld.w	40[ep],r19

                                                                      Page 2
                                                              C:\Users\nhuliyap\AppData\Local\Temp\gh_0000chk1.s
00000008 1695             51 	sld.w	44[ep],r18
0000000a 185d             52 	sld.w	48[ep],r11
0000000c 1a85             53 	sld.w	52[ep],r16
0000000e 1c8d             54 	sld.w	56[ep],r17
00000010 1e75             55 	sld.w	60[ep],r14
00000012 207d             56 	sld.w	64[ep],r15
                          57 --	    .bf
                          58 .LDW01:
00000014 e031             59 	cmp	zero,r6
00000016 c225*            60 	be	.L18
00000018 e041             61 	cmp	zero,r8
0000001a a225*            62 	be	.L18
0000001c e099             63 	cmp	zero,r19
0000001e 8225*            64 	be	.L18
00000020 e059             65 	cmp	zero,r11
00000022 e21d*            66 	be	.L18
00000024 e089             67 	cmp	zero,r17
00000026 c21d*            68 	be	.L18
00000028 e079             69 	cmp	zero,r15
0000002a a21d*            70 	be	.L18
                          71 --	    .bs
                          72 .LDW11:
                          73 --line33
                          74 ..lin.C.3A.5C_ECU2.5CECU_Rivian_A1.5CTarget.5Crepo_projects.5CpFOTA.5CcL_LATEST.5Cmake.5Cobj.5CESLib_RSAprim_signCRT.1::
                          75 .LDWlin1:
0000002c 3d670900         76 	ld.w	8[r29],r12
00000030 0830             77 	mov	r8,r6
00000032 1340             78 	mov	r19,r8
00000034 1d6e1000         79 	addi	16,r29,r13
00000038 0b98             80 	mov	r11,r19
0000003a 031e2000         81 	addi	32,sp,sp
0000003e ec476099         82 	pushsp	r12-r19
                          83 	jarl	_actRSAInitPrivateKeyOperationCRT,lp
                          83 <EXPANSION BEGIN>
                          83 jarl22 _actRSAInitPrivateKeyOperationCRT , lp 
00000042 80ff0000*        83 <EXPANSION END>
                          84 --line40
                          85 ..lin.C.3A.5C_ECU2.5CECU_Rivian_A1.5CTarget.5Crepo_projects.5CpFOTA.5CcL_LATEST.5Cmake.5Cobj.5CESLib_RSAprim_signCRT.2::
                          86 .LDWlin2:
00000046 e051             87 	cmp	zero,r10
00000048 b215*            88 	be	.L12
                          89 --line41
                          90 ..lin.C.3A.5C_ECU2.5CECU_Rivian_A1.5CTarget.5Crepo_projects.5CpFOTA.5CcL_LATEST.5Cmake.5Cobj.5CESLib_RSAprim_signCRT.3::
                          91 .LDWlin3:
0000004a 0a060cff         92 	addi	-244,r10,zero
0000004e da05*            93 	bne	.L14
                          94 --line43
                          95 ..lin.C.3A.5C_ECU2.5CECU_Rivian_A1.5CTarget.5Crepo_projects.5CpFOTA.5CcL_LATEST.5Cmake.5Cobj.5CESLib_RSAprim_signCRT.4::
                          96 .LDWlin4:
00000050 20560220         97 	movea	8194,zero,r10
00000054 50067f00         98 	dispose	8,{r29,r31},[lp]
                          99 .L14:
                         100 --line45
                         101 ..lin.C.3A.5C_ECU2.5CECU_Rivian_A1.5CTarget.5Crepo_projects.5CpFOTA.5CcL_LATEST.5Cmake.5Cobj.5CESLib_RSAprim_signCRT.5::
                         102 .LDWlin5:
00000058 0a0670ff        103 	addi	-144,r10,zero
0000005c da05*           104 	bne	.L17
                         105 .L18:
                         106 --line47
                         107 ..lin.C.3A.5C_ECU2.5CECU_Rivian_A1.5CTarget.5Crepo_projects.5CpFOTA.5CcL_LATEST.5Cmake.5Cobj.5CESLib_RSAprim_signCRT.6::
                         108 .LDWlin6:

                                                                      Page 3
                                                              C:\Users\nhuliyap\AppData\Local\Temp\gh_0000chk1.s
0000005e 20560320        109 	movea	8195,zero,r10
00000062 50067f00        110 	dispose	8,{r29,r31},[lp]
                         111 .L17:
                         112 --line51
                         113 ..lin.C.3A.5C_ECU2.5CECU_Rivian_A1.5CTarget.5Crepo_projects.5CpFOTA.5CcL_LATEST.5Cmake.5Cobj.5CESLib_RSAprim_signCRT.7::
                         114 .LDWlin7:
00000066 20562020        115 	movea	8224,zero,r10
0000006a 50067f00        116 	dispose	8,{r29,r31},[lp]
                         117 .L12:
                         118 --line55
                         119 ..lin.C.3A.5C_ECU2.5CECU_Rivian_A1.5CTarget.5Crepo_projects.5CpFOTA.5CcL_LATEST.5Cmake.5Cobj.5CESLib_RSAprim_signCRT.8::
                         120 .LDWlin8:
0000006e 1d30            121 	mov	r29,r6
00000070 203e0007        122 	movea	1792,zero,r7
                         123 	jarl	_esl_SetWorkspaceStatus,lp
                         123 <EXPANSION BEGIN>
                         123 jarl22 _esl_SetWorkspaceStatus , lp 
00000074 80ff0000*       123 <EXPANSION END>
                         124 --line56
                         125 ..lin.C.3A.5C_ECU2.5CECU_Rivian_A1.5CTarget.5Crepo_projects.5CpFOTA.5CcL_LATEST.5Cmake.5Cobj.5CESLib_RSAprim_signCRT.9::
                         126 .LDWlin9:
00000078 0052            127 	mov	0,r10
                         128 --	    .es
                         129 .LDW21:
                         130 --	    .ef
                         131 .LDW31:
0000007a 50067f00        132 	dispose	8,{r29,r31},[lp]
                         133 	.type	_esl_initSignRSACRT_prim,@function
                         134 	.size	_esl_initSignRSACRT_prim,.-_esl_initSignRSACRT_prim
                         135 	.align	2
                         136 .LDW41:
                         137 --_returnValue	r10	local
                         138 --_result	r10	local
                         139 
                         140 --_workSpace	r29	param
                         141 --_keyPairPrimePSize	r7	param
                         142 --_keyPairPrimeP	r8	param
                         143 --_keyPairPrimeQSize	r9	param
                         144 --_keyPairPrimeQ	r19	param
                         145 --_privateKeyExponentDPSize	r18	param
                         146 --_privateKeyExponentDP	r11	param
                         147 --_privateKeyExponentDQSize	r16	param
                         148 --_privateKeyExponentDQ	r17	param
                         149 --_privateKeyInverseQISize	r14	param
                         150 --_privateKeyInverseQI	r15	param
                         151 
                         152 	.section ".bss","awb"
                         153 .L150:
                         154 	.type	.L150,@object
                         155 	.size	.L150,0
                         156 	.data
                         157 	.section ".MSR_CODE","ax"
                         158 	.align	2
                         159 	.align	2
                         160 ..gh.f.f.1.e.1:
                         161 	.type	..gh.f.f.1.e.1,@object
                         162 	.size	..gh.f.f.1.e.1,0
                         163 	.global	_esl_signRSACRT_prim
                         164 _esl_signRSACRT_prim:
0000007e 8607e1f0        165 	prepare	{r24,r25,r26,r27,r28,r29,r31},3
00000082 06e8            166 	mov	r6,r29

                                                                      Page 4
                                                              C:\Users\nhuliyap\AppData\Local\Temp\gh_0000chk1.s
00000084 07c0            167 	mov	r7,r24
00000086 08d0            168 	mov	r8,r26
00000088 09d8            169 	mov	r9,r27
0000008a 23cf2900        170 	ld.w	40[sp],r25
                         171 --	    .bf
                         172 .LDW51:
0000008e e031            173 	cmp	zero,r6
00000090 f205*           174 	be	.L288
00000092 e041            175 	cmp	zero,r8
00000094 d205*           176 	be	.L288
00000096 e0c9            177 	cmp	zero,r25
00000098 b205*           178 	be	.L288
0000009a e049            179 	cmp	zero,r9
0000009c ca05*           180 	bne	.L287
                         181 .L288:
                         182 --line74
                         183 ..lin.C.3A.5C_ECU2.5CECU_Rivian_A1.5CTarget.5Crepo_projects.5CpFOTA.5CcL_LATEST.5Cmake.5Cobj.5CESLib_RSAprim_signCRT.10::
                         184 .LDWlin10:
0000009e 20e60320        185 	movea	8195,zero,r28
000000a2 a52d*           186 	br	.L292
                         187 .L287:
                         188 --line76
                         189 ..lin.C.3A.5C_ECU2.5CECU_Rivian_A1.5CTarget.5Crepo_projects.5CpFOTA.5CcL_LATEST.5Cmake.5Cobj.5CESLib_RSAprim_signCRT.11::
                         190 .LDWlin11:
000000a4 203e840a        191 	movea	2692,zero,r7
000000a8 20460007        192 	movea	1792,zero,r8
                         193 	jarl	_esl_CheckWorkSpaceHeaderAndState,lp
                         193 <EXPANSION BEGIN>
                         193 jarl22 _esl_CheckWorkSpaceHeaderAndState , lp 
000000ac 80ff0000*       193 <EXPANSION END>
000000b0 0ae0            194 	mov	r10,r28
000000b2 e051            195 	cmp	zero,r10
000000b4 9a25*           196 	bne	.L292
                         197 --line79
                         198 ..lin.C.3A.5C_ECU2.5CECU_Rivian_A1.5CTarget.5Crepo_projects.5CpFOTA.5CcL_LATEST.5Cmake.5Cobj.5CESLib_RSAprim_signCRT.12::
                         199 .LDWlin12:
000000b6 3b470100        200 	ld.w	0[r27],r8
000000ba 3d970900        201 	ld.w	8[r29],r18
000000be 03f0            202 	mov	sp,ep
000000c0 1d9e1000        203 	addi	16,r29,r19
000000c4 0545            204 	sst.w	r8,8[ep]
000000c6 1a30            205 	mov	r26,r6
000000c8 1838            206 	mov	r24,r7
000000ca 1940            207 	mov	r25,r8
000000cc 019d            208 	sst.w	r19,0[ep]
000000ce 0395            209 	sst.w	r18,4[ep]
000000d0 234e0800        210 	movea	8,sp,r9
                         211 	jarl	_actRSAPrivateKeyOperationCRT,lp
                         211 <EXPANSION BEGIN>
                         211 jarl22 _actRSAPrivateKeyOperationCRT , lp 
000000d4 80ff0000*       211 <EXPANSION END>
                         212 --line83
                         213 ..lin.C.3A.5C_ECU2.5CECU_Rivian_A1.5CTarget.5Crepo_projects.5CpFOTA.5CcL_LATEST.5Cmake.5Cobj.5CESLib_RSAprim_signCRT.13::
                         214 .LDWlin13:
000000d8 e051            215 	cmp	zero,r10
000000da a20d*           216 	be	.L296
                         217 --line84
                         218 ..lin.C.3A.5C_ECU2.5CECU_Rivian_A1.5CTarget.5Crepo_projects.5CpFOTA.5CcL_LATEST.5Cmake.5Cobj.5CESLib_RSAprim_signCRT.14::
                         219 .LDWlin14:
000000dc 208e1b20        220 	movea	8219,zero,r17
000000e0 20860720        221 	movea	8199,zero,r16

                                                                      Page 5
                                                              C:\Users\nhuliyap\AppData\Local\Temp\gh_0000chk1.s
000000e4 0a060cff        222 	addi	-244,r10,zero
000000e8 f18734e3        223 	cmovne	r17,r16,r28
000000ec d505*           224 	br	.L292
                         225 .L296:
                         226 --line94
                         227 ..lin.C.3A.5C_ECU2.5CECU_Rivian_A1.5CTarget.5Crepo_projects.5CpFOTA.5CcL_LATEST.5Cmake.5Cobj.5CESLib_RSAprim_signCRT.15::
                         228 .LDWlin15:
000000ee e34f0900        229 	ld.hu	8[sp],r9
000000f2 7b4f0100        230 	st.w	r9,0[r27]
                         231 .L292:
000000f6 1c50            232 	mov	r28,r10
                         233 --	    .ef
                         234 .LDW61:
000000f8 4606fff0        235 	dispose	3,{r24,r25,r26,r27,r28,r29,r31},[lp]
                         236 	.type	_esl_signRSACRT_prim,@function
                         237 	.size	_esl_signRSACRT_prim,.-_esl_signRSACRT_prim
                         238 	.align	2
                         239 .LDW71:
                         240 --_returnValue	r28	local
                         241 --_actReturnValue	r10	local
                         242 --_signatureLen	8[sp]	local
                         243 
                         244 --_workSpace	r29	param
                         245 --_messageSize	r24	param
                         246 --_message	r26	param
                         247 --_signatureSize	r27	param
                         248 --_signature	r25	param
                         249 
                         250 	.section ".bss","awb"
                         251 .L384:
                         252 	.type	.L384,@object
                         253 	.size	.L384,0
                         254 	.data
                         255 	.section ".MSR_CODE","ax"
                         256 	.align	2
                         257 
                         258 	.data
                         259 	.ghsnote version,17
                         260 	.ghsnote tools,3
                         261 	.ghsnote options,144
                         262 	.section ".MSR_CODE","ax"
                         263 	.align	2
                         264 ..eof.C.3A.5C_ECU2.5CECU_Rivian_A1.5CTarget.5Crepo_projects.5CpFOTA.5CcL_LATEST.5Cmake.5Cobj.5CESLib_RSAprim_signCRT...43.3A.5C_ECU2.5CECU_Rivian_A1.5CTarget.5Crepo_projects.5CpFOTA.5CcL_LATEST.5Cmake..64F86B11..0::
                         265 .rh850_flags REGMODE32,DATA_ALIGN8,GP_FIX,EP_NONFIX,TP_FIX,REG2_RESERVE,G3K,SDA_EXTRA_REGS_0
