                                                                      Page 1
                                                              C:\Users\nhuliyap\AppData\Local\Temp\gh_00004u81.s
Command Line: C:\GHS\comp_201517\ease850.exe -w -stderr=err/ESLib_RSA_V15_SigCRT_SHA1.err -elf -b0 -I../source/_common -I../source/common -I../source/ecuabcanif -I../source/ecuabcantrcv -I../source/ecuabcryif -I../source/ecuabfee -I../source/ecuabmemif -I../source/libautosar -I../source/mcalcan -I../source/mcalcry -I../source/mcaldio -I../source/mcaleep -I../source/mcalfls -I../source/mcalmcu -I../source/projectara -I../source/projectcfg -I../source/projectcompiler -I../source/swcservicebswm -I../source/swcservicecantp -I../source/swcservicecomm -I../source/swcservicecsm -I../source/swcservicedcm -I../source/swcservicedem -I../source/swcservicedet -I../source/swcserviceecum -I../source/swcservicenvm -I../source/swcserviceos -I../source/swcservicepdur -I../source/swcserviceschm -I../source/swcservicestartup -I../source/wrappers/swcservicesecm -I../source/wrappers/vsecprim -I../source/wrappers/vstdlib -Ic:/ghs/comp_201517/ansi -Ic:/ghs/comp_201517/include/v800 -Igendata -IC:\GHS\comp_201517\lib\rh850 -cg_underscore -cpu=rh850g3k -nofpu -no_v850_simd -rh850_fpsimd=none -nomacro -patch_dbo=C:\_ECU2\ECU_Rivian_A1\Target\repo_projects\pFOTA\cL_LATEST\make\obj\ESLib_RSA_V15_SigCRT_SHA1.dbo -source=ESLib_RSA_V15_SigCRT_SHA1.c -o obj\gh_00004u81.o -list=lst/ESLib_RSA_V15_SigCRT_SHA1.lst C:\Users\nhuliyap\AppData\Local\Temp\gh_00004u81.s 
Original File: C:\Users\nhuliyap\AppData\Local\Temp\gh_00004u81.s
Source File: ESLib_RSA_V15_SigCRT_SHA1.c
Directory: C:\_ECU2\ECU_Rivian_A1\Target\repo_projects\pFOTA\cL_LATEST\make
Host OS: Windows
EASE: Copyright (C) 1983-2015 Green Hills Software.  All Rights Reserved.
Release: Compiler v2015.1.7
Build Directory: [Directory] BTOWORKER6:c:/build_2015_1_bto/2015-10-21.2100-2015_1_bto/win32-comp-ecom
Revision: [VCInfo] http://toolsvc/branches/release-branch-70-bto/src@544153 (built by build)
Revision Date: Thu Oct 22 07:50:13 2015

Release Date: Thu Oct 22 09:32:32 2015

                           1 --Driver Command: ccrh850 -DBRS_DERIVATIVE_701018 -DBRS_OSC_CLK=16
                           2 --		-DBRS_TIMEBASE_CLOCK=80 -DBRS_EVA_BOARD_
                           3 --		-DBRS_DERIVATIVE_GROUP_F1L -DBRS_OS_USECASE_BRS
                           4 --		-DBRS_PLATFORM_RH850 -DBRS_COMP_GHS
                           5 --		-DBRS_CPU_LOCAL_RAM_SIZE_CORE0=32
                           6 --		-DBRS_CPU_RAM_START_CORE0=0xFEDF8000
                           7 --		-list=lst/ESLib_RSA_V15_SigCRT_SHA1.lst -object_dir=obj
                           8 --		-stderr=err/ESLib_RSA_V15_SigCRT_SHA1.err -c -cpu=rh850 -sda=all
                           9 --		-large_sda -prepare_dispose -pragma_asm_inline -no_callt
                          10 --		-inline_prologue -notda -reserve_r2 -fsoft
                          11 --		--unknown_pragma_warnings -list -g -Ogeneral -shortenum
                          12 --		-registermode=32 -I../source/_common -I../source/common
                          13 --		-I../source/ecuabcanif -I../source/ecuabcantrcv
                          14 --		-I../source/ecuabcryif -I../source/ecuabfee
                          15 --		-I../source/ecuabmemif -I../source/libautosar -I../source/mcalcan
                          16 --		-I../source/mcalcry -I../source/mcaldio -I../source/mcaleep
                          17 --		-I../source/mcalfls -I../source/mcalmcu -I../source/projectara
                          18 --		-I../source/projectcfg -I../source/projectcompiler
                          19 --		-I../source/swcservicebswm -I../source/swcservicecantp
                          20 --		-I../source/swcservicecomm -I../source/swcservicecsm
                          21 --		-I../source/swcservicedcm -I../source/swcservicedem
                          22 --		-I../source/swcservicedet -I../source/swcserviceecum
                          23 --		-I../source/swcservicenvm -I../source/swcserviceos
                          24 --		-I../source/swcservicepdur -I../source/swcserviceschm
                          25 --		-I../source/swcservicestartup -I../source/wrappers/swcservicesecm
                          26 --		-I../source/wrappers/vsecprim -I../source/wrappers/vstdlib
                          27 --		-Ic:/ghs/comp_201517/ansi -Ic:/ghs/comp_201517/include/v800
                          28 --		-Igendata ../source/wrappers/vSecPrim/ESLib_RSA_V15_SigCRT_SHA1.c
                          29 --Source File:   ../source/wrappers/vSecPrim/ESLib_RSA_V15_SigCRT_SHA1.c
                          30 --Directory:     
                          31 --		C:\_ECU2\ECU_Rivian_A1\Target\repo_projects\pFOTA\cL_LATEST\make
                          32 --Compile Date:  Wed Sep 06 14:05:22 2023
                          33 --Host OS:       Win32
                          34 --Version:       C-RH850 2015.1.7 RELEASE VERSION
                          35 --Release:       Compiler v2015.1.7
                          36 --Revision Date: Thu Oct 22 08:06:12 2015
                          37 --Release Date:  Thu Oct 22 09:34:32 2015
                          38 -- ecom  -g -w -OM
                          39 	.section ".MSR_CODE","ax"
                          40 	.align	2
                          41 ..bof.C.3A.5C_ECU2.5CECU_Rivian_A1.5CTarget.5Crepo_projects.5CpFOTA.5CcL_LATEST.5Cmake.5Cobj.5CESLib_RSA_V15_SigCRT_SHA1...43.3A.5C_ECU2.5CECU_Rivian_A1.5CTarget.5Crepo_projects.5CpFOTA.5CcL_LATEST.5Cmake..64F86B02..0::
                          42 	.align	2
                          43 ..gh.f.f.1.e.0:
                          44 	.type	..gh.f.f.1.e.0,@object
                          45 	.size	..gh.f.f.1.e.0,0
                          46 	.global	_esl_initSignRSACRTSHA1_V15
                          47 _esl_initSignRSACRTSHA1_V15:
00000000 8e07e3ff         48 	prepare	{r20,r21,r22,r23,r24,r25,r26,r27,r28,r29,r31},7,sp
00000004 24c5             49 	sld.w	72[ep],r24
00000006 26bd             50 	sld.w	76[ep],r23

                                                                      Page 2
                                                              C:\Users\nhuliyap\AppData\Local\Temp\gh_00004u81.s
00000008 28b5             51 	sld.w	80[ep],r22
0000000a 2aad             52 	sld.w	84[ep],r21
0000000c 2ca5             53 	sld.w	88[ep],r20
                          54 --	    .bf
                          55 .LDW01:
0000000e e031             56 	cmp	zero,r6
00000010 ca05*            57 	bne	.L4
                          58 --line41
                          59 ..lin.C.3A.5C_ECU2.5CECU_Rivian_A1.5CTarget.5Crepo_projects.5CpFOTA.5CcL_LATEST.5Cmake.5Cobj.5CESLib_RSA_V15_SigCRT_SHA1.1::
                          60 .LDWlin1:
00000012 20e60320         61 	movea	8195,zero,r28
00000016 e545*            62 	br	.L6
                          63 .L4:
                          64 --line46
                          65 ..lin.C.3A.5C_ECU2.5CECU_Rivian_A1.5CTarget.5Crepo_projects.5CpFOTA.5CcL_LATEST.5Cmake.5Cobj.5CESLib_RSA_V15_SigCRT_SHA1.2::
                          66 .LDWlin2:
00000018 26970100         67 	ld.w	0[r6],r18
0000001c 06e8             68 	mov	r6,r29
0000001e 07e0             69 	mov	r7,r28
00000020 08c8             70 	mov	r8,r25
00000022 09d0             71 	mov	r9,r26
00000024 1206e8f3         72 	addi	-3096,r18,zero
00000028 c105*            73 	bl	.L7
                          74 --line47
                          75 ..lin.C.3A.5C_ECU2.5CECU_Rivian_A1.5CTarget.5Crepo_projects.5CpFOTA.5CcL_LATEST.5Cmake.5Cobj.5CESLib_RSA_V15_SigCRT_SHA1.3::
                          76 .LDWlin3:
0000002a 20e60220         77 	movea	8194,zero,r28
0000002e a53d*            78 	br	.L6
                          79 .L7:
00000030 09d8             80 	mov	r9,r27
00000032 c7d9             81 	add	r7,r27
                          82 --line50
                          83 ..lin.C.3A.5C_ECU2.5CECU_Rivian_A1.5CTarget.5Crepo_projects.5CpFOTA.5CcL_LATEST.5Cmake.5Cobj.5CESLib_RSA_V15_SigCRT_SHA1.4::
                          84 .LDWlin4:
00000034 1b06d2ff         85 	addi	-46,r27,zero
00000038 c105*            86 	bl	.L10
                          87 --line52
                          88 ..lin.C.3A.5C_ECU2.5CECU_Rivian_A1.5CTarget.5Crepo_projects.5CpFOTA.5CcL_LATEST.5Cmake.5Cobj.5CESLib_RSA_V15_SigCRT_SHA1.5::
                          89 .LDWlin5:
0000003a 20e61920         90 	movea	8217,zero,r28
0000003e a535*            91 	br	.L6
                          92 .L10:
                          93 --line57
                          94 ..lin.C.3A.5C_ECU2.5CECU_Rivian_A1.5CTarget.5Crepo_projects.5CpFOTA.5CcL_LATEST.5Cmake.5Cobj.5CESLib_RSA_V15_SigCRT_SHA1.6::
                          95 .LDWlin6:
00000040 26870900         96 	ld.w	8[r6],r16
00000044 208e6000         97 	movea	96,zero,r17
00000048 668f1101         98 	st.w	r17,272[r6]
0000004c 66871901         99 	st.w	r16,280[r6]
00000050 06362001        100 	addi	288,r6,r6
                         101 	jarl	_actSHAInit,lp
                         101 <EXPANSION BEGIN>
                         101 jarl22 _actSHAInit , lp 
00000054 80ff0000*       101 <EXPANSION END>
                         102 --line61
                         103 ..lin.C.3A.5C_ECU2.5CECU_Rivian_A1.5CTarget.5Crepo_projects.5CpFOTA.5CcL_LATEST.5Cmake.5Cobj.5CESLib_RSA_V15_SigCRT_SHA1.7::
                         104 .LDWlin7:
00000058 3d770900        105 	ld.w	8[r29],r14
0000005c 03f0            106 	mov	sp,ep
0000005e 3065            107 	sld.w	96[ep],r12
00000060 2e6d            108 	sld.w	92[ep],r13

                                                                      Page 3
                                                              C:\Users\nhuliyap\AppData\Local\Temp\gh_00004u81.s
00000062 207e840a        109 	movea	2692,zero,r15
00000066 7d7f9101        110 	st.w	r15,400[r29]
0000006a 7d779901        111 	st.w	r14,408[r29]
0000006e 1d369001        112 	addi	400,r29,r6
00000072 1c38            113 	mov	r28,r7
00000074 1940            114 	mov	r25,r8
00000076 1a48            115 	mov	r26,r9
00000078 1470            116 	mov	r20,r14
0000007a 1578            117 	mov	r21,r15
0000007c 1680            118 	mov	r22,r16
0000007e 1788            119 	mov	r23,r17
00000080 1890            120 	mov	r24,r18
00000082 031e1c00        121 	addi	28,sp,sp
00000086 ec476091        122 	pushsp	r12-r18
                         123 	jarl	_esl_initSignRSACRT_prim,lp
                         123 <EXPANSION BEGIN>
                         123 jarl22 _esl_initSignRSACRT_prim , lp 
0000008a 80ff0000*       123 <EXPANSION END>
0000008e 0ae0            124 	mov	r10,r28
                         125 --line68
                         126 ..lin.C.3A.5C_ECU2.5CECU_Rivian_A1.5CTarget.5Crepo_projects.5CpFOTA.5CcL_LATEST.5Cmake.5Cobj.5CESLib_RSA_V15_SigCRT_SHA1.8::
                         127 .LDWlin8:
00000090 e051            128 	cmp	zero,r10
00000092 8a0d*           129 	bne	.L6
                         130 --line69
                         131 ..lin.C.3A.5C_ECU2.5CECU_Rivian_A1.5CTarget.5Crepo_projects.5CpFOTA.5CcL_LATEST.5Cmake.5Cobj.5CESLib_RSA_V15_SigCRT_SHA1.9::
                         132 .LDWlin9:
00000094 1d30            133 	mov	r29,r6
00000096 203e0007        134 	movea	1792,zero,r7
                         135 	jarl	_esl_SetWorkspaceStatus,lp
                         135 <EXPANSION BEGIN>
                         135 jarl22 _esl_SetWorkspaceStatus , lp 
0000009a 80ff0000*       135 <EXPANSION END>
                         136 --line71
                         137 ..lin.C.3A.5C_ECU2.5CECU_Rivian_A1.5CTarget.5Crepo_projects.5CpFOTA.5CcL_LATEST.5Cmake.5Cobj.5CESLib_RSA_V15_SigCRT_SHA1.10::
                         138 .LDWlin10:
0000009e 7ddf250c        139 	st.w	r27,3108[r29]
                         140 .L6:
000000a2 1c50            141 	mov	r28,r10
                         142 --	    .ef
                         143 .LDW11:
000000a4 4e06ffff        144 	dispose	7,{r20,r21,r22,r23,r24,r25,r26,r27,r28,r29,r31},[lp]
                         145 	.type	_esl_initSignRSACRTSHA1_V15,@function
                         146 	.size	_esl_initSignRSACRTSHA1_V15,.-_esl_initSignRSACRTSHA1_V15
                         147 	.align	2
                         148 .LDW21:
                         149 --_returnValue	r28	local
                         150 --_keyPairModuleSize	r27	local
                         151 
                         152 --_workSpace	r29	param
                         153 --_keyPairPrimePSize	r28	param
                         154 --_keyPairPrimeP	r25	param
                         155 --_keyPairPrimeQSize	r26	param
                         156 --_keyPairPrimeQ	r24	param
                         157 --_privateKeyExponentDPSize	r23	param
                         158 --_privateKeyExponentDP	r22	param
                         159 --_privateKeyExponentDQSize	r21	param
                         160 --_privateKeyExponentDQ	r20	param
                         161 --_privateKeyInverseQISize	92[sp]	param
                         162 --_privateKeyInverseQI	96[sp]	param
                         163 

                                                                      Page 4
                                                              C:\Users\nhuliyap\AppData\Local\Temp\gh_00004u81.s
                         164 	.section ".bss","awb"
                         165 .L102:
                         166 	.type	.L102,@object
                         167 	.size	.L102,0
                         168 	.data
                         169 	.section ".MSR_CODE","ax"
                         170 	.align	2
                         171 	.align	2
                         172 ..gh.f.f.1.e.1:
                         173 	.type	..gh.f.f.1.e.1,@object
                         174 	.size	..gh.f.f.1.e.1,0
                         175 	.global	_esl_updateSignRSACRTSHA1_V15
                         176 _esl_updateSignRSACRTSHA1_V15:
000000a8 80076100        177 	prepare	{r29,r31},0
                         178 --	    .bf
                         179 .LDW31:
000000ac e031            180 	cmp	zero,r6
000000ae ca05*           181 	bne	.L197
                         182 --line81
                         183 ..lin.C.3A.5C_ECU2.5CECU_Rivian_A1.5CTarget.5Crepo_projects.5CpFOTA.5CcL_LATEST.5Cmake.5Cobj.5CESLib_RSA_V15_SigCRT_SHA1.11::
                         184 .LDWlin11:
000000b0 20ee0320        185 	movea	8195,zero,r29
000000b4 b51d*           186 	br	.L199
                         187 .L197:
000000b6 06f0            188 	mov	r6,ep
                         189 --line84
                         190 ..lin.C.3A.5C_ECU2.5CECU_Rivian_A1.5CTarget.5Crepo_projects.5CpFOTA.5CcL_LATEST.5Cmake.5Cobj.5CESLib_RSA_V15_SigCRT_SHA1.12::
                         191 .LDWlin12:
000000b8 7290            192 	sld.hu	4[ep],r18
000000ba 0798            193 	mov	r7,r19
000000bc 00ea            194 	mov	0,r29
000000be d28e801f        195 	andi	8064,r18,r17
000000c2 110600f9        196 	addi	-1792,r17,zero
000000c6 ba05*           197 	bne	.L204
                         198 --line87
                         199 ..lin.C.3A.5C_ECU2.5CECU_Rivian_A1.5CTarget.5Crepo_projects.5CpFOTA.5CcL_LATEST.5Cmake.5Cobj.5CESLib_RSA_V15_SigCRT_SHA1.13::
                         200 .LDWlin13:
000000c8 8f92            201 	shr	15,r18
000000ca c105*           202 	bl	.L203
                         203 .L204:
                         204 --line88
                         205 ..lin.C.3A.5C_ECU2.5CECU_Rivian_A1.5CTarget.5Crepo_projects.5CpFOTA.5CcL_LATEST.5Cmake.5Cobj.5CESLib_RSA_V15_SigCRT_SHA1.14::
                         206 .LDWlin14:
000000cc 20ee0120        207 	movea	8193,zero,r29
000000d0 d50d*           208 	br	.L199
                         209 .L203:
                         210 --line91
                         211 ..lin.C.3A.5C_ECU2.5CECU_Rivian_A1.5CTarget.5Crepo_projects.5CpFOTA.5CcL_LATEST.5Cmake.5Cobj.5CESLib_RSA_V15_SigCRT_SHA1.15::
                         212 .LDWlin15:
000000d2 3e4f1901        213 	ld.w	280[ep],r9
000000d6 0838            214 	mov	r8,r7
000000d8 06362001        215 	addi	288,r6,r6
000000dc 1340            216 	mov	r19,r8
                         217 	jarl	_actSHAUpdate,lp
                         217 <EXPANSION BEGIN>
                         217 jarl22 _actSHAUpdate , lp 
000000de 80ff0000*       217 <EXPANSION END>
000000e2 e051            218 	cmp	zero,r10
000000e4 b205*           219 	be	.L199
                         220 --line93
                         221 ..lin.C.3A.5C_ECU2.5CECU_Rivian_A1.5CTarget.5Crepo_projects.5CpFOTA.5CcL_LATEST.5Cmake.5Cobj.5CESLib_RSA_V15_SigCRT_SHA1.16::

                                                                      Page 5
                                                              C:\Users\nhuliyap\AppData\Local\Temp\gh_00004u81.s
                         222 .LDWlin16:
000000e6 20ee0d20        223 	movea	8205,zero,r29
                         224 .L199:
000000ea 1d50            225 	mov	r29,r10
                         226 --	    .ef
                         227 .LDW41:
000000ec 40067f00        228 	dispose	0,{r29,r31},[lp]
                         229 	.type	_esl_updateSignRSACRTSHA1_V15,@function
                         230 	.size	_esl_updateSignRSACRTSHA1_V15,.-_esl_updateSignRSACRTSHA1_V15
                         231 	.align	2
                         232 .LDW51:
                         233 --_returnValue	r29	local
                         234 
                         235 --_workSpace	ep	param
                         236 --_inputSize	r19	param
                         237 --_input	r8	param
                         238 
                         239 	.section ".bss","awb"
                         240 .L282:
                         241 	.type	.L282,@object
                         242 	.size	.L282,0
                         243 	.data
                         244 	.section ".MSR_CODE","ax"
                         245 	.align	2
                         246 	.align	2
                         247 	.align	2
                         248 ..gh.f.f.1.e.2:
                         249 	.type	..gh.f.f.1.e.2,@object
                         250 	.size	..gh.f.f.1.e.2,0
                         251 	.global	_esl_finalizeSignRSACRTSHA1_V15
                         252 _esl_finalizeSignRSACRTSHA1_V15:
000000f0 8207e1f0        253 	prepare	{r24,r25,r26,r27,r28,r29,r31},1
000000f4 06e8            254 	mov	r6,r29
000000f6 07c8            255 	mov	r7,r25
000000f8 08c0            256 	mov	r8,r24
                         257 --	    .bf
                         258 .LDW61:
000000fa e031            259 	cmp	zero,r6
000000fc b215*           260 	be	.L375
                         261 --line114
                         262 ..lin.C.3A.5C_ECU2.5CECU_Rivian_A1.5CTarget.5Crepo_projects.5CpFOTA.5CcL_LATEST.5Cmake.5Cobj.5CESLib_RSA_V15_SigCRT_SHA1.17::
                         263 .LDWlin17:
000000fe e64f0500        264 	ld.hu	4[r6],r9
00000102 26df0d0c        265 	ld.w	3084[r6],r27
00000106 c946801f        266 	andi	8064,r9,r8
0000010a 080600f9        267 	addi	-1792,r8,zero
0000010e ba05*           268 	bne	.L372
                         269 --line117
                         270 ..lin.C.3A.5C_ECU2.5CECU_Rivian_A1.5CTarget.5Crepo_projects.5CpFOTA.5CcL_LATEST.5Cmake.5Cobj.5CESLib_RSA_V15_SigCRT_SHA1.18::
                         271 .LDWlin18:
00000110 8f4a            272 	shr	15,r9
00000112 d105*           273 	bl	.L371
                         274 .L372:
                         275 --line118
                         276 ..lin.C.3A.5C_ECU2.5CECU_Rivian_A1.5CTarget.5Crepo_projects.5CpFOTA.5CcL_LATEST.5Cmake.5Cobj.5CESLib_RSA_V15_SigCRT_SHA1.19::
                         277 .LDWlin19:
00000114 20560120        278 	movea	8193,zero,r10
00000118 4206fff0        279 	dispose	1,{r24,r25,r26,r27,r28,r29,r31},[lp]
                         280 .L371:
                         281 --line120
                         282 ..lin.C.3A.5C_ECU2.5CECU_Rivian_A1.5CTarget.5Crepo_projects.5CpFOTA.5CcL_LATEST.5Cmake.5Cobj.5CESLib_RSA_V15_SigCRT_SHA1.20::

                                                                      Page 6
                                                              C:\Users\nhuliyap\AppData\Local\Temp\gh_00004u81.s
                         283 .LDWlin20:
0000011c 1b06d2ff        284 	addi	-46,r27,zero
00000120 d105*           285 	bl	.L374
                         286 .L375:
                         287 --line121
                         288 ..lin.C.3A.5C_ECU2.5CECU_Rivian_A1.5CTarget.5Crepo_projects.5CpFOTA.5CcL_LATEST.5Cmake.5Cobj.5CESLib_RSA_V15_SigCRT_SHA1.21::
                         289 .LDWlin21:
00000122 20560320        290 	movea	8195,zero,r10
00000126 4206fff0        291 	dispose	1,{r24,r25,r26,r27,r28,r29,r31},[lp]
                         292 .L374:
                         293 --line124
                         294 ..lin.C.3A.5C_ECU2.5CECU_Rivian_A1.5CTarget.5Crepo_projects.5CpFOTA.5CcL_LATEST.5Cmake.5Cobj.5CESLib_RSA_V15_SigCRT_SHA1.22::
                         295 .LDWlin22:
0000012a 06d61000        296 	addi	16,r6,r26
0000012e 46071000        297 	st.b	zero,16[r6]
00000132 0132            298 	mov	1,r6
00000134 5d371100        299 	st.b	r6,17[r29]
00000138 1be6daff        300 	addi	-38,r27,r28
0000013c 1d361200        301 	addi	18,r29,r6
00000140 1c40            302 	mov	r28,r8
00000142 203eff00        303 	movea	255,zero,r7
                         304 	jarl	_VStdLib_MemSet,lp
                         304 <EXPANSION BEGIN>
                         304 jarl22 _VStdLib_MemSet , lp 
00000146 80ff0000*       304 <EXPANSION END>
                         305 --line132
                         306 ..lin.C.3A.5C_ECU2.5CECU_Rivian_A1.5CTarget.5Crepo_projects.5CpFOTA.5CcL_LATEST.5Cmake.5Cobj.5CESLib_RSA_V15_SigCRT_SHA1.23::
                         307 .LDWlin23:
0000014a 42e2            308 	add	2,r28
0000014c 1cf0            309 	mov	r28,ep
0000014e 41e2            310 	add	1,r28
00000150 ddf1            311 	add	r29,ep
00000152 1c30            312 	mov	r28,r6
00000154 9003            313 	sst.b	zero,16[ep]
00000156 da31            314 	add	r26,r6
00000158 270600000000*   315 	mov	rosdaoff23(_eslt_SIGN_RSA_CRT_SHA1_V15_ASN1_DIGESTINFO),r7
0000015e 0f42            316 	mov	15,r8
                         317 	jarl	_VStdLib_MemCpy,lp
                         317 <EXPANSION BEGIN>
                         317 jarl22 _VStdLib_MemCpy , lp 
00000160 80ff0000*       317 <EXPANSION END>
                         318 --line137
                         319 ..lin.C.3A.5C_ECU2.5CECU_Rivian_A1.5CTarget.5Crepo_projects.5CpFOTA.5CcL_LATEST.5Cmake.5Cobj.5CESLib_RSA_V15_SigCRT_SHA1.24::
                         320 .LDWlin24:
00000164 3d471901        321 	ld.w	280[r29],r8
00000168 1c3e0f00        322 	addi	15,r28,r7
0000016c 1d362001        323 	addi	288,r29,r6
00000170 da39            324 	add	r26,r7
                         325 	jarl	_actSHAFinalize,lp
                         325 <EXPANSION BEGIN>
                         325 jarl22 _actSHAFinalize , lp 
00000172 80ff0000*       325 <EXPANSION END>
                         326 --line139
                         327 ..lin.C.3A.5C_ECU2.5CECU_Rivian_A1.5CTarget.5Crepo_projects.5CpFOTA.5CcL_LATEST.5Cmake.5Cobj.5CESLib_RSA_V15_SigCRT_SHA1.25::
                         328 .LDWlin25:
00000176 1d369001        329 	addi	400,r29,r6
0000017a 1b38            330 	mov	r27,r7
0000017c 1a40            331 	mov	r26,r8
0000017e 1948            332 	mov	r25,r9
00000180 63c70100        333 	st.w	r24,0[sp]
                         334 	jarl	_esl_signRSACRT_prim,lp

                                                                      Page 7
                                                              C:\Users\nhuliyap\AppData\Local\Temp\gh_00004u81.s
                         334 <EXPANSION BEGIN>
                         334 jarl22 _esl_signRSACRT_prim , lp 
00000184 80ff0000*       334 <EXPANSION END>
                         335 --	    .ef
                         336 .LDW71:
                         337 --line142
                         338 ..lin.C.3A.5C_ECU2.5CECU_Rivian_A1.5CTarget.5Crepo_projects.5CpFOTA.5CcL_LATEST.5Cmake.5Cobj.5CESLib_RSA_V15_SigCRT_SHA1.26::
                         339 .LDWlin26:
00000188 4206fff0        340 	dispose	1,{r24,r25,r26,r27,r28,r29,r31},[lp]
                         341 	.type	_esl_finalizeSignRSACRTSHA1_V15,@function
                         342 	.size	_esl_finalizeSignRSACRTSHA1_V15,.-_esl_finalizeSignRSACRTSHA1_V15
                         343 	.align	2
                         344 .LDW81:
                         345 --_returnValue	r10	local
                         346 --_keyPairModuleSize	r27	local
                         347 --_i	r28	local
                         348 --_padBytesNeeded	r28	local
                         349 --_messageBuf	r26	local
                         350 
                         351 --_workSpace	r29	param
                         352 --_signatureSize	r25	param
                         353 --_signature	r24	param
                         354 
                         355 	.section ".bss","awb"
                         356 .L460:
                         357 	.type	.L460,@object
                         358 	.size	.L460,0
                         359 	.section ".rosdata","a"
                         360 	.align	4
                         361 	.global	_eslt_SIGN_RSA_CRT_SHA1_V15_ASN1_DIGESTINFO..C.3A.5C_ECU2.5CECU_Rivian_A1.5CTarget.5Crepo_projects.5CpFOTA.5CcL_LATEST.5Cmake.5Cobj.5CESLib_RSA_V15_SigCRT_SHA1.
                         362 _eslt_SIGN_RSA_CRT_SHA1_V15_ASN1_DIGESTINFO..C.3A.5C_ECU2.5CECU_Rivian_A1.5CTarget.5Crepo_projects.5CpFOTA.5CcL_LATEST.5Cmake.5Cobj.5CESLib_RSA_V15_SigCRT_SHA1.:
00000000 30213009        363 _eslt_SIGN_RSA_CRT_SHA1_V15_ASN1_DIGESTINFO:	.byte	48,33,48,9
00000004 06052b0e        364 	.byte	6,5,43,14
00000008 03021a05        365 	.byte	3,2,26,5
0000000c 00              366 	.space	1
0000000d 0414            367 	.byte	4,20
0000000f 00              368 	.space	1
                         369 	.type	_eslt_SIGN_RSA_CRT_SHA1_V15_ASN1_DIGESTINFO..C.3A.5C_ECU2.5CECU_Rivian_A1.5CTarget.5Crepo_projects.5CpFOTA.5CcL_LATEST.5Cmake.5Cobj.5CESLib_RSA_V15_SigCRT_SHA1.,@object
                         370 	.size	_eslt_SIGN_RSA_CRT_SHA1_V15_ASN1_DIGESTINFO..C.3A.5C_ECU2.5CECU_Rivian_A1.5CTarget.5Crepo_projects.5CpFOTA.5CcL_LATEST.5Cmake.5Cobj.5CESLib_RSA_V15_SigCRT_SHA1.,16
                         371 	.type	_eslt_SIGN_RSA_CRT_SHA1_V15_ASN1_DIGESTINFO,@object
                         372 	.size	_eslt_SIGN_RSA_CRT_SHA1_V15_ASN1_DIGESTINFO,16
                         373 	.data
                         374 	.section ".MSR_CODE","ax"
                         375 	.align	2
                         376 --_eslt_SIGN_RSA_CRT_SHA1_V15_ASN1_DIGESTINFO	rosdaoff23(_eslt_SIGN_RSA_CRT_SHA1_V15_ASN1_DIGESTINFO)	static
                         377 
                         378 	.data
                         379 	.ghsnote version,17
                         380 	.ghsnote tools,3
                         381 	.ghsnote options,144
                         382 	.section ".MSR_CODE","ax"
                         383 	.align	2
                         384 ..eof.C.3A.5C_ECU2.5CECU_Rivian_A1.5CTarget.5Crepo_projects.5CpFOTA.5CcL_LATEST.5Cmake.5Cobj.5CESLib_RSA_V15_SigCRT_SHA1...43.3A.5C_ECU2.5CECU_Rivian_A1.5CTarget.5Crepo_projects.5CpFOTA.5CcL_LATEST.5Cmake..64F86B02..0::
                         385 .rh850_flags REGMODE32,DATA_ALIGN8,GP_FIX,EP_NONFIX,TP_FIX,REG2_RESERVE,G3K,SDA_EXTRA_REGS_0
