                                                                      Page 1
                                                              C:\Users\nhuliyap\AppData\Local\Temp\gh_00005us1.s
Command Line: C:\GHS\comp_201517\ease850.exe -w -stderr=err/ESLib_AES_common.err -elf -b0 -I../source/_common -I../source/common -I../source/ecuabcanif -I../source/ecuabcantrcv -I../source/ecuabcryif -I../source/ecuabfee -I../source/ecuabmemif -I../source/libautosar -I../source/mcalcan -I../source/mcalcry -I../source/mcaldio -I../source/mcaleep -I../source/mcalfls -I../source/mcalmcu -I../source/projectara -I../source/projectcfg -I../source/projectcompiler -I../source/swcservicebswm -I../source/swcservicecantp -I../source/swcservicecomm -I../source/swcservicecsm -I../source/swcservicedcm -I../source/swcservicedem -I../source/swcservicedet -I../source/swcserviceecum -I../source/swcservicenvm -I../source/swcserviceos -I../source/swcservicepdur -I../source/swcserviceschm -I../source/swcservicestartup -I../source/wrappers/swcservicesecm -I../source/wrappers/vsecprim -I../source/wrappers/vstdlib -Ic:/ghs/comp_201517/ansi -Ic:/ghs/comp_201517/include/v800 -Igendata -IC:\GHS\comp_201517\lib\rh850 -cg_underscore -cpu=rh850g3k -nofpu -no_v850_simd -rh850_fpsimd=none -nomacro -patch_dbo=C:\_ECU2\ECU_Rivian_A1\Target\repo_projects\pFOTA\cL_LATEST\make\obj\ESLib_AES_common.dbo -source=ESLib_AES_common.c -o obj\gh_00005us1.o -list=lst/ESLib_AES_common.lst C:\Users\nhuliyap\AppData\Local\Temp\gh_00005us1.s 
Original File: C:\Users\nhuliyap\AppData\Local\Temp\gh_00005us1.s
Source File: ESLib_AES_common.c
Directory: C:\_ECU2\ECU_Rivian_A1\Target\repo_projects\pFOTA\cL_LATEST\make
Host OS: Windows
EASE: Copyright (C) 1983-2015 Green Hills Software.  All Rights Reserved.
Release: Compiler v2015.1.7
Build Directory: [Directory] BTOWORKER6:c:/build_2015_1_bto/2015-10-21.2100-2015_1_bto/win32-comp-ecom
Revision: [VCInfo] http://toolsvc/branches/release-branch-70-bto/src@544153 (built by build)
Revision Date: Thu Oct 22 07:50:13 2015

Release Date: Thu Oct 22 09:32:32 2015

                           1 --Driver Command: ccrh850 -DBRS_DERIVATIVE_701018 -DBRS_OSC_CLK=16
                           2 --		-DBRS_TIMEBASE_CLOCK=80 -DBRS_EVA_BOARD_
                           3 --		-DBRS_DERIVATIVE_GROUP_F1L -DBRS_OS_USECASE_BRS
                           4 --		-DBRS_PLATFORM_RH850 -DBRS_COMP_GHS
                           5 --		-DBRS_CPU_LOCAL_RAM_SIZE_CORE0=32
                           6 --		-DBRS_CPU_RAM_START_CORE0=0xFEDF8000
                           7 --		-list=lst/ESLib_AES_common.lst -object_dir=obj
                           8 --		-stderr=err/ESLib_AES_common.err -c -cpu=rh850 -sda=all
                           9 --		-large_sda -prepare_dispose -pragma_asm_inline -no_callt
                          10 --		-inline_prologue -notda -reserve_r2 -fsoft
                          11 --		--unknown_pragma_warnings -list -g -Ogeneral -shortenum
                          12 --		-registermode=32 -I../source/_common -I../source/common
                          13 --		-I../source/ecuabcanif -I../source/ecuabcantrcv
                          14 --		-I../source/ecuabcryif -I../source/ecuabfee
                          15 --		-I../source/ecuabmemif -I../source/libautosar -I../source/mcalcan
                          16 --		-I../source/mcalcry -I../source/mcaldio -I../source/mcaleep
                          17 --		-I../source/mcalfls -I../source/mcalmcu -I../source/projectara
                          18 --		-I../source/projectcfg -I../source/projectcompiler
                          19 --		-I../source/swcservicebswm -I../source/swcservicecantp
                          20 --		-I../source/swcservicecomm -I../source/swcservicecsm
                          21 --		-I../source/swcservicedcm -I../source/swcservicedem
                          22 --		-I../source/swcservicedet -I../source/swcserviceecum
                          23 --		-I../source/swcservicenvm -I../source/swcserviceos
                          24 --		-I../source/swcservicepdur -I../source/swcserviceschm
                          25 --		-I../source/swcservicestartup -I../source/wrappers/swcservicesecm
                          26 --		-I../source/wrappers/vsecprim -I../source/wrappers/vstdlib
                          27 --		-Ic:/ghs/comp_201517/ansi -Ic:/ghs/comp_201517/include/v800
                          28 --		-Igendata ../source/wrappers/vSecPrim/ESLib_AES_common.c
                          29 --Source File:   ../source/wrappers/vSecPrim/ESLib_AES_common.c
                          30 --Directory:     
                          31 --		C:\_ECU2\ECU_Rivian_A1\Target\repo_projects\pFOTA\cL_LATEST\make
                          32 --Compile Date:  Wed Sep 06 14:04:16 2023
                          33 --Host OS:       Win32
                          34 --Version:       C-RH850 2015.1.7 RELEASE VERSION
                          35 --Release:       Compiler v2015.1.7
                          36 --Revision Date: Thu Oct 22 08:06:12 2015
                          37 --Release Date:  Thu Oct 22 09:34:32 2015
                          38 -- ecom  -g -w -OM
                          39 	.section ".MSR_CODE","ax"
                          40 	.align	2
                          41 ..bof.C.3A.5C_ECU2.5CECU_Rivian_A1.5CTarget.5Crepo_projects.5CpFOTA.5CcL_LATEST.5Cmake.5Cobj.5CESLib_AES_common...43.3A.5C_ECU2.5CECU_Rivian_A1.5CTarget.5Crepo_projects.5CpFOTA.5CcL_LATEST.5Cmake..64F86AC0..0::
                          42 	.align	2
                          43 ..gh.f.f.1.e.0:
                          44 	.type	..gh.f.f.1.e.0,@object
                          45 	.size	..gh.f.f.1.e.0,0
                          46 	.global	_esl_AES_setBlockAndPaddingModes
                          47 _esl_AES_setBlockAndPaddingModes:
00000000 06f0             48 	mov	r6,ep
00000002 8700             49 	zxb	r7
00000004 8800             50 	zxb	r8

                                                                      Page 2
                                                              C:\Users\nhuliyap\AppData\Local\Temp\gh_00005us1.s
                          51 --	    .bf
                          52 .LDW01:
00000006 0052             53 	mov	0,r10
00000008 8003             54 	sst.b	zero,0[ep]
0000000a 6142             55 	cmp	1,r8
0000000c 920d*            56 	be	.L6
0000000e 0a90             57 	mov	r10,r18
00000010 6242             58 	cmp	2,r8
00000012 d20d*            59 	be	.L7
00000014 6442             60 	cmp	4,r8
00000016 820d*            61 	be	.L11
                          62 --line33
                          63 ..lin.C.3A.5C_ECU2.5CECU_Rivian_A1.5CTarget.5Crepo_projects.5CpFOTA.5CcL_LATEST.5Cmake.5Cobj.5CESLib_AES_common.1::
                          64 .LDWlin1:
00000018 20560420         65 	movea	8196,zero,r10
0000001c 850d*            66 	br	.L7
                          67 .L6:
                          68 --line19
                          69 ..lin.C.3A.5C_ECU2.5CECU_Rivian_A1.5CTarget.5Crepo_projects.5CpFOTA.5CcL_LATEST.5Cmake.5Cobj.5CESLib_AES_common.2::
                          70 .LDWlin2:
0000001e 20962000         71 	movea	32,zero,r18
00000022 8093             72 	sst.b	r18,0[ep]
00000024 c505*            73 	br	.L7
                          74 .L11:
                          75 --line28
                          76 ..lin.C.3A.5C_ECU2.5CECU_Rivian_A1.5CTarget.5Crepo_projects.5CpFOTA.5CcL_LATEST.5Cmake.5Cobj.5CESLib_AES_common.3::
                          77 .LDWlin3:
00000026 20961000         78 	movea	16,zero,r18
0000002a 8093             79 	sst.b	r18,0[ep]
                          80 .L7:
0000002c 613a             81 	cmp	1,r7
0000002e f10d*            82 	bl	.L2
00000030 e205*            83 	be	.L20
00000032 643a             84 	cmp	4,r7
00000034 820d*            85 	be	.L22
                          86 --line56
                          87 ..lin.C.3A.5C_ECU2.5CECU_Rivian_A1.5CTarget.5Crepo_projects.5CpFOTA.5CcL_LATEST.5Cmake.5Cobj.5CESLib_AES_common.4::
                          88 .LDWlin4:
00000036 20560420         89 	movea	8196,zero,r10
0000003a 7f00             90 	jmp	[lp]
                          91 .L20:
                          92 --line46
                          93 ..lin.C.3A.5C_ECU2.5CECU_Rivian_A1.5CTarget.5Crepo_projects.5CpFOTA.5CcL_LATEST.5Cmake.5Cobj.5CESLib_AES_common.5::
                          94 .LDWlin5:
0000003c 923e0100         95 	ori	1,r18,r7
00000040 803b             96 	sst.b	r7,0[ep]
00000042 7f00             97 	jmp	[lp]
                          98 .L22:
                          99 --line51
                         100 ..lin.C.3A.5C_ECU2.5CECU_Rivian_A1.5CTarget.5Crepo_projects.5CpFOTA.5CcL_LATEST.5Cmake.5Cobj.5CESLib_AES_common.6::
                         101 .LDWlin6:
00000044 92360400        102 	ori	4,r18,r6
00000048 8033            103 	sst.b	r6,0[ep]
0000004a 7f00            104 	jmp	[lp]
                         105 .L2:
                         106 --	    .ef
                         107 .LDW11:
                         108 --line61
                         109 ..lin.C.3A.5C_ECU2.5CECU_Rivian_A1.5CTarget.5Crepo_projects.5CpFOTA.5CcL_LATEST.5Cmake.5Cobj.5CESLib_AES_common.7::
                         110 .LDWlin7:
0000004c 7f00            111 	jmp	[lp]

                                                                      Page 3
                                                              C:\Users\nhuliyap\AppData\Local\Temp\gh_00005us1.s
                         112 	.type	_esl_AES_setBlockAndPaddingModes,@function
                         113 	.size	_esl_AES_setBlockAndPaddingModes,.-_esl_AES_setBlockAndPaddingModes
                         114 	.align	2
                         115 .LDW21:
                         116 --_retVal	r10	local
                         117 
                         118 --_target	ep	param
                         119 --_extBlockMode	r7	param
                         120 --_extPaddingMode	r8	param
                         121 
                         122 	.section ".bss","awb"
                         123 .L100:
                         124 	.type	.L100,@object
                         125 	.size	.L100,0
                         126 	.data
                         127 	.section ".MSR_CODE","ax"
                         128 	.align	2
                         129 	.align	2
                         130 ..gh.f.f.1.e.1:
                         131 	.type	..gh.f.f.1.e.1,@object
                         132 	.size	..gh.f.f.1.e.1,0
                         133 	.global	_esl_AES_CommonInitChecks
                         134 _esl_AES_CommonInitChecks:
0000004e 80076100        135 	prepare	{r29,r31},0
00000052 08e8            136 	mov	r8,r29
                         137 --	    .bf
                         138 .LDW31:
00000054 e031            139 	cmp	zero,r6
00000056 f205*           140 	be	.L239
                         141 --line71
                         142 ..lin.C.3A.5C_ECU2.5CECU_Rivian_A1.5CTarget.5Crepo_projects.5CpFOTA.5CcL_LATEST.5Cmake.5Cobj.5CESLib_AES_common.8::
                         143 .LDWlin8:
                         144 	jarl	_esl_CheckWorkSpaceHeader,lp
                         144 <EXPANSION BEGIN>
                         144 jarl22 _esl_CheckWorkSpaceHeader , lp 
00000058 80ff0000*       144 <EXPANSION END>
                         145 --line72
                         146 ..lin.C.3A.5C_ECU2.5CECU_Rivian_A1.5CTarget.5Crepo_projects.5CpFOTA.5CcL_LATEST.5Cmake.5Cobj.5CESLib_AES_common.9::
                         147 .LDWlin9:
0000005c e051            148 	cmp	zero,r10
0000005e fa05*           149 	bne	.L233
00000060 e0e9            150 	cmp	zero,r29
00000062 da05*           151 	bne	.L233
                         152 .L239:
                         153 --line73
                         154 ..lin.C.3A.5C_ECU2.5CECU_Rivian_A1.5CTarget.5Crepo_projects.5CpFOTA.5CcL_LATEST.5Cmake.5Cobj.5CESLib_AES_common.10::
                         155 .LDWlin10:
00000064 20560320        156 	movea	8195,zero,r10
00000068 40067f00        157 	dispose	0,{r29,r31},[lp]
                         158 .L233:
                         159 --	    .ef
                         160 .LDW41:
                         161 --line77
                         162 ..lin.C.3A.5C_ECU2.5CECU_Rivian_A1.5CTarget.5Crepo_projects.5CpFOTA.5CcL_LATEST.5Cmake.5Cobj.5CESLib_AES_common.11::
                         163 .LDWlin11:
0000006c 40067f00        164 	dispose	0,{r29,r31},[lp]
                         165 	.type	_esl_AES_CommonInitChecks,@function
                         166 	.size	_esl_AES_CommonInitChecks,.-_esl_AES_CommonInitChecks
                         167 	.align	2
                         168 .LDW51:
                         169 --_retVal	r10	local

                                                                      Page 4
                                                              C:\Users\nhuliyap\AppData\Local\Temp\gh_00005us1.s
                         170 
                         171 --_workSpace	r6	param
                         172 --_wsSize	r7	param
                         173 --_key	r29	param
                         174 
                         175 	.section ".bss","awb"
                         176 .L293:
                         177 	.type	.L293,@object
                         178 	.size	.L293,0
                         179 	.data
                         180 	.section ".MSR_CODE","ax"
                         181 	.align	2
                         182 	.align	2
                         183 ..gh.f.f.1.e.2:
                         184 	.type	..gh.f.f.1.e.2,@object
                         185 	.size	..gh.f.f.1.e.2,0
                         186 	.global	_esl_AES_CommonInit
                         187 _esl_AES_CommonInit:
00000070 8007e110        188 	prepare	{r27,r28,r29,r31},0
00000074 23f61000        189 	movea	16,sp,ep
00000078 06e8            190 	mov	r6,r29
0000007a 60e0            191 	sld.bu	0[ep],r28
0000007c 64d8            192 	sld.bu	4[ep],r27
                         193 --	    .bf
                         194 .LDW61:
0000007e 0730            195 	mov	r7,r6
00000080 0838            196 	mov	r8,r7
00000082 0940            197 	mov	r9,r8
                         198 	jarl	_esl_AES_CommonInitChecks,lp
                         198 <EXPANSION BEGIN>
                         198 jarl22 _esl_AES_CommonInitChecks , lp 
00000084 bfffcaff*       198 <EXPANSION END>
                         199 --line84
                         200 ..lin.C.3A.5C_ECU2.5CECU_Rivian_A1.5CTarget.5Crepo_projects.5CpFOTA.5CcL_LATEST.5Cmake.5Cobj.5CESLib_AES_common.12::
                         201 .LDWlin12:
00000088 e051            202 	cmp	zero,r10
0000008a 8a0d*           203 	bne	.L352
                         204 --line85
                         205 ..lin.C.3A.5C_ECU2.5CECU_Rivian_A1.5CTarget.5Crepo_projects.5CpFOTA.5CcL_LATEST.5Cmake.5Cobj.5CESLib_AES_common.13::
                         206 .LDWlin13:
0000008c 1d30            207 	mov	r29,r6
0000008e 1c38            208 	mov	r28,r7
00000090 1b40            209 	mov	r27,r8
                         210 	jarl	_esl_AES_setBlockAndPaddingModes,lp
                         210 <EXPANSION BEGIN>
                         210 jarl22 _esl_AES_setBlockAndPaddingModes , lp 
00000092 bfff6eff*       210 <EXPANSION END>
00000096 4006ff10        211 	dispose	0,{r27,r28,r29,r31},[lp]
                         212 .L352:
                         213 --	    .ef
                         214 .LDW71:
                         215 --line88
                         216 ..lin.C.3A.5C_ECU2.5CECU_Rivian_A1.5CTarget.5Crepo_projects.5CpFOTA.5CcL_LATEST.5Cmake.5Cobj.5CESLib_AES_common.14::
                         217 .LDWlin14:
0000009a 4006ff10        218 	dispose	0,{r27,r28,r29,r31},[lp]
                         219 	.type	_esl_AES_CommonInit,@function
                         220 	.size	_esl_AES_CommonInit,.-_esl_AES_CommonInit
                         221 	.align	2
                         222 .LDW81:
                         223 --_retVal	r10	local
                         224 

                                                                      Page 5
                                                              C:\Users\nhuliyap\AppData\Local\Temp\gh_00005us1.s
                         225 --_targetMode	r29	param
                         226 --_workSpace	r7	param
                         227 --_wsSize	r8	param
                         228 --_key	r9	param
                         229 --_blockMode	r28	param
                         230 --_paddingMode	r27	param
                         231 
                         232 	.section ".bss","awb"
                         233 .L400:
                         234 	.type	.L400,@object
                         235 	.size	.L400,0
                         236 	.data
                         237 	.section ".MSR_CODE","ax"
                         238 	.align	2
                         239 	.align	2
                         240 ..gh.f.f.1.e.3:
                         241 	.type	..gh.f.f.1.e.3,@object
                         242 	.size	..gh.f.f.1.e.3,0
                         243 	.global	_esl_AES_CommonProcChecks
                         244 _esl_AES_CommonProcChecks:
0000009e 80072100        245 	prepare	{r31},0
000000a2 0798            246 	mov	r7,r19
000000a4 d300            247 	zxh	r19
000000a6 23970500        248 	ld.w	4[sp],r18
                         249 --	    .bf
                         250 .LDW91:
000000aa e031            251 	cmp	zero,r6
000000ac d205*           252 	be	.L444
000000ae e049            253 	cmp	zero,r9
000000b0 b205*           254 	be	.L444
000000b2 e091            255 	cmp	zero,r18
000000b4 da05*           256 	bne	.L443
                         257 .L444:
                         258 --line95
                         259 ..lin.C.3A.5C_ECU2.5CECU_Rivian_A1.5CTarget.5Crepo_projects.5CpFOTA.5CcL_LATEST.5Cmake.5Cobj.5CESLib_AES_common.15::
                         260 .LDWlin15:
000000b6 20560320        261 	movea	8195,zero,r10
000000ba 40063f00        262 	dispose	0,{r31},[lp]
                         263 .L443:
                         264 --line98
                         265 ..lin.C.3A.5C_ECU2.5CECU_Rivian_A1.5CTarget.5Crepo_projects.5CpFOTA.5CcL_LATEST.5Cmake.5Cobj.5CESLib_AES_common.16::
                         266 .LDWlin16:
000000be 0838            267 	mov	r8,r7
000000c0 1340            268 	mov	r19,r8
                         269 	jarl	_esl_CheckWorkSpaceHeaderAndState,lp
                         269 <EXPANSION BEGIN>
                         269 jarl22 _esl_CheckWorkSpaceHeaderAndState , lp 
000000c2 80ff0000*       269 <EXPANSION END>
                         270 --	    .ef
                         271 .LDW02:
                         272 --line101
                         273 ..lin.C.3A.5C_ECU2.5CECU_Rivian_A1.5CTarget.5Crepo_projects.5CpFOTA.5CcL_LATEST.5Cmake.5Cobj.5CESLib_AES_common.17::
                         274 .LDWlin17:
000000c6 40063f00        275 	dispose	0,{r31},[lp]
                         276 	.type	_esl_AES_CommonProcChecks,@function
                         277 	.size	_esl_AES_CommonProcChecks,.-_esl_AES_CommonProcChecks
                         278 	.align	2
                         279 .LDW12:
                         280 --_retVal	r10	local
                         281 
                         282 --_workSpace	r6	param

                                                                      Page 6
                                                              C:\Users\nhuliyap\AppData\Local\Temp\gh_00005us1.s
                         283 --_algo	r19	param
                         284 --_wsSize	r8	param
                         285 --_inBuffer	r9	param
                         286 --_outBuffer	r18	param
                         287 
                         288 	.section ".bss","awb"
                         289 .L498:
                         290 	.type	.L498,@object
                         291 	.size	.L498,0
                         292 	.data
                         293 	.section ".MSR_CODE","ax"
                         294 	.align	2
                         295 
                         296 	.data
                         297 	.ghsnote version,17
                         298 	.ghsnote tools,3
                         299 	.ghsnote options,144
                         300 	.section ".MSR_CODE","ax"
                         301 	.align	2
                         302 ..eof.C.3A.5C_ECU2.5CECU_Rivian_A1.5CTarget.5Crepo_projects.5CpFOTA.5CcL_LATEST.5Cmake.5Cobj.5CESLib_AES_common...43.3A.5C_ECU2.5CECU_Rivian_A1.5CTarget.5Crepo_projects.5CpFOTA.5CcL_LATEST.5Cmake..64F86AC0..0::
                         303 .rh850_flags REGMODE32,DATA_ALIGN8,GP_FIX,EP_NONFIX,TP_FIX,REG2_RESERVE,G3K,SDA_EXTRA_REGS_0
