                                                                      Page 1
                                                              C:\Users\nhuliyap\AppData\Local\Temp\gh_000076g1.s
Command Line: C:\GHS\comp_201517\ease850.exe -w -stderr=err/ESLib_SHA512_224.err -elf -b0 -I../source/_common -I../source/common -I../source/ecuabcanif -I../source/ecuabcantrcv -I../source/ecuabcryif -I../source/ecuabfee -I../source/ecuabmemif -I../source/libautosar -I../source/mcalcan -I../source/mcalcry -I../source/mcaldio -I../source/mcaleep -I../source/mcalfls -I../source/mcalmcu -I../source/projectara -I../source/projectcfg -I../source/projectcompiler -I../source/swcservicebswm -I../source/swcservicecantp -I../source/swcservicecomm -I../source/swcservicecsm -I../source/swcservicedcm -I../source/swcservicedem -I../source/swcservicedet -I../source/swcserviceecum -I../source/swcservicenvm -I../source/swcserviceos -I../source/swcservicepdur -I../source/swcserviceschm -I../source/swcservicestartup -I../source/wrappers/swcservicesecm -I../source/wrappers/vsecprim -I../source/wrappers/vstdlib -Ic:/ghs/comp_201517/ansi -Ic:/ghs/comp_201517/include/v800 -Igendata -IC:\GHS\comp_201517\lib\rh850 -cg_underscore -cpu=rh850g3k -nofpu -no_v850_simd -rh850_fpsimd=none -nomacro -patch_dbo=C:\_ECU2\ECU_Rivian_A1\Target\repo_projects\pFOTA\cL_LATEST\make\obj\ESLib_SHA512_224.dbo -source=ESLib_SHA512_224.c -o obj\gh_000076g1.o -list=lst/ESLib_SHA512_224.lst C:\Users\nhuliyap\AppData\Local\Temp\gh_000076g1.s 
Original File: C:\Users\nhuliyap\AppData\Local\Temp\gh_000076g1.s
Source File: ESLib_SHA512_224.c
Directory: C:\_ECU2\ECU_Rivian_A1\Target\repo_projects\pFOTA\cL_LATEST\make
Host OS: Windows
EASE: Copyright (C) 1983-2015 Green Hills Software.  All Rights Reserved.
Release: Compiler v2015.1.7
Build Directory: [Directory] BTOWORKER6:c:/build_2015_1_bto/2015-10-21.2100-2015_1_bto/win32-comp-ecom
Revision: [VCInfo] http://toolsvc/branches/release-branch-70-bto/src@544153 (built by build)
Revision Date: Thu Oct 22 07:50:13 2015

Release Date: Thu Oct 22 09:32:32 2015

                           1 --Driver Command: ccrh850 -DBRS_DERIVATIVE_701018 -DBRS_OSC_CLK=16
                           2 --		-DBRS_TIMEBASE_CLOCK=80 -DBRS_EVA_BOARD_
                           3 --		-DBRS_DERIVATIVE_GROUP_F1L -DBRS_OS_USECASE_BRS
                           4 --		-DBRS_PLATFORM_RH850 -DBRS_COMP_GHS
                           5 --		-DBRS_CPU_LOCAL_RAM_SIZE_CORE0=32
                           6 --		-DBRS_CPU_RAM_START_CORE0=0xFEDF8000
                           7 --		-list=lst/ESLib_SHA512_224.lst -object_dir=obj
                           8 --		-stderr=err/ESLib_SHA512_224.err -c -cpu=rh850 -sda=all
                           9 --		-large_sda -prepare_dispose -pragma_asm_inline -no_callt
                          10 --		-inline_prologue -notda -reserve_r2 -fsoft
                          11 --		--unknown_pragma_warnings -list -g -Ogeneral -shortenum
                          12 --		-registermode=32 -I../source/_common -I../source/common
                          13 --		-I../source/ecuabcanif -I../source/ecuabcantrcv
                          14 --		-I../source/ecuabcryif -I../source/ecuabfee
                          15 --		-I../source/ecuabmemif -I../source/libautosar -I../source/mcalcan
                          16 --		-I../source/mcalcry -I../source/mcaldio -I../source/mcaleep
                          17 --		-I../source/mcalfls -I../source/mcalmcu -I../source/projectara
                          18 --		-I../source/projectcfg -I../source/projectcompiler
                          19 --		-I../source/swcservicebswm -I../source/swcservicecantp
                          20 --		-I../source/swcservicecomm -I../source/swcservicecsm
                          21 --		-I../source/swcservicedcm -I../source/swcservicedem
                          22 --		-I../source/swcservicedet -I../source/swcserviceecum
                          23 --		-I../source/swcservicenvm -I../source/swcserviceos
                          24 --		-I../source/swcservicepdur -I../source/swcserviceschm
                          25 --		-I../source/swcservicestartup -I../source/wrappers/swcservicesecm
                          26 --		-I../source/wrappers/vsecprim -I../source/wrappers/vstdlib
                          27 --		-Ic:/ghs/comp_201517/ansi -Ic:/ghs/comp_201517/include/v800
                          28 --		-Igendata ../source/wrappers/vSecPrim/ESLib_SHA512_224.c
                          29 --Source File:   ../source/wrappers/vSecPrim/ESLib_SHA512_224.c
                          30 --Directory:     
                          31 --		C:\_ECU2\ECU_Rivian_A1\Target\repo_projects\pFOTA\cL_LATEST\make
                          32 --Compile Date:  Wed Sep 06 14:05:47 2023
                          33 --Host OS:       Win32
                          34 --Version:       C-RH850 2015.1.7 RELEASE VERSION
                          35 --Release:       Compiler v2015.1.7
                          36 --Revision Date: Thu Oct 22 08:06:12 2015
                          37 --Release Date:  Thu Oct 22 09:34:32 2015
                          38 -- ecom  -g -w -OM
                          39 	.section ".MSR_CODE","ax"
                          40 	.align	2
                          41 ..bof.C.3A.5C_ECU2.5CECU_Rivian_A1.5CTarget.5Crepo_projects.5CpFOTA.5CcL_LATEST.5Cmake.5Cobj.5CESLib_SHA512_224...43.3A.5C_ECU2.5CECU_Rivian_A1.5CTarget.5Crepo_projects.5CpFOTA.5CcL_LATEST.5Cmake..64F86B1B..0::
                          42 	.align	2
                          43 ..gh.f.f.1.e.0:
                          44 	.type	..gh.f.f.1.e.0,@object
                          45 	.size	..gh.f.f.1.e.0,0
                          46 	.global	_esl_initSHA512_224
                          47 _esl_initSHA512_224:
00000000 8007e100         48 	prepare	{r28,r29,r31},0
                          49 --	    .bf
                          50 .LDW01:

                                                                      Page 2
                                                              C:\Users\nhuliyap\AppData\Local\Temp\gh_000076g1.s
00000004 e031             51 	cmp	zero,r6
00000006 ca05*            52 	bne	.L4
                          53 --line19
                          54 ..lin.C.3A.5C_ECU2.5CECU_Rivian_A1.5CTarget.5Crepo_projects.5CpFOTA.5CcL_LATEST.5Cmake.5Cobj.5CESLib_SHA512_224.1::
                          55 .LDWlin1:
00000008 20e60320         56 	movea	8195,zero,r28
0000000c a515*            57 	br	.L6
                          58 .L4:
0000000e 06e8             59 	mov	r6,r29
                          60 --line21
                          61 ..lin.C.3A.5C_ECU2.5CECU_Rivian_A1.5CTarget.5Crepo_projects.5CpFOTA.5CcL_LATEST.5Cmake.5Cobj.5CESLib_SHA512_224.2::
                          62 .LDWlin2:
00000010 203ed800         63 	movea	216,zero,r7
                          64 	jarl	_esl_CheckWorkSpaceHeader,lp
                          64 <EXPANSION BEGIN>
                          64 jarl22 _esl_CheckWorkSpaceHeader , lp 
00000014 80ff0000*        64 <EXPANSION END>
00000018 0ae0             65 	mov	r10,r28
0000001a e051             66 	cmp	zero,r10
0000001c aa0d*            67 	bne	.L6
                          68 --line24
                          69 ..lin.C.3A.5C_ECU2.5CECU_Rivian_A1.5CTarget.5Crepo_projects.5CpFOTA.5CcL_LATEST.5Cmake.5Cobj.5CESLib_SHA512_224.3::
                          70 .LDWlin3:
0000001e 1d361000         71 	addi	16,r29,r6
                          72 	jarl	_actSHA512_224Init,lp
                          72 <EXPANSION BEGIN>
                          72 jarl22 _actSHA512_224Init , lp 
00000022 80ff0000*        72 <EXPANSION END>
                          73 --line25
                          74 ..lin.C.3A.5C_ECU2.5CECU_Rivian_A1.5CTarget.5Crepo_projects.5CpFOTA.5CcL_LATEST.5Cmake.5Cobj.5CESLib_SHA512_224.4::
                          75 .LDWlin4:
00000026 1d30             76 	mov	r29,r6
00000028 203e0016         77 	movea	5632,zero,r7
                          78 	jarl	_esl_SetWorkspaceStatus,lp
                          78 <EXPANSION BEGIN>
                          78 jarl22 _esl_SetWorkspaceStatus , lp 
0000002c 80ff0000*        78 <EXPANSION END>
                          79 .L6:
                          80 --line28
                          81 ..lin.C.3A.5C_ECU2.5CECU_Rivian_A1.5CTarget.5Crepo_projects.5CpFOTA.5CcL_LATEST.5Cmake.5Cobj.5CESLib_SHA512_224.5::
                          82 .LDWlin5:
00000030 1c50             83 	mov	r28,r10
                          84 --	    .ef
                          85 .LDW11:
00000032 4006ff00         86 	dispose	0,{r28,r29,r31},[lp]
                          87 	.type	_esl_initSHA512_224,@function
                          88 	.size	_esl_initSHA512_224,.-_esl_initSHA512_224
                          89 	.align	2
                          90 .LDW21:
                          91 --_retVal	r28	local
                          92 
                          93 --_workSpace	r29	param
                          94 
                          95 	.section ".bss","awb"
                          96 .L60:
                          97 	.type	.L60,@object
                          98 	.size	.L60,0
                          99 	.data
                         100 	.section ".MSR_CODE","ax"
                         101 	.align	2
                         102 	.align	2

                                                                      Page 3
                                                              C:\Users\nhuliyap\AppData\Local\Temp\gh_000076g1.s
                         103 ..gh.f.f.1.e.1:
                         104 	.type	..gh.f.f.1.e.1,@object
                         105 	.size	..gh.f.f.1.e.1,0
                         106 	.global	_esl_updateSHA512_224
                         107 _esl_updateSHA512_224:
00000036 8007e130        108 	prepare	{r26,r27,r28,r29,r31},0
0000003a 06e8            109 	mov	r6,r29
0000003c 07d0            110 	mov	r7,r26
0000003e 08d8            111 	mov	r8,r27
                         112 --	    .bf
                         113 .LDW31:
00000040 e031            114 	cmp	zero,r6
00000042 b205*           115 	be	.L117
00000044 e041            116 	cmp	zero,r8
00000046 ca05*           117 	bne	.L116
                         118 .L117:
                         119 --line37
                         120 ..lin.C.3A.5C_ECU2.5CECU_Rivian_A1.5CTarget.5Crepo_projects.5CpFOTA.5CcL_LATEST.5Cmake.5Cobj.5CESLib_SHA512_224.6::
                         121 .LDWlin6:
00000048 20e60320        122 	movea	8195,zero,r28
0000004c f515*           123 	br	.L119
                         124 .L116:
                         125 --line39
                         126 ..lin.C.3A.5C_ECU2.5CECU_Rivian_A1.5CTarget.5Crepo_projects.5CpFOTA.5CcL_LATEST.5Cmake.5Cobj.5CESLib_SHA512_224.7::
                         127 .LDWlin7:
0000004e 203ed800        128 	movea	216,zero,r7
00000052 20460016        129 	movea	5632,zero,r8
                         130 	jarl	_esl_CheckWorkSpaceHeaderAndState,lp
                         130 <EXPANSION BEGIN>
                         130 jarl22 _esl_CheckWorkSpaceHeaderAndState , lp 
00000056 80ff0000*       130 <EXPANSION END>
0000005a 0ae0            131 	mov	r10,r28
0000005c e051            132 	cmp	zero,r10
0000005e ea0d*           133 	bne	.L119
                         134 --	    .bs
                         135 .LDW41:
                         136 --line42
                         137 ..lin.C.3A.5C_ECU2.5CECU_Rivian_A1.5CTarget.5Crepo_projects.5CpFOTA.5CcL_LATEST.5Cmake.5Cobj.5CESLib_SHA512_224.8::
                         138 .LDWlin8:
00000060 3d4f0900        139 	ld.w	8[r29],r9
00000064 1d361000        140 	addi	16,r29,r6
00000068 1b38            141 	mov	r27,r7
0000006a 1a40            142 	mov	r26,r8
                         143 	jarl	_actSHA512_224Update,lp
                         143 <EXPANSION BEGIN>
                         143 jarl22 _actSHA512_224Update , lp 
0000006c 80ff0000*       143 <EXPANSION END>
                         144 --line46
                         145 ..lin.C.3A.5C_ECU2.5CECU_Rivian_A1.5CTarget.5Crepo_projects.5CpFOTA.5CcL_LATEST.5Cmake.5Cobj.5CESLib_SHA512_224.9::
                         146 .LDWlin9:
00000070 0a0608ff        147 	addi	-248,r10,zero
00000074 ba05*           148 	bne	.L119
                         149 --line47
                         150 ..lin.C.3A.5C_ECU2.5CECU_Rivian_A1.5CTarget.5Crepo_projects.5CpFOTA.5CcL_LATEST.5Cmake.5Cobj.5CESLib_SHA512_224.10::
                         151 .LDWlin10:
00000076 20e62c20        152 	movea	8236,zero,r28
                         153 .L119:
                         154 --	    .es
                         155 .LDW51:
0000007a 1c50            156 	mov	r28,r10
                         157 --	    .ef

                                                                      Page 4
                                                              C:\Users\nhuliyap\AppData\Local\Temp\gh_000076g1.s
                         158 .LDW61:
0000007c 4006ff30        159 	dispose	0,{r26,r27,r28,r29,r31},[lp]
                         160 	.type	_esl_updateSHA512_224,@function
                         161 	.size	_esl_updateSHA512_224,.-_esl_updateSHA512_224
                         162 	.align	2
                         163 .LDW71:
                         164 --_retVal	r28	local
                         165 
                         166 --_workSpace	r29	param
                         167 --_inputSize	r26	param
                         168 --_input	r27	param
                         169 
                         170 	.section ".bss","awb"
                         171 .L195:
                         172 	.type	.L195,@object
                         173 	.size	.L195,0
                         174 	.data
                         175 	.section ".MSR_CODE","ax"
                         176 	.align	2
                         177 	.align	2
                         178 ..gh.f.f.1.e.2:
                         179 	.type	..gh.f.f.1.e.2,@object
                         180 	.size	..gh.f.f.1.e.2,0
                         181 	.global	_esl_finalizeSHA512_224
                         182 _esl_finalizeSHA512_224:
00000080 8007e110        183 	prepare	{r27,r28,r29,r31},0
00000084 06e8            184 	mov	r6,r29
00000086 07d8            185 	mov	r7,r27
                         186 --	    .bf
                         187 .LDW81:
00000088 e031            188 	cmp	zero,r6
0000008a b205*           189 	be	.L270
0000008c e039            190 	cmp	zero,r7
0000008e ca05*           191 	bne	.L269
                         192 .L270:
                         193 --line57
                         194 ..lin.C.3A.5C_ECU2.5CECU_Rivian_A1.5CTarget.5Crepo_projects.5CpFOTA.5CcL_LATEST.5Cmake.5Cobj.5CESLib_SHA512_224.11::
                         195 .LDWlin11:
00000090 20e60320        196 	movea	8195,zero,r28
00000094 e515*           197 	br	.L272
                         198 .L269:
                         199 --line59
                         200 ..lin.C.3A.5C_ECU2.5CECU_Rivian_A1.5CTarget.5Crepo_projects.5CpFOTA.5CcL_LATEST.5Cmake.5Cobj.5CESLib_SHA512_224.12::
                         201 .LDWlin12:
00000096 203ed800        202 	movea	216,zero,r7
0000009a 20460016        203 	movea	5632,zero,r8
                         204 	jarl	_esl_CheckWorkSpaceHeaderAndState,lp
                         204 <EXPANSION BEGIN>
                         204 jarl22 _esl_CheckWorkSpaceHeaderAndState , lp 
0000009e 80ff0000*       204 <EXPANSION END>
000000a2 0ae0            205 	mov	r10,r28
000000a4 e051            206 	cmp	zero,r10
000000a6 da0d*           207 	bne	.L272
                         208 --line62
                         209 ..lin.C.3A.5C_ECU2.5CECU_Rivian_A1.5CTarget.5Crepo_projects.5CpFOTA.5CcL_LATEST.5Cmake.5Cobj.5CESLib_SHA512_224.13::
                         210 .LDWlin13:
000000a8 3d470900        211 	ld.w	8[r29],r8
000000ac 1d361000        212 	addi	16,r29,r6
000000b0 1b38            213 	mov	r27,r7
                         214 	jarl	_actSHA512_224Finalize,lp
                         214 <EXPANSION BEGIN>

                                                                      Page 5
                                                              C:\Users\nhuliyap\AppData\Local\Temp\gh_000076g1.s
                         214 jarl22 _actSHA512_224Finalize , lp 
000000b2 80ff0000*       214 <EXPANSION END>
                         215 --line66
                         216 ..lin.C.3A.5C_ECU2.5CECU_Rivian_A1.5CTarget.5Crepo_projects.5CpFOTA.5CcL_LATEST.5Cmake.5Cobj.5CESLib_SHA512_224.14::
                         217 .LDWlin14:
000000b6 1d30            218 	mov	r29,r6
000000b8 1d3e1000        219 	addi	16,r29,r7
                         220 	jarl	_esl_ResetAndClearWorkspace,lp
                         220 <EXPANSION BEGIN>
                         220 jarl22 _esl_ResetAndClearWorkspace , lp 
000000bc 80ff0000*       220 <EXPANSION END>
                         221 .L272:
                         222 --line69
                         223 ..lin.C.3A.5C_ECU2.5CECU_Rivian_A1.5CTarget.5Crepo_projects.5CpFOTA.5CcL_LATEST.5Cmake.5Cobj.5CESLib_SHA512_224.15::
                         224 .LDWlin15:
000000c0 1c50            225 	mov	r28,r10
                         226 --	    .ef
                         227 .LDW91:
000000c2 4006ff10        228 	dispose	0,{r27,r28,r29,r31},[lp]
                         229 	.type	_esl_finalizeSHA512_224,@function
                         230 	.size	_esl_finalizeSHA512_224,.-_esl_finalizeSHA512_224
                         231 	.align	2
                         232 .LDW02:
                         233 --_retVal	r28	local
                         234 
                         235 --_workSpace	r29	param
                         236 --_messageDigest	r27	param
                         237 
                         238 	.section ".bss","awb"
                         239 .L338:
                         240 	.type	.L338,@object
                         241 	.size	.L338,0
                         242 	.data
                         243 	.section ".MSR_CODE","ax"
                         244 	.align	2
                         245 
                         246 	.data
                         247 	.ghsnote version,17
                         248 	.ghsnote tools,3
                         249 	.ghsnote options,144
                         250 	.section ".MSR_CODE","ax"
                         251 	.align	2
                         252 ..eof.C.3A.5C_ECU2.5CECU_Rivian_A1.5CTarget.5Crepo_projects.5CpFOTA.5CcL_LATEST.5Cmake.5Cobj.5CESLib_SHA512_224...43.3A.5C_ECU2.5CECU_Rivian_A1.5CTarget.5Crepo_projects.5CpFOTA.5CcL_LATEST.5Cmake..64F86B1B..0::
                         253 .rh850_flags REGMODE32,DATA_ALIGN8,GP_FIX,EP_NONFIX,TP_FIX,REG2_RESERVE,G3K,SDA_EXTRA_REGS_0
