                                                                      Page 1
                                                              C:\Users\nhuliyap\AppData\Local\Temp\gh_00004k41.s
Command Line: C:\GHS\comp_201517\ease850.exe -w -stderr=err/ESLib_SHA512.err -elf -b0 -I../source/_common -I../source/common -I../source/ecuabcanif -I../source/ecuabcantrcv -I../source/ecuabcryif -I../source/ecuabfee -I../source/ecuabmemif -I../source/libautosar -I../source/mcalcan -I../source/mcalcry -I../source/mcaldio -I../source/mcaleep -I../source/mcalfls -I../source/mcalmcu -I../source/projectara -I../source/projectcfg -I../source/projectcompiler -I../source/swcservicebswm -I../source/swcservicecantp -I../source/swcservicecomm -I../source/swcservicecsm -I../source/swcservicedcm -I../source/swcservicedem -I../source/swcservicedet -I../source/swcserviceecum -I../source/swcservicenvm -I../source/swcserviceos -I../source/swcservicepdur -I../source/swcserviceschm -I../source/swcservicestartup -I../source/wrappers/swcservicesecm -I../source/wrappers/vsecprim -I../source/wrappers/vstdlib -Ic:/ghs/comp_201517/ansi -Ic:/ghs/comp_201517/include/v800 -Igendata -IC:\GHS\comp_201517\lib\rh850 -cg_underscore -cpu=rh850g3k -nofpu -no_v850_simd -rh850_fpsimd=none -nomacro -patch_dbo=C:\_ECU2\ECU_Rivian_A1\Target\repo_projects\pFOTA\cL_LATEST\make\obj\ESLib_SHA512.dbo -source=ESLib_SHA512.c -o obj\gh_00004k41.o -list=lst/ESLib_SHA512.lst C:\Users\nhuliyap\AppData\Local\Temp\gh_00004k41.s 
Original File: C:\Users\nhuliyap\AppData\Local\Temp\gh_00004k41.s
Source File: ESLib_SHA512.c
Directory: C:\_ECU2\ECU_Rivian_A1\Target\repo_projects\pFOTA\cL_LATEST\make
Host OS: Windows
EASE: Copyright (C) 1983-2015 Green Hills Software.  All Rights Reserved.
Release: Compiler v2015.1.7
Build Directory: [Directory] BTOWORKER6:c:/build_2015_1_bto/2015-10-21.2100-2015_1_bto/win32-comp-ecom
Revision: [VCInfo] http://toolsvc/branches/release-branch-70-bto/src@544153 (built by build)
Revision Date: Thu Oct 22 07:50:13 2015

Release Date: Thu Oct 22 09:32:32 2015

                           1 --Driver Command: ccrh850 -DBRS_DERIVATIVE_701018 -DBRS_OSC_CLK=16
                           2 --		-DBRS_TIMEBASE_CLOCK=80 -DBRS_EVA_BOARD_
                           3 --		-DBRS_DERIVATIVE_GROUP_F1L -DBRS_OS_USECASE_BRS
                           4 --		-DBRS_PLATFORM_RH850 -DBRS_COMP_GHS
                           5 --		-DBRS_CPU_LOCAL_RAM_SIZE_CORE0=32
                           6 --		-DBRS_CPU_RAM_START_CORE0=0xFEDF8000 -list=lst/ESLib_SHA512.lst
                           7 --		-object_dir=obj -stderr=err/ESLib_SHA512.err -c -cpu=rh850
                           8 --		-sda=all -large_sda -prepare_dispose -pragma_asm_inline -no_callt
                           9 --		-inline_prologue -notda -reserve_r2 -fsoft
                          10 --		--unknown_pragma_warnings -list -g -Ogeneral -shortenum
                          11 --		-registermode=32 -I../source/_common -I../source/common
                          12 --		-I../source/ecuabcanif -I../source/ecuabcantrcv
                          13 --		-I../source/ecuabcryif -I../source/ecuabfee
                          14 --		-I../source/ecuabmemif -I../source/libautosar -I../source/mcalcan
                          15 --		-I../source/mcalcry -I../source/mcaldio -I../source/mcaleep
                          16 --		-I../source/mcalfls -I../source/mcalmcu -I../source/projectara
                          17 --		-I../source/projectcfg -I../source/projectcompiler
                          18 --		-I../source/swcservicebswm -I../source/swcservicecantp
                          19 --		-I../source/swcservicecomm -I../source/swcservicecsm
                          20 --		-I../source/swcservicedcm -I../source/swcservicedem
                          21 --		-I../source/swcservicedet -I../source/swcserviceecum
                          22 --		-I../source/swcservicenvm -I../source/swcserviceos
                          23 --		-I../source/swcservicepdur -I../source/swcserviceschm
                          24 --		-I../source/swcservicestartup -I../source/wrappers/swcservicesecm
                          25 --		-I../source/wrappers/vsecprim -I../source/wrappers/vstdlib
                          26 --		-Ic:/ghs/comp_201517/ansi -Ic:/ghs/comp_201517/include/v800
                          27 --		-Igendata ../source/wrappers/vSecPrim/ESLib_SHA512.c
                          28 --Source File:   ../source/wrappers/vSecPrim/ESLib_SHA512.c
                          29 --Directory:     
                          30 --		C:\_ECU2\ECU_Rivian_A1\Target\repo_projects\pFOTA\cL_LATEST\make
                          31 --Compile Date:  Wed Sep 06 14:05:45 2023
                          32 --Host OS:       Win32
                          33 --Version:       C-RH850 2015.1.7 RELEASE VERSION
                          34 --Release:       Compiler v2015.1.7
                          35 --Revision Date: Thu Oct 22 08:06:12 2015
                          36 --Release Date:  Thu Oct 22 09:34:32 2015
                          37 -- ecom  -g -w -OM
                          38 	.section ".MSR_CODE","ax"
                          39 	.align	2
                          40 ..bof.C.3A.5C_ECU2.5CECU_Rivian_A1.5CTarget.5Crepo_projects.5CpFOTA.5CcL_LATEST.5Cmake.5Cobj.5CESLib_SHA512...43.3A.5C_ECU2.5CECU_Rivian_A1.5CTarget.5Crepo_projects.5CpFOTA.5CcL_LATEST.5Cmake..64F86B19..0::
                          41 	.align	2
                          42 ..gh.f.f.1.e.0:
                          43 	.type	..gh.f.f.1.e.0,@object
                          44 	.size	..gh.f.f.1.e.0,0
                          45 	.global	_esl_initSHA512
                          46 _esl_initSHA512:
00000000 8007e100         47 	prepare	{r28,r29,r31},0
                          48 --	    .bf
                          49 .LDW01:
00000004 e031             50 	cmp	zero,r6

                                                                      Page 2
                                                              C:\Users\nhuliyap\AppData\Local\Temp\gh_00004k41.s
00000006 ca05*            51 	bne	.L4
                          52 --line19
                          53 ..lin.C.3A.5C_ECU2.5CECU_Rivian_A1.5CTarget.5Crepo_projects.5CpFOTA.5CcL_LATEST.5Cmake.5Cobj.5CESLib_SHA512.1::
                          54 .LDWlin1:
00000008 20e60320         55 	movea	8195,zero,r28
0000000c a515*            56 	br	.L6
                          57 .L4:
0000000e 06e8             58 	mov	r6,r29
                          59 --line21
                          60 ..lin.C.3A.5C_ECU2.5CECU_Rivian_A1.5CTarget.5Crepo_projects.5CpFOTA.5CcL_LATEST.5Cmake.5Cobj.5CESLib_SHA512.2::
                          61 .LDWlin2:
00000010 203ed800         62 	movea	216,zero,r7
                          63 	jarl	_esl_CheckWorkSpaceHeader,lp
                          63 <EXPANSION BEGIN>
                          63 jarl22 _esl_CheckWorkSpaceHeader , lp 
00000014 80ff0000*        63 <EXPANSION END>
00000018 0ae0             64 	mov	r10,r28
0000001a e051             65 	cmp	zero,r10
0000001c aa0d*            66 	bne	.L6
                          67 --line24
                          68 ..lin.C.3A.5C_ECU2.5CECU_Rivian_A1.5CTarget.5Crepo_projects.5CpFOTA.5CcL_LATEST.5Cmake.5Cobj.5CESLib_SHA512.3::
                          69 .LDWlin3:
0000001e 1d361000         70 	addi	16,r29,r6
                          71 	jarl	_actSHA512Init,lp
                          71 <EXPANSION BEGIN>
                          71 jarl22 _actSHA512Init , lp 
00000022 80ff0000*        71 <EXPANSION END>
                          72 --line25
                          73 ..lin.C.3A.5C_ECU2.5CECU_Rivian_A1.5CTarget.5Crepo_projects.5CpFOTA.5CcL_LATEST.5Cmake.5Cobj.5CESLib_SHA512.4::
                          74 .LDWlin4:
00000026 1d30             75 	mov	r29,r6
00000028 203e0016         76 	movea	5632,zero,r7
                          77 	jarl	_esl_SetWorkspaceStatus,lp
                          77 <EXPANSION BEGIN>
                          77 jarl22 _esl_SetWorkspaceStatus , lp 
0000002c 80ff0000*        77 <EXPANSION END>
                          78 .L6:
                          79 --line28
                          80 ..lin.C.3A.5C_ECU2.5CECU_Rivian_A1.5CTarget.5Crepo_projects.5CpFOTA.5CcL_LATEST.5Cmake.5Cobj.5CESLib_SHA512.5::
                          81 .LDWlin5:
00000030 1c50             82 	mov	r28,r10
                          83 --	    .ef
                          84 .LDW11:
00000032 4006ff00         85 	dispose	0,{r28,r29,r31},[lp]
                          86 	.type	_esl_initSHA512,@function
                          87 	.size	_esl_initSHA512,.-_esl_initSHA512
                          88 	.align	2
                          89 .LDW21:
                          90 --_retVal	r28	local
                          91 
                          92 --_workSpace	r29	param
                          93 
                          94 	.section ".bss","awb"
                          95 .L60:
                          96 	.type	.L60,@object
                          97 	.size	.L60,0
                          98 	.data
                          99 	.section ".MSR_CODE","ax"
                         100 	.align	2
                         101 	.align	2
                         102 ..gh.f.f.1.e.1:

                                                                      Page 3
                                                              C:\Users\nhuliyap\AppData\Local\Temp\gh_00004k41.s
                         103 	.type	..gh.f.f.1.e.1,@object
                         104 	.size	..gh.f.f.1.e.1,0
                         105 	.global	_esl_updateSHA512
                         106 _esl_updateSHA512:
00000036 8007e130        107 	prepare	{r26,r27,r28,r29,r31},0
0000003a 06e8            108 	mov	r6,r29
0000003c 07d0            109 	mov	r7,r26
0000003e 08d8            110 	mov	r8,r27
                         111 --	    .bf
                         112 .LDW31:
00000040 e031            113 	cmp	zero,r6
00000042 b205*           114 	be	.L117
00000044 e041            115 	cmp	zero,r8
00000046 ca05*           116 	bne	.L116
                         117 .L117:
                         118 --line37
                         119 ..lin.C.3A.5C_ECU2.5CECU_Rivian_A1.5CTarget.5Crepo_projects.5CpFOTA.5CcL_LATEST.5Cmake.5Cobj.5CESLib_SHA512.6::
                         120 .LDWlin6:
00000048 20e60320        121 	movea	8195,zero,r28
0000004c f515*           122 	br	.L119
                         123 .L116:
                         124 --line39
                         125 ..lin.C.3A.5C_ECU2.5CECU_Rivian_A1.5CTarget.5Crepo_projects.5CpFOTA.5CcL_LATEST.5Cmake.5Cobj.5CESLib_SHA512.7::
                         126 .LDWlin7:
0000004e 203ed800        127 	movea	216,zero,r7
00000052 20460016        128 	movea	5632,zero,r8
                         129 	jarl	_esl_CheckWorkSpaceHeaderAndState,lp
                         129 <EXPANSION BEGIN>
                         129 jarl22 _esl_CheckWorkSpaceHeaderAndState , lp 
00000056 80ff0000*       129 <EXPANSION END>
0000005a 0ae0            130 	mov	r10,r28
0000005c e051            131 	cmp	zero,r10
0000005e ea0d*           132 	bne	.L119
                         133 --	    .bs
                         134 .LDW41:
                         135 --line42
                         136 ..lin.C.3A.5C_ECU2.5CECU_Rivian_A1.5CTarget.5Crepo_projects.5CpFOTA.5CcL_LATEST.5Cmake.5Cobj.5CESLib_SHA512.8::
                         137 .LDWlin8:
00000060 3d4f0900        138 	ld.w	8[r29],r9
00000064 1d361000        139 	addi	16,r29,r6
00000068 1b38            140 	mov	r27,r7
0000006a 1a40            141 	mov	r26,r8
                         142 	jarl	_actSHA512Update,lp
                         142 <EXPANSION BEGIN>
                         142 jarl22 _actSHA512Update , lp 
0000006c 80ff0000*       142 <EXPANSION END>
                         143 --line46
                         144 ..lin.C.3A.5C_ECU2.5CECU_Rivian_A1.5CTarget.5Crepo_projects.5CpFOTA.5CcL_LATEST.5Cmake.5Cobj.5CESLib_SHA512.9::
                         145 .LDWlin9:
00000070 0a0608ff        146 	addi	-248,r10,zero
00000074 ba05*           147 	bne	.L119
                         148 --line47
                         149 ..lin.C.3A.5C_ECU2.5CECU_Rivian_A1.5CTarget.5Crepo_projects.5CpFOTA.5CcL_LATEST.5Cmake.5Cobj.5CESLib_SHA512.10::
                         150 .LDWlin10:
00000076 20e62c20        151 	movea	8236,zero,r28
                         152 .L119:
                         153 --	    .es
                         154 .LDW51:
0000007a 1c50            155 	mov	r28,r10
                         156 --	    .ef
                         157 .LDW61:

                                                                      Page 4
                                                              C:\Users\nhuliyap\AppData\Local\Temp\gh_00004k41.s
0000007c 4006ff30        158 	dispose	0,{r26,r27,r28,r29,r31},[lp]
                         159 	.type	_esl_updateSHA512,@function
                         160 	.size	_esl_updateSHA512,.-_esl_updateSHA512
                         161 	.align	2
                         162 .LDW71:
                         163 --_retVal	r28	local
                         164 
                         165 --_workSpace	r29	param
                         166 --_inputSize	r26	param
                         167 --_input	r27	param
                         168 
                         169 	.section ".bss","awb"
                         170 .L195:
                         171 	.type	.L195,@object
                         172 	.size	.L195,0
                         173 	.data
                         174 	.section ".MSR_CODE","ax"
                         175 	.align	2
                         176 	.align	2
                         177 ..gh.f.f.1.e.2:
                         178 	.type	..gh.f.f.1.e.2,@object
                         179 	.size	..gh.f.f.1.e.2,0
                         180 	.global	_esl_finalizeSHA512
                         181 _esl_finalizeSHA512:
00000080 8007e110        182 	prepare	{r27,r28,r29,r31},0
00000084 06e8            183 	mov	r6,r29
00000086 07d8            184 	mov	r7,r27
                         185 --	    .bf
                         186 .LDW81:
00000088 e031            187 	cmp	zero,r6
0000008a b205*           188 	be	.L270
0000008c e039            189 	cmp	zero,r7
0000008e ca05*           190 	bne	.L269
                         191 .L270:
                         192 --line57
                         193 ..lin.C.3A.5C_ECU2.5CECU_Rivian_A1.5CTarget.5Crepo_projects.5CpFOTA.5CcL_LATEST.5Cmake.5Cobj.5CESLib_SHA512.11::
                         194 .LDWlin11:
00000090 20e60320        195 	movea	8195,zero,r28
00000094 e515*           196 	br	.L272
                         197 .L269:
                         198 --line59
                         199 ..lin.C.3A.5C_ECU2.5CECU_Rivian_A1.5CTarget.5Crepo_projects.5CpFOTA.5CcL_LATEST.5Cmake.5Cobj.5CESLib_SHA512.12::
                         200 .LDWlin12:
00000096 203ed800        201 	movea	216,zero,r7
0000009a 20460016        202 	movea	5632,zero,r8
                         203 	jarl	_esl_CheckWorkSpaceHeaderAndState,lp
                         203 <EXPANSION BEGIN>
                         203 jarl22 _esl_CheckWorkSpaceHeaderAndState , lp 
0000009e 80ff0000*       203 <EXPANSION END>
000000a2 0ae0            204 	mov	r10,r28
000000a4 e051            205 	cmp	zero,r10
000000a6 da0d*           206 	bne	.L272
                         207 --line62
                         208 ..lin.C.3A.5C_ECU2.5CECU_Rivian_A1.5CTarget.5Crepo_projects.5CpFOTA.5CcL_LATEST.5Cmake.5Cobj.5CESLib_SHA512.13::
                         209 .LDWlin13:
000000a8 3d470900        210 	ld.w	8[r29],r8
000000ac 1d361000        211 	addi	16,r29,r6
000000b0 1b38            212 	mov	r27,r7
                         213 	jarl	_actSHA512Finalize,lp
                         213 <EXPANSION BEGIN>
                         213 jarl22 _actSHA512Finalize , lp 

                                                                      Page 5
                                                              C:\Users\nhuliyap\AppData\Local\Temp\gh_00004k41.s
000000b2 80ff0000*       213 <EXPANSION END>
                         214 --line66
                         215 ..lin.C.3A.5C_ECU2.5CECU_Rivian_A1.5CTarget.5Crepo_projects.5CpFOTA.5CcL_LATEST.5Cmake.5Cobj.5CESLib_SHA512.14::
                         216 .LDWlin14:
000000b6 1d30            217 	mov	r29,r6
000000b8 1d3e1000        218 	addi	16,r29,r7
                         219 	jarl	_esl_ResetAndClearWorkspace,lp
                         219 <EXPANSION BEGIN>
                         219 jarl22 _esl_ResetAndClearWorkspace , lp 
000000bc 80ff0000*       219 <EXPANSION END>
                         220 .L272:
                         221 --line69
                         222 ..lin.C.3A.5C_ECU2.5CECU_Rivian_A1.5CTarget.5Crepo_projects.5CpFOTA.5CcL_LATEST.5Cmake.5Cobj.5CESLib_SHA512.15::
                         223 .LDWlin15:
000000c0 1c50            224 	mov	r28,r10
                         225 --	    .ef
                         226 .LDW91:
000000c2 4006ff10        227 	dispose	0,{r27,r28,r29,r31},[lp]
                         228 	.type	_esl_finalizeSHA512,@function
                         229 	.size	_esl_finalizeSHA512,.-_esl_finalizeSHA512
                         230 	.align	2
                         231 .LDW02:
                         232 --_retVal	r28	local
                         233 
                         234 --_workSpace	r29	param
                         235 --_messageDigest	r27	param
                         236 
                         237 	.section ".bss","awb"
                         238 .L338:
                         239 	.type	.L338,@object
                         240 	.size	.L338,0
                         241 	.data
                         242 	.section ".MSR_CODE","ax"
                         243 	.align	2
                         244 
                         245 	.data
                         246 	.ghsnote version,17
                         247 	.ghsnote tools,3
                         248 	.ghsnote options,144
                         249 	.section ".MSR_CODE","ax"
                         250 	.align	2
                         251 ..eof.C.3A.5C_ECU2.5CECU_Rivian_A1.5CTarget.5Crepo_projects.5CpFOTA.5CcL_LATEST.5Cmake.5Cobj.5CESLib_SHA512...43.3A.5C_ECU2.5CECU_Rivian_A1.5CTarget.5Crepo_projects.5CpFOTA.5CcL_LATEST.5Cmake..64F86B19..0::
                         252 .rh850_flags REGMODE32,DATA_ALIGN8,GP_FIX,EP_NONFIX,TP_FIX,REG2_RESERVE,G3K,SDA_EXTRA_REGS_0
