                                                                      Page 1
                                                              C:\Users\nhuliyap\AppData\Local\Temp\gh_0000dd81.s
Command Line: C:\GHS\comp_201517\ease850.exe -w -stderr=err/ESLib_AES128dec.err -elf -b0 -I../source/_common -I../source/common -I../source/ecuabcanif -I../source/ecuabcantrcv -I../source/ecuabcryif -I../source/ecuabfee -I../source/ecuabmemif -I../source/libautosar -I../source/mcalcan -I../source/mcalcry -I../source/mcaldio -I../source/mcaleep -I../source/mcalfls -I../source/mcalmcu -I../source/projectara -I../source/projectcfg -I../source/projectcompiler -I../source/swcservicebswm -I../source/swcservicecantp -I../source/swcservicecomm -I../source/swcservicecsm -I../source/swcservicedcm -I../source/swcservicedem -I../source/swcservicedet -I../source/swcserviceecum -I../source/swcservicenvm -I../source/swcserviceos -I../source/swcservicepdur -I../source/swcserviceschm -I../source/swcservicestartup -I../source/wrappers/swcservicesecm -I../source/wrappers/vsecprim -I../source/wrappers/vstdlib -Ic:/ghs/comp_201517/ansi -Ic:/ghs/comp_201517/include/v800 -Igendata -IC:\GHS\comp_201517\lib\rh850 -cg_underscore -cpu=rh850g3k -nofpu -no_v850_simd -rh850_fpsimd=none -nomacro -patch_dbo=C:\_ECU2\ECU_Rivian_A1\Target\repo_projects\pFOTA\cL_LATEST\make\obj\ESLib_AES128dec.dbo -source=ESLib_AES128dec.c -o obj\gh_0000dd81.o -list=lst/ESLib_AES128dec.lst C:\Users\nhuliyap\AppData\Local\Temp\gh_0000dd81.s 
Original File: C:\Users\nhuliyap\AppData\Local\Temp\gh_0000dd81.s
Source File: ESLib_AES128dec.c
Directory: C:\_ECU2\ECU_Rivian_A1\Target\repo_projects\pFOTA\cL_LATEST\make
Host OS: Windows
EASE: Copyright (C) 1983-2015 Green Hills Software.  All Rights Reserved.
Release: Compiler v2015.1.7
Build Directory: [Directory] BTOWORKER6:c:/build_2015_1_bto/2015-10-21.2100-2015_1_bto/win32-comp-ecom
Revision: [VCInfo] http://toolsvc/branches/release-branch-70-bto/src@544153 (built by build)
Revision Date: Thu Oct 22 07:50:13 2015

Release Date: Thu Oct 22 09:32:32 2015

                           1 --Driver Command: ccrh850 -DBRS_DERIVATIVE_701018 -DBRS_OSC_CLK=16
                           2 --		-DBRS_TIMEBASE_CLOCK=80 -DBRS_EVA_BOARD_
                           3 --		-DBRS_DERIVATIVE_GROUP_F1L -DBRS_OS_USECASE_BRS
                           4 --		-DBRS_PLATFORM_RH850 -DBRS_COMP_GHS
                           5 --		-DBRS_CPU_LOCAL_RAM_SIZE_CORE0=32
                           6 --		-DBRS_CPU_RAM_START_CORE0=0xFEDF8000
                           7 --		-list=lst/ESLib_AES128dec.lst -object_dir=obj
                           8 --		-stderr=err/ESLib_AES128dec.err -c -cpu=rh850 -sda=all -large_sda
                           9 --		-prepare_dispose -pragma_asm_inline -no_callt -inline_prologue
                          10 --		-notda -reserve_r2 -fsoft --unknown_pragma_warnings -list -g
                          11 --		-Ogeneral -shortenum -registermode=32 -I../source/_common
                          12 --		-I../source/common -I../source/ecuabcanif
                          13 --		-I../source/ecuabcantrcv -I../source/ecuabcryif
                          14 --		-I../source/ecuabfee -I../source/ecuabmemif
                          15 --		-I../source/libautosar -I../source/mcalcan -I../source/mcalcry
                          16 --		-I../source/mcaldio -I../source/mcaleep -I../source/mcalfls
                          17 --		-I../source/mcalmcu -I../source/projectara -I../source/projectcfg
                          18 --		-I../source/projectcompiler -I../source/swcservicebswm
                          19 --		-I../source/swcservicecantp -I../source/swcservicecomm
                          20 --		-I../source/swcservicecsm -I../source/swcservicedcm
                          21 --		-I../source/swcservicedem -I../source/swcservicedet
                          22 --		-I../source/swcserviceecum -I../source/swcservicenvm
                          23 --		-I../source/swcserviceos -I../source/swcservicepdur
                          24 --		-I../source/swcserviceschm -I../source/swcservicestartup
                          25 --		-I../source/wrappers/swcservicesecm -I../source/wrappers/vsecprim
                          26 --		-I../source/wrappers/vstdlib -Ic:/ghs/comp_201517/ansi
                          27 --		-Ic:/ghs/comp_201517/include/v800 -Igendata
                          28 --		../source/wrappers/vSecPrim/ESLib_AES128dec.c
                          29 --Source File:   ../source/wrappers/vSecPrim/ESLib_AES128dec.c
                          30 --Directory:     
                          31 --		C:\_ECU2\ECU_Rivian_A1\Target\repo_projects\pFOTA\cL_LATEST\make
                          32 --Compile Date:  Wed Sep 06 14:04:07 2023
                          33 --Host OS:       Win32
                          34 --Version:       C-RH850 2015.1.7 RELEASE VERSION
                          35 --Release:       Compiler v2015.1.7
                          36 --Revision Date: Thu Oct 22 08:06:12 2015
                          37 --Release Date:  Thu Oct 22 09:34:32 2015
                          38 -- ecom  -g -w -OM
                          39 	.section ".MSR_CODE","ax"
                          40 	.align	2
                          41 ..bof.C.3A.5C_ECU2.5CECU_Rivian_A1.5CTarget.5Crepo_projects.5CpFOTA.5CcL_LATEST.5Cmake.5Cobj.5CESLib_AES128dec...43.3A.5C_ECU2.5CECU_Rivian_A1.5CTarget.5Crepo_projects.5CpFOTA.5CcL_LATEST.5Cmake..64F86AB7..0::
                          42 	.align	2
                          43 ..gh.f.f.1.e.0:
                          44 	.type	..gh.f.f.1.e.0,@object
                          45 	.size	..gh.f.f.1.e.0,0
                          46 	.global	_esl_initDecryptAES128
                          47 _esl_initDecryptAES128:
00000000 8607e330         48 	prepare	{r26,r27,r28,r29,r31},3,sp
00000004 0998             49 	mov	r9,r19
00000006 06e8             50 	mov	r6,r29

                                                                      Page 2
                                                              C:\Users\nhuliyap\AppData\Local\Temp\gh_0000dd81.s
00000008 07d8             51 	mov	r7,r27
0000000a 8800             52 	zxb	r8
0000000c 9300             53 	zxb	r19
0000000e 10d5             54 	sld.w	32[ep],r26
                          55 --	    .bf
                          56 .LDW01:
00000010 0748             57 	mov	r7,r9
00000012 0638             58 	mov	r6,r7
00000014 0145             59 	sst.w	r8,0[ep]
00000016 8b03             60 	sst.b	zero,11[ep]
00000018 039d             61 	sst.w	r19,4[ep]
0000001a 23360b00         62 	movea	11,sp,r6
0000001e 20462c01         63 	movea	300,zero,r8
                          64 	jarl	_esl_AES_CommonInit,lp
                          64 <EXPANSION BEGIN>
                          64 jarl22 _esl_AES_CommonInit , lp 
00000022 80ff0000*        64 <EXPANSION END>
00000026 0ae0             65 	mov	r10,r28
                          66 --line17
                          67 ..lin.C.3A.5C_ECU2.5CECU_Rivian_A1.5CTarget.5Crepo_projects.5CpFOTA.5CcL_LATEST.5Cmake.5Cobj.5CESLib_AES128dec.1::
                          68 .LDWlin1:
00000028 e051             69 	cmp	zero,r10
0000002a 9a1d*            70 	bne	.L4
                          71 --line18
                          72 ..lin.C.3A.5C_ECU2.5CECU_Rivian_A1.5CTarget.5Crepo_projects.5CpFOTA.5CcL_LATEST.5Cmake.5Cobj.5CESLib_AES128dec.2::
                          73 .LDWlin2:
0000002c 03f0             74 	mov	sp,ep
0000002e 6b90             75 	sld.bu	11[ep],r18
00000030 3d8f0900         76 	ld.w	8[r29],r17
00000034 1d361000         77 	addi	16,r29,r6
00000038 1b38             78 	mov	r27,r7
0000003a 1a48             79 	mov	r26,r9
0000003c 0195             80 	sst.w	r18,0[ep]
0000003e 038d             81 	sst.w	r17,4[ep]
00000040 20461000         82 	movea	16,zero,r8
                          83 	jarl	_actAESInitDecrypt,lp
                          83 <EXPANSION BEGIN>
                          83 jarl22 _actAESInitDecrypt , lp 
00000044 80ff0000*        83 <EXPANSION END>
00000048 e051             84 	cmp	zero,r10
0000004a fa05*            85 	bne	.L6
                          86 --line19
                          87 ..lin.C.3A.5C_ECU2.5CECU_Rivian_A1.5CTarget.5Crepo_projects.5CpFOTA.5CcL_LATEST.5Cmake.5Cobj.5CESLib_AES128dec.3::
                          88 .LDWlin3:
0000004c 1d30             89 	mov	r29,r6
0000004e 203e0001         90 	movea	256,zero,r7
                          91 	jarl	_esl_SetWorkspaceStatus,lp
                          91 <EXPANSION BEGIN>
                          91 jarl22 _esl_SetWorkspaceStatus , lp 
00000052 80ff0000*        91 <EXPANSION END>
00000056 b505*            92 	br	.L4
                          93 .L6:
                          94 --line22
                          95 ..lin.C.3A.5C_ECU2.5CECU_Rivian_A1.5CTarget.5Crepo_projects.5CpFOTA.5CcL_LATEST.5Cmake.5Cobj.5CESLib_AES128dec.4::
                          96 .LDWlin4:
00000058 20e60820         97 	movea	8200,zero,r28
                          98 .L4:
0000005c 1c50             99 	mov	r28,r10
                         100 --	    .ef
                         101 .LDW11:
0000005e 4606ff30        102 	dispose	3,{r26,r27,r28,r29,r31},[lp]

                                                                      Page 3
                                                              C:\Users\nhuliyap\AppData\Local\Temp\gh_0000dd81.s
                         103 	.type	_esl_initDecryptAES128,@function
                         104 	.size	_esl_initDecryptAES128,.-_esl_initDecryptAES128
                         105 	.align	2
                         106 .LDW21:
                         107 --_targetMode	11[sp]	local
                         108 --_retVal	r28	local
                         109 
                         110 --_workSpace	r29	param
                         111 --_key	r27	param
                         112 --_blockMode	r8	param
                         113 --_paddingMode	r19	param
                         114 --_initializationVector	r26	param
                         115 
                         116 	.section ".bss","awb"
                         117 .L60:
                         118 	.type	.L60,@object
                         119 	.size	.L60,0
                         120 	.data
                         121 	.section ".MSR_CODE","ax"
                         122 	.align	2
                         123 	.align	2
                         124 ..gh.f.f.1.e.1:
                         125 	.type	..gh.f.f.1.e.1,@object
                         126 	.size	..gh.f.f.1.e.1,0
                         127 	.global	_esl_decryptAES128
                         128 _esl_decryptAES128:
00000062 8807e3f0        129 	prepare	{r24,r25,r26,r27,r28,r29,r31},4,sp
00000066 06e0            130 	mov	r6,r28
00000068 07c0            131 	mov	r7,r24
0000006a 08d0            132 	mov	r8,r26
0000006c 09d8            133 	mov	r9,r27
0000006e 16cd            134 	sld.w	44[ep],r25
                         135 --	    .bf
                         136 .LDW31:
00000070 0848            137 	mov	r8,r9
00000072 01cd            138 	sst.w	r25,0[ep]
00000074 203e0001        139 	movea	256,zero,r7
00000078 20462c01        140 	movea	300,zero,r8
                         141 	jarl	_esl_AES_CommonProcChecks,lp
                         141 <EXPANSION BEGIN>
                         141 jarl22 _esl_AES_CommonProcChecks , lp 
0000007c 80ff0000*       141 <EXPANSION END>
00000080 0ae8            142 	mov	r10,r29
                         143 --line36
                         144 ..lin.C.3A.5C_ECU2.5CECU_Rivian_A1.5CTarget.5Crepo_projects.5CpFOTA.5CcL_LATEST.5Cmake.5Cobj.5CESLib_AES128dec.5::
                         145 .LDWlin5:
00000082 e051            146 	cmp	zero,r10
00000084 aa25*           147 	bne	.L118
                         148 --line39
                         149 ..lin.C.3A.5C_ECU2.5CECU_Rivian_A1.5CTarget.5Crepo_projects.5CpFOTA.5CcL_LATEST.5Cmake.5Cobj.5CESLib_AES128dec.6::
                         150 .LDWlin6:
00000086 e0d9            151 	cmp	zero,r27
00000088 ca05*           152 	bne	.L119
                         153 --line40
                         154 ..lin.C.3A.5C_ECU2.5CECU_Rivian_A1.5CTarget.5Crepo_projects.5CpFOTA.5CcL_LATEST.5Cmake.5Cobj.5CESLib_AES128dec.7::
                         155 .LDWlin7:
0000008a 20ee0320        156 	movea	8195,zero,r29
0000008e d51d*           157 	br	.L118
                         158 .L119:
                         159 --	    .bs
                         160 .LDW41:

                                                                      Page 4
                                                              C:\Users\nhuliyap\AppData\Local\Temp\gh_0000dd81.s
                         161 --line44
                         162 ..lin.C.3A.5C_ECU2.5CECU_Rivian_A1.5CTarget.5Crepo_projects.5CpFOTA.5CcL_LATEST.5Cmake.5Cobj.5CESLib_AES128dec.8::
                         163 .LDWlin8:
00000090 3b970100        164 	ld.w	0[r27],r18
00000094 3c870900        165 	ld.w	8[r28],r16
00000098 03f0            166 	mov	sp,ep
0000009a 238e0c00        167 	movea	12,sp,r17
0000009e 0795            168 	sst.w	r18,12[ep]
000000a0 1c361000        169 	addi	16,r28,r6
000000a4 1a38            170 	mov	r26,r7
000000a6 1840            171 	mov	r24,r8
000000a8 1948            172 	mov	r25,r9
000000aa 018d            173 	sst.w	r17,0[ep]
000000ac 0305            174 	sst.w	zero,4[ep]
000000ae 0585            175 	sst.w	r16,8[ep]
                         176 	jarl	_actAESDecrypt,lp
                         176 <EXPANSION BEGIN>
                         176 jarl22 _actAESDecrypt , lp 
000000b0 80ff0000*       176 <EXPANSION END>
                         177 --line48
                         178 ..lin.C.3A.5C_ECU2.5CECU_Rivian_A1.5CTarget.5Crepo_projects.5CpFOTA.5CcL_LATEST.5Cmake.5Cobj.5CESLib_AES128dec.9::
                         179 .LDWlin9:
000000b4 0a0608ff        180 	addi	-248,r10,zero
000000b8 ca05*           181 	bne	.L122
                         182 --line49
                         183 ..lin.C.3A.5C_ECU2.5CECU_Rivian_A1.5CTarget.5Crepo_projects.5CpFOTA.5CcL_LATEST.5Cmake.5Cobj.5CESLib_AES128dec.10::
                         184 .LDWlin10:
000000ba 20ee0720        185 	movea	8199,zero,r29
000000be d505*           186 	br	.L118
                         187 .L122:
                         188 --line52
                         189 ..lin.C.3A.5C_ECU2.5CECU_Rivian_A1.5CTarget.5Crepo_projects.5CpFOTA.5CcL_LATEST.5Cmake.5Cobj.5CESLib_AES128dec.11::
                         190 .LDWlin11:
000000c0 237f0d00        191 	ld.w	12[sp],r15
000000c4 7b7f0100        192 	st.w	r15,0[r27]
                         193 .L118:
                         194 --	    .es
                         195 .LDW51:
000000c8 1d50            196 	mov	r29,r10
                         197 --	    .ef
                         198 .LDW61:
000000ca 4806fff0        199 	dispose	4,{r24,r25,r26,r27,r28,r29,r31},[lp]
                         200 	.type	_esl_decryptAES128,@function
                         201 	.size	_esl_decryptAES128,.-_esl_decryptAES128
                         202 	.align	2
                         203 .LDW71:
                         204 --_retVal	r29	local
                         205 --_dec_len	12[sp]	local
                         206 
                         207 --_workSpace	r28	param
                         208 --_inputSize	r24	param
                         209 --_input	r26	param
                         210 --_outputSize	r27	param
                         211 --_output	r25	param
                         212 
                         213 	.section ".bss","awb"
                         214 .L195:
                         215 	.type	.L195,@object
                         216 	.size	.L195,0
                         217 	.data
                         218 	.section ".MSR_CODE","ax"

                                                                      Page 5
                                                              C:\Users\nhuliyap\AppData\Local\Temp\gh_0000dd81.s
                         219 	.align	2
                         220 	.align	2
                         221 ..gh.f.f.1.e.2:
                         222 	.type	..gh.f.f.1.e.2,@object
                         223 	.size	..gh.f.f.1.e.2,0
                         224 	.global	_esl_finalizeDecryptAES128
                         225 _esl_finalizeDecryptAES128:
000000ce 8807e130        226 	prepare	{r26,r27,r28,r29,r31},4
000000d2 06e8            227 	mov	r6,r29
000000d4 07d8            228 	mov	r7,r27
000000d6 08d0            229 	mov	r8,r26
                         230 --	    .bf
                         231 .LDW81:
000000d8 e031            232 	cmp	zero,r6
000000da d205*           233 	be	.L270
000000dc e039            234 	cmp	zero,r7
000000de b205*           235 	be	.L270
000000e0 e041            236 	cmp	zero,r8
000000e2 ca05*           237 	bne	.L269
                         238 .L270:
                         239 --line62
                         240 ..lin.C.3A.5C_ECU2.5CECU_Rivian_A1.5CTarget.5Crepo_projects.5CpFOTA.5CcL_LATEST.5Cmake.5Cobj.5CESLib_AES128dec.12::
                         241 .LDWlin12:
000000e4 20e60320        242 	movea	8195,zero,r28
000000e8 853d*           243 	br	.L273
                         244 .L269:
                         245 --line64
                         246 ..lin.C.3A.5C_ECU2.5CECU_Rivian_A1.5CTarget.5Crepo_projects.5CpFOTA.5CcL_LATEST.5Cmake.5Cobj.5CESLib_AES128dec.13::
                         247 .LDWlin13:
000000ea 203e2c01        248 	movea	300,zero,r7
000000ee 20460001        249 	movea	256,zero,r8
                         250 	jarl	_esl_CheckWorkSpaceHeaderAndState,lp
                         250 <EXPANSION BEGIN>
                         250 jarl22 _esl_CheckWorkSpaceHeaderAndState , lp 
000000f2 80ff0000*       250 <EXPANSION END>
000000f6 0ae0            251 	mov	r10,r28
000000f8 e051            252 	cmp	zero,r10
000000fa fa2d*           253 	bne	.L273
                         254 --	    .bs
                         255 .LDW91:
                         256 --line68
                         257 ..lin.C.3A.5C_ECU2.5CECU_Rivian_A1.5CTarget.5Crepo_projects.5CpFOTA.5CcL_LATEST.5Cmake.5Cobj.5CESLib_AES128dec.14::
                         258 .LDWlin14:
000000fc 3b4f0100        259 	ld.w	0[r27],r9
00000100 3d9f0900        260 	ld.w	8[r29],r19
00000104 03f0            261 	mov	sp,ep
00000106 013a            262 	mov	1,r7
00000108 23460c00        263 	movea	12,sp,r8
0000010c 033d            264 	sst.w	r7,4[ep]
0000010e 074d            265 	sst.w	r9,12[ep]
00000110 0145            266 	sst.w	r8,0[ep]
00000112 0a38            267 	mov	r10,r7
00000114 1d361000        268 	addi	16,r29,r6
00000118 1a48            269 	mov	r26,r9
0000011a 059d            270 	sst.w	r19,8[ep]
0000011c 0740            271 	mov	r7,r8
                         272 	jarl	_actAESDecrypt,lp
                         272 <EXPANSION BEGIN>
                         272 jarl22 _actAESDecrypt , lp 
0000011e 80ff0000*       272 <EXPANSION END>
                         273 --line72

                                                                      Page 6
                                                              C:\Users\nhuliyap\AppData\Local\Temp\gh_0000dd81.s
                         274 ..lin.C.3A.5C_ECU2.5CECU_Rivian_A1.5CTarget.5Crepo_projects.5CpFOTA.5CcL_LATEST.5Cmake.5Cobj.5CESLib_AES128dec.15::
                         275 .LDWlin15:
00000122 0a0608ff        276 	addi	-248,r10,zero
00000126 ca05*           277 	bne	.L277
                         278 --line73
                         279 ..lin.C.3A.5C_ECU2.5CECU_Rivian_A1.5CTarget.5Crepo_projects.5CpFOTA.5CcL_LATEST.5Cmake.5Cobj.5CESLib_AES128dec.16::
                         280 .LDWlin16:
00000128 20e60720        281 	movea	8199,zero,r28
0000012c e515*           282 	br	.L273
                         283 .L277:
                         284 --line75
                         285 ..lin.C.3A.5C_ECU2.5CECU_Rivian_A1.5CTarget.5Crepo_projects.5CpFOTA.5CcL_LATEST.5Cmake.5Cobj.5CESLib_AES128dec.17::
                         286 .LDWlin17:
0000012e 0a060bff        287 	addi	-245,r10,zero
00000132 ca05*           288 	bne	.L280
                         289 --line76
                         290 ..lin.C.3A.5C_ECU2.5CECU_Rivian_A1.5CTarget.5Crepo_projects.5CpFOTA.5CcL_LATEST.5Cmake.5Cobj.5CESLib_AES128dec.18::
                         291 .LDWlin18:
00000134 20e60820        292 	movea	8200,zero,r28
00000138 8515*           293 	br	.L273
                         294 .L280:
                         295 --line78
                         296 ..lin.C.3A.5C_ECU2.5CECU_Rivian_A1.5CTarget.5Crepo_projects.5CpFOTA.5CcL_LATEST.5Cmake.5Cobj.5CESLib_AES128dec.19::
                         297 .LDWlin19:
0000013a 0a060aff        298 	addi	-246,r10,zero
0000013e ca05*           299 	bne	.L283
                         300 --line79
                         301 ..lin.C.3A.5C_ECU2.5CECU_Rivian_A1.5CTarget.5Crepo_projects.5CpFOTA.5CcL_LATEST.5Cmake.5Cobj.5CESLib_AES128dec.20::
                         302 .LDWlin20:
00000140 20e60c20        303 	movea	8204,zero,r28
00000144 a50d*           304 	br	.L273
                         305 .L283:
                         306 --line82
                         307 ..lin.C.3A.5C_ECU2.5CECU_Rivian_A1.5CTarget.5Crepo_projects.5CpFOTA.5CcL_LATEST.5Cmake.5Cobj.5CESLib_AES128dec.21::
                         308 .LDWlin21:
00000146 23970d00        309 	ld.w	12[sp],r18
0000014a 1d30            310 	mov	r29,r6
0000014c 1d3e1000        311 	addi	16,r29,r7
00000150 7b970100        312 	st.w	r18,0[r27]
                         313 	jarl	_esl_ResetAndClearWorkspace,lp
                         313 <EXPANSION BEGIN>
                         313 jarl22 _esl_ResetAndClearWorkspace , lp 
00000154 80ff0000*       313 <EXPANSION END>
                         314 .L273:
                         315 --	    .es
                         316 .LDW02:
                         317 --line88
                         318 ..lin.C.3A.5C_ECU2.5CECU_Rivian_A1.5CTarget.5Crepo_projects.5CpFOTA.5CcL_LATEST.5Cmake.5Cobj.5CESLib_AES128dec.22::
                         319 .LDWlin22:
00000158 1c50            320 	mov	r28,r10
                         321 --	    .ef
                         322 .LDW12:
0000015a 4806ff30        323 	dispose	4,{r26,r27,r28,r29,r31},[lp]
                         324 	.type	_esl_finalizeDecryptAES128,@function
                         325 	.size	_esl_finalizeDecryptAES128,.-_esl_finalizeDecryptAES128
                         326 	.align	2
                         327 .LDW22:
                         328 --_retVal	r28	local
                         329 --_result	r10	local
                         330 --_dec_len	12[sp]	local
                         331 

                                                                      Page 7
                                                              C:\Users\nhuliyap\AppData\Local\Temp\gh_0000dd81.s
                         332 --_workSpace	r29	param
                         333 --_outputSize	r27	param
                         334 --_output	r26	param
                         335 
                         336 	.section ".bss","awb"
                         337 .L397:
                         338 	.type	.L397,@object
                         339 	.size	.L397,0
                         340 	.data
                         341 	.section ".MSR_CODE","ax"
                         342 	.align	2
                         343 	.align	2
                         344 ..gh.f.f.1.e.3:
                         345 	.type	..gh.f.f.1.e.3,@object
                         346 	.size	..gh.f.f.1.e.3,0
                         347 	.global	_esl_initDecryptAES128Block
                         348 _esl_initDecryptAES128Block:
0000015e 8007e110        349 	prepare	{r27,r28,r29,r31},0
00000162 06e8            350 	mov	r6,r29
00000164 07d8            351 	mov	r7,r27
                         352 --	    .bf
                         353 .LDW32:
00000166 0740            354 	mov	r7,r8
00000168 203e0001        355 	movea	256,zero,r7
                         356 	jarl	_esl_AES_CommonInitChecks,lp
                         356 <EXPANSION BEGIN>
                         356 jarl22 _esl_AES_CommonInitChecks , lp 
0000016c 80ff0000*       356 <EXPANSION END>
00000170 0ae0            357 	mov	r10,r28
                         358 --line94
                         359 ..lin.C.3A.5C_ECU2.5CECU_Rivian_A1.5CTarget.5Crepo_projects.5CpFOTA.5CcL_LATEST.5Cmake.5Cobj.5CESLib_AES128dec.23::
                         360 .LDWlin23:
00000172 e051            361 	cmp	zero,r10
00000174 ca15*           362 	bne	.L525
                         363 --line95
                         364 ..lin.C.3A.5C_ECU2.5CECU_Rivian_A1.5CTarget.5Crepo_projects.5CpFOTA.5CcL_LATEST.5Cmake.5Cobj.5CESLib_AES128dec.24::
                         365 .LDWlin24:
00000176 3d4f0900        366 	ld.w	8[r29],r9
0000017a 1d361000        367 	addi	16,r29,r6
0000017e 1b38            368 	mov	r27,r7
00000180 20461000        369 	movea	16,zero,r8
                         370 	jarl	_actAESInitDecryptBlock,lp
                         370 <EXPANSION BEGIN>
                         370 jarl22 _actAESInitDecryptBlock , lp 
00000184 80ff0000*       370 <EXPANSION END>
00000188 e051            371 	cmp	zero,r10
0000018a fa05*           372 	bne	.L527
                         373 --line96
                         374 ..lin.C.3A.5C_ECU2.5CECU_Rivian_A1.5CTarget.5Crepo_projects.5CpFOTA.5CcL_LATEST.5Cmake.5Cobj.5CESLib_AES128dec.25::
                         375 .LDWlin25:
0000018c 1d30            376 	mov	r29,r6
0000018e 203e0001        377 	movea	256,zero,r7
                         378 	jarl	_esl_SetWorkspaceStatus,lp
                         378 <EXPANSION BEGIN>
                         378 jarl22 _esl_SetWorkspaceStatus , lp 
00000192 80ff0000*       378 <EXPANSION END>
00000196 b505*           379 	br	.L525
                         380 .L527:
                         381 --line99
                         382 ..lin.C.3A.5C_ECU2.5CECU_Rivian_A1.5CTarget.5Crepo_projects.5CpFOTA.5CcL_LATEST.5Cmake.5Cobj.5CESLib_AES128dec.26::
                         383 .LDWlin26:

                                                                      Page 8
                                                              C:\Users\nhuliyap\AppData\Local\Temp\gh_0000dd81.s
00000198 20e60820        384 	movea	8200,zero,r28
                         385 .L525:
0000019c 1c50            386 	mov	r28,r10
                         387 --	    .ef
                         388 .LDW42:
0000019e 4006ff10        389 	dispose	0,{r27,r28,r29,r31},[lp]
                         390 	.type	_esl_initDecryptAES128Block,@function
                         391 	.size	_esl_initDecryptAES128Block,.-_esl_initDecryptAES128Block
                         392 	.align	2
                         393 .LDW52:
                         394 --_retVal	r28	local
                         395 
                         396 --_workSpace	r29	param
                         397 --_key	r27	param
                         398 
                         399 	.section ".bss","awb"
                         400 .L588:
                         401 	.type	.L588,@object
                         402 	.size	.L588,0
                         403 	.data
                         404 	.section ".MSR_CODE","ax"
                         405 	.align	2
                         406 	.align	2
                         407 ..gh.f.f.1.e.4:
                         408 	.type	..gh.f.f.1.e.4,@object
                         409 	.size	..gh.f.f.1.e.4,0
                         410 	.global	_esl_decryptAES128Block
                         411 _esl_decryptAES128Block:
000001a2 8207e130        412 	prepare	{r26,r27,r28,r29,r31},1
000001a6 06e8            413 	mov	r6,r29
000001a8 07d8            414 	mov	r7,r27
000001aa 08d0            415 	mov	r8,r26
                         416 --	    .bf
                         417 .LDW62:
000001ac 0748            418 	mov	r7,r9
000001ae 63470100        419 	st.w	r8,0[sp]
000001b2 203e0001        420 	movea	256,zero,r7
000001b6 0740            421 	mov	r7,r8
                         422 	jarl	_esl_AES_CommonProcChecks,lp
                         422 <EXPANSION BEGIN>
                         422 jarl22 _esl_AES_CommonProcChecks , lp 
000001b8 80ff0000*       422 <EXPANSION END>
000001bc 0ae0            423 	mov	r10,r28
                         424 --line109
                         425 ..lin.C.3A.5C_ECU2.5CECU_Rivian_A1.5CTarget.5Crepo_projects.5CpFOTA.5CcL_LATEST.5Cmake.5Cobj.5CESLib_AES128dec.27::
                         426 .LDWlin27:
000001be e051            427 	cmp	zero,r10
000001c0 9a0d*           428 	bne	.L644
                         429 --line110
                         430 ..lin.C.3A.5C_ECU2.5CECU_Rivian_A1.5CTarget.5Crepo_projects.5CpFOTA.5CcL_LATEST.5Cmake.5Cobj.5CESLib_AES128dec.28::
                         431 .LDWlin28:
000001c2 3d4f0900        432 	ld.w	8[r29],r9
000001c6 1d361000        433 	addi	16,r29,r6
000001ca 1b38            434 	mov	r27,r7
000001cc 1a40            435 	mov	r26,r8
                         436 	jarl	_actAESDecryptBlock,lp
                         436 <EXPANSION BEGIN>
                         436 jarl22 _actAESDecryptBlock , lp 
000001ce 80ff0000*       436 <EXPANSION END>
                         437 .L644:
                         438 --line112

                                                                      Page 9
                                                              C:\Users\nhuliyap\AppData\Local\Temp\gh_0000dd81.s
                         439 ..lin.C.3A.5C_ECU2.5CECU_Rivian_A1.5CTarget.5Crepo_projects.5CpFOTA.5CcL_LATEST.5Cmake.5Cobj.5CESLib_AES128dec.29::
                         440 .LDWlin29:
000001d2 1c50            441 	mov	r28,r10
                         442 --	    .ef
                         443 .LDW72:
000001d4 4206ff30        444 	dispose	1,{r26,r27,r28,r29,r31},[lp]
                         445 	.type	_esl_decryptAES128Block,@function
                         446 	.size	_esl_decryptAES128Block,.-_esl_decryptAES128Block
                         447 	.align	2
                         448 .LDW82:
                         449 --_retVal	r28	local
                         450 
                         451 --_workSpace	r29	param
                         452 --_inputBlock	r27	param
                         453 --_outputBlock	r26	param
                         454 
                         455 	.section ".bss","awb"
                         456 .L688:
                         457 	.type	.L688,@object
                         458 	.size	.L688,0
                         459 	.data
                         460 	.section ".MSR_CODE","ax"
                         461 	.align	2
                         462 
                         463 	.data
                         464 	.ghsnote version,17
                         465 	.ghsnote tools,3
                         466 	.ghsnote options,144
                         467 	.section ".MSR_CODE","ax"
                         468 	.align	2
                         469 ..eof.C.3A.5C_ECU2.5CECU_Rivian_A1.5CTarget.5Crepo_projects.5CpFOTA.5CcL_LATEST.5Cmake.5Cobj.5CESLib_AES128dec...43.3A.5C_ECU2.5CECU_Rivian_A1.5CTarget.5Crepo_projects.5CpFOTA.5CcL_LATEST.5Cmake..64F86AB7..0::
                         470 .rh850_flags REGMODE32,DATA_ALIGN8,GP_FIX,EP_NONFIX,TP_FIX,REG2_RESERVE,G3K,SDA_EXTRA_REGS_0
