                                                                      Page 1
                                                              C:\Users\nhuliyap\AppData\Local\Temp\gh_0000c281.s
Command Line: C:\GHS\comp_201517\ease850.exe -w -stderr=err/fbl_nvpattern.err -elf -b0 -I../source/_common -I../source/common -I../source/ecuabcanif -I../source/ecuabcantrcv -I../source/ecuabcryif -I../source/ecuabfee -I../source/ecuabmemif -I../source/libautosar -I../source/mcalcan -I../source/mcalcry -I../source/mcaldio -I../source/mcaleep -I../source/mcalfls -I../source/mcalmcu -I../source/projectara -I../source/projectcfg -I../source/projectcompiler -I../source/swcservicebswm -I../source/swcservicecantp -I../source/swcservicecomm -I../source/swcservicecsm -I../source/swcservicedcm -I../source/swcservicedem -I../source/swcservicedet -I../source/swcserviceecum -I../source/swcservicenvm -I../source/swcserviceos -I../source/swcservicepdur -I../source/swcserviceschm -I../source/swcservicestartup -I../source/wrappers/swcservicesecm -I../source/wrappers/vsecprim -I../source/wrappers/vstdlib -Ic:/ghs/comp_201517/ansi -Ic:/ghs/comp_201517/include/v800 -Igendata -IC:\GHS\comp_201517\lib\rh850 -cg_underscore -cpu=rh850g3k -nofpu -no_v850_simd -rh850_fpsimd=none -nomacro -patch_dbo=C:\_ECU2\ECU_Rivian_A1\Target\repo_projects\pFOTA\cL_LATEST\make\obj\fbl_nvpattern.dbo -source=fbl_nvpattern.c -o obj\gh_0000c281.o -list=lst/fbl_nvpattern.lst C:\Users\nhuliyap\AppData\Local\Temp\gh_0000c281.s 
Original File: C:\Users\nhuliyap\AppData\Local\Temp\gh_0000c281.s
Source File: fbl_nvpattern.c
Directory: C:\_ECU2\ECU_Rivian_A1\Target\repo_projects\pFOTA\cL_LATEST\make
Host OS: Windows
EASE: Copyright (C) 1983-2015 Green Hills Software.  All Rights Reserved.
Release: Compiler v2015.1.7
Build Directory: [Directory] BTOWORKER6:c:/build_2015_1_bto/2015-10-21.2100-2015_1_bto/win32-comp-ecom
Revision: [VCInfo] http://toolsvc/branches/release-branch-70-bto/src@544153 (built by build)
Revision Date: Thu Oct 22 07:50:13 2015

Release Date: Thu Oct 22 09:32:32 2015

                           1 --Driver Command: ccrh850 -DBRS_DERIVATIVE_701018 -DBRS_OSC_CLK=16
                           2 --		-DBRS_TIMEBASE_CLOCK=80 -DBRS_EVA_BOARD_
                           3 --		-DBRS_DERIVATIVE_GROUP_F1L -DBRS_OS_USECASE_BRS
                           4 --		-DBRS_PLATFORM_RH850 -DBRS_COMP_GHS
                           5 --		-DBRS_CPU_LOCAL_RAM_SIZE_CORE0=32
                           6 --		-DBRS_CPU_RAM_START_CORE0=0xFEDF8000 -list=lst/fbl_nvpattern.lst
                           7 --		-object_dir=obj -stderr=err/fbl_nvpattern.err -c -cpu=rh850
                           8 --		-sda=all -large_sda -prepare_dispose -pragma_asm_inline -no_callt
                           9 --		-inline_prologue -notda -reserve_r2 -fsoft
                          10 --		--unknown_pragma_warnings -list -g -Ogeneral -shortenum
                          11 --		-registermode=32 -I../source/_common -I../source/common
                          12 --		-I../source/ecuabcanif -I../source/ecuabcantrcv
                          13 --		-I../source/ecuabcryif -I../source/ecuabfee
                          14 --		-I../source/ecuabmemif -I../source/libautosar -I../source/mcalcan
                          15 --		-I../source/mcalcry -I../source/mcaldio -I../source/mcaleep
                          16 --		-I../source/mcalfls -I../source/mcalmcu -I../source/projectara
                          17 --		-I../source/projectcfg -I../source/projectcompiler
                          18 --		-I../source/swcservicebswm -I../source/swcservicecantp
                          19 --		-I../source/swcservicecomm -I../source/swcservicecsm
                          20 --		-I../source/swcservicedcm -I../source/swcservicedem
                          21 --		-I../source/swcservicedet -I../source/swcserviceecum
                          22 --		-I../source/swcservicenvm -I../source/swcserviceos
                          23 --		-I../source/swcservicepdur -I../source/swcserviceschm
                          24 --		-I../source/swcservicestartup -I../source/wrappers/swcservicesecm
                          25 --		-I../source/wrappers/vsecprim -I../source/wrappers/vstdlib
                          26 --		-Ic:/ghs/comp_201517/ansi -Ic:/ghs/comp_201517/include/v800
                          27 --		-Igendata ../source/SwcServiceStartUp/fbl_nvpattern.c
                          28 --Source File:   ../source/SwcServiceStartUp/fbl_nvpattern.c
                          29 --Directory:     
                          30 --		C:\_ECU2\ECU_Rivian_A1\Target\repo_projects\pFOTA\cL_LATEST\make
                          31 --Compile Date:  Wed Sep 06 14:09:31 2023
                          32 --Host OS:       Win32
                          33 --Version:       C-RH850 2015.1.7 RELEASE VERSION
                          34 --Release:       Compiler v2015.1.7
                          35 --Revision Date: Thu Oct 22 08:06:12 2015
                          36 --Release Date:  Thu Oct 22 09:34:32 2015
                          37 -- ecom  -g -w -OM
                          38 	.text
                          39 ..bof.C.3A.5C_ECU2.5CECU_Rivian_A1.5CTarget.5Crepo_projects.5CpFOTA.5CcL_LATEST.5Cmake.5Cobj.5Cfbl_nvpattern...43.3A.5C_ECU2.5CECU_Rivian_A1.5CTarget.5Crepo_projects.5CpFOTA.5CcL_LATEST.5Cmake..64F86BFB..0::
                          40 	.align	2
                          41 ..gh.f.f.1.e.0:
                          42 	.type	..gh.f.f.1.e.0,@object
                          43 	.size	..gh.f.f.1.e.0,0
                          44 	.global	_FblNvPatternWritePageAligned..C.3A.5C_ECU2.5CECU_Rivian_A1.5CTarget.5Crepo_projects.5CpFOTA.5CcL_LATEST.5Cmake.5Cobj.5Cfbl_nvpattern.
                          45 _FblNvPatternWritePageAligned..C.3A.5C_ECU2.5CECU_Rivian_A1.5CTarget.5Crepo_projects.5CpFOTA.5CcL_LATEST.5Cmake.5Cobj.5Cfbl_nvpattern.:
                          46 _FblNvPatternWritePageAligned:
00000000 8007e1f0         47 	prepare	{r24,r25,r26,r27,r28,r29,r31},0
00000004 06c0             48 	mov	r6,r24
00000006 07d0             49 	mov	r7,r26
00000008 08e0             50 	mov	r8,r28

                                                                      Page 2
                                                              C:\Users\nhuliyap\AppData\Local\Temp\gh_0000c281.s
                          51 --	    .bf
                          52 .LDW01:
0000000a 00ca             53 	mov	0,r25
0000000c 19d8             54 	mov	r25,r27
0000000e 853d*            55 	br	.L4
                          56 .L6:
                          57 --line73
                          58 ..lin.C.3A.5C_ECU2.5CECU_Rivian_A1.5CTarget.5Crepo_projects.5CpFOTA.5CcL_LATEST.5Cmake.5Cobj.5Cfbl_nvpattern.1::
                          59 .LDWlin1:
                          60 	jarl	_FblRealTimeSupport,lp
                          60 <EXPANSION BEGIN>
                          60 jarl22 _FblRealTimeSupport , lp 
00000010 80ff0000*        60 <EXPANSION END>
                          61 --line75
                          62 ..lin.C.3A.5C_ECU2.5CECU_Rivian_A1.5CTarget.5Crepo_projects.5CpFOTA.5CcL_LATEST.5Cmake.5Cobj.5Cfbl_nvpattern.2::
                          63 .LDWlin2:
00000014 1c06fffe         64 	addi	-257,r28,zero
00000018 d905*            65 	bnl	.L7
                          66 --line77
                          67 ..lin.C.3A.5C_ECU2.5CECU_Rivian_A1.5CTarget.5Crepo_projects.5CpFOTA.5CcL_LATEST.5Cmake.5Cobj.5Cfbl_nvpattern.3::
                          68 .LDWlin3:
0000001a 203e0001         69 	movea	256,zero,r7
0000001e 07e8             70 	mov	r7,r29
00000020 f505*            71 	br	.L9
                          72 .L7:
                          73 --line82
                          74 ..lin.C.3A.5C_ECU2.5CECU_Rivian_A1.5CTarget.5Crepo_projects.5CpFOTA.5CcL_LATEST.5Cmake.5Cobj.5Cfbl_nvpattern.4::
                          75 .LDWlin4:
00000022 1c3eff00         76 	addi	255,r28,r7
00000026 209e00ff         77 	movea	-256,zero,r19
0000002a 5339             78 	and	r19,r7
0000002c 1ce8             79 	mov	r28,r29
                          80 .L9:
0000002e 1990             81 	mov	r25,r18
                          82 .L12:
00000030 1b30             83 	mov	r27,r6
00000032 d231             84 	add	r18,r6
00000034 d831             85 	add	r24,r6
00000036 868f0100         86 	ld.bu	0[r6],r17
0000003a 04f0             87 	mov	gp,ep
0000003c d2f1             88 	add	r18,ep
0000003e 4192             89 	add	1,r18
00000040 9e070d880000*    90 	st.b	r17,sdaoff23(_pageBuffer+4)[ep]
00000046 fd91             91 	cmp	r29,r18
00000048 c1f5*            92 	bl	.L12
                          93 --line91
                          94 ..lin.C.3A.5C_ECU2.5CECU_Rivian_A1.5CTarget.5Crepo_projects.5CpFOTA.5CcL_LATEST.5Cmake.5Cobj.5Cfbl_nvpattern.5::
                          95 .LDWlin5:
0000004a 1d0600ff         96 	addi	-256,r29,zero
0000004e 1d90             97 	mov	r29,r18
00000050 890d*            98 	bnl	.L19
00000052 950d*            99 	br	.L14
                         100 .L18:
                         101 --line95
                         102 ..lin.C.3A.5C_ECU2.5CECU_Rivian_A1.5CTarget.5Crepo_projects.5CpFOTA.5CcL_LATEST.5Cmake.5Cobj.5Cfbl_nvpattern.6::
                         103 .LDWlin6:
00000054 04f0            104 	mov	gp,ep
00000056 d2f1            105 	add	r18,ep
00000058 9e070d000000*   106 	st.b	zero,sdaoff23(_pageBuffer+4)[ep]
0000005e 4192            107 	add	1,r18
                         108 .L19:

                                                                      Page 3
                                                              C:\Users\nhuliyap\AppData\Local\Temp\gh_0000c281.s
00000060 e791            109 	cmp	r7,r18
00000062 91fd*           110 	bl	.L18
                         111 .L14:
                         112 --line99
                         113 ..lin.C.3A.5C_ECU2.5CECU_Rivian_A1.5CTarget.5Crepo_projects.5CpFOTA.5CcL_LATEST.5Cmake.5Cobj.5Cfbl_nvpattern.7::
                         114 .LDWlin7:
00000064 260600000000*   115 	mov	sdaoff23(_pageBuffer+4),r6
0000006a 1a40            116 	mov	r26,r8
                         117 	jarl	_MemDriver_RWriteSync,lp
                         117 <EXPANSION BEGIN>
                         117 jarl22 _MemDriver_RWriteSync , lp 
0000006c 80ff0000*       117 <EXPANSION END>
00000070 e051            118 	cmp	zero,r10
                         119 --line102
                         120 ..lin.C.3A.5C_ECU2.5CECU_Rivian_A1.5CTarget.5Crepo_projects.5CpFOTA.5CcL_LATEST.5Cmake.5Cobj.5Cfbl_nvpattern.8::
                         121 .LDWlin8:
00000072 e1cf14cb        122 	cmovne	1,r25,r25
00000076 ea05*           123 	bne	.L22
                         124 --line105
                         125 ..lin.C.3A.5C_ECU2.5CECU_Rivian_A1.5CTarget.5Crepo_projects.5CpFOTA.5CcL_LATEST.5Cmake.5Cobj.5Cfbl_nvpattern.9::
                         126 .LDWlin9:
00000078 ddd1            127 	add	r29,r26
0000007a bde1            128 	sub	r29,r28
0000007c ddd9            129 	add	r29,r27
                         130 .L4:
0000007e e0e1            131 	cmp	zero,r28
00000080 8acd*           132 	bne	.L6
                         133 .L22:
                         134 --line110
                         135 ..lin.C.3A.5C_ECU2.5CECU_Rivian_A1.5CTarget.5Crepo_projects.5CpFOTA.5CcL_LATEST.5Cmake.5Cobj.5Cfbl_nvpattern.10::
                         136 .LDWlin10:
00000082 1950            137 	mov	r25,r10
                         138 --	    .ef
                         139 .LDW11:
00000084 4006fff0        140 	dispose	0,{r24,r25,r26,r27,r28,r29,r31},[lp]
                         141 	.type	_FblNvPatternWritePageAligned,@function
                         142 	.size	_FblNvPatternWritePageAligned,.-_FblNvPatternWritePageAligned
                         143 	.type	_FblNvPatternWritePageAligned..C.3A.5C_ECU2.5CECU_Rivian_A1.5CTarget.5Crepo_projects.5CpFOTA.5CcL_LATEST.5Cmake.5Cobj.5Cfbl_nvpattern.,@function
                         144 	.size	_FblNvPatternWritePageAligned..C.3A.5C_ECU2.5CECU_Rivian_A1.5CTarget.5Crepo_projects.5CpFOTA.5CcL_LATEST.5Cmake.5Cobj.5Cfbl_nvpattern.,.-_FblNvPatternWritePageAligned..C.3A.5C_ECU2.5CECU_Rivian_A1.5CTarget.5Crepo_projects.5CpFOTA.5CcL_LATEST.5Cmake.5Cobj.5Cfbl_nvpattern.
                         145 	.align	2
                         146 .LDW21:
                         147 --_result	r25	local
                         148 --_i	r18	local
                         149 --_writeGranularity	r7	local
                         150 --_actualWriteLength	r29	local
                         151 --_lengthWritten	r27	local
                         152 
                         153 --_pSrcBuffer	r24	param
                         154 --_add	r26	param
                         155 --_length	r28	param
                         156 
                         157 	.section ".bss","awb"
                         158 .L160:
                         159 	.type	.L160,@object
                         160 	.size	.L160,0
                         161 	.section ".sbss","awb"
                         162 	.align	4
                         163 	.global	_pageBuffer..C.3A.5C_ECU2.5CECU_Rivian_A1.5CTarget.5Crepo_projects.5CpFOTA.5CcL_LATEST.5Cmake.5Cobj.5Cfbl_nvpattern.
                         164 _pageBuffer..C.3A.5C_ECU2.5CECU_Rivian_A1.5CTarget.5Crepo_projects.5CpFOTA.5CcL_LATEST.5Cmake.5Cobj.5Cfbl_nvpattern.:
00000000 000000000000    165 _pageBuffer:	.space	260
00000006 000000000000 

                                                                      Page 4
                                                              C:\Users\nhuliyap\AppData\Local\Temp\gh_0000c281.s
0000000c 000000000000 
00000012 000000000000 
00000018 000000000000 
0000001e 000000000000 
00000024 000000000000 
0000002a 000000000000 
00000030 000000000000 
00000036 000000000000 
0000003c 000000000000 
00000042 000000000000 
00000048 000000000000 
0000004e 000000000000 
00000054 000000000000 
0000005a 000000000000 
00000060 000000000000 
00000066 000000000000 
0000006c 000000000000 
00000072 000000000000 
00000078 000000000000 
0000007e 000000000000 
00000084 000000000000 
0000008a 000000000000 
00000090 000000000000 
00000096 000000000000 
0000009c 000000000000 
000000a2 000000000000 
000000a8 000000000000 
000000ae 000000000000 
000000b4 000000000000 
000000ba 000000000000 
000000c0 000000000000 
000000c6 000000000000 
000000cc 000000000000 
000000d2 000000000000 
000000d8 000000000000 
000000de 000000000000 
000000e4 000000000000 
000000ea 000000000000 
000000f0 000000000000 
000000f6 000000000000 
000000fc 00000000 
                         166 	.type	_pageBuffer..C.3A.5C_ECU2.5CECU_Rivian_A1.5CTarget.5Crepo_projects.5CpFOTA.5CcL_LATEST.5Cmake.5Cobj.5Cfbl_nvpattern.,@object
                         167 	.size	_pageBuffer..C.3A.5C_ECU2.5CECU_Rivian_A1.5CTarget.5Crepo_projects.5CpFOTA.5CcL_LATEST.5Cmake.5Cobj.5Cfbl_nvpattern.,260
                         168 	.type	_pageBuffer,@object
                         169 	.size	_pageBuffer,260
                         170 	.data
                         171 	.text
                         172 	.align	2
                         173 	.align	2
                         174 ..gh.f.f.1.e.1:
                         175 	.type	..gh.f.f.1.e.1,@object
                         176 	.size	..gh.f.f.1.e.1,0
                         177 	.global	_FblNvPatternGetPatternItemState..C.3A.5C_ECU2.5CECU_Rivian_A1.5CTarget.5Crepo_projects.5CpFOTA.5CcL_LATEST.5Cmake.5Cobj.5Cfbl_nvpattern.
                         178 _FblNvPatternGetPatternItemState..C.3A.5C_ECU2.5CECU_Rivian_A1.5CTarget.5Crepo_projects.5CpFOTA.5CcL_LATEST.5Cmake.5Cobj.5Cfbl_nvpattern.:
                         179 _FblNvPatternGetPatternItemState:
00000088 8007e170        180 	prepare	{r25,r26,r27,r28,r29,r31},0
0000008c 06c8            181 	mov	r6,r25
0000008e 07e0            182 	mov	r7,r28
00000090 08d0            183 	mov	r8,r26
                         184 --	    .bf
                         185 .LDW31:

                                                                      Page 5
                                                              C:\Users\nhuliyap\AppData\Local\Temp\gh_0000c281.s
00000092 00ea            186 	mov	0,r29
00000094 8525*           187 	br	.L301
                         188 .L309:
                         189 --line142
                         190 ..lin.C.3A.5C_ECU2.5CECU_Rivian_A1.5CTarget.5Crepo_projects.5CpFOTA.5CcL_LATEST.5Cmake.5Cobj.5Cfbl_nvpattern.11::
                         191 .LDWlin11:
00000096 02ea            192 	mov	2,r29
00000098 b51d*           193 	br	.L321
                         194 .L320:
                         195 --line157
                         196 ..lin.C.3A.5C_ECU2.5CECU_Rivian_A1.5CTarget.5Crepo_projects.5CpFOTA.5CcL_LATEST.5Cmake.5Cobj.5Cfbl_nvpattern.12::
                         197 .LDWlin12:
0000009a e0d1            198 	cmp	zero,r26
0000009c e20d*           199 	be	.L322
0000009e 04f0            200 	mov	gp,ep
000000a0 1248            201 	mov	r18,r9
000000a2 d2f1            202 	add	r18,ep
000000a4 da49            203 	add	r26,r9
000000a6 89370100        204 	ld.bu	0[r9],r6
000000aa be0705980000*   205 	ld.bu	sdaoff23(_pageBuffer+4)[ep],r19
000000b0 e699            206 	cmp	r6,r19
                         207 --line159
                         208 ..lin.C.3A.5C_ECU2.5CECU_Rivian_A1.5CTarget.5Crepo_projects.5CpFOTA.5CcL_LATEST.5Cmake.5Cobj.5Cfbl_nvpattern.13::
                         209 .LDWlin13:
000000b2 e4ef04eb        210 	cmove	4,r29,r29
000000b6 b20d*           211 	be	.L319
                         212 .L322:
                         213 --line161
                         214 ..lin.C.3A.5C_ECU2.5CECU_Rivian_A1.5CTarget.5Crepo_projects.5CpFOTA.5CcL_LATEST.5Cmake.5Cobj.5Cfbl_nvpattern.14::
                         215 .LDWlin14:
000000b8 04f0            216 	mov	gp,ep
000000ba d2f1            217 	add	r18,ep
000000bc be0705400000*   218 	ld.bu	sdaoff23(_pageBuffer+4)[ep],r8
000000c2 080601ff        219 	addi	-255,r8,zero
000000c6 e3ef14eb        220 	cmovne	3,r29,r29
000000ca da1d*           221 	bne	.L400
                         222 .L319:
                         223 --line155
                         224 ..lin.C.3A.5C_ECU2.5CECU_Rivian_A1.5CTarget.5Crepo_projects.5CpFOTA.5CcL_LATEST.5Cmake.5Cobj.5Cfbl_nvpattern.15::
                         225 .LDWlin15:
000000cc 4192            226 	add	1,r18
                         227 .L321:
000000ce fb91            228 	cmp	r27,r18
000000d0 d1e5*           229 	bl	.L320
                         230 --line178
                         231 ..lin.C.3A.5C_ECU2.5CECU_Rivian_A1.5CTarget.5Crepo_projects.5CpFOTA.5CcL_LATEST.5Cmake.5Cobj.5Cfbl_nvpattern.16::
                         232 .LDWlin16:
000000d2 bbe1            233 	sub	r27,r28
                         234 .L301:
000000d4 e0e1            235 	cmp	zero,r28
000000d6 b21d*           236 	be	.L336
                         237 --line128
                         238 ..lin.C.3A.5C_ECU2.5CECU_Rivian_A1.5CTarget.5Crepo_projects.5CpFOTA.5CcL_LATEST.5Cmake.5Cobj.5Cfbl_nvpattern.17::
                         239 .LDWlin17:
000000d8 203e0001        240 	movea	256,zero,r7
000000dc 1c0600ff        241 	addi	-256,r28,zero
000000e0 e7e722db        242 	cmovl	r7,r28,r27
000000e4 260600000000*   243 	mov	sdaoff23(_pageBuffer+4),r6
000000ea 1b38            244 	mov	r27,r7
000000ec 1940            245 	mov	r25,r8
                         246 	jarl	_FlashDriver_RReadSync,lp

                                                                      Page 6
                                                              C:\Users\nhuliyap\AppData\Local\Temp\gh_0000c281.s
                         246 <EXPANSION BEGIN>
                         246 jarl22 _FlashDriver_RReadSync , lp 
000000ee 80ff0000*       246 <EXPANSION END>
000000f2 0092            247 	mov	0,r18
000000f4 e051            248 	cmp	zero,r10
000000f6 82d5*           249 	be	.L309
000000f8 0a061bff        250 	addi	-229,r10,zero
                         251 --line147
                         252 ..lin.C.3A.5C_ECU2.5CECU_Rivian_A1.5CTarget.5Crepo_projects.5CpFOTA.5CcL_LATEST.5Cmake.5Cobj.5Cfbl_nvpattern.18::
                         253 .LDWlin18:
000000fc 01ea            254 	mov	1,r29
000000fe e2ef04eb        255 	cmove	2,r29,r29
00000102 e2e5*           256 	be	.L321
                         257 .L400:
00000104 20365000        258 	movea	80,zero,r6
                         259 	jarl	_ApplFblFatalError,lp
                         259 <EXPANSION BEGIN>
                         259 jarl22 _ApplFblFatalError , lp 
00000108 80ff0000*       259 <EXPANSION END>
                         260 .L336:
                         261 --line181
                         262 ..lin.C.3A.5C_ECU2.5CECU_Rivian_A1.5CTarget.5Crepo_projects.5CpFOTA.5CcL_LATEST.5Cmake.5Cobj.5Cfbl_nvpattern.19::
                         263 .LDWlin19:
0000010c 1d50            264 	mov	r29,r10
                         265 --	    .ef
                         266 .LDW41:
0000010e 4006ff70        267 	dispose	0,{r25,r26,r27,r28,r29,r31},[lp]
                         268 	.type	_FblNvPatternGetPatternItemState,@function
                         269 	.size	_FblNvPatternGetPatternItemState,.-_FblNvPatternGetPatternItemState
                         270 	.type	_FblNvPatternGetPatternItemState..C.3A.5C_ECU2.5CECU_Rivian_A1.5CTarget.5Crepo_projects.5CpFOTA.5CcL_LATEST.5Cmake.5Cobj.5Cfbl_nvpattern.,@function
                         271 	.size	_FblNvPatternGetPatternItemState..C.3A.5C_ECU2.5CECU_Rivian_A1.5CTarget.5Crepo_projects.5CpFOTA.5CcL_LATEST.5Cmake.5Cobj.5Cfbl_nvpattern.,.-_FblNvPatternGetPatternItemState..C.3A.5C_ECU2.5CECU_Rivian_A1.5CTarget.5Crepo_projects.5CpFOTA.5CcL_LATEST.5Cmake.5Cobj.5Cfbl_nvpattern.
                         272 	.align	2
                         273 .LDW51:
                         274 --_itemState	r29	local
                         275 --_currentReadLength	r27	local
                         276 --_i	r18	local
                         277 
                         278 --_patternAddress	r25	param
                         279 --_length	r28	param
                         280 --_compareValue	r26	param
                         281 
                         282 	.section ".bss","awb"
                         283 .L485:
                         284 	.type	.L485,@object
                         285 	.size	.L485,0
                         286 	.data
                         287 	.text
                         288 	.align	2
                         289 	.align	2
                         290 ..gh.f.f.1.e.2:
                         291 	.type	..gh.f.f.1.e.2,@object
                         292 	.size	..gh.f.f.1.e.2,0
                         293 	.global	_FblNvPatternGetBaseAddrByBlockDescriptor
                         294 _FblNvPatternGetBaseAddrByBlockDescriptor:
00000112 8007e170        295 	prepare	{r25,r26,r27,r28,r29,r31},0
00000116 07d8            296 	mov	r7,r27
00000118 06e0            297 	mov	r6,r28
0000011a bb00            298 	sxb	r27
0000011c 08d0            299 	mov	r8,r26
0000011e 09c8            300 	mov	r9,r25
                         301 --	    .bf

                                                                      Page 7
                                                              C:\Users\nhuliyap\AppData\Local\Temp\gh_0000c281.s
                         302 .LDW61:
00000120 06f0            303 	mov	r6,ep
00000122 048d            304 	sld.w	8[ep],r17
00000124 0275            305 	sld.w	4[ep],r14
00000126 ce89            306 	add	r14,r17
00000128 11eeffff        307 	addi	-1,r17,r29
0000012c 1d30            308 	mov	r29,r6
                         309 	jarl	_FblMemSegmentNrGet,lp
                         309 <EXPANSION BEGIN>
                         309 jarl22 _FblMemSegmentNrGet , lp 
0000012e 80ff0000*       309 <EXPANSION END>
00000132 a4070d500000*   310 	st.h	r10,sdaoff23(_memSegment)[gp]
                         311 --line271
                         312 ..lin.C.3A.5C_ECU2.5CECU_Rivian_A1.5CTarget.5Crepo_projects.5CpFOTA.5CcL_LATEST.5Cmake.5Cobj.5Cfbl_nvpattern.20::
                         313 .LDWlin20:
00000138 e051            314 	cmp	zero,r10
0000013a d625*           315 	blt	.L669
                         316 --line278
                         317 ..lin.C.3A.5C_ECU2.5CECU_Rivian_A1.5CTarget.5Crepo_projects.5CpFOTA.5CcL_LATEST.5Cmake.5Cobj.5Cfbl_nvpattern.21::
                         318 .LDWlin21:
0000013c 63da            319 	cmp	3,r27
0000013e e2df1e83        320 	cmovgt	2,r27,r16
00000142 0092            321 	mov	0,r18
00000144 e081            322 	cmp	zero,r16
00000146 d205*           323 	be	.L659
                         324 .L732:
                         325 --line285
                         326 ..lin.C.3A.5C_ECU2.5CECU_Rivian_A1.5CTarget.5Crepo_projects.5CpFOTA.5CcL_LATEST.5Cmake.5Cobj.5Cfbl_nvpattern.22::
                         327 .LDWlin22:
00000148 12960002        328 	addi	512,r18,r18
0000014c f0060500*       329 	loop	r16,.L732
                         330 .L659:
                         331 --line300
                         332 ..lin.C.3A.5C_ECU2.5CECU_Rivian_A1.5CTarget.5Crepo_projects.5CpFOTA.5CcL_LATEST.5Cmake.5Cobj.5Cfbl_nvpattern.23::
                         333 .LDWlin23:
00000150 206e0001        334 	movea	256,zero,r13
00000154 b2e9            335 	sub	r18,r29
00000156 796f0100        336 	st.w	r13,0[r25]
0000015a 1d7e0100        337 	addi	1,r29,r15
0000015e 7a7f0100        338 	st.w	r15,0[r26]
00000162 3c670500        339 	ld.w	4[r28],r12
00000166 ec79            340 	cmp	r12,r15
00000168 d905*           341 	bnl	.L663
                         342 --line303
                         343 ..lin.C.3A.5C_ECU2.5CECU_Rivian_A1.5CTarget.5Crepo_projects.5CpFOTA.5CcL_LATEST.5Cmake.5Cobj.5Cfbl_nvpattern.24::
                         344 .LDWlin24:
0000016a 20365000        345 	movea	80,zero,r6
                         346 	jarl	_ApplFblFatalError,lp
                         346 <EXPANSION BEGIN>
                         346 jarl22 _ApplFblFatalError , lp 
0000016e 80ff0000*       346 <EXPANSION END>
                         347 .L663:
                         348 --line305
                         349 ..lin.C.3A.5C_ECU2.5CECU_Rivian_A1.5CTarget.5Crepo_projects.5CpFOTA.5CcL_LATEST.5Cmake.5Cobj.5Cfbl_nvpattern.25::
                         350 .LDWlin25:
00000172 3a370100        351 	ld.w	0[r26],r6
                         352 	jarl	_FblMemSegmentNrGet,lp
                         352 <EXPANSION BEGIN>
                         352 jarl22 _FblMemSegmentNrGet , lp 
00000176 80ff0000*       352 <EXPANSION END>
0000017a 840707480000*   353 	ld.h	sdaoff23(_memSegment)[gp],r9

                                                                      Page 8
                                                              C:\Users\nhuliyap\AppData\Local\Temp\gh_0000c281.s
00000180 e951            354 	cmp	r9,r10
00000182 d205*           355 	be	.L667
                         356 .L669:
                         357 --line308
                         358 ..lin.C.3A.5C_ECU2.5CECU_Rivian_A1.5CTarget.5Crepo_projects.5CpFOTA.5CcL_LATEST.5Cmake.5Cobj.5Cfbl_nvpattern.26::
                         359 .LDWlin26:
00000184 20365000        360 	movea	80,zero,r6
                         361 	jarl	_ApplFblFatalError,lp
                         361 <EXPANSION BEGIN>
                         361 jarl22 _ApplFblFatalError , lp 
00000188 80ff0000*       361 <EXPANSION END>
                         362 .L667:
                         363 --line311
                         364 ..lin.C.3A.5C_ECU2.5CECU_Rivian_A1.5CTarget.5Crepo_projects.5CpFOTA.5CcL_LATEST.5Cmake.5Cobj.5Cfbl_nvpattern.27::
                         365 .LDWlin27:
0000018c 840707500000*   366 	ld.h	sdaoff23(_memSegment)[gp],r10
                         367 --	    .ef
                         368 .LDW71:
00000192 4006ff70        369 	dispose	0,{r25,r26,r27,r28,r29,r31},[lp]
                         370 	.type	_FblNvPatternGetBaseAddrByBlockDescriptor,@function
                         371 	.size	_FblNvPatternGetBaseAddrByBlockDescriptor,.-_FblNvPatternGetBaseAddrByBlockDescriptor
                         372 	.align	2
                         373 .LDW81:
                         374 --_lastBlockAddress	r29	local
                         375 --_offsetLength	r18	local
                         376 --_upperBound	r16	local
                         377 
                         378 --_blockDescriptor	r28	param
                         379 --_patternId	r27	param
                         380 --_pPatternAddress	r26	param
                         381 --_pPatternLength	r25	param
                         382 
                         383 	.section ".bss","awb"
                         384 .L1171:
                         385 	.type	.L1171,@object
                         386 	.size	.L1171,0
                         387 	.data
                         388 	.text
                         389 	.align	2
                         390 	.align	2
                         391 ..gh.f.f.1.e.3:
                         392 	.type	..gh.f.f.1.e.3,@object
                         393 	.size	..gh.f.f.1.e.3,0
                         394 	.global	_FblNvPatternGetPatternState..C.3A.5C_ECU2.5CECU_Rivian_A1.5CTarget.5Crepo_projects.5CpFOTA.5CcL_LATEST.5Cmake.5Cobj.5Cfbl_nvpattern.
                         395 _FblNvPatternGetPatternState..C.3A.5C_ECU2.5CECU_Rivian_A1.5CTarget.5Crepo_projects.5CpFOTA.5CcL_LATEST.5Cmake.5Cobj.5Cfbl_nvpattern.:
                         396 _FblNvPatternGetPatternState:
00000196 8607e370        397 	prepare	{r25,r26,r27,r28,r29,r31},3,sp
0000019a 06d0            398 	mov	r6,r26
0000019c a800            399 	sxb	r8
0000019e 09c8            400 	mov	r9,r25
000001a0 12dd            401 	sld.w	36[ep],r27
                         402 --	    .bf
                         403 .LDW91:
000001a2 850709300000*   404 	ld.w	rosdaoff23(.L1791)[r5],r6
000001a8 850709980000*   405 	ld.w	rosdaoff23(.L1792)[r5],r19
000001ae 29970100        406 	ld.w	0[r9],r18
000001b2 00ea            407 	mov	0,r29
000001b4 1f8a            408 	mov	-1,r17
000001b6 0886ffff        409 	addi	-1,r8,r16
000001ba 0335            410 	sst.w	r6,4[ep]
000001bc 059d            411 	sst.w	r19,8[ep]

                                                                      Page 9
                                                              C:\Users\nhuliyap\AppData\Local\Temp\gh_0000c281.s
000001be 0195            412 	sst.w	r18,0[ep]
000001c0 1de0            413 	mov	r29,r28
000001c2 a4070d880000*   414 	st.h	r17,sdaoff23(_memSegment)[gp]
000001c8 6282            415 	cmp	2,r16
000001ca e92d*           416 	bnl	.L1292
                         417 --line201
                         418 ..lin.C.3A.5C_ECU2.5CECU_Rivian_A1.5CTarget.5Crepo_projects.5CpFOTA.5CcL_LATEST.5Cmake.5Cobj.5Cfbl_nvpattern.28::
                         419 .LDWlin28:
000001cc 0730            420 	mov	r7,r6
000001ce 0838            421 	mov	r8,r7
000001d0 1b48            422 	mov	r27,r9
000001d2 0340            423 	mov	sp,r8
                         424 	jarl	_FblNvPatternGetBaseAddrByBlockDescriptor,lp
                         424 <EXPANSION BEGIN>
                         424 jarl22 _FblNvPatternGetBaseAddrByBlockDescriptor , lp 
000001d4 bfff3eff*       424 <EXPANSION END>
000001d8 a4070d500000*   425 	st.h	r10,sdaoff23(_memSegment)[gp]
                         426 --line204
                         427 ..lin.C.3A.5C_ECU2.5CECU_Rivian_A1.5CTarget.5Crepo_projects.5CpFOTA.5CcL_LATEST.5Cmake.5Cobj.5Cfbl_nvpattern.29::
                         428 .LDWlin29:
000001de e051            429 	cmp	zero,r10
000001e0 b625*           430 	blt	.L1292
                         431 --line217
                         432 ..lin.C.3A.5C_ECU2.5CECU_Rivian_A1.5CTarget.5Crepo_projects.5CpFOTA.5CcL_LATEST.5Cmake.5Cobj.5Cfbl_nvpattern.30::
                         433 .LDWlin30:
                         434 	jarl	_FblRealTimeSupport,lp
                         434 <EXPANSION BEGIN>
                         434 jarl22 _FblRealTimeSupport , lp 
000001e2 80ff0000*       434 <EXPANSION END>
                         435 --line219
                         436 ..lin.C.3A.5C_ECU2.5CECU_Rivian_A1.5CTarget.5Crepo_projects.5CpFOTA.5CcL_LATEST.5Cmake.5Cobj.5Cfbl_nvpattern.31::
                         437 .LDWlin31:
000001e6 23370100        438 	ld.w	0[sp],r6
000001ea 043a            439 	mov	4,r7
000001ec 23460400        440 	movea	4,sp,r8
                         441 	jarl	_FblNvPatternGetPatternItemState,lp
                         441 <EXPANSION BEGIN>
                         441 jarl22 _FblNvPatternGetPatternItemState , lp 
000001f0 bfff98fe*       441 <EXPANSION END>
                         442 --line220
                         443 ..lin.C.3A.5C_ECU2.5CECU_Rivian_A1.5CTarget.5Crepo_projects.5CpFOTA.5CcL_LATEST.5Cmake.5Cobj.5Cfbl_nvpattern.32::
                         444 .LDWlin32:
000001f4 3b370100        445 	ld.w	0[r27],r6
000001f8 237f0100        446 	ld.w	0[sp],r15
000001fc 0ae8            447 	mov	r10,r29
000001fe 043a            448 	mov	4,r7
00000200 23460800        449 	movea	8,sp,r8
00000204 cf31            450 	add	r15,r6
                         451 	jarl	_FblNvPatternGetPatternItemState,lp
                         451 <EXPANSION BEGIN>
                         451 jarl22 _FblNvPatternGetPatternItemState , lp 
00000206 bfff82fe*       451 <EXPANSION END>
0000020a 0ae0            452 	mov	r10,r28
                         453 --line222
                         454 ..lin.C.3A.5C_ECU2.5CECU_Rivian_A1.5CTarget.5Crepo_projects.5CpFOTA.5CcL_LATEST.5Cmake.5Cobj.5Cfbl_nvpattern.33::
                         455 .LDWlin33:
0000020c 64ea            456 	cmp	4,r29
0000020e b205*           457 	be	.L1291
00000210 62ea            458 	cmp	2,r29
00000212 ba05*           459 	bne	.L1287
                         460 .L1291:

                                                                      Page 10
                                                              C:\Users\nhuliyap\AppData\Local\Temp\gh_0000c281.s
00000214 6252            461 	cmp	2,r10
00000216 820d*           462 	be	.L1292
                         463 .L1287:
                         464 --line228
                         465 ..lin.C.3A.5C_ECU2.5CECU_Rivian_A1.5CTarget.5Crepo_projects.5CpFOTA.5CcL_LATEST.5Cmake.5Cobj.5Cfbl_nvpattern.34::
                         466 .LDWlin34:
00000218 3b3f0100        467 	ld.w	0[r27],r7
0000021c 03f0            468 	mov	sp,ep
0000021e 0035            469 	sld.w	0[ep],r6
00000220 c13a            470 	shl	1,r7
00000222 c731            471 	add	r7,r6
00000224 0135            472 	sst.w	r6,0[ep]
                         473 .L1292:
00000226 23770100        474 	ld.w	0[sp],r14
0000022a 1af0            475 	mov	r26,ep
0000022c 80eb            476 	sst.b	r29,0[ep]
0000022e 81e3            477 	sst.b	r28,1[ep]
00000230 79770100        478 	st.w	r14,0[r25]
                         479 --	    .ef
                         480 .LDW02:
00000234 4606ff70        481 	dispose	3,{r25,r26,r27,r28,r29,r31},[lp]
                         482 	.type	_FblNvPatternGetPatternState,@function
                         483 	.size	_FblNvPatternGetPatternState,.-_FblNvPatternGetPatternState
                         484 	.type	_FblNvPatternGetPatternState..C.3A.5C_ECU2.5CECU_Rivian_A1.5CTarget.5Crepo_projects.5CpFOTA.5CcL_LATEST.5Cmake.5Cobj.5Cfbl_nvpattern.,@function
                         485 	.size	_FblNvPatternGetPatternState..C.3A.5C_ECU2.5CECU_Rivian_A1.5CTarget.5Crepo_projects.5CpFOTA.5CcL_LATEST.5Cmake.5Cobj.5Cfbl_nvpattern.,.-_FblNvPatternGetPatternState..C.3A.5C_ECU2.5CECU_Rivian_A1.5CTarget.5Crepo_projects.5CpFOTA.5CcL_LATEST.5Cmake.5Cobj.5Cfbl_nvpattern.
                         486 	.align	2
                         487 .LDW12:
                         488 --_patternAddress	0[sp]	local
                         489 --_fblMarkerValue	4[sp]	local
                         490 --_fblMaskValue	8[sp]	local
                         491 --.L1757	rosdaoff23(.L1791)	static
                         492 --.L1758	rosdaoff23(.L1792)	static
                         493 
                         494 --LRETURN..	r26	param
                         495 --_pBlockDescriptor	r7	param
                         496 --_patternId	r8	param
                         497 --_pPatternAddress	r25	param
                         498 --_pPatternLength	r27	param
                         499 
                         500 	.section ".bss","awb"
                         501 .L1756:
                         502 	.type	.L1756,@object
                         503 	.size	.L1756,0
                         504 	.section ".rosdata","a"
                         505 	.align	4
00000000 736a293e        506 .L1791:	.byte	115,106,41,62
                         507 	.type	.L1791,@object
                         508 	.size	.L1791,4
00000004 8c95d6c1        509 .L1792:	.byte	140,149,214,193
                         510 	.type	.L1792,@object
                         511 	.size	.L1792,4
                         512 	.data
                         513 	.text
                         514 	.align	2
                         515 	.align	2
                         516 ..gh.f.f.1.e.4:
                         517 	.type	..gh.f.f.1.e.4,@object
                         518 	.size	..gh.f.f.1.e.4,0
                         519 	.global	_FblNvPatternGetBaseAddr
                         520 _FblNvPatternGetBaseAddr:
00000238 9207e110        521 	prepare	{r27,r28,r29,r31},9

                                                                      Page 11
                                                              C:\Users\nhuliyap\AppData\Local\Temp\gh_0000c281.s
0000023c 07e8            522 	mov	r7,r29
0000023e 8600            523 	zxb	r6
00000240 bd00            524 	sxb	r29
00000242 08e0            525 	mov	r8,r28
00000244 09d8            526 	mov	r9,r27
                         527 --	    .bf
                         528 .LDW22:
00000246 0338            529 	mov	sp,r7
                         530 	jarl	_FblLbtGetBlockDescriptorByNr,lp
                         530 <EXPANSION BEGIN>
                         530 jarl22 _FblLbtGetBlockDescriptorByNr , lp 
00000248 80ff0000*       530 <EXPANSION END>
                         531 --line247
                         532 ..lin.C.3A.5C_ECU2.5CECU_Rivian_A1.5CTarget.5Crepo_projects.5CpFOTA.5CcL_LATEST.5Cmake.5Cobj.5Cfbl_nvpattern.35::
                         533 .LDWlin35:
0000024c 1f92            534 	mov	-1,r18
0000024e e051            535 	cmp	zero,r10
00000250 8a0d*           536 	bne	.L1839
                         537 --line248
                         538 ..lin.C.3A.5C_ECU2.5CECU_Rivian_A1.5CTarget.5Crepo_projects.5CpFOTA.5CcL_LATEST.5Cmake.5Cobj.5Cfbl_nvpattern.36::
                         539 .LDWlin36:
00000252 1d38            540 	mov	r29,r7
00000254 1c40            541 	mov	r28,r8
00000256 1b48            542 	mov	r27,r9
00000258 0330            543 	mov	sp,r6
                         544 	jarl	_FblNvPatternGetBaseAddrByBlockDescriptor,lp
                         544 <EXPANSION BEGIN>
                         544 jarl22 _FblNvPatternGetBaseAddrByBlockDescriptor , lp 
0000025a bfffb8fe*       544 <EXPANSION END>
0000025e 0a90            545 	mov	r10,r18
                         546 .L1839:
                         547 --line254
                         548 ..lin.C.3A.5C_ECU2.5CECU_Rivian_A1.5CTarget.5Crepo_projects.5CpFOTA.5CcL_LATEST.5Cmake.5Cobj.5Cfbl_nvpattern.37::
                         549 .LDWlin37:
00000260 a4070d900000*   550 	st.h	r18,sdaoff23(_memSegment)[gp]
00000266 1250            551 	mov	r18,r10
                         552 --	    .ef
                         553 .LDW32:
00000268 5206ff10        554 	dispose	9,{r27,r28,r29,r31},[lp]
                         555 	.type	_FblNvPatternGetBaseAddr,@function
                         556 	.size	_FblNvPatternGetBaseAddr,.-_FblNvPatternGetBaseAddr
                         557 	.align	2
                         558 .LDW42:
                         559 --_blockDescriptor	0[sp]	local
                         560 
                         561 --_blockNr	r6	param
                         562 --_patternId	r29	param
                         563 --_pPatternAddress	r28	param
                         564 --_pPatternLength	r27	param
                         565 
                         566 	.section ".bss","awb"
                         567 .L1889:
                         568 	.type	.L1889,@object
                         569 	.size	.L1889,0
                         570 	.data
                         571 	.text
                         572 	.align	2
                         573 	.align	2
                         574 ..gh.f.f.1.e.5:
                         575 	.type	..gh.f.f.1.e.5,@object
                         576 	.size	..gh.f.f.1.e.5,0

                                                                      Page 12
                                                              C:\Users\nhuliyap\AppData\Local\Temp\gh_0000c281.s
                         577 	.global	_FblNvPatternSetByBlockDescriptor
                         578 _FblNvPatternSetByBlockDescriptor:
0000026c 8a07e310        579 	prepare	{r27,r28,r29,r31},5,sp
00000270 07d8            580 	mov	r7,r27
00000272 06e0            581 	mov	r6,r28
00000274 bb00            582 	sxb	r27
                         583 --	    .bf
                         584 .LDW52:
00000276 850709880000*   585 	ld.w	rosdaoff23(.L2050)[r5],r17
0000027c 0638            586 	mov	r6,r7
0000027e 23860800        587 	movea	8,sp,r16
00000282 01ea            588 	mov	1,r29
00000284 098d            589 	sst.w	r17,16[ep]
00000286 1b40            590 	mov	r27,r8
00000288 0185            591 	sst.w	r16,0[ep]
0000028a 23360e00        592 	movea	14,sp,r6
0000028e 234e0400        593 	movea	4,sp,r9
                         594 	jarl	_FblNvPatternGetPatternState,lp
                         594 <EXPANSION BEGIN>
                         594 jarl22 _FblNvPatternGetPatternState , lp 
00000292 bfff04ff*       594 <EXPANSION END>
                         595 --line342
                         596 ..lin.C.3A.5C_ECU2.5CECU_Rivian_A1.5CTarget.5Crepo_projects.5CpFOTA.5CcL_LATEST.5Cmake.5Cobj.5Cfbl_nvpattern.38::
                         597 .LDWlin38:
00000296 03970e00        598 	ld.b	14[sp],r18
0000029a 6292            599 	cmp	2,r18
0000029c ca1d*           600 	bne	.L1927
                         601 --line343
                         602 ..lin.C.3A.5C_ECU2.5CECU_Rivian_A1.5CTarget.5Crepo_projects.5CpFOTA.5CcL_LATEST.5Cmake.5Cobj.5Cfbl_nvpattern.39::
                         603 .LDWlin39:
0000029e 233f0500        604 	ld.w	4[sp],r7
000002a2 23361000        605 	movea	16,sp,r6
000002a6 0442            606 	mov	4,r8
                         607 	jarl	_FblNvPatternWritePageAligned,lp
                         607 <EXPANSION BEGIN>
                         607 jarl22 _FblNvPatternWritePageAligned , lp 
000002a8 bfff58fd*       607 <EXPANSION END>
000002ac e051            608 	cmp	zero,r10
000002ae 8a15*           609 	bne	.L1933
                         610 --line345
                         611 ..lin.C.3A.5C_ECU2.5CECU_Rivian_A1.5CTarget.5Crepo_projects.5CpFOTA.5CcL_LATEST.5Cmake.5Cobj.5Cfbl_nvpattern.40::
                         612 .LDWlin40:
000002b0 234e0800        613 	movea	8,sp,r9
000002b4 634f0100        614 	st.w	r9,0[sp]
000002b8 1c38            615 	mov	r28,r7
000002ba 1b40            616 	mov	r27,r8
000002bc 23360e00        617 	movea	14,sp,r6
000002c0 5c4a            618 	add	-4,r9
                         619 	jarl	_FblNvPatternGetPatternState,lp
                         619 <EXPANSION BEGIN>
                         619 jarl22 _FblNvPatternGetPatternState , lp 
000002c2 bfffd4fe*       619 <EXPANSION END>
                         620 --line346
                         621 ..lin.C.3A.5C_ECU2.5CECU_Rivian_A1.5CTarget.5Crepo_projects.5CpFOTA.5CcL_LATEST.5Cmake.5Cobj.5Cfbl_nvpattern.41::
                         622 .LDWlin41:
000002c6 03470e00        623 	ld.b	14[sp],r8
000002ca 6442            624 	cmp	4,r8
000002cc c20d*           625 	be	.L1935
                         626 .L1933:
                         627 --line358
                         628 ..lin.C.3A.5C_ECU2.5CECU_Rivian_A1.5CTarget.5Crepo_projects.5CpFOTA.5CcL_LATEST.5Cmake.5Cobj.5Cfbl_nvpattern.42::

                                                                      Page 13
                                                              C:\Users\nhuliyap\AppData\Local\Temp\gh_0000c281.s
                         629 .LDWlin42:
000002ce 1d50            630 	mov	r29,r10
                         631 --	    .ef
                         632 .LDW62:
000002d0 4a06ff10        633 	dispose	5,{r27,r28,r29,r31},[lp]
                         634 .L1927:
                         635 --line352
                         636 ..lin.C.3A.5C_ECU2.5CECU_Rivian_A1.5CTarget.5Crepo_projects.5CpFOTA.5CcL_LATEST.5Cmake.5Cobj.5Cfbl_nvpattern.43::
                         637 .LDWlin43:
000002d4 6492            638 	cmp	4,r18
000002d6 cafd*           639 	bne	.L1933
000002d8 033f0f00        640 	ld.b	15[sp],r7
000002dc 623a            641 	cmp	2,r7
000002de eaef0000        642 	setfne	r29
000002e2 e5f5*           643 	br	.L1933
                         644 .L1935:
                         645 --line353
                         646 ..lin.C.3A.5C_ECU2.5CECU_Rivian_A1.5CTarget.5Crepo_projects.5CpFOTA.5CcL_LATEST.5Cmake.5Cobj.5Cfbl_nvpattern.44::
                         647 .LDWlin44:
000002e4 00ea            648 	mov	0,r29
000002e6 c5f5*           649 	br	.L1933
                         650 	.type	_FblNvPatternSetByBlockDescriptor,@function
                         651 	.size	_FblNvPatternSetByBlockDescriptor,.-_FblNvPatternSetByBlockDescriptor
                         652 	.align	2
                         653 .LDW72:
                         654 --_patternAddress	4[sp]	local
                         655 --_patternLength	8[sp]	local
                         656 --_result	r29	local
                         657 --_patternState	14[sp]	local
                         658 --_fblMarkerValue	16[sp]	local
                         659 --.L2020	rosdaoff23(.L2050)	static
                         660 
                         661 --_blockDescriptor	r28	param
                         662 --_patternId	r27	param
                         663 
                         664 	.section ".bss","awb"
                         665 .L2019:
                         666 	.type	.L2019,@object
                         667 	.size	.L2019,0
                         668 	.section ".rosdata","a"
00000008 736a293e        669 .L2050:	.byte	115,106,41,62
                         670 	.type	.L2050,@object
                         671 	.size	.L2050,4
                         672 	.data
                         673 	.text
                         674 	.align	2
                         675 	.align	2
                         676 ..gh.f.f.1.e.6:
                         677 	.type	..gh.f.f.1.e.6,@object
                         678 	.size	..gh.f.f.1.e.6,0
                         679 	.global	_FblNvPatternSet
                         680 _FblNvPatternSet:
000002e8 92076100        681 	prepare	{r29,r31},9
000002ec 06f0            682 	mov	r6,ep
000002ee 07e8            683 	mov	r7,r29
                         684 --	    .bf
                         685 .LDW82:
000002f0 6030            686 	sld.bu	0[ep],r6
000002f2 0338            687 	mov	sp,r7
                         688 	jarl	_FblLbtGetBlockDescriptorByNr,lp
                         688 <EXPANSION BEGIN>

                                                                      Page 14
                                                              C:\Users\nhuliyap\AppData\Local\Temp\gh_0000c281.s
                         688 jarl22 _FblLbtGetBlockDescriptorByNr , lp 
000002f4 80ff0000*       688 <EXPANSION END>
                         689 --line322
                         690 ..lin.C.3A.5C_ECU2.5CECU_Rivian_A1.5CTarget.5Crepo_projects.5CpFOTA.5CcL_LATEST.5Cmake.5Cobj.5Cfbl_nvpattern.45::
                         691 .LDWlin45:
000002f8 e051            692 	cmp	zero,r10
000002fa 8a0d*           693 	bne	.L2094
000002fc bd00            694 	sxb	r29
                         695 --line323
                         696 ..lin.C.3A.5C_ECU2.5CECU_Rivian_A1.5CTarget.5Crepo_projects.5CpFOTA.5CcL_LATEST.5Cmake.5Cobj.5Cfbl_nvpattern.46::
                         697 .LDWlin46:
000002fe 1d38            698 	mov	r29,r7
00000300 0330            699 	mov	sp,r6
                         700 	jarl	_FblNvPatternSetByBlockDescriptor,lp
                         700 <EXPANSION BEGIN>
                         700 jarl22 _FblNvPatternSetByBlockDescriptor , lp 
00000302 bfff6aff*       700 <EXPANSION END>
00000306 52067f00        701 	dispose	9,{r29,r31},[lp]
                         702 .L2094:
                         703 --	    .ef
                         704 .LDW92:
                         705 --line326
                         706 ..lin.C.3A.5C_ECU2.5CECU_Rivian_A1.5CTarget.5Crepo_projects.5CpFOTA.5CcL_LATEST.5Cmake.5Cobj.5Cfbl_nvpattern.47::
                         707 .LDWlin47:
0000030a 52067f00        708 	dispose	9,{r29,r31},[lp]
                         709 	.type	_FblNvPatternSet,@function
                         710 	.size	_FblNvPatternSet,.-_FblNvPatternSet
                         711 	.align	2
                         712 .LDW03:
                         713 --_localBlockDescriptor	0[sp]	local
                         714 --_result	r10	local
                         715 
                         716 --_blockDescriptor	ep	param
                         717 --_patternId	r29	param
                         718 
                         719 	.section ".bss","awb"
                         720 .L2144:
                         721 	.type	.L2144,@object
                         722 	.size	.L2144,0
                         723 	.data
                         724 	.text
                         725 	.align	2
                         726 	.align	2
                         727 ..gh.f.f.1.e.7:
                         728 	.type	..gh.f.f.1.e.7,@object
                         729 	.size	..gh.f.f.1.e.7,0
                         730 	.global	_FblNvPatternClrByBlockDescriptor
                         731 _FblNvPatternClrByBlockDescriptor:
0000030e 8a072300        732 	prepare	{r31},5,sp
00000312 0740            733 	mov	r7,r8
00000314 a800            734 	sxb	r8
                         735 --	    .bf
                         736 .LDW13:
00000316 850709380000*   737 	ld.w	rosdaoff23(.L2261)[r5],r7
0000031c 234e0400        738 	movea	4,sp,r9
00000320 093d            739 	sst.w	r7,16[ep]
00000322 0638            740 	mov	r6,r7
00000324 23360800        741 	movea	8,sp,r6
00000328 0135            742 	sst.w	r6,0[ep]
0000032a 4632            743 	add	6,r6
                         744 	jarl	_FblNvPatternGetPatternState,lp

                                                                      Page 15
                                                              C:\Users\nhuliyap\AppData\Local\Temp\gh_0000c281.s
                         744 <EXPANSION BEGIN>
                         744 jarl22 _FblNvPatternGetPatternState , lp 
0000032c bfff6afe*       744 <EXPANSION END>
                         745 --line389
                         746 ..lin.C.3A.5C_ECU2.5CECU_Rivian_A1.5CTarget.5Crepo_projects.5CpFOTA.5CcL_LATEST.5Cmake.5Cobj.5Cfbl_nvpattern.48::
                         747 .LDWlin48:
00000330 039f0e00        748 	ld.b	14[sp],r19
00000334 649a            749 	cmp	4,r19
00000336 8a15*           750 	bne	.L2187
00000338 03970f00        751 	ld.b	15[sp],r18
0000033c 6292            752 	cmp	2,r18
0000033e ca0d*           753 	bne	.L2187
                         754 --line390
                         755 ..lin.C.3A.5C_ECU2.5CECU_Rivian_A1.5CTarget.5Crepo_projects.5CpFOTA.5CcL_LATEST.5Cmake.5Cobj.5Cfbl_nvpattern.49::
                         756 .LDWlin49:
00000340 03f0            757 	mov	sp,ep
00000342 043d            758 	sld.w	8[ep],r7
00000344 028d            759 	sld.w	4[ep],r17
00000346 23361000        760 	movea	16,sp,r6
0000034a 1340            761 	mov	r19,r8
0000034c d139            762 	add	r17,r7
                         763 	jarl	_FblNvPatternWritePageAligned,lp
                         763 <EXPANSION BEGIN>
                         763 jarl22 _FblNvPatternWritePageAligned , lp 
0000034e bfffb2fc*       763 <EXPANSION END>
00000352 4a063f00        764 	dispose	5,{r31},[lp]
                         765 .L2187:
                         766 --line393
                         767 ..lin.C.3A.5C_ECU2.5CECU_Rivian_A1.5CTarget.5Crepo_projects.5CpFOTA.5CcL_LATEST.5Cmake.5Cobj.5Cfbl_nvpattern.50::
                         768 .LDWlin50:
00000356 0052            769 	mov	0,r10
                         770 --	    .ef
                         771 .LDW23:
00000358 4a063f00        772 	dispose	5,{r31},[lp]
                         773 	.type	_FblNvPatternClrByBlockDescriptor,@function
                         774 	.size	_FblNvPatternClrByBlockDescriptor,.-_FblNvPatternClrByBlockDescriptor
                         775 	.align	2
                         776 .LDW33:
                         777 --_result	r10	local
                         778 --_patternAddress	4[sp]	local
                         779 --_patternLength	8[sp]	local
                         780 --_patternState	14[sp]	local
                         781 --_fblMaskValue	16[sp]	local
                         782 --.L2237	rosdaoff23(.L2261)	static
                         783 
                         784 --_blockDescriptor	r6	param
                         785 --_patternId	r8	param
                         786 
                         787 	.section ".bss","awb"
                         788 .L2236:
                         789 	.type	.L2236,@object
                         790 	.size	.L2236,0
                         791 	.section ".rosdata","a"
0000000c 8c95d6c1        792 .L2261:	.byte	140,149,214,193
                         793 	.type	.L2261,@object
                         794 	.size	.L2261,4
                         795 	.data
                         796 	.text
                         797 	.align	2
                         798 	.align	2
                         799 ..gh.f.f.1.e.8:

                                                                      Page 16
                                                              C:\Users\nhuliyap\AppData\Local\Temp\gh_0000c281.s
                         800 	.type	..gh.f.f.1.e.8,@object
                         801 	.size	..gh.f.f.1.e.8,0
                         802 	.global	_FblNvPatternClr
                         803 _FblNvPatternClr:
0000035c 92076100        804 	prepare	{r29,r31},9
00000360 06f0            805 	mov	r6,ep
00000362 07e8            806 	mov	r7,r29
                         807 --	    .bf
                         808 .LDW43:
00000364 6030            809 	sld.bu	0[ep],r6
00000366 0338            810 	mov	sp,r7
                         811 	jarl	_FblLbtGetBlockDescriptorByNr,lp
                         811 <EXPANSION BEGIN>
                         811 jarl22 _FblLbtGetBlockDescriptorByNr , lp 
00000368 80ff0000*       811 <EXPANSION END>
                         812 --line369
                         813 ..lin.C.3A.5C_ECU2.5CECU_Rivian_A1.5CTarget.5Crepo_projects.5CpFOTA.5CcL_LATEST.5Cmake.5Cobj.5Cfbl_nvpattern.51::
                         814 .LDWlin51:
0000036c e051            815 	cmp	zero,r10
0000036e 8a0d*           816 	bne	.L2292
00000370 bd00            817 	sxb	r29
                         818 --line370
                         819 ..lin.C.3A.5C_ECU2.5CECU_Rivian_A1.5CTarget.5Crepo_projects.5CpFOTA.5CcL_LATEST.5Cmake.5Cobj.5Cfbl_nvpattern.52::
                         820 .LDWlin52:
00000372 1d38            821 	mov	r29,r7
00000374 0330            822 	mov	sp,r6
                         823 	jarl	_FblNvPatternClrByBlockDescriptor,lp
                         823 <EXPANSION BEGIN>
                         823 jarl22 _FblNvPatternClrByBlockDescriptor , lp 
00000376 bfff98ff*       823 <EXPANSION END>
0000037a 52067f00        824 	dispose	9,{r29,r31},[lp]
                         825 .L2292:
                         826 --	    .ef
                         827 .LDW53:
                         828 --line373
                         829 ..lin.C.3A.5C_ECU2.5CECU_Rivian_A1.5CTarget.5Crepo_projects.5CpFOTA.5CcL_LATEST.5Cmake.5Cobj.5Cfbl_nvpattern.53::
                         830 .LDWlin53:
0000037e 52067f00        831 	dispose	9,{r29,r31},[lp]
                         832 	.type	_FblNvPatternClr,@function
                         833 	.size	_FblNvPatternClr,.-_FblNvPatternClr
                         834 	.align	2
                         835 .LDW63:
                         836 --_localBlockDescriptor	0[sp]	local
                         837 --_result	r10	local
                         838 
                         839 --_blockDescriptor	ep	param
                         840 --_patternId	r29	param
                         841 
                         842 	.section ".bss","awb"
                         843 .L2336:
                         844 	.type	.L2336,@object
                         845 	.size	.L2336,0
                         846 	.data
                         847 	.text
                         848 	.align	2
                         849 	.align	2
                         850 ..gh.f.f.1.e.9:
                         851 	.type	..gh.f.f.1.e.9,@object
                         852 	.size	..gh.f.f.1.e.9,0
                         853 	.global	_FblNvPatternGetByBlockDescriptor
                         854 _FblNvPatternGetByBlockDescriptor:

                                                                      Page 17
                                                              C:\Users\nhuliyap\AppData\Local\Temp\gh_0000c281.s
00000382 88076100        855 	prepare	{r29,r31},4
00000386 0740            856 	mov	r7,r8
00000388 a800            857 	sxb	r8
                         858 --	    .bf
                         859 .LDW73:
0000038a 0638            860 	mov	r6,r7
0000038c 23360800        861 	movea	8,sp,r6
00000390 63370100        862 	st.w	r6,0[sp]
00000394 01ea            863 	mov	1,r29
00000396 4632            864 	add	6,r6
00000398 234e0400        865 	movea	4,sp,r9
                         866 	jarl	_FblNvPatternGetPatternState,lp
                         866 <EXPANSION BEGIN>
                         866 jarl22 _FblNvPatternGetPatternState , lp 
0000039c bffffafd*       866 <EXPANSION END>
                         867 --line424
                         868 ..lin.C.3A.5C_ECU2.5CECU_Rivian_A1.5CTarget.5Crepo_projects.5CpFOTA.5CcL_LATEST.5Cmake.5Cobj.5Cfbl_nvpattern.54::
                         869 .LDWlin54:
000003a0 039f0e00        870 	ld.b	14[sp],r19
000003a4 649a            871 	cmp	4,r19
000003a6 ea05*           872 	bne	.L2379
000003a8 03970f00        873 	ld.b	15[sp],r18
000003ac 6292            874 	cmp	2,r18
                         875 --line425
                         876 ..lin.C.3A.5C_ECU2.5CECU_Rivian_A1.5CTarget.5Crepo_projects.5CpFOTA.5CcL_LATEST.5Cmake.5Cobj.5Cfbl_nvpattern.55::
                         877 .LDWlin55:
000003ae eaef0000        878 	setfne	r29
                         879 .L2379:
000003b2 1d50            880 	mov	r29,r10
                         881 --	    .ef
                         882 .LDW83:
000003b4 48067f00        883 	dispose	4,{r29,r31},[lp]
                         884 	.type	_FblNvPatternGetByBlockDescriptor,@function
                         885 	.size	_FblNvPatternGetByBlockDescriptor,.-_FblNvPatternGetByBlockDescriptor
                         886 	.align	2
                         887 .LDW93:
                         888 --_patternAddress	4[sp]	local
                         889 --_patternLength	8[sp]	local
                         890 --_patternState	14[sp]	local
                         891 --_result	r29	local
                         892 
                         893 --_blockDescriptor	r6	param
                         894 --_patternId	r8	param
                         895 
                         896 	.section ".bss","awb"
                         897 .L2422:
                         898 	.type	.L2422,@object
                         899 	.size	.L2422,0
                         900 	.data
                         901 	.text
                         902 	.align	2
                         903 	.align	2
                         904 ..gh.f.f.1.e.10:
                         905 	.type	..gh.f.f.1.e.10,@object
                         906 	.size	..gh.f.f.1.e.10,0
                         907 	.global	_FblNvPatternGet
                         908 _FblNvPatternGet:
000003b8 92076100        909 	prepare	{r29,r31},9
000003bc 06f0            910 	mov	r6,ep
000003be 07e8            911 	mov	r7,r29
                         912 --	    .bf

                                                                      Page 18
                                                              C:\Users\nhuliyap\AppData\Local\Temp\gh_0000c281.s
                         913 .LDW04:
000003c0 6030            914 	sld.bu	0[ep],r6
000003c2 0338            915 	mov	sp,r7
                         916 	jarl	_FblLbtGetBlockDescriptorByNr,lp
                         916 <EXPANSION BEGIN>
                         916 jarl22 _FblLbtGetBlockDescriptorByNr , lp 
000003c4 80ff0000*       916 <EXPANSION END>
                         917 --line407
                         918 ..lin.C.3A.5C_ECU2.5CECU_Rivian_A1.5CTarget.5Crepo_projects.5CpFOTA.5CcL_LATEST.5Cmake.5Cobj.5Cfbl_nvpattern.56::
                         919 .LDWlin56:
000003c8 e051            920 	cmp	zero,r10
000003ca 8a0d*           921 	bne	.L2463
000003cc bd00            922 	sxb	r29
                         923 --line408
                         924 ..lin.C.3A.5C_ECU2.5CECU_Rivian_A1.5CTarget.5Crepo_projects.5CpFOTA.5CcL_LATEST.5Cmake.5Cobj.5Cfbl_nvpattern.57::
                         925 .LDWlin57:
000003ce 1d38            926 	mov	r29,r7
000003d0 0330            927 	mov	sp,r6
                         928 	jarl	_FblNvPatternGetByBlockDescriptor,lp
                         928 <EXPANSION BEGIN>
                         928 jarl22 _FblNvPatternGetByBlockDescriptor , lp 
000003d2 bfffb0ff*       928 <EXPANSION END>
000003d6 52067f00        929 	dispose	9,{r29,r31},[lp]
                         930 .L2463:
                         931 --	    .ef
                         932 .LDW14:
                         933 --line411
                         934 ..lin.C.3A.5C_ECU2.5CECU_Rivian_A1.5CTarget.5Crepo_projects.5CpFOTA.5CcL_LATEST.5Cmake.5Cobj.5Cfbl_nvpattern.58::
                         935 .LDWlin58:
000003da 52067f00        936 	dispose	9,{r29,r31},[lp]
                         937 	.type	_FblNvPatternGet,@function
                         938 	.size	_FblNvPatternGet,.-_FblNvPatternGet
                         939 	.align	2
                         940 .LDW24:
                         941 --_localBlockDescriptor	0[sp]	local
                         942 --_result	r10	local
                         943 
                         944 --_blockDescriptor	ep	param
                         945 --_patternId	r29	param
                         946 
                         947 	.section ".bss","awb"
                         948 .L2512:
                         949 	.type	.L2512,@object
                         950 	.size	.L2512,0
                         951 	.data
                         952 	.text
                         953 	.align	2
                         954 --_memSegment	sdaoff23(_memSegment)	import
                         955 --_pageBuffer	sdaoff23(_pageBuffer)	static
                         956 
                         957 	.data
                         958 	.ghsnote version,17
                         959 	.ghsnote tools,3
                         960 	.ghsnote options,144
                         961 	.text
                         962 	.align	2
                         963 ..eof.C.3A.5C_ECU2.5CECU_Rivian_A1.5CTarget.5Crepo_projects.5CpFOTA.5CcL_LATEST.5Cmake.5Cobj.5Cfbl_nvpattern...43.3A.5C_ECU2.5CECU_Rivian_A1.5CTarget.5Crepo_projects.5CpFOTA.5CcL_LATEST.5Cmake..64F86BFB..0::
                         964 .rh850_flags REGMODE32,DATA_ALIGN8,GP_FIX,EP_NONFIX,TP_FIX,REG2_RESERVE,G3K,SDA_EXTRA_REGS_0
