                                                                      Page 1
                                                              C:\Users\nhuliyap\AppData\Local\Temp\gh_00001ks1.s
Command Line: C:\GHS\comp_201517\ease850.exe -w -stderr=err/fbl_mio.err -elf -b0 -I../source/_common -I../source/common -I../source/ecuabcanif -I../source/ecuabcantrcv -I../source/ecuabcryif -I../source/ecuabfee -I../source/ecuabmemif -I../source/libautosar -I../source/mcalcan -I../source/mcalcry -I../source/mcaldio -I../source/mcaleep -I../source/mcalfls -I../source/mcalmcu -I../source/projectara -I../source/projectcfg -I../source/projectcompiler -I../source/swcservicebswm -I../source/swcservicecantp -I../source/swcservicecomm -I../source/swcservicecsm -I../source/swcservicedcm -I../source/swcservicedem -I../source/swcservicedet -I../source/swcserviceecum -I../source/swcservicenvm -I../source/swcserviceos -I../source/swcservicepdur -I../source/swcserviceschm -I../source/swcservicestartup -I../source/wrappers/swcservicesecm -I../source/wrappers/vsecprim -I../source/wrappers/vstdlib -Ic:/ghs/comp_201517/ansi -Ic:/ghs/comp_201517/include/v800 -Igendata -IC:\GHS\comp_201517\lib\rh850 -cg_underscore -cpu=rh850g3k -nofpu -no_v850_simd -rh850_fpsimd=none -nomacro -patch_dbo=C:\_ECU2\ECU_Rivian_A1\Target\repo_projects\pFOTA\cL_LATEST\make\obj\fbl_mio.dbo -source=fbl_mio.c -o obj\gh_00001ks1.o -list=lst/fbl_mio.lst C:\Users\nhuliyap\AppData\Local\Temp\gh_00001ks1.s 
Original File: C:\Users\nhuliyap\AppData\Local\Temp\gh_00001ks1.s
Source File: fbl_mio.c
Directory: C:\_ECU2\ECU_Rivian_A1\Target\repo_projects\pFOTA\cL_LATEST\make
Host OS: Windows
EASE: Copyright (C) 1983-2015 Green Hills Software.  All Rights Reserved.
Release: Compiler v2015.1.7
Build Directory: [Directory] BTOWORKER6:c:/build_2015_1_bto/2015-10-21.2100-2015_1_bto/win32-comp-ecom
Revision: [VCInfo] http://toolsvc/branches/release-branch-70-bto/src@544153 (built by build)
Revision Date: Thu Oct 22 07:50:13 2015

Release Date: Thu Oct 22 09:32:32 2015

                           1 --Driver Command: ccrh850 -DBRS_DERIVATIVE_701018 -DBRS_OSC_CLK=16
                           2 --		-DBRS_TIMEBASE_CLOCK=80 -DBRS_EVA_BOARD_
                           3 --		-DBRS_DERIVATIVE_GROUP_F1L -DBRS_OS_USECASE_BRS
                           4 --		-DBRS_PLATFORM_RH850 -DBRS_COMP_GHS
                           5 --		-DBRS_CPU_LOCAL_RAM_SIZE_CORE0=32
                           6 --		-DBRS_CPU_RAM_START_CORE0=0xFEDF8000 -list=lst/fbl_mio.lst
                           7 --		-object_dir=obj -stderr=err/fbl_mio.err -c -cpu=rh850 -sda=all
                           8 --		-large_sda -prepare_dispose -pragma_asm_inline -no_callt
                           9 --		-inline_prologue -notda -reserve_r2 -fsoft
                          10 --		--unknown_pragma_warnings -list -g -Ogeneral -shortenum
                          11 --		-registermode=32 -I../source/_common -I../source/common
                          12 --		-I../source/ecuabcanif -I../source/ecuabcantrcv
                          13 --		-I../source/ecuabcryif -I../source/ecuabfee
                          14 --		-I../source/ecuabmemif -I../source/libautosar -I../source/mcalcan
                          15 --		-I../source/mcalcry -I../source/mcaldio -I../source/mcaleep
                          16 --		-I../source/mcalfls -I../source/mcalmcu -I../source/projectara
                          17 --		-I../source/projectcfg -I../source/projectcompiler
                          18 --		-I../source/swcservicebswm -I../source/swcservicecantp
                          19 --		-I../source/swcservicecomm -I../source/swcservicecsm
                          20 --		-I../source/swcservicedcm -I../source/swcservicedem
                          21 --		-I../source/swcservicedet -I../source/swcserviceecum
                          22 --		-I../source/swcservicenvm -I../source/swcserviceos
                          23 --		-I../source/swcservicepdur -I../source/swcserviceschm
                          24 --		-I../source/swcservicestartup -I../source/wrappers/swcservicesecm
                          25 --		-I../source/wrappers/vsecprim -I../source/wrappers/vstdlib
                          26 --		-Ic:/ghs/comp_201517/ansi -Ic:/ghs/comp_201517/include/v800
                          27 --		-Igendata ../source/SwcServiceStartUp/fbl_mio.c
                          28 --Source File:   ../source/SwcServiceStartUp/fbl_mio.c
                          29 --Directory:     
                          30 --		C:\_ECU2\ECU_Rivian_A1\Target\repo_projects\pFOTA\cL_LATEST\make
                          31 --Compile Date:  Wed Sep 06 14:09:29 2023
                          32 --Host OS:       Win32
                          33 --Version:       C-RH850 2015.1.7 RELEASE VERSION
                          34 --Release:       Compiler v2015.1.7
                          35 --Revision Date: Thu Oct 22 08:06:12 2015
                          36 --Release Date:  Thu Oct 22 09:34:32 2015
                          37 -- ecom  -g -w -OM
                          38 	.text
                          39 ..bof.C.3A.5C_ECU2.5CECU_Rivian_A1.5CTarget.5Crepo_projects.5CpFOTA.5CcL_LATEST.5Cmake.5Cobj.5Cfbl_mio...43.3A.5C_ECU2.5CECU_Rivian_A1.5CTarget.5Crepo_projects.5CpFOTA.5CcL_LATEST.5Cmake..64F86BFA..0::
                          40 	.align	2
                          41 ..gh.f.f.1.e.0:
                          42 	.type	..gh.f.f.1.e.0,@object
                          43 	.size	..gh.f.f.1.e.0,0
                          44 	.global	_MemDriver_InitPowerOn
                          45 _MemDriver_InitPowerOn:
                          46 --	    .bf
                          47 .LDW01:
00000000 1f8a             48 	mov	-1,r17
00000002 84070d880000*    49 	st.b	r17,sdaoff23(_memDrvDeviceActive)[gp]
00000008 84070d000000*    50 	st.b	zero,sdaoff23(_memDrvFunctionActive)[gp]

                                                                      Page 2
                                                              C:\Users\nhuliyap\AppData\Local\Temp\gh_00001ks1.s
0000000e a4070d880000*    51 	st.h	r17,sdaoff23(_memSegment)[gp]
00000014 3e0600000000*    52 	mov	rosdaoff23(_FlashBlock),ep
0000001a 0085             53 	sld.w	0[ep],r16
0000001c a4070d880000*    54 	st.h	r17,sdaoff23(_nextValidSegment)[gp]
00000022 a4070d000000*    55 	st.h	zero,sdaoff23(_cachedSegment)[gp]
00000028 84070f800000*    56 	st.w	r16,sdaoff23(_cachedBlock)[gp]
0000002e 027d             57 	sld.w	4[ep],r15
00000030 84070f780000*    58 	st.w	r15,sdaoff23(_cachedBlock+4)[gp]
                          59 --	    .ef
                          60 .LDW11:
00000036 7f00             61 	jmp	[lp]
                          62 	.type	_MemDriver_InitPowerOn,@function
                          63 	.size	_MemDriver_InitPowerOn,.-_MemDriver_InitPowerOn
                          64 	.align	2
                          65 .LDW21:
                          66 
                          67 	.section ".bss","awb"
                          68 .L33:
                          69 	.type	.L33,@object
                          70 	.size	.L33,0
                          71 	.section ".sbss","awb"
                          72 	.align	4
                          73 	.global	_cachedBlock..C.3A.5C_ECU2.5CECU_Rivian_A1.5CTarget.5Crepo_projects.5CpFOTA.5CcL_LATEST.5Cmake.5Cobj.5Cfbl_mio.
                          74 _cachedBlock..C.3A.5C_ECU2.5CECU_Rivian_A1.5CTarget.5Crepo_projects.5CpFOTA.5CcL_LATEST.5Cmake.5Cobj.5Cfbl_mio.:
00000000 000000000000     75 _cachedBlock:	.space	8
00000006 0000 
                          76 	.type	_cachedBlock..C.3A.5C_ECU2.5CECU_Rivian_A1.5CTarget.5Crepo_projects.5CpFOTA.5CcL_LATEST.5Cmake.5Cobj.5Cfbl_mio.,@object
                          77 	.size	_cachedBlock..C.3A.5C_ECU2.5CECU_Rivian_A1.5CTarget.5Crepo_projects.5CpFOTA.5CcL_LATEST.5Cmake.5Cobj.5Cfbl_mio.,8
                          78 	.type	_cachedBlock,@object
                          79 	.size	_cachedBlock,8
                          80 	.global	_cachedSegment..C.3A.5C_ECU2.5CECU_Rivian_A1.5CTarget.5Crepo_projects.5CpFOTA.5CcL_LATEST.5Cmake.5Cobj.5Cfbl_mio.
                          81 _cachedSegment..C.3A.5C_ECU2.5CECU_Rivian_A1.5CTarget.5Crepo_projects.5CpFOTA.5CcL_LATEST.5Cmake.5Cobj.5Cfbl_mio.:
00000008 0000             82 _cachedSegment:	.space	2
                          83 	.type	_cachedSegment..C.3A.5C_ECU2.5CECU_Rivian_A1.5CTarget.5Crepo_projects.5CpFOTA.5CcL_LATEST.5Cmake.5Cobj.5Cfbl_mio.,@object
                          84 	.size	_cachedSegment..C.3A.5C_ECU2.5CECU_Rivian_A1.5CTarget.5Crepo_projects.5CpFOTA.5CcL_LATEST.5Cmake.5Cobj.5Cfbl_mio.,2
                          85 	.type	_cachedSegment,@object
                          86 	.size	_cachedSegment,2
                          87 	.global	_nextValidSegment..C.3A.5C_ECU2.5CECU_Rivian_A1.5CTarget.5Crepo_projects.5CpFOTA.5CcL_LATEST.5Cmake.5Cobj.5Cfbl_mio.
                          88 _nextValidSegment..C.3A.5C_ECU2.5CECU_Rivian_A1.5CTarget.5Crepo_projects.5CpFOTA.5CcL_LATEST.5Cmake.5Cobj.5Cfbl_mio.:
0000000a 0000             89 _nextValidSegment:	.space	2
                          90 	.type	_nextValidSegment..C.3A.5C_ECU2.5CECU_Rivian_A1.5CTarget.5Crepo_projects.5CpFOTA.5CcL_LATEST.5Cmake.5Cobj.5Cfbl_mio.,@object
                          91 	.size	_nextValidSegment..C.3A.5C_ECU2.5CECU_Rivian_A1.5CTarget.5Crepo_projects.5CpFOTA.5CcL_LATEST.5Cmake.5Cobj.5Cfbl_mio.,2
                          92 	.type	_nextValidSegment,@object
                          93 	.size	_nextValidSegment,2
                          94 	.data
                          95 	.text
                          96 	.align	2
                          97 	.align	2
                          98 ..gh.f.f.1.e.1:
                          99 	.type	..gh.f.f.1.e.1,@object
                         100 	.size	..gh.f.f.1.e.1,0
                         101 	.global	_FblMemSegmentNrGet
                         102 _FblMemSegmentNrGet:
00000038 8007e100        103 	prepare	{r28,r29,r31},0
                         104 --	    .bf
                         105 .LDW31:
0000003c 840709980000*   106 	ld.w	sdaoff23(_cachedBlock)[gp],r19
00000042 06e8            107 	mov	r6,r29
00000044 f331            108 	cmp	r19,r6
00000046 b10d*           109 	bl	.L53
00000048 840709900000*   110 	ld.w	sdaoff23(_cachedBlock+4)[gp],r18

                                                                      Page 3
                                                              C:\Users\nhuliyap\AppData\Local\Temp\gh_00001ks1.s
0000004e f231            111 	cmp	r18,r6
00000050 eb05*           112 	bh	.L53
                         113 --line66
                         114 ..lin.C.3A.5C_ECU2.5CECU_Rivian_A1.5CTarget.5Crepo_projects.5CpFOTA.5CcL_LATEST.5Cmake.5Cobj.5Cfbl_mio.1::
                         115 .LDWlin1:
00000052 840707500000*   116 	ld.h	sdaoff23(_cachedSegment)[gp],r10
00000058 4006ff00        117 	dispose	0,{r28,r29,r31},[lp]
                         118 .L53:
                         119 --line69
                         120 ..lin.C.3A.5C_ECU2.5CECU_Rivian_A1.5CTarget.5Crepo_projects.5CpFOTA.5CcL_LATEST.5Cmake.5Cobj.5Cfbl_mio.2::
                         121 .LDWlin2:
0000005c 0092            122 	mov	0,r18
0000005e a4070d000000*   123 	st.h	zero,sdaoff23(_nextValidSegment)[gp]
00000064 f515*           124 	br	.L57
                         125 .L59:
                         126 --line72
                         127 ..lin.C.3A.5C_ECU2.5CECU_Rivian_A1.5CTarget.5Crepo_projects.5CpFOTA.5CcL_LATEST.5Cmake.5Cobj.5Cfbl_mio.3::
                         128 .LDWlin3:
00000066 d2060f00        129 	andi	15,r18,zero
0000006a ba05*           130 	bne	.L60
                         131 --line74
                         132 ..lin.C.3A.5C_ECU2.5CECU_Rivian_A1.5CTarget.5Crepo_projects.5CpFOTA.5CcL_LATEST.5Cmake.5Cobj.5Cfbl_mio.4::
                         133 .LDWlin4:
                         134 	jarl	_FblRealTimeSupport,lp
                         134 <EXPANSION BEGIN>
                         134 jarl22 _FblRealTimeSupport , lp 
0000006c 80ff0000*       134 <EXPANSION END>
                         135 .L60:
                         136 --line77
                         137 ..lin.C.3A.5C_ECU2.5CECU_Rivian_A1.5CTarget.5Crepo_projects.5CpFOTA.5CcL_LATEST.5Cmake.5Cobj.5Cfbl_mio.5::
                         138 .LDWlin5:
00000070 840707900000*   139 	ld.h	sdaoff23(_nextValidSegment)[gp],r18
00000076 300600000000*   140 	mov	rosdaoff23(_FlashBlock),r16
0000007c 12f0            141 	mov	r18,ep
0000007e c3f2            142 	shl	3,ep
00000080 d0f1            143 	add	r16,ep
00000082 027d            144 	sld.w	4[ep],r15
00000084 fd79            145 	cmp	r29,r15
00000086 991d*           146 	bnl	.L64
                         147 --line82
                         148 ..lin.C.3A.5C_ECU2.5CECU_Rivian_A1.5CTarget.5Crepo_projects.5CpFOTA.5CcL_LATEST.5Cmake.5Cobj.5Cfbl_mio.6::
                         149 .LDWlin6:
00000088 4192            150 	add	1,r18
0000008a f200            151 	sxh	r18
0000008c a4070d900000*   152 	st.h	r18,sdaoff23(_nextValidSegment)[gp]
                         153 .L57:
00000092 a50705e00000*   154 	ld.bu	rosdaoff23(_kNrOfFlashBlock)[r5],r28
00000098 fc91            155 	cmp	r28,r18
0000009a e6e5*           156 	blt	.L59
                         157 .L66:
                         158 --line114
                         159 ..lin.C.3A.5C_ECU2.5CECU_Rivian_A1.5CTarget.5Crepo_projects.5CpFOTA.5CcL_LATEST.5Cmake.5Cobj.5Cfbl_mio.7::
                         160 .LDWlin7:
0000009c 2b0600000000*   161 	mov	rosdaoff23(_FlashBlock),r11
000000a2 c3e2            162 	shl	3,r28
000000a4 cbe1            163 	add	r11,r28
000000a6 3c6ffdff        164 	ld.w	-4[r28],r13
000000aa 1f52            165 	mov	-1,r10
000000ac 0a78            166 	mov	r10,r15
000000ae 416a            167 	add	1,r13
000000b0 84070f680000*   168 	st.w	r13,sdaoff23(_cachedBlock)[gp]

                                                                      Page 4
                                                              C:\Users\nhuliyap\AppData\Local\Temp\gh_00001ks1.s
000000b6 c51d*           169 	br	.L74
                         170 .L64:
                         171 --line85
                         172 ..lin.C.3A.5C_ECU2.5CECU_Rivian_A1.5CTarget.5Crepo_projects.5CpFOTA.5CcL_LATEST.5Cmake.5Cobj.5Cfbl_mio.8::
                         173 .LDWlin8:
000000b8 fc91            174 	cmp	r28,r18
000000ba 9ef5*           175 	bge	.L66
                         176 --line87
                         177 ..lin.C.3A.5C_ECU2.5CECU_Rivian_A1.5CTarget.5Crepo_projects.5CpFOTA.5CcL_LATEST.5Cmake.5Cobj.5Cfbl_mio.9::
                         178 .LDWlin9:
000000bc 0075            179 	sld.w	0[ep],r14
000000be eee9            180 	cmp	r14,r29
000000c0 b10d*           181 	bl	.L68
                         182 --line91
                         183 ..lin.C.3A.5C_ECU2.5CECU_Rivian_A1.5CTarget.5Crepo_projects.5CpFOTA.5CcL_LATEST.5Cmake.5Cobj.5Cfbl_mio.10::
                         184 .LDWlin10:
000000c2 12f0            185 	mov	r18,ep
000000c4 c3f2            186 	shl	3,ep
000000c6 d0f1            187 	add	r16,ep
000000c8 006d            188 	sld.w	0[ep],r13
000000ca 1250            189 	mov	r18,r10
000000cc 84070f680000*   190 	st.w	r13,sdaoff23(_cachedBlock)[gp]
000000d2 027d            191 	sld.w	4[ep],r15
000000d4 d50d*           192 	br	.L74
                         193 .L68:
                         194 --line96
                         195 ..lin.C.3A.5C_ECU2.5CECU_Rivian_A1.5CTarget.5Crepo_projects.5CpFOTA.5CcL_LATEST.5Cmake.5Cobj.5Cfbl_mio.11::
                         196 .LDWlin11:
000000d6 1f52            197 	mov	-1,r10
000000d8 0082            198 	mov	0,r16
000000da e091            199 	cmp	zero,r18
000000dc c705*           200 	ble	.L73
                         201 --line104
                         202 ..lin.C.3A.5C_ECU2.5CECU_Rivian_A1.5CTarget.5Crepo_projects.5CpFOTA.5CcL_LATEST.5Cmake.5Cobj.5Cfbl_mio.12::
                         203 .LDWlin12:
000000de 3e87fdff        204 	ld.w	-4[ep],r16
000000e2 4182            205 	add	1,r16
                         206 .L73:
000000e4 84070f800000*   207 	st.w	r16,sdaoff23(_cachedBlock)[gp]
000000ea 0e7effff        208 	addi	-1,r14,r15
                         209 .L74:
000000ee 84070f780000*   210 	st.w	r15,sdaoff23(_cachedBlock+4)[gp]
000000f4 a4070d500000*   211 	st.h	r10,sdaoff23(_cachedSegment)[gp]
                         212 --	    .ef
                         213 .LDW41:
000000fa 4006ff00        214 	dispose	0,{r28,r29,r31},[lp]
                         215 	.type	_FblMemSegmentNrGet,@function
                         216 	.size	_FblMemSegmentNrGet,.-_FblMemSegmentNrGet
                         217 	.align	2
                         218 .LDW51:
                         219 --_segment	r10	local
                         220 --_localAddress	r29	local
                         221 
                         222 --_address	r6	param
                         223 
                         224 	.section ".bss","awb"
                         225 .L270:
                         226 	.type	.L270,@object
                         227 	.size	.L270,0
                         228 	.data
                         229 	.text

                                                                      Page 5
                                                              C:\Users\nhuliyap\AppData\Local\Temp\gh_00001ks1.s
                         230 	.align	2
                         231 	.align	2
                         232 ..gh.f.f.1.e.2:
                         233 	.type	..gh.f.f.1.e.2,@object
                         234 	.size	..gh.f.f.1.e.2,0
                         235 	.global	_FblMemGetDeviceByAddr
                         236 _FblMemGetDeviceByAddr:
000000fe 8007e100        237 	prepare	{r28,r29,r31},0
00000102 07e0            238 	mov	r7,r28
                         239 --	    .bf
                         240 .LDW61:
00000104 01ea            241 	mov	1,r29
                         242 	jarl	_FblMemSegmentNrGet,lp
                         242 <EXPANSION BEGIN>
                         242 jarl22 _FblMemSegmentNrGet , lp 
00000106 bfff32ff*       242 <EXPANSION END>
                         243 --line153
                         244 ..lin.C.3A.5C_ECU2.5CECU_Rivian_A1.5CTarget.5Crepo_projects.5CpFOTA.5CcL_LATEST.5Cmake.5Cobj.5Cfbl_mio.13::
                         245 .LDWlin13:
0000010a e051            246 	cmp	zero,r10
0000010c c605*           247 	blt	.L443
                         248 --line157
                         249 ..lin.C.3A.5C_ECU2.5CECU_Rivian_A1.5CTarget.5Crepo_projects.5CpFOTA.5CcL_LATEST.5Cmake.5Cobj.5Cfbl_mio.14::
                         250 .LDWlin14:
0000010e 5c070000        251 	st.b	zero,0[r28]
00000112 00ea            252 	mov	0,r29
                         253 .L443:
00000114 1d50            254 	mov	r29,r10
                         255 --	    .ef
                         256 .LDW71:
00000116 4006ff00        257 	dispose	0,{r28,r29,r31},[lp]
                         258 	.type	_FblMemGetDeviceByAddr,@function
                         259 	.size	_FblMemGetDeviceByAddr,.-_FblMemGetDeviceByAddr
                         260 	.align	2
                         261 .LDW81:
                         262 --_result	r29	local
                         263 
                         264 --_address	r6	param
                         265 --_device	r28	param
                         266 
                         267 	.section ".bss","awb"
                         268 .L480:
                         269 	.type	.L480,@object
                         270 	.size	.L480,0
                         271 	.data
                         272 	.text
                         273 	.align	2
                         274 	.align	2
                         275 ..gh.f.f.1.e.3:
                         276 	.type	..gh.f.f.1.e.3,@object
                         277 	.size	..gh.f.f.1.e.3,0
                         278 	.global	_FblMemGetDeviceByRange
                         279 _FblMemGetDeviceByRange:
0000011a 8007e170        280 	prepare	{r25,r26,r27,r28,r29,r31},0
                         281 --	    .bf
                         282 .LDW91:
0000011e e039            283 	cmp	zero,r7
00000120 ea05*           284 	bne	.L518
                         285 --line177
                         286 ..lin.C.3A.5C_ECU2.5CECU_Rivian_A1.5CTarget.5Crepo_projects.5CpFOTA.5CcL_LATEST.5Cmake.5Cobj.5Cfbl_mio.15::
                         287 .LDWlin15:

                                                                      Page 6
                                                              C:\Users\nhuliyap\AppData\Local\Temp\gh_00001ks1.s
00000122 0838            288 	mov	r8,r7
                         289 	jarl	_FblMemGetDeviceByAddr,lp
                         289 <EXPANSION BEGIN>
                         289 jarl22 _FblMemGetDeviceByAddr , lp 
00000124 bfffdaff*       289 <EXPANSION END>
00000128 0ae0            290 	mov	r10,r28
0000012a c515*           291 	br	.L520
                         292 .L518:
0000012c 06d8            293 	mov	r6,r27
0000012e 07e8            294 	mov	r7,r29
00000130 08d0            295 	mov	r8,r26
00000132 01e2            296 	mov	1,r28
                         297 --line180
                         298 ..lin.C.3A.5C_ECU2.5CECU_Rivian_A1.5CTarget.5Crepo_projects.5CpFOTA.5CcL_LATEST.5Cmake.5Cobj.5Cfbl_mio.16::
                         299 .LDWlin16:
                         300 	jarl	_FblMemSegmentNrGet,lp
                         300 <EXPANSION BEGIN>
                         300 jarl22 _FblMemSegmentNrGet , lp 
00000134 bfff04ff*       300 <EXPANSION END>
                         301 --line181
                         302 ..lin.C.3A.5C_ECU2.5CECU_Rivian_A1.5CTarget.5Crepo_projects.5CpFOTA.5CcL_LATEST.5Cmake.5Cobj.5Cfbl_mio.17::
                         303 .LDWlin17:
00000138 dbe9            304 	add	r27,r29
0000013a 0ac8            305 	mov	r10,r25
0000013c 1d36ffff        306 	addi	-1,r29,r6
                         307 	jarl	_FblMemSegmentNrGet,lp
                         307 <EXPANSION BEGIN>
                         307 jarl22 _FblMemSegmentNrGet , lp 
00000140 bffff8fe*       307 <EXPANSION END>
                         308 --line183
                         309 ..lin.C.3A.5C_ECU2.5CECU_Rivian_A1.5CTarget.5Crepo_projects.5CpFOTA.5CcL_LATEST.5Cmake.5Cobj.5Cfbl_mio.18::
                         310 .LDWlin18:
00000144 e0c9            311 	cmp	zero,r25
00000146 e605*           312 	blt	.L520
00000148 e051            313 	cmp	zero,r10
0000014a c605*           314 	blt	.L520
                         315 --line187
                         316 ..lin.C.3A.5C_ECU2.5CECU_Rivian_A1.5CTarget.5Crepo_projects.5CpFOTA.5CcL_LATEST.5Cmake.5Cobj.5Cfbl_mio.19::
                         317 .LDWlin19:
0000014c 00e2            318 	mov	0,r28
0000014e 5a070000        319 	st.b	zero,0[r26]
                         320 .L520:
00000152 1c50            321 	mov	r28,r10
                         322 --	    .ef
                         323 .LDW02:
00000154 4006ff70        324 	dispose	0,{r25,r26,r27,r28,r29,r31},[lp]
                         325 	.type	_FblMemGetDeviceByRange,@function
                         326 	.size	_FblMemGetDeviceByRange,.-_FblMemGetDeviceByRange
                         327 	.align	2
                         328 .LDW12:
                         329 --_result	r28	local
                         330 --_localMemSegmentStart	r25	local
                         331 --_localMemSegmentEnd	r10	local
                         332 
                         333 --_address	r27	param
                         334 --_length	r29	param
                         335 --_device	r26	param
                         336 
                         337 	.section ".bss","awb"
                         338 .L605:
                         339 	.type	.L605,@object

                                                                      Page 7
                                                              C:\Users\nhuliyap\AppData\Local\Temp\gh_00001ks1.s
                         340 	.size	.L605,0
                         341 	.data
                         342 	.text
                         343 	.align	2
                         344 	.align	2
                         345 ..gh.f.f.1.e.4:
                         346 	.type	..gh.f.f.1.e.4,@object
                         347 	.size	..gh.f.f.1.e.4,0
                         348 	.global	_FblReadPromExt
                         349 _FblReadPromExt:
00000158 8007e1f3        350 	prepare	{r22,r23,r24,r25,r26,r27,r28,r29,r31},0
0000015c 09b0            351 	mov	r9,r22
                         352 --	    .bf
                         353 .LDW22:
0000015e 00d2            354 	mov	0,r26
00000160 06e8            355 	mov	r6,r29
00000162 08e0            356 	mov	r8,r28
00000164 07b8            357 	mov	r7,r23
00000166 1ac0            358 	mov	r26,r24
                         359 	jarl	_FblRealTimeSupport,lp
                         359 <EXPANSION BEGIN>
                         359 jarl22 _FblRealTimeSupport , lp 
00000168 80ff0000*       359 <EXPANSION END>
                         360 --line240
                         361 ..lin.C.3A.5C_ECU2.5CECU_Rivian_A1.5CTarget.5Crepo_projects.5CpFOTA.5CcL_LATEST.5Cmake.5Cobj.5Cfbl_mio.20::
                         362 .LDWlin20:
0000016c 1d30            363 	mov	r29,r6
                         364 	jarl	_FblMemSegmentNrGet,lp
                         364 <EXPANSION BEGIN>
                         364 jarl22 _FblMemSegmentNrGet , lp 
0000016e bfffcafe*       364 <EXPANSION END>
00000172 a4070d500000*   365 	st.h	r10,sdaoff23(_memSegment)[gp]
                         366 --line242
                         367 ..lin.C.3A.5C_ECU2.5CECU_Rivian_A1.5CTarget.5Crepo_projects.5CpFOTA.5CcL_LATEST.5Cmake.5Cobj.5Cfbl_mio.21::
                         368 .LDWlin21:
00000178 e051            369 	cmp	zero,r10
0000017a 8e25*           370 	bge	.L673
                         371 --line243
                         372 ..lin.C.3A.5C_ECU2.5CECU_Rivian_A1.5CTarget.5Crepo_projects.5CpFOTA.5CcL_LATEST.5Cmake.5Cobj.5Cfbl_mio.22::
                         373 .LDWlin22:
0000017c 840707980000*   374 	ld.h	sdaoff23(_nextValidSegment)[gp],r19
00000182 a50705380000*   375 	ld.bu	rosdaoff23(_kNrOfFlashBlock)[r5],r7
00000188 e799            376 	cmp	r7,r19
0000018a 8e1d*           377 	bge	.L673
                         378 --line245
                         379 ..lin.C.3A.5C_ECU2.5CECU_Rivian_A1.5CTarget.5Crepo_projects.5CpFOTA.5CcL_LATEST.5Cmake.5Cobj.5Cfbl_mio.23::
                         380 .LDWlin23:
0000018c 13f0            381 	mov	r19,ep
0000018e c3f2            382 	shl	3,ep
00000190 260600000000*   383 	mov	rosdaoff23(_FlashBlock),r6
00000196 c6f1            384 	add	r6,ep
00000198 0045            385 	sld.w	0[ep],r8
0000019a e8e9            386 	cmp	r8,r29
0000019c f90d*           387 	bnl	.L673
0000019e bd41            388 	sub	r29,r8
000001a0 e8e1            389 	cmp	r8,r28
000001a2 c30d*           390 	bnh	.L673
                         391 --line252
                         392 ..lin.C.3A.5C_ECU2.5CECU_Rivian_A1.5CTarget.5Crepo_projects.5CpFOTA.5CcL_LATEST.5Cmake.5Cobj.5Cfbl_mio.24::
                         393 .LDWlin24:
000001a4 13f0            394 	mov	r19,ep

                                                                      Page 8
                                                              C:\Users\nhuliyap\AppData\Local\Temp\gh_00001ks1.s
000001a6 c3f2            395 	shl	3,ep
000001a8 c6f1            396 	add	r6,ep
000001aa 004d            397 	sld.w	0[ep],r9
000001ac 1350            398 	mov	r19,r10
000001ae a4070d980000*   399 	st.h	r19,sdaoff23(_memSegment)[gp]
000001b4 a9e9            400 	sub	r9,r29
000001b6 dde1            401 	add	r29,r28
000001b8 09e8            402 	mov	r9,r29
                         403 .L673:
000001ba e051            404 	cmp	zero,r10
000001bc e645*           405 	blt	.L704
000001be 0ad8            406 	mov	r10,r27
000001c0 a545*           407 	br	.L682
                         408 .L684:
                         409 --line264
                         410 ..lin.C.3A.5C_ECU2.5CECU_Rivian_A1.5CTarget.5Crepo_projects.5CpFOTA.5CcL_LATEST.5Cmake.5Cobj.5Cfbl_mio.25::
                         411 .LDWlin25:
000001c2 840707f00000*   412 	ld.h	sdaoff23(_memSegment)[gp],ep
000001c8 320600000000*   413 	mov	rosdaoff23(_FlashBlock),r18
000001ce 1c30            414 	mov	r28,r6
000001d0 dd31            415 	add	r29,r6
000001d2 c3f2            416 	shl	3,ep
000001d4 d2f1            417 	add	r18,ep
000001d6 024d            418 	sld.w	4[ep],r9
000001d8 068effff        419 	addi	-1,r6,r17
000001dc e989            420 	cmp	r9,r17
000001de e315*           421 	bnh	.L685
                         422 --line270
                         423 ..lin.C.3A.5C_ECU2.5CECU_Rivian_A1.5CTarget.5Crepo_projects.5CpFOTA.5CcL_LATEST.5Cmake.5Cobj.5Cfbl_mio.26::
                         424 .LDWlin26:
000001e0 a50705800000*   425 	ld.bu	rosdaoff23(_kNrOfFlashBlock)[r5],r16
000001e6 bd49            426 	sub	r29,r9
000001e8 41da            427 	add	1,r27
000001ea 09ce0100        428 	addi	1,r9,r25
000001ee fb00            429 	sxh	r27
000001f0 f0d9            430 	cmp	r16,r27
000001f2 ae0d*           431 	bge	.L687
                         432 --line272
                         433 ..lin.C.3A.5C_ECU2.5CECU_Rivian_A1.5CTarget.5Crepo_projects.5CpFOTA.5CcL_LATEST.5Cmake.5Cobj.5Cfbl_mio.27::
                         434 .LDWlin27:
000001f4 1bf0            435 	mov	r27,ep
000001f6 c3f2            436 	shl	3,ep
000001f8 d2f1            437 	add	r18,ep
000001fa 003d            438 	sld.w	0[ep],r7
000001fc bd39            439 	sub	r29,r7
000001fe fc39            440 	cmp	r28,r7
00000200 b905*           441 	bnl	.L687
00000202 a7e1            442 	sub	r7,r28
00000204 d505*           443 	br	.L693
                         444 .L687:
                         445 --line278
                         446 ..lin.C.3A.5C_ECU2.5CECU_Rivian_A1.5CTarget.5Crepo_projects.5CpFOTA.5CcL_LATEST.5Cmake.5Cobj.5Cfbl_mio.28::
                         447 .LDWlin28:
00000206 00e2            448 	mov	0,r28
00000208 b505*           449 	br	.L693
                         450 .L685:
                         451 --line283
                         452 ..lin.C.3A.5C_ECU2.5CECU_Rivian_A1.5CTarget.5Crepo_projects.5CpFOTA.5CcL_LATEST.5Cmake.5Cobj.5Cfbl_mio.29::
                         453 .LDWlin29:
0000020a 1cc8            454 	mov	r28,r25
0000020c 00e2            455 	mov	0,r28

                                                                      Page 9
                                                              C:\Users\nhuliyap\AppData\Local\Temp\gh_00001ks1.s
                         456 .L693:
0000020e 1730            457 	mov	r23,r6
00000210 1938            458 	mov	r25,r7
00000212 1d40            459 	mov	r29,r8
                         460 	jarl	_FlashDriver_RReadSync,lp
                         460 <EXPANSION BEGIN>
                         460 jarl22 _FlashDriver_RReadSync , lp 
00000214 80ff0000*       460 <EXPANSION END>
00000218 e051            461 	cmp	zero,r10
0000021a 820d*           462 	be	.L697
0000021c 0a061bff        463 	addi	-229,r10,zero
                         464 --line291
                         465 ..lin.C.3A.5C_ECU2.5CECU_Rivian_A1.5CTarget.5Crepo_projects.5CpFOTA.5CcL_LATEST.5Cmake.5Cobj.5Cfbl_mio.30::
                         466 .LDWlin30:
00000220 e15714c3        467 	cmovne	1,r10,r24
00000224 e0e714e3        468 	cmovne	0,r28,r28
00000228 ca0d*           469 	bne	.L700
                         470 .L697:
                         471 --line297
                         472 ..lin.C.3A.5C_ECU2.5CECU_Rivian_A1.5CTarget.5Crepo_projects.5CpFOTA.5CcL_LATEST.5Cmake.5Cobj.5Cfbl_mio.31::
                         473 .LDWlin31:
0000022a 1bf0            474 	mov	r27,ep
0000022c c3f2            475 	shl	3,ep
0000022e c5f1            476 	add	r5,ep
00000230 a4070dd80000*   477 	st.h	r27,sdaoff23(_memSegment)[gp]
00000236 d9b9            478 	add	r25,r23
00000238 9e0709e80000*   479 	ld.w	rosdaoff23(_FlashBlock)[ep],r29
0000023e d9d1            480 	add	r25,r26
                         481 .L700:
                         482 	jarl	_FblRealTimeSupport,lp
                         482 <EXPANSION BEGIN>
                         482 jarl22 _FblRealTimeSupport , lp 
00000240 80ff0000*       482 <EXPANSION END>
                         483 .L682:
                         484 --line262
                         485 ..lin.C.3A.5C_ECU2.5CECU_Rivian_A1.5CTarget.5Crepo_projects.5CpFOTA.5CcL_LATEST.5Cmake.5Cobj.5Cfbl_mio.32::
                         486 .LDWlin32:
00000244 e0e1            487 	cmp	zero,r28
00000246 eabd*           488 	bne	.L684
                         489 .L704:
                         490 --line316
                         491 ..lin.C.3A.5C_ECU2.5CECU_Rivian_A1.5CTarget.5Crepo_projects.5CpFOTA.5CcL_LATEST.5Cmake.5Cobj.5Cfbl_mio.33::
                         492 .LDWlin33:
00000248 76d70100        493 	st.w	r26,0[r22]
0000024c 1850            494 	mov	r24,r10
                         495 --	    .ef
                         496 .LDW32:
0000024e 4006fff3        497 	dispose	0,{r22,r23,r24,r25,r26,r27,r28,r29,r31},[lp]
                         498 	.type	_FblReadPromExt,@function
                         499 	.size	_FblReadPromExt,.-_FblReadPromExt
                         500 	.align	2
                         501 .LDW42:
                         502 --_result	r24	local
                         503 --_localAddress	r29	local
                         504 --_localBuffer	r23	local
                         505 --_localLength	r28	local
                         506 --_localActualReadCount	r26	local
                         507 --_currentReadCount	r25	local
                         508 --_nextMemSegment	r27	local
                         509 
                         510 --_address	r6	param

                                                                      Page 10
                                                              C:\Users\nhuliyap\AppData\Local\Temp\gh_00001ks1.s
                         511 --_buffer	r7	param
                         512 --_length	r8	param
                         513 --_actualReadCount	r22	param
                         514 
                         515 	.section ".bss","awb"
                         516 .L939:
                         517 	.type	.L939,@object
                         518 	.size	.L939,0
                         519 	.data
                         520 	.text
                         521 	.align	2
                         522 	.align	2
                         523 ..gh.f.f.1.e.5:
                         524 	.type	..gh.f.f.1.e.5,@object
                         525 	.size	..gh.f.f.1.e.5,0
                         526 	.global	_FblReadProm
                         527 _FblReadProm:
00000252 82072100        528 	prepare	{r31},1
                         529 --	    .bf
                         530 .LDW52:
00000256 0348            531 	mov	sp,r9
                         532 	jarl	_FblReadPromExt,lp
                         532 <EXPANSION BEGIN>
                         532 jarl22 _FblReadPromExt , lp 
00000258 bfff00ff*       532 <EXPANSION END>
                         533 --line219
                         534 ..lin.C.3A.5C_ECU2.5CECU_Rivian_A1.5CTarget.5Crepo_projects.5CpFOTA.5CcL_LATEST.5Cmake.5Cobj.5Cfbl_mio.34::
                         535 .LDWlin34:
0000025c 23570100        536 	ld.w	0[sp],r10
                         537 --	    .ef
                         538 .LDW62:
00000260 42063f00        539 	dispose	1,{r31},[lp]
                         540 	.type	_FblReadProm,@function
                         541 	.size	_FblReadProm,.-_FblReadProm
                         542 	.align	2
                         543 .LDW72:
                         544 --_actualReadCount	0[sp]	local
                         545 
                         546 --_address	r6	param
                         547 --_buffer	r7	param
                         548 --_length	r8	param
                         549 
                         550 	.section ".bss","awb"
                         551 .L1169:
                         552 	.type	.L1169,@object
                         553 	.size	.L1169,0
                         554 	.data
                         555 	.text
                         556 	.align	2
                         557 	.align	2
                         558 ..gh.f.f.1.e.6:
                         559 	.type	..gh.f.f.1.e.6,@object
                         560 	.size	..gh.f.f.1.e.6,0
                         561 	.global	_MemDriver_InitSync
                         562 _MemDriver_InitSync:
00000264 80072100        563 	prepare	{r31},0
                         564 --	    .bf
                         565 .LDW82:
00000268 019a            566 	mov	1,r19
0000026a 84070d000000*   567 	st.b	zero,sdaoff23(_memDrvDeviceActive)[gp]
00000270 84070d980000*   568 	st.b	r19,sdaoff23(_memDrvFunctionActive)[gp]

                                                                      Page 11
                                                              C:\Users\nhuliyap\AppData\Local\Temp\gh_00001ks1.s
                         569 	jarl	_FlashDriver_InitSync,lp
                         569 <EXPANSION BEGIN>
                         569 jarl22 _FlashDriver_InitSync , lp 
00000276 80ff0000*       569 <EXPANSION END>
                         570 --line382
                         571 ..lin.C.3A.5C_ECU2.5CECU_Rivian_A1.5CTarget.5Crepo_projects.5CpFOTA.5CcL_LATEST.5Cmake.5Cobj.5Cfbl_mio.35::
                         572 .LDWlin35:
0000027a 1f92            573 	mov	-1,r18
0000027c 84070d900000*   574 	st.b	r18,sdaoff23(_memDrvDeviceActive)[gp]
00000282 84070d000000*   575 	st.b	zero,sdaoff23(_memDrvFunctionActive)[gp]
                         576 --	    .ef
                         577 .LDW92:
00000288 40063f00        578 	dispose	0,{r31},[lp]
                         579 	.type	_MemDriver_InitSync,@function
                         580 	.size	_MemDriver_InitSync,.-_MemDriver_InitSync
                         581 	.align	2
                         582 .LDW03:
                         583 
                         584 --_address	r6	param
                         585 
                         586 	.section ".bss","awb"
                         587 .L1220:
                         588 	.type	.L1220,@object
                         589 	.size	.L1220,0
                         590 	.data
                         591 	.text
                         592 	.align	2
                         593 	.align	2
                         594 ..gh.f.f.1.e.7:
                         595 	.type	..gh.f.f.1.e.7,@object
                         596 	.size	..gh.f.f.1.e.7,0
                         597 	.global	_MemDriver_DeinitSync
                         598 _MemDriver_DeinitSync:
0000028c 80072100        599 	prepare	{r31},0
                         600 --	    .bf
                         601 .LDW13:
00000290 029a            602 	mov	2,r19
00000292 84070d000000*   603 	st.b	zero,sdaoff23(_memDrvDeviceActive)[gp]
00000298 84070d980000*   604 	st.b	r19,sdaoff23(_memDrvFunctionActive)[gp]
                         605 	jarl	_FlashDriver_DeinitSync,lp
                         605 <EXPANSION BEGIN>
                         605 jarl22 _FlashDriver_DeinitSync , lp 
0000029e 80ff0000*       605 <EXPANSION END>
                         606 --line392
                         607 ..lin.C.3A.5C_ECU2.5CECU_Rivian_A1.5CTarget.5Crepo_projects.5CpFOTA.5CcL_LATEST.5Cmake.5Cobj.5Cfbl_mio.36::
                         608 .LDWlin36:
000002a2 1f92            609 	mov	-1,r18
000002a4 84070d900000*   610 	st.b	r18,sdaoff23(_memDrvDeviceActive)[gp]
000002aa 84070d000000*   611 	st.b	zero,sdaoff23(_memDrvFunctionActive)[gp]
                         612 --	    .ef
                         613 .LDW23:
000002b0 40063f00        614 	dispose	0,{r31},[lp]
                         615 	.type	_MemDriver_DeinitSync,@function
                         616 	.size	_MemDriver_DeinitSync,.-_MemDriver_DeinitSync
                         617 	.align	2
                         618 .LDW33:
                         619 
                         620 --_address	r6	param
                         621 
                         622 	.section ".bss","awb"
                         623 .L1268:

                                                                      Page 12
                                                              C:\Users\nhuliyap\AppData\Local\Temp\gh_00001ks1.s
                         624 	.type	.L1268,@object
                         625 	.size	.L1268,0
                         626 	.data
                         627 	.text
                         628 	.align	2
                         629 	.align	2
                         630 ..gh.f.f.1.e.8:
                         631 	.type	..gh.f.f.1.e.8,@object
                         632 	.size	..gh.f.f.1.e.8,0
                         633 	.global	_MemDriver_RWriteSync
                         634 _MemDriver_RWriteSync:
000002b4 80072100        635 	prepare	{r31},0
                         636 --	    .bf
                         637 .LDW43:
000002b8 039a            638 	mov	3,r19
000002ba 84070d000000*   639 	st.b	zero,sdaoff23(_memDrvDeviceActive)[gp]
000002c0 84070d980000*   640 	st.b	r19,sdaoff23(_memDrvFunctionActive)[gp]
                         641 	jarl	_FlashDriver_RWriteSync,lp
                         641 <EXPANSION BEGIN>
                         641 jarl22 _FlashDriver_RWriteSync , lp 
000002c6 80ff0000*       641 <EXPANSION END>
                         642 --line401
                         643 ..lin.C.3A.5C_ECU2.5CECU_Rivian_A1.5CTarget.5Crepo_projects.5CpFOTA.5CcL_LATEST.5Cmake.5Cobj.5Cfbl_mio.37::
                         644 .LDWlin37:
000002ca 1f92            645 	mov	-1,r18
000002cc 84070d900000*   646 	st.b	r18,sdaoff23(_memDrvDeviceActive)[gp]
000002d2 84070d000000*   647 	st.b	zero,sdaoff23(_memDrvFunctionActive)[gp]
                         648 --	    .ef
                         649 .LDW53:
000002d8 40063f00        650 	dispose	0,{r31},[lp]
                         651 	.type	_MemDriver_RWriteSync,@function
                         652 	.size	_MemDriver_RWriteSync,.-_MemDriver_RWriteSync
                         653 	.align	2
                         654 .LDW63:
                         655 
                         656 --_buf	r6	param
                         657 --_len	r7	param
                         658 --_addr	r8	param
                         659 
                         660 	.section ".bss","awb"
                         661 .L1316:
                         662 	.type	.L1316,@object
                         663 	.size	.L1316,0
                         664 	.data
                         665 	.text
                         666 	.align	2
                         667 	.align	2
                         668 ..gh.f.f.1.e.9:
                         669 	.type	..gh.f.f.1.e.9,@object
                         670 	.size	..gh.f.f.1.e.9,0
                         671 	.global	_MemDriver_REraseSync
                         672 _MemDriver_REraseSync:
000002dc 80072100        673 	prepare	{r31},0
                         674 --	    .bf
                         675 .LDW73:
000002e0 049a            676 	mov	4,r19
000002e2 84070d000000*   677 	st.b	zero,sdaoff23(_memDrvDeviceActive)[gp]
000002e8 84070d980000*   678 	st.b	r19,sdaoff23(_memDrvFunctionActive)[gp]
                         679 	jarl	_FlashDriver_REraseSync,lp
                         679 <EXPANSION BEGIN>
                         679 jarl22 _FlashDriver_REraseSync , lp 

                                                                      Page 13
                                                              C:\Users\nhuliyap\AppData\Local\Temp\gh_00001ks1.s
000002ee 80ff0000*       679 <EXPANSION END>
                         680 --line409
                         681 ..lin.C.3A.5C_ECU2.5CECU_Rivian_A1.5CTarget.5Crepo_projects.5CpFOTA.5CcL_LATEST.5Cmake.5Cobj.5Cfbl_mio.38::
                         682 .LDWlin38:
000002f2 1f92            683 	mov	-1,r18
000002f4 84070d900000*   684 	st.b	r18,sdaoff23(_memDrvDeviceActive)[gp]
000002fa 84070d000000*   685 	st.b	zero,sdaoff23(_memDrvFunctionActive)[gp]
                         686 --	    .ef
                         687 .LDW83:
00000300 40063f00        688 	dispose	0,{r31},[lp]
                         689 	.type	_MemDriver_REraseSync,@function
                         690 	.size	_MemDriver_REraseSync,.-_MemDriver_REraseSync
                         691 	.align	2
                         692 .LDW93:
                         693 
                         694 --_len	r6	param
                         695 --_addr	r7	param
                         696 
                         697 	.section ".bss","awb"
                         698 .L1364:
                         699 	.type	.L1364,@object
                         700 	.size	.L1364,0
                         701 	.data
                         702 	.text
                         703 	.align	2
                         704 --_kNrOfFlashBlock	rosdaoff23(_kNrOfFlashBlock)	import
                         705 --_FlashBlock	rosdaoff23(_FlashBlock)	import
                         706 --_cachedSegment	sdaoff23(_cachedSegment)	static
                         707 --_cachedBlock	sdaoff23(_cachedBlock)	static
                         708 --_nextValidSegment	sdaoff23(_nextValidSegment)	static
                         709 
                         710 	.data
                         711 	.sbss	_memSegment,2,2
                         712 	.type	_memSegment,@object
                         713 	.size	_memSegment,2
                         714 	.sbss	_memDrvDeviceActive,1,1
                         715 	.type	_memDrvDeviceActive,@object
                         716 	.size	_memDrvDeviceActive,1
                         717 	.sbss	_memDrvFunctionActive,1,1
                         718 	.type	_memDrvFunctionActive,@object
                         719 	.size	_memDrvFunctionActive,1
                         720 	.ghsnote version,17
                         721 	.ghsnote tools,3
                         722 	.ghsnote options,144
                         723 	.text
                         724 	.align	2
                         725 ..eof.C.3A.5C_ECU2.5CECU_Rivian_A1.5CTarget.5Crepo_projects.5CpFOTA.5CcL_LATEST.5Cmake.5Cobj.5Cfbl_mio...43.3A.5C_ECU2.5CECU_Rivian_A1.5CTarget.5Crepo_projects.5CpFOTA.5CcL_LATEST.5Cmake..64F86BFA..0::
                         726 .rh850_flags REGMODE32,DATA_ALIGN8,GP_FIX,EP_NONFIX,TP_FIX,REG2_RESERVE,G3K,SDA_EXTRA_REGS_0
