                                                                      Page 1
                                                              C:\Users\nhuliyap\AppData\Local\Temp\gh_00001a01.s
Command Line: C:\GHS\comp_201517\ease850.exe -w -stderr=err/hmac_sha2.err -elf -b0 -I../source/_common -I../source/common -I../source/ecuabcanif -I../source/ecuabcantrcv -I../source/ecuabcryif -I../source/ecuabfee -I../source/ecuabmemif -I../source/libautosar -I../source/mcalcan -I../source/mcalcry -I../source/mcaldio -I../source/mcaleep -I../source/mcalfls -I../source/mcalmcu -I../source/projectara -I../source/projectcfg -I../source/projectcompiler -I../source/swcservicebswm -I../source/swcservicecantp -I../source/swcservicecomm -I../source/swcservicecsm -I../source/swcservicedcm -I../source/swcservicedem -I../source/swcservicedet -I../source/swcserviceecum -I../source/swcservicenvm -I../source/swcserviceos -I../source/swcservicepdur -I../source/swcserviceschm -I../source/swcservicestartup -I../source/wrappers/swcservicesecm -I../source/wrappers/vsecprim -I../source/wrappers/vstdlib -Ic:/ghs/comp_201517/ansi -Ic:/ghs/comp_201517/include/v800 -Igendata -IC:\GHS\comp_201517\lib\rh850 -cg_underscore -cpu=rh850g3k -nofpu -no_v850_simd -rh850_fpsimd=none -nomacro -patch_dbo=C:\_ECU2\ECU_Rivian_A1\Target\repo_projects\pFOTA\cL_LATEST\make\obj\hmac_sha2.dbo -source=hmac_sha2.c -o obj\gh_00001a01.o -list=lst/hmac_sha2.lst C:\Users\nhuliyap\AppData\Local\Temp\gh_00001a01.s 
Original File: C:\Users\nhuliyap\AppData\Local\Temp\gh_00001a01.s
Source File: hmac_sha2.c
Directory: C:\_ECU2\ECU_Rivian_A1\Target\repo_projects\pFOTA\cL_LATEST\make
Host OS: Windows
EASE: Copyright (C) 1983-2015 Green Hills Software.  All Rights Reserved.
Release: Compiler v2015.1.7
Build Directory: [Directory] BTOWORKER6:c:/build_2015_1_bto/2015-10-21.2100-2015_1_bto/win32-comp-ecom
Revision: [VCInfo] http://toolsvc/branches/release-branch-70-bto/src@544153 (built by build)
Revision Date: Thu Oct 22 07:50:13 2015

Release Date: Thu Oct 22 09:32:32 2015

                           1 --Driver Command: ccrh850 -DBRS_DERIVATIVE_701018 -DBRS_OSC_CLK=16
                           2 --		-DBRS_TIMEBASE_CLOCK=80 -DBRS_EVA_BOARD_
                           3 --		-DBRS_DERIVATIVE_GROUP_F1L -DBRS_OS_USECASE_BRS
                           4 --		-DBRS_PLATFORM_RH850 -DBRS_COMP_GHS
                           5 --		-DBRS_CPU_LOCAL_RAM_SIZE_CORE0=32
                           6 --		-DBRS_CPU_RAM_START_CORE0=0xFEDF8000 -list=lst/hmac_sha2.lst
                           7 --		-object_dir=obj -stderr=err/hmac_sha2.err -c -cpu=rh850 -sda=all
                           8 --		-large_sda -prepare_dispose -pragma_asm_inline -no_callt
                           9 --		-inline_prologue -notda -reserve_r2 -fsoft
                          10 --		--unknown_pragma_warnings -list -g -Ogeneral -shortenum
                          11 --		-registermode=32 -I../source/_common -I../source/common
                          12 --		-I../source/ecuabcanif -I../source/ecuabcantrcv
                          13 --		-I../source/ecuabcryif -I../source/ecuabfee
                          14 --		-I../source/ecuabmemif -I../source/libautosar -I../source/mcalcan
                          15 --		-I../source/mcalcry -I../source/mcaldio -I../source/mcaleep
                          16 --		-I../source/mcalfls -I../source/mcalmcu -I../source/projectara
                          17 --		-I../source/projectcfg -I../source/projectcompiler
                          18 --		-I../source/swcservicebswm -I../source/swcservicecantp
                          19 --		-I../source/swcservicecomm -I../source/swcservicecsm
                          20 --		-I../source/swcservicedcm -I../source/swcservicedem
                          21 --		-I../source/swcservicedet -I../source/swcserviceecum
                          22 --		-I../source/swcservicenvm -I../source/swcserviceos
                          23 --		-I../source/swcservicepdur -I../source/swcserviceschm
                          24 --		-I../source/swcservicestartup -I../source/wrappers/swcservicesecm
                          25 --		-I../source/wrappers/vsecprim -I../source/wrappers/vstdlib
                          26 --		-Ic:/ghs/comp_201517/ansi -Ic:/ghs/comp_201517/include/v800
                          27 --		-Igendata ../source/SwcServiceStartUp/hmac_sha2.c
                          28 --Source File:   ../source/SwcServiceStartUp/hmac_sha2.c
                          29 --Directory:     
                          30 --		C:\_ECU2\ECU_Rivian_A1\Target\repo_projects\pFOTA\cL_LATEST\make
                          31 --Compile Date:  Wed Sep 06 14:09:36 2023
                          32 --Host OS:       Win32
                          33 --Version:       C-RH850 2015.1.7 RELEASE VERSION
                          34 --Release:       Compiler v2015.1.7
                          35 --Revision Date: Thu Oct 22 08:06:12 2015
                          36 --Release Date:  Thu Oct 22 09:34:32 2015
                          37 -- ecom  -g -w -OM
                          38 	.text
                          39 ..bof.C.3A.5C_ECU2.5CECU_Rivian_A1.5CTarget.5Crepo_projects.5CpFOTA.5CcL_LATEST.5Cmake.5Cobj.5Chmac_sha2...43.3A.5C_ECU2.5CECU_Rivian_A1.5CTarget.5Crepo_projects.5CpFOTA.5CcL_LATEST.5Cmake..64F86C00..0::
                          40 	.align	2
                          41 ..gh.f.f.1.e.0:
                          42 	.type	..gh.f.f.1.e.0,@object
                          43 	.size	..gh.f.f.1.e.0,0
                          44 	.global	_hmac_sha224_init
                          45 _hmac_sha224_init:
00000000 8e07e130         46 	prepare	{r26,r27,r28,r29,r31},7
00000004 06e8             47 	mov	r6,r29
                          48 --	    .bf
                          49 .LDW01:
00000006 20364000         50 	movea	64,zero,r6

                                                                      Page 2
                                                              C:\Users\nhuliyap\AppData\Local\Temp\gh_00001a01.s
0000000a 07d0             51 	mov	r7,r26
0000000c 0806c0ff         52 	addi	-64,r8,zero
00000010 e90d*            53 	bnl	.L7
00000012 ca05*            54 	bne	.L8
00000014 06e0             55 	mov	r6,r28
                          56 .L6:
                          57 --line34
                          58 ..lin.C.3A.5C_ECU2.5CECU_Rivian_A1.5CTarget.5Crepo_projects.5CpFOTA.5CcL_LATEST.5Cmake.5Cobj.5Chmac_sha2.1::
                          59 .LDWlin1:
00000016 0092             60 	mov	0,r18
00000018 e52d*            61 	br	.L13
                          62 .L8:
                          63 --line22
                          64 ..lin.C.3A.5C_ECU2.5CECU_Rivian_A1.5CTarget.5Crepo_projects.5CpFOTA.5CcL_LATEST.5Cmake.5Cobj.5Chmac_sha2.2::
                          65 .LDWlin2:
0000001a 0730             66 	mov	r7,r6
0000001c 0838             67 	mov	r8,r7
0000001e 20e61c00         68 	movea	28,zero,r28
00000022 0340             69 	mov	sp,r8
                          70 	jarl	_sha224,lp
                          70 <EXPANSION BEGIN>
                          70 jarl22 _sha224 , lp 
00000024 80ff0000*        70 <EXPANSION END>
                          71 --line23
                          72 ..lin.C.3A.5C_ECU2.5CECU_Rivian_A1.5CTarget.5Crepo_projects.5CpFOTA.5CcL_LATEST.5Cmake.5Cobj.5Chmac_sha2.3::
                          73 .LDWlin3:
00000028 03d0             74 	mov	sp,r26
0000002a a505*            75 	br	.L9
                          76 .L7:
                          77 --line26
                          78 ..lin.C.3A.5C_ECU2.5CECU_Rivian_A1.5CTarget.5Crepo_projects.5CpFOTA.5CcL_LATEST.5Cmake.5Cobj.5Chmac_sha2.4::
                          79 .LDWlin4:
0000002c 08e0             80 	mov	r8,r28
                          81 .L9:
0000002e 20de4000         82 	movea	64,zero,r27
00000032 bcd9             83 	sub	r28,r27
00000034 1d36a002         84 	addi	672,r29,r6
00000038 dc31             85 	add	r28,r6
0000003a 1b40             86 	mov	r27,r8
0000003c 203e3600         87 	movea	54,zero,r7
                          88 	jarl	_memset,lp
                          88 <EXPANSION BEGIN>
                          88 jarl22 _memset , lp 
00000040 80ff0000*        88 <EXPANSION END>
                          89 --line31
                          90 ..lin.C.3A.5C_ECU2.5CECU_Rivian_A1.5CTarget.5Crepo_projects.5CpFOTA.5CcL_LATEST.5Cmake.5Cobj.5Chmac_sha2.5::
                          91 .LDWlin5:
00000044 1d36e002         92 	addi	736,r29,r6
00000048 dc31             93 	add	r28,r6
0000004a 1b40             94 	mov	r27,r8
0000004c 203e5c00         95 	movea	92,zero,r7
                          96 	jarl	_memset,lp
                          96 <EXPANSION BEGIN>
                          96 jarl22 _memset , lp 
00000050 80ff0000*        96 <EXPANSION END>
00000054 95e5*            97 	br	.L6
                          98 .L12:
                          99 --line35
                         100 ..lin.C.3A.5C_ECU2.5CECU_Rivian_A1.5CTarget.5Crepo_projects.5CpFOTA.5CcL_LATEST.5Cmake.5Cobj.5Chmac_sha2.6::
                         101 .LDWlin6:
00000056 12f0            102 	mov	r18,ep

                                                                      Page 3
                                                              C:\Users\nhuliyap\AppData\Local\Temp\gh_00001a01.s
00000058 daf1            103 	add	r26,ep
0000005a 6080            104 	sld.bu	0[ep],r16
0000005c 1288            105 	mov	r18,r17
0000005e dd89            106 	add	r29,r17
00000060 4192            107 	add	1,r18
00000062 b09e3600        108 	xori	54,r16,r19
00000066 519fa002        109 	st.b	r19,672[r17]
0000006a 6070            110 	sld.bu	0[ep],r14
0000006c ae7e5c00        111 	xori	92,r14,r15
00000070 517fe002        112 	st.b	r15,736[r17]
                         113 .L13:
00000074 fc91            114 	cmp	r28,r18
00000076 86f5*           115 	blt	.L12
                         116 --line39
                         117 ..lin.C.3A.5C_ECU2.5CECU_Rivian_A1.5CTarget.5Crepo_projects.5CpFOTA.5CcL_LATEST.5Cmake.5Cobj.5Chmac_sha2.7::
                         118 .LDWlin7:
00000078 1d30            119 	mov	r29,r6
                         120 	jarl	_sha224_init,lp
                         120 <EXPANSION BEGIN>
                         120 jarl22 _sha224_init , lp 
0000007a 80ff0000*       120 <EXPANSION END>
                         121 --line40
                         122 ..lin.C.3A.5C_ECU2.5CECU_Rivian_A1.5CTarget.5Crepo_projects.5CpFOTA.5CcL_LATEST.5Cmake.5Cobj.5Chmac_sha2.8::
                         123 .LDWlin8:
0000007e 1d30            124 	mov	r29,r6
00000080 1d3ea002        125 	addi	672,r29,r7
00000084 20464000        126 	movea	64,zero,r8
                         127 	jarl	_sha224_update,lp
                         127 <EXPANSION BEGIN>
                         127 jarl22 _sha224_update , lp 
00000088 80ff0000*       127 <EXPANSION END>
                         128 --line42
                         129 ..lin.C.3A.5C_ECU2.5CECU_Rivian_A1.5CTarget.5Crepo_projects.5CpFOTA.5CcL_LATEST.5Cmake.5Cobj.5Chmac_sha2.9::
                         130 .LDWlin9:
0000008c 1d36a800        131 	addi	168,r29,r6
                         132 	jarl	_sha224_init,lp
                         132 <EXPANSION BEGIN>
                         132 jarl22 _sha224_init , lp 
00000090 80ff0000*       132 <EXPANSION END>
                         133 --line43
                         134 ..lin.C.3A.5C_ECU2.5CECU_Rivian_A1.5CTarget.5Crepo_projects.5CpFOTA.5CcL_LATEST.5Cmake.5Cobj.5Chmac_sha2.10::
                         135 .LDWlin10:
00000094 1d36a800        136 	addi	168,r29,r6
00000098 1d3ee002        137 	addi	736,r29,r7
0000009c 20464000        138 	movea	64,zero,r8
                         139 	jarl	_sha224_update,lp
                         139 <EXPANSION BEGIN>
                         139 jarl22 _sha224_update , lp 
000000a0 80ff0000*       139 <EXPANSION END>
                         140 --line46
                         141 ..lin.C.3A.5C_ECU2.5CECU_Rivian_A1.5CTarget.5Crepo_projects.5CpFOTA.5CcL_LATEST.5Cmake.5Cobj.5Chmac_sha2.11::
                         142 .LDWlin11:
000000a4 1d365001        143 	addi	336,r29,r6
000000a8 1d38            144 	mov	r29,r7
000000aa 2046a800        145 	movea	168,zero,r8
                         146 	jarl	_memcpy,lp
                         146 <EXPANSION BEGIN>
                         146 jarl22 _memcpy , lp 
000000ae 80ff0000*       146 <EXPANSION END>
                         147 --line48
                         148 ..lin.C.3A.5C_ECU2.5CECU_Rivian_A1.5CTarget.5Crepo_projects.5CpFOTA.5CcL_LATEST.5Cmake.5Cobj.5Chmac_sha2.12::

                                                                      Page 4
                                                              C:\Users\nhuliyap\AppData\Local\Temp\gh_00001a01.s
                         149 .LDWlin12:
000000b2 1d36f801        150 	addi	504,r29,r6
000000b6 1d3ea800        151 	addi	168,r29,r7
000000ba 2046a800        152 	movea	168,zero,r8
                         153 	jarl	_memcpy,lp
                         153 <EXPANSION BEGIN>
                         153 jarl22 _memcpy , lp 
000000be 80ff0000*       153 <EXPANSION END>
                         154 --	    .ef
                         155 .LDW11:
                         156 --line50
                         157 ..lin.C.3A.5C_ECU2.5CECU_Rivian_A1.5CTarget.5Crepo_projects.5CpFOTA.5CcL_LATEST.5Cmake.5Cobj.5Chmac_sha2.13::
                         158 .LDWlin13:
000000c2 4e06ff30        159 	dispose	7,{r26,r27,r28,r29,r31},[lp]
                         160 	.type	_hmac_sha224_init,@function
                         161 	.size	_hmac_sha224_init,.-_hmac_sha224_init
                         162 	.align	2
                         163 .LDW21:
                         164 --_fill	r27	local
                         165 --_num	r28	local
                         166 --_key_used	r26	local
                         167 --_key_temp	0[sp]	local
                         168 --_i	r18	local
                         169 
                         170 --_ctx	r29	param
                         171 --_key	r7	param
                         172 --_key_size	r8	param
                         173 
                         174 	.section ".bss","awb"
                         175 .L78:
                         176 	.type	.L78,@object
                         177 	.size	.L78,0
                         178 	.data
                         179 	.text
                         180 	.align	2
                         181 	.align	2
                         182 ..gh.f.f.1.e.1:
                         183 	.type	..gh.f.f.1.e.1,@object
                         184 	.size	..gh.f.f.1.e.1,0
                         185 	.global	_hmac_sha224_reinit
                         186 _hmac_sha224_reinit:
000000c6 80076100        187 	prepare	{r29,r31},0
000000ca 06e8            188 	mov	r6,r29
                         189 --	    .bf
                         190 .LDW31:
000000cc 063e5001        191 	addi	336,r6,r7
000000d0 2046a800        192 	movea	168,zero,r8
                         193 	jarl	_memcpy,lp
                         193 <EXPANSION BEGIN>
                         193 jarl22 _memcpy , lp 
000000d4 80ff0000*       193 <EXPANSION END>
                         194 --line55
                         195 ..lin.C.3A.5C_ECU2.5CECU_Rivian_A1.5CTarget.5Crepo_projects.5CpFOTA.5CcL_LATEST.5Cmake.5Cobj.5Chmac_sha2.14::
                         196 .LDWlin14:
000000d8 1d36a800        197 	addi	168,r29,r6
000000dc 1d3ef801        198 	addi	504,r29,r7
000000e0 2046a800        199 	movea	168,zero,r8
                         200 	jarl	_memcpy,lp
                         200 <EXPANSION BEGIN>
                         200 jarl22 _memcpy , lp 
000000e4 80ff0000*       200 <EXPANSION END>

                                                                      Page 5
                                                              C:\Users\nhuliyap\AppData\Local\Temp\gh_00001a01.s
                         201 --	    .ef
                         202 .LDW41:
                         203 --line57
                         204 ..lin.C.3A.5C_ECU2.5CECU_Rivian_A1.5CTarget.5Crepo_projects.5CpFOTA.5CcL_LATEST.5Cmake.5Cobj.5Chmac_sha2.15::
                         205 .LDWlin15:
000000e8 40067f00        206 	dispose	0,{r29,r31},[lp]
                         207 	.type	_hmac_sha224_reinit,@function
                         208 	.size	_hmac_sha224_reinit,.-_hmac_sha224_reinit
                         209 	.align	2
                         210 .LDW51:
                         211 
                         212 --_ctx	r29	param
                         213 
                         214 	.section ".bss","awb"
                         215 .L193:
                         216 	.type	.L193,@object
                         217 	.size	.L193,0
                         218 	.data
                         219 	.text
                         220 	.align	2
                         221 	.align	2
                         222 ..gh.f.f.1.e.2:
                         223 	.type	..gh.f.f.1.e.2,@object
                         224 	.size	..gh.f.f.1.e.2,0
                         225 	.global	_hmac_sha224_update
                         226 _hmac_sha224_update:
                         227 --	    .bf
                         228 .LDW61:
000000ec 80070000*       229 	jr	_sha224_update
                         230 --	    .ef
                         231 .LDW71:
                         232 	.type	_hmac_sha224_update,@function
                         233 	.size	_hmac_sha224_update,.-_hmac_sha224_update
                         234 	.align	2
                         235 .LDW81:
                         236 
                         237 --_ctx	r6	param
                         238 --_message	r7	param
                         239 --_message_len	r8	param
                         240 
                         241 	.section ".bss","awb"
                         242 .L241:
                         243 	.type	.L241,@object
                         244 	.size	.L241,0
                         245 	.data
                         246 	.text
                         247 	.align	2
                         248 	.align	2
                         249 ..gh.f.f.1.e.3:
                         250 	.type	..gh.f.f.1.e.3,@object
                         251 	.size	..gh.f.f.1.e.3,0
                         252 	.global	_hmac_sha224_final
                         253 _hmac_sha224_final:
000000f0 9c07e110        254 	prepare	{r27,r28,r29,r31},14
000000f4 06e8            255 	mov	r6,r29
000000f6 07e0            256 	mov	r7,r28
000000f8 08d8            257 	mov	r8,r27
                         258 --	    .bf
                         259 .LDW91:
000000fa 233e1c00        260 	movea	28,sp,r7
                         261 	jarl	_sha224_final,lp

                                                                      Page 6
                                                              C:\Users\nhuliyap\AppData\Local\Temp\gh_00001a01.s
                         261 <EXPANSION BEGIN>
                         261 jarl22 _sha224_final , lp 
000000fe 80ff0000*       261 <EXPANSION END>
                         262 --line70
                         263 ..lin.C.3A.5C_ECU2.5CECU_Rivian_A1.5CTarget.5Crepo_projects.5CpFOTA.5CcL_LATEST.5Cmake.5Cobj.5Chmac_sha2.16::
                         264 .LDWlin16:
00000102 1d36a800        265 	addi	168,r29,r6
00000106 233e1c00        266 	movea	28,sp,r7
0000010a 20461c00        267 	movea	28,zero,r8
                         268 	jarl	_sha224_update,lp
                         268 <EXPANSION BEGIN>
                         268 jarl22 _sha224_update , lp 
0000010e 80ff0000*       268 <EXPANSION END>
                         269 --line71
                         270 ..lin.C.3A.5C_ECU2.5CECU_Rivian_A1.5CTarget.5Crepo_projects.5CpFOTA.5CcL_LATEST.5Cmake.5Cobj.5Chmac_sha2.17::
                         271 .LDWlin17:
00000112 1d36a800        272 	addi	168,r29,r6
00000116 0338            273 	mov	sp,r7
                         274 	jarl	_sha224_final,lp
                         274 <EXPANSION BEGIN>
                         274 jarl22 _sha224_final , lp 
00000118 80ff0000*       274 <EXPANSION END>
                         275 --line72
                         276 ..lin.C.3A.5C_ECU2.5CECU_Rivian_A1.5CTarget.5Crepo_projects.5CpFOTA.5CcL_LATEST.5Cmake.5Cobj.5Chmac_sha2.18::
                         277 .LDWlin18:
0000011c 1c30            278 	mov	r28,r6
0000011e 0338            279 	mov	sp,r7
00000120 1b40            280 	mov	r27,r8
                         281 	jarl	_memcpy,lp
                         281 <EXPANSION BEGIN>
                         281 jarl22 _memcpy , lp 
00000122 80ff0000*       281 <EXPANSION END>
                         282 --	    .ef
                         283 .LDW02:
                         284 --line73
                         285 ..lin.C.3A.5C_ECU2.5CECU_Rivian_A1.5CTarget.5Crepo_projects.5CpFOTA.5CcL_LATEST.5Cmake.5Cobj.5Chmac_sha2.19::
                         286 .LDWlin19:
00000126 5c06ff10        287 	dispose	14,{r27,r28,r29,r31},[lp]
                         288 	.type	_hmac_sha224_final,@function
                         289 	.size	_hmac_sha224_final,.-_hmac_sha224_final
                         290 	.align	2
                         291 .LDW12:
                         292 --_digest_inside	28[sp]	local
                         293 --_mac_temp	0[sp]	local
                         294 
                         295 --_ctx	r29	param
                         296 --_mac	r28	param
                         297 --_mac_size	r27	param
                         298 
                         299 	.section ".bss","awb"
                         300 .L289:
                         301 	.type	.L289,@object
                         302 	.size	.L289,0
                         303 	.data
                         304 	.text
                         305 	.align	2
                         306 	.align	2
                         307 ..gh.f.f.1.e.4:
                         308 	.type	..gh.f.f.1.e.4,@object
                         309 	.size	..gh.f.f.1.e.4,0
                         310 	.global	_hmac_sha224

                                                                      Page 7
                                                              C:\Users\nhuliyap\AppData\Local\Temp\gh_00001a01.s
                         311 _hmac_sha224:
0000012a be07e130        312 	prepare	{r26,r27,r28,r29,r31},31
0000012e 031e5cfd        313 	addi	-676,sp,sp
00000132 23f63403        314 	movea	820,sp,ep
00000136 08e8            315 	mov	r8,r29
00000138 09e0            316 	mov	r9,r28
0000013a 00dd            317 	sld.w	0[ep],r27
0000013c 02d5            318 	sld.w	4[ep],r26
                         319 --	    .bf
                         320 .LDW22:
0000013e 0740            321 	mov	r7,r8
00000140 0638            322 	mov	r6,r7
00000142 0330            323 	mov	sp,r6
                         324 	jarl	_hmac_sha224_init,lp
                         324 <EXPANSION BEGIN>
                         324 jarl22 _hmac_sha224_init , lp 
00000144 bfffbcfe*       324 <EXPANSION END>
                         325 --line81
                         326 ..lin.C.3A.5C_ECU2.5CECU_Rivian_A1.5CTarget.5Crepo_projects.5CpFOTA.5CcL_LATEST.5Cmake.5Cobj.5Chmac_sha2.20::
                         327 .LDWlin20:
00000148 1d38            328 	mov	r29,r7
0000014a 1c40            329 	mov	r28,r8
0000014c 0330            330 	mov	sp,r6
                         331 	jarl	_hmac_sha224_update,lp
                         331 <EXPANSION BEGIN>
                         331 jarl22 _hmac_sha224_update , lp 
0000014e bfff9eff*       331 <EXPANSION END>
                         332 --line82
                         333 ..lin.C.3A.5C_ECU2.5CECU_Rivian_A1.5CTarget.5Crepo_projects.5CpFOTA.5CcL_LATEST.5Cmake.5Cobj.5Chmac_sha2.21::
                         334 .LDWlin21:
00000152 1b38            335 	mov	r27,r7
00000154 1a40            336 	mov	r26,r8
00000156 0330            337 	mov	sp,r6
                         338 	jarl	_hmac_sha224_final,lp
                         338 <EXPANSION BEGIN>
                         338 jarl22 _hmac_sha224_final , lp 
00000158 bfff98ff*       338 <EXPANSION END>
                         339 --	    .ef
                         340 .LDW32:
                         341 --line83
                         342 ..lin.C.3A.5C_ECU2.5CECU_Rivian_A1.5CTarget.5Crepo_projects.5CpFOTA.5CcL_LATEST.5Cmake.5Cobj.5Chmac_sha2.22::
                         343 .LDWlin22:
0000015c 031ea402        344 	addi	676,sp,sp
00000160 7e06ff30        345 	dispose	31,{r26,r27,r28,r29,r31},[lp]
                         346 	.type	_hmac_sha224,@function
                         347 	.size	_hmac_sha224,.-_hmac_sha224
                         348 	.align	2
                         349 .LDW42:
                         350 --_ctx	0[sp]	local
                         351 
                         352 --_key	r6	param
                         353 --_key_size	r19	param
                         354 --_message	r29	param
                         355 --_message_len	r28	param
                         356 --_mac	r27	param
                         357 --_mac_size	r26	param
                         358 
                         359 	.section ".bss","awb"
                         360 .L337:
                         361 	.type	.L337,@object
                         362 	.size	.L337,0

                                                                      Page 8
                                                              C:\Users\nhuliyap\AppData\Local\Temp\gh_00001a01.s
                         363 	.data
                         364 	.text
                         365 	.align	2
                         366 	.align	2
                         367 ..gh.f.f.1.e.5:
                         368 	.type	..gh.f.f.1.e.5,@object
                         369 	.size	..gh.f.f.1.e.5,0
                         370 	.global	_hmac_sha256_init
                         371 _hmac_sha256_init:
00000164 9007e130        372 	prepare	{r26,r27,r28,r29,r31},8
00000168 06e8            373 	mov	r6,r29
                         374 --	    .bf
                         375 .LDW52:
0000016a 20364000        376 	movea	64,zero,r6
0000016e 07d0            377 	mov	r7,r26
00000170 0806c0ff        378 	addi	-64,r8,zero
00000174 e90d*           379 	bnl	.L360
00000176 ca05*           380 	bne	.L361
00000178 06e0            381 	mov	r6,r28
                         382 .L359:
                         383 --line112
                         384 ..lin.C.3A.5C_ECU2.5CECU_Rivian_A1.5CTarget.5Crepo_projects.5CpFOTA.5CcL_LATEST.5Cmake.5Cobj.5Chmac_sha2.23::
                         385 .LDWlin23:
0000017a 0092            386 	mov	0,r18
0000017c e52d*           387 	br	.L366
                         388 .L361:
                         389 --line100
                         390 ..lin.C.3A.5C_ECU2.5CECU_Rivian_A1.5CTarget.5Crepo_projects.5CpFOTA.5CcL_LATEST.5Cmake.5Cobj.5Chmac_sha2.24::
                         391 .LDWlin24:
0000017e 0730            392 	mov	r7,r6
00000180 0838            393 	mov	r8,r7
00000182 20e62000        394 	movea	32,zero,r28
00000186 0340            395 	mov	sp,r8
                         396 	jarl	_sha256,lp
                         396 <EXPANSION BEGIN>
                         396 jarl22 _sha256 , lp 
00000188 80ff0000*       396 <EXPANSION END>
                         397 --line101
                         398 ..lin.C.3A.5C_ECU2.5CECU_Rivian_A1.5CTarget.5Crepo_projects.5CpFOTA.5CcL_LATEST.5Cmake.5Cobj.5Chmac_sha2.25::
                         399 .LDWlin25:
0000018c 03d0            400 	mov	sp,r26
0000018e a505*           401 	br	.L362
                         402 .L360:
                         403 --line104
                         404 ..lin.C.3A.5C_ECU2.5CECU_Rivian_A1.5CTarget.5Crepo_projects.5CpFOTA.5CcL_LATEST.5Cmake.5Cobj.5Chmac_sha2.26::
                         405 .LDWlin26:
00000190 08e0            406 	mov	r8,r28
                         407 .L362:
00000192 20de4000        408 	movea	64,zero,r27
00000196 bcd9            409 	sub	r28,r27
00000198 1d36a002        410 	addi	672,r29,r6
0000019c dc31            411 	add	r28,r6
0000019e 1b40            412 	mov	r27,r8
000001a0 203e3600        413 	movea	54,zero,r7
                         414 	jarl	_memset,lp
                         414 <EXPANSION BEGIN>
                         414 jarl22 _memset , lp 
000001a4 80ff0000*       414 <EXPANSION END>
                         415 --line109
                         416 ..lin.C.3A.5C_ECU2.5CECU_Rivian_A1.5CTarget.5Crepo_projects.5CpFOTA.5CcL_LATEST.5Cmake.5Cobj.5Chmac_sha2.27::
                         417 .LDWlin27:

                                                                      Page 9
                                                              C:\Users\nhuliyap\AppData\Local\Temp\gh_00001a01.s
000001a8 1d36e002        418 	addi	736,r29,r6
000001ac dc31            419 	add	r28,r6
000001ae 1b40            420 	mov	r27,r8
000001b0 203e5c00        421 	movea	92,zero,r7
                         422 	jarl	_memset,lp
                         422 <EXPANSION BEGIN>
                         422 jarl22 _memset , lp 
000001b4 80ff0000*       422 <EXPANSION END>
000001b8 95e5*           423 	br	.L359
                         424 .L365:
                         425 --line113
                         426 ..lin.C.3A.5C_ECU2.5CECU_Rivian_A1.5CTarget.5Crepo_projects.5CpFOTA.5CcL_LATEST.5Cmake.5Cobj.5Chmac_sha2.28::
                         427 .LDWlin28:
000001ba 12f0            428 	mov	r18,ep
000001bc daf1            429 	add	r26,ep
000001be 6080            430 	sld.bu	0[ep],r16
000001c0 1288            431 	mov	r18,r17
000001c2 dd89            432 	add	r29,r17
000001c4 4192            433 	add	1,r18
000001c6 b09e3600        434 	xori	54,r16,r19
000001ca 519fa002        435 	st.b	r19,672[r17]
000001ce 6070            436 	sld.bu	0[ep],r14
000001d0 ae7e5c00        437 	xori	92,r14,r15
000001d4 517fe002        438 	st.b	r15,736[r17]
                         439 .L366:
000001d8 fc91            440 	cmp	r28,r18
000001da 86f5*           441 	blt	.L365
                         442 --line117
                         443 ..lin.C.3A.5C_ECU2.5CECU_Rivian_A1.5CTarget.5Crepo_projects.5CpFOTA.5CcL_LATEST.5Cmake.5Cobj.5Chmac_sha2.29::
                         444 .LDWlin29:
000001dc 1d30            445 	mov	r29,r6
                         446 	jarl	_sha256_init,lp
                         446 <EXPANSION BEGIN>
                         446 jarl22 _sha256_init , lp 
000001de 80ff0000*       446 <EXPANSION END>
                         447 --line118
                         448 ..lin.C.3A.5C_ECU2.5CECU_Rivian_A1.5CTarget.5Crepo_projects.5CpFOTA.5CcL_LATEST.5Cmake.5Cobj.5Chmac_sha2.30::
                         449 .LDWlin30:
000001e2 1d30            450 	mov	r29,r6
000001e4 1d3ea002        451 	addi	672,r29,r7
000001e8 20464000        452 	movea	64,zero,r8
                         453 	jarl	_sha256_update,lp
                         453 <EXPANSION BEGIN>
                         453 jarl22 _sha256_update , lp 
000001ec 80ff0000*       453 <EXPANSION END>
                         454 --line120
                         455 ..lin.C.3A.5C_ECU2.5CECU_Rivian_A1.5CTarget.5Crepo_projects.5CpFOTA.5CcL_LATEST.5Cmake.5Cobj.5Chmac_sha2.31::
                         456 .LDWlin31:
000001f0 1d36a800        457 	addi	168,r29,r6
                         458 	jarl	_sha256_init,lp
                         458 <EXPANSION BEGIN>
                         458 jarl22 _sha256_init , lp 
000001f4 80ff0000*       458 <EXPANSION END>
                         459 --line121
                         460 ..lin.C.3A.5C_ECU2.5CECU_Rivian_A1.5CTarget.5Crepo_projects.5CpFOTA.5CcL_LATEST.5Cmake.5Cobj.5Chmac_sha2.32::
                         461 .LDWlin32:
000001f8 1d36a800        462 	addi	168,r29,r6
000001fc 1d3ee002        463 	addi	736,r29,r7
00000200 20464000        464 	movea	64,zero,r8
                         465 	jarl	_sha256_update,lp
                         465 <EXPANSION BEGIN>

                                                                      Page 10
                                                              C:\Users\nhuliyap\AppData\Local\Temp\gh_00001a01.s
                         465 jarl22 _sha256_update , lp 
00000204 80ff0000*       465 <EXPANSION END>
                         466 --line124
                         467 ..lin.C.3A.5C_ECU2.5CECU_Rivian_A1.5CTarget.5Crepo_projects.5CpFOTA.5CcL_LATEST.5Cmake.5Cobj.5Chmac_sha2.33::
                         468 .LDWlin33:
00000208 1d365001        469 	addi	336,r29,r6
0000020c 1d38            470 	mov	r29,r7
0000020e 2046a800        471 	movea	168,zero,r8
                         472 	jarl	_memcpy,lp
                         472 <EXPANSION BEGIN>
                         472 jarl22 _memcpy , lp 
00000212 80ff0000*       472 <EXPANSION END>
                         473 --line126
                         474 ..lin.C.3A.5C_ECU2.5CECU_Rivian_A1.5CTarget.5Crepo_projects.5CpFOTA.5CcL_LATEST.5Cmake.5Cobj.5Chmac_sha2.34::
                         475 .LDWlin34:
00000216 1d36f801        476 	addi	504,r29,r6
0000021a 1d3ea800        477 	addi	168,r29,r7
0000021e 2046a800        478 	movea	168,zero,r8
                         479 	jarl	_memcpy,lp
                         479 <EXPANSION BEGIN>
                         479 jarl22 _memcpy , lp 
00000222 80ff0000*       479 <EXPANSION END>
                         480 --	    .ef
                         481 .LDW62:
                         482 --line128
                         483 ..lin.C.3A.5C_ECU2.5CECU_Rivian_A1.5CTarget.5Crepo_projects.5CpFOTA.5CcL_LATEST.5Cmake.5Cobj.5Chmac_sha2.35::
                         484 .LDWlin35:
00000226 5006ff30        485 	dispose	8,{r26,r27,r28,r29,r31},[lp]
                         486 	.type	_hmac_sha256_init,@function
                         487 	.size	_hmac_sha256_init,.-_hmac_sha256_init
                         488 	.align	2
                         489 .LDW72:
                         490 --_fill	r27	local
                         491 --_num	r28	local
                         492 --_key_used	r26	local
                         493 --_key_temp	0[sp]	local
                         494 --_i	r18	local
                         495 
                         496 --_ctx	r29	param
                         497 --_key	r7	param
                         498 --_key_size	r8	param
                         499 
                         500 	.section ".bss","awb"
                         501 .L430:
                         502 	.type	.L430,@object
                         503 	.size	.L430,0
                         504 	.data
                         505 	.text
                         506 	.align	2
                         507 	.align	2
                         508 ..gh.f.f.1.e.6:
                         509 	.type	..gh.f.f.1.e.6,@object
                         510 	.size	..gh.f.f.1.e.6,0
                         511 	.global	_hmac_sha256_reinit
                         512 _hmac_sha256_reinit:
0000022a 80076100        513 	prepare	{r29,r31},0
0000022e 06e8            514 	mov	r6,r29
                         515 --	    .bf
                         516 .LDW82:
00000230 063e5001        517 	addi	336,r6,r7
00000234 2046a800        518 	movea	168,zero,r8

                                                                      Page 11
                                                              C:\Users\nhuliyap\AppData\Local\Temp\gh_00001a01.s
                         519 	jarl	_memcpy,lp
                         519 <EXPANSION BEGIN>
                         519 jarl22 _memcpy , lp 
00000238 80ff0000*       519 <EXPANSION END>
                         520 --line133
                         521 ..lin.C.3A.5C_ECU2.5CECU_Rivian_A1.5CTarget.5Crepo_projects.5CpFOTA.5CcL_LATEST.5Cmake.5Cobj.5Chmac_sha2.36::
                         522 .LDWlin36:
0000023c 1d36a800        523 	addi	168,r29,r6
00000240 1d3ef801        524 	addi	504,r29,r7
00000244 2046a800        525 	movea	168,zero,r8
                         526 	jarl	_memcpy,lp
                         526 <EXPANSION BEGIN>
                         526 jarl22 _memcpy , lp 
00000248 80ff0000*       526 <EXPANSION END>
                         527 --	    .ef
                         528 .LDW92:
                         529 --line135
                         530 ..lin.C.3A.5C_ECU2.5CECU_Rivian_A1.5CTarget.5Crepo_projects.5CpFOTA.5CcL_LATEST.5Cmake.5Cobj.5Chmac_sha2.37::
                         531 .LDWlin37:
0000024c 40067f00        532 	dispose	0,{r29,r31},[lp]
                         533 	.type	_hmac_sha256_reinit,@function
                         534 	.size	_hmac_sha256_reinit,.-_hmac_sha256_reinit
                         535 	.align	2
                         536 .LDW03:
                         537 
                         538 --_ctx	r29	param
                         539 
                         540 	.section ".bss","awb"
                         541 .L545:
                         542 	.type	.L545,@object
                         543 	.size	.L545,0
                         544 	.data
                         545 	.text
                         546 	.align	2
                         547 	.align	2
                         548 ..gh.f.f.1.e.7:
                         549 	.type	..gh.f.f.1.e.7,@object
                         550 	.size	..gh.f.f.1.e.7,0
                         551 	.global	_hmac_sha256_update
                         552 _hmac_sha256_update:
                         553 --	    .bf
                         554 .LDW13:
00000250 80070000*       555 	jr	_sha256_update
                         556 --	    .ef
                         557 .LDW23:
                         558 	.type	_hmac_sha256_update,@function
                         559 	.size	_hmac_sha256_update,.-_hmac_sha256_update
                         560 	.align	2
                         561 .LDW33:
                         562 
                         563 --_ctx	r6	param
                         564 --_message	r7	param
                         565 --_message_len	r8	param
                         566 
                         567 	.section ".bss","awb"
                         568 .L593:
                         569 	.type	.L593,@object
                         570 	.size	.L593,0
                         571 	.data
                         572 	.text
                         573 	.align	2

                                                                      Page 12
                                                              C:\Users\nhuliyap\AppData\Local\Temp\gh_00001a01.s
                         574 	.align	2
                         575 ..gh.f.f.1.e.8:
                         576 	.type	..gh.f.f.1.e.8,@object
                         577 	.size	..gh.f.f.1.e.8,0
                         578 	.global	_hmac_sha256_final
                         579 _hmac_sha256_final:
00000254 a007e110        580 	prepare	{r27,r28,r29,r31},16
00000258 06e8            581 	mov	r6,r29
0000025a 07e0            582 	mov	r7,r28
0000025c 08d8            583 	mov	r8,r27
                         584 --	    .bf
                         585 .LDW43:
0000025e 233e2000        586 	movea	32,sp,r7
                         587 	jarl	_sha256_final,lp
                         587 <EXPANSION BEGIN>
                         587 jarl22 _sha256_final , lp 
00000262 80ff0000*       587 <EXPANSION END>
                         588 --line148
                         589 ..lin.C.3A.5C_ECU2.5CECU_Rivian_A1.5CTarget.5Crepo_projects.5CpFOTA.5CcL_LATEST.5Cmake.5Cobj.5Chmac_sha2.38::
                         590 .LDWlin38:
00000266 1d36a800        591 	addi	168,r29,r6
0000026a 233e2000        592 	movea	32,sp,r7
0000026e 20462000        593 	movea	32,zero,r8
                         594 	jarl	_sha256_update,lp
                         594 <EXPANSION BEGIN>
                         594 jarl22 _sha256_update , lp 
00000272 80ff0000*       594 <EXPANSION END>
                         595 --line149
                         596 ..lin.C.3A.5C_ECU2.5CECU_Rivian_A1.5CTarget.5Crepo_projects.5CpFOTA.5CcL_LATEST.5Cmake.5Cobj.5Chmac_sha2.39::
                         597 .LDWlin39:
00000276 1d36a800        598 	addi	168,r29,r6
0000027a 0338            599 	mov	sp,r7
                         600 	jarl	_sha256_final,lp
                         600 <EXPANSION BEGIN>
                         600 jarl22 _sha256_final , lp 
0000027c 80ff0000*       600 <EXPANSION END>
                         601 --line150
                         602 ..lin.C.3A.5C_ECU2.5CECU_Rivian_A1.5CTarget.5Crepo_projects.5CpFOTA.5CcL_LATEST.5Cmake.5Cobj.5Chmac_sha2.40::
                         603 .LDWlin40:
00000280 1c30            604 	mov	r28,r6
00000282 0338            605 	mov	sp,r7
00000284 1b40            606 	mov	r27,r8
                         607 	jarl	_memcpy,lp
                         607 <EXPANSION BEGIN>
                         607 jarl22 _memcpy , lp 
00000286 80ff0000*       607 <EXPANSION END>
                         608 --	    .ef
                         609 .LDW53:
                         610 --line151
                         611 ..lin.C.3A.5C_ECU2.5CECU_Rivian_A1.5CTarget.5Crepo_projects.5CpFOTA.5CcL_LATEST.5Cmake.5Cobj.5Chmac_sha2.41::
                         612 .LDWlin41:
0000028a 6006ff10        613 	dispose	16,{r27,r28,r29,r31},[lp]
                         614 	.type	_hmac_sha256_final,@function
                         615 	.size	_hmac_sha256_final,.-_hmac_sha256_final
                         616 	.align	2
                         617 .LDW63:
                         618 --_digest_inside	32[sp]	local
                         619 --_mac_temp	0[sp]	local
                         620 
                         621 --_ctx	r29	param
                         622 --_mac	r28	param

                                                                      Page 13
                                                              C:\Users\nhuliyap\AppData\Local\Temp\gh_00001a01.s
                         623 --_mac_size	r27	param
                         624 
                         625 	.section ".bss","awb"
                         626 .L641:
                         627 	.type	.L641,@object
                         628 	.size	.L641,0
                         629 	.data
                         630 	.text
                         631 	.align	2
                         632 	.align	2
                         633 ..gh.f.f.1.e.9:
                         634 	.type	..gh.f.f.1.e.9,@object
                         635 	.size	..gh.f.f.1.e.9,0
                         636 	.global	_hmac_sha256
                         637 _hmac_sha256:
0000028e be07e130        638 	prepare	{r26,r27,r28,r29,r31},31
00000292 031e5cfd        639 	addi	-676,sp,sp
00000296 23f63403        640 	movea	820,sp,ep
0000029a 08e8            641 	mov	r8,r29
0000029c 09e0            642 	mov	r9,r28
0000029e 00dd            643 	sld.w	0[ep],r27
000002a0 02d5            644 	sld.w	4[ep],r26
                         645 --	    .bf
                         646 .LDW73:
000002a2 0740            647 	mov	r7,r8
000002a4 0638            648 	mov	r6,r7
000002a6 0330            649 	mov	sp,r6
                         650 	jarl	_hmac_sha256_init,lp
                         650 <EXPANSION BEGIN>
                         650 jarl22 _hmac_sha256_init , lp 
000002a8 bfffbcfe*       650 <EXPANSION END>
                         651 --line159
                         652 ..lin.C.3A.5C_ECU2.5CECU_Rivian_A1.5CTarget.5Crepo_projects.5CpFOTA.5CcL_LATEST.5Cmake.5Cobj.5Chmac_sha2.42::
                         653 .LDWlin42:
000002ac 1d38            654 	mov	r29,r7
000002ae 1c40            655 	mov	r28,r8
000002b0 0330            656 	mov	sp,r6
                         657 	jarl	_hmac_sha256_update,lp
                         657 <EXPANSION BEGIN>
                         657 jarl22 _hmac_sha256_update , lp 
000002b2 bfff9eff*       657 <EXPANSION END>
                         658 --line160
                         659 ..lin.C.3A.5C_ECU2.5CECU_Rivian_A1.5CTarget.5Crepo_projects.5CpFOTA.5CcL_LATEST.5Cmake.5Cobj.5Chmac_sha2.43::
                         660 .LDWlin43:
000002b6 1b38            661 	mov	r27,r7
000002b8 1a40            662 	mov	r26,r8
000002ba 0330            663 	mov	sp,r6
                         664 	jarl	_hmac_sha256_final,lp
                         664 <EXPANSION BEGIN>
                         664 jarl22 _hmac_sha256_final , lp 
000002bc bfff98ff*       664 <EXPANSION END>
                         665 --	    .ef
                         666 .LDW83:
                         667 --line161
                         668 ..lin.C.3A.5C_ECU2.5CECU_Rivian_A1.5CTarget.5Crepo_projects.5CpFOTA.5CcL_LATEST.5Cmake.5Cobj.5Chmac_sha2.44::
                         669 .LDWlin44:
000002c0 031ea402        670 	addi	676,sp,sp
000002c4 7e06ff30        671 	dispose	31,{r26,r27,r28,r29,r31},[lp]
                         672 	.type	_hmac_sha256,@function
                         673 	.size	_hmac_sha256,.-_hmac_sha256
                         674 	.align	2

                                                                      Page 14
                                                              C:\Users\nhuliyap\AppData\Local\Temp\gh_00001a01.s
                         675 .LDW93:
                         676 --_ctx	0[sp]	local
                         677 
                         678 --_key	r6	param
                         679 --_key_size	r19	param
                         680 --_message	r29	param
                         681 --_message_len	r28	param
                         682 --_mac	r27	param
                         683 --_mac_size	r26	param
                         684 
                         685 	.section ".bss","awb"
                         686 .L689:
                         687 	.type	.L689,@object
                         688 	.size	.L689,0
                         689 	.data
                         690 	.text
                         691 	.align	2
                         692 	.align	2
                         693 ..gh.f.f.1.e.10:
                         694 	.type	..gh.f.f.1.e.10,@object
                         695 	.size	..gh.f.f.1.e.10,0
                         696 	.global	_hmac_sha384_init
                         697 _hmac_sha384_init:
000002c8 9807e130        698 	prepare	{r26,r27,r28,r29,r31},12
000002cc 06e8            699 	mov	r6,r29
                         700 --	    .bf
                         701 .LDW04:
000002ce 20368000        702 	movea	128,zero,r6
000002d2 07d0            703 	mov	r7,r26
000002d4 080680ff        704 	addi	-128,r8,zero
000002d8 e90d*           705 	bnl	.L712
000002da ca05*           706 	bne	.L713
000002dc 06e0            707 	mov	r6,r28
                         708 .L711:
                         709 --line190
                         710 ..lin.C.3A.5C_ECU2.5CECU_Rivian_A1.5CTarget.5Crepo_projects.5CpFOTA.5CcL_LATEST.5Cmake.5Cobj.5Chmac_sha2.45::
                         711 .LDWlin45:
000002de 0092            712 	mov	0,r18
000002e0 e52d*           713 	br	.L718
                         714 .L713:
                         715 --line178
                         716 ..lin.C.3A.5C_ECU2.5CECU_Rivian_A1.5CTarget.5Crepo_projects.5CpFOTA.5CcL_LATEST.5Cmake.5Cobj.5Chmac_sha2.46::
                         717 .LDWlin46:
000002e2 0730            718 	mov	r7,r6
000002e4 0838            719 	mov	r8,r7
000002e6 20e63000        720 	movea	48,zero,r28
000002ea 0340            721 	mov	sp,r8
                         722 	jarl	_sha384,lp
                         722 <EXPANSION BEGIN>
                         722 jarl22 _sha384 , lp 
000002ec 80ff0000*       722 <EXPANSION END>
                         723 --line179
                         724 ..lin.C.3A.5C_ECU2.5CECU_Rivian_A1.5CTarget.5Crepo_projects.5CpFOTA.5CcL_LATEST.5Cmake.5Cobj.5Chmac_sha2.47::
                         725 .LDWlin47:
000002f0 03d0            726 	mov	sp,r26
000002f2 a505*           727 	br	.L714
                         728 .L712:
                         729 --line182
                         730 ..lin.C.3A.5C_ECU2.5CECU_Rivian_A1.5CTarget.5Crepo_projects.5CpFOTA.5CcL_LATEST.5Cmake.5Cobj.5Chmac_sha2.48::
                         731 .LDWlin48:
000002f4 08e0            732 	mov	r8,r28

                                                                      Page 15
                                                              C:\Users\nhuliyap\AppData\Local\Temp\gh_00001a01.s
                         733 .L714:
000002f6 20de8000        734 	movea	128,zero,r27
000002fa bcd9            735 	sub	r28,r27
000002fc 1d362005        736 	addi	1312,r29,r6
00000300 dc31            737 	add	r28,r6
00000302 1b40            738 	mov	r27,r8
00000304 203e3600        739 	movea	54,zero,r7
                         740 	jarl	_memset,lp
                         740 <EXPANSION BEGIN>
                         740 jarl22 _memset , lp 
00000308 80ff0000*       740 <EXPANSION END>
                         741 --line187
                         742 ..lin.C.3A.5C_ECU2.5CECU_Rivian_A1.5CTarget.5Crepo_projects.5CpFOTA.5CcL_LATEST.5Cmake.5Cobj.5Chmac_sha2.49::
                         743 .LDWlin49:
0000030c 1d36a005        744 	addi	1440,r29,r6
00000310 dc31            745 	add	r28,r6
00000312 1b40            746 	mov	r27,r8
00000314 203e5c00        747 	movea	92,zero,r7
                         748 	jarl	_memset,lp
                         748 <EXPANSION BEGIN>
                         748 jarl22 _memset , lp 
00000318 80ff0000*       748 <EXPANSION END>
0000031c 95e5*           749 	br	.L711
                         750 .L717:
                         751 --line191
                         752 ..lin.C.3A.5C_ECU2.5CECU_Rivian_A1.5CTarget.5Crepo_projects.5CpFOTA.5CcL_LATEST.5Cmake.5Cobj.5Chmac_sha2.50::
                         753 .LDWlin50:
0000031e 12f0            754 	mov	r18,ep
00000320 daf1            755 	add	r26,ep
00000322 6080            756 	sld.bu	0[ep],r16
00000324 1288            757 	mov	r18,r17
00000326 dd89            758 	add	r29,r17
00000328 4192            759 	add	1,r18
0000032a b09e3600        760 	xori	54,r16,r19
0000032e 519f2005        761 	st.b	r19,1312[r17]
00000332 6070            762 	sld.bu	0[ep],r14
00000334 ae7e5c00        763 	xori	92,r14,r15
00000338 517fa005        764 	st.b	r15,1440[r17]
                         765 .L718:
0000033c fc91            766 	cmp	r28,r18
0000033e 86f5*           767 	blt	.L717
                         768 --line195
                         769 ..lin.C.3A.5C_ECU2.5CECU_Rivian_A1.5CTarget.5Crepo_projects.5CpFOTA.5CcL_LATEST.5Cmake.5Cobj.5Chmac_sha2.51::
                         770 .LDWlin51:
00000340 1d30            771 	mov	r29,r6
                         772 	jarl	_sha384_init,lp
                         772 <EXPANSION BEGIN>
                         772 jarl22 _sha384_init , lp 
00000342 80ff0000*       772 <EXPANSION END>
                         773 --line196
                         774 ..lin.C.3A.5C_ECU2.5CECU_Rivian_A1.5CTarget.5Crepo_projects.5CpFOTA.5CcL_LATEST.5Cmake.5Cobj.5Chmac_sha2.52::
                         775 .LDWlin52:
00000346 1d30            776 	mov	r29,r6
00000348 1d3e2005        777 	addi	1312,r29,r7
0000034c 20468000        778 	movea	128,zero,r8
                         779 	jarl	_sha384_update,lp
                         779 <EXPANSION BEGIN>
                         779 jarl22 _sha384_update , lp 
00000350 80ff0000*       779 <EXPANSION END>
                         780 --line198
                         781 ..lin.C.3A.5C_ECU2.5CECU_Rivian_A1.5CTarget.5Crepo_projects.5CpFOTA.5CcL_LATEST.5Cmake.5Cobj.5Chmac_sha2.53::

                                                                      Page 16
                                                              C:\Users\nhuliyap\AppData\Local\Temp\gh_00001a01.s
                         782 .LDWlin53:
00000354 1d364801        783 	addi	328,r29,r6
                         784 	jarl	_sha384_init,lp
                         784 <EXPANSION BEGIN>
                         784 jarl22 _sha384_init , lp 
00000358 80ff0000*       784 <EXPANSION END>
                         785 --line199
                         786 ..lin.C.3A.5C_ECU2.5CECU_Rivian_A1.5CTarget.5Crepo_projects.5CpFOTA.5CcL_LATEST.5Cmake.5Cobj.5Chmac_sha2.54::
                         787 .LDWlin54:
0000035c 1d364801        788 	addi	328,r29,r6
00000360 1d3ea005        789 	addi	1440,r29,r7
00000364 20468000        790 	movea	128,zero,r8
                         791 	jarl	_sha384_update,lp
                         791 <EXPANSION BEGIN>
                         791 jarl22 _sha384_update , lp 
00000368 80ff0000*       791 <EXPANSION END>
                         792 --line202
                         793 ..lin.C.3A.5C_ECU2.5CECU_Rivian_A1.5CTarget.5Crepo_projects.5CpFOTA.5CcL_LATEST.5Cmake.5Cobj.5Chmac_sha2.55::
                         794 .LDWlin55:
0000036c 1d369002        795 	addi	656,r29,r6
00000370 1d38            796 	mov	r29,r7
00000372 20464801        797 	movea	328,zero,r8
                         798 	jarl	_memcpy,lp
                         798 <EXPANSION BEGIN>
                         798 jarl22 _memcpy , lp 
00000376 80ff0000*       798 <EXPANSION END>
                         799 --line204
                         800 ..lin.C.3A.5C_ECU2.5CECU_Rivian_A1.5CTarget.5Crepo_projects.5CpFOTA.5CcL_LATEST.5Cmake.5Cobj.5Chmac_sha2.56::
                         801 .LDWlin56:
0000037a 1d36d803        802 	addi	984,r29,r6
0000037e 1d3e4801        803 	addi	328,r29,r7
00000382 20464801        804 	movea	328,zero,r8
                         805 	jarl	_memcpy,lp
                         805 <EXPANSION BEGIN>
                         805 jarl22 _memcpy , lp 
00000386 80ff0000*       805 <EXPANSION END>
                         806 --	    .ef
                         807 .LDW14:
                         808 --line206
                         809 ..lin.C.3A.5C_ECU2.5CECU_Rivian_A1.5CTarget.5Crepo_projects.5CpFOTA.5CcL_LATEST.5Cmake.5Cobj.5Chmac_sha2.57::
                         810 .LDWlin57:
0000038a 5806ff30        811 	dispose	12,{r26,r27,r28,r29,r31},[lp]
                         812 	.type	_hmac_sha384_init,@function
                         813 	.size	_hmac_sha384_init,.-_hmac_sha384_init
                         814 	.align	2
                         815 .LDW24:
                         816 --_fill	r27	local
                         817 --_num	r28	local
                         818 --_key_used	r26	local
                         819 --_key_temp	0[sp]	local
                         820 --_i	r18	local
                         821 
                         822 --_ctx	r29	param
                         823 --_key	r7	param
                         824 --_key_size	r8	param
                         825 
                         826 	.section ".bss","awb"
                         827 .L782:
                         828 	.type	.L782,@object
                         829 	.size	.L782,0
                         830 	.data

                                                                      Page 17
                                                              C:\Users\nhuliyap\AppData\Local\Temp\gh_00001a01.s
                         831 	.text
                         832 	.align	2
                         833 	.align	2
                         834 ..gh.f.f.1.e.11:
                         835 	.type	..gh.f.f.1.e.11,@object
                         836 	.size	..gh.f.f.1.e.11,0
                         837 	.global	_hmac_sha384_reinit
                         838 _hmac_sha384_reinit:
0000038e 80076100        839 	prepare	{r29,r31},0
00000392 06e8            840 	mov	r6,r29
                         841 --	    .bf
                         842 .LDW34:
00000394 063e9002        843 	addi	656,r6,r7
00000398 20464801        844 	movea	328,zero,r8
                         845 	jarl	_memcpy,lp
                         845 <EXPANSION BEGIN>
                         845 jarl22 _memcpy , lp 
0000039c 80ff0000*       845 <EXPANSION END>
                         846 --line211
                         847 ..lin.C.3A.5C_ECU2.5CECU_Rivian_A1.5CTarget.5Crepo_projects.5CpFOTA.5CcL_LATEST.5Cmake.5Cobj.5Chmac_sha2.58::
                         848 .LDWlin58:
000003a0 1d364801        849 	addi	328,r29,r6
000003a4 1d3ed803        850 	addi	984,r29,r7
000003a8 20464801        851 	movea	328,zero,r8
                         852 	jarl	_memcpy,lp
                         852 <EXPANSION BEGIN>
                         852 jarl22 _memcpy , lp 
000003ac 80ff0000*       852 <EXPANSION END>
                         853 --	    .ef
                         854 .LDW44:
                         855 --line213
                         856 ..lin.C.3A.5C_ECU2.5CECU_Rivian_A1.5CTarget.5Crepo_projects.5CpFOTA.5CcL_LATEST.5Cmake.5Cobj.5Chmac_sha2.59::
                         857 .LDWlin59:
000003b0 40067f00        858 	dispose	0,{r29,r31},[lp]
                         859 	.type	_hmac_sha384_reinit,@function
                         860 	.size	_hmac_sha384_reinit,.-_hmac_sha384_reinit
                         861 	.align	2
                         862 .LDW54:
                         863 
                         864 --_ctx	r29	param
                         865 
                         866 	.section ".bss","awb"
                         867 .L897:
                         868 	.type	.L897,@object
                         869 	.size	.L897,0
                         870 	.data
                         871 	.text
                         872 	.align	2
                         873 	.align	2
                         874 ..gh.f.f.1.e.12:
                         875 	.type	..gh.f.f.1.e.12,@object
                         876 	.size	..gh.f.f.1.e.12,0
                         877 	.global	_hmac_sha384_update
                         878 _hmac_sha384_update:
                         879 --	    .bf
                         880 .LDW64:
000003b4 80070000*       881 	jr	_sha384_update
                         882 --	    .ef
                         883 .LDW74:
                         884 	.type	_hmac_sha384_update,@function
                         885 	.size	_hmac_sha384_update,.-_hmac_sha384_update

                                                                      Page 18
                                                              C:\Users\nhuliyap\AppData\Local\Temp\gh_00001a01.s
                         886 	.align	2
                         887 .LDW84:
                         888 
                         889 --_ctx	r6	param
                         890 --_message	r7	param
                         891 --_message_len	r8	param
                         892 
                         893 	.section ".bss","awb"
                         894 .L945:
                         895 	.type	.L945,@object
                         896 	.size	.L945,0
                         897 	.data
                         898 	.text
                         899 	.align	2
                         900 	.align	2
                         901 ..gh.f.f.1.e.13:
                         902 	.type	..gh.f.f.1.e.13,@object
                         903 	.size	..gh.f.f.1.e.13,0
                         904 	.global	_hmac_sha384_final
                         905 _hmac_sha384_final:
000003b8 b007e110        906 	prepare	{r27,r28,r29,r31},24
000003bc 06e8            907 	mov	r6,r29
000003be 07e0            908 	mov	r7,r28
000003c0 08d8            909 	mov	r8,r27
                         910 --	    .bf
                         911 .LDW94:
000003c2 233e3000        912 	movea	48,sp,r7
                         913 	jarl	_sha384_final,lp
                         913 <EXPANSION BEGIN>
                         913 jarl22 _sha384_final , lp 
000003c6 80ff0000*       913 <EXPANSION END>
                         914 --line226
                         915 ..lin.C.3A.5C_ECU2.5CECU_Rivian_A1.5CTarget.5Crepo_projects.5CpFOTA.5CcL_LATEST.5Cmake.5Cobj.5Chmac_sha2.60::
                         916 .LDWlin60:
000003ca 1d364801        917 	addi	328,r29,r6
000003ce 233e3000        918 	movea	48,sp,r7
000003d2 20463000        919 	movea	48,zero,r8
                         920 	jarl	_sha384_update,lp
                         920 <EXPANSION BEGIN>
                         920 jarl22 _sha384_update , lp 
000003d6 80ff0000*       920 <EXPANSION END>
                         921 --line227
                         922 ..lin.C.3A.5C_ECU2.5CECU_Rivian_A1.5CTarget.5Crepo_projects.5CpFOTA.5CcL_LATEST.5Cmake.5Cobj.5Chmac_sha2.61::
                         923 .LDWlin61:
000003da 1d364801        924 	addi	328,r29,r6
000003de 0338            925 	mov	sp,r7
                         926 	jarl	_sha384_final,lp
                         926 <EXPANSION BEGIN>
                         926 jarl22 _sha384_final , lp 
000003e0 80ff0000*       926 <EXPANSION END>
                         927 --line228
                         928 ..lin.C.3A.5C_ECU2.5CECU_Rivian_A1.5CTarget.5Crepo_projects.5CpFOTA.5CcL_LATEST.5Cmake.5Cobj.5Chmac_sha2.62::
                         929 .LDWlin62:
000003e4 1c30            930 	mov	r28,r6
000003e6 0338            931 	mov	sp,r7
000003e8 1b40            932 	mov	r27,r8
                         933 	jarl	_memcpy,lp
                         933 <EXPANSION BEGIN>
                         933 jarl22 _memcpy , lp 
000003ea 80ff0000*       933 <EXPANSION END>
                         934 --	    .ef

                                                                      Page 19
                                                              C:\Users\nhuliyap\AppData\Local\Temp\gh_00001a01.s
                         935 .LDW05:
                         936 --line229
                         937 ..lin.C.3A.5C_ECU2.5CECU_Rivian_A1.5CTarget.5Crepo_projects.5CpFOTA.5CcL_LATEST.5Cmake.5Cobj.5Chmac_sha2.63::
                         938 .LDWlin63:
000003ee 7006ff10        939 	dispose	24,{r27,r28,r29,r31},[lp]
                         940 	.type	_hmac_sha384_final,@function
                         941 	.size	_hmac_sha384_final,.-_hmac_sha384_final
                         942 	.align	2
                         943 .LDW15:
                         944 --_digest_inside	48[sp]	local
                         945 --_mac_temp	0[sp]	local
                         946 
                         947 --_ctx	r29	param
                         948 --_mac	r28	param
                         949 --_mac_size	r27	param
                         950 
                         951 	.section ".bss","awb"
                         952 .L993:
                         953 	.type	.L993,@object
                         954 	.size	.L993,0
                         955 	.data
                         956 	.text
                         957 	.align	2
                         958 	.align	2
                         959 ..gh.f.f.1.e.14:
                         960 	.type	..gh.f.f.1.e.14,@object
                         961 	.size	..gh.f.f.1.e.14,0
                         962 	.global	_hmac_sha384
                         963 _hmac_sha384:
000003f2 be07e130        964 	prepare	{r26,r27,r28,r29,r31},31
000003f6 031e5cfa        965 	addi	-1444,sp,sp
000003fa 23f63406        966 	movea	1588,sp,ep
000003fe 08e8            967 	mov	r8,r29
00000400 09e0            968 	mov	r9,r28
00000402 00dd            969 	sld.w	0[ep],r27
00000404 02d5            970 	sld.w	4[ep],r26
                         971 --	    .bf
                         972 .LDW25:
00000406 0740            973 	mov	r7,r8
00000408 0638            974 	mov	r6,r7
0000040a 0330            975 	mov	sp,r6
                         976 	jarl	_hmac_sha384_init,lp
                         976 <EXPANSION BEGIN>
                         976 jarl22 _hmac_sha384_init , lp 
0000040c bfffbcfe*       976 <EXPANSION END>
                         977 --line237
                         978 ..lin.C.3A.5C_ECU2.5CECU_Rivian_A1.5CTarget.5Crepo_projects.5CpFOTA.5CcL_LATEST.5Cmake.5Cobj.5Chmac_sha2.64::
                         979 .LDWlin64:
00000410 1d38            980 	mov	r29,r7
00000412 1c40            981 	mov	r28,r8
00000414 0330            982 	mov	sp,r6
                         983 	jarl	_hmac_sha384_update,lp
                         983 <EXPANSION BEGIN>
                         983 jarl22 _hmac_sha384_update , lp 
00000416 bfff9eff*       983 <EXPANSION END>
                         984 --line238
                         985 ..lin.C.3A.5C_ECU2.5CECU_Rivian_A1.5CTarget.5Crepo_projects.5CpFOTA.5CcL_LATEST.5Cmake.5Cobj.5Chmac_sha2.65::
                         986 .LDWlin65:
0000041a 1b38            987 	mov	r27,r7
0000041c 1a40            988 	mov	r26,r8
0000041e 0330            989 	mov	sp,r6

                                                                      Page 20
                                                              C:\Users\nhuliyap\AppData\Local\Temp\gh_00001a01.s
                         990 	jarl	_hmac_sha384_final,lp
                         990 <EXPANSION BEGIN>
                         990 jarl22 _hmac_sha384_final , lp 
00000420 bfff98ff*       990 <EXPANSION END>
                         991 --	    .ef
                         992 .LDW35:
                         993 --line239
                         994 ..lin.C.3A.5C_ECU2.5CECU_Rivian_A1.5CTarget.5Crepo_projects.5CpFOTA.5CcL_LATEST.5Cmake.5Cobj.5Chmac_sha2.66::
                         995 .LDWlin66:
00000424 031ea405        996 	addi	1444,sp,sp
00000428 7e06ff30        997 	dispose	31,{r26,r27,r28,r29,r31},[lp]
                         998 	.type	_hmac_sha384,@function
                         999 	.size	_hmac_sha384,.-_hmac_sha384
                        1000 	.align	2
                        1001 .LDW45:
                        1002 --_ctx	0[sp]	local
                        1003 
                        1004 --_key	r6	param
                        1005 --_key_size	r19	param
                        1006 --_message	r29	param
                        1007 --_message_len	r28	param
                        1008 --_mac	r27	param
                        1009 --_mac_size	r26	param
                        1010 
                        1011 	.section ".bss","awb"
                        1012 .L1041:
                        1013 	.type	.L1041,@object
                        1014 	.size	.L1041,0
                        1015 	.data
                        1016 	.text
                        1017 	.align	2
                        1018 	.align	2
                        1019 ..gh.f.f.1.e.15:
                        1020 	.type	..gh.f.f.1.e.15,@object
                        1021 	.size	..gh.f.f.1.e.15,0
                        1022 	.global	_hmac_sha512_init
                        1023 _hmac_sha512_init:
0000042c a007e130       1024 	prepare	{r26,r27,r28,r29,r31},16
00000430 06e8           1025 	mov	r6,r29
                        1026 --	    .bf
                        1027 .LDW55:
00000432 20368000       1028 	movea	128,zero,r6
00000436 07d0           1029 	mov	r7,r26
00000438 080680ff       1030 	addi	-128,r8,zero
0000043c e90d*          1031 	bnl	.L1064
0000043e ca05*          1032 	bne	.L1065
00000440 06e0           1033 	mov	r6,r28
                        1034 .L1063:
                        1035 --line268
                        1036 ..lin.C.3A.5C_ECU2.5CECU_Rivian_A1.5CTarget.5Crepo_projects.5CpFOTA.5CcL_LATEST.5Cmake.5Cobj.5Chmac_sha2.67::
                        1037 .LDWlin67:
00000442 0092           1038 	mov	0,r18
00000444 e52d*          1039 	br	.L1070
                        1040 .L1065:
                        1041 --line256
                        1042 ..lin.C.3A.5C_ECU2.5CECU_Rivian_A1.5CTarget.5Crepo_projects.5CpFOTA.5CcL_LATEST.5Cmake.5Cobj.5Chmac_sha2.68::
                        1043 .LDWlin68:
00000446 0730           1044 	mov	r7,r6
00000448 0838           1045 	mov	r8,r7
0000044a 20e64000       1046 	movea	64,zero,r28
0000044e 0340           1047 	mov	sp,r8

                                                                      Page 21
                                                              C:\Users\nhuliyap\AppData\Local\Temp\gh_00001a01.s
                        1048 	jarl	_sha512,lp
                        1048 <EXPANSION BEGIN>
                        1048 jarl22 _sha512 , lp 
00000450 80ff0000*      1048 <EXPANSION END>
                        1049 --line257
                        1050 ..lin.C.3A.5C_ECU2.5CECU_Rivian_A1.5CTarget.5Crepo_projects.5CpFOTA.5CcL_LATEST.5Cmake.5Cobj.5Chmac_sha2.69::
                        1051 .LDWlin69:
00000454 03d0           1052 	mov	sp,r26
00000456 a505*          1053 	br	.L1066
                        1054 .L1064:
                        1055 --line260
                        1056 ..lin.C.3A.5C_ECU2.5CECU_Rivian_A1.5CTarget.5Crepo_projects.5CpFOTA.5CcL_LATEST.5Cmake.5Cobj.5Chmac_sha2.70::
                        1057 .LDWlin70:
00000458 08e0           1058 	mov	r8,r28
                        1059 .L1066:
0000045a 20de8000       1060 	movea	128,zero,r27
0000045e bcd9           1061 	sub	r28,r27
00000460 1d362005       1062 	addi	1312,r29,r6
00000464 dc31           1063 	add	r28,r6
00000466 1b40           1064 	mov	r27,r8
00000468 203e3600       1065 	movea	54,zero,r7
                        1066 	jarl	_memset,lp
                        1066 <EXPANSION BEGIN>
                        1066 jarl22 _memset , lp 
0000046c 80ff0000*      1066 <EXPANSION END>
                        1067 --line265
                        1068 ..lin.C.3A.5C_ECU2.5CECU_Rivian_A1.5CTarget.5Crepo_projects.5CpFOTA.5CcL_LATEST.5Cmake.5Cobj.5Chmac_sha2.71::
                        1069 .LDWlin71:
00000470 1d36a005       1070 	addi	1440,r29,r6
00000474 dc31           1071 	add	r28,r6
00000476 1b40           1072 	mov	r27,r8
00000478 203e5c00       1073 	movea	92,zero,r7
                        1074 	jarl	_memset,lp
                        1074 <EXPANSION BEGIN>
                        1074 jarl22 _memset , lp 
0000047c 80ff0000*      1074 <EXPANSION END>
00000480 95e5*          1075 	br	.L1063
                        1076 .L1069:
                        1077 --line269
                        1078 ..lin.C.3A.5C_ECU2.5CECU_Rivian_A1.5CTarget.5Crepo_projects.5CpFOTA.5CcL_LATEST.5Cmake.5Cobj.5Chmac_sha2.72::
                        1079 .LDWlin72:
00000482 12f0           1080 	mov	r18,ep
00000484 daf1           1081 	add	r26,ep
00000486 6080           1082 	sld.bu	0[ep],r16
00000488 1288           1083 	mov	r18,r17
0000048a dd89           1084 	add	r29,r17
0000048c 4192           1085 	add	1,r18
0000048e b09e3600       1086 	xori	54,r16,r19
00000492 519f2005       1087 	st.b	r19,1312[r17]
00000496 6070           1088 	sld.bu	0[ep],r14
00000498 ae7e5c00       1089 	xori	92,r14,r15
0000049c 517fa005       1090 	st.b	r15,1440[r17]
                        1091 .L1070:
000004a0 fc91           1092 	cmp	r28,r18
000004a2 86f5*          1093 	blt	.L1069
                        1094 --line273
                        1095 ..lin.C.3A.5C_ECU2.5CECU_Rivian_A1.5CTarget.5Crepo_projects.5CpFOTA.5CcL_LATEST.5Cmake.5Cobj.5Chmac_sha2.73::
                        1096 .LDWlin73:
000004a4 1d30           1097 	mov	r29,r6
                        1098 	jarl	_sha512_init,lp
                        1098 <EXPANSION BEGIN>

                                                                      Page 22
                                                              C:\Users\nhuliyap\AppData\Local\Temp\gh_00001a01.s
                        1098 jarl22 _sha512_init , lp 
000004a6 80ff0000*      1098 <EXPANSION END>
                        1099 --line274
                        1100 ..lin.C.3A.5C_ECU2.5CECU_Rivian_A1.5CTarget.5Crepo_projects.5CpFOTA.5CcL_LATEST.5Cmake.5Cobj.5Chmac_sha2.74::
                        1101 .LDWlin74:
000004aa 1d30           1102 	mov	r29,r6
000004ac 1d3e2005       1103 	addi	1312,r29,r7
000004b0 20468000       1104 	movea	128,zero,r8
                        1105 	jarl	_sha512_update,lp
                        1105 <EXPANSION BEGIN>
                        1105 jarl22 _sha512_update , lp 
000004b4 80ff0000*      1105 <EXPANSION END>
                        1106 --line276
                        1107 ..lin.C.3A.5C_ECU2.5CECU_Rivian_A1.5CTarget.5Crepo_projects.5CpFOTA.5CcL_LATEST.5Cmake.5Cobj.5Chmac_sha2.75::
                        1108 .LDWlin75:
000004b8 1d364801       1109 	addi	328,r29,r6
                        1110 	jarl	_sha512_init,lp
                        1110 <EXPANSION BEGIN>
                        1110 jarl22 _sha512_init , lp 
000004bc 80ff0000*      1110 <EXPANSION END>
                        1111 --line277
                        1112 ..lin.C.3A.5C_ECU2.5CECU_Rivian_A1.5CTarget.5Crepo_projects.5CpFOTA.5CcL_LATEST.5Cmake.5Cobj.5Chmac_sha2.76::
                        1113 .LDWlin76:
000004c0 1d364801       1114 	addi	328,r29,r6
000004c4 1d3ea005       1115 	addi	1440,r29,r7
000004c8 20468000       1116 	movea	128,zero,r8
                        1117 	jarl	_sha512_update,lp
                        1117 <EXPANSION BEGIN>
                        1117 jarl22 _sha512_update , lp 
000004cc 80ff0000*      1117 <EXPANSION END>
                        1118 --line280
                        1119 ..lin.C.3A.5C_ECU2.5CECU_Rivian_A1.5CTarget.5Crepo_projects.5CpFOTA.5CcL_LATEST.5Cmake.5Cobj.5Chmac_sha2.77::
                        1120 .LDWlin77:
000004d0 1d369002       1121 	addi	656,r29,r6
000004d4 1d38           1122 	mov	r29,r7
000004d6 20464801       1123 	movea	328,zero,r8
                        1124 	jarl	_memcpy,lp
                        1124 <EXPANSION BEGIN>
                        1124 jarl22 _memcpy , lp 
000004da 80ff0000*      1124 <EXPANSION END>
                        1125 --line282
                        1126 ..lin.C.3A.5C_ECU2.5CECU_Rivian_A1.5CTarget.5Crepo_projects.5CpFOTA.5CcL_LATEST.5Cmake.5Cobj.5Chmac_sha2.78::
                        1127 .LDWlin78:
000004de 1d36d803       1128 	addi	984,r29,r6
000004e2 1d3e4801       1129 	addi	328,r29,r7
000004e6 20464801       1130 	movea	328,zero,r8
                        1131 	jarl	_memcpy,lp
                        1131 <EXPANSION BEGIN>
                        1131 jarl22 _memcpy , lp 
000004ea 80ff0000*      1131 <EXPANSION END>
                        1132 --	    .ef
                        1133 .LDW65:
                        1134 --line284
                        1135 ..lin.C.3A.5C_ECU2.5CECU_Rivian_A1.5CTarget.5Crepo_projects.5CpFOTA.5CcL_LATEST.5Cmake.5Cobj.5Chmac_sha2.79::
                        1136 .LDWlin79:
000004ee 6006ff30       1137 	dispose	16,{r26,r27,r28,r29,r31},[lp]
                        1138 	.type	_hmac_sha512_init,@function
                        1139 	.size	_hmac_sha512_init,.-_hmac_sha512_init
                        1140 	.align	2
                        1141 .LDW75:
                        1142 --_fill	r27	local

                                                                      Page 23
                                                              C:\Users\nhuliyap\AppData\Local\Temp\gh_00001a01.s
                        1143 --_num	r28	local
                        1144 --_key_used	r26	local
                        1145 --_key_temp	0[sp]	local
                        1146 --_i	r18	local
                        1147 
                        1148 --_ctx	r29	param
                        1149 --_key	r7	param
                        1150 --_key_size	r8	param
                        1151 
                        1152 	.section ".bss","awb"
                        1153 .L1134:
                        1154 	.type	.L1134,@object
                        1155 	.size	.L1134,0
                        1156 	.data
                        1157 	.text
                        1158 	.align	2
                        1159 	.align	2
                        1160 ..gh.f.f.1.e.16:
                        1161 	.type	..gh.f.f.1.e.16,@object
                        1162 	.size	..gh.f.f.1.e.16,0
                        1163 	.global	_hmac_sha512_reinit
                        1164 _hmac_sha512_reinit:
000004f2 80076100       1165 	prepare	{r29,r31},0
000004f6 06e8           1166 	mov	r6,r29
                        1167 --	    .bf
                        1168 .LDW85:
000004f8 063e9002       1169 	addi	656,r6,r7
000004fc 20464801       1170 	movea	328,zero,r8
                        1171 	jarl	_memcpy,lp
                        1171 <EXPANSION BEGIN>
                        1171 jarl22 _memcpy , lp 
00000500 80ff0000*      1171 <EXPANSION END>
                        1172 --line289
                        1173 ..lin.C.3A.5C_ECU2.5CECU_Rivian_A1.5CTarget.5Crepo_projects.5CpFOTA.5CcL_LATEST.5Cmake.5Cobj.5Chmac_sha2.80::
                        1174 .LDWlin80:
00000504 1d364801       1175 	addi	328,r29,r6
00000508 1d3ed803       1176 	addi	984,r29,r7
0000050c 20464801       1177 	movea	328,zero,r8
                        1178 	jarl	_memcpy,lp
                        1178 <EXPANSION BEGIN>
                        1178 jarl22 _memcpy , lp 
00000510 80ff0000*      1178 <EXPANSION END>
                        1179 --	    .ef
                        1180 .LDW95:
                        1181 --line291
                        1182 ..lin.C.3A.5C_ECU2.5CECU_Rivian_A1.5CTarget.5Crepo_projects.5CpFOTA.5CcL_LATEST.5Cmake.5Cobj.5Chmac_sha2.81::
                        1183 .LDWlin81:
00000514 40067f00       1184 	dispose	0,{r29,r31},[lp]
                        1185 	.type	_hmac_sha512_reinit,@function
                        1186 	.size	_hmac_sha512_reinit,.-_hmac_sha512_reinit
                        1187 	.align	2
                        1188 .LDW06:
                        1189 
                        1190 --_ctx	r29	param
                        1191 
                        1192 	.section ".bss","awb"
                        1193 .L1249:
                        1194 	.type	.L1249,@object
                        1195 	.size	.L1249,0
                        1196 	.data
                        1197 	.text

                                                                      Page 24
                                                              C:\Users\nhuliyap\AppData\Local\Temp\gh_00001a01.s
                        1198 	.align	2
                        1199 	.align	2
                        1200 ..gh.f.f.1.e.17:
                        1201 	.type	..gh.f.f.1.e.17,@object
                        1202 	.size	..gh.f.f.1.e.17,0
                        1203 	.global	_hmac_sha512_update
                        1204 _hmac_sha512_update:
                        1205 --	    .bf
                        1206 .LDW16:
00000518 80070000*      1207 	jr	_sha512_update
                        1208 --	    .ef
                        1209 .LDW26:
                        1210 	.type	_hmac_sha512_update,@function
                        1211 	.size	_hmac_sha512_update,.-_hmac_sha512_update
                        1212 	.align	2
                        1213 .LDW36:
                        1214 
                        1215 --_ctx	r6	param
                        1216 --_message	r7	param
                        1217 --_message_len	r8	param
                        1218 
                        1219 	.section ".bss","awb"
                        1220 .L1297:
                        1221 	.type	.L1297,@object
                        1222 	.size	.L1297,0
                        1223 	.data
                        1224 	.text
                        1225 	.align	2
                        1226 	.align	2
                        1227 ..gh.f.f.1.e.18:
                        1228 	.type	..gh.f.f.1.e.18,@object
                        1229 	.size	..gh.f.f.1.e.18,0
                        1230 	.global	_hmac_sha512_final
                        1231 _hmac_sha512_final:
0000051c be07e110       1232 	prepare	{r27,r28,r29,r31},31
00000520 5c1a           1233 	add	-4,sp
00000522 06e8           1234 	mov	r6,r29
00000524 07e0           1235 	mov	r7,r28
00000526 08d8           1236 	mov	r8,r27
                        1237 --	    .bf
                        1238 .LDW46:
00000528 233e4000       1239 	movea	64,sp,r7
                        1240 	jarl	_sha512_final,lp
                        1240 <EXPANSION BEGIN>
                        1240 jarl22 _sha512_final , lp 
0000052c 80ff0000*      1240 <EXPANSION END>
                        1241 --line304
                        1242 ..lin.C.3A.5C_ECU2.5CECU_Rivian_A1.5CTarget.5Crepo_projects.5CpFOTA.5CcL_LATEST.5Cmake.5Cobj.5Chmac_sha2.82::
                        1243 .LDWlin82:
00000530 1d364801       1244 	addi	328,r29,r6
00000534 233e4000       1245 	movea	64,sp,r7
00000538 20464000       1246 	movea	64,zero,r8
                        1247 	jarl	_sha512_update,lp
                        1247 <EXPANSION BEGIN>
                        1247 jarl22 _sha512_update , lp 
0000053c 80ff0000*      1247 <EXPANSION END>
                        1248 --line305
                        1249 ..lin.C.3A.5C_ECU2.5CECU_Rivian_A1.5CTarget.5Crepo_projects.5CpFOTA.5CcL_LATEST.5Cmake.5Cobj.5Chmac_sha2.83::
                        1250 .LDWlin83:
00000540 1d364801       1251 	addi	328,r29,r6
00000544 0338           1252 	mov	sp,r7

                                                                      Page 25
                                                              C:\Users\nhuliyap\AppData\Local\Temp\gh_00001a01.s
                        1253 	jarl	_sha512_final,lp
                        1253 <EXPANSION BEGIN>
                        1253 jarl22 _sha512_final , lp 
00000546 80ff0000*      1253 <EXPANSION END>
                        1254 --line306
                        1255 ..lin.C.3A.5C_ECU2.5CECU_Rivian_A1.5CTarget.5Crepo_projects.5CpFOTA.5CcL_LATEST.5Cmake.5Cobj.5Chmac_sha2.84::
                        1256 .LDWlin84:
0000054a 1c30           1257 	mov	r28,r6
0000054c 0338           1258 	mov	sp,r7
0000054e 1b40           1259 	mov	r27,r8
                        1260 	jarl	_memcpy,lp
                        1260 <EXPANSION BEGIN>
                        1260 jarl22 _memcpy , lp 
00000550 80ff0000*      1260 <EXPANSION END>
                        1261 --	    .ef
                        1262 .LDW56:
                        1263 --line307
                        1264 ..lin.C.3A.5C_ECU2.5CECU_Rivian_A1.5CTarget.5Crepo_projects.5CpFOTA.5CcL_LATEST.5Cmake.5Cobj.5Chmac_sha2.85::
                        1265 .LDWlin85:
00000554 441a           1266 	add	4,sp
00000556 7e06ff10       1267 	dispose	31,{r27,r28,r29,r31},[lp]
                        1268 	.type	_hmac_sha512_final,@function
                        1269 	.size	_hmac_sha512_final,.-_hmac_sha512_final
                        1270 	.align	2
                        1271 .LDW66:
                        1272 --_digest_inside	64[sp]	local
                        1273 --_mac_temp	0[sp]	local
                        1274 
                        1275 --_ctx	r29	param
                        1276 --_mac	r28	param
                        1277 --_mac_size	r27	param
                        1278 
                        1279 	.section ".bss","awb"
                        1280 .L1345:
                        1281 	.type	.L1345,@object
                        1282 	.size	.L1345,0
                        1283 	.data
                        1284 	.text
                        1285 	.align	2
                        1286 	.align	2
                        1287 ..gh.f.f.1.e.19:
                        1288 	.type	..gh.f.f.1.e.19,@object
                        1289 	.size	..gh.f.f.1.e.19,0
                        1290 	.global	_hmac_sha512
                        1291 _hmac_sha512:
0000055a be07e130       1292 	prepare	{r26,r27,r28,r29,r31},31
0000055e 031e5cfa       1293 	addi	-1444,sp,sp
00000562 23f63406       1294 	movea	1588,sp,ep
00000566 08e8           1295 	mov	r8,r29
00000568 09e0           1296 	mov	r9,r28
0000056a 00dd           1297 	sld.w	0[ep],r27
0000056c 02d5           1298 	sld.w	4[ep],r26
                        1299 --	    .bf
                        1300 .LDW76:
0000056e 0740           1301 	mov	r7,r8
00000570 0638           1302 	mov	r6,r7
00000572 0330           1303 	mov	sp,r6
                        1304 	jarl	_hmac_sha512_init,lp
                        1304 <EXPANSION BEGIN>
                        1304 jarl22 _hmac_sha512_init , lp 
00000574 bfffb8fe*      1304 <EXPANSION END>

                                                                      Page 26
                                                              C:\Users\nhuliyap\AppData\Local\Temp\gh_00001a01.s
                        1305 --line315
                        1306 ..lin.C.3A.5C_ECU2.5CECU_Rivian_A1.5CTarget.5Crepo_projects.5CpFOTA.5CcL_LATEST.5Cmake.5Cobj.5Chmac_sha2.86::
                        1307 .LDWlin86:
00000578 1d38           1308 	mov	r29,r7
0000057a 1c40           1309 	mov	r28,r8
0000057c 0330           1310 	mov	sp,r6
                        1311 	jarl	_hmac_sha512_update,lp
                        1311 <EXPANSION BEGIN>
                        1311 jarl22 _hmac_sha512_update , lp 
0000057e bfff9aff*      1311 <EXPANSION END>
                        1312 --line316
                        1313 ..lin.C.3A.5C_ECU2.5CECU_Rivian_A1.5CTarget.5Crepo_projects.5CpFOTA.5CcL_LATEST.5Cmake.5Cobj.5Chmac_sha2.87::
                        1314 .LDWlin87:
00000582 1b38           1315 	mov	r27,r7
00000584 1a40           1316 	mov	r26,r8
00000586 0330           1317 	mov	sp,r6
                        1318 	jarl	_hmac_sha512_final,lp
                        1318 <EXPANSION BEGIN>
                        1318 jarl22 _hmac_sha512_final , lp 
00000588 bfff94ff*      1318 <EXPANSION END>
                        1319 --	    .ef
                        1320 .LDW86:
                        1321 --line317
                        1322 ..lin.C.3A.5C_ECU2.5CECU_Rivian_A1.5CTarget.5Crepo_projects.5CpFOTA.5CcL_LATEST.5Cmake.5Cobj.5Chmac_sha2.88::
                        1323 .LDWlin88:
0000058c 031ea405       1324 	addi	1444,sp,sp
00000590 7e06ff30       1325 	dispose	31,{r26,r27,r28,r29,r31},[lp]
                        1326 	.type	_hmac_sha512,@function
                        1327 	.size	_hmac_sha512,.-_hmac_sha512
                        1328 	.align	2
                        1329 .LDW96:
                        1330 --_ctx	0[sp]	local
                        1331 
                        1332 --_key	r6	param
                        1333 --_key_size	r19	param
                        1334 --_message	r29	param
                        1335 --_message_len	r28	param
                        1336 --_mac	r27	param
                        1337 --_mac_size	r26	param
                        1338 
                        1339 	.section ".bss","awb"
                        1340 .L1393:
                        1341 	.type	.L1393,@object
                        1342 	.size	.L1393,0
                        1343 	.data
                        1344 	.text
                        1345 	.align	2
                        1346 
                        1347 	.data
                        1348 	.ghsnote version,17
                        1349 	.ghsnote tools,3
                        1350 	.ghsnote options,144
                        1351 	.text
                        1352 	.align	2
                        1353 ..eof.C.3A.5C_ECU2.5CECU_Rivian_A1.5CTarget.5Crepo_projects.5CpFOTA.5CcL_LATEST.5Cmake.5Cobj.5Chmac_sha2...43.3A.5C_ECU2.5CECU_Rivian_A1.5CTarget.5Crepo_projects.5CpFOTA.5CcL_LATEST.5Cmake..64F86C00..0::
                        1354 .rh850_flags REGMODE32,DATA_ALIGN8,GP_FIX,EP_NONFIX,TP_FIX,REG2_RESERVE,G3K,SDA_EXTRA_REGS_0
