                                                                      Page 1
                                                              C:\Users\nhuliyap\AppData\Local\Temp\gh_00007hg1.s
Command Line: C:\GHS\comp_201517\ease850.exe -w -stderr=err/PbCfgMcalFls.err -elf -b0 -I../source/_common -I../source/common -I../source/ecuabcanif -I../source/ecuabcantrcv -I../source/ecuabcryif -I../source/ecuabfee -I../source/ecuabmemif -I../source/libautosar -I../source/mcalcan -I../source/mcalcry -I../source/mcaldio -I../source/mcaleep -I../source/mcalfls -I../source/mcalmcu -I../source/projectara -I../source/projectcfg -I../source/projectcompiler -I../source/swcservicebswm -I../source/swcservicecantp -I../source/swcservicecomm -I../source/swcservicecsm -I../source/swcservicedcm -I../source/swcservicedem -I../source/swcservicedet -I../source/swcserviceecum -I../source/swcservicenvm -I../source/swcserviceos -I../source/swcservicepdur -I../source/swcserviceschm -I../source/swcservicestartup -I../source/wrappers/swcservicesecm -I../source/wrappers/vsecprim -I../source/wrappers/vstdlib -Ic:/ghs/comp_201517/ansi -Ic:/ghs/comp_201517/include/v800 -Igendata -IC:\GHS\comp_201517\lib\rh850 -cg_underscore -cpu=rh850g3k -nofpu -no_v850_simd -rh850_fpsimd=none -nomacro -patch_dbo=C:\_ECU2\ECU_Rivian_A1\Target\repo_projects\pFOTA\cL_LATEST\make\obj\PbCfgMcalFls.dbo -source=PbCfgMcalFls.c -o obj\gh_00007hg1.o -list=lst/PbCfgMcalFls.lst C:\Users\nhuliyap\AppData\Local\Temp\gh_00007hg1.s 
Original File: C:\Users\nhuliyap\AppData\Local\Temp\gh_00007hg1.s
Source File: PbCfgMcalFls.c
Directory: C:\_ECU2\ECU_Rivian_A1\Target\repo_projects\pFOTA\cL_LATEST\make
Host OS: Windows
EASE: Copyright (C) 1983-2015 Green Hills Software.  All Rights Reserved.
Release: Compiler v2015.1.7
Build Directory: [Directory] BTOWORKER6:c:/build_2015_1_bto/2015-10-21.2100-2015_1_bto/win32-comp-ecom
Revision: [VCInfo] http://toolsvc/branches/release-branch-70-bto/src@544153 (built by build)
Revision Date: Thu Oct 22 07:50:13 2015

Release Date: Thu Oct 22 09:32:32 2015

                           1 --Driver Command: ccrh850 -DBRS_DERIVATIVE_701018 -DBRS_OSC_CLK=16
                           2 --		-DBRS_TIMEBASE_CLOCK=80 -DBRS_EVA_BOARD_
                           3 --		-DBRS_DERIVATIVE_GROUP_F1L -DBRS_OS_USECASE_BRS
                           4 --		-DBRS_PLATFORM_RH850 -DBRS_COMP_GHS
                           5 --		-DBRS_CPU_LOCAL_RAM_SIZE_CORE0=32
                           6 --		-DBRS_CPU_RAM_START_CORE0=0xFEDF8000 -list=lst/PbCfgMcalFls.lst
                           7 --		-object_dir=obj -stderr=err/PbCfgMcalFls.err -c -cpu=rh850
                           8 --		-sda=all -large_sda -prepare_dispose -pragma_asm_inline -no_callt
                           9 --		-inline_prologue -notda -reserve_r2 -fsoft
                          10 --		--unknown_pragma_warnings -list -g -Ogeneral -shortenum
                          11 --		-registermode=32 -I../source/_common -I../source/common
                          12 --		-I../source/ecuabcanif -I../source/ecuabcantrcv
                          13 --		-I../source/ecuabcryif -I../source/ecuabfee
                          14 --		-I../source/ecuabmemif -I../source/libautosar -I../source/mcalcan
                          15 --		-I../source/mcalcry -I../source/mcaldio -I../source/mcaleep
                          16 --		-I../source/mcalfls -I../source/mcalmcu -I../source/projectara
                          17 --		-I../source/projectcfg -I../source/projectcompiler
                          18 --		-I../source/swcservicebswm -I../source/swcservicecantp
                          19 --		-I../source/swcservicecomm -I../source/swcservicecsm
                          20 --		-I../source/swcservicedcm -I../source/swcservicedem
                          21 --		-I../source/swcservicedet -I../source/swcserviceecum
                          22 --		-I../source/swcservicenvm -I../source/swcserviceos
                          23 --		-I../source/swcservicepdur -I../source/swcserviceschm
                          24 --		-I../source/swcservicestartup -I../source/wrappers/swcservicesecm
                          25 --		-I../source/wrappers/vsecprim -I../source/wrappers/vstdlib
                          26 --		-Ic:/ghs/comp_201517/ansi -Ic:/ghs/comp_201517/include/v800
                          27 --		-Igendata ../source/ProjectCfg/PbCfgMcalFls.c
                          28 --Source File:   ../source/ProjectCfg/PbCfgMcalFls.c
                          29 --Directory:     
                          30 --		C:\_ECU2\ECU_Rivian_A1\Target\repo_projects\pFOTA\cL_LATEST\make
                          31 --Compile Date:  Wed Sep 06 14:06:52 2023
                          32 --Host OS:       Win32
                          33 --Version:       C-RH850 2015.1.7 RELEASE VERSION
                          34 --Release:       Compiler v2015.1.7
                          35 --Revision Date: Thu Oct 22 08:06:12 2015
                          36 --Release Date:  Thu Oct 22 09:34:32 2015
                          37 -- ecom  -g -w -OM
                          38 
                          39 	.section ".rosdata","a"
                          40 	.align	4
                          41 	.global	_Fls_GstConfiguration
00000000 1801d70e         42 _Fls_GstConfiguration:	.byte	24,1,215,14
00000004 00000000         43 	.space	4
00000008 00000000         44 	.space	4
0000000c 00000000         45 	.space	4
00000010 00000000         46 	.space	4
00000014 00010000         47 	.byte	0,1,0,0
00000018 01e80300         48 	.byte	1,232,3,0
0000001c 91420000         49 	.byte	145,66,0,0
00000020 a10f0000         50 	.byte	161,15,0,0

                                                                      Page 2
                                                              C:\Users\nhuliyap\AppData\Local\Temp\gh_00007hg1.s
                          51 	.type	_Fls_GstConfiguration,@object
                          52 	.size	_Fls_GstConfiguration,36
                          53 	.data
                          54 	.sbss	_Fls_GulTempBuffer,256,4
                          55 	.type	_Fls_GulTempBuffer,@object
                          56 	.size	_Fls_GulTempBuffer,256
                          57 	.ghsnote version,17
                          58 	.ghsnote tools,3
                          59 	.ghsnote options,144
                          60 	.text
                          61 ..bof.C.3A.5C_ECU2.5CECU_Rivian_A1.5CTarget.5Crepo_projects.5CpFOTA.5CcL_LATEST.5Cmake.5Cobj.5CPbCfgMcalFls...43.3A.5C_ECU2.5CECU_Rivian_A1.5CTarget.5Crepo_projects.5CpFOTA.5CcL_LATEST.5Cmake..64F86B5C..0::
                          62 ..eof.C.3A.5C_ECU2.5CECU_Rivian_A1.5CTarget.5Crepo_projects.5CpFOTA.5CcL_LATEST.5Cmake.5Cobj.5CPbCfgMcalFls...43.3A.5C_ECU2.5CECU_Rivian_A1.5CTarget.5Crepo_projects.5CpFOTA.5CcL_LATEST.5Cmake..64F86B5C..0::
                          63 .rh850_flags REGMODE32,DATA_ALIGN8,GP_FIX,EP_NONFIX,TP_FIX,REG2_RESERVE,G3K,SDA_EXTRA_REGS_0
