                                                                      Page 1
                                                              C:\Users\nhuliyap\AppData\Local\Temp\gh_00006181.s
Command Line: C:\GHS\comp_201517\ease850.exe -w -stderr=err/PduR_RmTp.err -elf -b0 -I../source/_common -I../source/common -I../source/ecuabcanif -I../source/ecuabcantrcv -I../source/ecuabcryif -I../source/ecuabfee -I../source/ecuabmemif -I../source/libautosar -I../source/mcalcan -I../source/mcalcry -I../source/mcaldio -I../source/mcaleep -I../source/mcalfls -I../source/mcalmcu -I../source/projectara -I../source/projectcfg -I../source/projectcompiler -I../source/swcservicebswm -I../source/swcservicecantp -I../source/swcservicecomm -I../source/swcservicecsm -I../source/swcservicedcm -I../source/swcservicedem -I../source/swcservicedet -I../source/swcserviceecum -I../source/swcservicenvm -I../source/swcserviceos -I../source/swcservicepdur -I../source/swcserviceschm -I../source/swcservicestartup -I../source/wrappers/swcservicesecm -I../source/wrappers/vsecprim -I../source/wrappers/vstdlib -Ic:/ghs/comp_201517/ansi -Ic:/ghs/comp_201517/include/v800 -Igendata -IC:\GHS\comp_201517\lib\rh850 -cg_underscore -cpu=rh850g3k -nofpu -no_v850_simd -rh850_fpsimd=none -nomacro -patch_dbo=C:\_ECU2\ECU_Rivian_A1\Target\repo_projects\pFOTA\cL_LATEST\make\obj\PduR_RmTp.dbo -source=PduR_RmTp.c -o obj\gh_00006181.o -list=lst/PduR_RmTp.lst C:\Users\nhuliyap\AppData\Local\Temp\gh_00006181.s 
Original File: C:\Users\nhuliyap\AppData\Local\Temp\gh_00006181.s
Source File: PduR_RmTp.c
Directory: C:\_ECU2\ECU_Rivian_A1\Target\repo_projects\pFOTA\cL_LATEST\make
Host OS: Windows
EASE: Copyright (C) 1983-2015 Green Hills Software.  All Rights Reserved.
Release: Compiler v2015.1.7
Build Directory: [Directory] BTOWORKER6:c:/build_2015_1_bto/2015-10-21.2100-2015_1_bto/win32-comp-ecom
Revision: [VCInfo] http://toolsvc/branches/release-branch-70-bto/src@544153 (built by build)
Revision Date: Thu Oct 22 07:50:13 2015

Release Date: Thu Oct 22 09:32:32 2015

                           1 --Driver Command: ccrh850 -DBRS_DERIVATIVE_701018 -DBRS_OSC_CLK=16
                           2 --		-DBRS_TIMEBASE_CLOCK=80 -DBRS_EVA_BOARD_
                           3 --		-DBRS_DERIVATIVE_GROUP_F1L -DBRS_OS_USECASE_BRS
                           4 --		-DBRS_PLATFORM_RH850 -DBRS_COMP_GHS
                           5 --		-DBRS_CPU_LOCAL_RAM_SIZE_CORE0=32
                           6 --		-DBRS_CPU_RAM_START_CORE0=0xFEDF8000 -list=lst/PduR_RmTp.lst
                           7 --		-object_dir=obj -stderr=err/PduR_RmTp.err -c -cpu=rh850 -sda=all
                           8 --		-large_sda -prepare_dispose -pragma_asm_inline -no_callt
                           9 --		-inline_prologue -notda -reserve_r2 -fsoft
                          10 --		--unknown_pragma_warnings -list -g -Ogeneral -shortenum
                          11 --		-registermode=32 -I../source/_common -I../source/common
                          12 --		-I../source/ecuabcanif -I../source/ecuabcantrcv
                          13 --		-I../source/ecuabcryif -I../source/ecuabfee
                          14 --		-I../source/ecuabmemif -I../source/libautosar -I../source/mcalcan
                          15 --		-I../source/mcalcry -I../source/mcaldio -I../source/mcaleep
                          16 --		-I../source/mcalfls -I../source/mcalmcu -I../source/projectara
                          17 --		-I../source/projectcfg -I../source/projectcompiler
                          18 --		-I../source/swcservicebswm -I../source/swcservicecantp
                          19 --		-I../source/swcservicecomm -I../source/swcservicecsm
                          20 --		-I../source/swcservicedcm -I../source/swcservicedem
                          21 --		-I../source/swcservicedet -I../source/swcserviceecum
                          22 --		-I../source/swcservicenvm -I../source/swcserviceos
                          23 --		-I../source/swcservicepdur -I../source/swcserviceschm
                          24 --		-I../source/swcservicestartup -I../source/wrappers/swcservicesecm
                          25 --		-I../source/wrappers/vsecprim -I../source/wrappers/vstdlib
                          26 --		-Ic:/ghs/comp_201517/ansi -Ic:/ghs/comp_201517/include/v800
                          27 --		-Igendata ../source/SwcServicePduR/PduR_RmTp.c
                          28 --Source File:   ../source/SwcServicePduR/PduR_RmTp.c
                          29 --Directory:     
                          30 --		C:\_ECU2\ECU_Rivian_A1\Target\repo_projects\pFOTA\cL_LATEST\make
                          31 --Compile Date:  Wed Sep 06 14:07:05 2023
                          32 --Host OS:       Win32
                          33 --Version:       C-RH850 2015.1.7 RELEASE VERSION
                          34 --Release:       Compiler v2015.1.7
                          35 --Revision Date: Thu Oct 22 08:06:12 2015
                          36 --Release Date:  Thu Oct 22 09:34:32 2015
                          37 -- ecom  -g -w -OM
                          38 	.text
                          39 ..bof.C.3A.5C_ECU2.5CECU_Rivian_A1.5CTarget.5Crepo_projects.5CpFOTA.5CcL_LATEST.5Cmake.5Cobj.5CPduR_RmTp...43.3A.5C_ECU2.5CECU_Rivian_A1.5CTarget.5Crepo_projects.5CpFOTA.5CcL_LATEST.5Cmake..64F86B69..0::
                          40 	.align	2
                          41 ..gh.f.f.1.e.0:
                          42 	.type	..gh.f.f.1.e.0,@object
                          43 	.size	..gh.f.f.1.e.0,0
                          44 	.global	_PduR_RmTp_MultipleSourceHandler_TpTxConfirmation
                          45 _PduR_RmTp_MultipleSourceHandler_TpTxConfirmation:
00000000 8207e100         46 	prepare	{r28,r29,r31},1
00000004 8600             47 	zxb	r6
00000006 07e0             48 	mov	r7,r28
                          49 --	    .bf
                          50 .LDW01:

                                                                      Page 2
                                                              C:\Users\nhuliyap\AppData\Local\Temp\gh_00006181.s
00000008 06e8             51 	mov	r6,r29
                          52 	jarl	_PduR_Lock_LockRoutingPathByGDestPdu,lp
                          52 <EXPANSION BEGIN>
                          52 jarl22 _PduR_Lock_LockRoutingPathByGDestPdu , lp 
0000000a 80ff0000*        52 <EXPANSION END>
                          53 --	    .bs
                          54 .LDW11:
                          55 --line114
                          56 ..lin.C.3A.5C_ECU2.5CECU_Rivian_A1.5CTarget.5Crepo_projects.5CpFOTA.5CcL_LATEST.5Cmake.5Cobj.5CPduR_RmTp.1::
                          57 .LDWlin1:
0000000e 1d30             58 	mov	r29,r6
00000010 0338             59 	mov	sp,r7
                          60 	jarl	_PduR_Rm_GetSrcDestPdu,lp
                          60 <EXPANSION BEGIN>
                          60 jarl22 _PduR_Rm_GetSrcDestPdu , lp 
00000012 80ff0000*        60 <EXPANSION END>
00000016 e051             61 	cmp	zero,r10
00000018 fa1d*            62 	bne	.L23
                          63 --line119
                          64 ..lin.C.3A.5C_ECU2.5CECU_Rivian_A1.5CTarget.5Crepo_projects.5CpFOTA.5CcL_LATEST.5Cmake.5Cobj.5CPduR_RmTp.2::
                          65 .LDWlin2:
0000001a 234f0000         66 	ld.h	0[sp],r9
0000001e 280600000000*    67 	mov	rosdaoff23(_PduR_RmDestRom),r8
00000024 9c00             68 	zxb	r28
00000026 e9f60300         69 	mulhi	3,r9,ep
0000002a c8f1             70 	add	r8,ep
0000002c 6238             71 	sld.bu	2[ep],r7
0000002e 653a             72 	cmp	5,r7
00000030 ca1d*            73 	bne	.L29
                          74 --	    .bs
                          75 .LDW21:
                          76 --line130
                          77 ..lin.C.3A.5C_ECU2.5CECU_Rivian_A1.5CTarget.5Crepo_projects.5CpFOTA.5CcL_LATEST.5Cmake.5Cobj.5CPduR_RmTp.3::
                          78 .LDWlin3:
00000032 61f0             79 	sld.bu	1[ep],ep
00000034 260600000000*    80 	mov	rosdaoff23(_PduR_RmSrcRom),r6
0000003a 1c38             81 	mov	r28,r7
0000003c c2f2             82 	shl	2,ep
0000003e c6f1             83 	add	r6,ep
00000040 6098             84 	sld.bu	0[ep],r19
00000042 6330             85 	sld.bu	3[ep],r6
00000044 f3962800         86 	mulhi	40,r19,r18
00000048 c591             87 	add	r5,r18
0000004a 920709e00000*    88 	ld.w	rosdaoff23(_PduR_MmRom+28)[r18],r28
00000050 fcc760f9         89 	jarl	[r28],lp
                          90 --	    .es
                          91 .LDW31:
                          92 --line132
                          93 ..lin.C.3A.5C_ECU2.5CECU_Rivian_A1.5CTarget.5Crepo_projects.5CpFOTA.5CcL_LATEST.5Cmake.5Cobj.5CPduR_RmTp.4::
                          94 .LDWlin4:
00000054 a50d*            95 	br	.L29
                          96 .L23:
                          97 --line139
                          98 ..lin.C.3A.5C_ECU2.5CECU_Rivian_A1.5CTarget.5Crepo_projects.5CpFOTA.5CcL_LATEST.5Cmake.5Cobj.5CPduR_RmTp.5::
                          99 .LDWlin5:
00000056 20363300        100 	movea	51,zero,r6
0000005a 003a            101 	mov	0,r7
0000005c 2046a900        102 	movea	169,zero,r8
00000060 204ea100        103 	movea	161,zero,r9
                         104 	jarl	_Det_ReportError,lp
                         104 <EXPANSION BEGIN>

                                                                      Page 3
                                                              C:\Users\nhuliyap\AppData\Local\Temp\gh_00006181.s
                         104 jarl22 _Det_ReportError , lp 
00000064 80ff0000*       104 <EXPANSION END>
                         105 .L29:
                         106 --	    .es
                         107 .LDW41:
                         108 --line142
                         109 ..lin.C.3A.5C_ECU2.5CECU_Rivian_A1.5CTarget.5Crepo_projects.5CpFOTA.5CcL_LATEST.5Cmake.5Cobj.5CPduR_RmTp.6::
                         110 .LDWlin6:
00000068 1d30            111 	mov	r29,r6
                         112 	jarl	_PduR_Lock_UnlockRoutingPathByGDestPdu,lp
                         112 <EXPANSION BEGIN>
                         112 jarl22 _PduR_Lock_UnlockRoutingPathByGDestPdu , lp 
0000006a 80ff0000*       112 <EXPANSION END>
                         113 --	    .ef
                         114 .LDW51:
                         115 --line143
                         116 ..lin.C.3A.5C_ECU2.5CECU_Rivian_A1.5CTarget.5Crepo_projects.5CpFOTA.5CcL_LATEST.5Cmake.5Cobj.5CPduR_RmTp.7::
                         117 .LDWlin7:
0000006e 4206ff00        118 	dispose	1,{r28,r29,r31},[lp]
                         119 	.type	_PduR_RmTp_MultipleSourceHandler_TpTxConfirmation,@function
                         120 	.size	_PduR_RmTp_MultipleSourceHandler_TpTxConfirmation,.-_PduR_RmTp_MultipleSourceHandler_TpTxConfirmation
                         121 	.align	2
                         122 .LDW61:
                         123 --_rmDestRomIdx	0[sp]	local
                         124 
                         125 --_rmGDestRomIdx	r29	param
                         126 --_result	r28	param
                         127 
                         128 	.section ".bss","awb"
                         129 .L69:
                         130 	.type	.L69,@object
                         131 	.size	.L69,0
                         132 	.data
                         133 	.text
                         134 	.align	2
                         135 	.align	2
                         136 ..gh.f.f.1.e.1:
                         137 	.type	..gh.f.f.1.e.1,@object
                         138 	.size	..gh.f.f.1.e.1,0
                         139 	.global	_PduR_RmTp_MultipleSourceHandler_CopyTxData
                         140 _PduR_RmTp_MultipleSourceHandler_CopyTxData:
00000072 8207e170        141 	prepare	{r25,r26,r27,r28,r29,r31},1
00000076 8600            142 	zxb	r6
00000078 07d8            143 	mov	r7,r27
0000007a 08d0            144 	mov	r8,r26
0000007c 09c8            145 	mov	r9,r25
                         146 --	    .bf
                         147 .LDW71:
0000007e 01e2            148 	mov	1,r28
00000080 06e8            149 	mov	r6,r29
                         150 	jarl	_PduR_Lock_LockRoutingPathByGDestPdu,lp
                         150 <EXPANSION BEGIN>
                         150 jarl22 _PduR_Lock_LockRoutingPathByGDestPdu , lp 
00000082 80ff0000*       150 <EXPANSION END>
                         151 --	    .bs
                         152 .LDW81:
                         153 --line155
                         154 ..lin.C.3A.5C_ECU2.5CECU_Rivian_A1.5CTarget.5Crepo_projects.5CpFOTA.5CcL_LATEST.5Cmake.5Cobj.5CPduR_RmTp.8::
                         155 .LDWlin8:
00000086 1d30            156 	mov	r29,r6
00000088 0338            157 	mov	sp,r7

                                                                      Page 4
                                                              C:\Users\nhuliyap\AppData\Local\Temp\gh_00006181.s
                         158 	jarl	_PduR_Rm_GetSrcDestPdu,lp
                         158 <EXPANSION BEGIN>
                         158 jarl22 _PduR_Rm_GetSrcDestPdu , lp 
0000008a 80ff0000*       158 <EXPANSION END>
0000008e e051            159 	cmp	zero,r10
00000090 9a25*           160 	bne	.L132
                         161 --line160
                         162 ..lin.C.3A.5C_ECU2.5CECU_Rivian_A1.5CTarget.5Crepo_projects.5CpFOTA.5CcL_LATEST.5Cmake.5Cobj.5CPduR_RmTp.9::
                         163 .LDWlin9:
00000092 234f0000        164 	ld.h	0[sp],r9
00000096 280600000000*   165 	mov	rosdaoff23(_PduR_RmDestRom),r8
0000009c e9f60300        166 	mulhi	3,r9,ep
000000a0 c8f1            167 	add	r8,ep
000000a2 6238            168 	sld.bu	2[ep],r7
000000a4 653a            169 	cmp	5,r7
000000a6 fa1d*           170 	bne	.L138
                         171 --	    .bs
                         172 .LDW91:
                         173 --line174
                         174 ..lin.C.3A.5C_ECU2.5CECU_Rivian_A1.5CTarget.5Crepo_projects.5CpFOTA.5CcL_LATEST.5Cmake.5Cobj.5CPduR_RmTp.10::
                         175 .LDWlin10:
000000a8 61f0            176 	sld.bu	1[ep],ep
000000aa 260600000000*   177 	mov	rosdaoff23(_PduR_RmSrcRom),r6
000000b0 1b38            178 	mov	r27,r7
000000b2 1a40            179 	mov	r26,r8
000000b4 c2f2            180 	shl	2,ep
000000b6 c6f1            181 	add	r6,ep
000000b8 6098            182 	sld.bu	0[ep],r19
000000ba 6330            183 	sld.bu	3[ep],r6
000000bc 1948            184 	mov	r25,r9
000000be f3962800        185 	mulhi	40,r19,r18
000000c2 c591            186 	add	r5,r18
000000c4 920709e00000*   187 	ld.w	rosdaoff23(_PduR_MmRom+8)[r18],r28
000000ca fcc760f9        188 	jarl	[r28],lp
000000ce 0ae0            189 	mov	r10,r28
                         190 --	    .es
                         191 .LDW02:
                         192 --line176
                         193 ..lin.C.3A.5C_ECU2.5CECU_Rivian_A1.5CTarget.5Crepo_projects.5CpFOTA.5CcL_LATEST.5Cmake.5Cobj.5CPduR_RmTp.11::
                         194 .LDWlin11:
000000d0 a50d*           195 	br	.L138
                         196 .L132:
                         197 --line184
                         198 ..lin.C.3A.5C_ECU2.5CECU_Rivian_A1.5CTarget.5Crepo_projects.5CpFOTA.5CcL_LATEST.5Cmake.5Cobj.5CPduR_RmTp.12::
                         199 .LDWlin12:
000000d2 20363300        200 	movea	51,zero,r6
000000d6 003a            201 	mov	0,r7
000000d8 2046ab00        202 	movea	171,zero,r8
000000dc 204ea100        203 	movea	161,zero,r9
                         204 	jarl	_Det_ReportError,lp
                         204 <EXPANSION BEGIN>
                         204 jarl22 _Det_ReportError , lp 
000000e0 80ff0000*       204 <EXPANSION END>
                         205 .L138:
                         206 --	    .es
                         207 .LDW12:
                         208 --line187
                         209 ..lin.C.3A.5C_ECU2.5CECU_Rivian_A1.5CTarget.5Crepo_projects.5CpFOTA.5CcL_LATEST.5Cmake.5Cobj.5CPduR_RmTp.13::
                         210 .LDWlin13:
000000e4 1d30            211 	mov	r29,r6
                         212 	jarl	_PduR_Lock_UnlockRoutingPathByGDestPdu,lp

                                                                      Page 5
                                                              C:\Users\nhuliyap\AppData\Local\Temp\gh_00006181.s
                         212 <EXPANSION BEGIN>
                         212 jarl22 _PduR_Lock_UnlockRoutingPathByGDestPdu , lp 
000000e6 80ff0000*       212 <EXPANSION END>
                         213 --line188
                         214 ..lin.C.3A.5C_ECU2.5CECU_Rivian_A1.5CTarget.5Crepo_projects.5CpFOTA.5CcL_LATEST.5Cmake.5Cobj.5CPduR_RmTp.14::
                         215 .LDWlin14:
000000ea 1c50            216 	mov	r28,r10
                         217 --	    .ef
                         218 .LDW22:
000000ec 4206ff70        219 	dispose	1,{r25,r26,r27,r28,r29,r31},[lp]
                         220 	.type	_PduR_RmTp_MultipleSourceHandler_CopyTxData,@function
                         221 	.size	_PduR_RmTp_MultipleSourceHandler_CopyTxData,.-_PduR_RmTp_MultipleSourceHandler_CopyTxData
                         222 	.align	2
                         223 .LDW32:
                         224 --_retVal	r28	local
                         225 --_rmDestRomIdx	0[sp]	local
                         226 
                         227 --_rmGDestRomIdx	r29	param
                         228 --_info	r27	param
                         229 --_retry	r26	param
                         230 --_availableDataPtr	r25	param
                         231 
                         232 	.section ".bss","awb"
                         233 .L181:
                         234 	.type	.L181,@object
                         235 	.size	.L181,0
                         236 	.data
                         237 	.text
                         238 	.align	2
                         239 	.align	2
                         240 ..gh.f.f.1.e.2:
                         241 	.type	..gh.f.f.1.e.2,@object
                         242 	.size	..gh.f.f.1.e.2,0
                         243 	.global	_PduR_RmTp_Transmit_MultiDest
                         244 _PduR_RmTp_Transmit_MultiDest:
000000f0 8007e170        245 	prepare	{r25,r26,r27,r28,r29,r31},0
000000f4 07c8            246 	mov	r7,r25
                         247 --	    .bf
                         248 .LDW42:
000000f6 c232            249 	shl	2,r6
000000f8 c531            250 	add	r5,r6
000000fa a60705d80000*   251 	ld.bu	rosdaoff23(_PduR_RmSrcRom+2)[r6],r27
00000100 01e2            252 	mov	1,r28
00000102 1be8            253 	mov	r27,r29
00000104 952d*           254 	br	.L247
                         255 .L246:
                         256 --	    .bs
                         257 .LDW52:
                         258 --line233
                         259 ..lin.C.3A.5C_ECU2.5CECU_Rivian_A1.5CTarget.5Crepo_projects.5CpFOTA.5CcL_LATEST.5Cmake.5Cobj.5CPduR_RmTp.15::
                         260 .LDWlin15:
00000106 fdf60300        261 	mulhi	3,r29,ep
0000010a c5f1            262 	add	r5,ep
0000010c be0705d00000*   263 	ld.bu	rosdaoff23(_PduR_RmDestRom)[ep],r26
00000112 faf60500        264 	mulhi	5,r26,ep
00000116 c5f1            265 	add	r5,ep
00000118 be0705700000*   266 	ld.bu	rosdaoff23(_PduR_RmGDestRom+1)[ep],r14
0000011e 6172            267 	cmp	1,r14
00000120 aa1d*           268 	bne	.L245
                         269 --line239
                         270 ..lin.C.3A.5C_ECU2.5CECU_Rivian_A1.5CTarget.5Crepo_projects.5CpFOTA.5CcL_LATEST.5Cmake.5Cobj.5CPduR_RmTp.16::

                                                                      Page 6
                                                              C:\Users\nhuliyap\AppData\Local\Temp\gh_00006181.s
                         271 .LDWlin16:
00000122 1d30            272 	mov	r29,r6
                         273 	jarl	_PduR_Lock_LockRoutingPathByDestPdu,lp
                         273 <EXPANSION BEGIN>
                         273 jarl22 _PduR_Lock_LockRoutingPathByDestPdu , lp 
00000124 80ff0000*       273 <EXPANSION END>
00000128 faf60500        274 	mulhi	5,r26,ep
0000012c 2d0600000000*   275 	mov	rosdaoff23(_PduR_RmGDestRom),r13
00000132 1938            276 	mov	r25,r7
00000134 cdf1            277 	add	r13,ep
00000136 6260            278 	sld.bu	2[ep],r12
00000138 6030            279 	sld.bu	0[ep],r6
0000013a ec962800        280 	mulhi	40,r12,r18
0000013e c591            281 	add	r5,r18
00000140 920709d00000*   282 	ld.w	rosdaoff23(_PduR_MmRom+36)[r18],r26
00000146 fac760f9        283 	jarl	[r26],lp
0000014a 0ad0            284 	mov	r10,r26
0000014c 1d30            285 	mov	r29,r6
                         286 	jarl	_PduR_Lock_UnlockRoutingPathByDestPdu,lp
                         286 <EXPANSION BEGIN>
                         286 jarl22 _PduR_Lock_UnlockRoutingPathByDestPdu , lp 
0000014e 80ff0000*       286 <EXPANSION END>
00000152 5ae1            287 	and	r26,r28
                         288 .L245:
                         289 --	    .es
                         290 .LDW62:
                         291 --line232
                         292 ..lin.C.3A.5C_ECU2.5CECU_Rivian_A1.5CTarget.5Crepo_projects.5CpFOTA.5CcL_LATEST.5Cmake.5Cobj.5CPduR_RmTp.17::
                         293 .LDWlin17:
00000154 41ea            294 	add	1,r29
                         295 .L247:
00000156 1b560100        296 	addi	1,r27,r10
0000015a 8a00            297 	zxb	r10
0000015c eae9            298 	cmp	r10,r29
0000015e c1d5*           299 	bl	.L246
                         300 --line246
                         301 ..lin.C.3A.5C_ECU2.5CECU_Rivian_A1.5CTarget.5Crepo_projects.5CpFOTA.5CcL_LATEST.5Cmake.5Cobj.5CPduR_RmTp.18::
                         302 .LDWlin18:
00000160 1c50            303 	mov	r28,r10
                         304 --	    .ef
                         305 .LDW72:
00000162 4006ff70        306 	dispose	0,{r25,r26,r27,r28,r29,r31},[lp]
                         307 	.type	_PduR_RmTp_Transmit_MultiDest,@function
                         308 	.size	_PduR_RmTp_Transmit_MultiDest,.-_PduR_RmTp_Transmit_MultiDest
                         309 	.align	2
                         310 .LDW82:
                         311 --_retVal	r28	local
                         312 --_rmDestIdx	r29	local
                         313 --_retVal	r26	local
                         314 
                         315 --_rmSrcIdx	r6	param
                         316 --_info	r25	param
                         317 
                         318 	.section ".bss","awb"
                         319 .L324:
                         320 	.type	.L324,@object
                         321 	.size	.L324,0
                         322 	.data
                         323 	.text
                         324 	.align	2
                         325 --_PduR_MmRom	rosdaoff23(_PduR_MmRom)	import

                                                                      Page 7
                                                              C:\Users\nhuliyap\AppData\Local\Temp\gh_00006181.s
                         326 --_PduR_RmDestRom	rosdaoff23(_PduR_RmDestRom)	import
                         327 --_PduR_RmGDestRom	rosdaoff23(_PduR_RmGDestRom)	import
                         328 --_PduR_RmSrcRom	rosdaoff23(_PduR_RmSrcRom)	import
                         329 
                         330 	.data
                         331 	.ghsnote version,17
                         332 	.ghsnote tools,3
                         333 	.ghsnote options,144
                         334 	.text
                         335 	.align	2
                         336 ..eof.C.3A.5C_ECU2.5CECU_Rivian_A1.5CTarget.5Crepo_projects.5CpFOTA.5CcL_LATEST.5Cmake.5Cobj.5CPduR_RmTp...43.3A.5C_ECU2.5CECU_Rivian_A1.5CTarget.5Crepo_projects.5CpFOTA.5CcL_LATEST.5Cmake..64F86B69..0::
                         337 .rh850_flags REGMODE32,DATA_ALIGN8,GP_FIX,EP_NONFIX,TP_FIX,REG2_RESERVE,G3K,SDA_EXTRA_REGS_0
