                                                                      Page 1
                                                              C:\Users\nhuliyap\AppData\Local\Temp\gh_0000dbc1.s
Command Line: C:\GHS\comp_201517\ease850.exe -w -stderr=err/PduR_Lock.err -elf -b0 -I../source/_common -I../source/common -I../source/ecuabcanif -I../source/ecuabcantrcv -I../source/ecuabcryif -I../source/ecuabfee -I../source/ecuabmemif -I../source/libautosar -I../source/mcalcan -I../source/mcalcry -I../source/mcaldio -I../source/mcaleep -I../source/mcalfls -I../source/mcalmcu -I../source/projectara -I../source/projectcfg -I../source/projectcompiler -I../source/swcservicebswm -I../source/swcservicecantp -I../source/swcservicecomm -I../source/swcservicecsm -I../source/swcservicedcm -I../source/swcservicedem -I../source/swcservicedet -I../source/swcserviceecum -I../source/swcservicenvm -I../source/swcserviceos -I../source/swcservicepdur -I../source/swcserviceschm -I../source/swcservicestartup -I../source/wrappers/swcservicesecm -I../source/wrappers/vsecprim -I../source/wrappers/vstdlib -Ic:/ghs/comp_201517/ansi -Ic:/ghs/comp_201517/include/v800 -Igendata -IC:\GHS\comp_201517\lib\rh850 -cg_underscore -cpu=rh850g3k -nofpu -no_v850_simd -rh850_fpsimd=none -nomacro -patch_dbo=C:\_ECU2\ECU_Rivian_A1\Target\repo_projects\pFOTA\cL_LATEST\make\obj\PduR_Lock.dbo -source=PduR_Lock.c -o obj\gh_0000dbc1.o -list=lst/PduR_Lock.lst C:\Users\nhuliyap\AppData\Local\Temp\gh_0000dbc1.s 
Original File: C:\Users\nhuliyap\AppData\Local\Temp\gh_0000dbc1.s
Source File: PduR_Lock.c
Directory: C:\_ECU2\ECU_Rivian_A1\Target\repo_projects\pFOTA\cL_LATEST\make
Host OS: Windows
EASE: Copyright (C) 1983-2015 Green Hills Software.  All Rights Reserved.
Release: Compiler v2015.1.7
Build Directory: [Directory] BTOWORKER6:c:/build_2015_1_bto/2015-10-21.2100-2015_1_bto/win32-comp-ecom
Revision: [VCInfo] http://toolsvc/branches/release-branch-70-bto/src@544153 (built by build)
Revision Date: Thu Oct 22 07:50:13 2015

Release Date: Thu Oct 22 09:32:32 2015

                           1 --Driver Command: ccrh850 -DBRS_DERIVATIVE_701018 -DBRS_OSC_CLK=16
                           2 --		-DBRS_TIMEBASE_CLOCK=80 -DBRS_EVA_BOARD_
                           3 --		-DBRS_DERIVATIVE_GROUP_F1L -DBRS_OS_USECASE_BRS
                           4 --		-DBRS_PLATFORM_RH850 -DBRS_COMP_GHS
                           5 --		-DBRS_CPU_LOCAL_RAM_SIZE_CORE0=32
                           6 --		-DBRS_CPU_RAM_START_CORE0=0xFEDF8000 -list=lst/PduR_Lock.lst
                           7 --		-object_dir=obj -stderr=err/PduR_Lock.err -c -cpu=rh850 -sda=all
                           8 --		-large_sda -prepare_dispose -pragma_asm_inline -no_callt
                           9 --		-inline_prologue -notda -reserve_r2 -fsoft
                          10 --		--unknown_pragma_warnings -list -g -Ogeneral -shortenum
                          11 --		-registermode=32 -I../source/_common -I../source/common
                          12 --		-I../source/ecuabcanif -I../source/ecuabcantrcv
                          13 --		-I../source/ecuabcryif -I../source/ecuabfee
                          14 --		-I../source/ecuabmemif -I../source/libautosar -I../source/mcalcan
                          15 --		-I../source/mcalcry -I../source/mcaldio -I../source/mcaleep
                          16 --		-I../source/mcalfls -I../source/mcalmcu -I../source/projectara
                          17 --		-I../source/projectcfg -I../source/projectcompiler
                          18 --		-I../source/swcservicebswm -I../source/swcservicecantp
                          19 --		-I../source/swcservicecomm -I../source/swcservicecsm
                          20 --		-I../source/swcservicedcm -I../source/swcservicedem
                          21 --		-I../source/swcservicedet -I../source/swcserviceecum
                          22 --		-I../source/swcservicenvm -I../source/swcserviceos
                          23 --		-I../source/swcservicepdur -I../source/swcserviceschm
                          24 --		-I../source/swcservicestartup -I../source/wrappers/swcservicesecm
                          25 --		-I../source/wrappers/vsecprim -I../source/wrappers/vstdlib
                          26 --		-Ic:/ghs/comp_201517/ansi -Ic:/ghs/comp_201517/include/v800
                          27 --		-Igendata ../source/SwcServicePduR/PduR_Lock.c
                          28 --Source File:   ../source/SwcServicePduR/PduR_Lock.c
                          29 --Directory:     
                          30 --		C:\_ECU2\ECU_Rivian_A1\Target\repo_projects\pFOTA\cL_LATEST\make
                          31 --Compile Date:  Wed Sep 06 14:07:01 2023
                          32 --Host OS:       Win32
                          33 --Version:       C-RH850 2015.1.7 RELEASE VERSION
                          34 --Release:       Compiler v2015.1.7
                          35 --Revision Date: Thu Oct 22 08:06:12 2015
                          36 --Release Date:  Thu Oct 22 09:34:32 2015
                          37 -- ecom  -g -w -OM
                          38 	.text
                          39 ..bof.C.3A.5C_ECU2.5CECU_Rivian_A1.5CTarget.5Crepo_projects.5CpFOTA.5CcL_LATEST.5Cmake.5Cobj.5CPduR_Lock...43.3A.5C_ECU2.5CECU_Rivian_A1.5CTarget.5Crepo_projects.5CpFOTA.5CcL_LATEST.5Cmake..64F86B65..0::
                          40 	.align	2
                          41 ..gh.f.f.1.e.0:
                          42 	.type	..gh.f.f.1.e.0,@object
                          43 	.size	..gh.f.f.1.e.0,0
                          44 	.global	_PduR_Lock_LockRoutingPathBySrcPdu
                          45 _PduR_Lock_LockRoutingPathBySrcPdu:
00000000 80076100         46 	prepare	{r29,r31},0
                          47 --	    .bf
                          48 .LDW01:
00000004 850709e80000*    49 	ld.w	rosdaoff23(_PduR_ExclusiveAreaRom)[r5],r29
0000000a fdc760f9         50 	jarl	[r29],lp

                                                                      Page 2
                                                              C:\Users\nhuliyap\AppData\Local\Temp\gh_0000dbc1.s
                          51 --	    .ef
                          52 .LDW11:
                          53 --line117
                          54 ..lin.C.3A.5C_ECU2.5CECU_Rivian_A1.5CTarget.5Crepo_projects.5CpFOTA.5CcL_LATEST.5Cmake.5Cobj.5CPduR_Lock.1::
                          55 .LDWlin1:
0000000e 40067f00         56 	dispose	0,{r29,r31},[lp]
                          57 	.type	_PduR_Lock_LockRoutingPathBySrcPdu,@function
                          58 	.size	_PduR_Lock_LockRoutingPathBySrcPdu,.-_PduR_Lock_LockRoutingPathBySrcPdu
                          59 	.align	2
                          60 .LDW21:
                          61 
                          62 --_rmSrcIdx	none	param
                          63 
                          64 	.section ".bss","awb"
                          65 .L65:
                          66 	.type	.L65,@object
                          67 	.size	.L65,0
                          68 	.data
                          69 	.text
                          70 	.align	2
                          71 	.align	2
                          72 ..gh.f.f.1.e.1:
                          73 	.type	..gh.f.f.1.e.1,@object
                          74 	.size	..gh.f.f.1.e.1,0
                          75 	.global	_PduR_Lock_UnlockRoutingPathBySrcPdu
                          76 _PduR_Lock_UnlockRoutingPathBySrcPdu:
00000012 80076100         77 	prepare	{r29,r31},0
                          78 --	    .bf
                          79 .LDW31:
00000016 850709e80000*    80 	ld.w	rosdaoff23(_PduR_ExclusiveAreaRom+4)[r5],r29
0000001c fdc760f9         81 	jarl	[r29],lp
                          82 --	    .ef
                          83 .LDW41:
                          84 --line122
                          85 ..lin.C.3A.5C_ECU2.5CECU_Rivian_A1.5CTarget.5Crepo_projects.5CpFOTA.5CcL_LATEST.5Cmake.5Cobj.5CPduR_Lock.2::
                          86 .LDWlin2:
00000020 40067f00         87 	dispose	0,{r29,r31},[lp]
                          88 	.type	_PduR_Lock_UnlockRoutingPathBySrcPdu,@function
                          89 	.size	_PduR_Lock_UnlockRoutingPathBySrcPdu,.-_PduR_Lock_UnlockRoutingPathBySrcPdu
                          90 	.align	2
                          91 .LDW51:
                          92 
                          93 --_rmSrcIdx	none	param
                          94 
                          95 	.section ".bss","awb"
                          96 .L113:
                          97 	.type	.L113,@object
                          98 	.size	.L113,0
                          99 	.data
                         100 	.text
                         101 	.align	2
                         102 	.align	2
                         103 ..gh.f.f.1.e.2:
                         104 	.type	..gh.f.f.1.e.2,@object
                         105 	.size	..gh.f.f.1.e.2,0
                         106 	.global	_PduR_Lock_LockRoutingPathByDestPdu
                         107 _PduR_Lock_LockRoutingPathByDestPdu:
00000024 80076100        108 	prepare	{r29,r31},0
                         109 --	    .bf
                         110 .LDW61:
00000028 850709e80000*   111 	ld.w	rosdaoff23(_PduR_ExclusiveAreaRom)[r5],r29

                                                                      Page 3
                                                              C:\Users\nhuliyap\AppData\Local\Temp\gh_0000dbc1.s
0000002e fdc760f9        112 	jarl	[r29],lp
                         113 --	    .ef
                         114 .LDW71:
                         115 --line127
                         116 ..lin.C.3A.5C_ECU2.5CECU_Rivian_A1.5CTarget.5Crepo_projects.5CpFOTA.5CcL_LATEST.5Cmake.5Cobj.5CPduR_Lock.3::
                         117 .LDWlin3:
00000032 40067f00        118 	dispose	0,{r29,r31},[lp]
                         119 	.type	_PduR_Lock_LockRoutingPathByDestPdu,@function
                         120 	.size	_PduR_Lock_LockRoutingPathByDestPdu,.-_PduR_Lock_LockRoutingPathByDestPdu
                         121 	.align	2
                         122 .LDW81:
                         123 
                         124 --_rmDestIdx	none	param
                         125 
                         126 	.section ".bss","awb"
                         127 .L161:
                         128 	.type	.L161,@object
                         129 	.size	.L161,0
                         130 	.data
                         131 	.text
                         132 	.align	2
                         133 	.align	2
                         134 ..gh.f.f.1.e.3:
                         135 	.type	..gh.f.f.1.e.3,@object
                         136 	.size	..gh.f.f.1.e.3,0
                         137 	.global	_PduR_Lock_UnlockRoutingPathByDestPdu
                         138 _PduR_Lock_UnlockRoutingPathByDestPdu:
00000036 80076100        139 	prepare	{r29,r31},0
                         140 --	    .bf
                         141 .LDW91:
0000003a 850709e80000*   142 	ld.w	rosdaoff23(_PduR_ExclusiveAreaRom+4)[r5],r29
00000040 fdc760f9        143 	jarl	[r29],lp
                         144 --	    .ef
                         145 .LDW02:
                         146 --line132
                         147 ..lin.C.3A.5C_ECU2.5CECU_Rivian_A1.5CTarget.5Crepo_projects.5CpFOTA.5CcL_LATEST.5Cmake.5Cobj.5CPduR_Lock.4::
                         148 .LDWlin4:
00000044 40067f00        149 	dispose	0,{r29,r31},[lp]
                         150 	.type	_PduR_Lock_UnlockRoutingPathByDestPdu,@function
                         151 	.size	_PduR_Lock_UnlockRoutingPathByDestPdu,.-_PduR_Lock_UnlockRoutingPathByDestPdu
                         152 	.align	2
                         153 .LDW12:
                         154 
                         155 --_rmDestIdx	none	param
                         156 
                         157 	.section ".bss","awb"
                         158 .L209:
                         159 	.type	.L209,@object
                         160 	.size	.L209,0
                         161 	.data
                         162 	.text
                         163 	.align	2
                         164 	.align	2
                         165 ..gh.f.f.1.e.4:
                         166 	.type	..gh.f.f.1.e.4,@object
                         167 	.size	..gh.f.f.1.e.4,0
                         168 	.global	_PduR_Lock_LockRoutingPathByGDestPdu
                         169 _PduR_Lock_LockRoutingPathByGDestPdu:
00000048 80076100        170 	prepare	{r29,r31},0
                         171 --	    .bf
                         172 .LDW22:

                                                                      Page 4
                                                              C:\Users\nhuliyap\AppData\Local\Temp\gh_0000dbc1.s
0000004c 850709e80000*   173 	ld.w	rosdaoff23(_PduR_ExclusiveAreaRom)[r5],r29
00000052 fdc760f9        174 	jarl	[r29],lp
                         175 --	    .ef
                         176 .LDW32:
                         177 --line137
                         178 ..lin.C.3A.5C_ECU2.5CECU_Rivian_A1.5CTarget.5Crepo_projects.5CpFOTA.5CcL_LATEST.5Cmake.5Cobj.5CPduR_Lock.5::
                         179 .LDWlin5:
00000056 40067f00        180 	dispose	0,{r29,r31},[lp]
                         181 	.type	_PduR_Lock_LockRoutingPathByGDestPdu,@function
                         182 	.size	_PduR_Lock_LockRoutingPathByGDestPdu,.-_PduR_Lock_LockRoutingPathByGDestPdu
                         183 	.align	2
                         184 .LDW42:
                         185 
                         186 --_rmGDestIdx	none	param
                         187 
                         188 	.section ".bss","awb"
                         189 .L257:
                         190 	.type	.L257,@object
                         191 	.size	.L257,0
                         192 	.data
                         193 	.text
                         194 	.align	2
                         195 	.align	2
                         196 ..gh.f.f.1.e.5:
                         197 	.type	..gh.f.f.1.e.5,@object
                         198 	.size	..gh.f.f.1.e.5,0
                         199 	.global	_PduR_Lock_UnlockRoutingPathByGDestPdu
                         200 _PduR_Lock_UnlockRoutingPathByGDestPdu:
0000005a 80076100        201 	prepare	{r29,r31},0
                         202 --	    .bf
                         203 .LDW52:
0000005e 850709e80000*   204 	ld.w	rosdaoff23(_PduR_ExclusiveAreaRom+4)[r5],r29
00000064 fdc760f9        205 	jarl	[r29],lp
                         206 --	    .ef
                         207 .LDW62:
                         208 --line142
                         209 ..lin.C.3A.5C_ECU2.5CECU_Rivian_A1.5CTarget.5Crepo_projects.5CpFOTA.5CcL_LATEST.5Cmake.5Cobj.5CPduR_Lock.6::
                         210 .LDWlin6:
00000068 40067f00        211 	dispose	0,{r29,r31},[lp]
                         212 	.type	_PduR_Lock_UnlockRoutingPathByGDestPdu,@function
                         213 	.size	_PduR_Lock_UnlockRoutingPathByGDestPdu,.-_PduR_Lock_UnlockRoutingPathByGDestPdu
                         214 	.align	2
                         215 .LDW72:
                         216 
                         217 --_rmGDestIdx	none	param
                         218 
                         219 	.section ".bss","awb"
                         220 .L305:
                         221 	.type	.L305,@object
                         222 	.size	.L305,0
                         223 	.data
                         224 	.text
                         225 	.align	2
                         226 --_PduR_ExclusiveAreaRom	rosdaoff23(_PduR_ExclusiveAreaRom)	import
                         227 --_PduR_RmDestRom	rosdaoff23(_PduR_RmDestRom)	import
                         228 --_PduR_RmGDestRom	rosdaoff23(_PduR_RmGDestRom)	import
                         229 --_PduR_RmSrcRom	rosdaoff23(_PduR_RmSrcRom)	import
                         230 
                         231 	.data
                         232 	.ghsnote version,17
                         233 	.ghsnote tools,3

                                                                      Page 5
                                                              C:\Users\nhuliyap\AppData\Local\Temp\gh_0000dbc1.s
                         234 	.ghsnote options,144
                         235 	.text
                         236 	.align	2
                         237 ..eof.C.3A.5C_ECU2.5CECU_Rivian_A1.5CTarget.5Crepo_projects.5CpFOTA.5CcL_LATEST.5Cmake.5Cobj.5CPduR_Lock...43.3A.5C_ECU2.5CECU_Rivian_A1.5CTarget.5Crepo_projects.5CpFOTA.5CcL_LATEST.5Cmake..64F86B65..0::
                         238 .rh850_flags REGMODE32,DATA_ALIGN8,GP_FIX,EP_NONFIX,TP_FIX,REG2_RESERVE,G3K,SDA_EXTRA_REGS_0
