                                                                      Page 1
                                                              C:\Users\nhuliyap\AppData\Local\Temp\gh_0000d6c1.s
Command Line: C:\GHS\comp_201517\ease850.exe -w -stderr=err/PduR_RmIf.err -elf -b0 -I../source/_common -I../source/common -I../source/ecuabcanif -I../source/ecuabcantrcv -I../source/ecuabcryif -I../source/ecuabfee -I../source/ecuabmemif -I../source/libautosar -I../source/mcalcan -I../source/mcalcry -I../source/mcaldio -I../source/mcaleep -I../source/mcalfls -I../source/mcalmcu -I../source/projectara -I../source/projectcfg -I../source/projectcompiler -I../source/swcservicebswm -I../source/swcservicecantp -I../source/swcservicecomm -I../source/swcservicecsm -I../source/swcservicedcm -I../source/swcservicedem -I../source/swcservicedet -I../source/swcserviceecum -I../source/swcservicenvm -I../source/swcserviceos -I../source/swcservicepdur -I../source/swcserviceschm -I../source/swcservicestartup -I../source/wrappers/swcservicesecm -I../source/wrappers/vsecprim -I../source/wrappers/vstdlib -Ic:/ghs/comp_201517/ansi -Ic:/ghs/comp_201517/include/v800 -Igendata -IC:\GHS\comp_201517\lib\rh850 -cg_underscore -cpu=rh850g3k -nofpu -no_v850_simd -rh850_fpsimd=none -nomacro -patch_dbo=C:\_ECU2\ECU_Rivian_A1\Target\repo_projects\pFOTA\cL_LATEST\make\obj\PduR_RmIf.dbo -source=PduR_RmIf.c -o obj\gh_0000d6c1.o -list=lst/PduR_RmIf.lst C:\Users\nhuliyap\AppData\Local\Temp\gh_0000d6c1.s 
Original File: C:\Users\nhuliyap\AppData\Local\Temp\gh_0000d6c1.s
Source File: PduR_RmIf.c
Directory: C:\_ECU2\ECU_Rivian_A1\Target\repo_projects\pFOTA\cL_LATEST\make
Host OS: Windows
EASE: Copyright (C) 1983-2015 Green Hills Software.  All Rights Reserved.
Release: Compiler v2015.1.7
Build Directory: [Directory] BTOWORKER6:c:/build_2015_1_bto/2015-10-21.2100-2015_1_bto/win32-comp-ecom
Revision: [VCInfo] http://toolsvc/branches/release-branch-70-bto/src@544153 (built by build)
Revision Date: Thu Oct 22 07:50:13 2015

Release Date: Thu Oct 22 09:32:32 2015

                           1 --Driver Command: ccrh850 -DBRS_DERIVATIVE_701018 -DBRS_OSC_CLK=16
                           2 --		-DBRS_TIMEBASE_CLOCK=80 -DBRS_EVA_BOARD_
                           3 --		-DBRS_DERIVATIVE_GROUP_F1L -DBRS_OS_USECASE_BRS
                           4 --		-DBRS_PLATFORM_RH850 -DBRS_COMP_GHS
                           5 --		-DBRS_CPU_LOCAL_RAM_SIZE_CORE0=32
                           6 --		-DBRS_CPU_RAM_START_CORE0=0xFEDF8000 -list=lst/PduR_RmIf.lst
                           7 --		-object_dir=obj -stderr=err/PduR_RmIf.err -c -cpu=rh850 -sda=all
                           8 --		-large_sda -prepare_dispose -pragma_asm_inline -no_callt
                           9 --		-inline_prologue -notda -reserve_r2 -fsoft
                          10 --		--unknown_pragma_warnings -list -g -Ogeneral -shortenum
                          11 --		-registermode=32 -I../source/_common -I../source/common
                          12 --		-I../source/ecuabcanif -I../source/ecuabcantrcv
                          13 --		-I../source/ecuabcryif -I../source/ecuabfee
                          14 --		-I../source/ecuabmemif -I../source/libautosar -I../source/mcalcan
                          15 --		-I../source/mcalcry -I../source/mcaldio -I../source/mcaleep
                          16 --		-I../source/mcalfls -I../source/mcalmcu -I../source/projectara
                          17 --		-I../source/projectcfg -I../source/projectcompiler
                          18 --		-I../source/swcservicebswm -I../source/swcservicecantp
                          19 --		-I../source/swcservicecomm -I../source/swcservicecsm
                          20 --		-I../source/swcservicedcm -I../source/swcservicedem
                          21 --		-I../source/swcservicedet -I../source/swcserviceecum
                          22 --		-I../source/swcservicenvm -I../source/swcserviceos
                          23 --		-I../source/swcservicepdur -I../source/swcserviceschm
                          24 --		-I../source/swcservicestartup -I../source/wrappers/swcservicesecm
                          25 --		-I../source/wrappers/vsecprim -I../source/wrappers/vstdlib
                          26 --		-Ic:/ghs/comp_201517/ansi -Ic:/ghs/comp_201517/include/v800
                          27 --		-Igendata ../source/SwcServicePduR/PduR_RmIf.c
                          28 --Source File:   ../source/SwcServicePduR/PduR_RmIf.c
                          29 --Directory:     
                          30 --		C:\_ECU2\ECU_Rivian_A1\Target\repo_projects\pFOTA\cL_LATEST\make
                          31 --Compile Date:  Wed Sep 06 14:07:04 2023
                          32 --Host OS:       Win32
                          33 --Version:       C-RH850 2015.1.7 RELEASE VERSION
                          34 --Release:       Compiler v2015.1.7
                          35 --Revision Date: Thu Oct 22 08:06:12 2015
                          36 --Release Date:  Thu Oct 22 09:34:32 2015
                          37 -- ecom  -g -w -OM
                          38 	.text
                          39 ..bof.C.3A.5C_ECU2.5CECU_Rivian_A1.5CTarget.5Crepo_projects.5CpFOTA.5CcL_LATEST.5Cmake.5Cobj.5CPduR_RmIf...43.3A.5C_ECU2.5CECU_Rivian_A1.5CTarget.5Crepo_projects.5CpFOTA.5CcL_LATEST.5Cmake..64F86B68..0::
                          40 	.align	2
                          41 ..gh.f.f.1.e.0:
                          42 	.type	..gh.f.f.1.e.0,@object
                          43 	.size	..gh.f.f.1.e.0,0
                          44 	.global	_PduR_RmIf_MultipleSourceHandler_TxConfirmation
                          45 _PduR_RmIf_MultipleSourceHandler_TxConfirmation:
00000000 82076100         46 	prepare	{r29,r31},1
00000004 8600             47 	zxb	r6
                          48 --	    .bf
                          49 .LDW01:
00000006 06e8             50 	mov	r6,r29

                                                                      Page 2
                                                              C:\Users\nhuliyap\AppData\Local\Temp\gh_0000d6c1.s
00000008 0338             51 	mov	sp,r7
                          52 	jarl	_PduR_Rm_GetSrcDestPdu,lp
                          52 <EXPANSION BEGIN>
                          52 jarl22 _PduR_Rm_GetSrcDestPdu , lp 
0000000a 80ff0000*        52 <EXPANSION END>
0000000e e051             53 	cmp	zero,r10
00000010 9a25*            54 	bne	.L23
                          55 --	    .bs
                          56 .LDW11:
                          57 --line250
                          58 ..lin.C.3A.5C_ECU2.5CECU_Rivian_A1.5CTarget.5Crepo_projects.5CpFOTA.5CcL_LATEST.5Cmake.5Cobj.5CPduR_RmIf.1::
                          59 .LDWlin1:
00000012 234f0000         60 	ld.h	0[sp],r9
00000016 270600000000*    61 	mov	rosdaoff23(_PduR_RmSrcRom),r7
0000001c e9f60300         62 	mulhi	3,r9,ep
00000020 c5f1             63 	add	r5,ep
00000022 be0705f00000*    64 	ld.bu	rosdaoff23(_PduR_RmDestRom+1)[ep],ep
00000028 c2f2             65 	shl	2,ep
0000002a c7f1             66 	add	r7,ep
0000002c 6030             67 	sld.bu	0[ep],r6
0000002e 6332             68 	cmp	3,r6
00000030 9a1d*            69 	bne	.L21
                          70 --line252
                          71 ..lin.C.3A.5C_ECU2.5CECU_Rivian_A1.5CTarget.5Crepo_projects.5CpFOTA.5CcL_LATEST.5Cmake.5Cobj.5CPduR_RmIf.2::
                          72 .LDWlin2:
00000032 fd960500         73 	mulhi	5,r29,r18
00000036 c591             74 	add	r5,r18
00000038 b20705980000*    75 	ld.bu	rosdaoff23(_PduR_RmGDestRom+3)[r18],r19
0000003e 619a             76 	cmp	1,r19
00000040 9a15*            77 	bne	.L21
                          78 --line257
                          79 ..lin.C.3A.5C_ECU2.5CECU_Rivian_A1.5CTarget.5Crepo_projects.5CpFOTA.5CcL_LATEST.5Cmake.5Cobj.5CPduR_RmIf.3::
                          80 .LDWlin3:
00000042 6330             81 	sld.bu	3[ep],r6
00000044 850709e80000*    82 	ld.w	rosdaoff23(_PduR_MmRom+136)[r5],r29
0000004a fdc760f9         83 	jarl	[r29],lp
                          84 --line258
                          85 ..lin.C.3A.5C_ECU2.5CECU_Rivian_A1.5CTarget.5Crepo_projects.5CpFOTA.5CcL_LATEST.5Cmake.5Cobj.5CPduR_RmIf.4::
                          86 .LDWlin4:
0000004e 42067f00         87 	dispose	1,{r29,r31},[lp]
                          88 .L23:
                          89 --	    .es
                          90 .LDW21:
                          91 --line293
                          92 ..lin.C.3A.5C_ECU2.5CECU_Rivian_A1.5CTarget.5Crepo_projects.5CpFOTA.5CcL_LATEST.5Cmake.5Cobj.5CPduR_RmIf.5::
                          93 .LDWlin5:
00000052 20363300         94 	movea	51,zero,r6
00000056 003a             95 	mov	0,r7
00000058 2046d300         96 	movea	211,zero,r8
0000005c 024a             97 	mov	2,r9
                          98 	jarl	_Det_ReportError,lp
                          98 <EXPANSION BEGIN>
                          98 jarl22 _Det_ReportError , lp 
0000005e 80ff0000*        98 <EXPANSION END>
                          99 .L21:
                         100 --	    .ef
                         101 .LDW31:
                         102 --line295
                         103 ..lin.C.3A.5C_ECU2.5CECU_Rivian_A1.5CTarget.5Crepo_projects.5CpFOTA.5CcL_LATEST.5Cmake.5Cobj.5CPduR_RmIf.6::
                         104 .LDWlin6:
00000062 42067f00        105 	dispose	1,{r29,r31},[lp]

                                                                      Page 3
                                                              C:\Users\nhuliyap\AppData\Local\Temp\gh_0000d6c1.s
                         106 	.type	_PduR_RmIf_MultipleSourceHandler_TxConfirmation,@function
                         107 	.size	_PduR_RmIf_MultipleSourceHandler_TxConfirmation,.-_PduR_RmIf_MultipleSourceHandler_TxConfirmation
                         108 	.align	2
                         109 .LDW41:
                         110 --_rmDestRomIdx	0[sp]	local
                         111 
                         112 --_rmGDestRomIdx	r29	param
                         113 
                         114 	.section ".bss","awb"
                         115 .L78:
                         116 	.type	.L78,@object
                         117 	.size	.L78,0
                         118 	.data
                         119 	.text
                         120 	.align	2
                         121 	.align	2
                         122 ..gh.f.f.1.e.1:
                         123 	.type	..gh.f.f.1.e.1,@object
                         124 	.size	..gh.f.f.1.e.1,0
                         125 	.global	_PduR_RmIf_DispatchIfDestPdu
                         126 _PduR_RmIf_DispatchIfDestPdu:
00000066 8007e110        127 	prepare	{r27,r28,r29,r31},0
0000006a 8600            128 	zxb	r6
0000006c 07d8            129 	mov	r7,r27
                         130 --	    .bf
                         131 .LDW51:
0000006e e6f60300        132 	mulhi	3,r6,ep
00000072 01e2            133 	mov	1,r28
00000074 c5f1            134 	add	r5,ep
00000076 be0705980000*   135 	ld.bu	rosdaoff23(_PduR_RmDestRom+2)[ep],r19
0000007c 619a            136 	cmp	1,r19
0000007e fa1d*           137 	bne	.L147
                         138 --line559
                         139 ..lin.C.3A.5C_ECU2.5CECU_Rivian_A1.5CTarget.5Crepo_projects.5CpFOTA.5CcL_LATEST.5Cmake.5Cobj.5CPduR_RmIf.7::
                         140 .LDWlin7:
00000080 06e8            141 	mov	r6,r29
                         142 	jarl	_PduR_Lock_LockRoutingPathByDestPdu,lp
                         142 <EXPANSION BEGIN>
                         142 jarl22 _PduR_Lock_LockRoutingPathByDestPdu , lp 
00000082 80ff0000*       142 <EXPANSION END>
00000086 fdf60300        143 	mulhi	3,r29,ep
0000008a 2d0600000000*   144 	mov	rosdaoff23(_PduR_RmGDestRom),r13
00000090 1b38            145 	mov	r27,r7
00000092 c5f1            146 	add	r5,ep
00000094 be0705700000*   147 	ld.bu	rosdaoff23(_PduR_RmDestRom)[ep],r14
0000009a eef60500        148 	mulhi	5,r14,ep
0000009e cdf1            149 	add	r13,ep
000000a0 6260            150 	sld.bu	2[ep],r12
000000a2 6030            151 	sld.bu	0[ep],r6
000000a4 ec962800        152 	mulhi	40,r12,r18
000000a8 c591            153 	add	r5,r18
000000aa 920709e00000*   154 	ld.w	rosdaoff23(_PduR_MmRom+32)[r18],r28
000000b0 fcc760f9        155 	jarl	[r28],lp
000000b4 0ae0            156 	mov	r10,r28
000000b6 1d30            157 	mov	r29,r6
                         158 	jarl	_PduR_Lock_UnlockRoutingPathByDestPdu,lp
                         158 <EXPANSION BEGIN>
                         158 jarl22 _PduR_Lock_UnlockRoutingPathByDestPdu , lp 
000000b8 80ff0000*       158 <EXPANSION END>
                         159 .L147:
                         160 --line577

                                                                      Page 4
                                                              C:\Users\nhuliyap\AppData\Local\Temp\gh_0000d6c1.s
                         161 ..lin.C.3A.5C_ECU2.5CECU_Rivian_A1.5CTarget.5Crepo_projects.5CpFOTA.5CcL_LATEST.5Cmake.5Cobj.5CPduR_RmIf.8::
                         162 .LDWlin8:
000000bc 1c50            163 	mov	r28,r10
                         164 --	    .ef
                         165 .LDW61:
000000be 4006ff10        166 	dispose	0,{r27,r28,r29,r31},[lp]
                         167 	.type	_PduR_RmIf_DispatchIfDestPdu,@function
                         168 	.size	_PduR_RmIf_DispatchIfDestPdu,.-_PduR_RmIf_DispatchIfDestPdu
                         169 	.align	2
                         170 .LDW71:
                         171 --_retVal	r28	local
                         172 --_rmDestRomIdx	r29	local
                         173 
                         174 --_rmDestRomIdx	r6	param
                         175 --_info	r27	param
                         176 
                         177 	.section ".bss","awb"
                         178 .L192:
                         179 	.type	.L192,@object
                         180 	.size	.L192,0
                         181 	.data
                         182 	.text
                         183 	.align	2
                         184 	.align	2
                         185 ..gh.f.f.1.e.2:
                         186 	.type	..gh.f.f.1.e.2,@object
                         187 	.size	..gh.f.f.1.e.2,0
                         188 	.global	_PduR_RmIf_RoutePdu
                         189 _PduR_RmIf_RoutePdu:
000000c2 8007e130        190 	prepare	{r26,r27,r28,r29,r31},0
000000c6 07d0            191 	mov	r7,r26
                         192 --	    .bf
                         193 .LDW81:
000000c8 01ea            194 	mov	1,r29
                         195 --	    .bs
                         196 .LDW91:
000000ca c232            197 	shl	2,r6
000000cc c531            198 	add	r5,r6
000000ce a60705d80000*   199 	ld.bu	rosdaoff23(_PduR_RmSrcRom+2)[r6],r27
000000d4 1be0            200 	mov	r27,r28
000000d6 850d*           201 	br	.L239
                         202 .L238:
                         203 --line527
                         204 ..lin.C.3A.5C_ECU2.5CECU_Rivian_A1.5CTarget.5Crepo_projects.5CpFOTA.5CcL_LATEST.5Cmake.5Cobj.5CPduR_RmIf.9::
                         205 .LDWlin9:
000000d8 dc36ff00        206 	andi	255,r28,r6
000000dc 1a38            207 	mov	r26,r7
                         208 	jarl	_PduR_RmIf_DispatchIfDestPdu,lp
                         208 <EXPANSION BEGIN>
                         208 jarl22 _PduR_RmIf_DispatchIfDestPdu , lp 
000000de bfff88ff*       208 <EXPANSION END>
000000e2 4ae9            209 	and	r10,r29
                         210 --line485
                         211 ..lin.C.3A.5C_ECU2.5CECU_Rivian_A1.5CTarget.5Crepo_projects.5CpFOTA.5CcL_LATEST.5Cmake.5Cobj.5CPduR_RmIf.10::
                         212 .LDWlin10:
000000e4 41e2            213 	add	1,r28
                         214 .L239:
000000e6 1b4e0100        215 	addi	1,r27,r9
000000ea 8900            216 	zxb	r9
000000ec e9e1            217 	cmp	r9,r28
000000ee d1f5*           218 	bl	.L238

                                                                      Page 5
                                                              C:\Users\nhuliyap\AppData\Local\Temp\gh_0000d6c1.s
                         219 --	    .es
                         220 .LDW02:
                         221 --line539
                         222 ..lin.C.3A.5C_ECU2.5CECU_Rivian_A1.5CTarget.5Crepo_projects.5CpFOTA.5CcL_LATEST.5Cmake.5Cobj.5CPduR_RmIf.11::
                         223 .LDWlin11:
000000f0 1d50            224 	mov	r29,r10
                         225 --	    .ef
                         226 .LDW12:
000000f2 4006ff30        227 	dispose	0,{r26,r27,r28,r29,r31},[lp]
                         228 	.type	_PduR_RmIf_RoutePdu,@function
                         229 	.size	_PduR_RmIf_RoutePdu,.-_PduR_RmIf_RoutePdu
                         230 	.align	2
                         231 .LDW22:
                         232 --_retVal	r29	local
                         233 --_rmDestIdx	r28	local
                         234 
                         235 --_rmSrcIdx	r6	param
                         236 --_info	r26	param
                         237 
                         238 	.section ".bss","awb"
                         239 .L278:
                         240 	.type	.L278,@object
                         241 	.size	.L278,0
                         242 	.data
                         243 	.text
                         244 	.align	2
                         245 --_PduR_MmRom	rosdaoff23(_PduR_MmRom)	import
                         246 --_PduR_RmDestRom	rosdaoff23(_PduR_RmDestRom)	import
                         247 --_PduR_RmGDestRom	rosdaoff23(_PduR_RmGDestRom)	import
                         248 --_PduR_RmSrcRom	rosdaoff23(_PduR_RmSrcRom)	import
                         249 
                         250 	.data
                         251 	.ghsnote version,17
                         252 	.ghsnote tools,3
                         253 	.ghsnote options,144
                         254 	.text
                         255 	.align	2
                         256 ..eof.C.3A.5C_ECU2.5CECU_Rivian_A1.5CTarget.5Crepo_projects.5CpFOTA.5CcL_LATEST.5Cmake.5Cobj.5CPduR_RmIf...43.3A.5C_ECU2.5CECU_Rivian_A1.5CTarget.5Crepo_projects.5CpFOTA.5CcL_LATEST.5Cmake..64F86B68..0::
                         257 .rh850_flags REGMODE32,DATA_ALIGN8,GP_FIX,EP_NONFIX,TP_FIX,REG2_RESERVE,G3K,SDA_EXTRA_REGS_0
