                                                                      Page 1
                                                              C:\Users\nhuliyap\AppData\Local\Temp\gh_0000dgg1.s
Command Line: C:\GHS\comp_201517\ease850.exe -w -stderr=err/Sec_Verification.err -elf -b0 -I../source/_common -I../source/common -I../source/ecuabcanif -I../source/ecuabcantrcv -I../source/ecuabcryif -I../source/ecuabfee -I../source/ecuabmemif -I../source/libautosar -I../source/mcalcan -I../source/mcalcry -I../source/mcaldio -I../source/mcaleep -I../source/mcalfls -I../source/mcalmcu -I../source/projectara -I../source/projectcfg -I../source/projectcompiler -I../source/swcservicebswm -I../source/swcservicecantp -I../source/swcservicecomm -I../source/swcservicecsm -I../source/swcservicedcm -I../source/swcservicedem -I../source/swcservicedet -I../source/swcserviceecum -I../source/swcservicenvm -I../source/swcserviceos -I../source/swcservicepdur -I../source/swcserviceschm -I../source/swcservicestartup -I../source/wrappers/swcservicesecm -I../source/wrappers/vsecprim -I../source/wrappers/vstdlib -Ic:/ghs/comp_201517/ansi -Ic:/ghs/comp_201517/include/v800 -Igendata -IC:\GHS\comp_201517\lib\rh850 -cg_underscore -cpu=rh850g3k -nofpu -no_v850_simd -rh850_fpsimd=none -nomacro -patch_dbo=C:\_ECU2\ECU_Rivian_A1\Target\repo_projects\pFOTA\cL_LATEST\make\obj\Sec_Verification.dbo -source=Sec_Verification.c -o obj\gh_0000dgg1.o -list=lst/Sec_Verification.lst C:\Users\nhuliyap\AppData\Local\Temp\gh_0000dgg1.s 
Original File: C:\Users\nhuliyap\AppData\Local\Temp\gh_0000dgg1.s
Source File: Sec_Verification.c
Directory: C:\_ECU2\ECU_Rivian_A1\Target\repo_projects\pFOTA\cL_LATEST\make
Host OS: Windows
EASE: Copyright (C) 1983-2015 Green Hills Software.  All Rights Reserved.
Release: Compiler v2015.1.7
Build Directory: [Directory] BTOWORKER6:c:/build_2015_1_bto/2015-10-21.2100-2015_1_bto/win32-comp-ecom
Revision: [VCInfo] http://toolsvc/branches/release-branch-70-bto/src@544153 (built by build)
Revision Date: Thu Oct 22 07:50:13 2015

Release Date: Thu Oct 22 09:32:32 2015

                           1 --Driver Command: ccrh850 -DBRS_DERIVATIVE_701018 -DBRS_OSC_CLK=16
                           2 --		-DBRS_TIMEBASE_CLOCK=80 -DBRS_EVA_BOARD_
                           3 --		-DBRS_DERIVATIVE_GROUP_F1L -DBRS_OS_USECASE_BRS
                           4 --		-DBRS_PLATFORM_RH850 -DBRS_COMP_GHS
                           5 --		-DBRS_CPU_LOCAL_RAM_SIZE_CORE0=32
                           6 --		-DBRS_CPU_RAM_START_CORE0=0xFEDF8000
                           7 --		-list=lst/Sec_Verification.lst -object_dir=obj
                           8 --		-stderr=err/Sec_Verification.err -c -cpu=rh850 -sda=all
                           9 --		-large_sda -prepare_dispose -pragma_asm_inline -no_callt
                          10 --		-inline_prologue -notda -reserve_r2 -fsoft
                          11 --		--unknown_pragma_warnings -list -g -Ogeneral -shortenum
                          12 --		-registermode=32 -I../source/_common -I../source/common
                          13 --		-I../source/ecuabcanif -I../source/ecuabcantrcv
                          14 --		-I../source/ecuabcryif -I../source/ecuabfee
                          15 --		-I../source/ecuabmemif -I../source/libautosar -I../source/mcalcan
                          16 --		-I../source/mcalcry -I../source/mcaldio -I../source/mcaleep
                          17 --		-I../source/mcalfls -I../source/mcalmcu -I../source/projectara
                          18 --		-I../source/projectcfg -I../source/projectcompiler
                          19 --		-I../source/swcservicebswm -I../source/swcservicecantp
                          20 --		-I../source/swcservicecomm -I../source/swcservicecsm
                          21 --		-I../source/swcservicedcm -I../source/swcservicedem
                          22 --		-I../source/swcservicedet -I../source/swcserviceecum
                          23 --		-I../source/swcservicenvm -I../source/swcserviceos
                          24 --		-I../source/swcservicepdur -I../source/swcserviceschm
                          25 --		-I../source/swcservicestartup -I../source/wrappers/swcservicesecm
                          26 --		-I../source/wrappers/vsecprim -I../source/wrappers/vstdlib
                          27 --		-Ic:/ghs/comp_201517/ansi -Ic:/ghs/comp_201517/include/v800
                          28 --		-Igendata ../source/wrappers/SwcServiceSecM/Sec_Verification.c
                          29 --Source File:   ../source/wrappers/SwcServiceSecM/Sec_Verification.c
                          30 --Directory:     
                          31 --		C:\_ECU2\ECU_Rivian_A1\Target\repo_projects\pFOTA\cL_LATEST\make
                          32 --Compile Date:  Wed Sep 06 14:07:20 2023
                          33 --Host OS:       Win32
                          34 --Version:       C-RH850 2015.1.7 RELEASE VERSION
                          35 --Release:       Compiler v2015.1.7
                          36 --Revision Date: Thu Oct 22 08:06:12 2015
                          37 --Release Date:  Thu Oct 22 09:34:32 2015
                          38 -- ecom  -g -w -OM
                          39 	.text
                          40 ..bof.C.3A.5C_ECU2.5CECU_Rivian_A1.5CTarget.5Crepo_projects.5CpFOTA.5CcL_LATEST.5Cmake.5Cobj.5CSec_Verification...43.3A.5C_ECU2.5CECU_Rivian_A1.5CTarget.5Crepo_projects.5CpFOTA.5CcL_LATEST.5Cmake..64F86B78..0::
                          41 	.align	2
                          42 ..gh.f.f.1.e.0:
                          43 	.type	..gh.f.f.1.e.0,@object
                          44 	.size	..gh.f.f.1.e.0,0
                          45 	.global	_SecM_VerifyWrapper..C.3A.5C_ECU2.5CECU_Rivian_A1.5CTarget.5Crepo_projects.5CpFOTA.5CcL_LATEST.5Cmake.5Cobj.5CSec_Verification.
                          46 _SecM_VerifyWrapper..C.3A.5C_ECU2.5CECU_Rivian_A1.5CTarget.5Crepo_projects.5CpFOTA.5CcL_LATEST.5Cmake.5Cobj.5CSec_Verification.:
                          47 _SecM_VerifyWrapper:
00000000 8007e1f3         48 	prepare	{r22,r23,r24,r25,r26,r27,r28,r29,r31},0
00000004 06e8             49 	mov	r6,r29
00000006 07d0             50 	mov	r7,r26

                                                                      Page 2
                                                              C:\Users\nhuliyap\AppData\Local\Temp\gh_0000dgg1.s
                          51 --	    .bf
                          52 .LDW01:
00000008 06f0             53 	mov	r6,ep
0000000a 6cd8             54 	sld.bu	12[ep],r27
0000000c 0052             55 	mov	0,r10
0000000e 7ac8             56 	sld.hu	20[ep],r25
00000010 0ac0             57 	mov	r10,r24
00000012 61da             58 	cmp	1,r27
00000014 fa05*            59 	bne	.L4
                          60 --line164
                          61 ..lin.C.3A.5C_ECU2.5CECU_Rivian_A1.5CTarget.5Crepo_projects.5CpFOTA.5CcL_LATEST.5Cmake.5Cobj.5CSec_Verification.1::
                          62 .LDWlin1:
00000016 27370500         63 	ld.w	4[r7],r6
0000001a 3d471d00         64 	ld.w	28[r29],r8
0000001e 66471d00         65 	st.w	r8,28[r6]
                          66 .L4:
00000022 27b72100         67 	ld.w	32[r7],r22
00000026 0ae0             68 	mov	r10,r28
00000028 e51d*            69 	br	.L9
                          70 .L8:
                          71 --line172
                          72 ..lin.C.3A.5C_ECU2.5CECU_Rivian_A1.5CTarget.5Crepo_projects.5CpFOTA.5CcL_LATEST.5Cmake.5Cobj.5CSec_Verification.2::
                          73 .LDWlin2:
0000002a 1c98             74 	mov	r28,r19
0000002c c39a             75 	shl	3,r19
0000002e da99             76 	add	r26,r19
00000030 33f70100         77 	ld.w	0[r19],ep
00000034 33370500         78 	ld.w	4[r19],r6
00000038 64da             79 	cmp	4,r27
0000003a ba05*            80 	bne	.L10
                          81 --line178
                          82 ..lin.C.3A.5C_ECU2.5CECU_Rivian_A1.5CTarget.5Crepo_projects.5CpFOTA.5CcL_LATEST.5Cmake.5Cobj.5CSec_Verification.3::
                          83 .LDWlin3:
0000003c 04c5             84 	sld.w	8[ep],r24
0000003e 72c8             85 	sld.hu	4[ep],r25
                          86 .L10:
00000040 3d4f1100         87 	ld.w	16[r29],r9
00000044 3d3f1900         88 	ld.w	24[r29],r7
00000048 1e40             89 	mov	ep,r8
0000004a 06f0             90 	mov	r6,ep
0000004c d849             91 	add	r24,r9
0000004e 8cdb             92 	sst.b	r27,12[ep]
00000050 094d             93 	sst.w	r9,16[ep]
00000052 8acc             94 	sst.h	r25,20[ep]
00000054 0d3d             95 	sst.w	r7,24[ep]
00000056 08f0             96 	mov	r8,ep
00000058 00bd             97 	sld.w	0[ep],r23
0000005a f7c760f9         98 	jarl	[r23],lp
                          99 --line189
                         100 ..lin.C.3A.5C_ECU2.5CECU_Rivian_A1.5CTarget.5Crepo_projects.5CpFOTA.5CcL_LATEST.5Cmake.5Cobj.5CSec_Verification.4::
                         101 .LDWlin4:
0000005e e051            102 	cmp	zero,r10
00000060 ca05*           103 	bne	.L14
                         104 --line171
                         105 ..lin.C.3A.5C_ECU2.5CECU_Rivian_A1.5CTarget.5Crepo_projects.5CpFOTA.5CcL_LATEST.5Cmake.5Cobj.5CSec_Verification.5::
                         106 .LDWlin5:
00000062 41e2            107 	add	1,r28
                         108 .L9:
00000064 f6e1            109 	cmp	r22,r28
00000066 a1e5*           110 	bl	.L8
                         111 .L14:

                                                                      Page 3
                                                              C:\Users\nhuliyap\AppData\Local\Temp\gh_0000dgg1.s
                         112 --	    .ef
                         113 .LDW11:
                         114 --line195
                         115 ..lin.C.3A.5C_ECU2.5CECU_Rivian_A1.5CTarget.5Crepo_projects.5CpFOTA.5CcL_LATEST.5Cmake.5Cobj.5CSec_Verification.6::
                         116 .LDWlin6:
00000068 4006fff3        117 	dispose	0,{r22,r23,r24,r25,r26,r27,r28,r29,r31},[lp]
                         118 	.type	_SecM_VerifyWrapper,@function
                         119 	.size	_SecM_VerifyWrapper,.-_SecM_VerifyWrapper
                         120 	.type	_SecM_VerifyWrapper..C.3A.5C_ECU2.5CECU_Rivian_A1.5CTarget.5Crepo_projects.5CpFOTA.5CcL_LATEST.5Cmake.5Cobj.5CSec_Verification.,@function
                         121 	.size	_SecM_VerifyWrapper..C.3A.5C_ECU2.5CECU_Rivian_A1.5CTarget.5Crepo_projects.5CpFOTA.5CcL_LATEST.5Cmake.5Cobj.5CSec_Verification.,.-_SecM_VerifyWrapper..C.3A.5C_ECU2.5CECU_Rivian_A1.5CTarget.5Crepo_projects.5CpFOTA.5CcL_LATEST.5Cmake.5Cobj.5CSec_Verification.
                         122 	.align	2
                         123 .LDW21:
                         124 --_result	r10	local
                         125 --_index	r28	local
                         126 --_cfgCount	r22	local
                         127 --_action	r27	local
                         128 --_byteCount	r25	local
                         129 --_sourceOffset	r24	local
                         130 --_pConfig	r19	local
                         131 --_pOperation	ep	local
                         132 --_pParam	r6	local
                         133 
                         134 --_pVerifyParam	r29	param
                         135 --_pCfgList	r26	param
                         136 
                         137 	.section ".bss","awb"
                         138 .L84:
                         139 	.type	.L84,@object
                         140 	.size	.L84,0
                         141 	.data
                         142 	.text
                         143 	.align	2
                         144 	.align	2
                         145 ..gh.f.f.1.e.1:
                         146 	.type	..gh.f.f.1.e.1,@object
                         147 	.size	..gh.f.f.1.e.1,0
                         148 	.global	_SecM_UpdateSegment..C.3A.5C_ECU2.5CECU_Rivian_A1.5CTarget.5Crepo_projects.5CpFOTA.5CcL_LATEST.5Cmake.5Cobj.5CSec_Verification.
                         149 _SecM_UpdateSegment..C.3A.5C_ECU2.5CECU_Rivian_A1.5CTarget.5Crepo_projects.5CpFOTA.5CcL_LATEST.5Cmake.5Cobj.5CSec_Verification.:
                         150 _SecM_UpdateSegment:
0000006c a007e1f3        151 	prepare	{r22,r23,r24,r25,r26,r27,r28,r29,r31},16
00000070 06e8            152 	mov	r6,r29
00000072 07b8            153 	mov	r7,r23
                         154 --	    .bf
                         155 .LDW31:
00000074 274f2100        156 	ld.w	32[r7],r9
00000078 00d2            157 	mov	0,r26
0000007a e049            158 	cmp	zero,r9
0000007c b22d*           159 	be	.L192
                         160 --line216
                         161 ..lin.C.3A.5C_ECU2.5CECU_Rivian_A1.5CTarget.5Crepo_projects.5CpFOTA.5CcL_LATEST.5Cmake.5Cobj.5CSec_Verification.7::
                         162 .LDWlin7:
0000007e 06f0            163 	mov	r6,ep
00000080 023a            164 	mov	2,r7
00000082 02cd            165 	sld.w	4[ep],r25
00000084 04e5            166 	sld.w	8[ep],r28
00000086 06c60c00        167 	addi	12,r6,r24
0000008a 0f1d            168 	sst.w	sp,28[ep]
0000008c 983b            169 	sst.b	r7,24[ep]
                         170 .L178:
0000008e e0e1            171 	cmp	zero,r28
00000090 9225*           172 	be	.L192

                                                                      Page 4
                                                              C:\Users\nhuliyap\AppData\Local\Temp\gh_0000dgg1.s
                         173 --line241
                         174 ..lin.C.3A.5C_ECU2.5CECU_Rivian_A1.5CTarget.5Crepo_projects.5CpFOTA.5CcL_LATEST.5Cmake.5Cobj.5CSec_Verification.8::
                         175 .LDWlin8:
00000092 38df1900        176 	ld.w	24[r24],r27
00000096 e0d9            177 	cmp	zero,r27
00000098 b205*           178 	be	.L181
                         179 --line241
                         180 ..lin.C.3A.5C_ECU2.5CECU_Rivian_A1.5CTarget.5Crepo_projects.5CpFOTA.5CcL_LATEST.5Cmake.5Cobj.5CSec_Verification.9::
                         181 .LDWlin9:
0000009a fbc760f9        182 	jarl	[r27],lp
                         183 .L181:
                         184 --line249
                         185 ..lin.C.3A.5C_ECU2.5CECU_Rivian_A1.5CTarget.5Crepo_projects.5CpFOTA.5CcL_LATEST.5Cmake.5Cobj.5CSec_Verification.10::
                         186 .LDWlin10:
0000009e 3db70100        187 	ld.w	0[r29],r22
000000a2 20de4000        188 	movea	64,zero,r27
000000a6 1c06c0ff        189 	addi	-64,r28,zero
000000aa fbe722db        190 	cmovl	r27,r28,r27
000000ae 1930            191 	mov	r25,r6
000000b0 1b40            192 	mov	r27,r8
000000b2 0338            193 	mov	sp,r7
000000b4 f6c760f9        194 	jarl	[r22],lp
                         195 --line267
                         196 ..lin.C.3A.5C_ECU2.5CECU_Rivian_A1.5CTarget.5Crepo_projects.5CpFOTA.5CcL_LATEST.5Cmake.5Cobj.5CSec_Verification.11::
                         197 .LDWlin11:
000000b8 e051            198 	cmp	zero,r10
000000ba 820d*           199 	be	.L187
                         200 --line270
                         201 ..lin.C.3A.5C_ECU2.5CECU_Rivian_A1.5CTarget.5Crepo_projects.5CpFOTA.5CcL_LATEST.5Cmake.5Cobj.5CSec_Verification.12::
                         202 .LDWlin12:
000000bc 78571400        203 	st.h	r10,20[r24]
000000c0 1830            204 	mov	r24,r6
000000c2 1738            205 	mov	r23,r7
                         206 	jarl	_SecM_VerifyWrapper,lp
                         206 <EXPANSION BEGIN>
                         206 jarl22 _SecM_VerifyWrapper , lp 
000000c4 bfff3cff*       206 <EXPANSION END>
000000c8 0ad0            207 	mov	r10,r26
                         208 .L187:
                         209 --line288
                         210 ..lin.C.3A.5C_ECU2.5CECU_Rivian_A1.5CTarget.5Crepo_projects.5CpFOTA.5CcL_LATEST.5Cmake.5Cobj.5CSec_Verification.13::
                         211 .LDWlin13:
000000ca dbc9            212 	add	r27,r25
000000cc bbe1            213 	sub	r27,r28
000000ce e0d1            214 	cmp	zero,r26
000000d0 f2dd*           215 	be	.L178
                         216 .L192:
                         217 --line301
                         218 ..lin.C.3A.5C_ECU2.5CECU_Rivian_A1.5CTarget.5Crepo_projects.5CpFOTA.5CcL_LATEST.5Cmake.5Cobj.5CSec_Verification.14::
                         219 .LDWlin14:
000000d2 1a50            220 	mov	r26,r10
                         221 --	    .ef
                         222 .LDW41:
000000d4 6006fff3        223 	dispose	16,{r22,r23,r24,r25,r26,r27,r28,r29,r31},[lp]
                         224 	.type	_SecM_UpdateSegment,@function
                         225 	.size	_SecM_UpdateSegment,.-_SecM_UpdateSegment
                         226 	.type	_SecM_UpdateSegment..C.3A.5C_ECU2.5CECU_Rivian_A1.5CTarget.5Crepo_projects.5CpFOTA.5CcL_LATEST.5Cmake.5Cobj.5CSec_Verification.,@function
                         227 	.size	_SecM_UpdateSegment..C.3A.5C_ECU2.5CECU_Rivian_A1.5CTarget.5Crepo_projects.5CpFOTA.5CcL_LATEST.5Cmake.5Cobj.5CSec_Verification.,.-_SecM_UpdateSegment..C.3A.5C_ECU2.5CECU_Rivian_A1.5CTarget.5Crepo_projects.5CpFOTA.5CcL_LATEST.5Cmake.5Cobj.5CSec_Verification.
                         228 	.align	2
                         229 .LDW51:
                         230 --_result	r26	local

                                                                      Page 5
                                                              C:\Users\nhuliyap\AppData\Local\Temp\gh_0000dgg1.s
                         231 --_currentAddress	r25	local
                         232 --_remainderLength	r28	local
                         233 --_verifyCount	r27	local
                         234 --_readCount	r10	local
                         235 --_verifyBuffer	0[sp]	local
                         236 --_pVerifyParam	r24	local
                         237 
                         238 --_pContext	r29	param
                         239 --_pCfgList	r23	param
                         240 
                         241 	.section ".bss","awb"
                         242 .L343:
                         243 	.type	.L343,@object
                         244 	.size	.L343,0
                         245 	.data
                         246 	.text
                         247 	.align	2
                         248 	.align	2
                         249 ..gh.f.f.1.e.2:
                         250 	.type	..gh.f.f.1.e.2,@object
                         251 	.size	..gh.f.f.1.e.2,0
                         252 	.global	_SecM_UpdateSegmentAddress..C.3A.5C_ECU2.5CECU_Rivian_A1.5CTarget.5Crepo_projects.5CpFOTA.5CcL_LATEST.5Cmake.5Cobj.5CSec_Verification.
                         253 _SecM_UpdateSegmentAddress..C.3A.5C_ECU2.5CECU_Rivian_A1.5CTarget.5Crepo_projects.5CpFOTA.5CcL_LATEST.5Cmake.5Cobj.5CSec_Verification.:
                         254 _SecM_UpdateSegmentAddress:
000000d8 8407e110        255 	prepare	{r27,r28,r29,r31},2
                         256 --	    .bf
                         257 .LDW61:
000000dc 274f2100        258 	ld.w	32[r7],r9
000000e0 e049            259 	cmp	zero,r9
000000e2 e21d*           260 	be	.L445
000000e4 07e0            261 	mov	r7,r28
                         262 --line316
                         263 ..lin.C.3A.5C_ECU2.5CECU_Rivian_A1.5CTarget.5Crepo_projects.5CpFOTA.5CcL_LATEST.5Cmake.5Cobj.5CSec_Verification.15::
                         264 .LDWlin15:
000000e6 283f0100        265 	ld.w	0[r8],r7
000000ea 06e8            266 	mov	r6,r29
000000ec 08d8            267 	mov	r8,r27
000000ee 0432            268 	mov	4,r6
000000f0 0340            269 	mov	sp,r8
                         270 	jarl	_SecM_SetInteger,lp
                         270 <EXPANSION BEGIN>
                         270 jarl22 _SecM_SetInteger , lp 
000000f2 80ff0000*       270 <EXPANSION END>
                         271 --line317
                         272 ..lin.C.3A.5C_ECU2.5CECU_Rivian_A1.5CTarget.5Crepo_projects.5CpFOTA.5CcL_LATEST.5Cmake.5Cobj.5CSec_Verification.16::
                         273 .LDWlin16:
000000f6 3b3f0900        274 	ld.w	8[r27],r7
000000fa 23460400        275 	movea	4,sp,r8
000000fe 0432            276 	mov	4,r6
                         277 	jarl	_SecM_SetInteger,lp
                         277 <EXPANSION BEGIN>
                         277 jarl22 _SecM_SetInteger , lp 
00000100 80ff0000*       277 <EXPANSION END>
                         278 --line321
                         279 ..lin.C.3A.5C_ECU2.5CECU_Rivian_A1.5CTarget.5Crepo_projects.5CpFOTA.5CcL_LATEST.5Cmake.5Cobj.5CSec_Verification.17::
                         280 .LDWlin17:
00000104 1df0            281 	mov	r29,ep
00000106 083a            282 	mov	8,r7
00000108 903c            283 	sst.h	r7,32[ep]
0000010a 029a            284 	mov	2,r19
0000010c 1d360c00        285 	addi	12,r29,r6

                                                                      Page 6
                                                              C:\Users\nhuliyap\AppData\Local\Temp\gh_0000dgg1.s
00000110 0f1d            286 	sst.w	sp,28[ep]
00000112 989b            287 	sst.b	r19,24[ep]
00000114 1c38            288 	mov	r28,r7
                         289 	jarl	_SecM_VerifyWrapper,lp
                         289 <EXPANSION BEGIN>
                         289 jarl22 _SecM_VerifyWrapper , lp 
00000116 bfffeafe*       289 <EXPANSION END>
0000011a 4406ff10        290 	dispose	2,{r27,r28,r29,r31},[lp]
                         291 .L445:
0000011e 0950            292 	mov	r9,r10
                         293 --	    .ef
                         294 .LDW71:
                         295 --line330
                         296 ..lin.C.3A.5C_ECU2.5CECU_Rivian_A1.5CTarget.5Crepo_projects.5CpFOTA.5CcL_LATEST.5Cmake.5Cobj.5CSec_Verification.18::
                         297 .LDWlin18:
00000120 4406ff10        298 	dispose	2,{r27,r28,r29,r31},[lp]
                         299 	.type	_SecM_UpdateSegmentAddress,@function
                         300 	.size	_SecM_UpdateSegmentAddress,.-_SecM_UpdateSegmentAddress
                         301 	.type	_SecM_UpdateSegmentAddress..C.3A.5C_ECU2.5CECU_Rivian_A1.5CTarget.5Crepo_projects.5CpFOTA.5CcL_LATEST.5Cmake.5Cobj.5CSec_Verification.,@function
                         302 	.size	_SecM_UpdateSegmentAddress..C.3A.5C_ECU2.5CECU_Rivian_A1.5CTarget.5Crepo_projects.5CpFOTA.5CcL_LATEST.5Cmake.5Cobj.5CSec_Verification.,.-_SecM_UpdateSegmentAddress..C.3A.5C_ECU2.5CECU_Rivian_A1.5CTarget.5Crepo_projects.5CpFOTA.5CcL_LATEST.5Cmake.5Cobj.5CSec_Verification.
                         303 	.align	2
                         304 .LDW81:
                         305 --_result	r10	local
                         306 --_addressBuffer	0[sp]	local
                         307 
                         308 --_pContext	r29	param
                         309 --_pCfgList	r28	param
                         310 --_pSegmentInfo	r27	param
                         311 
                         312 	.section ".bss","awb"
                         313 .L480:
                         314 	.type	.L480,@object
                         315 	.size	.L480,0
                         316 	.data
                         317 	.text
                         318 	.align	2
                         319 	.align	2
                         320 ..gh.f.f.1.e.3:
                         321 	.type	..gh.f.f.1.e.3,@object
                         322 	.size	..gh.f.f.1.e.3,0
                         323 	.global	_SecM_PopulateCfgList..C.3A.5C_ECU2.5CECU_Rivian_A1.5CTarget.5Crepo_projects.5CpFOTA.5CcL_LATEST.5Cmake.5Cobj.5CSec_Verification.
                         324 _SecM_PopulateCfgList..C.3A.5C_ECU2.5CECU_Rivian_A1.5CTarget.5Crepo_projects.5CpFOTA.5CcL_LATEST.5Cmake.5Cobj.5CSec_Verification.:
                         325 _SecM_PopulateCfgList:
00000124 06f0            326 	mov	r6,ep
00000126 8800            327 	zxb	r8
                         328 --	    .bf
                         329 .LDW91:
00000128 0072            330 	mov	0,r14
0000012a 0e80            331 	mov	r14,r16
0000012c f515*           332 	br	.L527
                         333 .L526:
                         334 --line345
                         335 ..lin.C.3A.5C_ECU2.5CECU_Rivian_A1.5CTarget.5Crepo_projects.5CpFOTA.5CcL_LATEST.5Cmake.5Cobj.5CSec_Verification.19::
                         336 .LDWlin19:
0000012e 0035            337 	sld.w	0[ep],r6
00000130 1090            338 	mov	r16,r18
00000132 c492            339 	shl	4,r18
00000134 029d            340 	sld.w	4[ep],r19
00000136 c691            341 	add	r6,r18
00000138 926f0d00        342 	ld.bu	12[r18],r13
0000013c 1078            343 	mov	r16,r15

                                                                      Page 7
                                                              C:\Users\nhuliyap\AppData\Local\Temp\gh_0000dgg1.s
0000013e c57a            344 	shl	5,r15
00000140 d379            345 	add	r19,r15
00000142 4869            346 	and	r8,r13
00000144 ed41            347 	cmp	r13,r8
00000146 9a0d*           348 	bne	.L525
                         349 --line350
                         350 ..lin.C.3A.5C_ECU2.5CECU_Rivian_A1.5CTarget.5Crepo_projects.5CpFOTA.5CcL_LATEST.5Cmake.5Cobj.5CSec_Verification.20::
                         351 .LDWlin20:
00000148 0e88            352 	mov	r14,r17
0000014a c38a            353 	shl	3,r17
0000014c c789            354 	add	r7,r17
0000014e 71970100        355 	st.w	r18,0[r17]
00000152 717f0500        356 	st.w	r15,4[r17]
00000156 4172            357 	add	1,r14
                         358 .L525:
00000158 4182            359 	add	1,r16
                         360 .L527:
0000015a 047d            361 	sld.w	8[ep],r15
0000015c ef81            362 	cmp	r15,r16
0000015e 81ed*           363 	bl	.L526
                         364 --line359
                         365 ..lin.C.3A.5C_ECU2.5CECU_Rivian_A1.5CTarget.5Crepo_projects.5CpFOTA.5CcL_LATEST.5Cmake.5Cobj.5CSec_Verification.21::
                         366 .LDWlin21:
00000160 67772100        367 	st.w	r14,32[r7]
                         368 --	    .ef
                         369 .LDW02:
00000164 7f00            370 	jmp	[lp]
                         371 	.type	_SecM_PopulateCfgList,@function
                         372 	.size	_SecM_PopulateCfgList,.-_SecM_PopulateCfgList
                         373 	.type	_SecM_PopulateCfgList..C.3A.5C_ECU2.5CECU_Rivian_A1.5CTarget.5Crepo_projects.5CpFOTA.5CcL_LATEST.5Cmake.5Cobj.5CSec_Verification.,@function
                         374 	.size	_SecM_PopulateCfgList..C.3A.5C_ECU2.5CECU_Rivian_A1.5CTarget.5Crepo_projects.5CpFOTA.5CcL_LATEST.5Cmake.5Cobj.5CSec_Verification.,.-_SecM_PopulateCfgList..C.3A.5C_ECU2.5CECU_Rivian_A1.5CTarget.5Crepo_projects.5CpFOTA.5CcL_LATEST.5Cmake.5Cobj.5CSec_Verification.
                         375 	.align	2
                         376 .LDW12:
                         377 --_inIndex	r16	local
                         378 --_outIndex	r14	local
                         379 --_pSourceOperation	r18	local
                         380 --_pSourceParam	r15	local
                         381 --_pTarget	r17	local
                         382 
                         383 --_pSourceList	ep	param
                         384 --_pTargetList	r7	param
                         385 --_mask	r8	param
                         386 
                         387 	.section ".bss","awb"
                         388 .L586:
                         389 	.type	.L586,@object
                         390 	.size	.L586,0
                         391 	.data
                         392 	.text
                         393 	.align	2
                         394 	.align	2
                         395 ..gh.f.f.1.e.4:
                         396 	.type	..gh.f.f.1.e.4,@object
                         397 	.size	..gh.f.f.1.e.4,0
                         398 	.global	_SecM_VerificationWrapper..C.3A.5C_ECU2.5CECU_Rivian_A1.5CTarget.5Crepo_projects.5CpFOTA.5CcL_LATEST.5Cmake.5Cobj.5CSec_Verification.
                         399 _SecM_VerificationWrapper..C.3A.5C_ECU2.5CECU_Rivian_A1.5CTarget.5Crepo_projects.5CpFOTA.5CcL_LATEST.5Cmake.5Cobj.5CSec_Verification.:
                         400 _SecM_VerificationWrapper:
00000166 be07e100        401 	prepare	{r28,r29,r31},31
0000016a 031ee4ff        402 	addi	-28,sp,sp
0000016e 06e8            403 	mov	r6,r29
00000170 07e0            404 	mov	r7,r28

                                                                      Page 8
                                                              C:\Users\nhuliyap\AppData\Local\Temp\gh_0000dgg1.s
                         405 --	    .bf
                         406 .LDW22:
00000172 23364800        407 	movea	72,sp,r6
00000176 093a            408 	mov	9,r7
                         409 	jarl	___gh_memclr32,lp
                         409 <EXPANSION BEGIN>
                         409 jarl22 ___gh_memclr32 , lp 
00000178 80ff0000*       409 <EXPANSION END>
                         410 --line381
                         411 ..lin.C.3A.5C_ECU2.5CECU_Rivian_A1.5CTarget.5Crepo_projects.5CpFOTA.5CcL_LATEST.5Cmake.5Cobj.5CSec_Verification.22::
                         412 .LDWlin22:
0000017c 23362400        413 	movea	36,sp,r6
00000180 093a            414 	mov	9,r7
                         415 	jarl	___gh_memclr32,lp
                         415 <EXPANSION BEGIN>
                         415 jarl22 ___gh_memclr32 , lp 
00000182 80ff0000*       415 <EXPANSION END>
                         416 --line384
                         417 ..lin.C.3A.5C_ECU2.5CECU_Rivian_A1.5CTarget.5Crepo_projects.5CpFOTA.5CcL_LATEST.5Cmake.5Cobj.5CSec_Verification.23::
                         418 .LDWlin23:
00000186 0330            419 	mov	sp,r6
00000188 093a            420 	mov	9,r7
                         421 	jarl	___gh_memclr32,lp
                         421 <EXPANSION BEGIN>
                         421 jarl22 ___gh_memclr32 , lp 
0000018a 80ff0000*       421 <EXPANSION END>
                         422 --line402
                         423 ..lin.C.3A.5C_ECU2.5CECU_Rivian_A1.5CTarget.5Crepo_projects.5CpFOTA.5CcL_LATEST.5Cmake.5Cobj.5CSec_Verification.24::
                         424 .LDWlin24:
0000018e 1c30            425 	mov	r28,r6
00000190 233e4800        426 	movea	72,sp,r7
00000194 0042            427 	mov	0,r8
                         428 	jarl	_SecM_PopulateCfgList,lp
                         428 <EXPANSION BEGIN>
                         428 jarl22 _SecM_PopulateCfgList , lp 
00000196 bfff8eff*       428 <EXPANSION END>
                         429 --line404
                         430 ..lin.C.3A.5C_ECU2.5CECU_Rivian_A1.5CTarget.5Crepo_projects.5CpFOTA.5CcL_LATEST.5Cmake.5Cobj.5CSec_Verification.25::
                         431 .LDWlin25:
0000019a 1c30            432 	mov	r28,r6
0000019c 273edcff        433 	movea	-36,r7,r7
000001a0 0442            434 	mov	4,r8
                         435 	jarl	_SecM_PopulateCfgList,lp
                         435 <EXPANSION BEGIN>
                         435 jarl22 _SecM_PopulateCfgList , lp 
000001a2 bfff82ff*       435 <EXPANSION END>
                         436 --line407
                         437 ..lin.C.3A.5C_ECU2.5CECU_Rivian_A1.5CTarget.5Crepo_projects.5CpFOTA.5CcL_LATEST.5Cmake.5Cobj.5CSec_Verification.26::
                         438 .LDWlin26:
000001a6 1c30            439 	mov	r28,r6
000001a8 0338            440 	mov	sp,r7
000001aa 0142            441 	mov	1,r8
                         442 	jarl	_SecM_PopulateCfgList,lp
                         442 <EXPANSION BEGIN>
                         442 jarl22 _SecM_PopulateCfgList , lp 
000001ac bfff78ff*       442 <EXPANSION END>
                         443 --line419
                         444 ..lin.C.3A.5C_ECU2.5CECU_Rivian_A1.5CTarget.5Crepo_projects.5CpFOTA.5CcL_LATEST.5Cmake.5Cobj.5CSec_Verification.27::
                         445 .LDWlin27:
000001b0 3d3f1d00        446 	ld.w	28[r29],r7
000001b4 3d372900        447 	ld.w	40[r29],r6

                                                                      Page 9
                                                              C:\Users\nhuliyap\AppData\Local\Temp\gh_0000dgg1.s
000001b8 3d471900        448 	ld.w	24[r29],r8
000001bc 3d9f2100        449 	ld.w	32[r29],r19
000001c0 fd972500        450 	ld.hu	36[r29],r18
000001c4 03f0            451 	mov	sp,ep
000001c6 014a            452 	mov	1,r9
000001c8 373d            453 	sst.w	r7,108[ep]
000001ca 4b35            454 	sst.w	r6,148[ep]
000001cc 434f8400        455 	st.b	r9,132[sp]
000001d0 c604            456 	sst.h	zero,140[ep]
000001d2 4945            457 	sst.w	r8,144[ep]
000001d4 4105            458 	sst.w	zero,128[ep]
000001d6 3d9d            459 	sst.w	r19,120[ep]
000001d8 3f95            460 	sst.w	r18,124[ep]
000001da 23367800        461 	movea	120,sp,r6
000001de 233e4800        462 	movea	72,sp,r7
                         463 	jarl	_SecM_VerifyWrapper,lp
                         463 <EXPANSION BEGIN>
                         463 jarl22 _SecM_VerifyWrapper , lp 
000001e2 bfff1efe*       463 <EXPANSION END>
                         464 --line431
                         465 ..lin.C.3A.5C_ECU2.5CECU_Rivian_A1.5CTarget.5Crepo_projects.5CpFOTA.5CcL_LATEST.5Cmake.5Cobj.5CSec_Verification.28::
                         466 .LDWlin28:
000001e6 e051            467 	cmp	zero,r10
000001e8 ca3d*           468 	bne	.L649
000001ea 0ae0            469 	mov	r10,r28
000001ec e51d*           470 	br	.L656
                         471 .L655:
                         472 --line519
                         473 ..lin.C.3A.5C_ECU2.5CECU_Rivian_A1.5CTarget.5Crepo_projects.5CpFOTA.5CcL_LATEST.5Cmake.5Cobj.5CSec_Verification.29::
                         474 .LDWlin29:
000001ee 1c40            475 	mov	r28,r8
000001f0 ec474202        476 	mulu	12,r8,zero
000001f4 3d8f0500        477 	ld.w	4[r29],r17
000001f8 23366c00        478 	movea	108,sp,r6
000001fc 0338            479 	mov	sp,r7
000001fe d141            480 	add	r17,r8
00000200 08f0            481 	mov	r8,ep
00000202 0285            482 	sld.w	4[ep],r16
00000204 63877100        483 	st.w	r16,112[sp]
00000208 047d            484 	sld.w	8[ep],r15
0000020a 637f7500        485 	st.w	r15,116[sp]
                         486 	jarl	_SecM_UpdateSegmentAddress,lp
                         486 <EXPANSION BEGIN>
                         486 jarl22 _SecM_UpdateSegmentAddress , lp 
0000020e bfffcafe*       486 <EXPANSION END>
                         487 --line528
                         488 ..lin.C.3A.5C_ECU2.5CECU_Rivian_A1.5CTarget.5Crepo_projects.5CpFOTA.5CcL_LATEST.5Cmake.5Cobj.5CSec_Verification.30::
                         489 .LDWlin30:
00000212 e051            490 	cmp	zero,r10
00000214 ea25*           491 	bne	.L649
                         492 --line531
                         493 ..lin.C.3A.5C_ECU2.5CECU_Rivian_A1.5CTarget.5Crepo_projects.5CpFOTA.5CcL_LATEST.5Cmake.5Cobj.5CSec_Verification.31::
                         494 .LDWlin31:
00000216 23366c00        495 	movea	108,sp,r6
0000021a 233e4800        496 	movea	72,sp,r7
                         497 	jarl	_SecM_UpdateSegment,lp
                         497 <EXPANSION BEGIN>
                         497 jarl22 _SecM_UpdateSegment , lp 
0000021e bfff4efe*       497 <EXPANSION END>
                         498 --line534
                         499 ..lin.C.3A.5C_ECU2.5CECU_Rivian_A1.5CTarget.5Crepo_projects.5CpFOTA.5CcL_LATEST.5Cmake.5Cobj.5CSec_Verification.32::

                                                                      Page 10
                                                              C:\Users\nhuliyap\AppData\Local\Temp\gh_0000dgg1.s
                         500 .LDWlin32:
00000222 e051            501 	cmp	zero,r10
00000224 ea1d*           502 	bne	.L649
                         503 --line517
                         504 ..lin.C.3A.5C_ECU2.5CECU_Rivian_A1.5CTarget.5Crepo_projects.5CpFOTA.5CcL_LATEST.5Cmake.5Cobj.5CSec_Verification.33::
                         505 .LDWlin33:
00000226 41e2            506 	add	1,r28
                         507 .L656:
00000228 3d770100        508 	ld.w	0[r29],r14
0000022c eee1            509 	cmp	r14,r28
0000022e 81e5*           510 	bl	.L655
                         511 --line544
                         512 ..lin.C.3A.5C_ECU2.5CECU_Rivian_A1.5CTarget.5Crepo_projects.5CpFOTA.5CcL_LATEST.5Cmake.5Cobj.5CSec_Verification.34::
                         513 .LDWlin34:
00000230 036a            514 	mov	3,r13
00000232 436f8400        515 	st.b	r13,132[sp]
00000236 23367800        516 	movea	120,sp,r6
0000023a 233e4800        517 	movea	72,sp,r7
                         518 	jarl	_SecM_VerifyWrapper,lp
                         518 <EXPANSION BEGIN>
                         518 jarl22 _SecM_VerifyWrapper , lp 
0000023e bfffc2fd*       518 <EXPANSION END>
                         519 --line548
                         520 ..lin.C.3A.5C_ECU2.5CECU_Rivian_A1.5CTarget.5Crepo_projects.5CpFOTA.5CcL_LATEST.5Cmake.5Cobj.5CSec_Verification.35::
                         521 .LDWlin35:
00000242 e051            522 	cmp	zero,r10
00000244 ea0d*           523 	bne	.L649
                         524 --line550
                         525 ..lin.C.3A.5C_ECU2.5CECU_Rivian_A1.5CTarget.5Crepo_projects.5CpFOTA.5CcL_LATEST.5Cmake.5Cobj.5CSec_Verification.36::
                         526 .LDWlin36:
00000246 3d671100        527 	ld.w	16[r29],r12
0000024a 23f68400        528 	movea	132,sp,ep
0000024e 045a            529 	mov	4,r11
00000250 23367800        530 	movea	120,sp,r6
00000254 0365            531 	sst.w	r12,4[ep]
00000256 805b            532 	sst.b	r11,0[ep]
00000258 233e2400        533 	movea	36,sp,r7
                         534 	jarl	_SecM_VerifyWrapper,lp
                         534 <EXPANSION BEGIN>
                         534 jarl22 _SecM_VerifyWrapper , lp 
0000025c bfffa4fd*       534 <EXPANSION END>
                         535 .L649:
                         536 --	    .ef
                         537 .LDW32:
                         538 --line558
                         539 ..lin.C.3A.5C_ECU2.5CECU_Rivian_A1.5CTarget.5Crepo_projects.5CpFOTA.5CcL_LATEST.5Cmake.5Cobj.5CSec_Verification.37::
                         540 .LDWlin37:
00000260 031e1c00        541 	addi	28,sp,sp
00000264 7e06ff00        542 	dispose	31,{r28,r29,r31},[lp]
                         543 	.type	_SecM_VerificationWrapper,@function
                         544 	.size	_SecM_VerificationWrapper,.-_SecM_VerificationWrapper
                         545 	.type	_SecM_VerificationWrapper..C.3A.5C_ECU2.5CECU_Rivian_A1.5CTarget.5Crepo_projects.5CpFOTA.5CcL_LATEST.5Cmake.5Cobj.5CSec_Verification.,@function
                         546 	.size	_SecM_VerificationWrapper..C.3A.5C_ECU2.5CECU_Rivian_A1.5CTarget.5Crepo_projects.5CpFOTA.5CcL_LATEST.5Cmake.5Cobj.5CSec_Verification.,.-_SecM_VerificationWrapper..C.3A.5C_ECU2.5CECU_Rivian_A1.5CTarget.5Crepo_projects.5CpFOTA.5CcL_LATEST.5Cmake.5Cobj.5CSec_Verification.
                         547 	.align	2
                         548 .LDW42:
                         549 --_result	r10	local
                         550 --_context	108[sp]	local
                         551 --_index	r28	local
                         552 --_pSegmentList	r29	local
                         553 --_cfgListAll	72[sp]	local
                         554 --_cfgListVerify	36[sp]	local

                                                                      Page 11
                                                              C:\Users\nhuliyap\AppData\Local\Temp\gh_0000dgg1.s
                         555 --_cfgListAddr	0[sp]	local
                         556 
                         557 --_pVerifyParam	r29	param
                         558 --_pCfgList	r28	param
                         559 
                         560 	.section ".bss","awb"
                         561 .L1112:
                         562 	.type	.L1112,@object
                         563 	.size	.L1112,0
                         564 	.data
                         565 	.text
                         566 	.align	2
                         567 	.align	2
                         568 ..gh.f.f.1.e.5:
                         569 	.type	..gh.f.f.1.e.5,@object
                         570 	.size	..gh.f.f.1.e.5,0
                         571 	.global	_SecM_CopyCrcParam..C.3A.5C_ECU2.5CECU_Rivian_A1.5CTarget.5Crepo_projects.5CpFOTA.5CcL_LATEST.5Cmake.5Cobj.5CSec_Verification.
                         572 _SecM_CopyCrcParam..C.3A.5C_ECU2.5CECU_Rivian_A1.5CTarget.5Crepo_projects.5CpFOTA.5CcL_LATEST.5Cmake.5Cobj.5CSec_Verification.:
                         573 _SecM_CopyCrcParam:
00000268 06f0            574 	mov	r6,ep
                         575 --	    .bf
                         576 .LDW52:
0000026a 88770100        577 	ld.bu	0[r8],r14
0000026e 2056ff00        578 	movea	255,zero,r10
00000272 6172            579 	cmp	1,r14
00000274 ba15*           580 	bne	.L1211
                         581 --line615
                         582 ..lin.C.3A.5C_ECU2.5CECU_Rivian_A1.5CTarget.5Crepo_projects.5CpFOTA.5CcL_LATEST.5Cmake.5Cobj.5CSec_Verification.38::
                         583 .LDWlin38:
00000276 024d            584 	sld.w	4[ep],r9
00000278 0906ecff        585 	addi	-20,r9,zero
0000027c 8a3d*           586 	bne	.L1209
                         587 --	    .bs
                         588 .LDW62:
                         589 --line617
                         590 ..lin.C.3A.5C_ECU2.5CECU_Rivian_A1.5CTarget.5Crepo_projects.5CpFOTA.5CcL_LATEST.5Cmake.5Cobj.5CSec_Verification.39::
                         591 .LDWlin39:
0000027e 008d            592 	sld.w	0[ep],r17
00000280 7a30            593 	sld.hu	20[ep],r6
00000282 0895            594 	sld.w	16[ep],r18
00000284 0c9d            595 	sld.w	24[ep],r19
00000286 11f0            596 	mov	r17,ep
00000288 71370c00        597 	st.h	r6,12[r17]
0000028c 71970500        598 	st.w	r18,4[r17]
00000290 71970900        599 	st.w	r18,8[r17]
00000294 099d            600 	sst.w	r19,16[ep]
00000296 823b            601 	sst.b	r7,2[ep]
                         602 --	    .es
                         603 .LDW72:
00000298 852d*           604 	br	.L1258
                         605 .L1211:
                         606 --line626
                         607 ..lin.C.3A.5C_ECU2.5CECU_Rivian_A1.5CTarget.5Crepo_projects.5CpFOTA.5CcL_LATEST.5Cmake.5Cobj.5CSec_Verification.40::
                         608 .LDWlin40:
0000029a e071            609 	cmp	zero,r14
0000029c ba15*           610 	bne	.L1216
                         611 --line627
                         612 ..lin.C.3A.5C_ECU2.5CECU_Rivian_A1.5CTarget.5Crepo_projects.5CpFOTA.5CcL_LATEST.5Cmake.5Cobj.5CSec_Verification.41::
                         613 .LDWlin41:
0000029e 0245            614 	sld.w	4[ep],r8
000002a0 0806e8ff        615 	addi	-24,r8,zero

                                                                      Page 12
                                                              C:\Users\nhuliyap\AppData\Local\Temp\gh_0000dgg1.s
000002a4 ca25*           616 	bne	.L1209
                         617 --	    .bs
                         618 .LDW82:
                         619 --line629
                         620 ..lin.C.3A.5C_ECU2.5CECU_Rivian_A1.5CTarget.5Crepo_projects.5CpFOTA.5CcL_LATEST.5Cmake.5Cobj.5CSec_Verification.42::
                         621 .LDWlin42:
000002a6 0085            622 	sld.w	0[ep],r16
000002a8 7a90            623 	sld.hu	20[ep],r18
000002aa 0c8d            624 	sld.w	24[ep],r17
000002ac 70971000        625 	st.h	r18,16[r16]
000002b0 0895            626 	sld.w	16[ep],r18
000002b2 10f0            627 	mov	r16,ep
000002b4 0b8d            628 	sst.w	r17,20[ep]
000002b6 843b            629 	sst.b	r7,4[ep]
000002b8 70970900        630 	st.w	r18,8[r16]
000002bc 70970d00        631 	st.w	r18,12[r16]
                         632 --	    .es
                         633 .LDW92:
000002c0 c515*           634 	br	.L1258
                         635 .L1216:
                         636 --line638
                         637 ..lin.C.3A.5C_ECU2.5CECU_Rivian_A1.5CTarget.5Crepo_projects.5CpFOTA.5CcL_LATEST.5Cmake.5Cobj.5CSec_Verification.43::
                         638 .LDWlin43:
000002c2 6272            639 	cmp	2,r14
000002c4 ca15*           640 	bne	.L1209
                         641 --line639
                         642 ..lin.C.3A.5C_ECU2.5CECU_Rivian_A1.5CTarget.5Crepo_projects.5CpFOTA.5CcL_LATEST.5Cmake.5Cobj.5CSec_Verification.44::
                         643 .LDWlin44:
000002c6 0235            644 	sld.w	4[ep],r6
000002c8 0606e4ff        645 	addi	-28,r6,zero
000002cc 8a15*           646 	bne	.L1209
                         647 --	    .bs
                         648 .LDW03:
                         649 --line641
                         650 ..lin.C.3A.5C_ECU2.5CECU_Rivian_A1.5CTarget.5Crepo_projects.5CpFOTA.5CcL_LATEST.5Cmake.5Cobj.5CSec_Verification.45::
                         651 .LDWlin45:
000002ce 007d            652 	sld.w	0[ep],r15
000002d0 7a80            653 	sld.hu	20[ep],r16
000002d2 0895            654 	sld.w	16[ep],r18
000002d4 0c75            655 	sld.w	24[ep],r14
000002d6 0ff0            656 	mov	r15,ep
000002d8 6f871400        657 	st.h	r16,20[r15]
000002dc 6f970d00        658 	st.w	r18,12[r15]
000002e0 6f971100        659 	st.w	r18,16[r15]
000002e4 0d75            660 	sst.w	r14,24[ep]
000002e6 883b            661 	sst.b	r7,8[ep]
                         662 --	    .es
                         663 .LDW13:
                         664 .L1258:
000002e8 0052            665 	mov	0,r10
000002ea 7f00            666 	jmp	[lp]
                         667 .L1209:
                         668 --	    .ef
                         669 .LDW23:
                         670 --line653
                         671 ..lin.C.3A.5C_ECU2.5CECU_Rivian_A1.5CTarget.5Crepo_projects.5CpFOTA.5CcL_LATEST.5Cmake.5Cobj.5CSec_Verification.46::
                         672 .LDWlin46:
000002ec 7f00            673 	jmp	[lp]
                         674 	.type	_SecM_CopyCrcParam,@function
                         675 	.size	_SecM_CopyCrcParam,.-_SecM_CopyCrcParam
                         676 	.type	_SecM_CopyCrcParam..C.3A.5C_ECU2.5CECU_Rivian_A1.5CTarget.5Crepo_projects.5CpFOTA.5CcL_LATEST.5Cmake.5Cobj.5CSec_Verification.,@function

                                                                      Page 13
                                                              C:\Users\nhuliyap\AppData\Local\Temp\gh_0000dgg1.s
                         677 	.size	_SecM_CopyCrcParam..C.3A.5C_ECU2.5CECU_Rivian_A1.5CTarget.5Crepo_projects.5CpFOTA.5CcL_LATEST.5Cmake.5Cobj.5CSec_Verification.,.-_SecM_CopyCrcParam..C.3A.5C_ECU2.5CECU_Rivian_A1.5CTarget.5Crepo_projects.5CpFOTA.5CcL_LATEST.5Cmake.5Cobj.5CSec_Verification.
                         678 	.align	2
                         679 .LDW33:
                         680 --_result	r10	local
                         681 --_pCrcParam	r17	local
                         682 --_pCrcParam	r16	local
                         683 --_pCrcParam	r15	local
                         684 
                         685 --_pVerifyParam	ep	param
                         686 --_crcAction	r7	param
                         687 --_pPrimitive	r8	param
                         688 
                         689 	.section ".bss","awb"
                         690 .L1324:
                         691 	.type	.L1324,@object
                         692 	.size	.L1324,0
                         693 	.data
                         694 	.text
                         695 	.align	2
                         696 	.align	2
                         697 ..gh.f.f.1.e.6:
                         698 	.type	..gh.f.f.1.e.6,@object
                         699 	.size	..gh.f.f.1.e.6,0
                         700 	.global	_SecM_InitPowerOnVerification
                         701 _SecM_InitPowerOnVerification:
                         702 --	    .bf
                         703 .LDW43:
                         704 --	    .ef
                         705 .LDW53:
000002ee 7f00            706 	jmp	[lp]
                         707 	.type	_SecM_InitPowerOnVerification,@function
                         708 	.size	_SecM_InitPowerOnVerification,.-_SecM_InitPowerOnVerification
                         709 	.align	2
                         710 .LDW63:
                         711 
                         712 	.section ".bss","awb"
                         713 .L1456:
                         714 	.type	.L1456,@object
                         715 	.size	.L1456,0
                         716 	.data
                         717 	.text
                         718 	.align	2
                         719 	.align	2
                         720 ..gh.f.f.1.e.7:
                         721 	.type	..gh.f.f.1.e.7,@object
                         722 	.size	..gh.f.f.1.e.7,0
                         723 	.global	_SecM_VerificationBase
                         724 _SecM_VerificationBase:
000002f0 80076100        725 	prepare	{r29,r31},0
000002f4 06e8            726 	mov	r6,r29
                         727 --	    .bf
                         728 .LDW73:
000002f6 27f70500        729 	ld.w	4[r7],ep
000002fa 0105            730 	sst.w	zero,0[ep]
000002fc 0305            731 	sst.w	zero,4[ep]
000002fe 0505            732 	sst.w	zero,8[ep]
                         733 	jarl	_SecM_VerificationWrapper,lp
                         733 <EXPANSION BEGIN>
                         733 jarl22 _SecM_VerificationWrapper , lp 
00000300 bfff66fe*       733 <EXPANSION END>
                         734 --line782

                                                                      Page 14
                                                              C:\Users\nhuliyap\AppData\Local\Temp\gh_0000dgg1.s
                         735 ..lin.C.3A.5C_ECU2.5CECU_Rivian_A1.5CTarget.5Crepo_projects.5CpFOTA.5CcL_LATEST.5Cmake.5Cobj.5CSec_Verification.47::
                         736 .LDWlin47:
00000304 7d071500        737 	st.w	zero,20[r29]
                         738 --	    .ef
                         739 .LDW83:
00000308 40067f00        740 	dispose	0,{r29,r31},[lp]
                         741 	.type	_SecM_VerificationBase,@function
                         742 	.size	_SecM_VerificationBase,.-_SecM_VerificationBase
                         743 	.align	2
                         744 .LDW93:
                         745 --_pVerifyContext	ep	local
                         746 
                         747 --_pVerifyParam	r29	param
                         748 --_pCfgList	r7	param
                         749 
                         750 	.section ".bss","awb"
                         751 .L1492:
                         752 	.type	.L1492,@object
                         753 	.size	.L1492,0
                         754 	.data
                         755 	.text
                         756 	.align	2
                         757 	.align	2
                         758 ..gh.f.f.1.e.8:
                         759 	.type	..gh.f.f.1.e.8,@object
                         760 	.size	..gh.f.f.1.e.8,0
                         761 	.global	_SecM_UpdateDataLength
                         762 _SecM_UpdateDataLength:
0000030c 06f0            763 	mov	r6,ep
                         764 --	    .bf
                         765 .LDW04:
0000030e 048d            766 	sld.w	8[ep],r17
00000310 e089            767 	cmp	zero,r17
00000312 a215*           768 	be	.L1510
                         769 --line796
                         770 ..lin.C.3A.5C_ECU2.5CECU_Rivian_A1.5CTarget.5Crepo_projects.5CpFOTA.5CcL_LATEST.5Cmake.5Cobj.5CSec_Verification.48::
                         771 .LDWlin48:
00000314 6c80            772 	sld.bu	12[ep],r16
00000316 31970100        773 	ld.w	0[r17],r18
0000031a 6182            774 	cmp	1,r16
0000031c b10d*           775 	bl	.L1517
0000031e e205*           776 	be	.L1516
00000320 6382            777 	cmp	3,r16
00000322 e105*           778 	bl	.L1519
00000324 fa05*           779 	bne	.L1517
                         780 --line812
                         781 ..lin.C.3A.5C_ECU2.5CECU_Rivian_A1.5CTarget.5Crepo_projects.5CpFOTA.5CcL_LATEST.5Cmake.5Cobj.5CSec_Verification.49::
                         782 .LDWlin49:
00000326 8692            783 	shr	6,r18
00000328 d505*           784 	br	.L1517
                         785 .L1516:
                         786 --line800
                         787 ..lin.C.3A.5C_ECU2.5CECU_Rivian_A1.5CTarget.5Crepo_projects.5CpFOTA.5CcL_LATEST.5Cmake.5Cobj.5CSec_Verification.50::
                         788 .LDWlin50:
0000032a 0092            789 	mov	0,r18
0000032c b505*           790 	br	.L1517
                         791 .L1519:
                         792 --line806
                         793 ..lin.C.3A.5C_ECU2.5CECU_Rivian_A1.5CTarget.5Crepo_projects.5CpFOTA.5CcL_LATEST.5Cmake.5Cobj.5CSec_Verification.51::
                         794 .LDWlin51:
0000032e 7a78            795 	sld.hu	20[ep],r15

                                                                      Page 15
                                                              C:\Users\nhuliyap\AppData\Local\Temp\gh_0000dgg1.s
00000330 cf91            796 	add	r15,r18
                         797 .L1517:
00000332 71970100        798 	st.w	r18,0[r17]
                         799 .L1510:
                         800 --	    .ef
                         801 .LDW14:
00000336 7f00            802 	jmp	[lp]
                         803 	.type	_SecM_UpdateDataLength,@function
                         804 	.size	_SecM_UpdateDataLength,.-_SecM_UpdateDataLength
                         805 	.align	2
                         806 .LDW24:
                         807 --_dataLength	r18	local
                         808 
                         809 --_pVerifyParam	ep	param
                         810 
                         811 	.section ".bss","awb"
                         812 .L1578:
                         813 	.type	.L1578,@object
                         814 	.size	.L1578,0
                         815 	.data
                         816 	.text
                         817 	.align	2
                         818 	.align	2
                         819 ..gh.f.f.1.e.9:
                         820 	.type	..gh.f.f.1.e.9,@object
                         821 	.size	..gh.f.f.1.e.9,0
                         822 	.global	_SecM_InitVerification
                         823 _SecM_InitVerification:
                         824 --	    .bf
                         825 .LDW34:
00000338 0052            826 	mov	0,r10
                         827 --	    .ef
                         828 .LDW44:
0000033a 7f00            829 	jmp	[lp]
                         830 	.type	_SecM_InitVerification,@function
                         831 	.size	_SecM_InitVerification,.-_SecM_InitVerification
                         832 	.align	2
                         833 .LDW54:
                         834 
                         835 --_init	none	param
                         836 
                         837 	.section ".bss","awb"
                         838 .L1697:
                         839 	.type	.L1697,@object
                         840 	.size	.L1697,0
                         841 	.data
                         842 	.text
                         843 	.align	2
                         844 	.align	2
                         845 ..gh.f.f.1.e.10:
                         846 	.type	..gh.f.f.1.e.10,@object
                         847 	.size	..gh.f.f.1.e.10,0
                         848 	.global	_SecM_DeinitVerification
                         849 _SecM_DeinitVerification:
                         850 --	    .bf
                         851 .LDW64:
0000033c 0052            852 	mov	0,r10
                         853 --	    .ef
                         854 .LDW74:
0000033e 7f00            855 	jmp	[lp]
                         856 	.type	_SecM_DeinitVerification,@function

                                                                      Page 16
                                                              C:\Users\nhuliyap\AppData\Local\Temp\gh_0000dgg1.s
                         857 	.size	_SecM_DeinitVerification,.-_SecM_DeinitVerification
                         858 	.align	2
                         859 .LDW84:
                         860 
                         861 --_deinit	none	param
                         862 
                         863 	.section ".bss","awb"
                         864 .L1745:
                         865 	.type	.L1745,@object
                         866 	.size	.L1745,0
                         867 	.data
                         868 	.text
                         869 	.align	2
                         870 	.align	2
                         871 	.align	2
                         872 ..gh.f.f.1.e.11:
                         873 	.type	..gh.f.f.1.e.11,@object
                         874 	.size	..gh.f.f.1.e.11,0
                         875 	.global	_SecM_VerifyCrc
                         876 _SecM_VerifyCrc:
00000340 8007e100        877 	prepare	{r28,r29,r31},0
00000344 06e8            878 	mov	r6,r29
                         879 --	    .bf
                         880 .LDW94:
00000346 01e2            881 	mov	1,r28
00000348 e039            882 	cmp	zero,r7
0000034a 8a15*           883 	bne	.L1765
                         884 --line930
                         885 ..lin.C.3A.5C_ECU2.5CECU_Rivian_A1.5CTarget.5Crepo_projects.5CpFOTA.5CcL_LATEST.5Cmake.5Cobj.5CSec_Verification.52::
                         886 .LDWlin52:
0000034c a50705300000*   887 	ld.bu	rosdaoff23(_SecM_CrcPrimitives+10)[r5],r6
00000352 6132            888 	cmp	1,r6
00000354 ca05*           889 	bne	.L1767
                         890 --line932
                         891 ..lin.C.3A.5C_ECU2.5CECU_Rivian_A1.5CTarget.5Crepo_projects.5CpFOTA.5CcL_LATEST.5Cmake.5Cobj.5CSec_Verification.53::
                         892 .LDWlin53:
00000356 1d30            893 	mov	r29,r6
                         894 	jarl	_SecM_UpdateDataLength,lp
                         894 <EXPANSION BEGIN>
                         894 jarl22 _SecM_UpdateDataLength , lp 
00000358 bfffb4ff*       894 <EXPANSION END>
                         895 .L1767:
                         896 --line936
                         897 ..lin.C.3A.5C_ECU2.5CECU_Rivian_A1.5CTarget.5Crepo_projects.5CpFOTA.5CcL_LATEST.5Cmake.5Cobj.5CSec_Verification.54::
                         898 .LDWlin54:
0000035c 9d370d00        899 	ld.bu	12[r29],r6
00000360 069effff        900 	addi	-1,r6,r19
00000364 639a            901 	cmp	3,r19
00000366 d105*           902 	bl	.L1771
00000368 a20d*           903 	be	.L1778
                         904 .L1765:
                         905 --line990
                         906 ..lin.C.3A.5C_ECU2.5CECU_Rivian_A1.5CTarget.5Crepo_projects.5CpFOTA.5CcL_LATEST.5Cmake.5Cobj.5CSec_Verification.55::
                         907 .LDWlin55:
0000036a 1c50            908 	mov	r28,r10
                         909 --	    .ef
                         910 .LDW05:
0000036c 4006ff00        911 	dispose	0,{r28,r29,r31},[lp]
                         912 .L1771:
                         913 --line940
                         914 ..lin.C.3A.5C_ECU2.5CECU_Rivian_A1.5CTarget.5Crepo_projects.5CpFOTA.5CcL_LATEST.5Cmake.5Cobj.5CSec_Verification.56::

                                                                      Page 17
                                                              C:\Users\nhuliyap\AppData\Local\Temp\gh_0000dgg1.s
                         915 .LDWlin56:
00000370 3e0600000000*   916 	mov	.L2241-1,ep
00000376 c6f1            917 	add	r6,ep
00000378 6038            918 	sld.bu	0[ep],r7
0000037a d515*           919 	br	.L1790
                         920 .L1778:
                         921 --line958
                         922 ..lin.C.3A.5C_ECU2.5CECU_Rivian_A1.5CTarget.5Crepo_projects.5CpFOTA.5CcL_LATEST.5Cmake.5Cobj.5CSec_Verification.57::
                         923 .LDWlin57:
0000037c a50705900000*   924 	ld.bu	rosdaoff23(_SecM_CrcPrimitives+8)[r5],r18
00000382 fd8f1500        925 	ld.hu	20[r29],r17
00000386 f289            926 	cmp	r18,r17
00000388 91f5*           927 	bl	.L1765
                         928 --line960
                         929 ..lin.C.3A.5C_ECU2.5CECU_Rivian_A1.5CTarget.5Crepo_projects.5CpFOTA.5CcL_LATEST.5Cmake.5Cobj.5CSec_Verification.58::
                         930 .LDWlin58:
0000038a a50705800000*   931 	ld.bu	rosdaoff23(_SecM_CrcPrimitives+9)[r5],r16
00000390 6182            932 	cmp	1,r16
00000392 8a0d*           933 	bne	.L1781
                         934 --line962
                         935 ..lin.C.3A.5C_ECU2.5CECU_Rivian_A1.5CTarget.5Crepo_projects.5CpFOTA.5CcL_LATEST.5Cmake.5Cobj.5CSec_Verification.59::
                         936 .LDWlin59:
00000394 a50705780000*   937 	ld.bu	rosdaoff23(_SecM_CrcPrimitives)[r5],r15
0000039a 053a            938 	mov	5,r7
0000039c e079            939 	cmp	zero,r15
0000039e eae5*           940 	bne	.L1765
000003a0 a505*           941 	br	.L1790
                         942 .L1781:
                         943 --line969
                         944 ..lin.C.3A.5C_ECU2.5CECU_Rivian_A1.5CTarget.5Crepo_projects.5CpFOTA.5CcL_LATEST.5Cmake.5Cobj.5CSec_Verification.60::
                         945 .LDWlin60:
000003a2 043a            946 	mov	4,r7
                         947 .L1790:
000003a4 1d30            948 	mov	r29,r6
000003a6 280600000000*   949 	mov	rosdaoff23(_SecM_CrcPrimitives),r8
                         950 	jarl	_SecM_CopyCrcParam,lp
                         950 <EXPANSION BEGIN>
                         950 jarl22 _SecM_CopyCrcParam , lp 
000003ac bfffbcfe*       950 <EXPANSION END>
000003b0 e051            951 	cmp	zero,r10
000003b2 cadd*           952 	bne	.L1765
                         953 --line985
                         954 ..lin.C.3A.5C_ECU2.5CECU_Rivian_A1.5CTarget.5Crepo_projects.5CpFOTA.5CcL_LATEST.5Cmake.5Cobj.5CSec_Verification.61::
                         955 .LDWlin61:
000003b4 3d370100        956 	ld.w	0[r29],r6
000003b8 850709e80000*   957 	ld.w	rosdaoff23(_SecM_CrcPrimitives+4)[r5],r29
000003be fdc760f9        958 	jarl	[r29],lp
000003c2 0ae0            959 	mov	r10,r28
000003c4 b5d5*           960 	br	.L1765
                         961 	.type	_SecM_VerifyCrc,@function
                         962 	.size	_SecM_VerifyCrc,.-_SecM_VerifyCrc
                         963 	.align	2
                         964 .LDW15:
                         965 --_result	r28	local
                         966 --_crcAction	r7	local
                         967 --.L2189	rosdaoff23(.L2241)	static
                         968 
                         969 --_pVerifyParam	r29	param
                         970 --_primitiveId	r7	param
                         971 
                         972 	.section ".bss","awb"

                                                                      Page 18
                                                              C:\Users\nhuliyap\AppData\Local\Temp\gh_0000dgg1.s
                         973 .L2188:
                         974 	.type	.L2188,@object
                         975 	.size	.L2188,0
                         976 	.section ".rosdata","a"
                         977 	.align	4
                         978 	.global	_crcZeroValue..C.3A.5C_ECU2.5CECU_Rivian_A1.5CTarget.5Crepo_projects.5CpFOTA.5CcL_LATEST.5Cmake.5Cobj.5CSec_Verification.
                         979 _crcZeroValue..C.3A.5C_ECU2.5CECU_Rivian_A1.5CTarget.5Crepo_projects.5CpFOTA.5CcL_LATEST.5Cmake.5Cobj.5CSec_Verification.:
00000000 00000000        980 _crcZeroValue:	.byte	0,0,0,0
                         981 	.type	_crcZeroValue..C.3A.5C_ECU2.5CECU_Rivian_A1.5CTarget.5Crepo_projects.5CpFOTA.5CcL_LATEST.5Cmake.5Cobj.5CSec_Verification.,@object
                         982 	.size	_crcZeroValue..C.3A.5C_ECU2.5CECU_Rivian_A1.5CTarget.5Crepo_projects.5CpFOTA.5CcL_LATEST.5Cmake.5Cobj.5CSec_Verification.,4
                         983 	.type	_crcZeroValue,@object
                         984 	.size	_crcZeroValue,4
00000004 0102            985 .L2241:	.byte	1,2
00000006 03              986 	.byte	3
                         987 	.type	.L2241,@object
                         988 	.size	.L2241,3
                         989 	.data
                         990 	.text
                         991 	.align	2
                         992 	.align	2
                         993 ..gh.f.f.1.e.12:
                         994 	.type	..gh.f.f.1.e.12,@object
                         995 	.size	..gh.f.f.1.e.12,0
                         996 	.global	_SecM_VerifyMac
                         997 _SecM_VerifyMac:
000003c6 8607e100        998 	prepare	{r28,r29,r31},3
000003ca 06e8            999 	mov	r6,r29
                        1000 --	    .bf
                        1001 .LDW25:
000003cc 01e2           1002 	mov	1,r28
000003ce e039           1003 	cmp	zero,r7
000003d0 da55*          1004 	bne	.L2323
                        1005 --line1082
                        1006 ..lin.C.3A.5C_ECU2.5CECU_Rivian_A1.5CTarget.5Crepo_projects.5CpFOTA.5CcL_LATEST.5Cmake.5Cobj.5CSec_Verification.62::
                        1007 .LDWlin62:
000003d2 a50705300000*  1008 	ld.bu	rosdaoff23(_SecM_MacPrimitives+13)[r5],r6
000003d8 6132           1009 	cmp	1,r6
000003da ca05*          1010 	bne	.L2325
                        1011 --line1084
                        1012 ..lin.C.3A.5C_ECU2.5CECU_Rivian_A1.5CTarget.5Crepo_projects.5CpFOTA.5CcL_LATEST.5Cmake.5Cobj.5CSec_Verification.63::
                        1013 .LDWlin63:
000003dc 1d30           1014 	mov	r29,r6
                        1015 	jarl	_SecM_UpdateDataLength,lp
                        1015 <EXPANSION BEGIN>
                        1015 jarl22 _SecM_UpdateDataLength , lp 
000003de bfff2eff*      1015 <EXPANSION END>
                        1016 .L2325:
                        1017 --line1088
                        1018 ..lin.C.3A.5C_ECU2.5CECU_Rivian_A1.5CTarget.5Crepo_projects.5CpFOTA.5CcL_LATEST.5Cmake.5Cobj.5CSec_Verification.64::
                        1019 .LDWlin64:
000003e2 9d970d00       1020 	ld.bu	12[r29],r18
000003e6 6192           1021 	cmp	1,r18
000003e8 914d*          1022 	bl	.L2323
000003ea f205*          1023 	be	.L2329
000003ec 6392           1024 	cmp	3,r18
000003ee 911d*          1025 	bl	.L2335
000003f0 d22d*          1026 	be	.L2340
000003f2 6492           1027 	cmp	4,r18
000003f4 d22d*          1028 	be	.L2344
000003f6 a545*          1029 	br	.L2323
                        1030 .L2329:

                                                                      Page 19
                                                              C:\Users\nhuliyap\AppData\Local\Temp\gh_0000dgg1.s
                        1031 --line1098
                        1032 ..lin.C.3A.5C_ECU2.5CECU_Rivian_A1.5CTarget.5Crepo_projects.5CpFOTA.5CcL_LATEST.5Cmake.5Cobj.5CSec_Verification.65::
                        1033 .LDWlin65:
000003f8 a50705980000*  1034 	ld.bu	rosdaoff23(_SecM_MacPrimitives+12)[r5],r19
000003fe 619a           1035 	cmp	1,r19
00000400 d23d*          1036 	be	.L2323
                        1037 --line1110
                        1038 ..lin.C.3A.5C_ECU2.5CECU_Rivian_A1.5CTarget.5Crepo_projects.5CpFOTA.5CcL_LATEST.5Cmake.5Cobj.5CSec_Verification.66::
                        1039 .LDWlin66:
00000402 3d471d00       1040 	ld.w	28[r29],r8
00000406 850709300000*  1041 	ld.w	rosdaoff23(_SecM_MacPrimitives)[r5],r6
0000040c 03f0           1042 	mov	sp,ep
0000040e 0105           1043 	sst.w	zero,0[ep]
00000410 0305           1044 	sst.w	zero,4[ep]
00000412 0505           1045 	sst.w	zero,8[ep]
00000414 1c38           1046 	mov	r28,r7
00000416 004a           1047 	mov	0,r9
                        1048 	jarl	_SecM_MacVerifyJob,lp
                        1048 <EXPANSION BEGIN>
                        1048 jarl22 _SecM_MacVerifyJob , lp 
00000418 80ff0000*      1048 <EXPANSION END>
0000041c 0ae0           1049 	mov	r10,r28
0000041e e52d*          1050 	br	.L2323
                        1051 .L2335:
                        1052 --line1119
                        1053 ..lin.C.3A.5C_ECU2.5CECU_Rivian_A1.5CTarget.5Crepo_projects.5CpFOTA.5CcL_LATEST.5Cmake.5Cobj.5CSec_Verification.67::
                        1054 .LDWlin67:
00000420 a50705900000*  1055 	ld.bu	rosdaoff23(_SecM_MacPrimitives+12)[r5],r18
00000426 6192           1056 	cmp	1,r18
00000428 922d*          1057 	be	.L2323
                        1058 --line1131
                        1059 ..lin.C.3A.5C_ECU2.5CECU_Rivian_A1.5CTarget.5Crepo_projects.5CpFOTA.5CcL_LATEST.5Cmake.5Cobj.5CSec_Verification.68::
                        1060 .LDWlin68:
0000042a 1df0           1061 	mov	r29,ep
0000042c 7a88           1062 	sld.hu	20[ep],r17
0000042e 084d           1063 	sld.w	16[ep],r9
00000430 850709300000*  1064 	ld.w	rosdaoff23(_SecM_MacPrimitives)[r5],r6
00000436 03f0           1065 	mov	sp,ep
00000438 018d           1066 	sst.w	r17,0[ep]
0000043a 0305           1067 	sst.w	zero,4[ep]
0000043c 0505           1068 	sst.w	zero,8[ep]
0000043e 023a           1069 	mov	2,r7
00000440 0042           1070 	mov	0,r8
                        1071 	jarl	_SecM_MacVerifyJob,lp
                        1071 <EXPANSION BEGIN>
                        1071 jarl22 _SecM_MacVerifyJob , lp 
00000442 80ff0000*      1071 <EXPANSION END>
00000446 0ae0           1072 	mov	r10,r28
00000448 951d*          1073 	br	.L2323
                        1074 .L2340:
                        1075 --line1140
                        1076 ..lin.C.3A.5C_ECU2.5CECU_Rivian_A1.5CTarget.5Crepo_projects.5CpFOTA.5CcL_LATEST.5Cmake.5Cobj.5CSec_Verification.69::
                        1077 .LDWlin69:
0000044a 07e0           1078 	mov	r7,r28
0000044c f515*          1079 	br	.L2323
                        1080 .L2344:
                        1081 --	    .bs
                        1082 .LDW35:
                        1083 --line1157
                        1084 ..lin.C.3A.5C_ECU2.5CECU_Rivian_A1.5CTarget.5Crepo_projects.5CpFOTA.5CcL_LATEST.5Cmake.5Cobj.5CSec_Verification.70::
                        1085 .LDWlin70:

                                                                      Page 20
                                                              C:\Users\nhuliyap\AppData\Local\Temp\gh_0000dgg1.s
0000044e a50705800000*  1086 	ld.bu	rosdaoff23(_SecM_MacPrimitives+12)[r5],r16
00000454 6182           1087 	cmp	1,r16
00000456 a215*          1088 	be	.L2323
                        1089 --line1171
                        1090 ..lin.C.3A.5C_ECU2.5CECU_Rivian_A1.5CTarget.5Crepo_projects.5CpFOTA.5CcL_LATEST.5Cmake.5Cobj.5CSec_Verification.71::
                        1091 .LDWlin71:
00000458 3d7f1100       1092 	ld.w	16[r29],r15
0000045c fd771500       1093 	ld.hu	20[r29],r14
00000460 850709300000*  1094 	ld.w	rosdaoff23(_SecM_MacPrimitives)[r5],r6
00000466 03f0           1095 	mov	sp,ep
00000468 0042           1096 	mov	0,r8
0000046a 0105           1097 	sst.w	zero,0[ep]
0000046c 037d           1098 	sst.w	r15,4[ep]
0000046e 0575           1099 	sst.w	r14,8[ep]
00000470 1238           1100 	mov	r18,r7
00000472 0848           1101 	mov	r8,r9
                        1102 	jarl	_SecM_MacVerifyJob,lp
                        1102 <EXPANSION BEGIN>
                        1102 jarl22 _SecM_MacVerifyJob , lp 
00000474 80ff0000*      1102 <EXPANSION END>
00000478 0ae0           1103 	mov	r10,r28
                        1104 .L2323:
                        1105 --	    .es
                        1106 .LDW45:
                        1107 --line1186
                        1108 ..lin.C.3A.5C_ECU2.5CECU_Rivian_A1.5CTarget.5Crepo_projects.5CpFOTA.5CcL_LATEST.5Cmake.5Cobj.5CSec_Verification.72::
                        1109 .LDWlin72:
0000047a 1c50           1110 	mov	r28,r10
                        1111 --	    .ef
                        1112 .LDW55:
0000047c 4606ff00       1113 	dispose	3,{r28,r29,r31},[lp]
                        1114 	.type	_SecM_VerifyMac,@function
                        1115 	.size	_SecM_VerifyMac,.-_SecM_VerifyMac
                        1116 	.align	2
                        1117 .LDW65:
                        1118 --_result	r28	local
                        1119 
                        1120 --_pVerifyParam	r29	param
                        1121 --_primitiveId	r7	param
                        1122 
                        1123 	.section ".bss","awb"
                        1124 .L2501:
                        1125 	.type	.L2501,@object
                        1126 	.size	.L2501,0
                        1127 	.data
                        1128 	.text
                        1129 	.align	2
                        1130 	.align	2
                        1131 ..gh.f.f.1.e.13:
                        1132 	.type	..gh.f.f.1.e.13,@object
                        1133 	.size	..gh.f.f.1.e.13,0
                        1134 	.global	_SecM_VerifySig
                        1135 _SecM_VerifySig:
00000480 8807e100       1136 	prepare	{r28,r29,r31},4
00000484 06e8           1137 	mov	r6,r29
                        1138 --	    .bf
                        1139 .LDW75:
00000486 01e2           1140 	mov	1,r28
00000488 e039           1141 	cmp	zero,r7
0000048a fa55*          1142 	bne	.L2650
                        1143 --line1202

                                                                      Page 21
                                                              C:\Users\nhuliyap\AppData\Local\Temp\gh_0000dgg1.s
                        1144 ..lin.C.3A.5C_ECU2.5CECU_Rivian_A1.5CTarget.5Crepo_projects.5CpFOTA.5CcL_LATEST.5Cmake.5Cobj.5CSec_Verification.73::
                        1145 .LDWlin73:
0000048c a50705300000*  1146 	ld.bu	rosdaoff23(_SecM_SignaturePrimitives+24)[r5],r6
00000492 6132           1147 	cmp	1,r6
00000494 ca05*          1148 	bne	.L2652
                        1149 --line1204
                        1150 ..lin.C.3A.5C_ECU2.5CECU_Rivian_A1.5CTarget.5Crepo_projects.5CpFOTA.5CcL_LATEST.5Cmake.5Cobj.5CSec_Verification.74::
                        1151 .LDWlin74:
00000496 1d30           1152 	mov	r29,r6
                        1153 	jarl	_SecM_UpdateDataLength,lp
                        1153 <EXPANSION BEGIN>
                        1153 jarl22 _SecM_UpdateDataLength , lp 
00000498 bfff74fe*      1153 <EXPANSION END>
                        1154 .L2652:
                        1155 --line1208
                        1156 ..lin.C.3A.5C_ECU2.5CECU_Rivian_A1.5CTarget.5Crepo_projects.5CpFOTA.5CcL_LATEST.5Cmake.5Cobj.5CSec_Verification.75::
                        1157 .LDWlin75:
0000049c 9d970d00       1158 	ld.bu	12[r29],r18
000004a0 6192           1159 	cmp	1,r18
000004a2 b14d*          1160 	bl	.L2650
000004a4 f205*          1161 	be	.L2656
000004a6 6392           1162 	cmp	3,r18
000004a8 911d*          1163 	bl	.L2661
000004aa d22d*          1164 	be	.L2665
000004ac 6492           1165 	cmp	4,r18
000004ae d22d*          1166 	be	.L2669
000004b0 c545*          1167 	br	.L2650
                        1168 .L2656:
                        1169 --line1219
                        1170 ..lin.C.3A.5C_ECU2.5CECU_Rivian_A1.5CTarget.5Crepo_projects.5CpFOTA.5CcL_LATEST.5Cmake.5Cobj.5CSec_Verification.76::
                        1171 .LDWlin76:
000004b2 850709980000*  1172 	ld.w	rosdaoff23(_SecM_SignaturePrimitives+4)[r5],r19
000004b8 7f9a           1173 	cmp	-1,r19
000004ba fa3d*          1174 	bne	.L2650
                        1175 --line1221
                        1176 ..lin.C.3A.5C_ECU2.5CECU_Rivian_A1.5CTarget.5Crepo_projects.5CpFOTA.5CcL_LATEST.5Cmake.5Cobj.5CSec_Verification.77::
                        1177 .LDWlin77:
000004bc 3d471d00       1178 	ld.w	28[r29],r8
000004c0 850709300000*  1179 	ld.w	rosdaoff23(_SecM_SignaturePrimitives)[r5],r6
000004c6 03f0           1180 	mov	sp,ep
000004c8 0105           1181 	sst.w	zero,0[ep]
000004ca 0305           1182 	sst.w	zero,4[ep]
000004cc 0505           1183 	sst.w	zero,8[ep]
000004ce 1c38           1184 	mov	r28,r7
000004d0 004a           1185 	mov	0,r9
                        1186 	jarl	_SecM_SignatureVerifyJob,lp
                        1186 <EXPANSION BEGIN>
                        1186 jarl22 _SecM_SignatureVerifyJob , lp 
000004d2 80ff0000*      1186 <EXPANSION END>
000004d6 0ae0           1187 	mov	r10,r28
000004d8 8535*          1188 	br	.L2650
                        1189 .L2661:
                        1190 --line1235
                        1191 ..lin.C.3A.5C_ECU2.5CECU_Rivian_A1.5CTarget.5Crepo_projects.5CpFOTA.5CcL_LATEST.5Cmake.5Cobj.5CSec_Verification.78::
                        1192 .LDWlin78:
000004da 850709900000*  1193 	ld.w	rosdaoff23(_SecM_SignaturePrimitives+4)[r5],r18
000004e0 7f92           1194 	cmp	-1,r18
000004e2 ba2d*          1195 	bne	.L2650
                        1196 --line1237
                        1197 ..lin.C.3A.5C_ECU2.5CECU_Rivian_A1.5CTarget.5Crepo_projects.5CpFOTA.5CcL_LATEST.5Cmake.5Cobj.5CSec_Verification.79::
                        1198 .LDWlin79:

                                                                      Page 22
                                                              C:\Users\nhuliyap\AppData\Local\Temp\gh_0000dgg1.s
000004e4 1df0           1199 	mov	r29,ep
000004e6 7a88           1200 	sld.hu	20[ep],r17
000004e8 084d           1201 	sld.w	16[ep],r9
000004ea 850709300000*  1202 	ld.w	rosdaoff23(_SecM_SignaturePrimitives)[r5],r6
000004f0 03f0           1203 	mov	sp,ep
000004f2 018d           1204 	sst.w	r17,0[ep]
000004f4 0305           1205 	sst.w	zero,4[ep]
000004f6 0505           1206 	sst.w	zero,8[ep]
000004f8 023a           1207 	mov	2,r7
000004fa 0042           1208 	mov	0,r8
                        1209 	jarl	_SecM_SignatureVerifyJob,lp
                        1209 <EXPANSION BEGIN>
                        1209 jarl22 _SecM_SignatureVerifyJob , lp 
000004fc 80ff0000*      1209 <EXPANSION END>
00000500 0ae0           1210 	mov	r10,r28
00000502 b51d*          1211 	br	.L2650
                        1212 .L2665:
                        1213 --line1252
                        1214 ..lin.C.3A.5C_ECU2.5CECU_Rivian_A1.5CTarget.5Crepo_projects.5CpFOTA.5CcL_LATEST.5Cmake.5Cobj.5CSec_Verification.80::
                        1215 .LDWlin80:
00000504 07e0           1216 	mov	r7,r28
00000506 951d*          1217 	br	.L2650
                        1218 .L2669:
                        1219 --	    .bs
                        1220 .LDW85:
                        1221 --line1276
                        1222 ..lin.C.3A.5C_ECU2.5CECU_Rivian_A1.5CTarget.5Crepo_projects.5CpFOTA.5CcL_LATEST.5Cmake.5Cobj.5CSec_Verification.81::
                        1223 .LDWlin81:
00000508 850709800000*  1224 	ld.w	rosdaoff23(_SecM_SignaturePrimitives+4)[r5],r16
0000050e 7f82           1225 	cmp	-1,r16
00000510 ca15*          1226 	bne	.L2650
                        1227 --	    .bs
                        1228 .LDW95:
                        1229 --line1280
                        1230 ..lin.C.3A.5C_ECU2.5CECU_Rivian_A1.5CTarget.5Crepo_projects.5CpFOTA.5CcL_LATEST.5Cmake.5Cobj.5CSec_Verification.82::
                        1231 .LDWlin82:
00000512 3d7f1100       1232 	ld.w	16[r29],r15
00000516 fd771500       1233 	ld.hu	20[r29],r14
0000051a 850709300000*  1234 	ld.w	rosdaoff23(_SecM_SignaturePrimitives)[r5],r6
00000520 03f0           1235 	mov	sp,ep
00000522 8f03           1236 	sst.b	zero,15[ep]
00000524 0105           1237 	sst.w	zero,0[ep]
00000526 037d           1238 	sst.w	r15,4[ep]
00000528 0575           1239 	sst.w	r14,8[ep]
0000052a 1238           1240 	mov	r18,r7
0000052c 0042           1241 	mov	0,r8
0000052e 234e0f00       1242 	movea	15,sp,r9
                        1243 	jarl	_SecM_SignatureVerifyJob,lp
                        1243 <EXPANSION BEGIN>
                        1243 jarl22 _SecM_SignatureVerifyJob , lp 
00000532 80ff0000*      1243 <EXPANSION END>
00000536 0ae0           1244 	mov	r10,r28
                        1245 --	    .es
                        1246 .LDW06:
                        1247 .L2650:
                        1248 --	    .es
                        1249 .LDW16:
                        1250 --line1307
                        1251 ..lin.C.3A.5C_ECU2.5CECU_Rivian_A1.5CTarget.5Crepo_projects.5CpFOTA.5CcL_LATEST.5Cmake.5Cobj.5CSec_Verification.83::
                        1252 .LDWlin83:
00000538 1c50           1253 	mov	r28,r10

                                                                      Page 23
                                                              C:\Users\nhuliyap\AppData\Local\Temp\gh_0000dgg1.s
                        1254 --	    .ef
                        1255 .LDW26:
0000053a 4806ff00       1256 	dispose	4,{r28,r29,r31},[lp]
                        1257 	.type	_SecM_VerifySig,@function
                        1258 	.size	_SecM_VerifySig,.-_SecM_VerifySig
                        1259 	.align	2
                        1260 .LDW36:
                        1261 --_result	r28	local
                        1262 --_dummy	15[sp]	local
                        1263 
                        1264 --_pVerifyParam	r29	param
                        1265 --_primitiveId	r7	param
                        1266 
                        1267 	.section ".bss","awb"
                        1268 .L2837:
                        1269 	.type	.L2837,@object
                        1270 	.size	.L2837,0
                        1271 	.data
                        1272 	.text
                        1273 	.align	2
                        1274 --_SecM_CrcPrimitives	rosdaoff23(_SecM_CrcPrimitives)	import
                        1275 --_SecM_MacPrimitives	rosdaoff23(_SecM_MacPrimitives)	import
                        1276 --_SecM_SignaturePrimitives	rosdaoff23(_SecM_SignaturePrimitives)	import
                        1277 --_crcZeroValue	rosdaoff23(_crcZeroValue)	static
                        1278 
                        1279 	.data
                        1280 	.ghsnote version,17
                        1281 	.ghsnote tools,3
                        1282 	.ghsnote options,144
                        1283 	.text
                        1284 	.align	2
                        1285 ..eof.C.3A.5C_ECU2.5CECU_Rivian_A1.5CTarget.5Crepo_projects.5CpFOTA.5CcL_LATEST.5Cmake.5Cobj.5CSec_Verification...43.3A.5C_ECU2.5CECU_Rivian_A1.5CTarget.5Crepo_projects.5CpFOTA.5CcL_LATEST.5Cmake..64F86B78..0::
                        1286 .rh850_flags REGMODE32,DATA_ALIGN8,GP_FIX,EP_NONFIX,TP_FIX,REG2_RESERVE,G3K,SDA_EXTRA_REGS_0
