                                                                      Page 1
                                                              C:\Users\nhuliyap\AppData\Local\Temp\gh_00003kk1.s
Command Line: C:\GHS\comp_201517\ease850.exe -w -stderr=err/Sec_Job.err -elf -b0 -I../source/_common -I../source/common -I../source/ecuabcanif -I../source/ecuabcantrcv -I../source/ecuabcryif -I../source/ecuabfee -I../source/ecuabmemif -I../source/libautosar -I../source/mcalcan -I../source/mcalcry -I../source/mcaldio -I../source/mcaleep -I../source/mcalfls -I../source/mcalmcu -I../source/projectara -I../source/projectcfg -I../source/projectcompiler -I../source/swcservicebswm -I../source/swcservicecantp -I../source/swcservicecomm -I../source/swcservicecsm -I../source/swcservicedcm -I../source/swcservicedem -I../source/swcservicedet -I../source/swcserviceecum -I../source/swcservicenvm -I../source/swcserviceos -I../source/swcservicepdur -I../source/swcserviceschm -I../source/swcservicestartup -I../source/wrappers/swcservicesecm -I../source/wrappers/vsecprim -I../source/wrappers/vstdlib -Ic:/ghs/comp_201517/ansi -Ic:/ghs/comp_201517/include/v800 -Igendata -IC:\GHS\comp_201517\lib\rh850 -cg_underscore -cpu=rh850g3k -nofpu -no_v850_simd -rh850_fpsimd=none -nomacro -patch_dbo=C:\_ECU2\ECU_Rivian_A1\Target\repo_projects\pFOTA\cL_LATEST\make\obj\Sec_Job.dbo -source=Sec_Job.c -o obj\gh_00003kk1.o -list=lst/Sec_Job.lst C:\Users\nhuliyap\AppData\Local\Temp\gh_00003kk1.s 
Original File: C:\Users\nhuliyap\AppData\Local\Temp\gh_00003kk1.s
Source File: Sec_Job.c
Directory: C:\_ECU2\ECU_Rivian_A1\Target\repo_projects\pFOTA\cL_LATEST\make
Host OS: Windows
EASE: Copyright (C) 1983-2015 Green Hills Software.  All Rights Reserved.
Release: Compiler v2015.1.7
Build Directory: [Directory] BTOWORKER6:c:/build_2015_1_bto/2015-10-21.2100-2015_1_bto/win32-comp-ecom
Revision: [VCInfo] http://toolsvc/branches/release-branch-70-bto/src@544153 (built by build)
Revision Date: Thu Oct 22 07:50:13 2015

Release Date: Thu Oct 22 09:32:32 2015

                           1 --Driver Command: ccrh850 -DBRS_DERIVATIVE_701018 -DBRS_OSC_CLK=16
                           2 --		-DBRS_TIMEBASE_CLOCK=80 -DBRS_EVA_BOARD_
                           3 --		-DBRS_DERIVATIVE_GROUP_F1L -DBRS_OS_USECASE_BRS
                           4 --		-DBRS_PLATFORM_RH850 -DBRS_COMP_GHS
                           5 --		-DBRS_CPU_LOCAL_RAM_SIZE_CORE0=32
                           6 --		-DBRS_CPU_RAM_START_CORE0=0xFEDF8000 -list=lst/Sec_Job.lst
                           7 --		-object_dir=obj -stderr=err/Sec_Job.err -c -cpu=rh850 -sda=all
                           8 --		-large_sda -prepare_dispose -pragma_asm_inline -no_callt
                           9 --		-inline_prologue -notda -reserve_r2 -fsoft
                          10 --		--unknown_pragma_warnings -list -g -Ogeneral -shortenum
                          11 --		-registermode=32 -I../source/_common -I../source/common
                          12 --		-I../source/ecuabcanif -I../source/ecuabcantrcv
                          13 --		-I../source/ecuabcryif -I../source/ecuabfee
                          14 --		-I../source/ecuabmemif -I../source/libautosar -I../source/mcalcan
                          15 --		-I../source/mcalcry -I../source/mcaldio -I../source/mcaleep
                          16 --		-I../source/mcalfls -I../source/mcalmcu -I../source/projectara
                          17 --		-I../source/projectcfg -I../source/projectcompiler
                          18 --		-I../source/swcservicebswm -I../source/swcservicecantp
                          19 --		-I../source/swcservicecomm -I../source/swcservicecsm
                          20 --		-I../source/swcservicedcm -I../source/swcservicedem
                          21 --		-I../source/swcservicedet -I../source/swcserviceecum
                          22 --		-I../source/swcservicenvm -I../source/swcserviceos
                          23 --		-I../source/swcservicepdur -I../source/swcserviceschm
                          24 --		-I../source/swcservicestartup -I../source/wrappers/swcservicesecm
                          25 --		-I../source/wrappers/vsecprim -I../source/wrappers/vstdlib
                          26 --		-Ic:/ghs/comp_201517/ansi -Ic:/ghs/comp_201517/include/v800
                          27 --		-Igendata ../source/wrappers/SwcServiceSecM/Sec_Job.c
                          28 --Source File:   ../source/wrappers/SwcServiceSecM/Sec_Job.c
                          29 --Directory:     
                          30 --		C:\_ECU2\ECU_Rivian_A1\Target\repo_projects\pFOTA\cL_LATEST\make
                          31 --Compile Date:  Wed Sep 06 14:07:16 2023
                          32 --Host OS:       Win32
                          33 --Version:       C-RH850 2015.1.7 RELEASE VERSION
                          34 --Release:       Compiler v2015.1.7
                          35 --Revision Date: Thu Oct 22 08:06:12 2015
                          36 --Release Date:  Thu Oct 22 09:34:32 2015
                          37 -- ecom  -g -w -OM
                          38 	.text
                          39 ..bof.C.3A.5C_ECU2.5CECU_Rivian_A1.5CTarget.5Crepo_projects.5CpFOTA.5CcL_LATEST.5Cmake.5Cobj.5CSec_Job...43.3A.5C_ECU2.5CECU_Rivian_A1.5CTarget.5Crepo_projects.5CpFOTA.5CcL_LATEST.5Cmake..64F86B74..0::
                          40 	.align	2
                          41 ..gh.f.f.1.e.0:
                          42 	.type	..gh.f.f.1.e.0,@object
                          43 	.size	..gh.f.f.1.e.0,0
                          44 	.global	_SecM_GetKeyValueByElementId
                          45 _SecM_GetKeyValueByElementId:
                          46 --	    .bf
                          47 .LDW01:
00000000 0052             48 	mov	0,r10
00000002 6632             49 	cmp	6,r6
00000004 991d*            50 	bnl	.L2

                                                                      Page 2
                                                              C:\Users\nhuliyap\AppData\Local\Temp\gh_00003kk1.s
                          51 --	    .bs
                          52 .LDW11:
                          53 --line556
                          54 ..lin.C.3A.5C_ECU2.5CECU_Rivian_A1.5CTarget.5Crepo_projects.5CpFOTA.5CcL_LATEST.5Cmake.5Cobj.5CSec_Job.1::
                          55 .LDWlin1:
00000006 06f0             56 	mov	r6,ep
00000008 c3f2             57 	shl	3,ep
0000000a 260600000000*    58 	mov	rosdaoff23(_SecM_CryptographicKeys),r6
00000010 c6f1             59 	add	r6,ep
00000012 0a88             60 	mov	r10,r17
00000014 d50d*            61 	br	.L9
                          62 .L8:
                          63 --line560
                          64 ..lin.C.3A.5C_ECU2.5CECU_Rivian_A1.5CTarget.5Crepo_projects.5CpFOTA.5CcL_LATEST.5Cmake.5Cobj.5CSec_Job.2::
                          65 .LDWlin2:
00000016 1190             66 	mov	r17,r18
00000018 ec974202         67 	mulu	12,r18,zero
0000001c 029d             68 	sld.w	4[ep],r19
0000001e d391             69 	add	r19,r18
00000020 32870900         70 	ld.w	8[r18],r16
00000024 e781             71 	cmp	r7,r16
00000026 ba05*            72 	bne	.L7
00000028 1250             73 	mov	r18,r10
0000002a 7f00             74 	jmp	[lp]
                          75 .L7:
                          76 --line558
                          77 ..lin.C.3A.5C_ECU2.5CECU_Rivian_A1.5CTarget.5Crepo_projects.5CpFOTA.5CcL_LATEST.5Cmake.5Cobj.5CSec_Job.3::
                          78 .LDWlin3:
0000002c 418a             79 	add	1,r17
                          80 .L9:
0000002e 6078             81 	sld.bu	0[ep],r15
00000030 ef89             82 	cmp	r15,r17
00000032 a1f5*            83 	bl	.L8
00000034 7f00             84 	jmp	[lp]
                          85 .L2:
                          86 --	    .es
                          87 .LDW21:
                          88 --	    .ef
                          89 .LDW31:
                          90 --line568
                          91 ..lin.C.3A.5C_ECU2.5CECU_Rivian_A1.5CTarget.5Crepo_projects.5CpFOTA.5CcL_LATEST.5Cmake.5Cobj.5CSec_Job.4::
                          92 .LDWlin4:
00000036 7f00             93 	jmp	[lp]
                          94 	.type	_SecM_GetKeyValueByElementId,@function
                          95 	.size	_SecM_GetKeyValueByElementId,.-_SecM_GetKeyValueByElementId
                          96 	.align	2
                          97 .LDW41:
                          98 --_pKeyValue	r10	local
                          99 --_index	r17	local
                         100 --_pKey	ep	local
                         101 
                         102 --_smhKeyId	r6	param
                         103 --_keyElementId	r7	param
                         104 
                         105 	.section ".bss","awb"
                         106 .L74:
                         107 	.type	.L74,@object
                         108 	.size	.L74,0
                         109 	.data
                         110 	.text
                         111 	.align	2

                                                                      Page 3
                                                              C:\Users\nhuliyap\AppData\Local\Temp\gh_00003kk1.s
                         112 	.align	2
                         113 ..gh.f.f.1.e.1:
                         114 	.type	..gh.f.f.1.e.1,@object
                         115 	.size	..gh.f.f.1.e.1,0
                         116 	.global	_SecM_InitKeyAes..C.3A.5C_ECU2.5CECU_Rivian_A1.5CTarget.5Crepo_projects.5CpFOTA.5CcL_LATEST.5Cmake.5Cobj.5CSec_Job.
                         117 _SecM_InitKeyAes..C.3A.5C_ECU2.5CECU_Rivian_A1.5CTarget.5Crepo_projects.5CpFOTA.5CcL_LATEST.5Cmake.5Cobj.5CSec_Job.:
                         118 _SecM_InitKeyAes:
00000038 8007e1f0        119 	prepare	{r24,r25,r26,r27,r28,r29,r31},0
0000003c 06c8            120 	mov	r6,r25
0000003e 07d0            121 	mov	r7,r26
                         122 --	    .bf
                         123 .LDW51:
00000040 00c2            124 	mov	0,r24
00000042 18e8            125 	mov	r24,r29
00000044 663a            126 	cmp	6,r7
00000046 c94d*           127 	bnl	.L170
                         128 --line74
                         129 ..lin.C.3A.5C_ECU2.5CECU_Rivian_A1.5CTarget.5Crepo_projects.5CpFOTA.5CcL_LATEST.5Cmake.5Cobj.5CSec_Job.5::
                         130 .LDWlin5:
00000048 0730            131 	mov	r7,r6
0000004a 08e0            132 	mov	r8,r28
0000004c 053a            133 	mov	5,r7
                         134 	jarl	_SecM_GetKeyValueByElementId,lp
                         134 <EXPANSION BEGIN>
                         134 jarl22 _SecM_GetKeyValueByElementId , lp 
0000004e bfffb2ff*       134 <EXPANSION END>
00000052 0ad8            135 	mov	r10,r27
                         136 --line75
                         137 ..lin.C.3A.5C_ECU2.5CECU_Rivian_A1.5CTarget.5Crepo_projects.5CpFOTA.5CcL_LATEST.5Cmake.5Cobj.5CSec_Job.6::
                         138 .LDWlin6:
00000054 1a30            139 	mov	r26,r6
00000056 013a            140 	mov	1,r7
                         141 	jarl	_SecM_GetKeyValueByElementId,lp
                         141 <EXPANSION BEGIN>
                         141 jarl22 _SecM_GetKeyValueByElementId , lp 
00000058 bfffa8ff*       141 <EXPANSION END>
0000005c 0ad0            142 	mov	r10,r26
                         143 --line77
                         144 ..lin.C.3A.5C_ECU2.5CECU_Rivian_A1.5CTarget.5Crepo_projects.5CpFOTA.5CcL_LATEST.5Cmake.5Cobj.5CSec_Job.7::
                         145 .LDWlin7:
0000005e e0d9            146 	cmp	zero,r27
00000060 d21d*           147 	be	.L152
                         148 --line79
                         149 ..lin.C.3A.5C_ECU2.5CECU_Rivian_A1.5CTarget.5Crepo_projects.5CpFOTA.5CcL_LATEST.5Cmake.5Cobj.5CSec_Job.8::
                         150 .LDWlin8:
00000062 e041            151 	cmp	zero,r8
00000064 8215*           152 	be	.L154
00000066 e84f0d00        153 	ld.hu	12[r8],r9
0000006a fb3f0500        154 	ld.hu	4[r27],r7
0000006e e749            155 	cmp	r7,r9
00000070 aa0d*           156 	bne	.L154
                         157 --line81
                         158 ..lin.C.3A.5C_ECU2.5CECU_Rivian_A1.5CTarget.5Crepo_projects.5CpFOTA.5CcL_LATEST.5Cmake.5Cobj.5CSec_Job.9::
                         159 .LDWlin9:
00000072 3b3f0900        160 	ld.w	8[r27],r7
00000076 28470900        161 	ld.w	8[r8],r8
0000007a 1930            162 	mov	r25,r6
                         163 	jarl	_Csm_KeyElementSet,lp
                         163 <EXPANSION BEGIN>
                         163 jarl22 _Csm_KeyElementSet , lp 
0000007c 80ff0000*       163 <EXPANSION END>

                                                                      Page 4
                                                              C:\Users\nhuliyap\AppData\Local\Temp\gh_00003kk1.s
00000080 0ae8            164 	mov	r10,r29
00000082 c50d*           165 	br	.L152
                         166 .L154:
                         167 --line83
                         168 ..lin.C.3A.5C_ECU2.5CECU_Rivian_A1.5CTarget.5Crepo_projects.5CpFOTA.5CcL_LATEST.5Cmake.5Cobj.5CSec_Job.10::
                         169 .LDWlin10:
00000084 3b470100        170 	ld.w	0[r27],r8
00000088 e041            171 	cmp	zero,r8
0000008a 820d*           172 	be	.L152
                         173 --line85
                         174 ..lin.C.3A.5C_ECU2.5CECU_Rivian_A1.5CTarget.5Crepo_projects.5CpFOTA.5CcL_LATEST.5Cmake.5Cobj.5CSec_Job.11::
                         175 .LDWlin11:
0000008c 1bf0            176 	mov	r27,ep
0000008e 043d            177 	sld.w	8[ep],r7
00000090 7248            178 	sld.hu	4[ep],r9
00000092 1930            179 	mov	r25,r6
                         180 	jarl	_Csm_KeyElementSet,lp
                         180 <EXPANSION BEGIN>
                         180 jarl22 _Csm_KeyElementSet , lp 
00000094 80ff0000*       180 <EXPANSION END>
00000098 0ae8            181 	mov	r10,r29
                         182 .L152:
                         183 --line92
                         184 ..lin.C.3A.5C_ECU2.5CECU_Rivian_A1.5CTarget.5Crepo_projects.5CpFOTA.5CcL_LATEST.5Cmake.5Cobj.5CSec_Job.12::
                         185 .LDWlin12:
0000009a e0d1            186 	cmp	zero,r26
0000009c d21d*           187 	be	.L150
                         188 --line94
                         189 ..lin.C.3A.5C_ECU2.5CECU_Rivian_A1.5CTarget.5Crepo_projects.5CpFOTA.5CcL_LATEST.5Cmake.5Cobj.5CSec_Job.13::
                         190 .LDWlin13:
0000009e e0e1            191 	cmp	zero,r28
000000a0 8215*           192 	be	.L163
000000a2 fc4f0500        193 	ld.hu	4[r28],r9
000000a6 fa370500        194 	ld.hu	4[r26],r6
000000aa e649            195 	cmp	r6,r9
000000ac aa0d*           196 	bne	.L163
                         197 --line96
                         198 ..lin.C.3A.5C_ECU2.5CECU_Rivian_A1.5CTarget.5Crepo_projects.5CpFOTA.5CcL_LATEST.5Cmake.5Cobj.5CSec_Job.14::
                         199 .LDWlin14:
000000ae 3a3f0900        200 	ld.w	8[r26],r7
000000b2 3c470100        201 	ld.w	0[r28],r8
000000b6 1930            202 	mov	r25,r6
                         203 	jarl	_Csm_KeyElementSet,lp
                         203 <EXPANSION BEGIN>
                         203 jarl22 _Csm_KeyElementSet , lp 
000000b8 80ff0000*       203 <EXPANSION END>
000000bc 0ae9            204 	or	r10,r29
000000be c50d*           205 	br	.L150
                         206 .L163:
                         207 --line98
                         208 ..lin.C.3A.5C_ECU2.5CECU_Rivian_A1.5CTarget.5Crepo_projects.5CpFOTA.5CcL_LATEST.5Cmake.5Cobj.5CSec_Job.15::
                         209 .LDWlin15:
000000c0 3a470100        210 	ld.w	0[r26],r8
000000c4 e041            211 	cmp	zero,r8
000000c6 820d*           212 	be	.L150
                         213 --line100
                         214 ..lin.C.3A.5C_ECU2.5CECU_Rivian_A1.5CTarget.5Crepo_projects.5CpFOTA.5CcL_LATEST.5Cmake.5Cobj.5CSec_Job.16::
                         215 .LDWlin16:
000000c8 1af0            216 	mov	r26,ep
000000ca 043d            217 	sld.w	8[ep],r7
000000cc 7248            218 	sld.hu	4[ep],r9

                                                                      Page 5
                                                              C:\Users\nhuliyap\AppData\Local\Temp\gh_00003kk1.s
000000ce 1930            219 	mov	r25,r6
                         220 	jarl	_Csm_KeyElementSet,lp
                         220 <EXPANSION BEGIN>
                         220 jarl22 _Csm_KeyElementSet , lp 
000000d0 80ff0000*       220 <EXPANSION END>
000000d4 0ae9            221 	or	r10,r29
                         222 .L150:
                         223 --line108
                         224 ..lin.C.3A.5C_ECU2.5CECU_Rivian_A1.5CTarget.5Crepo_projects.5CpFOTA.5CcL_LATEST.5Cmake.5Cobj.5CSec_Job.17::
                         225 .LDWlin17:
000000d6 e0e9            226 	cmp	zero,r29
000000d8 b205*           227 	be	.L170
                         228 --line109
                         229 ..lin.C.3A.5C_ECU2.5CECU_Rivian_A1.5CTarget.5Crepo_projects.5CpFOTA.5CcL_LATEST.5Cmake.5Cobj.5CSec_Job.18::
                         230 .LDWlin18:
000000da 20c6ff00        231 	movea	255,zero,r24
                         232 .L170:
000000de 1850            233 	mov	r24,r10
                         234 --	    .ef
                         235 .LDW61:
000000e0 4006fff0        236 	dispose	0,{r24,r25,r26,r27,r28,r29,r31},[lp]
                         237 	.type	_SecM_InitKeyAes,@function
                         238 	.size	_SecM_InitKeyAes,.-_SecM_InitKeyAes
                         239 	.type	_SecM_InitKeyAes..C.3A.5C_ECU2.5CECU_Rivian_A1.5CTarget.5Crepo_projects.5CpFOTA.5CcL_LATEST.5Cmake.5Cobj.5CSec_Job.,@function
                         240 	.size	_SecM_InitKeyAes..C.3A.5C_ECU2.5CECU_Rivian_A1.5CTarget.5Crepo_projects.5CpFOTA.5CcL_LATEST.5Cmake.5Cobj.5CSec_Job.,.-_SecM_InitKeyAes..C.3A.5C_ECU2.5CECU_Rivian_A1.5CTarget.5Crepo_projects.5CpFOTA.5CcL_LATEST.5Cmake.5Cobj.5CSec_Job.
                         241 	.align	2
                         242 .LDW71:
                         243 --_result	r24	local
                         244 --_csmResult	r29	local
                         245 --_aesKey	r28	local
                         246 --_ivKeyElement	r27	local
                         247 --_aesKeyElement	r26	local
                         248 
                         249 --_csmKeyId	r25	param
                         250 --_smhKeyId	r26	param
                         251 --_keyPtr	r8	param
                         252 
                         253 	.section ".bss","awb"
                         254 .L304:
                         255 	.type	.L304,@object
                         256 	.size	.L304,0
                         257 	.data
                         258 	.text
                         259 	.align	2
                         260 	.align	2
                         261 ..gh.f.f.1.e.2:
                         262 	.type	..gh.f.f.1.e.2,@object
                         263 	.size	..gh.f.f.1.e.2,0
                         264 	.global	_SecM_InitKeyMac..C.3A.5C_ECU2.5CECU_Rivian_A1.5CTarget.5Crepo_projects.5CpFOTA.5CcL_LATEST.5Cmake.5Cobj.5CSec_Job.
                         265 _SecM_InitKeyMac..C.3A.5C_ECU2.5CECU_Rivian_A1.5CTarget.5Crepo_projects.5CpFOTA.5CcL_LATEST.5Cmake.5Cobj.5CSec_Job.:
                         266 _SecM_InitKeyMac:
000000e4 8007a110        267 	prepare	{r27,r28,r31},0
000000e8 06d8            268 	mov	r6,r27
                         269 --	    .bf
                         270 .LDW81:
000000ea 00e2            271 	mov	0,r28
000000ec 663a            272 	cmp	6,r7
000000ee e91d*           273 	bnl	.L470
                         274 --line126
                         275 ..lin.C.3A.5C_ECU2.5CECU_Rivian_A1.5CTarget.5Crepo_projects.5CpFOTA.5CcL_LATEST.5Cmake.5Cobj.5CSec_Job.19::
                         276 .LDWlin19:

                                                                      Page 6
                                                              C:\Users\nhuliyap\AppData\Local\Temp\gh_00003kk1.s
000000f0 0730            277 	mov	r7,r6
000000f2 013a            278 	mov	1,r7
                         279 	jarl	_SecM_GetKeyValueByElementId,lp
                         279 <EXPANSION BEGIN>
                         279 jarl22 _SecM_GetKeyValueByElementId , lp 
000000f4 bfff0cff*       279 <EXPANSION END>
000000f8 0af0            280 	mov	r10,ep
                         281 --line128
                         282 ..lin.C.3A.5C_ECU2.5CECU_Rivian_A1.5CTarget.5Crepo_projects.5CpFOTA.5CcL_LATEST.5Cmake.5Cobj.5CSec_Job.20::
                         283 .LDWlin20:
000000fa e051            284 	cmp	zero,r10
000000fc f215*           285 	be	.L470
                         286 --line130
                         287 ..lin.C.3A.5C_ECU2.5CECU_Rivian_A1.5CTarget.5Crepo_projects.5CpFOTA.5CcL_LATEST.5Cmake.5Cobj.5CSec_Job.21::
                         288 .LDWlin21:
000000fe e041            289 	cmp	zero,r8
00000100 920d*           290 	be	.L463
00000102 e84f0500        291 	ld.hu	4[r8],r9
00000106 7238            292 	sld.hu	4[ep],r7
00000108 e749            293 	cmp	r7,r9
0000010a ca05*           294 	bne	.L463
                         295 --line132
                         296 ..lin.C.3A.5C_ECU2.5CECU_Rivian_A1.5CTarget.5Crepo_projects.5CpFOTA.5CcL_LATEST.5Cmake.5Cobj.5CSec_Job.22::
                         297 .LDWlin22:
0000010c 28470100        298 	ld.w	0[r8],r8
00000110 d505*           299 	br	.L459
                         300 .L463:
                         301 --line134
                         302 ..lin.C.3A.5C_ECU2.5CECU_Rivian_A1.5CTarget.5Crepo_projects.5CpFOTA.5CcL_LATEST.5Cmake.5Cobj.5CSec_Job.23::
                         303 .LDWlin23:
00000112 0045            304 	sld.w	0[ep],r8
00000114 e041            305 	cmp	zero,r8
00000116 a20d*           306 	be	.L470
                         307 --line136
                         308 ..lin.C.3A.5C_ECU2.5CECU_Rivian_A1.5CTarget.5Crepo_projects.5CpFOTA.5CcL_LATEST.5Cmake.5Cobj.5CSec_Job.24::
                         309 .LDWlin24:
00000118 7248            310 	sld.hu	4[ep],r9
                         311 .L459:
0000011a 043d            312 	sld.w	8[ep],r7
0000011c 1b30            313 	mov	r27,r6
                         314 	jarl	_Csm_KeyElementSet,lp
                         314 <EXPANSION BEGIN>
                         314 jarl22 _Csm_KeyElementSet , lp 
0000011e 80ff0000*       314 <EXPANSION END>
                         315 --line144
                         316 ..lin.C.3A.5C_ECU2.5CECU_Rivian_A1.5CTarget.5Crepo_projects.5CpFOTA.5CcL_LATEST.5Cmake.5Cobj.5CSec_Job.25::
                         317 .LDWlin25:
00000122 e051            318 	cmp	zero,r10
00000124 b205*           319 	be	.L470
                         320 --line145
                         321 ..lin.C.3A.5C_ECU2.5CECU_Rivian_A1.5CTarget.5Crepo_projects.5CpFOTA.5CcL_LATEST.5Cmake.5Cobj.5CSec_Job.26::
                         322 .LDWlin26:
00000126 20e6ff00        323 	movea	255,zero,r28
                         324 .L470:
0000012a 1c50            325 	mov	r28,r10
                         326 --	    .ef
                         327 .LDW91:
0000012c 4006bf10        328 	dispose	0,{r27,r28,r31},[lp]
                         329 	.type	_SecM_InitKeyMac,@function
                         330 	.size	_SecM_InitKeyMac,.-_SecM_InitKeyMac
                         331 	.type	_SecM_InitKeyMac..C.3A.5C_ECU2.5CECU_Rivian_A1.5CTarget.5Crepo_projects.5CpFOTA.5CcL_LATEST.5Cmake.5Cobj.5CSec_Job.,@function

                                                                      Page 7
                                                              C:\Users\nhuliyap\AppData\Local\Temp\gh_00003kk1.s
                         332 	.size	_SecM_InitKeyMac..C.3A.5C_ECU2.5CECU_Rivian_A1.5CTarget.5Crepo_projects.5CpFOTA.5CcL_LATEST.5Cmake.5Cobj.5CSec_Job.,.-_SecM_InitKeyMac..C.3A.5C_ECU2.5CECU_Rivian_A1.5CTarget.5Crepo_projects.5CpFOTA.5CcL_LATEST.5Cmake.5Cobj.5CSec_Job.
                         333 	.align	2
                         334 .LDW02:
                         335 --_result	r28	local
                         336 --_csmResult	r10	local
                         337 --_macKey	r29	local
                         338 --_macKeyElement	ep	local
                         339 
                         340 --_csmKeyId	r27	param
                         341 --_smhKeyId	r7	param
                         342 --_keyPtr	r8	param
                         343 
                         344 	.section ".bss","awb"
                         345 .L590:
                         346 	.type	.L590,@object
                         347 	.size	.L590,0
                         348 	.data
                         349 	.text
                         350 	.align	2
                         351 	.align	2
                         352 ..gh.f.f.1.e.3:
                         353 	.type	..gh.f.f.1.e.3,@object
                         354 	.size	..gh.f.f.1.e.3,0
                         355 	.global	_SecM_InitKeyAsymmetric..C.3A.5C_ECU2.5CECU_Rivian_A1.5CTarget.5Crepo_projects.5CpFOTA.5CcL_LATEST.5Cmake.5Cobj.5CSec_Job.
                         356 _SecM_InitKeyAsymmetric..C.3A.5C_ECU2.5CECU_Rivian_A1.5CTarget.5Crepo_projects.5CpFOTA.5CcL_LATEST.5Cmake.5Cobj.5CSec_Job.:
                         357 _SecM_InitKeyAsymmetric:
00000130 8007e1f1        358 	prepare	{r23,r24,r25,r26,r27,r28,r29,r31},0
00000134 06c0            359 	mov	r6,r24
00000136 07c8            360 	mov	r7,r25
                         361 --	    .bf
                         362 .LDW12:
00000138 00ba            363 	mov	0,r23
0000013a 17e8            364 	mov	r23,r29
0000013c 663a            365 	cmp	6,r7
0000013e 8975*           366 	bnl	.L720
                         367 --line200
                         368 ..lin.C.3A.5C_ECU2.5CECU_Rivian_A1.5CTarget.5Crepo_projects.5CpFOTA.5CcL_LATEST.5Cmake.5Cobj.5CSec_Job.27::
                         369 .LDWlin27:
00000140 0730            370 	mov	r7,r6
00000142 08e0            371 	mov	r8,r28
00000144 203ea000        372 	movea	160,zero,r7
                         373 	jarl	_SecM_GetKeyValueByElementId,lp
                         373 <EXPANSION BEGIN>
                         373 jarl22 _SecM_GetKeyValueByElementId , lp 
00000148 bfffb8fe*       373 <EXPANSION END>
0000014c 0ad8            374 	mov	r10,r27
                         375 --line201
                         376 ..lin.C.3A.5C_ECU2.5CECU_Rivian_A1.5CTarget.5Crepo_projects.5CpFOTA.5CcL_LATEST.5Cmake.5Cobj.5CSec_Job.28::
                         377 .LDWlin28:
0000014e 1930            378 	mov	r25,r6
00000150 413a            379 	add	1,r7
                         380 	jarl	_SecM_GetKeyValueByElementId,lp
                         380 <EXPANSION BEGIN>
                         380 jarl22 _SecM_GetKeyValueByElementId , lp 
00000152 bfffaefe*       380 <EXPANSION END>
00000156 0ad0            381 	mov	r10,r26
                         382 --line202
                         383 ..lin.C.3A.5C_ECU2.5CECU_Rivian_A1.5CTarget.5Crepo_projects.5CpFOTA.5CcL_LATEST.5Cmake.5Cobj.5CSec_Job.29::
                         384 .LDWlin29:
00000158 1930            385 	mov	r25,r6
0000015a 413a            386 	add	1,r7

                                                                      Page 8
                                                              C:\Users\nhuliyap\AppData\Local\Temp\gh_00003kk1.s
                         387 	jarl	_SecM_GetKeyValueByElementId,lp
                         387 <EXPANSION BEGIN>
                         387 jarl22 _SecM_GetKeyValueByElementId , lp 
0000015c bfffa4fe*       387 <EXPANSION END>
00000160 0ac8            388 	mov	r10,r25
                         389 --line204
                         390 ..lin.C.3A.5C_ECU2.5CECU_Rivian_A1.5CTarget.5Crepo_projects.5CpFOTA.5CcL_LATEST.5Cmake.5Cobj.5CSec_Job.30::
                         391 .LDWlin30:
00000162 e0d9            392 	cmp	zero,r27
00000164 d21d*           393 	be	.L693
                         394 --line206
                         395 ..lin.C.3A.5C_ECU2.5CECU_Rivian_A1.5CTarget.5Crepo_projects.5CpFOTA.5CcL_LATEST.5Cmake.5Cobj.5CSec_Job.31::
                         396 .LDWlin31:
00000166 e041            397 	cmp	zero,r8
00000168 8215*           398 	be	.L695
0000016a e84f0500        399 	ld.hu	4[r8],r9
0000016e fb3f0500        400 	ld.hu	4[r27],r7
00000172 e749            401 	cmp	r7,r9
00000174 aa0d*           402 	bne	.L695
                         403 --line208
                         404 ..lin.C.3A.5C_ECU2.5CECU_Rivian_A1.5CTarget.5Crepo_projects.5CpFOTA.5CcL_LATEST.5Cmake.5Cobj.5CSec_Job.32::
                         405 .LDWlin32:
00000176 3b3f0900        406 	ld.w	8[r27],r7
0000017a 28470100        407 	ld.w	0[r8],r8
0000017e 1830            408 	mov	r24,r6
                         409 	jarl	_Csm_KeyElementSet,lp
                         409 <EXPANSION BEGIN>
                         409 jarl22 _Csm_KeyElementSet , lp 
00000180 80ff0000*       409 <EXPANSION END>
00000184 0ae8            410 	mov	r10,r29
00000186 c50d*           411 	br	.L693
                         412 .L695:
                         413 --line210
                         414 ..lin.C.3A.5C_ECU2.5CECU_Rivian_A1.5CTarget.5Crepo_projects.5CpFOTA.5CcL_LATEST.5Cmake.5Cobj.5CSec_Job.33::
                         415 .LDWlin33:
00000188 3b470100        416 	ld.w	0[r27],r8
0000018c e041            417 	cmp	zero,r8
0000018e 820d*           418 	be	.L693
                         419 --line212
                         420 ..lin.C.3A.5C_ECU2.5CECU_Rivian_A1.5CTarget.5Crepo_projects.5CpFOTA.5CcL_LATEST.5Cmake.5Cobj.5CSec_Job.34::
                         421 .LDWlin34:
00000190 1bf0            422 	mov	r27,ep
00000192 043d            423 	sld.w	8[ep],r7
00000194 7248            424 	sld.hu	4[ep],r9
00000196 1830            425 	mov	r24,r6
                         426 	jarl	_Csm_KeyElementSet,lp
                         426 <EXPANSION BEGIN>
                         426 jarl22 _Csm_KeyElementSet , lp 
00000198 80ff0000*       426 <EXPANSION END>
0000019c 0ae8            427 	mov	r10,r29
                         428 .L693:
                         429 --line219
                         430 ..lin.C.3A.5C_ECU2.5CECU_Rivian_A1.5CTarget.5Crepo_projects.5CpFOTA.5CcL_LATEST.5Cmake.5Cobj.5CSec_Job.35::
                         431 .LDWlin35:
0000019e e0d1            432 	cmp	zero,r26
000001a0 d21d*           433 	be	.L702
                         434 --line221
                         435 ..lin.C.3A.5C_ECU2.5CECU_Rivian_A1.5CTarget.5Crepo_projects.5CpFOTA.5CcL_LATEST.5Cmake.5Cobj.5CSec_Job.36::
                         436 .LDWlin36:
000001a2 e0e1            437 	cmp	zero,r28
000001a4 8215*           438 	be	.L704

                                                                      Page 9
                                                              C:\Users\nhuliyap\AppData\Local\Temp\gh_00003kk1.s
000001a6 fc4f0d00        439 	ld.hu	12[r28],r9
000001aa fa370500        440 	ld.hu	4[r26],r6
000001ae e649            441 	cmp	r6,r9
000001b0 aa0d*           442 	bne	.L704
                         443 --line223
                         444 ..lin.C.3A.5C_ECU2.5CECU_Rivian_A1.5CTarget.5Crepo_projects.5CpFOTA.5CcL_LATEST.5Cmake.5Cobj.5CSec_Job.37::
                         445 .LDWlin37:
000001b2 3a3f0900        446 	ld.w	8[r26],r7
000001b6 3c470900        447 	ld.w	8[r28],r8
000001ba 1830            448 	mov	r24,r6
                         449 	jarl	_Csm_KeyElementSet,lp
                         449 <EXPANSION BEGIN>
                         449 jarl22 _Csm_KeyElementSet , lp 
000001bc 80ff0000*       449 <EXPANSION END>
000001c0 0ae9            450 	or	r10,r29
000001c2 c50d*           451 	br	.L702
                         452 .L704:
                         453 --line225
                         454 ..lin.C.3A.5C_ECU2.5CECU_Rivian_A1.5CTarget.5Crepo_projects.5CpFOTA.5CcL_LATEST.5Cmake.5Cobj.5CSec_Job.38::
                         455 .LDWlin38:
000001c4 3a470100        456 	ld.w	0[r26],r8
000001c8 e041            457 	cmp	zero,r8
000001ca 820d*           458 	be	.L702
                         459 --line227
                         460 ..lin.C.3A.5C_ECU2.5CECU_Rivian_A1.5CTarget.5Crepo_projects.5CpFOTA.5CcL_LATEST.5Cmake.5Cobj.5CSec_Job.39::
                         461 .LDWlin39:
000001cc 1af0            462 	mov	r26,ep
000001ce 043d            463 	sld.w	8[ep],r7
000001d0 7248            464 	sld.hu	4[ep],r9
000001d2 1830            465 	mov	r24,r6
                         466 	jarl	_Csm_KeyElementSet,lp
                         466 <EXPANSION BEGIN>
                         466 jarl22 _Csm_KeyElementSet , lp 
000001d4 80ff0000*       466 <EXPANSION END>
000001d8 0ae9            467 	or	r10,r29
                         468 .L702:
                         469 --line234
                         470 ..lin.C.3A.5C_ECU2.5CECU_Rivian_A1.5CTarget.5Crepo_projects.5CpFOTA.5CcL_LATEST.5Cmake.5Cobj.5CSec_Job.40::
                         471 .LDWlin40:
000001da e0c9            472 	cmp	zero,r25
000001dc d21d*           473 	be	.L691
                         474 --line236
                         475 ..lin.C.3A.5C_ECU2.5CECU_Rivian_A1.5CTarget.5Crepo_projects.5CpFOTA.5CcL_LATEST.5Cmake.5Cobj.5CSec_Job.41::
                         476 .LDWlin41:
000001de e0e1            477 	cmp	zero,r28
000001e0 8215*           478 	be	.L713
000001e2 fc4f0d00        479 	ld.hu	12[r28],r9
000001e6 f9470500        480 	ld.hu	4[r25],r8
000001ea e849            481 	cmp	r8,r9
000001ec aa0d*           482 	bne	.L713
                         483 --line238
                         484 ..lin.C.3A.5C_ECU2.5CECU_Rivian_A1.5CTarget.5Crepo_projects.5CpFOTA.5CcL_LATEST.5Cmake.5Cobj.5CSec_Job.42::
                         485 .LDWlin42:
000001ee 393f0900        486 	ld.w	8[r25],r7
000001f2 3c470900        487 	ld.w	8[r28],r8
000001f6 1830            488 	mov	r24,r6
                         489 	jarl	_Csm_KeyElementSet,lp
                         489 <EXPANSION BEGIN>
                         489 jarl22 _Csm_KeyElementSet , lp 
000001f8 80ff0000*       489 <EXPANSION END>
000001fc 0ae9            490 	or	r10,r29

                                                                      Page 10
                                                              C:\Users\nhuliyap\AppData\Local\Temp\gh_00003kk1.s
000001fe c50d*           491 	br	.L691
                         492 .L713:
                         493 --line240
                         494 ..lin.C.3A.5C_ECU2.5CECU_Rivian_A1.5CTarget.5Crepo_projects.5CpFOTA.5CcL_LATEST.5Cmake.5Cobj.5CSec_Job.43::
                         495 .LDWlin43:
00000200 39470100        496 	ld.w	0[r25],r8
00000204 e041            497 	cmp	zero,r8
00000206 820d*           498 	be	.L691
                         499 --line242
                         500 ..lin.C.3A.5C_ECU2.5CECU_Rivian_A1.5CTarget.5Crepo_projects.5CpFOTA.5CcL_LATEST.5Cmake.5Cobj.5CSec_Job.44::
                         501 .LDWlin44:
00000208 19f0            502 	mov	r25,ep
0000020a 043d            503 	sld.w	8[ep],r7
0000020c 7248            504 	sld.hu	4[ep],r9
0000020e 1830            505 	mov	r24,r6
                         506 	jarl	_Csm_KeyElementSet,lp
                         506 <EXPANSION BEGIN>
                         506 jarl22 _Csm_KeyElementSet , lp 
00000210 80ff0000*       506 <EXPANSION END>
00000214 0ae9            507 	or	r10,r29
                         508 .L691:
                         509 --line250
                         510 ..lin.C.3A.5C_ECU2.5CECU_Rivian_A1.5CTarget.5Crepo_projects.5CpFOTA.5CcL_LATEST.5Cmake.5Cobj.5CSec_Job.45::
                         511 .LDWlin45:
00000216 e0e9            512 	cmp	zero,r29
00000218 b205*           513 	be	.L720
                         514 --line251
                         515 ..lin.C.3A.5C_ECU2.5CECU_Rivian_A1.5CTarget.5Crepo_projects.5CpFOTA.5CcL_LATEST.5Cmake.5Cobj.5CSec_Job.46::
                         516 .LDWlin46:
0000021a 20beff00        517 	movea	255,zero,r23
                         518 .L720:
0000021e 1750            519 	mov	r23,r10
                         520 --	    .ef
                         521 .LDW22:
00000220 4006fff1        522 	dispose	0,{r23,r24,r25,r26,r27,r28,r29,r31},[lp]
                         523 	.type	_SecM_InitKeyAsymmetric,@function
                         524 	.size	_SecM_InitKeyAsymmetric,.-_SecM_InitKeyAsymmetric
                         525 	.type	_SecM_InitKeyAsymmetric..C.3A.5C_ECU2.5CECU_Rivian_A1.5CTarget.5Crepo_projects.5CpFOTA.5CcL_LATEST.5Cmake.5Cobj.5CSec_Job.,@function
                         526 	.size	_SecM_InitKeyAsymmetric..C.3A.5C_ECU2.5CECU_Rivian_A1.5CTarget.5Crepo_projects.5CpFOTA.5CcL_LATEST.5Cmake.5Cobj.5CSec_Job.,.-_SecM_InitKeyAsymmetric..C.3A.5C_ECU2.5CECU_Rivian_A1.5CTarget.5Crepo_projects.5CpFOTA.5CcL_LATEST.5Cmake.5Cobj.5CSec_Job.
                         527 	.align	2
                         528 .LDW32:
                         529 --_result	r23	local
                         530 --_csmResult	r29	local
                         531 --_asymKey	r28	local
                         532 --_sharedKeyElement	r27	local
                         533 --_publicKeyElement	r26	local
                         534 --_privateKeyElement	r25	local
                         535 
                         536 --_csmKeyId	r24	param
                         537 --_smhKeyId	r25	param
                         538 --_keyPtr	r8	param
                         539 
                         540 	.section ".bss","awb"
                         541 .L906:
                         542 	.type	.L906,@object
                         543 	.size	.L906,0
                         544 	.data
                         545 	.text
                         546 	.align	2
                         547 	.align	2
                         548 ..gh.f.f.1.e.4:

                                                                      Page 11
                                                              C:\Users\nhuliyap\AppData\Local\Temp\gh_00003kk1.s
                         549 	.type	..gh.f.f.1.e.4,@object
                         550 	.size	..gh.f.f.1.e.4,0
                         551 	.global	_SecM_InitKey..C.3A.5C_ECU2.5CECU_Rivian_A1.5CTarget.5Crepo_projects.5CpFOTA.5CcL_LATEST.5Cmake.5Cobj.5CSec_Job.
                         552 _SecM_InitKey..C.3A.5C_ECU2.5CECU_Rivian_A1.5CTarget.5Crepo_projects.5CpFOTA.5CcL_LATEST.5Cmake.5Cobj.5CSec_Job.:
                         553 _SecM_InitKey:
00000224 8007e100        554 	prepare	{r28,r29,r31},0
00000228 06e8            555 	mov	r6,r29
0000022a 0740            556 	mov	r7,r8
                         557 --	    .bf
                         558 .LDW42:
0000022c 263f0d00        559 	ld.w	12[r6],r7
00000230 00e2            560 	mov	0,r28
00000232 7f3a            561 	cmp	-1,r7
00000234 b225*           562 	be	.L1115
                         563 --line359
                         564 ..lin.C.3A.5C_ECU2.5CECU_Rivian_A1.5CTarget.5Crepo_projects.5CpFOTA.5CcL_LATEST.5Cmake.5Cobj.5CSec_Job.47::
                         565 .LDWlin47:
00000236 06371000        566 	ld.b	16[r6],r6
0000023a 6132            567 	cmp	1,r6
0000023c f115*           568 	bl	.L1131
0000023e a20d*           569 	be	.L1122
00000240 6232            570 	cmp	2,r6
00000242 d20d*           571 	be	.L1124
00000244 6432            572 	cmp	4,r6
00000246 8a1d*           573 	bne	.L1133
                         574 --line389
                         575 ..lin.C.3A.5C_ECU2.5CECU_Rivian_A1.5CTarget.5Crepo_projects.5CpFOTA.5CcL_LATEST.5Cmake.5Cobj.5CSec_Job.48::
                         576 .LDWlin48:
00000248 3d370900        577 	ld.w	8[r29],r6
                         578 	jarl	_SecM_InitKeyAsymmetric,lp
                         578 <EXPANSION BEGIN>
                         578 jarl22 _SecM_InitKeyAsymmetric , lp 
0000024c bfffe4fe*       578 <EXPANSION END>
                         579 --line390
                         580 ..lin.C.3A.5C_ECU2.5CECU_Rivian_A1.5CTarget.5Crepo_projects.5CpFOTA.5CcL_LATEST.5Cmake.5Cobj.5CSec_Job.49::
                         581 .LDWlin49:
00000250 a50d*           582 	br	.L1120
                         583 .L1122:
                         584 --line368
                         585 ..lin.C.3A.5C_ECU2.5CECU_Rivian_A1.5CTarget.5Crepo_projects.5CpFOTA.5CcL_LATEST.5Cmake.5Cobj.5CSec_Job.50::
                         586 .LDWlin50:
00000252 3d370900        587 	ld.w	8[r29],r6
                         588 	jarl	_SecM_InitKeyAes,lp
                         588 <EXPANSION BEGIN>
                         588 jarl22 _SecM_InitKeyAes , lp 
00000256 bfffe2fd*       588 <EXPANSION END>
                         589 --line369
                         590 ..lin.C.3A.5C_ECU2.5CECU_Rivian_A1.5CTarget.5Crepo_projects.5CpFOTA.5CcL_LATEST.5Cmake.5Cobj.5CSec_Job.51::
                         591 .LDWlin51:
0000025a d505*           592 	br	.L1120
                         593 .L1124:
                         594 --line375
                         595 ..lin.C.3A.5C_ECU2.5CECU_Rivian_A1.5CTarget.5Crepo_projects.5CpFOTA.5CcL_LATEST.5Cmake.5Cobj.5CSec_Job.52::
                         596 .LDWlin52:
0000025c 3d370900        597 	ld.w	8[r29],r6
                         598 	jarl	_SecM_InitKeyMac,lp
                         598 <EXPANSION BEGIN>
                         598 jarl22 _SecM_InitKeyMac , lp 
00000260 bfff84fe*       598 <EXPANSION END>
                         599 .L1120:
                         600 --line376

                                                                      Page 12
                                                              C:\Users\nhuliyap\AppData\Local\Temp\gh_00003kk1.s
                         601 ..lin.C.3A.5C_ECU2.5CECU_Rivian_A1.5CTarget.5Crepo_projects.5CpFOTA.5CcL_LATEST.5Cmake.5Cobj.5CSec_Job.53::
                         602 .LDWlin53:
00000264 0ae0            603 	mov	r10,r28
00000266 e051            604 	cmp	zero,r10
00000268 9a0d*           605 	bne	.L1115
                         606 .L1131:
                         607 --line409
                         608 ..lin.C.3A.5C_ECU2.5CECU_Rivian_A1.5CTarget.5Crepo_projects.5CpFOTA.5CcL_LATEST.5Cmake.5Cobj.5CSec_Job.54::
                         609 .LDWlin54:
0000026a 3d370900        610 	ld.w	8[r29],r6
                         611 	jarl	_Csm_KeySetValid,lp
                         611 <EXPANSION BEGIN>
                         611 jarl22 _Csm_KeySetValid , lp 
0000026e 80ff0000*       611 <EXPANSION END>
00000272 e051            612 	cmp	zero,r10
00000274 b205*           613 	be	.L1115
                         614 .L1133:
                         615 --line411
                         616 ..lin.C.3A.5C_ECU2.5CECU_Rivian_A1.5CTarget.5Crepo_projects.5CpFOTA.5CcL_LATEST.5Cmake.5Cobj.5CSec_Job.55::
                         617 .LDWlin55:
00000276 20e6ff00        618 	movea	255,zero,r28
                         619 .L1115:
0000027a 1c50            620 	mov	r28,r10
                         621 --	    .ef
                         622 .LDW52:
0000027c 4006ff00        623 	dispose	0,{r28,r29,r31},[lp]
                         624 	.type	_SecM_InitKey,@function
                         625 	.size	_SecM_InitKey,.-_SecM_InitKey
                         626 	.type	_SecM_InitKey..C.3A.5C_ECU2.5CECU_Rivian_A1.5CTarget.5Crepo_projects.5CpFOTA.5CcL_LATEST.5Cmake.5Cobj.5CSec_Job.,@function
                         627 	.size	_SecM_InitKey..C.3A.5C_ECU2.5CECU_Rivian_A1.5CTarget.5Crepo_projects.5CpFOTA.5CcL_LATEST.5Cmake.5Cobj.5CSec_Job.,.-_SecM_InitKey..C.3A.5C_ECU2.5CECU_Rivian_A1.5CTarget.5Crepo_projects.5CpFOTA.5CcL_LATEST.5Cmake.5Cobj.5CSec_Job.
                         628 	.align	2
                         629 .LDW62:
                         630 --_result	r28	local
                         631 
                         632 --_pJobInfo	r29	param
                         633 --_keyPtr	r8	param
                         634 
                         635 	.section ".bss","awb"
                         636 .L1240:
                         637 	.type	.L1240,@object
                         638 	.size	.L1240,0
                         639 	.data
                         640 	.text
                         641 	.align	2
                         642 	.align	2
                         643 ..gh.f.f.1.e.5:
                         644 	.type	..gh.f.f.1.e.5,@object
                         645 	.size	..gh.f.f.1.e.5,0
                         646 	.global	_SecM_HashJob
                         647 _SecM_HashJob:
00000280 84076300        648 	prepare	{r29,r31},2,sp
00000284 8700            649 	zxb	r7
00000286 089d            650 	sld.w	16[ep],r19
00000288 0a95            651 	sld.w	20[ep],r18
                         652 --	    .bf
                         653 .LDW72:
0000028a 20eeff00        654 	movea	255,zero,r29
0000028e 6432            655 	cmp	4,r6
00000290 b915*           656 	bnl	.L1361
                         657 --line580
                         658 ..lin.C.3A.5C_ECU2.5CECU_Rivian_A1.5CTarget.5Crepo_projects.5CpFOTA.5CcL_LATEST.5Cmake.5Cobj.5CSec_Job.56::

                                                                      Page 13
                                                              C:\Users\nhuliyap\AppData\Local\Temp\gh_00003kk1.s
                         659 .LDWlin56:
00000292 e6f61800        660 	mulhi	24,r6,ep
00000296 310600000000*   661 	mov	rosdaoff23(_SecM_JobInfo),r17
0000029c d1f1            662 	add	r17,ep
0000029e 0083            663 	sld.b	0[ep],r16
000002a0 e081            664 	cmp	zero,r16
000002a2 aa0d*           665 	bne	.L1361
                         666 --line584
                         667 ..lin.C.3A.5C_ECU2.5CECU_Rivian_A1.5CTarget.5Crepo_projects.5CpFOTA.5CcL_LATEST.5Cmake.5Cobj.5CSec_Job.57::
                         668 .LDWlin57:
000002a4 0235            669 	sld.w	4[ep],r6
000002a6 03f0            670 	mov	sp,ep
000002a8 019d            671 	sst.w	r19,0[ep]
000002aa 0395            672 	sst.w	r18,4[ep]
                         673 	jarl	_Csm_Hash,lp
                         673 <EXPANSION BEGIN>
                         673 jarl22 _Csm_Hash , lp 
000002ac 80ff0000*       673 <EXPANSION END>
000002b0 e051            674 	cmp	zero,r10
                         675 --line586
                         676 ..lin.C.3A.5C_ECU2.5CECU_Rivian_A1.5CTarget.5Crepo_projects.5CpFOTA.5CcL_LATEST.5Cmake.5Cobj.5CSec_Job.58::
                         677 .LDWlin58:
000002b2 eaef24eb        678 	cmove	r10,r29,r29
                         679 .L1361:
000002b6 1d50            680 	mov	r29,r10
                         681 --	    .ef
                         682 .LDW82:
000002b8 44067f00        683 	dispose	2,{r29,r31},[lp]
                         684 	.type	_SecM_HashJob,@function
                         685 	.size	_SecM_HashJob,.-_SecM_HashJob
                         686 	.align	2
                         687 .LDW92:
                         688 --_result	r29	local
                         689 --_pJobInfo	ep	local
                         690 
                         691 --_jobId	r6	param
                         692 --_mode	r7	param
                         693 --_dataPtr	r8	param
                         694 --_dataLength	r9	param
                         695 --_hashPtr	r19	param
                         696 --_hashLengthPtr	r18	param
                         697 
                         698 	.section ".bss","awb"
                         699 .L1434:
                         700 	.type	.L1434,@object
                         701 	.size	.L1434,0
                         702 	.data
                         703 	.text
                         704 	.align	2
                         705 	.align	2
                         706 ..gh.f.f.1.e.6:
                         707 	.type	..gh.f.f.1.e.6,@object
                         708 	.size	..gh.f.f.1.e.6,0
                         709 	.global	_SecM_MacVerifyJob
                         710 _SecM_MacVerifyJob:
000002bc 8807e3f1        711 	prepare	{r23,r24,r25,r26,r27,r28,r29,r31},4,sp
000002c0 07d8            712 	mov	r7,r27
000002c2 9b00            713 	zxb	r27
000002c4 09c8            714 	mov	r9,r25
000002c6 18c5            715 	sld.w	48[ep],r24
000002c8 1abd            716 	sld.w	52[ep],r23

                                                                      Page 14
                                                              C:\Users\nhuliyap\AppData\Local\Temp\gh_00003kk1.s
000002ca 1cd5            717 	sld.w	56[ep],r26
                         718 --	    .bf
                         719 .LDW03:
000002cc 013a            720 	mov	1,r7
000002ce 20eeff00        721 	movea	255,zero,r29
000002d2 8f3b            722 	sst.b	r7,15[ep]
000002d4 6432            723 	cmp	4,r6
000002d6 9935*           724 	bnl	.L1486
                         725 --line604
                         726 ..lin.C.3A.5C_ECU2.5CECU_Rivian_A1.5CTarget.5Crepo_projects.5CpFOTA.5CcL_LATEST.5Cmake.5Cobj.5CSec_Job.59::
                         727 .LDWlin59:
000002d8 e6e61800        728 	mulhi	24,r6,r28
000002dc 330600000000*   729 	mov	rosdaoff23(_SecM_JobInfo),r19
000002e2 d3e1            730 	add	r19,r28
000002e4 1c970000        731 	ld.b	0[r28],r18
000002e8 6192            732 	cmp	1,r18
000002ea fa25*           733 	bne	.L1486
                         734 --line608
                         735 ..lin.C.3A.5C_ECU2.5CECU_Rivian_A1.5CTarget.5Crepo_projects.5CpFOTA.5CcL_LATEST.5Cmake.5Cobj.5CSec_Job.60::
                         736 .LDWlin60:
000002ec dbee0100        737 	andi	1,r27,r29
000002f0 820d*           738 	be	.L1494
                         739 --line610
                         740 ..lin.C.3A.5C_ECU2.5CECU_Rivian_A1.5CTarget.5Crepo_projects.5CpFOTA.5CcL_LATEST.5Cmake.5Cobj.5CSec_Job.61::
                         741 .LDWlin61:
000002f2 1c30            742 	mov	r28,r6
000002f4 0838            743 	mov	r8,r7
                         744 	jarl	_SecM_InitKey,lp
                         744 <EXPANSION BEGIN>
                         744 jarl22 _SecM_InitKey , lp 
000002f6 bfff2eff*       744 <EXPANSION END>
000002fa 0ae8            745 	mov	r10,r29
                         746 --line617
                         747 ..lin.C.3A.5C_ECU2.5CECU_Rivian_A1.5CTarget.5Crepo_projects.5CpFOTA.5CcL_LATEST.5Cmake.5Cobj.5CSec_Job.62::
                         748 .LDWlin62:
000002fc e051            749 	cmp	zero,r10
000002fe ca15*           750 	bne	.L1493
                         751 .L1494:
                         752 --line619
                         753 ..lin.C.3A.5C_ECU2.5CECU_Rivian_A1.5CTarget.5Crepo_projects.5CpFOTA.5CcL_LATEST.5Cmake.5Cobj.5CSec_Job.63::
                         754 .LDWlin63:
00000300 3c370500        755 	ld.w	4[r28],r6
00000304 03f0            756 	mov	sp,ep
00000306 c3d2            757 	shl	3,r26
00000308 238e0f00        758 	movea	15,sp,r17
0000030c 1b38            759 	mov	r27,r7
0000030e 1940            760 	mov	r25,r8
00000310 1848            761 	mov	r24,r9
00000312 01bd            762 	sst.w	r23,0[ep]
00000314 03d5            763 	sst.w	r26,4[ep]
00000316 058d            764 	sst.w	r17,8[ep]
                         765 	jarl	_Csm_MacVerify,lp
                         765 <EXPANSION BEGIN>
                         765 jarl22 _Csm_MacVerify , lp 
00000318 80ff0000*       765 <EXPANSION END>
0000031c e051            766 	cmp	zero,r10
0000031e c205*           767 	be	.L1493
                         768 --line621
                         769 ..lin.C.3A.5C_ECU2.5CECU_Rivian_A1.5CTarget.5Crepo_projects.5CpFOTA.5CcL_LATEST.5Cmake.5Cobj.5CSec_Job.64::
                         770 .LDWlin64:
00000320 20eeff00        771 	movea	255,zero,r29

                                                                      Page 15
                                                              C:\Users\nhuliyap\AppData\Local\Temp\gh_00003kk1.s
00000324 a50d*           772 	br	.L1486
                         773 .L1493:
                         774 --line625
                         775 ..lin.C.3A.5C_ECU2.5CECU_Rivian_A1.5CTarget.5Crepo_projects.5CpFOTA.5CcL_LATEST.5Cmake.5Cobj.5CSec_Job.65::
                         776 .LDWlin65:
00000326 83da            777 	shr	3,r27
00000328 890d*           778 	bnl	.L1486
                         779 --line627
                         780 ..lin.C.3A.5C_ECU2.5CECU_Rivian_A1.5CTarget.5Crepo_projects.5CpFOTA.5CcL_LATEST.5Cmake.5Cobj.5CSec_Job.66::
                         781 .LDWlin66:
0000032a e0e9            782 	cmp	zero,r29
0000032c ea05*           783 	bne	.L1486
0000032e a3470f00        784 	ld.bu	15[sp],r8
00000332 e041            785 	cmp	zero,r8
                         786 --line629
                         787 ..lin.C.3A.5C_ECU2.5CECU_Rivian_A1.5CTarget.5Crepo_projects.5CpFOTA.5CcL_LATEST.5Cmake.5Cobj.5CSec_Job.67::
                         788 .LDWlin67:
00000334 e40714eb        789 	cmovne	4,zero,r29
                         790 .L1486:
00000338 1d50            791 	mov	r29,r10
                         792 --	    .ef
                         793 .LDW13:
0000033a 4806fff1        794 	dispose	4,{r23,r24,r25,r26,r27,r28,r29,r31},[lp]
                         795 	.type	_SecM_MacVerifyJob,@function
                         796 	.size	_SecM_MacVerifyJob,.-_SecM_MacVerifyJob
                         797 	.align	2
                         798 .LDW23:
                         799 --_result	r29	local
                         800 --_verifyResult	15[sp]	local
                         801 --_pJobInfo	r28	local
                         802 
                         803 --_jobId	r6	param
                         804 --_mode	r27	param
                         805 --_keyPtr	r8	param
                         806 --_dataPtr	r25	param
                         807 --_dataLength	r24	param
                         808 --_macPtr	r23	param
                         809 --_macLength	r26	param
                         810 
                         811 	.section ".bss","awb"
                         812 .L2046:
                         813 	.type	.L2046,@object
                         814 	.size	.L2046,0
                         815 	.data
                         816 	.text
                         817 	.align	2
                         818 	.align	2
                         819 ..gh.f.f.1.e.7:
                         820 	.type	..gh.f.f.1.e.7,@object
                         821 	.size	..gh.f.f.1.e.7,0
                         822 	.global	_SecM_DecryptionJob
                         823 _SecM_DecryptionJob:
0000033e 8407e373        824 	prepare	{r22,r23,r25,r26,r27,r28,r29,r31},2,sp
00000342 8700            825 	zxb	r7
00000344 14d5            826 	sld.w	40[ep],r26
00000346 16bd            827 	sld.w	44[ep],r23
00000348 18b5            828 	sld.w	48[ep],r22
                         829 --	    .bf
                         830 .LDW33:
0000034a 20deff00        831 	movea	255,zero,r27
0000034e 07e8            832 	mov	r7,r29

                                                                      Page 16
                                                              C:\Users\nhuliyap\AppData\Local\Temp\gh_00003kk1.s
00000350 09c8            833 	mov	r9,r25
00000352 6432            834 	cmp	4,r6
00000354 8945*           835 	bnl	.L2163
                         836 --line783
                         837 ..lin.C.3A.5C_ECU2.5CECU_Rivian_A1.5CTarget.5Crepo_projects.5CpFOTA.5CcL_LATEST.5Cmake.5Cobj.5CSec_Job.68::
                         838 .LDWlin68:
00000356 e6e61800        839 	mulhi	24,r6,r28
0000035a 330600000000*   840 	mov	rosdaoff23(_SecM_JobInfo),r19
00000360 d3e1            841 	add	r19,r28
00000362 1c4f0000        842 	ld.b	0[r28],r9
00000366 644a            843 	cmp	4,r9
00000368 b205*           844 	be	.L2166
0000036a 694a            845 	cmp	9,r9
0000036c ca35*           846 	bne	.L2163
                         847 .L2166:
                         848 --line787
                         849 ..lin.C.3A.5C_ECU2.5CECU_Rivian_A1.5CTarget.5Crepo_projects.5CpFOTA.5CcL_LATEST.5Cmake.5Cobj.5CSec_Job.69::
                         850 .LDWlin69:
0000036e c7061000        851 	andi	16,r7,zero
00000372 821d*           852 	be	.L2168
                         853 --line789
                         854 ..lin.C.3A.5C_ECU2.5CECU_Rivian_A1.5CTarget.5Crepo_projects.5CpFOTA.5CcL_LATEST.5Cmake.5Cobj.5CSec_Job.70::
                         855 .LDWlin70:
00000374 c7eeef00        856 	andi	239,r7,r29
00000378 e041            857 	cmp	zero,r8
0000037a d22d*           858 	be	.L2163
                         859 --	    .bs
                         860 .LDW43:
                         861 --line796
                         862 ..lin.C.3A.5C_ECU2.5CECU_Rivian_A1.5CTarget.5Crepo_projects.5CpFOTA.5CcL_LATEST.5Cmake.5Cobj.5CSec_Job.71::
                         863 .LDWlin71:
0000037c 3c370d00        864 	ld.w	12[r28],r6
00000380 053a            865 	mov	5,r7
                         866 	jarl	_SecM_GetKeyValueByElementId,lp
                         866 <EXPANSION BEGIN>
                         866 jarl22 _SecM_GetKeyValueByElementId , lp 
00000382 bfff7efc*       866 <EXPANSION END>
                         867 --line797
                         868 ..lin.C.3A.5C_ECU2.5CECU_Rivian_A1.5CTarget.5Crepo_projects.5CpFOTA.5CcL_LATEST.5Cmake.5Cobj.5CSec_Job.72::
                         869 .LDWlin72:
00000386 08f0            870 	mov	r8,ep
00000388 e051            871 	cmp	zero,r10
0000038a d225*           872 	be	.L2163
0000038c ea970500        873 	ld.hu	4[r10],r18
00000390 fa91            874 	cmp	r26,r18
00000392 9b25*           875 	bh	.L2163
                         876 --line801
                         877 ..lin.C.3A.5C_ECU2.5CECU_Rivian_A1.5CTarget.5Crepo_projects.5CpFOTA.5CcL_LATEST.5Cmake.5Cobj.5CSec_Job.73::
                         878 .LDWlin73:
00000394 05cd            879 	sst.w	r25,8[ep]
00000396 d2c9            880 	add	r18,r25
00000398 8694            881 	sst.h	r18,12[ep]
0000039a b2d1            882 	sub	r18,r26
0000039c ba05*           883 	bne	.L2168
                         884 --line809
                         885 ..lin.C.3A.5C_ECU2.5CECU_Rivian_A1.5CTarget.5Crepo_projects.5CpFOTA.5CcL_LATEST.5Cmake.5Cobj.5CSec_Job.74::
                         886 .LDWlin74:
0000039e ddeefd00        887 	andi	253,r29,r29
                         888 .L2168:
                         889 --	    .es
                         890 .LDW53:

                                                                      Page 17
                                                              C:\Users\nhuliyap\AppData\Local\Temp\gh_00003kk1.s
000003a2 00da            891 	mov	0,r27
000003a4 dd060100        892 	andi	1,r29,zero
000003a8 820d*           893 	be	.L2183
                         894 --line825
                         895 ..lin.C.3A.5C_ECU2.5CECU_Rivian_A1.5CTarget.5Crepo_projects.5CpFOTA.5CcL_LATEST.5Cmake.5Cobj.5CSec_Job.75::
                         896 .LDWlin75:
000003aa 1c30            897 	mov	r28,r6
000003ac 0838            898 	mov	r8,r7
                         899 	jarl	_SecM_InitKey,lp
                         899 <EXPANSION BEGIN>
                         899 jarl22 _SecM_InitKey , lp 
000003ae bfff76fe*       899 <EXPANSION END>
000003b2 0ad8            900 	mov	r10,r27
                         901 --line836
                         902 ..lin.C.3A.5C_ECU2.5CECU_Rivian_A1.5CTarget.5Crepo_projects.5CpFOTA.5CcL_LATEST.5Cmake.5Cobj.5CSec_Job.76::
                         903 .LDWlin76:
000003b4 e051            904 	cmp	zero,r10
000003b6 fa0d*           905 	bne	.L2163
                         906 .L2183:
                         907 --line864
                         908 ..lin.C.3A.5C_ECU2.5CECU_Rivian_A1.5CTarget.5Crepo_projects.5CpFOTA.5CcL_LATEST.5Cmake.5Cobj.5CSec_Job.77::
                         909 .LDWlin77:
000003b8 3c370500        910 	ld.w	4[r28],r6
000003bc 03f0            911 	mov	sp,ep
000003be 1d38            912 	mov	r29,r7
000003c0 1940            913 	mov	r25,r8
000003c2 1a48            914 	mov	r26,r9
000003c4 01bd            915 	sst.w	r23,0[ep]
000003c6 03b5            916 	sst.w	r22,4[ep]
                         917 	jarl	_Csm_Decrypt,lp
                         917 <EXPANSION BEGIN>
                         917 jarl22 _Csm_Decrypt , lp 
000003c8 80ff0000*       917 <EXPANSION END>
000003cc e051            918 	cmp	zero,r10
000003ce b205*           919 	be	.L2163
                         920 --line866
                         921 ..lin.C.3A.5C_ECU2.5CECU_Rivian_A1.5CTarget.5Crepo_projects.5CpFOTA.5CcL_LATEST.5Cmake.5Cobj.5CSec_Job.78::
                         922 .LDWlin78:
000003d0 20deff00        923 	movea	255,zero,r27
                         924 .L2163:
000003d4 1b50            925 	mov	r27,r10
                         926 --	    .ef
                         927 .LDW63:
000003d6 4406ff73        928 	dispose	2,{r22,r23,r25,r26,r27,r28,r29,r31},[lp]
                         929 	.type	_SecM_DecryptionJob,@function
                         930 	.size	_SecM_DecryptionJob,.-_SecM_DecryptionJob
                         931 	.align	2
                         932 .LDW73:
                         933 --_result	r27	local
                         934 --_pJobInfo	r28	local
                         935 --_localMode	r29	local
                         936 --_localDataPtr	r25	local
                         937 --_localDataLength	r26	local
                         938 --_ivKeyElement	r10	local
                         939 --_aesKey	ep	local
                         940 
                         941 --_jobId	r6	param
                         942 --_mode	r7	param
                         943 --_keyPtr	r24	param
                         944 --_dataPtr	r9	param
                         945 --_dataLength	r26	param

                                                                      Page 18
                                                              C:\Users\nhuliyap\AppData\Local\Temp\gh_00003kk1.s
                         946 --_resultPtr	r23	param
                         947 --_resultLengthPtr	r22	param
                         948 
                         949 	.section ".bss","awb"
                         950 .L2383:
                         951 	.type	.L2383,@object
                         952 	.size	.L2383,0
                         953 	.data
                         954 	.text
                         955 	.align	2
                         956 	.align	2
                         957 ..gh.f.f.1.e.8:
                         958 	.type	..gh.f.f.1.e.8,@object
                         959 	.size	..gh.f.f.1.e.8,0
                         960 	.global	_SecM_SignatureVerifyJob
                         961 _SecM_SignatureVerifyJob:
000003da 8807e3f1        962 	prepare	{r23,r24,r25,r26,r27,r28,r29,r31},4,sp
000003de 07d8            963 	mov	r7,r27
000003e0 9b00            964 	zxb	r27
000003e2 09d0            965 	mov	r9,r26
000003e4 18cd            966 	sld.w	48[ep],r25
000003e6 1ac5            967 	sld.w	52[ep],r24
000003e8 1cbd            968 	sld.w	56[ep],r23
                         969 --	    .bf
                         970 .LDW83:
000003ea 013a            971 	mov	1,r7
000003ec 20eeff00        972 	movea	255,zero,r29
000003f0 8f3b            973 	sst.b	r7,15[ep]
000003f2 6432            974 	cmp	4,r6
000003f4 8935*           975 	bnl	.L2526
                         976 --line930
                         977 ..lin.C.3A.5C_ECU2.5CECU_Rivian_A1.5CTarget.5Crepo_projects.5CpFOTA.5CcL_LATEST.5Cmake.5Cobj.5CSec_Job.79::
                         978 .LDWlin79:
000003f6 e6e61800        979 	mulhi	24,r6,r28
000003fa 330600000000*   980 	mov	rosdaoff23(_SecM_JobInfo),r19
00000400 d3e1            981 	add	r19,r28
00000402 1c970000        982 	ld.b	0[r28],r18
00000406 6792            983 	cmp	7,r18
00000408 ea25*           984 	bne	.L2526
                         985 --line934
                         986 ..lin.C.3A.5C_ECU2.5CECU_Rivian_A1.5CTarget.5Crepo_projects.5CpFOTA.5CcL_LATEST.5Cmake.5Cobj.5CSec_Job.80::
                         987 .LDWlin80:
0000040a dbee0100        988 	andi	1,r27,r29
0000040e 820d*           989 	be	.L2534
                         990 --line936
                         991 ..lin.C.3A.5C_ECU2.5CECU_Rivian_A1.5CTarget.5Crepo_projects.5CpFOTA.5CcL_LATEST.5Cmake.5Cobj.5CSec_Job.81::
                         992 .LDWlin81:
00000410 1c30            993 	mov	r28,r6
00000412 0838            994 	mov	r8,r7
                         995 	jarl	_SecM_InitKey,lp
                         995 <EXPANSION BEGIN>
                         995 jarl22 _SecM_InitKey , lp 
00000414 bfff10fe*       995 <EXPANSION END>
00000418 0ae8            996 	mov	r10,r29
                         997 --line943
                         998 ..lin.C.3A.5C_ECU2.5CECU_Rivian_A1.5CTarget.5Crepo_projects.5CpFOTA.5CcL_LATEST.5Cmake.5Cobj.5CSec_Job.82::
                         999 .LDWlin82:
0000041a e051           1000 	cmp	zero,r10
0000041c ba15*          1001 	bne	.L2533
                        1002 .L2534:
                        1003 --line945

                                                                      Page 19
                                                              C:\Users\nhuliyap\AppData\Local\Temp\gh_00003kk1.s
                        1004 ..lin.C.3A.5C_ECU2.5CECU_Rivian_A1.5CTarget.5Crepo_projects.5CpFOTA.5CcL_LATEST.5Cmake.5Cobj.5CSec_Job.83::
                        1005 .LDWlin83:
0000041e 3c370500       1006 	ld.w	4[r28],r6
00000422 03f0           1007 	mov	sp,ep
00000424 238e0f00       1008 	movea	15,sp,r17
00000428 1b38           1009 	mov	r27,r7
0000042a 1a40           1010 	mov	r26,r8
0000042c 1948           1011 	mov	r25,r9
0000042e 01c5           1012 	sst.w	r24,0[ep]
00000430 03bd           1013 	sst.w	r23,4[ep]
00000432 058d           1014 	sst.w	r17,8[ep]
                        1015 	jarl	_Csm_SignatureVerify,lp
                        1015 <EXPANSION BEGIN>
                        1015 jarl22 _Csm_SignatureVerify , lp 
00000434 80ff0000*      1015 <EXPANSION END>
00000438 e051           1016 	cmp	zero,r10
0000043a c205*          1017 	be	.L2533
                        1018 --line947
                        1019 ..lin.C.3A.5C_ECU2.5CECU_Rivian_A1.5CTarget.5Crepo_projects.5CpFOTA.5CcL_LATEST.5Cmake.5Cobj.5CSec_Job.84::
                        1020 .LDWlin84:
0000043c 20eeff00       1021 	movea	255,zero,r29
00000440 a50d*          1022 	br	.L2526
                        1023 .L2533:
                        1024 --line951
                        1025 ..lin.C.3A.5C_ECU2.5CECU_Rivian_A1.5CTarget.5Crepo_projects.5CpFOTA.5CcL_LATEST.5Cmake.5Cobj.5CSec_Job.85::
                        1026 .LDWlin85:
00000442 83da           1027 	shr	3,r27
00000444 890d*          1028 	bnl	.L2526
                        1029 --line953
                        1030 ..lin.C.3A.5C_ECU2.5CECU_Rivian_A1.5CTarget.5Crepo_projects.5CpFOTA.5CcL_LATEST.5Cmake.5Cobj.5CSec_Job.86::
                        1031 .LDWlin86:
00000446 e0e9           1032 	cmp	zero,r29
00000448 ea05*          1033 	bne	.L2526
0000044a a3470f00       1034 	ld.bu	15[sp],r8
0000044e e041           1035 	cmp	zero,r8
                        1036 --line955
                        1037 ..lin.C.3A.5C_ECU2.5CECU_Rivian_A1.5CTarget.5Crepo_projects.5CpFOTA.5CcL_LATEST.5Cmake.5Cobj.5CSec_Job.87::
                        1038 .LDWlin87:
00000450 e40714eb       1039 	cmovne	4,zero,r29
                        1040 .L2526:
00000454 1d50           1041 	mov	r29,r10
                        1042 --	    .ef
                        1043 .LDW93:
00000456 4806fff1       1044 	dispose	4,{r23,r24,r25,r26,r27,r28,r29,r31},[lp]
                        1045 	.type	_SecM_SignatureVerifyJob,@function
                        1046 	.size	_SecM_SignatureVerifyJob,.-_SecM_SignatureVerifyJob
                        1047 	.align	2
                        1048 .LDW04:
                        1049 --_result	r29	local
                        1050 --_verifyResult	15[sp]	local
                        1051 --_pJobInfo	r28	local
                        1052 
                        1053 --_jobId	r6	param
                        1054 --_mode	r27	param
                        1055 --_keyPtr	r8	param
                        1056 --_dataPtr	r26	param
                        1057 --_dataLength	r25	param
                        1058 --_signaturePtr	r24	param
                        1059 --_signatureLength	r23	param
                        1060 
                        1061 	.section ".bss","awb"

                                                                      Page 20
                                                              C:\Users\nhuliyap\AppData\Local\Temp\gh_00003kk1.s
                        1062 .L3086:
                        1063 	.type	.L3086,@object
                        1064 	.size	.L3086,0
                        1065 	.data
                        1066 	.text
                        1067 	.align	2
                        1068 	.align	2
                        1069 ..gh.f.f.1.e.9:
                        1070 	.type	..gh.f.f.1.e.9,@object
                        1071 	.size	..gh.f.f.1.e.9,0
                        1072 	.global	_SecM_CancelAllJobs
                        1073 _SecM_CancelAllJobs:
0000045a 80076100       1074 	prepare	{r29,r31},0
                        1075 --	    .bf
                        1076 .LDW14:
0000045e 00ea           1077 	mov	0,r29
                        1078 .L3205:
00000460 fdf61800       1079 	mulhi	24,r29,ep
00000464 c5f1           1080 	add	r5,ep
00000466 9e0709300000*  1081 	ld.w	rosdaoff23(_SecM_JobInfo+4)[ep],r6
0000046c 7f32           1082 	cmp	-1,r6
0000046e c205*          1083 	be	.L3206
                        1084 --line1283
                        1085 ..lin.C.3A.5C_ECU2.5CECU_Rivian_A1.5CTarget.5Crepo_projects.5CpFOTA.5CcL_LATEST.5Cmake.5Cobj.5CSec_Job.88::
                        1086 .LDWlin88:
00000470 003a           1087 	mov	0,r7
                        1088 	jarl	_Csm_CancelJob,lp
                        1088 <EXPANSION BEGIN>
                        1088 jarl22 _Csm_CancelJob , lp 
00000472 80ff0000*      1088 <EXPANSION END>
                        1089 .L3206:
                        1090 --line1280
                        1091 ..lin.C.3A.5C_ECU2.5CECU_Rivian_A1.5CTarget.5Crepo_projects.5CpFOTA.5CcL_LATEST.5Cmake.5Cobj.5CSec_Job.89::
                        1092 .LDWlin89:
00000476 41ea           1093 	add	1,r29
00000478 64ea           1094 	cmp	4,r29
0000047a b1f5*          1095 	bl	.L3205
                        1096 --	    .ef
                        1097 .LDW24:
                        1098 --line1286
                        1099 ..lin.C.3A.5C_ECU2.5CECU_Rivian_A1.5CTarget.5Crepo_projects.5CpFOTA.5CcL_LATEST.5Cmake.5Cobj.5CSec_Job.90::
                        1100 .LDWlin90:
0000047c 40067f00       1101 	dispose	0,{r29,r31},[lp]
                        1102 	.type	_SecM_CancelAllJobs,@function
                        1103 	.size	_SecM_CancelAllJobs,.-_SecM_CancelAllJobs
                        1104 	.align	2
                        1105 .LDW34:
                        1106 --_i	r29	local
                        1107 
                        1108 	.section ".bss","awb"
                        1109 .L3248:
                        1110 	.type	.L3248,@object
                        1111 	.size	.L3248,0
                        1112 	.data
                        1113 	.text
                        1114 	.align	2
                        1115 --_SecM_CryptographicKeys	rosdaoff23(_SecM_CryptographicKeys)	import
                        1116 --_SecM_JobInfo	rosdaoff23(_SecM_JobInfo)	import
                        1117 
                        1118 	.data
                        1119 	.ghsnote version,17

                                                                      Page 21
                                                              C:\Users\nhuliyap\AppData\Local\Temp\gh_00003kk1.s
                        1120 	.ghsnote tools,3
                        1121 	.ghsnote options,144
                        1122 	.text
                        1123 	.align	2
                        1124 ..eof.C.3A.5C_ECU2.5CECU_Rivian_A1.5CTarget.5Crepo_projects.5CpFOTA.5CcL_LATEST.5Cmake.5Cobj.5CSec_Job...43.3A.5C_ECU2.5CECU_Rivian_A1.5CTarget.5Crepo_projects.5CpFOTA.5CcL_LATEST.5Cmake..64F86B74..0::
                        1125 .rh850_flags REGMODE32,DATA_ALIGN8,GP_FIX,EP_NONFIX,TP_FIX,REG2_RESERVE,G3K,SDA_EXTRA_REGS_0
