                                                                      Page 1
                                                              C:\Users\nhuliyap\AppData\Local\Temp\gh_00008e41.s
Command Line: C:\GHS\comp_201517\ease850.exe -w -stderr=err/Sec_Crc.err -elf -b0 -I../source/_common -I../source/common -I../source/ecuabcanif -I../source/ecuabcantrcv -I../source/ecuabcryif -I../source/ecuabfee -I../source/ecuabmemif -I../source/libautosar -I../source/mcalcan -I../source/mcalcry -I../source/mcaldio -I../source/mcaleep -I../source/mcalfls -I../source/mcalmcu -I../source/projectara -I../source/projectcfg -I../source/projectcompiler -I../source/swcservicebswm -I../source/swcservicecantp -I../source/swcservicecomm -I../source/swcservicecsm -I../source/swcservicedcm -I../source/swcservicedem -I../source/swcservicedet -I../source/swcserviceecum -I../source/swcservicenvm -I../source/swcserviceos -I../source/swcservicepdur -I../source/swcserviceschm -I../source/swcservicestartup -I../source/wrappers/swcservicesecm -I../source/wrappers/vsecprim -I../source/wrappers/vstdlib -Ic:/ghs/comp_201517/ansi -Ic:/ghs/comp_201517/include/v800 -Igendata -IC:\GHS\comp_201517\lib\rh850 -cg_underscore -cpu=rh850g3k -nofpu -no_v850_simd -rh850_fpsimd=none -nomacro -patch_dbo=C:\_ECU2\ECU_Rivian_A1\Target\repo_projects\pFOTA\cL_LATEST\make\obj\Sec_Crc.dbo -source=Sec_Crc.c -o obj\gh_00008e41.o -list=lst/Sec_Crc.lst C:\Users\nhuliyap\AppData\Local\Temp\gh_00008e41.s 
Original File: C:\Users\nhuliyap\AppData\Local\Temp\gh_00008e41.s
Source File: Sec_Crc.c
Directory: C:\_ECU2\ECU_Rivian_A1\Target\repo_projects\pFOTA\cL_LATEST\make
Host OS: Windows
EASE: Copyright (C) 1983-2015 Green Hills Software.  All Rights Reserved.
Release: Compiler v2015.1.7
Build Directory: [Directory] BTOWORKER6:c:/build_2015_1_bto/2015-10-21.2100-2015_1_bto/win32-comp-ecom
Revision: [VCInfo] http://toolsvc/branches/release-branch-70-bto/src@544153 (built by build)
Revision Date: Thu Oct 22 07:50:13 2015

Release Date: Thu Oct 22 09:32:32 2015

                           1 --Driver Command: ccrh850 -DBRS_DERIVATIVE_701018 -DBRS_OSC_CLK=16
                           2 --		-DBRS_TIMEBASE_CLOCK=80 -DBRS_EVA_BOARD_
                           3 --		-DBRS_DERIVATIVE_GROUP_F1L -DBRS_OS_USECASE_BRS
                           4 --		-DBRS_PLATFORM_RH850 -DBRS_COMP_GHS
                           5 --		-DBRS_CPU_LOCAL_RAM_SIZE_CORE0=32
                           6 --		-DBRS_CPU_RAM_START_CORE0=0xFEDF8000 -list=lst/Sec_Crc.lst
                           7 --		-object_dir=obj -stderr=err/Sec_Crc.err -c -cpu=rh850 -sda=all
                           8 --		-large_sda -prepare_dispose -pragma_asm_inline -no_callt
                           9 --		-inline_prologue -notda -reserve_r2 -fsoft
                          10 --		--unknown_pragma_warnings -list -g -Ogeneral -shortenum
                          11 --		-registermode=32 -I../source/_common -I../source/common
                          12 --		-I../source/ecuabcanif -I../source/ecuabcantrcv
                          13 --		-I../source/ecuabcryif -I../source/ecuabfee
                          14 --		-I../source/ecuabmemif -I../source/libautosar -I../source/mcalcan
                          15 --		-I../source/mcalcry -I../source/mcaldio -I../source/mcaleep
                          16 --		-I../source/mcalfls -I../source/mcalmcu -I../source/projectara
                          17 --		-I../source/projectcfg -I../source/projectcompiler
                          18 --		-I../source/swcservicebswm -I../source/swcservicecantp
                          19 --		-I../source/swcservicecomm -I../source/swcservicecsm
                          20 --		-I../source/swcservicedcm -I../source/swcservicedem
                          21 --		-I../source/swcservicedet -I../source/swcserviceecum
                          22 --		-I../source/swcservicenvm -I../source/swcserviceos
                          23 --		-I../source/swcservicepdur -I../source/swcserviceschm
                          24 --		-I../source/swcservicestartup -I../source/wrappers/swcservicesecm
                          25 --		-I../source/wrappers/vsecprim -I../source/wrappers/vstdlib
                          26 --		-Ic:/ghs/comp_201517/ansi -Ic:/ghs/comp_201517/include/v800
                          27 --		-Igendata ../source/wrappers/SwcServiceSecM/Sec_Crc.c
                          28 --Source File:   ../source/wrappers/SwcServiceSecM/Sec_Crc.c
                          29 --Directory:     
                          30 --		C:\_ECU2\ECU_Rivian_A1\Target\repo_projects\pFOTA\cL_LATEST\make
                          31 --Compile Date:  Wed Sep 06 14:07:14 2023
                          32 --Host OS:       Win32
                          33 --Version:       C-RH850 2015.1.7 RELEASE VERSION
                          34 --Release:       Compiler v2015.1.7
                          35 --Revision Date: Thu Oct 22 08:06:12 2015
                          36 --Release Date:  Thu Oct 22 09:34:32 2015
                          37 -- ecom  -g -w -OM
                          38 	.text
                          39 ..bof.C.3A.5C_ECU2.5CECU_Rivian_A1.5CTarget.5Crepo_projects.5CpFOTA.5CcL_LATEST.5Cmake.5Cobj.5CSec_Crc...43.3A.5C_ECU2.5CECU_Rivian_A1.5CTarget.5Crepo_projects.5CpFOTA.5CcL_LATEST.5Cmake..64F86B72..0::
                          40 	.align	2
                          41 ..gh.f.f.1.e.0:
                          42 	.type	..gh.f.f.1.e.0,@object
                          43 	.size	..gh.f.f.1.e.0,0
                          44 	.global	_SecM_GenerateLookupCrc32..C.3A.5C_ECU2.5CECU_Rivian_A1.5CTarget.5Crepo_projects.5CpFOTA.5CcL_LATEST.5Cmake.5Cobj.5CSec_Crc.
                          45 _SecM_GenerateLookupCrc32..C.3A.5C_ECU2.5CECU_Rivian_A1.5CTarget.5Crepo_projects.5CpFOTA.5CcL_LATEST.5Cmake.5Cobj.5CSec_Crc.:
                          46 _SecM_GenerateLookupCrc32:
00000000 8007e100         47 	prepare	{r28,r29,r31},0
00000004 06e0             48 	mov	r6,r28
                          49 --	    .bf
                          50 .LDW01:

                                                                      Page 2
                                                              C:\Users\nhuliyap\AppData\Local\Temp\gh_00008e41.s
00000006 00ea             51 	mov	0,r29
00000008 c505*            52 	br	.L8
                          53 .L6:
                          54 --line373
                          55 ..lin.C.3A.5C_ECU2.5CECU_Rivian_A1.5CTarget.5Crepo_projects.5CpFOTA.5CcL_LATEST.5Cmake.5Cobj.5CSec_Crc.1::
                          56 .LDWlin1:
0000000a dd061f00         57 	andi	31,r29,zero
0000000e da05*            58 	bne	.L7
                          59 .L8:
                          60 --line373
                          61 ..lin.C.3A.5C_ECU2.5CECU_Rivian_A1.5CTarget.5Crepo_projects.5CpFOTA.5CcL_LATEST.5Cmake.5Cobj.5CSec_Crc.2::
                          62 .LDWlin2:
00000010 e0e1             63 	cmp	zero,r28
00000012 b205*            64 	be	.L7
                          65 --line373
                          66 ..lin.C.3A.5C_ECU2.5CECU_Rivian_A1.5CTarget.5Crepo_projects.5CpFOTA.5CcL_LATEST.5Cmake.5Cobj.5CSec_Crc.3::
                          67 .LDWlin3:
00000014 fcc760f9         68 	jarl	[r28],lp
                          69 .L7:
                          70 --line380
                          71 ..lin.C.3A.5C_ECU2.5CECU_Rivian_A1.5CTarget.5Crepo_projects.5CpFOTA.5CcL_LATEST.5Cmake.5Cobj.5CSec_Crc.4::
                          72 .LDWlin4:
00000018 1d90             73 	mov	r29,r18
0000001a 088a             74 	mov	8,r17
                          75 .L69:
0000001c d2860100         76 	andi	1,r18,r16
00000020 8192             77 	shr	1,r18
00000022 e081             78 	cmp	zero,r16
00000024 d205*            79 	be	.L71
                          80 --line401
                          81 ..lin.C.3A.5C_ECU2.5CECU_Rivian_A1.5CTarget.5Crepo_projects.5CpFOTA.5CcL_LATEST.5Cmake.5Cobj.5CSec_Crc.5::
                          82 .LDWlin5:
00000026 2e062083b8ed     83 	mov	-306674912,r14
0000002c 2e91             84 	xor	r14,r18
                          85 .L71:
0000002e f1061300*        86 	loop	r17,.L69
                          87 --line410
                          88 ..lin.C.3A.5C_ECU2.5CECU_Rivian_A1.5CTarget.5Crepo_projects.5CpFOTA.5CcL_LATEST.5Cmake.5Cobj.5CSec_Crc.6::
                          89 .LDWlin6:
00000032 1df0             90 	mov	r29,ep
00000034 c2f2             91 	shl	2,ep
00000036 c4f1             92 	add	gp,ep
00000038 41ea             93 	add	1,r29
0000003a 9e070f900000*    94 	st.w	r18,sdaoff23(_lookupCrc32)[ep]
00000040 1d0600ff         95 	addi	-256,r29,zero
00000044 b9e5*            96 	bnl	.L6
                          97 --line413
                          98 ..lin.C.3A.5C_ECU2.5CECU_Rivian_A1.5CTarget.5Crepo_projects.5CpFOTA.5CcL_LATEST.5Cmake.5Cobj.5CSec_Crc.7::
                          99 .LDWlin7:
00000046 2c064b27c3c2    100 	mov	-1027397813,r12
0000004c 84070f600000*   101 	st.w	r12,sdaoff23(_lookupCrc32+1024)[gp]
                         102 --	    .ef
                         103 .LDW11:
00000052 4006ff00        104 	dispose	0,{r28,r29,r31},[lp]
                         105 	.type	_SecM_GenerateLookupCrc32,@function
                         106 	.size	_SecM_GenerateLookupCrc32,.-_SecM_GenerateLookupCrc32
                         107 	.type	_SecM_GenerateLookupCrc32..C.3A.5C_ECU2.5CECU_Rivian_A1.5CTarget.5Crepo_projects.5CpFOTA.5CcL_LATEST.5Cmake.5Cobj.5CSec_Crc.,@function
                         108 	.size	_SecM_GenerateLookupCrc32..C.3A.5C_ECU2.5CECU_Rivian_A1.5CTarget.5Crepo_projects.5CpFOTA.5CcL_LATEST.5Cmake.5Cobj.5CSec_Crc.,.-_SecM_GenerateLookupCrc32..C.3A.5C_ECU2.5CECU_Rivian_A1.5CTarget.5Crepo_projects.5CpFOTA.5CcL_LATEST.5Cmake.5Cobj.5CSec_Crc.
                         109 	.align	2
                         110 .LDW21:
                         111 --_tableIndex	r29	local

                                                                      Page 3
                                                              C:\Users\nhuliyap\AppData\Local\Temp\gh_00008e41.s
                         112 --_crc	r18	local
                         113 
                         114 --_pWatchdog	r28	param
                         115 
                         116 	.section ".bss","awb"
                         117 .L120:
                         118 	.type	.L120,@object
                         119 	.size	.L120,0
                         120 	.section ".rosdata","a"
                         121 	.align	4
                         122 	.global	_initialValueCrc32..C.3A.5C_ECU2.5CECU_Rivian_A1.5CTarget.5Crepo_projects.5CpFOTA.5CcL_LATEST.5Cmake.5Cobj.5CSec_Crc.
                         123 _initialValueCrc32..C.3A.5C_ECU2.5CECU_Rivian_A1.5CTarget.5Crepo_projects.5CpFOTA.5CcL_LATEST.5Cmake.5Cobj.5CSec_Crc.:
00000000 ffffffff        124 _initialValueCrc32:	.byte	255,255,255,255
                         125 	.type	_initialValueCrc32..C.3A.5C_ECU2.5CECU_Rivian_A1.5CTarget.5Crepo_projects.5CpFOTA.5CcL_LATEST.5Cmake.5Cobj.5CSec_Crc.,@object
                         126 	.size	_initialValueCrc32..C.3A.5C_ECU2.5CECU_Rivian_A1.5CTarget.5Crepo_projects.5CpFOTA.5CcL_LATEST.5Cmake.5Cobj.5CSec_Crc.,4
                         127 	.type	_initialValueCrc32,@object
                         128 	.size	_initialValueCrc32,4
                         129 	.global	_finalValueCrc32..C.3A.5C_ECU2.5CECU_Rivian_A1.5CTarget.5Crepo_projects.5CpFOTA.5CcL_LATEST.5Cmake.5Cobj.5CSec_Crc.
                         130 _finalValueCrc32..C.3A.5C_ECU2.5CECU_Rivian_A1.5CTarget.5Crepo_projects.5CpFOTA.5CcL_LATEST.5Cmake.5Cobj.5CSec_Crc.:
00000004 ffffffff        131 _finalValueCrc32:	.byte	255,255,255,255
                         132 	.type	_finalValueCrc32..C.3A.5C_ECU2.5CECU_Rivian_A1.5CTarget.5Crepo_projects.5CpFOTA.5CcL_LATEST.5Cmake.5Cobj.5CSec_Crc.,@object
                         133 	.size	_finalValueCrc32..C.3A.5C_ECU2.5CECU_Rivian_A1.5CTarget.5Crepo_projects.5CpFOTA.5CcL_LATEST.5Cmake.5Cobj.5CSec_Crc.,4
                         134 	.type	_finalValueCrc32,@object
                         135 	.size	_finalValueCrc32,4
                         136 	.section ".sbss","awb"
                         137 	.align	4
                         138 	.global	_lookupCrc32..C.3A.5C_ECU2.5CECU_Rivian_A1.5CTarget.5Crepo_projects.5CpFOTA.5CcL_LATEST.5Cmake.5Cobj.5CSec_Crc.
                         139 _lookupCrc32..C.3A.5C_ECU2.5CECU_Rivian_A1.5CTarget.5Crepo_projects.5CpFOTA.5CcL_LATEST.5Cmake.5Cobj.5CSec_Crc.:
00000000 000000000000    140 _lookupCrc32:	.space	1028
00000006 000000000000 
0000000c 000000000000 
00000012 000000000000 
00000018 000000000000 
0000001e 000000000000 
00000024 000000000000 
0000002a 000000000000 
00000030 000000000000 
00000036 000000000000 
0000003c 000000000000 
00000042 000000000000 
00000048 000000000000 
0000004e 000000000000 
00000054 000000000000 
0000005a 000000000000 
00000060 000000000000 
00000066 000000000000 
0000006c 000000000000 
00000072 000000000000 
00000078 000000000000 
0000007e 000000000000 
00000084 000000000000 
0000008a 000000000000 
00000090 000000000000 
00000096 000000000000 
0000009c 000000000000 
000000a2 000000000000 
000000a8 000000000000 
000000ae 000000000000 
000000b4 000000000000 
000000ba 000000000000 
000000c0 000000000000 

                                                                      Page 4
                                                              C:\Users\nhuliyap\AppData\Local\Temp\gh_00008e41.s
000000c6 000000000000 
000000cc 000000000000 
000000d2 000000000000 
000000d8 000000000000 
000000de 000000000000 
000000e4 000000000000 
000000ea 000000000000 
000000f0 000000000000 
000000f6 000000000000 
000000fc 00000000 
                         141 	.type	_lookupCrc32..C.3A.5C_ECU2.5CECU_Rivian_A1.5CTarget.5Crepo_projects.5CpFOTA.5CcL_LATEST.5Cmake.5Cobj.5CSec_Crc.,@object
                         142 	.size	_lookupCrc32..C.3A.5C_ECU2.5CECU_Rivian_A1.5CTarget.5Crepo_projects.5CpFOTA.5CcL_LATEST.5Cmake.5Cobj.5CSec_Crc.,1028
                         143 	.type	_lookupCrc32,@object
                         144 	.size	_lookupCrc32,1028
                         145 	.data
                         146 	.text
                         147 	.align	2
                         148 	.align	2
                         149 ..gh.f.f.1.e.1:
                         150 	.type	..gh.f.f.1.e.1,@object
                         151 	.size	..gh.f.f.1.e.1,0
                         152 	.global	_SecM_UpdateCrc32..C.3A.5C_ECU2.5CECU_Rivian_A1.5CTarget.5Crepo_projects.5CpFOTA.5CcL_LATEST.5Cmake.5Cobj.5CSec_Crc.
                         153 _SecM_UpdateCrc32..C.3A.5C_ECU2.5CECU_Rivian_A1.5CTarget.5Crepo_projects.5CpFOTA.5CcL_LATEST.5Cmake.5Cobj.5CSec_Crc.:
                         154 _SecM_UpdateCrc32:
00000056 8007e170        155 	prepare	{r25,r26,r27,r28,r29,r31},0
0000005a 06d8            156 	mov	r6,r27
                         157 --	    .bf
                         158 .LDW31:
0000005c 06f0            159 	mov	r6,ep
0000005e 00ed            160 	sld.w	0[ep],r29
00000060 78c8            161 	sld.hu	16[ep],r25
00000062 0ad5            162 	sld.w	20[ep],r26
00000064 00e2            163 	mov	0,r28
00000066 f515*           164 	br	.L224
                         165 .L223:
                         166 --line552
                         167 ..lin.C.3A.5C_ECU2.5CECU_Rivian_A1.5CTarget.5Crepo_projects.5CpFOTA.5CcL_LATEST.5Cmake.5Cobj.5CSec_Crc.8::
                         168 .LDWlin8:
00000068 dc061f00        169 	andi	31,r28,zero
0000006c da05*           170 	bne	.L225
                         171 --line552
                         172 ..lin.C.3A.5C_ECU2.5CECU_Rivian_A1.5CTarget.5Crepo_projects.5CpFOTA.5CcL_LATEST.5Cmake.5Cobj.5CSec_Crc.9::
                         173 .LDWlin9:
0000006e e0d1            174 	cmp	zero,r26
00000070 b205*           175 	be	.L225
                         176 --line552
                         177 ..lin.C.3A.5C_ECU2.5CECU_Rivian_A1.5CTarget.5Crepo_projects.5CpFOTA.5CcL_LATEST.5Cmake.5Cobj.5CSec_Crc.10::
                         178 .LDWlin10:
00000072 fac760f9        179 	jarl	[r26],lp
                         180 .L225:
                         181 --line568
                         182 ..lin.C.3A.5C_ECU2.5CECU_Rivian_A1.5CTarget.5Crepo_projects.5CpFOTA.5CcL_LATEST.5Cmake.5Cobj.5CSec_Crc.11::
                         183 .LDWlin11:
00000076 3bf70900        184 	ld.w	8[r27],ep
0000007a 1d90            185 	mov	r29,r18
0000007c 8892            186 	shr	8,r18
0000007e dcf1            187 	add	r28,ep
00000080 6080            188 	sld.bu	0[ep],r16
00000082 41e2            189 	add	1,r28
00000084 30e9            190 	xor	r16,r29
00000086 9d00            191 	zxb	r29

                                                                      Page 5
                                                              C:\Users\nhuliyap\AppData\Local\Temp\gh_00008e41.s
00000088 c2ea            192 	shl	2,r29
0000008a c4e9            193 	add	gp,r29
0000008c 9d0709e80000*   194 	ld.w	sdaoff23(_lookupCrc32)[r29],r29
00000092 32e9            195 	xor	r18,r29
                         196 .L224:
00000094 f9e1            197 	cmp	r25,r28
00000096 91ed*           198 	bl	.L223
                         199 --line577
                         200 ..lin.C.3A.5C_ECU2.5CECU_Rivian_A1.5CTarget.5Crepo_projects.5CpFOTA.5CcL_LATEST.5Cmake.5Cobj.5CSec_Crc.12::
                         201 .LDWlin12:
00000098 7bef0100        202 	st.w	r29,0[r27]
                         203 --	    .ef
                         204 .LDW41:
0000009c 4006ff70        205 	dispose	0,{r25,r26,r27,r28,r29,r31},[lp]
                         206 	.type	_SecM_UpdateCrc32,@function
                         207 	.size	_SecM_UpdateCrc32,.-_SecM_UpdateCrc32
                         208 	.type	_SecM_UpdateCrc32..C.3A.5C_ECU2.5CECU_Rivian_A1.5CTarget.5Crepo_projects.5CpFOTA.5CcL_LATEST.5Cmake.5Cobj.5CSec_Crc.,@function
                         209 	.size	_SecM_UpdateCrc32..C.3A.5C_ECU2.5CECU_Rivian_A1.5CTarget.5Crepo_projects.5CpFOTA.5CcL_LATEST.5Cmake.5Cobj.5CSec_Crc.,.-_SecM_UpdateCrc32..C.3A.5C_ECU2.5CECU_Rivian_A1.5CTarget.5Crepo_projects.5CpFOTA.5CcL_LATEST.5Cmake.5Cobj.5CSec_Crc.
                         210 	.align	2
                         211 .LDW51:
                         212 --_sourceIndex	r28	local
                         213 --_byteCount	r25	local
                         214 --_tmpCrc	r29	local
                         215 --_pWatchdog	r26	local
                         216 
                         217 --_pCrcParam	r27	param
                         218 
                         219 	.section ".bss","awb"
                         220 .L287:
                         221 	.type	.L287,@object
                         222 	.size	.L287,0
                         223 	.data
                         224 	.text
                         225 	.align	2
                         226 	.align	2
                         227 ..gh.f.f.1.e.2:
                         228 	.type	..gh.f.f.1.e.2,@object
                         229 	.size	..gh.f.f.1.e.2,0
                         230 	.global	_SecM_InitPowerOnCRC
                         231 _SecM_InitPowerOnCRC:
                         232 --	    .bf
                         233 .LDW61:
000000a0 3206a5a5a5a5    234 	mov	-1515870811,r18
000000a6 84070f900000*   235 	st.w	r18,sdaoff23(_lookupCrc32+1024)[gp]
                         236 --	    .ef
                         237 .LDW71:
000000ac 7f00            238 	jmp	[lp]
                         239 	.type	_SecM_InitPowerOnCRC,@function
                         240 	.size	_SecM_InitPowerOnCRC,.-_SecM_InitPowerOnCRC
                         241 	.align	2
                         242 .LDW81:
                         243 
                         244 	.section ".bss","awb"
                         245 .L385:
                         246 	.type	.L385,@object
                         247 	.size	.L385,0
                         248 	.data
                         249 	.text
                         250 	.align	2
                         251 	.align	2
                         252 ..gh.f.f.1.e.3:

                                                                      Page 6
                                                              C:\Users\nhuliyap\AppData\Local\Temp\gh_00008e41.s
                         253 	.type	..gh.f.f.1.e.3,@object
                         254 	.size	..gh.f.f.1.e.3,0
                         255 	.global	_SecM_ComputeCrc32
                         256 _SecM_ComputeCrc32:
000000ae 80076100        257 	prepare	{r29,r31},0
000000b2 06e8            258 	mov	r6,r29
                         259 --	    .bf
                         260 .LDW91:
000000b4 864f0500        261 	ld.bu	4[r6],r9
000000b8 2056ff00        262 	movea	255,zero,r10
000000bc 634a            263 	cmp	3,r9
000000be a90d*           264 	bnl	.L520
000000c0 614a            265 	cmp	1,r9
000000c2 f20d*           266 	be	.L407
000000c4 624a            267 	cmp	2,r9
000000c6 ea45*           268 	bne	.L403
                         269 --line783
                         270 ..lin.C.3A.5C_ECU2.5CECU_Rivian_A1.5CTarget.5Crepo_projects.5CpFOTA.5CcL_LATEST.5Cmake.5Cobj.5CSec_Crc.13::
                         271 .LDWlin13:
                         272 	jarl	_SecM_UpdateCrc32,lp
                         272 <EXPANSION BEGIN>
                         272 jarl22 _SecM_UpdateCrc32 , lp 
000000c8 bfff8eff*       272 <EXPANSION END>
                         273 --line785
                         274 ..lin.C.3A.5C_ECU2.5CECU_Rivian_A1.5CTarget.5Crepo_projects.5CpFOTA.5CcL_LATEST.5Cmake.5Cobj.5CSec_Crc.14::
                         275 .LDWlin14:
000000cc 0052            276 	mov	0,r10
000000ce 40067f00        277 	dispose	0,{r29,r31},[lp]
                         278 .L520:
000000d2 644a            279 	cmp	4,r9
000000d4 811d*           280 	bl	.L414
000000d6 e21d*           281 	be	.L416
000000d8 654a            282 	cmp	5,r9
000000da c22d*           283 	be	.L423
000000dc 40067f00        284 	dispose	0,{r29,r31},[lp]
                         285 .L407:
                         286 --line769
                         287 ..lin.C.3A.5C_ECU2.5CECU_Rivian_A1.5CTarget.5Crepo_projects.5CpFOTA.5CcL_LATEST.5Cmake.5Cobj.5CSec_Crc.15::
                         288 .LDWlin15:
000000e0 840709300000*   289 	ld.w	sdaoff23(_lookupCrc32+1024)[gp],r6
000000e6 27064b27c3c2    290 	mov	-1027397813,r7
000000ec e731            291 	cmp	r7,r6
000000ee d205*           292 	be	.L408
                         293 --line771
                         294 ..lin.C.3A.5C_ECU2.5CECU_Rivian_A1.5CTarget.5Crepo_projects.5CpFOTA.5CcL_LATEST.5Cmake.5Cobj.5CSec_Crc.16::
                         295 .LDWlin16:
000000f0 3d371500        296 	ld.w	20[r29],r6
                         297 	jarl	_SecM_GenerateLookupCrc32,lp
                         297 <EXPANSION BEGIN>
                         297 jarl22 _SecM_GenerateLookupCrc32 , lp 
000000f4 bfff0cff*       297 <EXPANSION END>
                         298 .L408:
                         299 --line775
                         300 ..lin.C.3A.5C_ECU2.5CECU_Rivian_A1.5CTarget.5Crepo_projects.5CpFOTA.5CcL_LATEST.5Cmake.5Cobj.5CSec_Crc.17::
                         301 .LDWlin17:
000000f8 1f9a            302 	mov	-1,r19
000000fa 7d9f0100        303 	st.w	r19,0[r29]
000000fe 0052            304 	mov	0,r10
00000100 40067f00        305 	dispose	0,{r29,r31},[lp]
                         306 .L414:
                         307 --line791

                                                                      Page 7
                                                              C:\Users\nhuliyap\AppData\Local\Temp\gh_00008e41.s
                         308 ..lin.C.3A.5C_ECU2.5CECU_Rivian_A1.5CTarget.5Crepo_projects.5CpFOTA.5CcL_LATEST.5Cmake.5Cobj.5CSec_Crc.18::
                         309 .LDWlin18:
00000104 06f0            310 	mov	r6,ep
00000106 0045            311 	sld.w	0[ep],r8
00000108 0052            312 	mov	0,r10
0000010a 2840            313 	not	r8,r8
0000010c 0145            314 	sst.w	r8,0[ep]
0000010e 40067f00        315 	dispose	0,{r29,r31},[lp]
                         316 .L416:
                         317 --line799
                         318 ..lin.C.3A.5C_ECU2.5CECU_Rivian_A1.5CTarget.5Crepo_projects.5CpFOTA.5CcL_LATEST.5Cmake.5Cobj.5CSec_Crc.19::
                         319 .LDWlin19:
00000112 e68f1100        320 	ld.hu	16[r6],r17
00000116 648a            321 	cmp	4,r17
00000118 da1d*           322 	bne	.L403
                         323 --line801
                         324 ..lin.C.3A.5C_ECU2.5CECU_Rivian_A1.5CTarget.5Crepo_projects.5CpFOTA.5CcL_LATEST.5Cmake.5Cobj.5CSec_Crc.20::
                         325 .LDWlin20:
0000011a 263f0900        326 	ld.w	8[r6],r7
0000011e 1130            327 	mov	r17,r6
                         328 	jarl	_SecM_GetInteger,lp
                         328 <EXPANSION BEGIN>
                         328 jarl22 _SecM_GetInteger , lp 
00000120 80ff0000*       328 <EXPANSION END>
                         329 --line803
                         330 ..lin.C.3A.5C_ECU2.5CECU_Rivian_A1.5CTarget.5Crepo_projects.5CpFOTA.5CcL_LATEST.5Cmake.5Cobj.5CSec_Crc.21::
                         331 .LDWlin21:
00000124 3d870100        332 	ld.w	0[r29],r16
00000128 f051            333 	cmp	r16,r10
0000012a e2071453        334 	cmovne	2,zero,r10
0000012e 40067f00        335 	dispose	0,{r29,r31},[lp]
                         336 .L423:
                         337 --line817
                         338 ..lin.C.3A.5C_ECU2.5CECU_Rivian_A1.5CTarget.5Crepo_projects.5CpFOTA.5CcL_LATEST.5Cmake.5Cobj.5CSec_Crc.22::
                         339 .LDWlin22:
00000132 e67f1100        340 	ld.hu	16[r6],r15
00000136 647a            341 	cmp	4,r15
00000138 d10d*           342 	bl	.L403
                         343 --line819
                         344 ..lin.C.3A.5C_ECU2.5CECU_Rivian_A1.5CTarget.5Crepo_projects.5CpFOTA.5CcL_LATEST.5Cmake.5Cobj.5CSec_Crc.23::
                         345 .LDWlin23:
0000013a 06f0            346 	mov	r6,ep
0000013c 003d            347 	sld.w	0[ep],r7
0000013e 0645            348 	sld.w	12[ep],r8
00000140 0432            349 	mov	4,r6
                         350 	jarl	_SecM_SetInteger,lp
                         350 <EXPANSION BEGIN>
                         350 jarl22 _SecM_SetInteger , lp 
00000142 80ff0000*       350 <EXPANSION END>
                         351 --line821
                         352 ..lin.C.3A.5C_ECU2.5CECU_Rivian_A1.5CTarget.5Crepo_projects.5CpFOTA.5CcL_LATEST.5Cmake.5Cobj.5CSec_Crc.24::
                         353 .LDWlin24:
00000146 0472            354 	mov	4,r14
00000148 7d771000        355 	st.h	r14,16[r29]
0000014c 0052            356 	mov	0,r10
0000014e 40067f00        357 	dispose	0,{r29,r31},[lp]
                         358 .L403:
                         359 --	    .ef
                         360 .LDW02:
                         361 --line834
                         362 ..lin.C.3A.5C_ECU2.5CECU_Rivian_A1.5CTarget.5Crepo_projects.5CpFOTA.5CcL_LATEST.5Cmake.5Cobj.5CSec_Crc.25::

                                                                      Page 8
                                                              C:\Users\nhuliyap\AppData\Local\Temp\gh_00008e41.s
                         363 .LDWlin25:
00000152 40067f00        364 	dispose	0,{r29,r31},[lp]
                         365 	.type	_SecM_ComputeCrc32,@function
                         366 	.size	_SecM_ComputeCrc32,.-_SecM_ComputeCrc32
                         367 	.align	2
                         368 .LDW12:
                         369 --_result	r10	local
                         370 
                         371 --_crcParam	r29	param
                         372 
                         373 	.section ".bss","awb"
                         374 .L518:
                         375 	.type	.L518,@object
                         376 	.size	.L518,0
                         377 	.data
                         378 	.text
                         379 	.align	2
                         380 	.align	2
                         381 ..gh.f.f.1.e.4:
                         382 	.type	..gh.f.f.1.e.4,@object
                         383 	.size	..gh.f.f.1.e.4,0
                         384 	.global	_SecM_ComputeCRC
                         385 _SecM_ComputeCRC:
                         386 --	    .bf
                         387 .LDW22:
00000156 bf0758ff*       388 	jr	_SecM_ComputeCrc32
                         389 --	    .ef
                         390 .LDW32:
                         391 	.type	_SecM_ComputeCRC,@function
                         392 	.size	_SecM_ComputeCRC,.-_SecM_ComputeCRC
                         393 	.align	2
                         394 .LDW42:
                         395 
                         396 --_crcParam	r6	param
                         397 
                         398 	.section ".bss","awb"
                         399 .L724:
                         400 	.type	.L724,@object
                         401 	.size	.L724,0
                         402 	.data
                         403 	.text
                         404 	.align	2
                         405 --_lookupCrc32	sdaoff23(_lookupCrc32)	static
                         406 --_initialValueCrc32	rosdaoff23(_initialValueCrc32)	static
                         407 --_finalValueCrc32	rosdaoff23(_finalValueCrc32)	static
                         408 
                         409 	.data
                         410 	.ghsnote version,17
                         411 	.ghsnote tools,3
                         412 	.ghsnote options,144
                         413 	.text
                         414 	.align	2
                         415 ..eof.C.3A.5C_ECU2.5CECU_Rivian_A1.5CTarget.5Crepo_projects.5CpFOTA.5CcL_LATEST.5Cmake.5Cobj.5CSec_Crc...43.3A.5C_ECU2.5CECU_Rivian_A1.5CTarget.5Crepo_projects.5CpFOTA.5CcL_LATEST.5Cmake..64F86B72..0::
                         416 .rh850_flags REGMODE32,DATA_ALIGN8,GP_FIX,EP_NONFIX,TP_FIX,REG2_RESERVE,G3K,SDA_EXTRA_REGS_0
