                                                                      Page 1
                                                              C:\Users\nhuliyap\AppData\Local\Temp\gh_000085g1.s
Command Line: C:\GHS\comp_201517\ease850.exe -w -stderr=err/SwcServiceDcm.err -elf -b0 -I../source/_common -I../source/common -I../source/ecuabcanif -I../source/ecuabcantrcv -I../source/ecuabcryif -I../source/ecuabfee -I../source/ecuabmemif -I../source/libautosar -I../source/mcalcan -I../source/mcalcry -I../source/mcaldio -I../source/mcaleep -I../source/mcalfls -I../source/mcalmcu -I../source/projectara -I../source/projectcfg -I../source/projectcompiler -I../source/swcservicebswm -I../source/swcservicecantp -I../source/swcservicecomm -I../source/swcservicecsm -I../source/swcservicedcm -I../source/swcservicedem -I../source/swcservicedet -I../source/swcserviceecum -I../source/swcservicenvm -I../source/swcserviceos -I../source/swcservicepdur -I../source/swcserviceschm -I../source/swcservicestartup -I../source/wrappers/swcservicesecm -I../source/wrappers/vsecprim -I../source/wrappers/vstdlib -Ic:/ghs/comp_201517/ansi -Ic:/ghs/comp_201517/include/v800 -Igendata -IC:\GHS\comp_201517\lib\rh850 -cg_underscore -cpu=rh850g3k -nofpu -no_v850_simd -rh850_fpsimd=none -nomacro -patch_dbo=C:\_ECU2\ECU_Rivian_A1\Target\repo_projects\pFOTA\cL_LATEST\make\obj\SwcServiceDcm.dbo -source=SwcServiceDcm.c -o obj\gh_000085g1.o -list=lst/SwcServiceDcm.lst C:\Users\nhuliyap\AppData\Local\Temp\gh_000085g1.s 
Original File: C:\Users\nhuliyap\AppData\Local\Temp\gh_000085g1.s
Source File: SwcServiceDcm.c
Directory: C:\_ECU2\ECU_Rivian_A1\Target\repo_projects\pFOTA\cL_LATEST\make
Host OS: Windows
EASE: Copyright (C) 1983-2015 Green Hills Software.  All Rights Reserved.
Release: Compiler v2015.1.7
Build Directory: [Directory] BTOWORKER6:c:/build_2015_1_bto/2015-10-21.2100-2015_1_bto/win32-comp-ecom
Revision: [VCInfo] http://toolsvc/branches/release-branch-70-bto/src@544153 (built by build)
Revision Date: Thu Oct 22 07:50:13 2015

Release Date: Thu Oct 22 09:32:32 2015

                           1 --Driver Command: ccrh850 -DBRS_DERIVATIVE_701018 -DBRS_OSC_CLK=16
                           2 --		-DBRS_TIMEBASE_CLOCK=80 -DBRS_EVA_BOARD_
                           3 --		-DBRS_DERIVATIVE_GROUP_F1L -DBRS_OS_USECASE_BRS
                           4 --		-DBRS_PLATFORM_RH850 -DBRS_COMP_GHS
                           5 --		-DBRS_CPU_LOCAL_RAM_SIZE_CORE0=32
                           6 --		-DBRS_CPU_RAM_START_CORE0=0xFEDF8000 -list=lst/SwcServiceDcm.lst
                           7 --		-object_dir=obj -stderr=err/SwcServiceDcm.err -c -cpu=rh850
                           8 --		-sda=all -large_sda -prepare_dispose -pragma_asm_inline -no_callt
                           9 --		-inline_prologue -notda -reserve_r2 -fsoft
                          10 --		--unknown_pragma_warnings -list -g -Ogeneral -shortenum
                          11 --		-registermode=32 -I../source/_common -I../source/common
                          12 --		-I../source/ecuabcanif -I../source/ecuabcantrcv
                          13 --		-I../source/ecuabcryif -I../source/ecuabfee
                          14 --		-I../source/ecuabmemif -I../source/libautosar -I../source/mcalcan
                          15 --		-I../source/mcalcry -I../source/mcaldio -I../source/mcaleep
                          16 --		-I../source/mcalfls -I../source/mcalmcu -I../source/projectara
                          17 --		-I../source/projectcfg -I../source/projectcompiler
                          18 --		-I../source/swcservicebswm -I../source/swcservicecantp
                          19 --		-I../source/swcservicecomm -I../source/swcservicecsm
                          20 --		-I../source/swcservicedcm -I../source/swcservicedem
                          21 --		-I../source/swcservicedet -I../source/swcserviceecum
                          22 --		-I../source/swcservicenvm -I../source/swcserviceos
                          23 --		-I../source/swcservicepdur -I../source/swcserviceschm
                          24 --		-I../source/swcservicestartup -I../source/wrappers/swcservicesecm
                          25 --		-I../source/wrappers/vsecprim -I../source/wrappers/vstdlib
                          26 --		-Ic:/ghs/comp_201517/ansi -Ic:/ghs/comp_201517/include/v800
                          27 --		-Igendata ../source/SwcServiceDcm/SwcServiceDcm.c
                          28 --Source File:   ../source/SwcServiceDcm/SwcServiceDcm.c
                          29 --Directory:     
                          30 --		C:\_ECU2\ECU_Rivian_A1\Target\repo_projects\pFOTA\cL_LATEST\make
                          31 --Compile Date:  Wed Sep 06 14:07:24 2023
                          32 --Host OS:       Win32
                          33 --Version:       C-RH850 2015.1.7 RELEASE VERSION
                          34 --Release:       Compiler v2015.1.7
                          35 --Revision Date: Thu Oct 22 08:06:12 2015
                          36 --Release Date:  Thu Oct 22 09:34:32 2015
                          37 -- ecom  -g -w -OM
                          38 	.text
                          39 ..bof.C.3A.5C_ECU2.5CECU_Rivian_A1.5CTarget.5Crepo_projects.5CpFOTA.5CcL_LATEST.5Cmake.5Cobj.5CSwcServiceDcm...43.3A.5C_ECU2.5CECU_Rivian_A1.5CTarget.5Crepo_projects.5CpFOTA.5CcL_LATEST.5Cmake..64F86B7C..0::
                          40 	.align	2
                          41 ..gh.f.f.1.e.0:
                          42 	.type	..gh.f.f.1.e.0,@object
                          43 	.size	..gh.f.f.1.e.0,0
                          44 	.global	_DcmCheckMessageAuthentication
                          45 _DcmCheckMessageAuthentication:
                          46 --	    .bf
                          47 .LDW01:
00000000 0252             48 	mov	2,r10
                          49 --	    .ef
                          50 .LDW11:

                                                                      Page 2
                                                              C:\Users\nhuliyap\AppData\Local\Temp\gh_000085g1.s
00000002 7f00             51 	jmp	[lp]
                          52 	.type	_DcmCheckMessageAuthentication,@function
                          53 	.size	_DcmCheckMessageAuthentication,.-_DcmCheckMessageAuthentication
                          54 	.align	2
                          55 .LDW21:
                          56 
                          57 --_ucSid	none	param
                          58 --_aucMessage	none	param
                          59 --_ushLength	none	param
                          60 
                          61 	.section ".bss","awb"
                          62 .L33:
                          63 	.type	.L33,@object
                          64 	.size	.L33,0
                          65 	.data
                          66 	.text
                          67 	.align	2
                          68 	.align	2
                          69 ..gh.f.f.1.e.1:
                          70 	.type	..gh.f.f.1.e.1,@object
                          71 	.size	..gh.f.f.1.e.1,0
                          72 	.global	_DcmAppendMessageAuthentication
                          73 _DcmAppendMessageAuthentication:
                          74 --	    .bf
                          75 .LDW31:
00000004 0052             76 	mov	0,r10
                          77 --	    .ef
                          78 .LDW41:
00000006 7f00             79 	jmp	[lp]
                          80 	.type	_DcmAppendMessageAuthentication,@function
                          81 	.size	_DcmAppendMessageAuthentication,.-_DcmAppendMessageAuthentication
                          82 	.align	2
                          83 .LDW51:
                          84 
                          85 --_ucSid	none	param
                          86 --_aucMessage	none	param
                          87 --_ushLength	none	param
                          88 
                          89 	.section ".bss","awb"
                          90 .L81:
                          91 	.type	.L81,@object
                          92 	.size	.L81,0
                          93 	.data
                          94 	.text
                          95 	.align	2
                          96 
                          97 	.data
                          98 	.ghsnote version,17
                          99 	.ghsnote tools,3
                         100 	.ghsnote options,144
                         101 	.text
                         102 	.align	2
                         103 ..eof.C.3A.5C_ECU2.5CECU_Rivian_A1.5CTarget.5Crepo_projects.5CpFOTA.5CcL_LATEST.5Cmake.5Cobj.5CSwcServiceDcm...43.3A.5C_ECU2.5CECU_Rivian_A1.5CTarget.5Crepo_projects.5CpFOTA.5CcL_LATEST.5Cmake..64F86B7C..0::
                         104 .rh850_flags REGMODE32,DATA_ALIGN8,GP_FIX,EP_NONFIX,TP_FIX,REG2_RESERVE,G3K,SDA_EXTRA_REGS_0
