                                                                      Page 1
                                                              C:\Users\nhuliyap\AppData\Local\Temp\gh_0000aes1.s
Command Line: C:\GHS\comp_201517\ease850.exe -w -stderr=err/version.err -elf -b0 -I../source/_common -I../source/common -I../source/ecuabcanif -I../source/ecuabcantrcv -I../source/ecuabcryif -I../source/ecuabfee -I../source/ecuabmemif -I../source/libautosar -I../source/mcalcan -I../source/mcalcry -I../source/mcaldio -I../source/mcaleep -I../source/mcalfls -I../source/mcalmcu -I../source/projectara -I../source/projectcfg -I../source/projectcompiler -I../source/swcservicebswm -I../source/swcservicecantp -I../source/swcservicecomm -I../source/swcservicecsm -I../source/swcservicedcm -I../source/swcservicedem -I../source/swcservicedet -I../source/swcserviceecum -I../source/swcservicenvm -I../source/swcserviceos -I../source/swcservicepdur -I../source/swcserviceschm -I../source/swcservicestartup -I../source/wrappers/swcservicesecm -I../source/wrappers/vsecprim -I../source/wrappers/vstdlib -Ic:/ghs/comp_201517/ansi -Ic:/ghs/comp_201517/include/v800 -Igendata -IC:\GHS\comp_201517\lib\rh850 -cg_underscore -cpu=rh850g3k -nofpu -no_v850_simd -rh850_fpsimd=none -nomacro -patch_dbo=C:\_ECU2\ECU_Rivian_A1\Target\repo_projects\pFOTA\cL_LATEST\make\obj\version.dbo -source=version.c -o obj\gh_0000aes1.o -list=lst/version.lst C:\Users\nhuliyap\AppData\Local\Temp\gh_0000aes1.s 
Original File: C:\Users\nhuliyap\AppData\Local\Temp\gh_0000aes1.s
Source File: version.c
Directory: C:\_ECU2\ECU_Rivian_A1\Target\repo_projects\pFOTA\cL_LATEST\make
Host OS: Windows
EASE: Copyright (C) 1983-2015 Green Hills Software.  All Rights Reserved.
Release: Compiler v2015.1.7
Build Directory: [Directory] BTOWORKER6:c:/build_2015_1_bto/2015-10-21.2100-2015_1_bto/win32-comp-ecom
Revision: [VCInfo] http://toolsvc/branches/release-branch-70-bto/src@544153 (built by build)
Revision Date: Thu Oct 22 07:50:13 2015

Release Date: Thu Oct 22 09:32:32 2015

                           1 --Driver Command: ccrh850 -DBRS_DERIVATIVE_701018 -DBRS_OSC_CLK=16
                           2 --		-DBRS_TIMEBASE_CLOCK=80 -DBRS_EVA_BOARD_
                           3 --		-DBRS_DERIVATIVE_GROUP_F1L -DBRS_OS_USECASE_BRS
                           4 --		-DBRS_PLATFORM_RH850 -DBRS_COMP_GHS
                           5 --		-DBRS_CPU_LOCAL_RAM_SIZE_CORE0=32
                           6 --		-DBRS_CPU_RAM_START_CORE0=0xFEDF8000 -list=lst/version.lst
                           7 --		-object_dir=obj -stderr=err/version.err -c -cpu=rh850 -sda=all
                           8 --		-large_sda -prepare_dispose -pragma_asm_inline -no_callt
                           9 --		-inline_prologue -notda -reserve_r2 -fsoft
                          10 --		--unknown_pragma_warnings -list -g -Ogeneral -shortenum
                          11 --		-registermode=32 -I../source/_common -I../source/common
                          12 --		-I../source/ecuabcanif -I../source/ecuabcantrcv
                          13 --		-I../source/ecuabcryif -I../source/ecuabfee
                          14 --		-I../source/ecuabmemif -I../source/libautosar -I../source/mcalcan
                          15 --		-I../source/mcalcry -I../source/mcaldio -I../source/mcaleep
                          16 --		-I../source/mcalfls -I../source/mcalmcu -I../source/projectara
                          17 --		-I../source/projectcfg -I../source/projectcompiler
                          18 --		-I../source/swcservicebswm -I../source/swcservicecantp
                          19 --		-I../source/swcservicecomm -I../source/swcservicecsm
                          20 --		-I../source/swcservicedcm -I../source/swcservicedem
                          21 --		-I../source/swcservicedet -I../source/swcserviceecum
                          22 --		-I../source/swcservicenvm -I../source/swcserviceos
                          23 --		-I../source/swcservicepdur -I../source/swcserviceschm
                          24 --		-I../source/swcservicestartup -I../source/wrappers/swcservicesecm
                          25 --		-I../source/wrappers/vsecprim -I../source/wrappers/vstdlib
                          26 --		-Ic:/ghs/comp_201517/ansi -Ic:/ghs/comp_201517/include/v800
                          27 --		-Igendata ../source/SwcServiceStartUp/version.c
                          28 --Source File:   ../source/SwcServiceStartUp/version.c
                          29 --Directory:     
                          30 --		C:\_ECU2\ECU_Rivian_A1\Target\repo_projects\pFOTA\cL_LATEST\make
                          31 --Compile Date:  Wed Sep 06 14:09:45 2023
                          32 --Host OS:       Win32
                          33 --Version:       C-RH850 2015.1.7 RELEASE VERSION
                          34 --Release:       Compiler v2015.1.7
                          35 --Revision Date: Thu Oct 22 08:06:12 2015
                          36 --Release Date:  Thu Oct 22 09:34:32 2015
                          37 -- ecom  -g -w -OM
                          38 	.text
                          39 ..bof.C.3A.5C_ECU2.5CECU_Rivian_A1.5CTarget.5Crepo_projects.5CpFOTA.5CcL_LATEST.5Cmake.5Cobj.5Cversion...43.3A.5C_ECU2.5CECU_Rivian_A1.5CTarget.5Crepo_projects.5CpFOTA.5CcL_LATEST.5Cmake..64F86C0A..0::
                          40 	.align	2
                          41 ..gh.f.f.1.e.0:
                          42 	.type	..gh.f.f.1.e.0,@object
                          43 	.size	..gh.f.f.1.e.0,0
                          44 	.global	_VERSION_SyncPartnumber_315_433_from_Flash_to_Flash
                          45 _VERSION_SyncPartnumber_315_433_from_Flash_to_Flash:
00000000 a607e100         46 	prepare	{r28,r29,r31},19
                          47 --	    .bf
                          48 .LDW01:
00000004 23363800         49 	movea	56,sp,r6
                          50 	jarl	_PRODFLASH_GetCustomerEcuPartNumber,lp

                                                                      Page 2
                                                              C:\Users\nhuliyap\AppData\Local\Temp\gh_0000aes1.s
                          50 <EXPANSION BEGIN>
                          50 jarl22 _PRODFLASH_GetCustomerEcuPartNumber , lp 
00000008 80ff0000*        50 <EXPANSION END>
0000000c 0ae0             51 	mov	r10,r28
                          52 --line58
                          53 ..lin.C.3A.5C_ECU2.5CECU_Rivian_A1.5CTarget.5Crepo_projects.5CpFOTA.5CcL_LATEST.5Cmake.5Cobj.5Cversion.1::
                          54 .LDWlin1:
0000000e 23360400         55 	movea	4,sp,r6
                          56 	jarl	_PRODFLASH_GetRivianEcuPartNumber,lp
                          56 <EXPANSION BEGIN>
                          56 jarl22 _PRODFLASH_GetRivianEcuPartNumber , lp 
00000012 80ff0000*        56 <EXPANSION END>
                          57 --line60
                          58 ..lin.C.3A.5C_ECU2.5CECU_Rivian_A1.5CTarget.5Crepo_projects.5CpFOTA.5CcL_LATEST.5Cmake.5Cobj.5Cversion.2::
                          59 .LDWlin2:
00000016 0092             60 	mov	0,r18
00000018 e50d*            61 	br	.L7
                          62 .L6:
                          63 --line61
                          64 ..lin.C.3A.5C_ECU2.5CECU_Rivian_A1.5CTarget.5Crepo_projects.5CpFOTA.5CcL_LATEST.5Cmake.5Cobj.5Cversion.3::
                          65 .LDWlin3:
0000001a 23863800         66 	movea	56,sp,r16
0000001e 12f0             67 	mov	r18,ep
00000020 1288             68 	mov	r18,r17
00000022 d0f1             69 	add	r16,ep
00000024 c389             70 	add	sp,r17
00000026 91771500         71 	ld.bu	20[r17],r14
0000002a 6068             72 	sld.bu	0[ep],r13
0000002c ee69             73 	cmp	r14,r13
0000002e fa05*            74 	bne	.L13
                          75 --line60
                          76 ..lin.C.3A.5C_ECU2.5CECU_Rivian_A1.5CTarget.5Crepo_projects.5CpFOTA.5CcL_LATEST.5Cmake.5Cobj.5Cversion.4::
                          77 .LDWlin4:
00000030 4192             78 	add	1,r18
00000032 9200             79 	zxb	r18
                          80 .L7:
00000034 fc91             81 	cmp	r28,r18
00000036 a1f5*            82 	bl	.L6
00000038 6606ff00         83 	dispose	19,{r28,r29,r31},[lp]
                          84 .L13:
                          85 --line68
                          86 ..lin.C.3A.5C_ECU2.5CECU_Rivian_A1.5CTarget.5Crepo_projects.5CpFOTA.5CcL_LATEST.5Cmake.5Cobj.5Cversion.5::
                          87 .LDWlin5:
0000003c 23ee0400         88 	movea	4,sp,r29
00000040 03361400         89 	addi	20,sp,r6
00000044 1038             90 	mov	r16,r7
00000046 1c40             91 	mov	r28,r8
                          92 	jarl	_ownmemcpy,lp
                          92 <EXPANSION BEGIN>
                          92 jarl22 _ownmemcpy , lp 
00000048 80ff0000*        92 <EXPANSION END>
                          93 --line70
                          94 ..lin.C.3A.5C_ECU2.5CECU_Rivian_A1.5CTarget.5Crepo_projects.5CpFOTA.5CcL_LATEST.5Cmake.5Cobj.5Cversion.6::
                          95 .LDWlin6:
0000004c 1d30             96 	mov	r29,r6
                          97 	jarl	_PRODFLASH_PutRivianEcuPartnumber,lp
                          97 <EXPANSION BEGIN>
                          97 jarl22 _PRODFLASH_PutRivianEcuPartnumber , lp 
0000004e 80ff0000*        97 <EXPANSION END>
                          98 --line72
                          99 ..lin.C.3A.5C_ECU2.5CECU_Rivian_A1.5CTarget.5Crepo_projects.5CpFOTA.5CcL_LATEST.5Cmake.5Cobj.5Cversion.7::

                                                                      Page 3
                                                              C:\Users\nhuliyap\AppData\Local\Temp\gh_0000aes1.s
                         100 .LDWlin7:
                         101 	jarl	_SUPPLIER1_CalcGenealogyBlockCrc32,lp
                         101 <EXPANSION BEGIN>
                         101 jarl22 _SUPPLIER1_CalcGenealogyBlockCrc32 , lp 
00000052 80ff0000*       101 <EXPANSION END>
00000056 63570100        102 	st.w	r10,0[sp]
                         103 --line73
                         104 ..lin.C.3A.5C_ECU2.5CECU_Rivian_A1.5CTarget.5Crepo_projects.5CpFOTA.5CcL_LATEST.5Cmake.5Cobj.5Cversion.8::
                         105 .LDWlin8:
0000005a 0330            106 	mov	sp,r6
                         107 	jarl	_PRODFLASH_PutGenealogyCrc32,lp
                         107 <EXPANSION BEGIN>
                         107 jarl22 _PRODFLASH_PutGenealogyCrc32 , lp 
0000005c 80ff0000*       107 <EXPANSION END>
                         108 --	    .ef
                         109 .LDW11:
                         110 --line75
                         111 ..lin.C.3A.5C_ECU2.5CECU_Rivian_A1.5CTarget.5Crepo_projects.5CpFOTA.5CcL_LATEST.5Cmake.5Cobj.5Cversion.9::
                         112 .LDWlin9:
00000060 6606ff00        113 	dispose	19,{r28,r29,r31},[lp]
                         114 	.type	_VERSION_SyncPartnumber_315_433_from_Flash_to_Flash,@function
                         115 	.size	_VERSION_SyncPartnumber_315_433_from_Flash_to_Flash,.-_VERSION_SyncPartnumber_315_433_from_Flash_to_Flash
                         116 	.align	2
                         117 .LDW21:
                         118 --_ucCustomerPartNumber	56[sp]	local
                         119 --_ucRivianSpecificPartNumberString	4[sp]	local
                         120 --_ucSize	r28	local
                         121 --_i	r18	local
                         122 --_ulGenealogyCrc32	0[sp]	local
                         123 
                         124 	.section ".bss","awb"
                         125 .L81:
                         126 	.type	.L81,@object
                         127 	.size	.L81,0
                         128 	.data
                         129 	.text
                         130 	.align	2
                         131 	.align	2
                         132 ..gh.f.f.1.e.1:
                         133 	.type	..gh.f.f.1.e.1,@object
                         134 	.size	..gh.f.f.1.e.1,0
                         135 	.global	_VERSION_GetPointerToDescriptorBlock
                         136 _VERSION_GetPointerToDescriptorBlock:
                         137 --	    .bf
                         138 .LDW31:
00000064 2a0600ff0100    139 	mov	130816,r10
0000006a d832            140 	shl	24,r6
0000006c ca05*           141 	bne	.L141
                         142 --line79
                         143 ..lin.C.3A.5C_ECU2.5CECU_Rivian_A1.5CTarget.5Crepo_projects.5CpFOTA.5CcL_LATEST.5Cmake.5Cobj.5Cversion.10::
                         144 .LDWlin10:
0000006e 2a06007b0700    145 	mov	490240,r10
                         146 .L141:
                         147 --	    .ef
                         148 .LDW41:
00000074 7f00            149 	jmp	[lp]
                         150 	.type	_VERSION_GetPointerToDescriptorBlock,@function
                         151 	.size	_VERSION_GetPointerToDescriptorBlock,.-_VERSION_GetPointerToDescriptorBlock
                         152 	.align	2
                         153 .LDW51:
                         154 

                                                                      Page 4
                                                              C:\Users\nhuliyap\AppData\Local\Temp\gh_0000aes1.s
                         155 --_ucApplFbl	r6	param
                         156 
                         157 	.section ".bss","awb"
                         158 .L191:
                         159 	.type	.L191,@object
                         160 	.size	.L191,0
                         161 	.data
                         162 	.text
                         163 	.align	2
                         164 	.align	2
                         165 ..gh.f.f.1.e.2:
                         166 	.type	..gh.f.f.1.e.2,@object
                         167 	.size	..gh.f.f.1.e.2,0
                         168 	.global	_VERSION_ucDecimalToBcd..C.3A.5C_ECU2.5CECU_Rivian_A1.5CTarget.5Crepo_projects.5CpFOTA.5CcL_LATEST.5Cmake.5Cobj.5Cversion.
                         169 _VERSION_ucDecimalToBcd..C.3A.5C_ECU2.5CECU_Rivian_A1.5CTarget.5Crepo_projects.5CpFOTA.5CcL_LATEST.5Cmake.5Cobj.5Cversion.:
                         170 _VERSION_ucDecimalToBcd:
00000076 8600            171 	zxb	r6
                         172 --	    .bf
                         173 .LDW61:
00000078 06069cff        174 	addi	-100,r6,zero
0000007c 910d*           175 	bl	.L226
                         176 --line94
                         177 ..lin.C.3A.5C_ECU2.5CECU_Rivian_A1.5CTarget.5Crepo_projects.5CpFOTA.5CcL_LATEST.5Cmake.5Cobj.5Cversion.11::
                         178 .LDWlin11:
0000007e 0a7a            179 	mov	10,r15
00000080 ef37fe8a        180 	divqu	r15,r6,r17
00000084 c432            181 	shl	4,r6
00000086 c689            182 	add	r6,r17
00000088 84070d880000*   183 	st.b	r17,sdaoff23(.L290)[gp]
                         184 .L226:
0000008e a40705500000*   185 	ld.bu	sdaoff23(.L290)[gp],r10
                         186 --	    .ef
                         187 .LDW71:
00000094 7f00            188 	jmp	[lp]
                         189 	.type	_VERSION_ucDecimalToBcd,@function
                         190 	.size	_VERSION_ucDecimalToBcd,.-_VERSION_ucDecimalToBcd
                         191 	.type	_VERSION_ucDecimalToBcd..C.3A.5C_ECU2.5CECU_Rivian_A1.5CTarget.5Crepo_projects.5CpFOTA.5CcL_LATEST.5Cmake.5Cobj.5Cversion.,@function
                         192 	.size	_VERSION_ucDecimalToBcd..C.3A.5C_ECU2.5CECU_Rivian_A1.5CTarget.5Crepo_projects.5CpFOTA.5CcL_LATEST.5Cmake.5Cobj.5Cversion.,.-_VERSION_ucDecimalToBcd..C.3A.5C_ECU2.5CECU_Rivian_A1.5CTarget.5Crepo_projects.5CpFOTA.5CcL_LATEST.5Cmake.5Cobj.5Cversion.
                         193 	.align	2
                         194 .LDW81:
                         195 --_ucBcdValue	sdaoff23(.L290)	static
                         196 
                         197 --_ucNumber	r6	param
                         198 
                         199 	.section ".bss","awb"
                         200 .L272:
                         201 	.type	.L272,@object
                         202 	.size	.L272,0
                         203 	.section ".sdata","aw"
                         204 .L290:
                         205 	.global	_ucBcdValue.VERSION_ucDecimalToBcd.C.3A.5C_ECU2.5CECU_Rivian_A1.5CTarget.5Crepo_projects.5CpFOTA.5CcL_LATEST.5Cmake.5Cobj.5Cversion..0
                         206 _ucBcdValue.VERSION_ucDecimalToBcd.C.3A.5C_ECU2.5CECU_Rivian_A1.5CTarget.5Crepo_projects.5CpFOTA.5CcL_LATEST.5Cmake.5Cobj.5Cversion..0:
00000000 ff              207 	.byte	255
                         208 	.type	_ucBcdValue.VERSION_ucDecimalToBcd.C.3A.5C_ECU2.5CECU_Rivian_A1.5CTarget.5Crepo_projects.5CpFOTA.5CcL_LATEST.5Cmake.5Cobj.5Cversion..0,@object
                         209 	.size	_ucBcdValue.VERSION_ucDecimalToBcd.C.3A.5C_ECU2.5CECU_Rivian_A1.5CTarget.5Crepo_projects.5CpFOTA.5CcL_LATEST.5Cmake.5Cobj.5Cversion..0,1
                         210 	.type	.L290,@object
                         211 	.size	.L290,1
                         212 	.data
                         213 	.text
                         214 	.align	2
                         215 	.align	2

                                                                      Page 5
                                                              C:\Users\nhuliyap\AppData\Local\Temp\gh_0000aes1.s
                         216 ..gh.f.f.1.e.3:
                         217 	.type	..gh.f.f.1.e.3,@object
                         218 	.size	..gh.f.f.1.e.3,0
                         219 	.global	_VERSION_GetSchemaVersion..C.3A.5C_ECU2.5CECU_Rivian_A1.5CTarget.5Crepo_projects.5CpFOTA.5CcL_LATEST.5Cmake.5Cobj.5Cversion.
                         220 _VERSION_GetSchemaVersion..C.3A.5C_ECU2.5CECU_Rivian_A1.5CTarget.5Crepo_projects.5CpFOTA.5CcL_LATEST.5Cmake.5Cobj.5Cversion.:
                         221 _VERSION_GetSchemaVersion:
00000096 8007e100        222 	prepare	{r28,r29,r31},0
0000009a 06e0            223 	mov	r6,r28
0000009c 8800            224 	zxb	r8
                         225 --	    .bf
                         226 .LDW91:
0000009e c7eeff00        227 	andi	255,r7,r29
000000a2 a20d*           228 	be	.L342
                         229 --line276
                         230 ..lin.C.3A.5C_ECU2.5CECU_Rivian_A1.5CTarget.5Crepo_projects.5CpFOTA.5CcL_LATEST.5Cmake.5Cobj.5Cversion.12::
                         231 .LDWlin12:
000000a4 0830            232 	mov	r8,r6
                         233 	jarl	_VERSION_GetPointerToDescriptorBlock,lp
                         233 <EXPANSION BEGIN>
                         233 jarl22 _VERSION_GetPointerToDescriptorBlock , lp 
000000a6 bfffbeff*       233 <EXPANSION END>
                         234 --line277
                         235 ..lin.C.3A.5C_ECU2.5CECU_Rivian_A1.5CTarget.5Crepo_projects.5CpFOTA.5CcL_LATEST.5Cmake.5Cobj.5Cversion.13::
                         236 .LDWlin13:
000000aa 8a370100        237 	ld.bu	0[r10],r6
                         238 	jarl	_VERSION_ucDecimalToBcd,lp
                         238 <EXPANSION BEGIN>
                         238 jarl22 _VERSION_ucDecimalToBcd , lp 
000000ae bfffc8ff*       238 <EXPANSION END>
000000b2 5c570000        239 	st.b	r10,0[r28]
                         240 .L342:
                         241 --line277
                         242 ..lin.C.3A.5C_ECU2.5CECU_Rivian_A1.5CTarget.5Crepo_projects.5CpFOTA.5CcL_LATEST.5Cmake.5Cobj.5Cversion.14::
                         243 .LDWlin14:
000000b6 1d50            244 	mov	r29,r10
                         245 --	    .ef
                         246 .LDW02:
000000b8 4006ff00        247 	dispose	0,{r28,r29,r31},[lp]
                         248 	.type	_VERSION_GetSchemaVersion,@function
                         249 	.size	_VERSION_GetSchemaVersion,.-_VERSION_GetSchemaVersion
                         250 	.type	_VERSION_GetSchemaVersion..C.3A.5C_ECU2.5CECU_Rivian_A1.5CTarget.5Crepo_projects.5CpFOTA.5CcL_LATEST.5Cmake.5Cobj.5Cversion.,@function
                         251 	.size	_VERSION_GetSchemaVersion..C.3A.5C_ECU2.5CECU_Rivian_A1.5CTarget.5Crepo_projects.5CpFOTA.5CcL_LATEST.5Cmake.5Cobj.5Cversion.,.-_VERSION_GetSchemaVersion..C.3A.5C_ECU2.5CECU_Rivian_A1.5CTarget.5Crepo_projects.5CpFOTA.5CcL_LATEST.5Cmake.5Cobj.5Cversion.
                         252 	.align	2
                         253 .LDW12:
                         254 
                         255 --_pBuffer	r28	param
                         256 --_ucLen	r29	param
                         257 --_ucApplFbl	r8	param
                         258 
                         259 	.section ".bss","awb"
                         260 .L368:
                         261 	.type	.L368,@object
                         262 	.size	.L368,0
                         263 	.data
                         264 	.text
                         265 	.align	2
                         266 	.align	2
                         267 ..gh.f.f.1.e.4:
                         268 	.type	..gh.f.f.1.e.4,@object
                         269 	.size	..gh.f.f.1.e.4,0
                         270 	.global	_VERSION_GetComponentId

                                                                      Page 6
                                                              C:\Users\nhuliyap\AppData\Local\Temp\gh_0000aes1.s
                         271 _VERSION_GetComponentId:
000000bc 80076100        272 	prepare	{r29,r31},0
000000c0 8700            273 	zxb	r7
                         274 --	    .bf
                         275 .LDW22:
000000c2 623a            276 	cmp	2,r7
000000c4 e10d*           277 	bl	.L406
000000c6 06e8            278 	mov	r6,r29
000000c8 8800            279 	zxb	r8
                         280 --line173
                         281 ..lin.C.3A.5C_ECU2.5CECU_Rivian_A1.5CTarget.5Crepo_projects.5CpFOTA.5CcL_LATEST.5Cmake.5Cobj.5Cversion.15::
                         282 .LDWlin15:
000000ca 0830            283 	mov	r8,r6
                         284 	jarl	_VERSION_GetPointerToDescriptorBlock,lp
                         284 <EXPANSION BEGIN>
                         284 jarl22 _VERSION_GetPointerToDescriptorBlock , lp 
000000cc bfff98ff*       284 <EXPANSION END>
                         285 --line174
                         286 ..lin.C.3A.5C_ECU2.5CECU_Rivian_A1.5CTarget.5Crepo_projects.5CpFOTA.5CcL_LATEST.5Cmake.5Cobj.5Cversion.16::
                         287 .LDWlin16:
000000d0 1df0            288 	mov	r29,ep
000000d2 8003            289 	sst.b	zero,0[ep]
000000d4 8a9f0300        290 	ld.bu	2[r10],r19
000000d8 0252            291 	mov	2,r10
000000da 819b            292 	sst.b	r19,1[ep]
000000dc 40067f00        293 	dispose	0,{r29,r31},[lp]
                         294 .L406:
                         295 --line179
                         296 ..lin.C.3A.5C_ECU2.5CECU_Rivian_A1.5CTarget.5Crepo_projects.5CpFOTA.5CcL_LATEST.5Cmake.5Cobj.5Cversion.17::
                         297 .LDWlin17:
000000e0 0052            298 	mov	0,r10
                         299 --	    .ef
                         300 .LDW32:
000000e2 40067f00        301 	dispose	0,{r29,r31},[lp]
                         302 	.type	_VERSION_GetComponentId,@function
                         303 	.size	_VERSION_GetComponentId,.-_VERSION_GetComponentId
                         304 	.align	2
                         305 .LDW42:
                         306 
                         307 --_pBuffer	r29	param
                         308 --_ucLen	r7	param
                         309 --_ucApplFbl	r8	param
                         310 
                         311 	.section ".bss","awb"
                         312 .L443:
                         313 	.type	.L443,@object
                         314 	.size	.L443,0
                         315 	.data
                         316 	.text
                         317 	.align	2
                         318 	.align	2
                         319 ..gh.f.f.1.e.5:
                         320 	.type	..gh.f.f.1.e.5,@object
                         321 	.size	..gh.f.f.1.e.5,0
                         322 	.global	_VERSION_GetPcbaId
                         323 _VERSION_GetPcbaId:
000000e6 80076100        324 	prepare	{r29,r31},0
                         325 --	    .bf
                         326 .LDW52:
000000ea c73eff00        327 	andi	255,r7,r7
000000ee f20d*           328 	be	.L487

                                                                      Page 7
                                                              C:\Users\nhuliyap\AppData\Local\Temp\gh_0000aes1.s
000000f0 06e8            329 	mov	r6,r29
000000f2 8800            330 	zxb	r8
                         331 --line187
                         332 ..lin.C.3A.5C_ECU2.5CECU_Rivian_A1.5CTarget.5Crepo_projects.5CpFOTA.5CcL_LATEST.5Cmake.5Cobj.5Cversion.18::
                         333 .LDWlin18:
000000f4 0830            334 	mov	r8,r6
                         335 	jarl	_VERSION_GetPointerToDescriptorBlock,lp
                         335 <EXPANSION BEGIN>
                         335 jarl22 _VERSION_GetPointerToDescriptorBlock , lp 
000000f6 bfff6eff*       335 <EXPANSION END>
                         336 --line188
                         337 ..lin.C.3A.5C_ECU2.5CECU_Rivian_A1.5CTarget.5Crepo_projects.5CpFOTA.5CcL_LATEST.5Cmake.5Cobj.5Cversion.19::
                         338 .LDWlin19:
000000fa 1d30            339 	mov	r29,r6
000000fc 0a3e0400        340 	addi	4,r10,r7
00000100 0142            341 	mov	1,r8
                         342 	jarl	_ownmemcpy,lp
                         342 <EXPANSION BEGIN>
                         342 jarl22 _ownmemcpy , lp 
00000102 80ff0000*       342 <EXPANSION END>
                         343 --line189
                         344 ..lin.C.3A.5C_ECU2.5CECU_Rivian_A1.5CTarget.5Crepo_projects.5CpFOTA.5CcL_LATEST.5Cmake.5Cobj.5Cversion.20::
                         345 .LDWlin20:
00000106 0152            346 	mov	1,r10
00000108 40067f00        347 	dispose	0,{r29,r31},[lp]
                         348 .L487:
                         349 --line192
                         350 ..lin.C.3A.5C_ECU2.5CECU_Rivian_A1.5CTarget.5Crepo_projects.5CpFOTA.5CcL_LATEST.5Cmake.5Cobj.5Cversion.21::
                         351 .LDWlin21:
0000010c 0750            352 	mov	r7,r10
                         353 --	    .ef
                         354 .LDW62:
0000010e 40067f00        355 	dispose	0,{r29,r31},[lp]
                         356 	.type	_VERSION_GetPcbaId,@function
                         357 	.size	_VERSION_GetPcbaId,.-_VERSION_GetPcbaId
                         358 	.align	2
                         359 .LDW72:
                         360 
                         361 --_pBuffer	r29	param
                         362 --_ucLen	r7	param
                         363 --_ucApplFbl	r8	param
                         364 
                         365 	.section ".bss","awb"
                         366 .L593:
                         367 	.type	.L593,@object
                         368 	.size	.L593,0
                         369 	.data
                         370 	.text
                         371 	.align	2
                         372 	.align	2
                         373 ..gh.f.f.1.e.6:
                         374 	.type	..gh.f.f.1.e.6,@object
                         375 	.size	..gh.f.f.1.e.6,0
                         376 	.global	_VERSION_GetAuxId
                         377 _VERSION_GetAuxId:
00000112 80076100        378 	prepare	{r29,r31},0
                         379 --	    .bf
                         380 .LDW82:
00000116 c73eff00        381 	andi	255,r7,r7
0000011a f20d*           382 	be	.L637
0000011c 06e8            383 	mov	r6,r29

                                                                      Page 8
                                                              C:\Users\nhuliyap\AppData\Local\Temp\gh_0000aes1.s
0000011e 8800            384 	zxb	r8
                         385 --line200
                         386 ..lin.C.3A.5C_ECU2.5CECU_Rivian_A1.5CTarget.5Crepo_projects.5CpFOTA.5CcL_LATEST.5Cmake.5Cobj.5Cversion.22::
                         387 .LDWlin22:
00000120 0830            388 	mov	r8,r6
                         389 	jarl	_VERSION_GetPointerToDescriptorBlock,lp
                         389 <EXPANSION BEGIN>
                         389 jarl22 _VERSION_GetPointerToDescriptorBlock , lp 
00000122 bfff42ff*       389 <EXPANSION END>
                         390 --line201
                         391 ..lin.C.3A.5C_ECU2.5CECU_Rivian_A1.5CTarget.5Crepo_projects.5CpFOTA.5CcL_LATEST.5Cmake.5Cobj.5Cversion.23::
                         392 .LDWlin23:
00000126 1d30            393 	mov	r29,r6
00000128 0a3e0500        394 	addi	5,r10,r7
0000012c 0142            395 	mov	1,r8
                         396 	jarl	_ownmemcpy,lp
                         396 <EXPANSION BEGIN>
                         396 jarl22 _ownmemcpy , lp 
0000012e 80ff0000*       396 <EXPANSION END>
                         397 --line202
                         398 ..lin.C.3A.5C_ECU2.5CECU_Rivian_A1.5CTarget.5Crepo_projects.5CpFOTA.5CcL_LATEST.5Cmake.5Cobj.5Cversion.24::
                         399 .LDWlin24:
00000132 0152            400 	mov	1,r10
00000134 40067f00        401 	dispose	0,{r29,r31},[lp]
                         402 .L637:
                         403 --line205
                         404 ..lin.C.3A.5C_ECU2.5CECU_Rivian_A1.5CTarget.5Crepo_projects.5CpFOTA.5CcL_LATEST.5Cmake.5Cobj.5Cversion.25::
                         405 .LDWlin25:
00000138 0750            406 	mov	r7,r10
                         407 --	    .ef
                         408 .LDW92:
0000013a 40067f00        409 	dispose	0,{r29,r31},[lp]
                         410 	.type	_VERSION_GetAuxId,@function
                         411 	.size	_VERSION_GetAuxId,.-_VERSION_GetAuxId
                         412 	.align	2
                         413 .LDW03:
                         414 
                         415 --_pBuffer	r29	param
                         416 --_ucLen	r7	param
                         417 --_ucApplFbl	r8	param
                         418 
                         419 	.section ".bss","awb"
                         420 .L753:
                         421 	.type	.L753,@object
                         422 	.size	.L753,0
                         423 	.data
                         424 	.text
                         425 	.align	2
                         426 	.align	2
                         427 ..gh.f.f.1.e.7:
                         428 	.type	..gh.f.f.1.e.7,@object
                         429 	.size	..gh.f.f.1.e.7,0
                         430 	.global	_VERSION_GetModeId
                         431 _VERSION_GetModeId:
0000013e 80076100        432 	prepare	{r29,r31},0
00000142 8700            433 	zxb	r7
                         434 --	    .bf
                         435 .LDW13:
00000144 623a            436 	cmp	2,r7
00000146 f10d*           437 	bl	.L797
00000148 06e8            438 	mov	r6,r29

                                                                      Page 9
                                                              C:\Users\nhuliyap\AppData\Local\Temp\gh_0000aes1.s
0000014a 8800            439 	zxb	r8
                         440 --line213
                         441 ..lin.C.3A.5C_ECU2.5CECU_Rivian_A1.5CTarget.5Crepo_projects.5CpFOTA.5CcL_LATEST.5Cmake.5Cobj.5Cversion.26::
                         442 .LDWlin26:
0000014c 0830            443 	mov	r8,r6
                         444 	jarl	_VERSION_GetPointerToDescriptorBlock,lp
                         444 <EXPANSION BEGIN>
                         444 jarl22 _VERSION_GetPointerToDescriptorBlock , lp 
0000014e bfff16ff*       444 <EXPANSION END>
                         445 --line214
                         446 ..lin.C.3A.5C_ECU2.5CECU_Rivian_A1.5CTarget.5Crepo_projects.5CpFOTA.5CcL_LATEST.5Cmake.5Cobj.5Cversion.27::
                         447 .LDWlin27:
00000152 1d30            448 	mov	r29,r6
00000154 0a3e0600        449 	addi	6,r10,r7
00000158 0242            450 	mov	2,r8
                         451 	jarl	_ownmemcpy,lp
                         451 <EXPANSION BEGIN>
                         451 jarl22 _ownmemcpy , lp 
0000015a 80ff0000*       451 <EXPANSION END>
                         452 --line215
                         453 ..lin.C.3A.5C_ECU2.5CECU_Rivian_A1.5CTarget.5Crepo_projects.5CpFOTA.5CcL_LATEST.5Cmake.5Cobj.5Cversion.28::
                         454 .LDWlin28:
0000015e 0252            455 	mov	2,r10
00000160 40067f00        456 	dispose	0,{r29,r31},[lp]
                         457 .L797:
                         458 --line218
                         459 ..lin.C.3A.5C_ECU2.5CECU_Rivian_A1.5CTarget.5Crepo_projects.5CpFOTA.5CcL_LATEST.5Cmake.5Cobj.5Cversion.29::
                         460 .LDWlin29:
00000164 0052            461 	mov	0,r10
                         462 --	    .ef
                         463 .LDW23:
00000166 40067f00        464 	dispose	0,{r29,r31},[lp]
                         465 	.type	_VERSION_GetModeId,@function
                         466 	.size	_VERSION_GetModeId,.-_VERSION_GetModeId
                         467 	.align	2
                         468 .LDW33:
                         469 
                         470 --_pBuffer	r29	param
                         471 --_ucLen	r7	param
                         472 --_ucApplFbl	r8	param
                         473 
                         474 	.section ".bss","awb"
                         475 .L848:
                         476 	.type	.L848,@object
                         477 	.size	.L848,0
                         478 	.data
                         479 	.text
                         480 	.align	2
                         481 	.align	2
                         482 ..gh.f.f.1.e.8:
                         483 	.type	..gh.f.f.1.e.8,@object
                         484 	.size	..gh.f.f.1.e.8,0
                         485 	.global	_VERSION_GetProgType..C.3A.5C_ECU2.5CECU_Rivian_A1.5CTarget.5Crepo_projects.5CpFOTA.5CcL_LATEST.5Cmake.5Cobj.5Cversion.
                         486 _VERSION_GetProgType..C.3A.5C_ECU2.5CECU_Rivian_A1.5CTarget.5Crepo_projects.5CpFOTA.5CcL_LATEST.5Cmake.5Cobj.5Cversion.:
                         487 _VERSION_GetProgType:
0000016a 8007e100        488 	prepare	{r28,r29,r31},0
0000016e 06e0            489 	mov	r6,r28
00000170 8800            490 	zxb	r8
                         491 --	    .bf
                         492 .LDW43:
00000172 c7eeff00        493 	andi	255,r7,r29

                                                                      Page 10
                                                              C:\Users\nhuliyap\AppData\Local\Temp\gh_0000aes1.s
00000176 a20d*           494 	be	.L918
                         495 --line289
                         496 ..lin.C.3A.5C_ECU2.5CECU_Rivian_A1.5CTarget.5Crepo_projects.5CpFOTA.5CcL_LATEST.5Cmake.5Cobj.5Cversion.30::
                         497 .LDWlin30:
00000178 0830            498 	mov	r8,r6
                         499 	jarl	_VERSION_GetPointerToDescriptorBlock,lp
                         499 <EXPANSION BEGIN>
                         499 jarl22 _VERSION_GetPointerToDescriptorBlock , lp 
0000017a bfffeafe*       499 <EXPANSION END>
                         500 --line290
                         501 ..lin.C.3A.5C_ECU2.5CECU_Rivian_A1.5CTarget.5Crepo_projects.5CpFOTA.5CcL_LATEST.5Cmake.5Cobj.5Cversion.31::
                         502 .LDWlin31:
0000017e 8a371100        503 	ld.bu	16[r10],r6
                         504 	jarl	_VERSION_ucDecimalToBcd,lp
                         504 <EXPANSION BEGIN>
                         504 jarl22 _VERSION_ucDecimalToBcd , lp 
00000182 bffff4fe*       504 <EXPANSION END>
00000186 5c570000        505 	st.b	r10,0[r28]
                         506 .L918:
                         507 --line290
                         508 ..lin.C.3A.5C_ECU2.5CECU_Rivian_A1.5CTarget.5Crepo_projects.5CpFOTA.5CcL_LATEST.5Cmake.5Cobj.5Cversion.32::
                         509 .LDWlin32:
0000018a 1d50            510 	mov	r29,r10
                         511 --	    .ef
                         512 .LDW53:
0000018c 4006ff00        513 	dispose	0,{r28,r29,r31},[lp]
                         514 	.type	_VERSION_GetProgType,@function
                         515 	.size	_VERSION_GetProgType,.-_VERSION_GetProgType
                         516 	.type	_VERSION_GetProgType..C.3A.5C_ECU2.5CECU_Rivian_A1.5CTarget.5Crepo_projects.5CpFOTA.5CcL_LATEST.5Cmake.5Cobj.5Cversion.,@function
                         517 	.size	_VERSION_GetProgType..C.3A.5C_ECU2.5CECU_Rivian_A1.5CTarget.5Crepo_projects.5CpFOTA.5CcL_LATEST.5Cmake.5Cobj.5Cversion.,.-_VERSION_GetProgType..C.3A.5C_ECU2.5CECU_Rivian_A1.5CTarget.5Crepo_projects.5CpFOTA.5CcL_LATEST.5Cmake.5Cobj.5Cversion.
                         518 	.align	2
                         519 .LDW63:
                         520 
                         521 --_pBuffer	r28	param
                         522 --_ucLen	r29	param
                         523 --_ucApplFbl	r8	param
                         524 
                         525 	.section ".bss","awb"
                         526 .L944:
                         527 	.type	.L944,@object
                         528 	.size	.L944,0
                         529 	.data
                         530 	.text
                         531 	.align	2
                         532 	.align	2
                         533 ..gh.f.f.1.e.9:
                         534 	.type	..gh.f.f.1.e.9,@object
                         535 	.size	..gh.f.f.1.e.9,0
                         536 	.global	_VERSION_GetIndex..C.3A.5C_ECU2.5CECU_Rivian_A1.5CTarget.5Crepo_projects.5CpFOTA.5CcL_LATEST.5Cmake.5Cobj.5Cversion.
                         537 _VERSION_GetIndex..C.3A.5C_ECU2.5CECU_Rivian_A1.5CTarget.5Crepo_projects.5CpFOTA.5CcL_LATEST.5Cmake.5Cobj.5Cversion.:
                         538 _VERSION_GetIndex:
00000190 8007e100        539 	prepare	{r28,r29,r31},0
00000194 06e0            540 	mov	r6,r28
00000196 8800            541 	zxb	r8
                         542 --	    .bf
                         543 .LDW73:
00000198 c7eeff00        544 	andi	255,r7,r29
0000019c a20d*           545 	be	.L1014
                         546 --line342
                         547 ..lin.C.3A.5C_ECU2.5CECU_Rivian_A1.5CTarget.5Crepo_projects.5CpFOTA.5CcL_LATEST.5Cmake.5Cobj.5Cversion.33::
                         548 .LDWlin33:

                                                                      Page 11
                                                              C:\Users\nhuliyap\AppData\Local\Temp\gh_0000aes1.s
0000019e 0830            549 	mov	r8,r6
                         550 	jarl	_VERSION_GetPointerToDescriptorBlock,lp
                         550 <EXPANSION BEGIN>
                         550 jarl22 _VERSION_GetPointerToDescriptorBlock , lp 
000001a0 bfffc4fe*       550 <EXPANSION END>
                         551 --line343
                         552 ..lin.C.3A.5C_ECU2.5CECU_Rivian_A1.5CTarget.5Crepo_projects.5CpFOTA.5CcL_LATEST.5Cmake.5Cobj.5Cversion.34::
                         553 .LDWlin34:
000001a4 8a372500        554 	ld.bu	36[r10],r6
                         555 	jarl	_VERSION_ucDecimalToBcd,lp
                         555 <EXPANSION BEGIN>
                         555 jarl22 _VERSION_ucDecimalToBcd , lp 
000001a8 bfffcefe*       555 <EXPANSION END>
000001ac 5c570000        556 	st.b	r10,0[r28]
                         557 .L1014:
                         558 --line343
                         559 ..lin.C.3A.5C_ECU2.5CECU_Rivian_A1.5CTarget.5Crepo_projects.5CpFOTA.5CcL_LATEST.5Cmake.5Cobj.5Cversion.35::
                         560 .LDWlin35:
000001b0 1d50            561 	mov	r29,r10
                         562 --	    .ef
                         563 .LDW83:
000001b2 4006ff00        564 	dispose	0,{r28,r29,r31},[lp]
                         565 	.type	_VERSION_GetIndex,@function
                         566 	.size	_VERSION_GetIndex,.-_VERSION_GetIndex
                         567 	.type	_VERSION_GetIndex..C.3A.5C_ECU2.5CECU_Rivian_A1.5CTarget.5Crepo_projects.5CpFOTA.5CcL_LATEST.5Cmake.5Cobj.5Cversion.,@function
                         568 	.size	_VERSION_GetIndex..C.3A.5C_ECU2.5CECU_Rivian_A1.5CTarget.5Crepo_projects.5CpFOTA.5CcL_LATEST.5Cmake.5Cobj.5Cversion.,.-_VERSION_GetIndex..C.3A.5C_ECU2.5CECU_Rivian_A1.5CTarget.5Crepo_projects.5CpFOTA.5CcL_LATEST.5Cmake.5Cobj.5Cversion.
                         569 	.align	2
                         570 .LDW93:
                         571 
                         572 --_pBuffer	r28	param
                         573 --_ucLen	r29	param
                         574 --_ucApplFbl	r8	param
                         575 
                         576 	.section ".bss","awb"
                         577 .L1040:
                         578 	.type	.L1040,@object
                         579 	.size	.L1040,0
                         580 	.data
                         581 	.text
                         582 	.align	2
                         583 	.align	2
                         584 ..gh.f.f.1.e.10:
                         585 	.type	..gh.f.f.1.e.10,@object
                         586 	.size	..gh.f.f.1.e.10,0
                         587 	.global	_VERSION_GetMajor..C.3A.5C_ECU2.5CECU_Rivian_A1.5CTarget.5Crepo_projects.5CpFOTA.5CcL_LATEST.5Cmake.5Cobj.5Cversion.
                         588 _VERSION_GetMajor..C.3A.5C_ECU2.5CECU_Rivian_A1.5CTarget.5Crepo_projects.5CpFOTA.5CcL_LATEST.5Cmake.5Cobj.5Cversion.:
                         589 _VERSION_GetMajor:
000001b6 8007e100        590 	prepare	{r28,r29,r31},0
000001ba 06e0            591 	mov	r6,r28
000001bc 8800            592 	zxb	r8
                         593 --	    .bf
                         594 .LDW04:
000001be c7eeff00        595 	andi	255,r7,r29
000001c2 a20d*           596 	be	.L1110
                         597 --line302
                         598 ..lin.C.3A.5C_ECU2.5CECU_Rivian_A1.5CTarget.5Crepo_projects.5CpFOTA.5CcL_LATEST.5Cmake.5Cobj.5Cversion.36::
                         599 .LDWlin36:
000001c4 0830            600 	mov	r8,r6
                         601 	jarl	_VERSION_GetPointerToDescriptorBlock,lp
                         601 <EXPANSION BEGIN>
                         601 jarl22 _VERSION_GetPointerToDescriptorBlock , lp 

                                                                      Page 12
                                                              C:\Users\nhuliyap\AppData\Local\Temp\gh_0000aes1.s
000001c6 bfff9efe*       601 <EXPANSION END>
                         602 --line303
                         603 ..lin.C.3A.5C_ECU2.5CECU_Rivian_A1.5CTarget.5Crepo_projects.5CpFOTA.5CcL_LATEST.5Cmake.5Cobj.5Cversion.37::
                         604 .LDWlin37:
000001ca 8a372100        605 	ld.bu	32[r10],r6
                         606 	jarl	_VERSION_ucDecimalToBcd,lp
                         606 <EXPANSION BEGIN>
                         606 jarl22 _VERSION_ucDecimalToBcd , lp 
000001ce bfffa8fe*       606 <EXPANSION END>
000001d2 5c570000        607 	st.b	r10,0[r28]
                         608 .L1110:
                         609 --line303
                         610 ..lin.C.3A.5C_ECU2.5CECU_Rivian_A1.5CTarget.5Crepo_projects.5CpFOTA.5CcL_LATEST.5Cmake.5Cobj.5Cversion.38::
                         611 .LDWlin38:
000001d6 1d50            612 	mov	r29,r10
                         613 --	    .ef
                         614 .LDW14:
000001d8 4006ff00        615 	dispose	0,{r28,r29,r31},[lp]
                         616 	.type	_VERSION_GetMajor,@function
                         617 	.size	_VERSION_GetMajor,.-_VERSION_GetMajor
                         618 	.type	_VERSION_GetMajor..C.3A.5C_ECU2.5CECU_Rivian_A1.5CTarget.5Crepo_projects.5CpFOTA.5CcL_LATEST.5Cmake.5Cobj.5Cversion.,@function
                         619 	.size	_VERSION_GetMajor..C.3A.5C_ECU2.5CECU_Rivian_A1.5CTarget.5Crepo_projects.5CpFOTA.5CcL_LATEST.5Cmake.5Cobj.5Cversion.,.-_VERSION_GetMajor..C.3A.5C_ECU2.5CECU_Rivian_A1.5CTarget.5Crepo_projects.5CpFOTA.5CcL_LATEST.5Cmake.5Cobj.5Cversion.
                         620 	.align	2
                         621 .LDW24:
                         622 
                         623 --_pBuffer	r28	param
                         624 --_ucLen	r29	param
                         625 --_ucApplFbl	r8	param
                         626 
                         627 	.section ".bss","awb"
                         628 .L1136:
                         629 	.type	.L1136,@object
                         630 	.size	.L1136,0
                         631 	.data
                         632 	.text
                         633 	.align	2
                         634 	.align	2
                         635 ..gh.f.f.1.e.11:
                         636 	.type	..gh.f.f.1.e.11,@object
                         637 	.size	..gh.f.f.1.e.11,0
                         638 	.global	_VERSION_GetMinor..C.3A.5C_ECU2.5CECU_Rivian_A1.5CTarget.5Crepo_projects.5CpFOTA.5CcL_LATEST.5Cmake.5Cobj.5Cversion.
                         639 _VERSION_GetMinor..C.3A.5C_ECU2.5CECU_Rivian_A1.5CTarget.5Crepo_projects.5CpFOTA.5CcL_LATEST.5Cmake.5Cobj.5Cversion.:
                         640 _VERSION_GetMinor:
000001dc 8007e100        641 	prepare	{r28,r29,r31},0
000001e0 06e0            642 	mov	r6,r28
000001e2 8800            643 	zxb	r8
                         644 --	    .bf
                         645 .LDW34:
000001e4 c7eeff00        646 	andi	255,r7,r29
000001e8 a20d*           647 	be	.L1206
                         648 --line315
                         649 ..lin.C.3A.5C_ECU2.5CECU_Rivian_A1.5CTarget.5Crepo_projects.5CpFOTA.5CcL_LATEST.5Cmake.5Cobj.5Cversion.39::
                         650 .LDWlin39:
000001ea 0830            651 	mov	r8,r6
                         652 	jarl	_VERSION_GetPointerToDescriptorBlock,lp
                         652 <EXPANSION BEGIN>
                         652 jarl22 _VERSION_GetPointerToDescriptorBlock , lp 
000001ec bfff78fe*       652 <EXPANSION END>
                         653 --line316
                         654 ..lin.C.3A.5C_ECU2.5CECU_Rivian_A1.5CTarget.5Crepo_projects.5CpFOTA.5CcL_LATEST.5Cmake.5Cobj.5Cversion.40::
                         655 .LDWlin40:

                                                                      Page 13
                                                              C:\Users\nhuliyap\AppData\Local\Temp\gh_0000aes1.s
000001f0 aa372100        656 	ld.bu	33[r10],r6
                         657 	jarl	_VERSION_ucDecimalToBcd,lp
                         657 <EXPANSION BEGIN>
                         657 jarl22 _VERSION_ucDecimalToBcd , lp 
000001f4 bfff82fe*       657 <EXPANSION END>
000001f8 5c570000        658 	st.b	r10,0[r28]
                         659 .L1206:
                         660 --line316
                         661 ..lin.C.3A.5C_ECU2.5CECU_Rivian_A1.5CTarget.5Crepo_projects.5CpFOTA.5CcL_LATEST.5Cmake.5Cobj.5Cversion.41::
                         662 .LDWlin41:
000001fc 1d50            663 	mov	r29,r10
                         664 --	    .ef
                         665 .LDW44:
000001fe 4006ff00        666 	dispose	0,{r28,r29,r31},[lp]
                         667 	.type	_VERSION_GetMinor,@function
                         668 	.size	_VERSION_GetMinor,.-_VERSION_GetMinor
                         669 	.type	_VERSION_GetMinor..C.3A.5C_ECU2.5CECU_Rivian_A1.5CTarget.5Crepo_projects.5CpFOTA.5CcL_LATEST.5Cmake.5Cobj.5Cversion.,@function
                         670 	.size	_VERSION_GetMinor..C.3A.5C_ECU2.5CECU_Rivian_A1.5CTarget.5Crepo_projects.5CpFOTA.5CcL_LATEST.5Cmake.5Cobj.5Cversion.,.-_VERSION_GetMinor..C.3A.5C_ECU2.5CECU_Rivian_A1.5CTarget.5Crepo_projects.5CpFOTA.5CcL_LATEST.5Cmake.5Cobj.5Cversion.
                         671 	.align	2
                         672 .LDW54:
                         673 
                         674 --_pBuffer	r28	param
                         675 --_ucLen	r29	param
                         676 --_ucApplFbl	r8	param
                         677 
                         678 	.section ".bss","awb"
                         679 .L1232:
                         680 	.type	.L1232,@object
                         681 	.size	.L1232,0
                         682 	.data
                         683 	.text
                         684 	.align	2
                         685 	.align	2
                         686 ..gh.f.f.1.e.12:
                         687 	.type	..gh.f.f.1.e.12,@object
                         688 	.size	..gh.f.f.1.e.12,0
                         689 	.global	_VERSION_GetMicro..C.3A.5C_ECU2.5CECU_Rivian_A1.5CTarget.5Crepo_projects.5CpFOTA.5CcL_LATEST.5Cmake.5Cobj.5Cversion.
                         690 _VERSION_GetMicro..C.3A.5C_ECU2.5CECU_Rivian_A1.5CTarget.5Crepo_projects.5CpFOTA.5CcL_LATEST.5Cmake.5Cobj.5Cversion.:
                         691 _VERSION_GetMicro:
00000202 8007e100        692 	prepare	{r28,r29,r31},0
00000206 8700            693 	zxb	r7
                         694 --	    .bf
                         695 .LDW64:
00000208 623a            696 	cmp	2,r7
0000020a b125*           697 	bl	.L1270
0000020c 06e0            698 	mov	r6,r28
0000020e 8800            699 	zxb	r8
                         700 --line328
                         701 ..lin.C.3A.5C_ECU2.5CECU_Rivian_A1.5CTarget.5Crepo_projects.5CpFOTA.5CcL_LATEST.5Cmake.5Cobj.5Cversion.42::
                         702 .LDWlin42:
00000210 0830            703 	mov	r8,r6
                         704 	jarl	_VERSION_GetPointerToDescriptorBlock,lp
                         704 <EXPANSION BEGIN>
                         704 jarl22 _VERSION_GetPointerToDescriptorBlock , lp 
00000212 bfff52fe*       704 <EXPANSION END>
                         705 --line329
                         706 ..lin.C.3A.5C_ECU2.5CECU_Rivian_A1.5CTarget.5Crepo_projects.5CpFOTA.5CcL_LATEST.5Cmake.5Cobj.5Cversion.43::
                         707 .LDWlin43:
00000216 ea3f2300        708 	ld.hu	34[r10],r7
0000021a 30061f85eb51    709 	mov	1374389535,r16
00000220 0ae8            710 	mov	r10,r29

                                                                      Page 14
                                                              C:\Users\nhuliyap\AppData\Local\Temp\gh_0000aes1.s
00000222 e787228a        711 	mulu	r7,r16,r17
00000226 858a            712 	shr	5,r17
00000228 1130            713 	mov	r17,r6
0000022a 8600            714 	zxb	r6
                         715 	jarl	_VERSION_ucDecimalToBcd,lp
                         715 <EXPANSION BEGIN>
                         715 jarl22 _VERSION_ucDecimalToBcd , lp 
0000022c bfff4afe*       715 <EXPANSION END>
00000230 5c570000        716 	st.b	r10,0[r28]
                         717 --line330
                         718 ..lin.C.3A.5C_ECU2.5CECU_Rivian_A1.5CTarget.5Crepo_projects.5CpFOTA.5CcL_LATEST.5Cmake.5Cobj.5Cversion.44::
                         719 .LDWlin44:
00000234 fd7f2300        720 	ld.hu	34[r29],r15
00000238 209e6400        721 	movea	100,zero,r19
0000023c f37ffc32        722 	divq	r19,r15,r6
00000240 8600            723 	zxb	r6
                         724 	jarl	_VERSION_ucDecimalToBcd,lp
                         724 <EXPANSION BEGIN>
                         724 jarl22 _VERSION_ucDecimalToBcd , lp 
00000242 bfff34fe*       724 <EXPANSION END>
00000246 5c570100        725 	st.b	r10,1[r28]
                         726 --line331
                         727 ..lin.C.3A.5C_ECU2.5CECU_Rivian_A1.5CTarget.5Crepo_projects.5CpFOTA.5CcL_LATEST.5Cmake.5Cobj.5Cversion.45::
                         728 .LDWlin45:
0000024a 0252            729 	mov	2,r10
0000024c 4006ff00        730 	dispose	0,{r28,r29,r31},[lp]
                         731 .L1270:
                         732 --line334
                         733 ..lin.C.3A.5C_ECU2.5CECU_Rivian_A1.5CTarget.5Crepo_projects.5CpFOTA.5CcL_LATEST.5Cmake.5Cobj.5Cversion.46::
                         734 .LDWlin46:
00000250 0052            735 	mov	0,r10
                         736 --	    .ef
                         737 .LDW74:
00000252 4006ff00        738 	dispose	0,{r28,r29,r31},[lp]
                         739 	.type	_VERSION_GetMicro,@function
                         740 	.size	_VERSION_GetMicro,.-_VERSION_GetMicro
                         741 	.type	_VERSION_GetMicro..C.3A.5C_ECU2.5CECU_Rivian_A1.5CTarget.5Crepo_projects.5CpFOTA.5CcL_LATEST.5Cmake.5Cobj.5Cversion.,@function
                         742 	.size	_VERSION_GetMicro..C.3A.5C_ECU2.5CECU_Rivian_A1.5CTarget.5Crepo_projects.5CpFOTA.5CcL_LATEST.5Cmake.5Cobj.5Cversion.,.-_VERSION_GetMicro..C.3A.5C_ECU2.5CECU_Rivian_A1.5CTarget.5Crepo_projects.5CpFOTA.5CcL_LATEST.5Cmake.5Cobj.5Cversion.
                         743 	.align	2
                         744 .LDW84:
                         745 --_pDescBlock	r29	local
                         746 
                         747 --_pBuffer	r28	param
                         748 --_ucLen	r7	param
                         749 --_ucApplFbl	r8	param
                         750 
                         751 	.section ".bss","awb"
                         752 .L1307:
                         753 	.type	.L1307,@object
                         754 	.size	.L1307,0
                         755 	.data
                         756 	.text
                         757 	.align	2
                         758 	.align	2
                         759 ..gh.f.f.1.e.13:
                         760 	.type	..gh.f.f.1.e.13,@object
                         761 	.size	..gh.f.f.1.e.13,0
                         762 	.global	_VERSION_GetCrc32..C.3A.5C_ECU2.5CECU_Rivian_A1.5CTarget.5Crepo_projects.5CpFOTA.5CcL_LATEST.5Cmake.5Cobj.5Cversion.
                         763 _VERSION_GetCrc32..C.3A.5C_ECU2.5CECU_Rivian_A1.5CTarget.5Crepo_projects.5CpFOTA.5CcL_LATEST.5Cmake.5Cobj.5Cversion.:
                         764 _VERSION_GetCrc32:
00000256 8007e100        765 	prepare	{r28,r29,r31},0

                                                                      Page 15
                                                              C:\Users\nhuliyap\AppData\Local\Temp\gh_0000aes1.s
0000025a 07e8            766 	mov	r7,r29
0000025c 9d00            767 	zxb	r29
                         768 --	    .bf
                         769 .LDW94:
0000025e 64ea            770 	cmp	4,r29
00000260 d10d*           771 	bl	.L1351
00000262 06e0            772 	mov	r6,r28
00000264 8800            773 	zxb	r8
                         774 --line355
                         775 ..lin.C.3A.5C_ECU2.5CECU_Rivian_A1.5CTarget.5Crepo_projects.5CpFOTA.5CcL_LATEST.5Cmake.5Cobj.5Cversion.47::
                         776 .LDWlin47:
00000266 0830            777 	mov	r8,r6
                         778 	jarl	_VERSION_GetPointerToDescriptorBlock,lp
                         778 <EXPANSION BEGIN>
                         778 jarl22 _VERSION_GetPointerToDescriptorBlock , lp 
00000268 bffffcfd*       778 <EXPANSION END>
                         779 --line356
                         780 ..lin.C.3A.5C_ECU2.5CECU_Rivian_A1.5CTarget.5Crepo_projects.5CpFOTA.5CcL_LATEST.5Cmake.5Cobj.5Cversion.48::
                         781 .LDWlin48:
0000026c 1c30            782 	mov	r28,r6
0000026e 0a3edc00        783 	addi	220,r10,r7
00000272 0442            784 	mov	4,r8
                         785 	jarl	_ownmemcpy,lp
                         785 <EXPANSION BEGIN>
                         785 jarl22 _ownmemcpy , lp 
00000274 80ff0000*       785 <EXPANSION END>
                         786 --line357
                         787 ..lin.C.3A.5C_ECU2.5CECU_Rivian_A1.5CTarget.5Crepo_projects.5CpFOTA.5CcL_LATEST.5Cmake.5Cobj.5Cversion.49::
                         788 .LDWlin49:
00000278 a505*           789 	br	.L1349
                         790 .L1351:
                         791 --line360
                         792 ..lin.C.3A.5C_ECU2.5CECU_Rivian_A1.5CTarget.5Crepo_projects.5CpFOTA.5CcL_LATEST.5Cmake.5Cobj.5Cversion.50::
                         793 .LDWlin50:
0000027a 00ea            794 	mov	0,r29
                         795 .L1349:
0000027c 1d50            796 	mov	r29,r10
                         797 --	    .ef
                         798 .LDW05:
0000027e 4006ff00        799 	dispose	0,{r28,r29,r31},[lp]
                         800 	.type	_VERSION_GetCrc32,@function
                         801 	.size	_VERSION_GetCrc32,.-_VERSION_GetCrc32
                         802 	.type	_VERSION_GetCrc32..C.3A.5C_ECU2.5CECU_Rivian_A1.5CTarget.5Crepo_projects.5CpFOTA.5CcL_LATEST.5Cmake.5Cobj.5Cversion.,@function
                         803 	.size	_VERSION_GetCrc32..C.3A.5C_ECU2.5CECU_Rivian_A1.5CTarget.5Crepo_projects.5CpFOTA.5CcL_LATEST.5Cmake.5Cobj.5Cversion.,.-_VERSION_GetCrc32..C.3A.5C_ECU2.5CECU_Rivian_A1.5CTarget.5Crepo_projects.5CpFOTA.5CcL_LATEST.5Cmake.5Cobj.5Cversion.
                         804 	.align	2
                         805 .LDW15:
                         806 
                         807 --_pBuffer	r28	param
                         808 --_ucLen	r29	param
                         809 --_ucApplFbl	r8	param
                         810 
                         811 	.section ".bss","awb"
                         812 .L1392:
                         813 	.type	.L1392,@object
                         814 	.size	.L1392,0
                         815 	.data
                         816 	.text
                         817 	.align	2
                         818 	.align	2
                         819 ..gh.f.f.1.e.14:
                         820 	.type	..gh.f.f.1.e.14,@object

                                                                      Page 16
                                                              C:\Users\nhuliyap\AppData\Local\Temp\gh_0000aes1.s
                         821 	.size	..gh.f.f.1.e.14,0
                         822 	.global	_VERSION_GetEcuProgramInformationPart1
                         823 _VERSION_GetEcuProgramInformationPart1:
00000282 8007e100        824 	prepare	{r28,r29,r31},0
00000286 08e0            825 	mov	r8,r28
00000288 06e8            826 	mov	r6,r29
0000028a 8700            827 	zxb	r7
0000028c 9c00            828 	zxb	r28
                         829 --	    .bf
                         830 .LDW25:
0000028e 0706efff        831 	addi	-17,r7,zero
00000292 0052            832 	mov	0,r10
00000294 8945*           833 	bnl	.L1434
                         834 --line105
                         835 ..lin.C.3A.5C_ECU2.5CECU_Rivian_A1.5CTarget.5Crepo_projects.5CpFOTA.5CcL_LATEST.5Cmake.5Cobj.5Cversion.51::
                         836 .LDWlin51:
00000296 1c40            837 	mov	r28,r8
00000298 013a            838 	mov	1,r7
                         839 	jarl	_VERSION_GetSchemaVersion,lp
                         839 <EXPANSION BEGIN>
                         839 jarl22 _VERSION_GetSchemaVersion , lp 
0000029a bffffcfd*       839 <EXPANSION END>
0000029e cae9            840 	add	r10,r29
                         841 --line106
                         842 ..lin.C.3A.5C_ECU2.5CECU_Rivian_A1.5CTarget.5Crepo_projects.5CpFOTA.5CcL_LATEST.5Cmake.5Cobj.5Cversion.52::
                         843 .LDWlin52:
000002a0 1d30            844 	mov	r29,r6
000002a2 1c40            845 	mov	r28,r8
000002a4 023a            846 	mov	2,r7
                         847 	jarl	_VERSION_GetComponentId,lp
                         847 <EXPANSION BEGIN>
                         847 jarl22 _VERSION_GetComponentId , lp 
000002a6 bfff16fe*       847 <EXPANSION END>
000002aa cae9            848 	add	r10,r29
                         849 --line107
                         850 ..lin.C.3A.5C_ECU2.5CECU_Rivian_A1.5CTarget.5Crepo_projects.5CpFOTA.5CcL_LATEST.5Cmake.5Cobj.5Cversion.53::
                         851 .LDWlin53:
000002ac 1d30            852 	mov	r29,r6
000002ae 1c40            853 	mov	r28,r8
000002b0 013a            854 	mov	1,r7
                         855 	jarl	_VERSION_GetPcbaId,lp
                         855 <EXPANSION BEGIN>
                         855 jarl22 _VERSION_GetPcbaId , lp 
000002b2 bfff34fe*       855 <EXPANSION END>
000002b6 cae9            856 	add	r10,r29
                         857 --line108
                         858 ..lin.C.3A.5C_ECU2.5CECU_Rivian_A1.5CTarget.5Crepo_projects.5CpFOTA.5CcL_LATEST.5Cmake.5Cobj.5Cversion.54::
                         859 .LDWlin54:
000002b8 1d30            860 	mov	r29,r6
000002ba 1c40            861 	mov	r28,r8
000002bc 013a            862 	mov	1,r7
                         863 	jarl	_VERSION_GetAuxId,lp
                         863 <EXPANSION BEGIN>
                         863 jarl22 _VERSION_GetAuxId , lp 
000002be bfff54fe*       863 <EXPANSION END>
000002c2 cae9            864 	add	r10,r29
                         865 --line109
                         866 ..lin.C.3A.5C_ECU2.5CECU_Rivian_A1.5CTarget.5Crepo_projects.5CpFOTA.5CcL_LATEST.5Cmake.5Cobj.5Cversion.55::
                         867 .LDWlin55:
000002c4 1d30            868 	mov	r29,r6
000002c6 1c40            869 	mov	r28,r8

                                                                      Page 17
                                                              C:\Users\nhuliyap\AppData\Local\Temp\gh_0000aes1.s
000002c8 023a            870 	mov	2,r7
                         871 	jarl	_VERSION_GetModeId,lp
                         871 <EXPANSION BEGIN>
                         871 jarl22 _VERSION_GetModeId , lp 
000002ca bfff74fe*       871 <EXPANSION END>
000002ce cae9            872 	add	r10,r29
                         873 --line110
                         874 ..lin.C.3A.5C_ECU2.5CECU_Rivian_A1.5CTarget.5Crepo_projects.5CpFOTA.5CcL_LATEST.5Cmake.5Cobj.5Cversion.56::
                         875 .LDWlin56:
000002d0 1d30            876 	mov	r29,r6
000002d2 1c40            877 	mov	r28,r8
000002d4 013a            878 	mov	1,r7
                         879 	jarl	_VERSION_GetProgType,lp
                         879 <EXPANSION BEGIN>
                         879 jarl22 _VERSION_GetProgType , lp 
000002d6 bfff94fe*       879 <EXPANSION END>
000002da cae9            880 	add	r10,r29
                         881 --line111
                         882 ..lin.C.3A.5C_ECU2.5CECU_Rivian_A1.5CTarget.5Crepo_projects.5CpFOTA.5CcL_LATEST.5Cmake.5Cobj.5Cversion.57::
                         883 .LDWlin57:
000002dc 1d30            884 	mov	r29,r6
000002de 1c40            885 	mov	r28,r8
                         886 	jarl	_VERSION_GetIndex,lp
                         886 <EXPANSION BEGIN>
                         886 jarl22 _VERSION_GetIndex , lp 
000002e0 bfffb0fe*       886 <EXPANSION END>
000002e4 cae9            887 	add	r10,r29
                         888 --line112
                         889 ..lin.C.3A.5C_ECU2.5CECU_Rivian_A1.5CTarget.5Crepo_projects.5CpFOTA.5CcL_LATEST.5Cmake.5Cobj.5Cversion.58::
                         890 .LDWlin58:
000002e6 1d30            891 	mov	r29,r6
000002e8 1c40            892 	mov	r28,r8
                         893 	jarl	_VERSION_GetMajor,lp
                         893 <EXPANSION BEGIN>
                         893 jarl22 _VERSION_GetMajor , lp 
000002ea bfffccfe*       893 <EXPANSION END>
000002ee cae9            894 	add	r10,r29
                         895 --line113
                         896 ..lin.C.3A.5C_ECU2.5CECU_Rivian_A1.5CTarget.5Crepo_projects.5CpFOTA.5CcL_LATEST.5Cmake.5Cobj.5Cversion.59::
                         897 .LDWlin59:
000002f0 1d30            898 	mov	r29,r6
000002f2 1c40            899 	mov	r28,r8
                         900 	jarl	_VERSION_GetMinor,lp
                         900 <EXPANSION BEGIN>
                         900 jarl22 _VERSION_GetMinor , lp 
000002f4 bfffe8fe*       900 <EXPANSION END>
000002f8 cae9            901 	add	r10,r29
                         902 --line114
                         903 ..lin.C.3A.5C_ECU2.5CECU_Rivian_A1.5CTarget.5Crepo_projects.5CpFOTA.5CcL_LATEST.5Cmake.5Cobj.5Cversion.60::
                         904 .LDWlin60:
000002fa 1d30            905 	mov	r29,r6
000002fc 1c40            906 	mov	r28,r8
000002fe 023a            907 	mov	2,r7
                         908 	jarl	_VERSION_GetMicro,lp
                         908 <EXPANSION BEGIN>
                         908 jarl22 _VERSION_GetMicro , lp 
00000300 bfff02ff*       908 <EXPANSION END>
00000304 cae9            909 	add	r10,r29
                         910 --line115
                         911 ..lin.C.3A.5C_ECU2.5CECU_Rivian_A1.5CTarget.5Crepo_projects.5CpFOTA.5CcL_LATEST.5Cmake.5Cobj.5Cversion.61::
                         912 .LDWlin61:

                                                                      Page 18
                                                              C:\Users\nhuliyap\AppData\Local\Temp\gh_0000aes1.s
00000306 1d30            913 	mov	r29,r6
00000308 1c40            914 	mov	r28,r8
0000030a 043a            915 	mov	4,r7
                         916 	jarl	_VERSION_GetCrc32,lp
                         916 <EXPANSION BEGIN>
                         916 jarl22 _VERSION_GetCrc32 , lp 
0000030c bfff4aff*       916 <EXPANSION END>
                         917 --line117
                         918 ..lin.C.3A.5C_ECU2.5CECU_Rivian_A1.5CTarget.5Crepo_projects.5CpFOTA.5CcL_LATEST.5Cmake.5Cobj.5Cversion.62::
                         919 .LDWlin62:
00000310 20561100        920 	movea	17,zero,r10
                         921 .L1434:
                         922 --	    .ef
                         923 .LDW35:
00000314 4006ff00        924 	dispose	0,{r28,r29,r31},[lp]
                         925 	.type	_VERSION_GetEcuProgramInformationPart1,@function
                         926 	.size	_VERSION_GetEcuProgramInformationPart1,.-_VERSION_GetEcuProgramInformationPart1
                         927 	.align	2
                         928 .LDW45:
                         929 
                         930 --_ucData	r29	param
                         931 --_ucLen	r7	param
                         932 --_ucApplFbl	r28	param
                         933 
                         934 	.section ".bss","awb"
                         935 .L1467:
                         936 	.type	.L1467,@object
                         937 	.size	.L1467,0
                         938 	.data
                         939 	.text
                         940 	.align	2
                         941 	.align	2
                         942 ..gh.f.f.1.e.15:
                         943 	.type	..gh.f.f.1.e.15,@object
                         944 	.size	..gh.f.f.1.e.15,0
                         945 	.global	_VERSION_GetHmacSignature
                         946 _VERSION_GetHmacSignature:
00000318 80076100        947 	prepare	{r29,r31},0
0000031c 8700            948 	zxb	r7
                         949 --	    .bf
                         950 .LDW55:
0000031e 0706f0ff        951 	addi	-16,r7,zero
00000322 9915*           952 	bnl	.L1507
00000324 06e8            953 	mov	r6,r29
00000326 8800            954 	zxb	r8
                         955 --line160
                         956 ..lin.C.3A.5C_ECU2.5CECU_Rivian_A1.5CTarget.5Crepo_projects.5CpFOTA.5CcL_LATEST.5Cmake.5Cobj.5Cversion.63::
                         957 .LDWlin63:
00000328 0830            958 	mov	r8,r6
                         959 	jarl	_VERSION_GetPointerToDescriptorBlock,lp
                         959 <EXPANSION BEGIN>
                         959 jarl22 _VERSION_GetPointerToDescriptorBlock , lp 
0000032a bfff3afd*       959 <EXPANSION END>
                         960 --line161
                         961 ..lin.C.3A.5C_ECU2.5CECU_Rivian_A1.5CTarget.5Crepo_projects.5CpFOTA.5CcL_LATEST.5Cmake.5Cobj.5Cversion.64::
                         962 .LDWlin64:
0000032e 1d30            963 	mov	r29,r6
00000330 0a3ee000        964 	addi	224,r10,r7
00000334 20461000        965 	movea	16,zero,r8
                         966 	jarl	_ownmemcpy,lp
                         966 <EXPANSION BEGIN>

                                                                      Page 19
                                                              C:\Users\nhuliyap\AppData\Local\Temp\gh_0000aes1.s
                         966 jarl22 _ownmemcpy , lp 
00000338 80ff0000*       966 <EXPANSION END>
                         967 --line162
                         968 ..lin.C.3A.5C_ECU2.5CECU_Rivian_A1.5CTarget.5Crepo_projects.5CpFOTA.5CcL_LATEST.5Cmake.5Cobj.5Cversion.65::
                         969 .LDWlin65:
0000033c 20561000        970 	movea	16,zero,r10
00000340 40067f00        971 	dispose	0,{r29,r31},[lp]
                         972 .L1507:
                         973 --line165
                         974 ..lin.C.3A.5C_ECU2.5CECU_Rivian_A1.5CTarget.5Crepo_projects.5CpFOTA.5CcL_LATEST.5Cmake.5Cobj.5Cversion.66::
                         975 .LDWlin66:
00000344 0052            976 	mov	0,r10
                         977 --	    .ef
                         978 .LDW65:
00000346 40067f00        979 	dispose	0,{r29,r31},[lp]
                         980 	.type	_VERSION_GetHmacSignature,@function
                         981 	.size	_VERSION_GetHmacSignature,.-_VERSION_GetHmacSignature
                         982 	.align	2
                         983 .LDW75:
                         984 
                         985 --_pBuffer	r29	param
                         986 --_ucLen	r7	param
                         987 --_ucApplFbl	r8	param
                         988 
                         989 	.section ".bss","awb"
                         990 .L1547:
                         991 	.type	.L1547,@object
                         992 	.size	.L1547,0
                         993 	.data
                         994 	.text
                         995 	.align	2
                         996 	.align	2
                         997 ..gh.f.f.1.e.16:
                         998 	.type	..gh.f.f.1.e.16,@object
                         999 	.size	..gh.f.f.1.e.16,0
                        1000 	.global	_VERSION_GetEcuProgramInformationPart2
                        1001 _VERSION_GetEcuProgramInformationPart2:
0000034a 8007e100       1002 	prepare	{r28,r29,r31},0
0000034e 08e0           1003 	mov	r8,r28
00000350 06e8           1004 	mov	r6,r29
00000352 8700           1005 	zxb	r7
00000354 9c00           1006 	zxb	r28
                        1007 --	    .bf
                        1008 .LDW85:
00000356 0706daff       1009 	addi	-38,r7,zero
0000035a 0052           1010 	mov	0,r10
0000035c e91d*          1011 	bnl	.L1589
                        1012 --line128
                        1013 ..lin.C.3A.5C_ECU2.5CECU_Rivian_A1.5CTarget.5Crepo_projects.5CpFOTA.5CcL_LATEST.5Cmake.5Cobj.5Cversion.67::
                        1014 .LDWlin67:
0000035e e0e1           1015 	cmp	zero,r28
00000360 9a0d*          1016 	bne	.L1603
                        1017 --line129
                        1018 ..lin.C.3A.5C_ECU2.5CECU_Rivian_A1.5CTarget.5Crepo_projects.5CpFOTA.5CcL_LATEST.5Cmake.5Cobj.5Cversion.68::
                        1019 .LDWlin68:
                        1020 	jarl	_FEEFBL_GetProgAttemptsCounter,lp
                        1020 <EXPANSION BEGIN>
                        1020 jarl22 _FEEFBL_GetProgAttemptsCounter , lp 
00000362 80ff0000*      1020 <EXPANSION END>
00000366 cae9           1021 	add	r10,r29
                        1022 --line130

                                                                      Page 20
                                                              C:\Users\nhuliyap\AppData\Local\Temp\gh_0000aes1.s
                        1023 ..lin.C.3A.5C_ECU2.5CECU_Rivian_A1.5CTarget.5Crepo_projects.5CpFOTA.5CcL_LATEST.5Cmake.5Cobj.5Cversion.69::
                        1024 .LDWlin69:
00000368 1d30           1025 	mov	r29,r6
                        1026 	jarl	_FEEFBL_GetMaxProgAttemptsCounter,lp
                        1026 <EXPANSION BEGIN>
                        1026 jarl22 _FEEFBL_GetMaxProgAttemptsCounter , lp 
0000036a 80ff0000*      1026 <EXPANSION END>
0000036e cae9           1027 	add	r10,r29
00000370 a505*          1028 	br	.L1597
                        1029 .L1603:
                        1030 --line143
                        1031 ..lin.C.3A.5C_ECU2.5CECU_Rivian_A1.5CTarget.5Crepo_projects.5CpFOTA.5CcL_LATEST.5Cmake.5Cobj.5Cversion.70::
                        1032 .LDWlin70:
00000372 01ea           1033 	mov	1,r29
                        1034 .L1597:
00000374 1d30           1035 	mov	r29,r6
00000376 1c40           1036 	mov	r28,r8
00000378 203e1000       1037 	movea	16,zero,r7
                        1038 	jarl	_VERSION_GetHmacSignature,lp
                        1038 <EXPANSION BEGIN>
                        1038 jarl22 _VERSION_GetHmacSignature , lp 
0000037c bfff9cff*      1038 <EXPANSION END>
00000380 cae9           1039 	add	r10,r29
00000382 0092           1040 	mov	0,r18
                        1041 .L1606:
                        1042 --line150
                        1043 ..lin.C.3A.5C_ECU2.5CECU_Rivian_A1.5CTarget.5Crepo_projects.5CpFOTA.5CcL_LATEST.5Cmake.5Cobj.5Cversion.71::
                        1044 .LDWlin71:
00000384 12f0           1045 	mov	r18,ep
00000386 ddf1           1046 	add	r29,ep
00000388 1f4a           1047 	mov	-1,r9
0000038a 4192           1048 	add	1,r18
0000038c 804b           1049 	sst.b	r9,0[ep]
0000038e 1206f0ff       1050 	addi	-16,r18,zero
00000392 99fd*          1051 	bnl	.L1606
                        1052 --line152
                        1053 ..lin.C.3A.5C_ECU2.5CECU_Rivian_A1.5CTarget.5Crepo_projects.5CpFOTA.5CcL_LATEST.5Cmake.5Cobj.5Cversion.72::
                        1054 .LDWlin72:
00000394 20562600       1055 	movea	38,zero,r10
                        1056 .L1589:
                        1057 --	    .ef
                        1058 .LDW95:
00000398 4006ff00       1059 	dispose	0,{r28,r29,r31},[lp]
                        1060 	.type	_VERSION_GetEcuProgramInformationPart2,@function
                        1061 	.size	_VERSION_GetEcuProgramInformationPart2,.-_VERSION_GetEcuProgramInformationPart2
                        1062 	.align	2
                        1063 .LDW06:
                        1064 --_i	r18	local
                        1065 
                        1066 --_ucData	r29	param
                        1067 --_ucLen	r7	param
                        1068 --_ucApplFbl	r28	param
                        1069 
                        1070 	.section ".bss","awb"
                        1071 .L2055:
                        1072 	.type	.L2055,@object
                        1073 	.size	.L2055,0
                        1074 	.data
                        1075 	.text
                        1076 	.align	2
                        1077 	.align	2

                                                                      Page 21
                                                              C:\Users\nhuliyap\AppData\Local\Temp\gh_0000aes1.s
                        1078 ..gh.f.f.1.e.17:
                        1079 	.type	..gh.f.f.1.e.17,@object
                        1080 	.size	..gh.f.f.1.e.17,0
                        1081 	.global	_VERSION_GetComponentAndSwType
                        1082 _VERSION_GetComponentAndSwType:
0000039c 8007e100       1083 	prepare	{r28,r29,r31},0
000003a0 8700           1084 	zxb	r7
                        1085 --	    .bf
                        1086 .LDW16:
000003a2 633a           1087 	cmp	3,r7
000003a4 c11d*          1088 	bl	.L2140
000003a6 06e0           1089 	mov	r6,r28
000003a8 8800           1090 	zxb	r8
                        1091 --line226
                        1092 ..lin.C.3A.5C_ECU2.5CECU_Rivian_A1.5CTarget.5Crepo_projects.5CpFOTA.5CcL_LATEST.5Cmake.5Cobj.5Cversion.73::
                        1093 .LDWlin73:
000003aa 0830           1094 	mov	r8,r6
                        1095 	jarl	_VERSION_GetPointerToDescriptorBlock,lp
                        1095 <EXPANSION BEGIN>
                        1095 jarl22 _VERSION_GetPointerToDescriptorBlock , lp 
000003ac bfffb8fc*      1095 <EXPANSION END>
                        1096 --line227
                        1097 ..lin.C.3A.5C_ECU2.5CECU_Rivian_A1.5CTarget.5Crepo_projects.5CpFOTA.5CcL_LATEST.5Cmake.5Cobj.5Cversion.74::
                        1098 .LDWlin74:
000003b0 8a370300       1099 	ld.bu	2[r10],r6
000003b4 0ae8           1100 	mov	r10,r29
                        1101 	jarl	_VERSION_ucDecimalToBcd,lp
                        1101 <EXPANSION BEGIN>
                        1101 jarl22 _VERSION_ucDecimalToBcd , lp 
000003b6 bfffc0fc*      1101 <EXPANSION END>
000003ba 5c570000       1102 	st.b	r10,0[r28]
                        1103 --line228
                        1104 ..lin.C.3A.5C_ECU2.5CECU_Rivian_A1.5CTarget.5Crepo_projects.5CpFOTA.5CcL_LATEST.5Cmake.5Cobj.5Cversion.75::
                        1105 .LDWlin75:
000003be 9d370100       1106 	ld.bu	0[r29],r6
                        1107 	jarl	_VERSION_ucDecimalToBcd,lp
                        1107 <EXPANSION BEGIN>
                        1107 jarl22 _VERSION_ucDecimalToBcd , lp 
000003c2 bfffb4fc*      1107 <EXPANSION END>
000003c6 5c570100       1108 	st.b	r10,1[r28]
                        1109 --line229
                        1110 ..lin.C.3A.5C_ECU2.5CECU_Rivian_A1.5CTarget.5Crepo_projects.5CpFOTA.5CcL_LATEST.5Cmake.5Cobj.5Cversion.76::
                        1111 .LDWlin76:
000003ca 9d371100       1112 	ld.bu	16[r29],r6
                        1113 	jarl	_VERSION_ucDecimalToBcd,lp
                        1113 <EXPANSION BEGIN>
                        1113 jarl22 _VERSION_ucDecimalToBcd , lp 
000003ce bfffa8fc*      1113 <EXPANSION END>
000003d2 5c570200       1114 	st.b	r10,2[r28]
                        1115 --line230
                        1116 ..lin.C.3A.5C_ECU2.5CECU_Rivian_A1.5CTarget.5Crepo_projects.5CpFOTA.5CcL_LATEST.5Cmake.5Cobj.5Cversion.77::
                        1117 .LDWlin77:
000003d6 0352           1118 	mov	3,r10
000003d8 4006ff00       1119 	dispose	0,{r28,r29,r31},[lp]
                        1120 .L2140:
                        1121 --line233
                        1122 ..lin.C.3A.5C_ECU2.5CECU_Rivian_A1.5CTarget.5Crepo_projects.5CpFOTA.5CcL_LATEST.5Cmake.5Cobj.5Cversion.78::
                        1123 .LDWlin78:
000003dc 0052           1124 	mov	0,r10
                        1125 --	    .ef
                        1126 .LDW26:

                                                                      Page 22
                                                              C:\Users\nhuliyap\AppData\Local\Temp\gh_0000aes1.s
000003de 4006ff00       1127 	dispose	0,{r28,r29,r31},[lp]
                        1128 	.type	_VERSION_GetComponentAndSwType,@function
                        1129 	.size	_VERSION_GetComponentAndSwType,.-_VERSION_GetComponentAndSwType
                        1130 	.align	2
                        1131 .LDW36:
                        1132 --_pDescBlock	r29	local
                        1133 
                        1134 --_pBuffer	r28	param
                        1135 --_ucLen	r7	param
                        1136 --_ucApplFbl	r8	param
                        1137 
                        1138 	.section ".bss","awb"
                        1139 .L2171:
                        1140 	.type	.L2171,@object
                        1141 	.size	.L2171,0
                        1142 	.data
                        1143 	.text
                        1144 	.align	2
                        1145 	.align	2
                        1146 ..gh.f.f.1.e.18:
                        1147 	.type	..gh.f.f.1.e.18,@object
                        1148 	.size	..gh.f.f.1.e.18,0
                        1149 	.global	_VERSION_GetGenealogyVersion
                        1150 _VERSION_GetGenealogyVersion:
000003e2 80076100       1151 	prepare	{r29,r31},0
                        1152 --	    .bf
                        1153 .LDW46:
000003e6 c73eff00       1154 	andi	255,r7,r7
000003ea e20d*          1155 	be	.L2215
000003ec 06e8           1156 	mov	r6,r29
000003ee 8800           1157 	zxb	r8
                        1158 --line241
                        1159 ..lin.C.3A.5C_ECU2.5CECU_Rivian_A1.5CTarget.5Crepo_projects.5CpFOTA.5CcL_LATEST.5Cmake.5Cobj.5Cversion.79::
                        1160 .LDWlin79:
000003f0 0830           1161 	mov	r8,r6
                        1162 	jarl	_VERSION_GetPointerToDescriptorBlock,lp
                        1162 <EXPANSION BEGIN>
                        1162 jarl22 _VERSION_GetPointerToDescriptorBlock , lp 
000003f2 bfff72fc*      1162 <EXPANSION END>
                        1163 --line242
                        1164 ..lin.C.3A.5C_ECU2.5CECU_Rivian_A1.5CTarget.5Crepo_projects.5CpFOTA.5CcL_LATEST.5Cmake.5Cobj.5Cversion.80::
                        1165 .LDWlin80:
000003f6 1d30           1166 	mov	r29,r6
000003f8 0a38           1167 	mov	r10,r7
000003fa 0142           1168 	mov	1,r8
                        1169 	jarl	_ownmemcpy,lp
                        1169 <EXPANSION BEGIN>
                        1169 jarl22 _ownmemcpy , lp 
000003fc 80ff0000*      1169 <EXPANSION END>
                        1170 --line243
                        1171 ..lin.C.3A.5C_ECU2.5CECU_Rivian_A1.5CTarget.5Crepo_projects.5CpFOTA.5CcL_LATEST.5Cmake.5Cobj.5Cversion.81::
                        1172 .LDWlin81:
00000400 0152           1173 	mov	1,r10
00000402 40067f00       1174 	dispose	0,{r29,r31},[lp]
                        1175 .L2215:
                        1176 --line246
                        1177 ..lin.C.3A.5C_ECU2.5CECU_Rivian_A1.5CTarget.5Crepo_projects.5CpFOTA.5CcL_LATEST.5Cmake.5Cobj.5Cversion.82::
                        1178 .LDWlin82:
00000406 0750           1179 	mov	r7,r10
                        1180 --	    .ef
                        1181 .LDW56:

                                                                      Page 23
                                                              C:\Users\nhuliyap\AppData\Local\Temp\gh_0000aes1.s
00000408 40067f00       1182 	dispose	0,{r29,r31},[lp]
                        1183 	.type	_VERSION_GetGenealogyVersion,@function
                        1184 	.size	_VERSION_GetGenealogyVersion,.-_VERSION_GetGenealogyVersion
                        1185 	.align	2
                        1186 .LDW66:
                        1187 
                        1188 --_pBuffer	r29	param
                        1189 --_ucLen	r7	param
                        1190 --_ucApplFbl	r8	param
                        1191 
                        1192 	.section ".bss","awb"
                        1193 .L2321:
                        1194 	.type	.L2321,@object
                        1195 	.size	.L2321,0
                        1196 	.data
                        1197 	.text
                        1198 	.align	2
                        1199 	.align	2
                        1200 ..gh.f.f.1.e.19:
                        1201 	.type	..gh.f.f.1.e.19,@object
                        1202 	.size	..gh.f.f.1.e.19,0
                        1203 	.global	_VERSION_GetTfsChangeset
                        1204 _VERSION_GetTfsChangeset:
0000040c 80076100       1205 	prepare	{r29,r31},0
00000410 8700           1206 	zxb	r7
                        1207 --	    .bf
                        1208 .LDW76:
00000412 683a           1209 	cmp	8,r7
00000414 f10d*          1210 	bl	.L2365
00000416 06e8           1211 	mov	r6,r29
00000418 8800           1212 	zxb	r8
                        1213 --line254
                        1214 ..lin.C.3A.5C_ECU2.5CECU_Rivian_A1.5CTarget.5Crepo_projects.5CpFOTA.5CcL_LATEST.5Cmake.5Cobj.5Cversion.83::
                        1215 .LDWlin83:
0000041a 0830           1216 	mov	r8,r6
                        1217 	jarl	_VERSION_GetPointerToDescriptorBlock,lp
                        1217 <EXPANSION BEGIN>
                        1217 jarl22 _VERSION_GetPointerToDescriptorBlock , lp 
0000041c bfff48fc*      1217 <EXPANSION END>
                        1218 --line255
                        1219 ..lin.C.3A.5C_ECU2.5CECU_Rivian_A1.5CTarget.5Crepo_projects.5CpFOTA.5CcL_LATEST.5Cmake.5Cobj.5Cversion.84::
                        1220 .LDWlin84:
00000420 1d30           1221 	mov	r29,r6
00000422 0a3e0800       1222 	addi	8,r10,r7
00000426 0842           1223 	mov	8,r8
                        1224 	jarl	_ownmemcpy,lp
                        1224 <EXPANSION BEGIN>
                        1224 jarl22 _ownmemcpy , lp 
00000428 80ff0000*      1224 <EXPANSION END>
                        1225 --line256
                        1226 ..lin.C.3A.5C_ECU2.5CECU_Rivian_A1.5CTarget.5Crepo_projects.5CpFOTA.5CcL_LATEST.5Cmake.5Cobj.5Cversion.85::
                        1227 .LDWlin85:
0000042c 0852           1228 	mov	8,r10
0000042e 40067f00       1229 	dispose	0,{r29,r31},[lp]
                        1230 .L2365:
                        1231 --line259
                        1232 ..lin.C.3A.5C_ECU2.5CECU_Rivian_A1.5CTarget.5Crepo_projects.5CpFOTA.5CcL_LATEST.5Cmake.5Cobj.5Cversion.86::
                        1233 .LDWlin86:
00000432 0052           1234 	mov	0,r10
                        1235 --	    .ef
                        1236 .LDW86:

                                                                      Page 24
                                                              C:\Users\nhuliyap\AppData\Local\Temp\gh_0000aes1.s
00000434 40067f00       1237 	dispose	0,{r29,r31},[lp]
                        1238 	.type	_VERSION_GetTfsChangeset,@function
                        1239 	.size	_VERSION_GetTfsChangeset,.-_VERSION_GetTfsChangeset
                        1240 	.align	2
                        1241 .LDW96:
                        1242 
                        1243 --_pBuffer	r29	param
                        1244 --_ucLen	r7	param
                        1245 --_ucApplFbl	r8	param
                        1246 
                        1247 	.section ".bss","awb"
                        1248 .L2411:
                        1249 	.type	.L2411,@object
                        1250 	.size	.L2411,0
                        1251 	.data
                        1252 	.text
                        1253 	.align	2
                        1254 	.align	2
                        1255 ..gh.f.f.1.e.20:
                        1256 	.type	..gh.f.f.1.e.20,@object
                        1257 	.size	..gh.f.f.1.e.20,0
                        1258 	.global	_VERSION_GetPointerToSHA256Hash
                        1259 _VERSION_GetPointerToSHA256Hash:
00000438 80072100       1260 	prepare	{r31},0
0000043c 8600           1261 	zxb	r6
                        1262 --	    .bf
                        1263 .LDW07:
                        1264 	jarl	_VERSION_GetPointerToDescriptorBlock,lp
                        1264 <EXPANSION BEGIN>
                        1264 jarl22 _VERSION_GetPointerToDescriptorBlock , lp 
0000043e bfff26fc*      1264 <EXPANSION END>
                        1265 --line269
                        1266 ..lin.C.3A.5C_ECU2.5CECU_Rivian_A1.5CTarget.5Crepo_projects.5CpFOTA.5CcL_LATEST.5Cmake.5Cobj.5Cversion.87::
                        1267 .LDWlin87:
00000442 0a56e000       1268 	addi	224,r10,r10
                        1269 --	    .ef
                        1270 .LDW17:
00000446 40063f00       1271 	dispose	0,{r31},[lp]
                        1272 	.type	_VERSION_GetPointerToSHA256Hash,@function
                        1273 	.size	_VERSION_GetPointerToSHA256Hash,.-_VERSION_GetPointerToSHA256Hash
                        1274 	.align	2
                        1275 .LDW27:
                        1276 
                        1277 --_ucApplFbl	r6	param
                        1278 
                        1279 	.section ".bss","awb"
                        1280 .L2481:
                        1281 	.type	.L2481,@object
                        1282 	.size	.L2481,0
                        1283 	.data
                        1284 	.text
                        1285 	.align	2
                        1286 
                        1287 	.section ".roFBL_METADATA","a"
                        1288 	.align	4
                        1289 	.global	_DescriptorBlock
00000000 01ff3a00       1290 _DescriptorBlock:	.byte	1,255,58,0
00000004 01             1291 	.byte	1
00000005 00             1292 	.space	1
00000006 0000           1293 	.space	2
00000008 00             1294 	.space	1

                                                                      Page 25
                                                              C:\Users\nhuliyap\AppData\Local\Temp\gh_0000aes1.s
00000009 00             1295 	.space	1
0000000a 00             1296 	.space	1
0000000b 00             1297 	.space	1
0000000c 00             1298 	.space	1
0000000d 00             1299 	.space	1
0000000e 00             1300 	.space	1
0000000f 00             1301 	.space	1
00000010 02ff0100       1302 	.byte	2,255,1,0
00000014 00000000       1303 	.space	4
00000018 00000000       1304 	.space	4
0000001c ffffffff       1305 	.byte	255,255,255,255
00000020 01             1306 	.byte	1
00000021 00             1307 	.space	1
00000022 0100           1308 	.byte	1,0
00000024 01             1309 	.byte	1
00000025 aaaaaaaa       1310 	.byte	170,170,170,170
00000029 aaaaaaaa       1311 	.byte	170,170,170,170
0000002d aaaaaaaa       1312 	.byte	170,170,170,170
00000031 aaaaaaaa       1313 	.byte	170,170,170,170
00000035 aaaaaaaa       1314 	.byte	170,170,170,170
00000039 aaaaaaaa       1315 	.byte	170,170,170,170
0000003d aaaaaaaa       1316 	.byte	170,170,170,170
00000041 aaaaaaaa       1317 	.byte	170,170,170,170
00000045 aaaaaaaa       1318 	.byte	170,170,170,170
00000049 aaaaaaaa       1319 	.byte	170,170,170,170
0000004d aaaaaaaa       1320 	.byte	170,170,170,170
00000051 aaaaaaaa       1321 	.byte	170,170,170,170
00000055 aaaaaaaa       1322 	.byte	170,170,170,170
00000059 aaaaaaaa       1323 	.byte	170,170,170,170
0000005d aaaaaaaa       1324 	.byte	170,170,170,170
00000061 aaaaaaaa       1325 	.byte	170,170,170,170
00000065 aaaaaaaa       1326 	.byte	170,170,170,170
00000069 aaaaaaaa       1327 	.byte	170,170,170,170
0000006d aaaaaaaa       1328 	.byte	170,170,170,170
00000071 aaaaaaaa       1329 	.byte	170,170,170,170
00000075 aaaaaaaa       1330 	.byte	170,170,170,170
00000079 aaaaaaaa       1331 	.byte	170,170,170,170
0000007d aaaaaaaa       1332 	.byte	170,170,170,170
00000081 aaaaaaaa       1333 	.byte	170,170,170,170
00000085 aaaaaaaa       1334 	.byte	170,170,170,170
00000089 aaaaaaaa       1335 	.byte	170,170,170,170
0000008d aaaaaaaa       1336 	.byte	170,170,170,170
00000091 aaaaaaaa       1337 	.byte	170,170,170,170
00000095 aaaaaaaa       1338 	.byte	170,170,170,170
00000099 aaaaaaaa       1339 	.byte	170,170,170,170
0000009d aaaaaaaa       1340 	.byte	170,170,170,170
000000a1 aaaaaaaa       1341 	.byte	170,170,170,170
000000a5 aaaaaaaa       1342 	.byte	170,170,170,170
000000a9 aaaaaaaa       1343 	.byte	170,170,170,170
000000ad aaaaaaaa       1344 	.byte	170,170,170,170
000000b1 aaaaaaaa       1345 	.byte	170,170,170,170
000000b5 aaaaaaaa       1346 	.byte	170,170,170,170
000000b9 aaaaaaaa       1347 	.byte	170,170,170,170
000000bd aaaaaaaa       1348 	.byte	170,170,170,170
000000c1 aaaaaaaa       1349 	.byte	170,170,170,170
000000c5 aaaaaaaa       1350 	.byte	170,170,170,170
000000c9 aaaaaaaa       1351 	.byte	170,170,170,170
000000cd aaaaaaaa       1352 	.byte	170,170,170,170
000000d1 aaaaaaaa       1353 	.byte	170,170,170,170
000000d5 aaaaaaaa       1354 	.byte	170,170,170,170
000000d9 aaaa           1355 	.byte	170,170

                                                                      Page 26
                                                              C:\Users\nhuliyap\AppData\Local\Temp\gh_0000aes1.s
000000db aa             1356 	.byte	170
000000dc 00000000       1357 	.space	4
000000e0 00             1358 	.space	1
000000e1 00             1359 	.space	1
000000e2 00             1360 	.space	1
000000e3 00             1361 	.space	1
000000e4 00             1362 	.space	1
000000e5 00             1363 	.space	1
000000e6 00             1364 	.space	1
000000e7 00             1365 	.space	1
000000e8 00             1366 	.space	1
000000e9 00             1367 	.space	1
000000ea 00             1368 	.space	1
000000eb 00             1369 	.space	1
000000ec 00             1370 	.space	1
000000ed 00             1371 	.space	1
000000ee 00             1372 	.space	1
000000ef 00             1373 	.space	1
000000f0 aaaaaaaa       1374 	.byte	170,170,170,170
000000f4 aaaaaaaa       1375 	.byte	170,170,170,170
000000f8 aaaaaaaa       1376 	.byte	170,170,170,170
000000fc aaaa           1377 	.byte	170,170
000000fe cccc           1378 	.byte	204,204
                        1379 	.type	_DescriptorBlock,@object
                        1380 	.size	_DescriptorBlock,256
                        1381 	.data
                        1382 	.ghsnote version,17
                        1383 	.ghsnote tools,3
                        1384 	.ghsnote options,144
                        1385 	.text
                        1386 	.align	2
                        1387 ..eof.C.3A.5C_ECU2.5CECU_Rivian_A1.5CTarget.5Crepo_projects.5CpFOTA.5CcL_LATEST.5Cmake.5Cobj.5Cversion...43.3A.5C_ECU2.5CECU_Rivian_A1.5CTarget.5Crepo_projects.5CpFOTA.5CcL_LATEST.5Cmake..64F86C0A..0::
                        1388 .rh850_flags REGMODE32,DATA_ALIGN8,GP_FIX,EP_NONFIX,TP_FIX,REG2_RESERVE,G3K,SDA_EXTRA_REGS_0
